New best solution in iteration 0: 2.308725457873821E9
New best solution in iteration 1: 2.0276989036064444E9
New best solution in iteration 4: 1.9915803080796206E9
New best solution in iteration 5: 1.9881264082212617E9
New best solution in iteration 12: 1.008941665596751E9
AVG (iterations 0 to 20): 2.3173030603947854E9
AVG (iterations 20 to 40): 2.5381909196488814E9
AVG (iterations 40 to 60): 2.3510147306406174E9
AVG (iterations 60 to 80): 2.3702023181867986E9
AVG (iterations 80 to 100): 2.2936749995277014E9
New best solution in iteration 113: 8.367930276665252E8
AVG (iterations 100 to 120): 2.1163451541154377E9
New best solution in iteration 132: 5.930510819004425E8
AVG (iterations 120 to 140): 2.0976604325675766E9
AVG (iterations 140 to 160): 1.6833571564730816E9
New best solution in iteration 169: 3.981903863020305E8
New best solution in iteration 173: 2.6777656671545932E8
New best solution in iteration 177: 1.5320180104695252E8
New best solution in iteration 179: 1.2445347332253714E8
AVG (iterations 160 to 180): 6.007150379030936E8
New best solution in iteration 184: 6.856929636386448E7
New best solution in iteration 186: 6.440633743699002E7
New best solution in iteration 187: 4.891929801060503E7
New best solution in iteration 193: 4.621939008100823E7
New best solution in iteration 194: 4.152029062463186E7
New best solution in iteration 196: 3.978917410099948E7
AVG (iterations 180 to 200): 1.3310129890279217E8
New best solution in iteration 217: 3.9435847357281625E7
New best solution in iteration 219: 3.85834112257474E7
AVG (iterations 200 to 220): 5.3889803319183365E7
New best solution in iteration 224: 3.834472501694218E7
New best solution in iteration 227: 3.819586548035034E7
New best solution in iteration 230: 3.7970587073665254E7
AVG (iterations 220 to 240): 4.096333823035625E7
New best solution in iteration 242: 3.694440143912764E7
New best solution in iteration 247: 3.669602864416168E7
New best solution in iteration 250: 3.446403481645867E7
AVG (iterations 240 to 260): 3.80627885976489E7
AVG (iterations 260 to 280): 3.855666553133485E7
New best solution in iteration 299: 3.421006646483169E7
AVG (iterations 280 to 300): 3.788150730453735E7
AVG (iterations 300 to 320): 3.771213436995495E7
AVG (iterations 320 to 340): 3.6990777293166235E7
AVG (iterations 340 to 360): 3.72229632310891E7
AVG (iterations 360 to 380): 3.711193427048683E7
New best solution in iteration 396: 3.38481755836134E7
New best solution in iteration 400: 3.3396609949977256E7
AVG (iterations 380 to 400): 3.640637479606028E7
AVG (iterations 400 to 420): 3.579787037487537E7
AVG (iterations 420 to 440): 3.553315432322378E7
AVG (iterations 440 to 460): 3.57934216426095E7
AVG (iterations 460 to 480): 3.571546481204266E7
New best solution in iteration 496: 3.333377710323655E7
AVG (iterations 480 to 500): 3.5430909069387905E7
New best solution in iteration 508: 3.3049685191723503E7
AVG (iterations 500 to 520): 3.568628783154951E7
AVG (iterations 520 to 540): 3.532734020956911E7
New best solution in iteration 559: 3.296380695394647E7
AVG (iterations 540 to 560): 3.540033209415351E7
AVG (iterations 560 to 580): 3.508941706323495E7
New best solution in iteration 596: 3.2642902879922815E7
AVG (iterations 580 to 600): 3.553329280345446E7
AVG (iterations 600 to 620): 3.61193496293655E7
AVG (iterations 620 to 640): 3.546354631513408E7
AVG (iterations 640 to 660): 3.535286178805634E7
AVG (iterations 660 to 680): 3.582923265348376E7
AVG (iterations 680 to 700): 3.564405666112238E7
AVG (iterations 700 to 720): 3.5111908967109114E7
AVG (iterations 720 to 740): 3.556892380546208E7
AVG (iterations 740 to 760): 3.544265754395688E7
AVG (iterations 760 to 780): 3.468890286522442E7
AVG (iterations 780 to 800): 3.498750519381063E7
AVG (iterations 800 to 820): 3.539737925468485E7
AVG (iterations 820 to 840): 3.5616597412210144E7
AVG (iterations 840 to 860): 3.511441478278197E7
AVG (iterations 860 to 880): 3.532156814686979E7
AVG (iterations 880 to 900): 3.5434958409239665E7
AVG (iterations 900 to 920): 3.54465417201622E7
AVG (iterations 920 to 940): 3.562864094212885E7
AVG (iterations 940 to 960): 3.535002418560095E7
AVG (iterations 960 to 980): 3.503606526903556E7
New best solution in iteration 987: 3.2534489425149947E7
Solution from ACO:
0 (40.7285) --> [171, 69]
1 (52.7879) --> [130, 122]
2 (39.8201) --> [185]
3 (74.5029) --> [198, 190]
4 (32.6285) --> [68]
5 (55.3400) --> [73, 43]
6 (29.5525) --> [111, 86]
7 --> []
8 (17.4676) --> [59]
9 (47.6466) --> [157]
10 (53.4736) --> [19]
11 (57.9809) --> [42, 187]
12 (42.7071) --> [47, 55]
13 --> []
14 (40.7840) --> [161]
15 (35.5397) --> [179]
16 (36.7000) --> [78]
17 --> []
18 --> []
19 --> []
20 (51.0235) --> [67, 110]
21 --> []
22 (18.3288) --> [105]
23 (54.0568) --> [75, 97]
24 (63.8251) --> [83, 125]
25 --> []
26 --> []
27 (50.3562) --> [63]
28 --> []
29 (73.1099) --> [123]
30 (33.3021) --> [46]
31 (39.7530) --> [131]
32 (58.7201) --> [27, 4]
33 --> []
34 (76.0014) --> [56, 100]
35 --> []
36 (35.1801) --> [84]
37 (28.1413) --> [127]
38 --> []
39 --> []
40 --> []
41 (63.7999) --> [169]
42 (48.0390) --> [182]
43 (54.4692) --> [142]
44 (65.8546) --> [104, 151]
45 (62.4655) --> [118, 178]
46 (32.9081) --> [172]
47 --> []
48 (44.3948) --> [80]
49 (56.5572) --> [13, 173]
50 --> []
51 (49.0231) --> [5]
52 (68.1860) --> [175]
53 (82.3160) --> [31, 180]
54 (84.3599) --> [62, 11, 65]
55 (74.8431) --> [147]
56 (47.1746) --> [144]
57 (51.6092) --> [126]
58 (24.9277) --> [36]
59 (23.6109) --> [26]
60 (30.1852) --> [37]
61 (36.4333) --> [140]
62 (46.2369) --> [103]
63 (31.0617) --> [121]
64 (52.4356) --> [139]
65 --> []
66 (81.0351) --> [34, 98]
67 --> []
68 (33.9514) --> [109]
69 (29.4563) --> [52, 93]
70 --> []
71 --> []
72 (72.1616) --> [99, 44]
73 (60.3101) --> [188]
74 (28.8107) --> [132]
75 (58.2813) --> [87, 7]
76 (37.5614) --> [35, 57]
77 (62.5016) --> [193]
78 (82.8387) --> [129]
79 (84.9778) --> [81]
80 (36.9411) --> [92, 101]
81 (75.5467) --> [28, 1]
82 (16.9528) --> [114]
83 (24.0050) --> [195]
84 (82.4015) --> [96]
85 (44.6462) --> [177]
86 (55.5411) --> [89]
87 (74.2967) --> [32, 117]
88 (98.5318) --> [82, 146]
89 (80.0846) --> [95, 160]
90 (67.3823) --> [6]
91 (64.9405) --> [88, 14]
92 (30.8374) --> [124, 135]
93 (49.1196) --> [166, 162]
94 (15.2533) --> [91]
95 (47.3616) --> [106, 134]
96 (21.7721) --> [2]
97 (96.8174) --> [79]
98 --> []
99 --> []
100 (126.5536) --> [189, 115]
101 --> []
102 (27.1809) --> [149, 51]
103 (28.4072) --> [128]
104 (56.9492) --> [183]
105 (84.2159) --> [199]
106 --> []
107 (74.5503) --> [21, 74, 113]
108 (45.0928) --> [94]
109 --> []
110 (71.5950) --> [58]
111 --> []
112 (18.0722) --> [64]
113 --> []
114 --> []
115 (62.3650) --> [155]
116 --> []
117 (55.9142) --> [40]
118 --> []
119 (71.0701) --> [153]
120 --> []
121 (31.9546) --> [170, 29]
122 --> []
123 (69.7416) --> [108]
124 (60.2840) --> [20, 17]
125 (57.9326) --> [38]
126 (37.8438) --> [39]
127 --> []
128 (60.6949) --> [192]
129 (91.0167) --> [112]
130 --> []
131 --> []
132 (30.1803) --> [54]
133 (57.4306) --> [156, 158]
134 (66.4004) --> [45, 196]
135 --> []
136 (80.2992) --> [102]
137 --> []
138 (76.9822) --> [186, 16]
139 (32.5510) --> [168, 143]
140 (76.9992) --> [150, 145]
141 (52.6515) --> [41]
142 --> []
143 (79.8324) --> [152]
144 (112.2480) --> [22]
145 (70.4235) --> [181]
146 --> []
147 (62.1588) --> [197, 48, 77]
148 --> []
149 (47.4287) --> [164]
150 --> []
151 (76.1740) --> [33, 61]
152 --> []
153 (66.3294) --> [138, 136]
154 (27.4194) --> [24]
155 --> []
156 (62.4667) --> [107]
157 (69.0185) --> [184]
158 (60.7789) --> [176]
159 --> []
160 (63.5724) --> [119, 120]
161 (61.7670) --> [70]
162 (72.3754) --> [18, 148]
163 --> []
164 (37.1180) --> [9]
165 (64.4980) --> [76, 50]
166 --> []
167 (57.0983) --> [49]
168 (35.3503) --> [72]
169 --> []
170 --> []
171 (38.1331) --> [8, 167]
172 (33.7777) --> [15]
173 (78.9549) --> [3, 116]
174 (56.7737) --> [25]
175 (91.0139) --> [165]
176 --> []
177 (57.6737) --> [90]
178 (49.8002) --> [12, 194]
179 (78.7821) --> [174]
180 (59.2428) --> [85]
181 --> []
182 (50.6223) --> [141]
183 --> []
184 (25.9548) --> [10]
185 (37.1011) --> [71]
186 (53.2967) --> [163, 66]
187 (46.5086) --> [154]
188 (26.4315) --> [133]
189 --> []
190 (20.6407) --> [23]
191 --> []
192 --> []
193 --> []
194 --> []
195 (24.3165) --> [191]
196 (44.2278) --> [60, 159]
197 (31.5191) --> [30]
198 (8.7938) --> [53]
199 (1.7514) --> [137]

Solution energy from ACO: 3.2534489425149947E7
trying to improve with local search...
final Solution:
0 (35.0359) --> [171, 8]
1 (52.7879) --> [130, 122]
2 (39.8201) --> [185]
3 (74.5029) --> [198, 190]
4 (32.6285) --> [68]
5 (55.3400) --> [73, 43]
6 (29.5525) --> [111, 86]
7 --> []
8 (17.4676) --> [59]
9 (47.6466) --> [157]
10 (53.4736) --> [19]
11 (57.9809) --> [42, 187]
12 (42.7071) --> [47, 55]
13 --> []
14 (40.7840) --> [161]
15 (35.5397) --> [179]
16 (36.7000) --> [78]
17 --> []
18 --> []
19 --> []
20 (51.0235) --> [67, 110]
21 --> []
22 (18.3288) --> [105]
23 (54.0568) --> [75, 97]
24 (63.8251) --> [83, 125]
25 --> []
26 --> []
27 (50.3562) --> [63]
28 --> []
29 (73.1099) --> [123]
30 (33.3021) --> [46]
31 (39.7530) --> [131]
32 (58.7201) --> [27, 4]
33 --> []
34 (76.0014) --> [56, 100]
35 --> []
36 (35.1801) --> [84]
37 (28.1413) --> [127]
38 --> []
39 --> []
40 --> []
41 (63.7999) --> [169]
42 (48.0390) --> [182]
43 (54.4692) --> [142]
44 (65.8546) --> [104, 151]
45 (62.4655) --> [118, 178]
46 (32.9081) --> [172]
47 --> []
48 (44.3948) --> [80]
49 (56.5572) --> [13, 173]
50 --> []
51 (49.0231) --> [5]
52 (68.1860) --> [175]
53 (82.3160) --> [31, 180]
54 (84.3599) --> [62, 11, 65]
55 (74.8431) --> [147]
56 (47.1746) --> [144]
57 (51.6092) --> [126]
58 (24.9277) --> [36]
59 (23.6109) --> [26]
60 (30.1852) --> [37]
61 (36.4333) --> [140]
62 (46.2369) --> [103]
63 (31.0617) --> [121]
64 (52.4356) --> [139]
65 --> []
66 (81.0351) --> [34, 98]
67 --> []
68 (33.9514) --> [109]
69 (29.4563) --> [52, 93]
70 --> []
71 --> []
72 (72.1616) --> [99, 44]
73 (60.3101) --> [188]
74 (28.8107) --> [132]
75 (58.2813) --> [87, 7]
76 (37.5614) --> [35, 57]
77 (62.5016) --> [193]
78 (82.8387) --> [129]
79 (84.9778) --> [81]
80 (36.9411) --> [92, 101]
81 (75.5467) --> [28, 1]
82 (16.9528) --> [114]
83 (24.0050) --> [195]
84 (82.4015) --> [96]
85 (44.6462) --> [177]
86 (55.5411) --> [89]
87 (74.2967) --> [32, 117]
88 (98.5318) --> [82, 146]
89 (80.0846) --> [95, 160]
90 (67.3823) --> [6]
91 (64.9405) --> [88, 14]
92 (30.8374) --> [124, 135]
93 (49.1196) --> [166, 162]
94 (15.2533) --> [91]
95 (47.3616) --> [106, 134]
96 (21.7721) --> [2]
97 (96.8174) --> [79]
98 --> []
99 --> []
100 (126.5536) --> [189, 115]
101 --> []
102 (27.1809) --> [149, 51]
103 (28.4072) --> [128]
104 (56.9492) --> [183]
105 (84.2159) --> [199]
106 --> []
107 (74.5503) --> [21, 74, 113]
108 (45.0928) --> [94]
109 --> []
110 (71.5950) --> [58]
111 --> []
112 (18.0722) --> [64]
113 --> []
114 --> []
115 (62.3650) --> [155]
116 --> []
117 (55.9142) --> [40]
118 --> []
119 (71.0701) --> [153]
120 --> []
121 (31.9546) --> [170, 29]
122 --> []
123 (69.7416) --> [108]
124 (60.2840) --> [20, 17]
125 (57.9326) --> [38]
126 (37.8438) --> [39]
127 --> []
128 (60.6949) --> [192]
129 (91.0167) --> [112]
130 --> []
131 --> []
132 (30.1803) --> [54]
133 (57.4306) --> [156, 158]
134 (66.4004) --> [45, 196]
135 --> []
136 (80.2992) --> [102]
137 --> []
138 (76.9822) --> [186, 16]
139 (32.5510) --> [168, 143]
140 (76.9992) --> [150, 145]
141 (52.6515) --> [41]
142 --> []
143 (79.8324) --> [152]
144 (112.2480) --> [22]
145 (70.4235) --> [181]
146 --> []
147 (62.1588) --> [197, 48, 77]
148 --> []
149 (47.4287) --> [164]
150 --> []
151 (76.1740) --> [33, 61]
152 --> []
153 (66.3294) --> [138, 136]
154 (27.4194) --> [24]
155 --> []
156 (62.4667) --> [107]
157 (69.0185) --> [184]
158 (60.7789) --> [176]
159 --> []
160 (63.5724) --> [119, 120]
161 (61.7670) --> [70]
162 (72.3754) --> [18, 148]
163 --> []
164 (37.1180) --> [9]
165 (64.4980) --> [76, 50]
166 --> []
167 (57.0983) --> [49]
168 (35.3503) --> [72]
169 --> []
170 --> []
171 (42.9450) --> [167, 69]
172 (33.7777) --> [15]
173 (78.9549) --> [3, 116]
174 (56.7737) --> [25]
175 (91.0139) --> [165]
176 --> []
177 (57.6737) --> [90]
178 (49.8002) --> [12, 194]
179 (78.7821) --> [174]
180 (59.2428) --> [85]
181 --> []
182 (50.6223) --> [141]
183 --> []
184 (25.9548) --> [10]
185 (37.1011) --> [71]
186 (53.2967) --> [163, 66]
187 (46.5086) --> [154]
188 (26.4315) --> [133]
189 --> []
190 (20.6407) --> [23]
191 --> []
192 --> []
193 --> []
194 --> []
195 (24.3165) --> [191]
196 (44.2278) --> [60, 159]
197 (31.5191) --> [30]
198 (8.7938) --> [53]
199 (1.7514) --> [137]

final Solution energy: 3.253368758426877E7
Calculated in 30276ms
Ants=1000, alpha=0.6, beta=3.0, evaporate factor=0.07
(for ../../mebp/mebp-09.dat)
