New best solution in iteration 0: 1.0789608584790628E9
AVG (iterations 0 to 20): 1.8143323910677028E9
New best solution in iteration 29: 1.0654768696147219E9
AVG (iterations 20 to 40): 1.9119774952797668E9
New best solution in iteration 54: 9.505540847494763E8
New best solution in iteration 59: 9.164824008877664E8
AVG (iterations 40 to 60): 1.948832498578134E9
New best solution in iteration 65: 7.676378870272E8
AVG (iterations 60 to 80): 2.1280647379347768E9
AVG (iterations 80 to 100): 2.351751767755105E9
AVG (iterations 100 to 120): 2.1781152466777964E9
AVG (iterations 120 to 140): 1.864173173631823E9
New best solution in iteration 151: 7.052906559726028E8
AVG (iterations 140 to 160): 1.5874840542849233E9
New best solution in iteration 163: 2.917094479119926E8
New best solution in iteration 165: 2.3152801307191893E8
New best solution in iteration 175: 8.326215987290198E7
AVG (iterations 160 to 180): 5.794633933526103E8
New best solution in iteration 184: 7.257865423837224E7
New best solution in iteration 185: 5.118936607514156E7
New best solution in iteration 186: 4.7364425278593704E7
New best solution in iteration 195: 4.49577527829699E7
AVG (iterations 180 to 200): 8.51400429734852E7
New best solution in iteration 210: 4.425595918199628E7
New best solution in iteration 214: 4.400586365178728E7
AVG (iterations 200 to 220): 5.862459154872535E7
New best solution in iteration 221: 4.282615922556533E7
New best solution in iteration 222: 4.180989558904583E7
New best solution in iteration 226: 4.179910981049669E7
New best solution in iteration 228: 4.155191941276123E7
New best solution in iteration 235: 4.0385941545026414E7
New best solution in iteration 236: 3.9930550612852134E7
AVG (iterations 220 to 240): 4.325610127064778E7
New best solution in iteration 254: 3.913677527053683E7
AVG (iterations 240 to 260): 4.187417720106317E7
AVG (iterations 260 to 280): 4.160506615774255E7
New best solution in iteration 296: 3.89488715406836E7
AVG (iterations 280 to 300): 4.143809849399683E7
New best solution in iteration 306: 3.750856125126753E7
AVG (iterations 300 to 320): 4.109389555669388E7
AVG (iterations 320 to 340): 4.0610324238772124E7
New best solution in iteration 341: 3.71976667891078E7
AVG (iterations 340 to 360): 4.026123559017116E7
AVG (iterations 360 to 380): 4.1054104672644526E7
AVG (iterations 380 to 400): 4.084532434699659E7
AVG (iterations 400 to 420): 4.076108594545486E7
AVG (iterations 420 to 440): 4.0827923791657396E7
AVG (iterations 440 to 460): 3.999456281757914E7
AVG (iterations 460 to 480): 3.962228761641684E7
AVG (iterations 480 to 500): 4.122997466027392E7
New best solution in iteration 513: 3.690785094869484E7
AVG (iterations 500 to 520): 4.018728201231191E7
AVG (iterations 520 to 540): 3.9537313861967064E7
New best solution in iteration 552: 3.690204326209473E7
AVG (iterations 540 to 560): 3.9689618101187944E7
AVG (iterations 560 to 580): 3.899251119055241E7
AVG (iterations 580 to 600): 3.928847951281433E7
AVG (iterations 600 to 620): 3.937387503726425E7
AVG (iterations 620 to 640): 3.938898419972287E7
AVG (iterations 640 to 660): 3.9344067451678135E7
New best solution in iteration 676: 3.60705260101251E7
AVG (iterations 660 to 680): 3.8390423004518926E7
AVG (iterations 680 to 700): 3.903852705043374E7
AVG (iterations 700 to 720): 3.883461544961971E7
AVG (iterations 720 to 740): 3.923181665913992E7
New best solution in iteration 744: 3.589874374187347E7
AVG (iterations 740 to 760): 3.830120983989825E7
AVG (iterations 760 to 780): 3.885764023953794E7
AVG (iterations 780 to 800): 3.875168921300889E7
AVG (iterations 800 to 820): 3.845288000149678E7
AVG (iterations 820 to 840): 3.8531596141833246E7
AVG (iterations 840 to 860): 3.863721499432604E7
AVG (iterations 860 to 880): 3.855663212567469E7
AVG (iterations 880 to 900): 3.868149150501756E7
AVG (iterations 900 to 920): 3.864279583775284E7
AVG (iterations 920 to 940): 3.850633584946227E7
AVG (iterations 940 to 960): 3.887463157285778E7
AVG (iterations 960 to 980): 3.849337460181806E7
Solution from ACO:
0 (79.8935) --> [56, 60, 88]
1 (108.1560) --> [47, 98]
2 (74.1257) --> [63, 149]
3 (46.7667) --> [106]
4 (100.7868) --> [23, 71]
5 (16.6104) --> [123]
6 (35.8099) --> [183, 40, 184]
7 (3.1793) --> [59]
8 --> []
9 (66.1330) --> [188]
10 (44.5012) --> [61]
11 (48.8867) --> [31, 161]
12 (64.5945) --> [124]
13 (43.4920) --> [103]
14 (50.4661) --> [125]
15 (39.1291) --> [158]
16 --> []
17 (77.9776) --> [153]
18 (73.5893) --> [132, 128]
19 (15.8589) --> [80]
20 (54.2274) --> [29]
21 --> []
22 (46.4393) --> [198]
23 --> []
24 (33.4853) --> [35]
25 (62.2530) --> [38]
26 --> []
27 (39.5143) --> [12]
28 (90.7262) --> [76]
29 (57.0992) --> [122]
30 (14.4783) --> [78]
31 --> []
32 (24.2387) --> [94]
33 (79.4878) --> [57]
34 (47.3489) --> [189]
35 (55.9677) --> [6, 100]
36 --> []
37 --> []
38 --> []
39 (42.5508) --> [165]
40 (20.4670) --> [115]
41 (71.3434) --> [43]
42 (64.0796) --> [148]
43 (66.0053) --> [51, 16]
44 --> []
45 (89.9774) --> [146, 144, 84]
46 (33.7098) --> [177]
47 (69.2774) --> [176]
48 (21.0803) --> [62]
49 (33.0435) --> [42]
50 (47.9093) --> [191]
51 (43.0623) --> [92]
52 --> []
53 (117.8933) --> [58, 141]
54 (50.2577) --> [108]
55 --> []
56 (90.1731) --> [143]
57 (83.0220) --> [119]
58 (82.2080) --> [81]
59 (137.6454) --> [8, 134]
60 (50.7539) --> [135]
61 (22.3227) --> [195]
62 (44.0440) --> [95]
63 (61.9207) --> [131]
64 (50.3146) --> [77]
65 --> []
66 --> []
67 --> []
68 (106.5386) --> [154, 65]
69 (23.0887) --> [91]
70 (25.9903) --> [75]
71 (68.3174) --> [196]
72 --> []
73 (38.8995) --> [173, 64]
74 (65.3835) --> [107]
75 (65.5632) --> [186, 150]
76 --> []
77 (51.1638) --> [181]
78 (93.8780) --> [182, 140]
79 --> []
80 (76.2024) --> [93]
81 (70.3255) --> [9, 178]
82 (37.4534) --> [41]
83 (24.5868) --> [13]
84 (6.3597) --> [127]
85 --> []
86 (66.0961) --> [104, 151]
87 --> []
88 (44.2907) --> [33]
89 --> []
90 --> []
91 (61.6083) --> [166, 159]
92 (38.9471) --> [111, 138]
93 --> []
94 (46.8948) --> [3, 157]
95 --> []
96 (20.6043) --> [14]
97 (96.3475) --> [163]
98 (47.4935) --> [7]
99 (40.2091) --> [199]
100 (50.1557) --> [101]
101 (13.6428) --> [187]
102 (91.9626) --> [32]
103 (77.2884) --> [118]
104 (47.5087) --> [28, 145]
105 --> []
106 (31.9595) --> [192]
107 (64.9524) --> [11]
108 --> []
109 (55.9466) --> [53]
110 (60.2494) --> [89]
111 --> []
112 (73.8933) --> [82, 174]
113 --> []
114 (66.0287) --> [49]
115 (70.4361) --> [44, 17]
116 (24.3799) --> [74]
117 (50.1890) --> [22]
118 (51.3034) --> [15]
119 (43.1406) --> [129]
120 --> []
121 (9.7939) --> [170]
122 (73.5834) --> [73]
123 --> []
124 (19.7954) --> [52]
125 (57.1592) --> [152, 55]
126 (53.5081) --> [4]
127 --> []
128 (14.1887) --> [136]
129 (35.2396) --> [69]
130 (53.8422) --> [167]
131 (60.1896) --> [126, 90]
132 (50.9969) --> [79, 156]
133 --> []
134 --> []
135 (54.3552) --> [68]
136 (71.0689) --> [87, 34, 190]
137 (10.9882) --> [179]
138 --> []
139 (62.2339) --> [66, 147]
140 (63.0678) --> [172]
141 --> []
142 (43.2417) --> [169]
143 --> []
144 (16.6702) --> [30]
145 (30.5363) --> [19]
146 (83.4053) --> [25]
147 --> []
148 --> []
149 (9.5867) --> [1]
150 (25.9810) --> [130]
151 --> []
152 --> []
153 (74.8493) --> [72, 5]
154 (58.0984) --> [194]
155 (29.5805) --> [160, 27]
156 (40.5663) --> [113]
157 (66.3263) --> [142, 48]
158 (87.3771) --> [10, 120]
159 (62.4364) --> [109, 162]
160 (57.7324) --> [168]
161 --> []
162 (51.1143) --> [114]
163 (32.0778) --> [197, 105]
164 (43.7316) --> [37, 117]
165 (31.7030) --> [133, 185, 70]
166 (58.1808) --> [121]
167 (62.5631) --> [97]
168 (63.5472) --> [54]
169 (22.0641) --> [99]
170 --> []
171 (57.1881) --> [85, 36]
172 (63.8684) --> [18]
173 (52.3414) --> [96, 46]
174 (43.4024) --> [2]
175 (34.8910) --> [50, 180]
176 (60.5927) --> [110, 155]
177 (59.0599) --> [83]
178 --> []
179 (67.5518) --> [171, 45]
180 --> []
181 --> []
182 --> []
183 --> []
184 --> []
185 --> []
186 --> []
187 (39.6079) --> [139]
188 (44.1699) --> [20]
189 (36.9040) --> [164, 102]
190 (29.0837) --> [86]
191 (51.0900) --> [24]
192 --> []
193 (75.6153) --> [116, 175]
194 (59.7647) --> [137]
195 (35.6416) --> [112]
196 (97.0617) --> [21, 67]
197 (40.9359) --> [26]
198 (38.2585) --> [39]
199 (38.8271) --> [193]

Solution energy from ACO: 3.589874374187347E7
trying to improve with local search...
final Solution:
0 (79.8935) --> [56, 60, 88]
1 (108.1560) --> [47, 98]
2 (74.1257) --> [63, 149]
3 (46.7667) --> [106]
4 (100.7868) --> [23, 71]
5 (16.6104) --> [123]
6 (35.8099) --> [183, 40, 184]
7 (3.1793) --> [59]
8 --> []
9 (66.1330) --> [188]
10 (44.5012) --> [61]
11 (48.8867) --> [31, 161]
12 (64.5945) --> [124]
13 (43.4920) --> [103]
14 (50.4661) --> [125]
15 (39.1291) --> [158]
16 --> []
17 (77.9776) --> [153]
18 (73.5893) --> [132, 128]
19 (15.8589) --> [80]
20 (54.2274) --> [29]
21 --> []
22 (46.4393) --> [198]
23 --> []
24 (33.4853) --> [35]
25 (62.2530) --> [38]
26 --> []
27 (39.5143) --> [12]
28 (90.7262) --> [76]
29 (57.0992) --> [122]
30 (14.4783) --> [78]
31 --> []
32 (24.2387) --> [94]
33 (79.4878) --> [57]
34 (47.3489) --> [189]
35 (55.9677) --> [6, 100]
36 --> []
37 --> []
38 --> []
39 (42.5508) --> [165]
40 (20.4670) --> [115]
41 (71.3434) --> [43]
42 (64.0796) --> [148]
43 (66.0053) --> [51, 16]
44 --> []
45 (89.9774) --> [146, 144, 84]
46 (33.7098) --> [177]
47 (69.2774) --> [176]
48 (21.0803) --> [62]
49 (33.0435) --> [42]
50 (47.9093) --> [191]
51 (43.0623) --> [92]
52 --> []
53 (117.8933) --> [58, 141]
54 (50.2577) --> [108]
55 --> []
56 (90.1731) --> [143]
57 (83.0220) --> [119]
58 (82.2080) --> [81]
59 (137.6454) --> [8, 134]
60 (50.7539) --> [135]
61 (22.3227) --> [195]
62 (44.0440) --> [95]
63 (61.9207) --> [131]
64 (50.3146) --> [77]
65 --> []
66 --> []
67 --> []
68 (106.5386) --> [65, 137]
69 (23.0887) --> [91]
70 (25.9903) --> [75]
71 (68.3174) --> [196]
72 --> []
73 (38.8995) --> [64, 14]
74 (65.3835) --> [107]
75 (65.5632) --> [186, 150]
76 --> []
77 (51.1638) --> [181]
78 (93.8780) --> [182, 140]
79 --> []
80 (76.2024) --> [93]
81 (70.3255) --> [9, 178]
82 (37.4534) --> [41]
83 (24.5868) --> [13]
84 (6.3597) --> [127]
85 --> []
86 (66.0961) --> [104, 151]
87 --> []
88 (44.2907) --> [33]
89 --> []
90 --> []
91 (61.6083) --> [166, 159]
92 (38.9471) --> [111, 138]
93 --> []
94 (46.8948) --> [3, 157]
95 --> []
96 (10.7431) --> [173]
97 (96.3475) --> [163]
98 (47.4935) --> [7]
99 (40.2091) --> [199]
100 (50.1557) --> [101]
101 (13.6428) --> [187]
102 (91.9626) --> [32]
103 (77.2884) --> [118]
104 (47.5087) --> [28, 145]
105 --> []
106 (31.9595) --> [192]
107 (64.9524) --> [11]
108 --> []
109 (55.9466) --> [53]
110 (60.2494) --> [89]
111 --> []
112 (73.8933) --> [82, 174]
113 --> []
114 (66.0287) --> [49]
115 (70.4361) --> [44, 17]
116 (24.3799) --> [74]
117 (50.1890) --> [22]
118 (51.3034) --> [15]
119 (43.1406) --> [129]
120 --> []
121 (9.7939) --> [170]
122 (73.5834) --> [73]
123 --> []
124 (19.7954) --> [52]
125 (57.1592) --> [152, 55]
126 (53.5081) --> [4]
127 --> []
128 (14.1887) --> [136]
129 (35.2396) --> [69]
130 (53.8422) --> [167]
131 (60.1896) --> [126, 90]
132 (50.9969) --> [79, 156]
133 --> []
134 --> []
135 (54.3552) --> [68]
136 (71.0689) --> [87, 34, 190]
137 (10.9882) --> [179]
138 --> []
139 (62.2339) --> [66, 147]
140 (63.0678) --> [172]
141 --> []
142 (43.2417) --> [169]
143 --> []
144 (16.6702) --> [30]
145 (30.5363) --> [19]
146 (83.4053) --> [25]
147 --> []
148 --> []
149 (9.5867) --> [1]
150 (25.9810) --> [130]
151 --> []
152 --> []
153 (74.8493) --> [72, 5]
154 (58.0984) --> [194]
155 (29.5805) --> [160, 27]
156 (40.5663) --> [113]
157 (66.3263) --> [142, 48]
158 (87.3771) --> [10, 120]
159 (62.4364) --> [109, 162]
160 (57.7324) --> [168]
161 --> []
162 (51.1143) --> [114]
163 (32.0778) --> [197, 105]
164 (43.7316) --> [37, 117]
165 (31.7030) --> [133, 185, 70]
166 (58.1808) --> [121]
167 (62.5631) --> [97]
168 (63.5472) --> [54]
169 (22.0641) --> [99]
170 --> []
171 (57.1881) --> [85, 36]
172 (63.8684) --> [18]
173 (52.3414) --> [96, 46]
174 (43.4024) --> [2]
175 (34.8910) --> [50, 180]
176 (60.5927) --> [110, 155]
177 (59.0599) --> [83]
178 --> []
179 (67.5518) --> [171, 45]
180 --> []
181 --> []
182 --> []
183 --> []
184 --> []
185 --> []
186 --> []
187 (39.6079) --> [139]
188 (44.1699) --> [20]
189 (36.9040) --> [164, 102]
190 (29.0837) --> [86]
191 (51.0900) --> [24]
192 --> []
193 (75.6153) --> [116, 175]
194 (58.0984) --> [154]
195 (35.6416) --> [112]
196 (97.0617) --> [21, 67]
197 (40.9359) --> [26]
198 (38.2585) --> [39]
199 (38.8271) --> [193]

final Solution energy: 3.5873874655483894E7
Calculated in 29372ms
Ants=1000, alpha=0.6, beta=3.0, evaporate factor=0.07
(for ../../mebp/mebp-08.dat)
