New best solution in iteration 0: 2.3803318628013015E9
New best solution in iteration 1: 2.0425634925486023E9
AVG (iterations 0 to 20): 3.6074145768533144E9
New best solution in iteration 29: 1.663719506699121E9
AVG (iterations 20 to 40): 3.7256667199508142E9
AVG (iterations 40 to 60): 3.1074854517324715E9
AVG (iterations 60 to 80): 3.845084162512174E9
New best solution in iteration 98: 1.530425583233388E9
AVG (iterations 80 to 100): 3.5425894803201475E9
AVG (iterations 100 to 120): 3.376505368464645E9
AVG (iterations 120 to 140): 3.6951476341647844E9
AVG (iterations 140 to 160): 2.7225095819971366E9
New best solution in iteration 166: 1.1216233291010466E9
New best solution in iteration 168: 7.919386343323231E8
New best solution in iteration 170: 7.376414577860936E8
New best solution in iteration 171: 5.927855354704162E8
New best solution in iteration 176: 3.967327956498318E8
New best solution in iteration 178: 2.099458613923427E8
New best solution in iteration 179: 1.6836963088179445E8
AVG (iterations 160 to 180): 1.3078946172505934E9
New best solution in iteration 183: 4.622261846874574E7
New best solution in iteration 189: 3.901795619289265E7
New best solution in iteration 192: 3.6222160309588045E7
New best solution in iteration 196: 3.029121189659264E7
AVG (iterations 180 to 200): 2.0284275493373945E8
New best solution in iteration 204: 2.6844250088779982E7
New best solution in iteration 208: 2.5182210061941214E7
AVG (iterations 200 to 220): 3.488358344518774E7
New best solution in iteration 221: 2.504953598998644E7
New best solution in iteration 224: 2.4170524255312275E7
AVG (iterations 220 to 240): 4.407794948177139E7
AVG (iterations 240 to 260): 2.7731963228325687E7
New best solution in iteration 270: 2.400948713580491E7
AVG (iterations 260 to 280): 2.544131917807511E7
New best solution in iteration 296: 2.3838863270527985E7
AVG (iterations 280 to 300): 2.491278271056906E7
New best solution in iteration 309: 2.3511557445622683E7
AVG (iterations 300 to 320): 2.5162899877559416E7
New best solution in iteration 336: 2.33652682295928E7
AVG (iterations 320 to 340): 2.477200848995193E7
AVG (iterations 340 to 360): 2.5250939118454494E7
AVG (iterations 360 to 380): 2.4574895179904815E7
AVG (iterations 380 to 400): 2.4522520897683408E7
New best solution in iteration 408: 2.3362728928446565E7
AVG (iterations 400 to 420): 2.4484790990557767E7
New best solution in iteration 427: 2.2882530206066515E7
AVG (iterations 420 to 440): 2.4226742419030476E7
AVG (iterations 440 to 460): 2.4254215244052425E7
AVG (iterations 460 to 480): 2.4087595870467216E7
New best solution in iteration 486: 2.252856228715593E7
AVG (iterations 480 to 500): 2.396940609397735E7
New best solution in iteration 516: 2.250414556151591E7
AVG (iterations 500 to 520): 2.3876799089204155E7
AVG (iterations 520 to 540): 2.388825327940955E7
AVG (iterations 540 to 560): 2.398736666529191E7
AVG (iterations 560 to 580): 2.385132367291137E7
AVG (iterations 580 to 600): 2.4121680932618216E7
AVG (iterations 600 to 620): 2.4158136664434884E7
AVG (iterations 620 to 640): 2.4061933128055025E7
AVG (iterations 640 to 660): 2.4158443359787177E7
AVG (iterations 660 to 680): 2.4152274229721267E7
AVG (iterations 680 to 700): 2.4149445796301313E7
AVG (iterations 700 to 720): 2.401653399647347E7
AVG (iterations 720 to 740): 2.3962523083602868E7
AVG (iterations 740 to 760): 2.3825602563242637E7
AVG (iterations 760 to 780): 2.3750675395923328E7
AVG (iterations 780 to 800): 2.381085431757565E7
AVG (iterations 800 to 820): 2.3904628905815724E7
AVG (iterations 820 to 840): 2.3830500521709703E7
New best solution in iteration 854: 2.2454675005635355E7
New best solution in iteration 859: 2.2215250162395187E7
AVG (iterations 840 to 860): 2.3516507127870247E7
AVG (iterations 860 to 880): 2.3645014984757602E7
AVG (iterations 880 to 900): 2.366130674800648E7
AVG (iterations 900 to 920): 2.345330762860509E7
AVG (iterations 920 to 940): 2.352982020032589E7
AVG (iterations 940 to 960): 2.360343591541057E7
AVG (iterations 960 to 980): 2.3536717526069567E7
Solution from ACO:
0 (29.7089) --> [348, 365]
1 (22.5935) --> [336, 274]
2 (28.0261) --> [321, 466]
3 (41.2576) --> [293]
4 (24.5219) --> [428, 282]
5 --> []
6 (27.8157) --> [400]
7 (35.6897) --> [316, 450]
8 (31.9638) --> [119]
9 (13.5017) --> [384]
10 (20.0057) --> [210]
11 (75.4870) --> [124, 314]
12 (6.4573) --> [158, 306]
13 (37.9759) --> [299, 471]
14 (35.7584) --> [144]
15 (7.2948) --> [474]
16 (46.6063) --> [361, 436]
17 (44.2141) --> [252]
18 (42.7442) --> [493, 208]
19 (54.6486) --> [269]
20 (68.6058) --> [104]
21 (49.3298) --> [484]
22 (32.2309) --> [199]
23 (16.3598) --> [426]
24 (44.8625) --> [375, 9]
25 (20.6404) --> [121]
26 (35.2555) --> [363]
27 (13.8842) --> [181]
28 --> []
29 (30.2369) --> [284]
30 (22.1408) --> [275]
31 (10.7201) --> [313]
32 --> []
33 --> []
34 (18.9936) --> [394]
35 (26.8023) --> [356, 95]
36 (63.1251) --> [84]
37 (14.1046) --> [465]
38 (22.5747) --> [411]
39 (45.2856) --> [308, 453, 5]
40 --> []
41 (29.6594) --> [376, 69]
42 (28.5838) --> [81, 472]
43 (29.8639) --> [108, 161]
44 (15.1558) --> [494]
45 (77.3278) --> [272]
46 (21.5857) --> [159, 17]
47 --> []
48 (42.9774) --> [295]
49 (34.1068) --> [225]
50 (29.0847) --> [378, 219]
51 (34.5401) --> [33]
52 (30.5361) --> [366]
53 --> []
54 --> []
55 --> []
56 (31.0887) --> [242, 236]
57 (13.8803) --> [288]
58 --> []
59 --> []
60 (30.6124) --> [52]
61 --> []
62 (25.7741) --> [443]
63 (48.7663) --> [497, 207]
64 (30.8838) --> [196, 13]
65 (16.8809) --> [122]
66 (44.2168) --> [281]
67 --> []
68 (20.8137) --> [96]
69 (31.5564) --> [496, 391]
70 (21.7138) --> [338]
71 (32.6906) --> [18]
72 (41.5778) --> [212]
73 (14.9335) --> [200]
74 (28.9771) --> [300]
75 (35.6568) --> [101]
76 (20.1785) --> [136, 190]
77 (6.3186) --> [278]
78 (47.8936) --> [372]
79 --> []
80 (93.9579) --> [222, 215]
81 (41.9982) --> [325]
82 --> []
83 (25.7445) --> [85]
84 (28.1844) --> [168, 135]
85 (29.4288) --> [463]
86 (32.3439) --> [11, 283]
87 (53.7114) --> [118]
88 (17.8105) --> [171, 164]
89 (36.5409) --> [27]
90 (29.4874) --> [148]
91 (11.6990) --> [16]
92 (8.7733) --> [100]
93 (27.4818) --> [227]
94 (21.4311) --> [71]
95 --> []
96 (46.6996) --> [160]
97 (17.6668) --> [303, 28]
98 (39.0457) --> [491]
99 (30.4415) --> [468]
100 (36.0659) --> [14]
101 (55.6663) --> [43, 369]
102 (8.3691) --> [311]
103 (3.1247) --> [386]
104 --> []
105 (19.3042) --> [63]
106 (25.0724) --> [32]
107 --> []
108 (35.5726) --> [243]
109 (17.0280) --> [103]
110 (34.4327) --> [449]
111 (25.3294) --> [91]
112 (39.1380) --> [435]
113 --> []
114 (24.8996) --> [362]
115 (27.4540) --> [65, 462]
116 (54.4520) --> [250, 201]
117 --> []
118 (51.9274) --> [197, 187]
119 (4.3449) --> [423]
120 (46.6382) --> [431]
121 (37.7562) --> [130]
122 (8.2194) --> [163]
123 --> []
124 --> []
125 (44.4041) --> [446]
126 (49.2223) --> [98]
127 (33.8289) --> [266, 256]
128 (53.5231) --> [323]
129 (36.2125) --> [476, 41]
130 (53.5692) --> [23]
131 (18.4757) --> [139]
132 (23.1872) --> [73]
133 --> []
134 (66.6666) --> [240, 234]
135 --> []
136 (55.0762) --> [360]
137 (33.8386) --> [429]
138 (30.6621) --> [364]
139 (11.8850) --> [106]
140 (49.6363) --> [86]
141 --> []
142 (20.9374) --> [368]
143 --> []
144 (23.5694) --> [327, 352]
145 (33.9844) --> [270, 177]
146 (17.9902) --> [107]
147 --> []
148 (22.9765) --> [38]
149 --> []
150 --> []
151 (21.2205) --> [286]
152 (8.4100) --> [8]
153 (4.4736) --> [40]
154 --> []
155 (51.1467) --> [258, 294]
156 (42.9268) --> [490]
157 (45.2117) --> [92, 424]
158 --> []
159 (43.0344) --> [194]
160 (63.5431) --> [416, 489]
161 --> []
162 (36.7220) --> [404]
163 (17.2091) --> [237]
164 (38.4645) --> [235, 320]
165 (57.0250) --> [183, 332]
166 --> []
167 (31.7048) --> [80]
168 (34.1208) --> [403]
169 (35.0217) --> [249]
170 (16.8844) --> [304]
171 (30.1491) --> [230]
172 (28.9032) --> [301]
173 (26.0793) --> [115]
174 (12.6094) --> [180]
175 (67.9341) --> [407, 22, 153]
176 --> []
177 (25.6447) --> [419]
178 (22.0453) --> [329]
179 (53.2425) --> [127, 26]
180 --> []
181 (44.6621) --> [116]
182 (33.1461) --> [147, 205]
183 (44.3279) --> [155]
184 (33.0191) --> [216, 170]
185 --> []
186 (48.4445) --> [305]
187 (63.0514) --> [290, 67]
188 (44.2244) --> [370]
189 (36.9182) --> [448, 487]
190 (19.3633) --> [62]
191 (16.1213) --> [430]
192 --> []
193 (13.4732) --> [499, 265, 176]
194 (35.2196) --> [169, 39]
195 (47.9932) --> [102]
196 --> []
197 (31.7437) --> [254]
198 (22.6007) --> [192]
199 (23.0347) --> [157, 94]
200 --> []
201 (47.4107) --> [255]
202 (34.0701) --> [186]
203 (22.7096) --> [371]
204 (21.6515) --> [99]
205 --> []
206 (54.7633) --> [125]
207 --> []
208 --> []
209 --> []
210 --> []
211 (29.0432) --> [45]
212 (62.6329) --> [264, 15]
213 (14.5440) --> [297]
214 (40.9363) --> [457]
215 --> []
216 --> []
217 (45.5339) --> [355, 379]
218 (24.5382) --> [44]
219 --> []
220 (38.4760) --> [351, 247]
221 (22.1947) --> [359]
222 (38.3428) --> [271, 229]
223 (53.4896) --> [88]
224 --> []
225 (23.1927) --> [151]
226 (59.8723) --> [337]
227 (7.2281) --> [233]
228 (11.4845) --> [48]
229 --> []
230 (20.6538) --> [89]
231 (51.5295) --> [260]
232 (30.6322) --> [380]
233 --> []
234 (48.5167) --> [326]
235 (37.4263) --> [105]
236 --> []
237 (37.3278) --> [478]
238 (38.6602) --> [347]
239 --> []
240 (52.2056) --> [324, 193]
241 --> []
242 (31.5150) --> [458]
243 (45.7945) --> [231, 83]
244 (15.0075) --> [357]
245 (14.4267) --> [322]
246 --> []
247 (44.2099) --> [467]
248 (42.1450) --> [66, 137]
249 (36.1360) --> [330, 253]
250 (35.0009) --> [131]
251 (50.1456) --> [427]
252 (39.9188) --> [397, 146]
253 (47.4129) --> [392]
254 --> []
255 (45.8464) --> [79]
256 (56.5826) --> [74, 241]
257 --> []
258 --> []
259 (45.7788) --> [350, 341]
260 --> []
261 (23.6359) --> [120]
262 (24.3106) --> [77]
263 (30.0516) --> [36]
264 --> []
265 (35.7919) --> [42]
266 (48.4404) --> [387]
267 --> []
268 --> []
269 (1.1390) --> [111]
270 (43.4897) --> [415]
271 (11.2533) --> [470]
272 --> []
273 (27.0454) --> [408]
274 --> []
275 (29.1631) --> [239, 318, 280]
276 (23.0330) --> [109]
277 (38.3043) --> [59, 263]
278 (25.2642) --> [399]
279 (33.0275) --> [398, 277]
280 --> []
281 (14.7186) --> [53, 21]
282 (25.6769) --> [228, 486]
283 (35.6863) --> [24]
284 (33.8644) --> [488]
285 --> []
286 --> []
287 --> []
288 (17.3567) --> [409]
289 (20.9287) --> [20]
290 (33.4905) --> [289]
291 (24.0088) --> [261, 46]
292 (44.7097) --> [57, 211]
293 (36.4775) --> [396]
294 (55.1574) --> [30]
295 (36.4851) --> [382, 452]
296 --> []
297 (42.2229) --> [165]
298 (51.8225) --> [441]
299 --> []
300 (28.6599) --> [4]
301 (52.7212) --> [279]
302 (40.6458) --> [35]
303 (7.0914) --> [93]
304 (27.0089) --> [213]
305 (14.4273) --> [10]
306 (14.7663) --> [1]
307 (7.4504) --> [51]
308 (27.7384) --> [334]
309 --> []
310 --> []
311 (23.5144) --> [309, 464]
312 (17.3626) --> [58]
313 (48.5603) --> [402]
314 (47.9396) --> [76]
315 (54.6238) --> [460]
316 (44.7416) --> [447, 191]
317 --> []
318 (30.9855) --> [331]
319 (3.5691) --> [482]
320 (29.2782) --> [154, 56]
321 (49.1947) --> [373, 112]
322 (45.2174) --> [417]
323 (56.8939) --> [3]
324 (11.7929) --> [333]
325 (47.4722) --> [117, 395]
326 (29.8974) --> [343, 495]
327 (8.1315) --> [354]
328 (47.8421) --> [444]
329 (38.1801) --> [70]
330 --> []
331 --> []
332 (27.8045) --> [68]
333 --> []
334 (3.8906) --> [12]
335 --> []
336 (51.5224) --> [442, 195]
337 (23.0104) --> [292]
338 (13.1839) --> [383]
339 (49.7158) --> [245]
340 (16.3590) --> [202]
341 (21.5552) --> [78]
342 --> []
343 (26.2201) --> [259]
344 --> []
345 (28.7586) --> [232, 439]
346 (19.6132) --> [175]
347 (35.7960) --> [50]
348 (34.0160) --> [405]
349 (24.0079) --> [90]
350 (53.4975) --> [425]
351 --> []
352 (17.7708) --> [422]
353 --> []
354 --> []
355 --> []
356 --> []
357 --> []
358 (47.7391) --> [162, 150]
359 (51.3296) --> [438]
360 --> []
361 (35.4985) --> [172]
362 (13.2780) --> [60]
363 (37.3620) --> [217]
364 (29.6794) --> [479]
365 --> []
366 (55.6947) --> [55]
367 --> []
368 (36.6987) --> [97]
369 --> []
370 (13.9051) --> [203]
371 (33.4657) --> [374]
372 (10.0802) --> [129]
373 (42.6864) --> [349]
374 (33.5716) --> [152, 132]
375 --> []
376 --> []
377 (16.4410) --> [393, 226]
378 (10.7263) --> [302]
379 (15.6321) --> [346]
380 --> []
381 (9.4248) --> [385, 406]
382 (36.2402) --> [377]
383 (28.8018) --> [451, 25]
384 (36.0750) --> [307]
385 (35.7145) --> [342, 319]
386 (30.2847) --> [353]
387 (35.4852) --> [298, 481]
388 (41.7239) --> [312, 37]
389 (10.5158) --> [223, 82]
390 (32.8123) --> [381]
391 (20.0531) --> [143, 469]
392 --> []
393 --> []
394 (42.3500) --> [123]
395 (38.9971) --> [140]
396 (13.4221) --> [182]
397 --> []
398 (34.7926) --> [459]
399 (39.2691) --> [145]
400 (40.1292) --> [291]
401 (15.6510) --> [437]
402 (11.1112) --> [276]
403 --> []
404 (45.6981) --> [6]
405 (38.1505) --> [412, 339]
406 (39.2384) --> [156]
407 --> []
408 (30.0194) --> [204]
409 --> []
410 (42.9808) --> [456, 251]
411 (30.0880) --> [248]
412 (57.4219) --> [358, 246]
413 (31.9486) --> [317, 2]
414 (39.3436) --> [173]
415 --> []
416 --> []
417 (43.0718) --> [19, 220]
418 (23.6187) --> [188, 209]
419 (25.1379) --> [440, 340]
420 (18.5122) --> [189]
421 (53.3978) --> [110, 142]
422 (15.3167) --> [141, 477]
423 --> []
424 (21.9271) --> [390]
425 (20.3193) --> [454]
426 (35.8932) --> [285, 473]
427 (15.2052) --> [34]
428 --> []
429 (47.9985) --> [238]
430 (68.6502) --> [149]
431 --> []
432 --> []
433 (31.0729) --> [49]
434 (40.4967) --> [413, 310]
435 --> []
436 (23.0409) --> [388]
437 --> []
438 --> []
439 (21.1802) --> [54]
440 --> []
441 (47.0483) --> [420]
442 (26.2502) --> [344, 75]
443 --> []
444 (48.9267) --> [315]
445 (21.4224) --> [418]
446 (62.3822) --> [367, 64]
447 (44.8424) --> [475, 128]
448 (47.0776) --> [206, 244]
449 (26.2971) --> [257]
450 (29.4965) --> [480]
451 (21.2656) --> [47]
452 (47.6794) --> [433]
453 (50.1365) --> [72]
454 (46.3852) --> [414, 498]
455 (45.5135) --> [483, 224]
456 (53.6704) --> [267, 328]
457 (25.1384) --> [455]
458 (6.3713) --> [184]
459 (32.8087) --> [179, 287]
460 --> []
461 (26.7635) --> [410, 401]
462 (15.1990) --> [113]
463 --> []
464 (18.1913) --> [262]
465 (34.2874) --> [174]
466 (16.3321) --> [185]
467 (18.5052) --> [389]
468 (8.5306) --> [218, 166]
469 (62.0900) --> [31]
470 (39.9181) --> [138]
471 (31.9680) --> [87, 133]
472 (50.4526) --> [485]
473 (47.5506) --> [432]
474 (37.4080) --> [178]
475 --> []
476 (29.6576) --> [126]
477 (43.6293) --> [461]
478 (25.5911) --> [345, 214]
479 (31.6259) --> [7]
480 (27.2689) --> [29]
481 (13.0605) --> [221]
482 --> []
483 (47.6564) --> [434]
484 (43.7617) --> [296]
485 (50.5283) --> [198]
486 (17.5357) --> [421]
487 (40.7083) --> [134]
488 --> []
489 (38.2180) --> [492]
490 --> []
491 (40.3226) --> [273, 335]
492 (36.8278) --> [445]
493 (18.1992) --> [167]
494 (31.6439) --> [61]
495 --> []
496 (46.1159) --> [268]
497 (10.8853) --> [114]
498 --> []
499 --> []

Solution energy from ACO: 2.2215250162395187E7
trying to improve with local search...
final Solution:
0 (29.7089) --> [348, 365]
1 (22.5935) --> [336, 274]
2 (28.0261) --> [321, 466]
3 (41.2576) --> [293]
4 (24.5219) --> [428, 282]
5 --> []
6 (27.8157) --> [400]
7 (35.6897) --> [316, 450]
8 (31.9638) --> [119]
9 (13.5017) --> [384]
10 (20.0057) --> [210]
11 (75.4870) --> [124, 314]
12 (6.4573) --> [158, 306]
13 (37.9759) --> [299, 471]
14 (35.7584) --> [144]
15 (7.2948) --> [474]
16 (46.6063) --> [361, 436]
17 (44.2141) --> [252]
18 (42.7442) --> [493, 208]
19 (54.6486) --> [269]
20 (68.6058) --> [104]
21 (49.3298) --> [484]
22 (32.2309) --> [199]
23 (16.3598) --> [426]
24 (44.8625) --> [375, 9]
25 (20.6404) --> [121]
26 (35.2555) --> [363]
27 (13.8842) --> [181]
28 --> []
29 (30.2369) --> [284]
30 (22.1408) --> [275]
31 (10.7201) --> [313]
32 --> []
33 --> []
34 (18.9936) --> [394]
35 (26.8023) --> [356, 95]
36 (63.1251) --> [84]
37 (14.1046) --> [465]
38 (22.5747) --> [411]
39 (45.2856) --> [308, 453, 5]
40 --> []
41 (29.6594) --> [376, 69]
42 (28.5838) --> [81, 472]
43 (29.8639) --> [108, 161]
44 (15.1558) --> [494]
45 (77.3278) --> [272]
46 (21.5857) --> [159, 17]
47 --> []
48 (42.9774) --> [295]
49 (34.1068) --> [225]
50 (29.0847) --> [378, 219]
51 (34.5401) --> [33]
52 (30.5361) --> [366]
53 --> []
54 --> []
55 --> []
56 (31.0887) --> [242, 236]
57 (13.8803) --> [288]
58 --> []
59 --> []
60 (30.6124) --> [52]
61 --> []
62 (25.7741) --> [443]
63 (48.7663) --> [497, 207]
64 (30.8838) --> [196, 13]
65 (16.8809) --> [122]
66 (44.2168) --> [281]
67 --> []
68 (20.8137) --> [96]
69 (31.5564) --> [496, 391]
70 (21.7138) --> [338]
71 (32.6906) --> [18]
72 (41.5778) --> [212]
73 (14.9335) --> [200]
74 (28.9771) --> [300]
75 (35.6568) --> [101]
76 (20.1785) --> [136, 190]
77 (6.3186) --> [278]
78 (47.8936) --> [372]
79 --> []
80 (93.9579) --> [222, 215]
81 (41.9982) --> [325]
82 --> []
83 (25.7445) --> [85]
84 (28.1844) --> [168, 135]
85 (29.4288) --> [463]
86 (32.3439) --> [11, 283]
87 (53.7114) --> [118]
88 (17.8105) --> [171, 164]
89 (36.5409) --> [27]
90 (29.4874) --> [148]
91 (11.6990) --> [16]
92 (8.7733) --> [100]
93 (27.4818) --> [227]
94 (21.4311) --> [71]
95 --> []
96 (46.6996) --> [160]
97 (17.6668) --> [303, 28]
98 (39.0457) --> [491]
99 (30.4415) --> [468]
100 (36.0659) --> [14]
101 (55.6663) --> [43, 369]
102 (8.3691) --> [311]
103 (3.1247) --> [386]
104 --> []
105 (19.3042) --> [63]
106 (25.0724) --> [32]
107 --> []
108 (35.5726) --> [243]
109 (17.0280) --> [103]
110 (34.4327) --> [449]
111 (25.3294) --> [91]
112 (39.1380) --> [435]
113 --> []
114 (24.8996) --> [362]
115 (27.4540) --> [65, 462]
116 (54.4520) --> [250, 201]
117 --> []
118 (51.9274) --> [197, 187]
119 (4.3449) --> [423]
120 (46.6382) --> [431]
121 (37.7562) --> [130]
122 (8.2194) --> [163]
123 --> []
124 --> []
125 (44.4041) --> [446]
126 (49.2223) --> [98]
127 (33.8289) --> [266, 256]
128 (53.5231) --> [323]
129 (36.2125) --> [476, 41]
130 (53.5692) --> [23]
131 (18.4757) --> [139]
132 (23.1872) --> [73]
133 --> []
134 (66.6666) --> [240, 234]
135 --> []
136 (55.0762) --> [360]
137 (33.8386) --> [429]
138 (30.6621) --> [364]
139 (11.8850) --> [106]
140 (49.6363) --> [86]
141 --> []
142 (20.9374) --> [368]
143 --> []
144 (23.5694) --> [327, 352]
145 (33.9844) --> [270, 177]
146 (17.9902) --> [107]
147 --> []
148 (22.9765) --> [38]
149 --> []
150 --> []
151 (21.2205) --> [286]
152 (8.4100) --> [8]
153 (4.4736) --> [40]
154 --> []
155 (51.1467) --> [258, 294]
156 (42.9268) --> [490]
157 (45.2117) --> [92, 424]
158 --> []
159 (43.0344) --> [194]
160 (63.5431) --> [416, 489]
161 --> []
162 (36.7220) --> [404]
163 (17.2091) --> [237]
164 (38.4645) --> [235, 320]
165 (57.0250) --> [183, 332]
166 --> []
167 (31.7048) --> [80]
168 (34.1208) --> [403]
169 (35.0217) --> [249]
170 (16.8844) --> [304]
171 (30.1491) --> [230]
172 (28.9032) --> [301]
173 (26.0793) --> [115]
174 (12.6094) --> [180]
175 (67.9341) --> [407, 22, 153]
176 --> []
177 (25.6447) --> [419]
178 (22.0453) --> [329]
179 (53.2425) --> [127, 26]
180 --> []
181 (44.6621) --> [116]
182 (33.1461) --> [147, 205]
183 (44.3279) --> [155]
184 (33.0191) --> [216, 170]
185 --> []
186 (48.4445) --> [305]
187 (63.0514) --> [290, 67]
188 (44.2244) --> [370]
189 (36.9182) --> [448, 487]
190 (19.3633) --> [62]
191 (16.1213) --> [430]
192 --> []
193 (13.4732) --> [499, 265, 176]
194 (35.2196) --> [169, 39]
195 (47.9932) --> [102]
196 --> []
197 (31.7437) --> [254]
198 (22.6007) --> [192]
199 (23.0347) --> [157, 94]
200 --> []
201 (47.4107) --> [255]
202 (34.0701) --> [186]
203 (22.7096) --> [371]
204 (21.6515) --> [99]
205 --> []
206 (54.7633) --> [125]
207 --> []
208 --> []
209 --> []
210 --> []
211 (29.0432) --> [45]
212 (62.6329) --> [264, 15]
213 (14.5440) --> [297]
214 (40.9363) --> [457]
215 --> []
216 --> []
217 (45.5339) --> [355, 379]
218 (24.5382) --> [44]
219 --> []
220 (38.4760) --> [351, 247]
221 (22.1947) --> [359]
222 (38.3428) --> [271, 229]
223 (53.4896) --> [88]
224 --> []
225 (23.1927) --> [151]
226 (59.8723) --> [337]
227 (7.2281) --> [233]
228 (11.4845) --> [48]
229 --> []
230 (20.6538) --> [89]
231 (51.5295) --> [260]
232 (30.6322) --> [380]
233 --> []
234 (48.5167) --> [326]
235 (37.4263) --> [105]
236 --> []
237 (37.3278) --> [478]
238 (38.6602) --> [347]
239 --> []
240 (52.2056) --> [324, 193]
241 --> []
242 (31.5150) --> [458]
243 (45.7945) --> [231, 83]
244 (15.0075) --> [357]
245 (14.4267) --> [322]
246 --> []
247 (44.2099) --> [467]
248 (42.1450) --> [66, 137]
249 (36.1360) --> [330, 253]
250 (35.0009) --> [131]
251 (50.1456) --> [427]
252 (39.9188) --> [397, 146]
253 (47.4129) --> [392]
254 --> []
255 (45.8464) --> [79]
256 (56.5826) --> [74, 241]
257 --> []
258 --> []
259 (45.7788) --> [350, 341]
260 --> []
261 (23.6359) --> [120]
262 (24.3106) --> [77]
263 (30.0516) --> [36]
264 --> []
265 (35.7919) --> [42]
266 (48.4404) --> [387]
267 --> []
268 --> []
269 (1.1390) --> [111]
270 (43.4897) --> [415]
271 (11.2533) --> [470]
272 --> []
273 (27.0454) --> [408]
274 --> []
275 (29.1631) --> [239, 318, 280]
276 (23.0330) --> [109]
277 (38.3043) --> [59, 263]
278 (25.2642) --> [399]
279 (33.0275) --> [398, 277]
280 --> []
281 (14.7186) --> [53, 21]
282 (25.6769) --> [228, 486]
283 (35.6863) --> [24]
284 (33.8644) --> [488]
285 --> []
286 --> []
287 --> []
288 (17.3567) --> [409]
289 (20.9287) --> [20]
290 (33.4905) --> [289]
291 (24.0088) --> [261, 46]
292 (44.7097) --> [57, 211]
293 (36.4775) --> [396]
294 (55.1574) --> [30]
295 (36.4851) --> [382, 452]
296 --> []
297 (42.2229) --> [165]
298 (51.8225) --> [441]
299 --> []
300 (28.6599) --> [4]
301 (52.7212) --> [279]
302 (40.6458) --> [35]
303 (7.0914) --> [93]
304 (27.0089) --> [213]
305 (14.4273) --> [10]
306 (14.7663) --> [1]
307 (7.4504) --> [51]
308 (27.7384) --> [334]
309 --> []
310 --> []
311 (23.5144) --> [309, 464]
312 (17.3626) --> [58]
313 (48.5603) --> [402]
314 (47.9396) --> [76]
315 (54.6238) --> [460]
316 (44.7416) --> [447, 191]
317 --> []
318 (30.9855) --> [331]
319 (3.5691) --> [482]
320 (29.2782) --> [154, 56]
321 (49.1947) --> [373, 112]
322 (45.2174) --> [417]
323 (56.8939) --> [3]
324 (11.7929) --> [333]
325 (47.4722) --> [117, 395]
326 (29.8974) --> [343, 495]
327 (8.1315) --> [354]
328 (47.8421) --> [444]
329 (38.1801) --> [70]
330 --> []
331 --> []
332 (27.8045) --> [68]
333 --> []
334 (3.8906) --> [12]
335 --> []
336 (51.5224) --> [442, 195]
337 (23.0104) --> [292]
338 (13.1839) --> [383]
339 (49.7158) --> [245]
340 (16.3590) --> [202]
341 (21.5552) --> [78]
342 --> []
343 (26.2201) --> [259]
344 --> []
345 (28.7586) --> [232, 439]
346 (19.6132) --> [175]
347 (35.7960) --> [50]
348 (34.0160) --> [405]
349 (24.0079) --> [90]
350 (53.4975) --> [425]
351 --> []
352 (17.7708) --> [422]
353 --> []
354 --> []
355 --> []
356 --> []
357 --> []
358 (47.7391) --> [162, 150]
359 (51.3296) --> [438]
360 --> []
361 (35.4985) --> [172]
362 (13.2780) --> [60]
363 (37.3620) --> [217]
364 (29.6794) --> [479]
365 --> []
366 (55.6947) --> [55]
367 --> []
368 (36.6987) --> [97]
369 --> []
370 (13.9051) --> [203]
371 (33.4657) --> [374]
372 (10.0802) --> [129]
373 (42.6864) --> [349]
374 (33.5716) --> [152, 132]
375 --> []
376 --> []
377 (16.4410) --> [393, 226]
378 (10.7263) --> [302]
379 (15.6321) --> [346]
380 --> []
381 (9.4248) --> [385, 406]
382 (36.2402) --> [377]
383 (28.8018) --> [451, 25]
384 (36.0750) --> [307]
385 (35.7145) --> [342, 319]
386 (30.2847) --> [353]
387 (35.4852) --> [298, 481]
388 (41.7239) --> [312, 37]
389 (10.5158) --> [223, 82]
390 (32.8123) --> [381]
391 (20.0531) --> [143, 469]
392 --> []
393 --> []
394 (42.3500) --> [123]
395 (38.9971) --> [140]
396 (13.4221) --> [182]
397 --> []
398 (34.7926) --> [459]
399 (39.2691) --> [145]
400 (40.1292) --> [291]
401 (15.6510) --> [437]
402 (11.1112) --> [276]
403 --> []
404 (45.6981) --> [6]
405 (38.1505) --> [412, 339]
406 (39.2384) --> [156]
407 --> []
408 (30.0194) --> [204]
409 --> []
410 (42.9808) --> [456, 251]
411 (30.0880) --> [248]
412 (57.4219) --> [358, 246]
413 (31.9486) --> [317, 2]
414 (39.3436) --> [173]
415 --> []
416 --> []
417 (43.0718) --> [19, 220]
418 (23.6187) --> [188, 209]
419 (25.1379) --> [440, 340]
420 (18.5122) --> [189]
421 (53.3978) --> [110, 142]
422 (15.3167) --> [141, 477]
423 --> []
424 (21.9271) --> [390]
425 (20.3193) --> [454]
426 (35.8932) --> [285, 473]
427 (15.2052) --> [34]
428 --> []
429 (47.9985) --> [238]
430 (68.6502) --> [149]
431 --> []
432 --> []
433 (31.0729) --> [49]
434 (40.4967) --> [413, 310]
435 --> []
436 (23.0409) --> [388]
437 --> []
438 --> []
439 (21.1802) --> [54]
440 --> []
441 (47.0483) --> [420]
442 (26.2502) --> [344, 75]
443 --> []
444 (48.9267) --> [315]
445 (21.4224) --> [418]
446 (62.3822) --> [367, 64]
447 (44.8424) --> [475, 128]
448 (47.0776) --> [206, 244]
449 (26.2971) --> [257]
450 (29.4965) --> [480]
451 (21.2656) --> [47]
452 (47.6794) --> [433]
453 (50.1365) --> [72]
454 (46.3852) --> [414, 498]
455 (45.5135) --> [483, 224]
456 (53.6704) --> [267, 328]
457 (25.1384) --> [455]
458 (6.3713) --> [184]
459 (32.8087) --> [179, 287]
460 --> []
461 (26.7635) --> [410, 401]
462 (15.1990) --> [113]
463 --> []
464 (18.1913) --> [262]
465 (34.2874) --> [174]
466 (16.3321) --> [185]
467 (18.5052) --> [389]
468 (8.5306) --> [218, 166]
469 (62.0900) --> [31]
470 (39.9181) --> [138]
471 (31.9680) --> [87, 133]
472 (50.4526) --> [485]
473 (47.5506) --> [432]
474 (37.4080) --> [178]
475 --> []
476 (29.6576) --> [126]
477 (43.6293) --> [461]
478 (25.5911) --> [345, 214]
479 (31.6259) --> [7]
480 (27.2689) --> [29]
481 (13.0605) --> [221]
482 --> []
483 (47.6564) --> [434]
484 (43.7617) --> [296]
485 (50.5283) --> [198]
486 (17.5357) --> [421]
487 (40.7083) --> [134]
488 --> []
489 (38.2180) --> [492]
490 --> []
491 (40.3226) --> [273, 335]
492 (36.8278) --> [445]
493 (18.1992) --> [167]
494 (31.6439) --> [61]
495 --> []
496 (46.1159) --> [268]
497 (10.8853) --> [114]
498 --> []
499 --> []

final Solution energy: 2.2215250162395187E7
Calculated in 365461ms
Ants=1000, alpha=0.6, beta=3.0, evaporate factor=0.07
(for ../../mebp/mebp-12.dat)
