New best solution in iteration 0: 9.324847568595896E8
New best solution in iteration 3: 7.026194214703196E8
New best solution in iteration 11: 5.3002195196988606E8
AVG (iterations 0 to 20): 1.262638573571256E9
AVG (iterations 20 to 40): 1.413958840740709E9
New best solution in iteration 53: 5.25857702785307E8
AVG (iterations 40 to 60): 1.189560781345747E9
AVG (iterations 60 to 80): 1.4827621120641563E9
New best solution in iteration 83: 4.3196691962064075E8
AVG (iterations 80 to 100): 1.219456382577862E9
AVG (iterations 100 to 120): 1.2060316580138946E9
AVG (iterations 120 to 140): 1.1805041383928025E9
New best solution in iteration 143: 2.557144417911887E8
New best solution in iteration 156: 2.398950166394478E8
AVG (iterations 140 to 160): 6.420127242210233E8
New best solution in iteration 164: 2.0288293314751908E8
New best solution in iteration 166: 1.6912414167618984E8
New best solution in iteration 176: 1.2420154155713475E8
New best solution in iteration 179: 1.0996793433839886E8
AVG (iterations 160 to 180): 3.165583604444593E8
New best solution in iteration 187: 1.0853676121848246E8
New best solution in iteration 193: 1.0601898142723279E8
AVG (iterations 180 to 200): 1.397735556450402E8
New best solution in iteration 211: 1.0462391866587456E8
AVG (iterations 200 to 220): 1.230995072572161E8
AVG (iterations 220 to 240): 1.1808005214460206E8
New best solution in iteration 242: 9.97230464814663E7
New best solution in iteration 246: 9.478387543744451E7
AVG (iterations 240 to 260): 1.0993554334644262E8
New best solution in iteration 270: 9.473605255363326E7
New best solution in iteration 280: 9.22785196518851E7
AVG (iterations 260 to 280): 1.1073457261288705E8
AVG (iterations 280 to 300): 1.1622741844547744E8
New best solution in iteration 307: 8.677454901845972E7
AVG (iterations 300 to 320): 1.1125269501165454E8
AVG (iterations 320 to 340): 1.0611829140244883E8
AVG (iterations 340 to 360): 1.0954852540321645E8
AVG (iterations 360 to 380): 1.0228427211367124E8
New best solution in iteration 400: 8.41622042116165E7
AVG (iterations 380 to 400): 1.1157136519569728E8
AVG (iterations 400 to 420): 1.0810191917829338E8
AVG (iterations 420 to 440): 1.0346958349808672E8
AVG (iterations 440 to 460): 1.0453409001906963E8
AVG (iterations 460 to 480): 9.935345264769487E7
AVG (iterations 480 to 500): 1.0251531096579735E8
AVG (iterations 500 to 520): 1.0423732253082988E8
AVG (iterations 520 to 540): 1.0256579255111182E8
AVG (iterations 540 to 560): 1.0061590673482718E8
AVG (iterations 560 to 580): 1.0273527432195118E8
AVG (iterations 580 to 600): 1.0083314224170673E8
AVG (iterations 600 to 620): 9.957504580723488E7
AVG (iterations 620 to 640): 1.0121817020229658E8
AVG (iterations 640 to 660): 1.0110881916914135E8
AVG (iterations 660 to 680): 1.0235425857958983E8
AVG (iterations 680 to 700): 9.964429949523228E7
AVG (iterations 700 to 720): 1.027169074603577E8
AVG (iterations 720 to 740): 1.0268331192437534E8
AVG (iterations 740 to 760): 1.0397541438610497E8
AVG (iterations 760 to 780): 1.0067004295752488E8
AVG (iterations 780 to 800): 1.0302930736066444E8
AVG (iterations 800 to 820): 9.969243832401614E7
AVG (iterations 820 to 840): 1.0229257857199614E8
AVG (iterations 840 to 860): 9.851854932307473E7
AVG (iterations 860 to 880): 1.0427369713535796E8
AVG (iterations 880 to 900): 1.0405433321471308E8
AVG (iterations 900 to 920): 1.0044284342980775E8
AVG (iterations 920 to 940): 1.0311478470376652E8
AVG (iterations 940 to 960): 1.0207585224433777E8
New best solution in iteration 964: 8.402321984914932E7
AVG (iterations 960 to 980): 1.0158874223928162E8
Solution from ACO:
0 (169.9639) --> [3, 11, 13]
1 (48.5878) --> [23]
2 (116.0373) --> [42]
3 (109.5562) --> [41]
4 (47.6455) --> [38]
5 (103.1818) --> [18, 33]
6 --> []
7 (162.1235) --> [27]
8 (114.5849) --> [25]
9 (166.9317) --> [10]
10 --> []
11 (166.1663) --> [26]
12 (143.9814) --> [9, 24]
13 (83.7100) --> [28]
14 --> []
15 (146.9264) --> [17]
16 (109.3714) --> [8, 20]
17 (76.7730) --> [40]
18 --> []
19 --> []
20 (18.0854) --> [34]
21 --> []
22 (81.8189) --> [32, 19]
23 (309.7533) --> [7, 14]
24 --> []
25 (57.9581) --> [49]
26 (51.5190) --> [30]
27 (70.3416) --> [44]
28 --> []
29 --> []
30 --> []
31 --> []
32 (119.5027) --> [4, 12]
33 (89.7049) --> [6]
34 (94.4514) --> [35]
35 (125.9577) --> [5]
36 (27.8657) --> [29]
37 (48.2017) --> [31]
38 --> []
39 (150.8950) --> [45]
40 (103.4176) --> [1]
41 (126.7247) --> [15, 36]
42 (159.0254) --> [48, 37]
43 (67.1269) --> [22]
44 (120.3865) --> [2]
45 --> []
46 (97.1483) --> [21]
47 (56.9242) --> [43]
48 (88.1778) --> [16, 39]
49 (85.0988) --> [46, 47]

Solution energy from ACO: 8.402321984914932E7
trying to improve with local search...
final Solution:
0 (169.9639) --> [3, 11, 13]
1 (48.5878) --> [23]
2 (116.0373) --> [42]
3 (109.5562) --> [41]
4 (47.6455) --> [38]
5 (103.1818) --> [18, 33]
6 --> []
7 (162.1235) --> [27]
8 (114.5849) --> [25]
9 (166.9317) --> [10]
10 --> []
11 (166.1663) --> [26]
12 (143.9814) --> [9, 24]
13 (83.7100) --> [28]
14 --> []
15 (146.9264) --> [17]
16 (109.3714) --> [8, 20]
17 (76.7730) --> [40]
18 --> []
19 --> []
20 (18.0854) --> [34]
21 --> []
22 (81.8189) --> [32, 19]
23 (309.7533) --> [7, 14]
24 --> []
25 (57.9581) --> [49]
26 (51.5190) --> [30]
27 (70.3416) --> [44]
28 --> []
29 --> []
30 --> []
31 --> []
32 (119.5027) --> [4, 12]
33 (89.7049) --> [6]
34 (94.4514) --> [35]
35 (125.9577) --> [5]
36 (27.8657) --> [29]
37 (48.2017) --> [31]
38 --> []
39 (150.8950) --> [45]
40 (103.4176) --> [1]
41 (126.7247) --> [15, 36]
42 (159.0254) --> [48, 37]
43 (67.1269) --> [22]
44 (120.3865) --> [2]
45 --> []
46 (97.1483) --> [21]
47 (56.9242) --> [43]
48 (88.1778) --> [16, 39]
49 (85.0988) --> [46, 47]

final Solution energy: 8.402321984914932E7
Calculated in 1937ms
Ants=1000, alpha=0.6, beta=3.0, evaporate factor=0.07
(for ../../mebp/mebp-04.dat)
