New best solution in iteration 0: 4.369030806616388E8
New best solution in iteration 2: 1.798237466780105E8
New best solution in iteration 6: 1.5171590049810034E8
AVG (iterations 0 to 20): 6.660361109420046E8
AVG (iterations 20 to 40): 7.186823084337213E8
AVG (iterations 40 to 60): 7.635428577421575E8
AVG (iterations 60 to 80): 7.25865694643008E8
AVG (iterations 80 to 100): 7.522115347157427E8
AVG (iterations 100 to 120): 6.136032015627512E8
AVG (iterations 120 to 140): 6.385135161124501E8
New best solution in iteration 146: 9.363869288206017E7
AVG (iterations 140 to 160): 3.203456376961698E8
New best solution in iteration 161: 8.720478630278482E7
New best solution in iteration 164: 8.619040143427172E7
New best solution in iteration 169: 7.499718547419867E7
AVG (iterations 160 to 180): 1.1642131582404394E8
New best solution in iteration 184: 7.22173060482769E7
AVG (iterations 180 to 200): 8.586676769161761E7
AVG (iterations 200 to 220): 8.198770393826166E7
AVG (iterations 220 to 240): 8.009468492539164E7
AVG (iterations 240 to 260): 7.960447065283239E7
AVG (iterations 260 to 280): 7.807414468262477E7
AVG (iterations 280 to 300): 8.51790203052831E7
AVG (iterations 300 to 320): 8.075098327487819E7
AVG (iterations 320 to 340): 7.847631905788893E7
AVG (iterations 340 to 360): 7.78443383425558E7
AVG (iterations 360 to 380): 7.653986728666626E7
AVG (iterations 380 to 400): 7.702355392808555E7
AVG (iterations 400 to 420): 7.534475228483488E7
AVG (iterations 420 to 440): 7.343570463667284E7
AVG (iterations 440 to 460): 7.487008865181497E7
AVG (iterations 460 to 480): 7.529859477585842E7
AVG (iterations 480 to 500): 7.513527408336054E7
AVG (iterations 500 to 520): 7.506157633127318E7
AVG (iterations 520 to 540): 7.528715472214939E7
AVG (iterations 540 to 560): 7.526413995395574E7
AVG (iterations 560 to 580): 7.529637746071604E7
AVG (iterations 580 to 600): 7.513984337442082E7
AVG (iterations 600 to 620): 7.504321501058595E7
AVG (iterations 620 to 640): 7.502020024239232E7
AVG (iterations 640 to 660): 7.502020024239232E7
AVG (iterations 660 to 680): 7.50202002423923E7
AVG (iterations 680 to 700): 7.499718547419867E7
AVG (iterations 700 to 720): 7.499718547419867E7
AVG (iterations 720 to 740): 7.499718547419867E7
AVG (iterations 740 to 760): 7.499718547419867E7
AVG (iterations 760 to 780): 7.499718547419867E7
AVG (iterations 780 to 800): 7.499718547419867E7
AVG (iterations 800 to 820): 7.499718547419867E7
AVG (iterations 820 to 840): 7.499718547419867E7
AVG (iterations 840 to 860): 7.499718547419867E7
AVG (iterations 860 to 880): 7.499718547419867E7
AVG (iterations 880 to 900): 7.499718547419867E7
AVG (iterations 900 to 920): 7.499718547419867E7
AVG (iterations 920 to 940): 7.499718547419867E7
AVG (iterations 940 to 960): 7.499718547419867E7
AVG (iterations 960 to 980): 7.499718547419867E7
Solution from ACO:
0 (161.3938) --> [6, 7, 11]
1 (231.5359) --> [4]
2 (112.1601) --> [17, 15]
3 (204.4509) --> [10]
4 --> []
5 (161.0741) --> [12]
6 --> []
7 (56.9242) --> [3]
8 (227.7939) --> [5, 1]
9 --> []
10 (46.4450) --> [18]
11 (79.0778) --> [8]
12 (224.6325) --> [16, 13]
13 (176.8010) --> [9]
14 (219.1891) --> [2, 19]
15 --> []
16 (113.7895) --> [14]
17 --> []
18 --> []
19 --> []

Solution energy from ACO: 7.22173060482769E7
trying to improve with local search...
final Solution:
0 (161.3938) --> [6, 7, 11]
1 (231.5359) --> [4]
2 (112.1601) --> [17, 15]
3 (204.4509) --> [10]
4 --> []
5 (161.0741) --> [12]
6 --> []
7 (56.9242) --> [3]
8 (227.7939) --> [5, 1]
9 --> []
10 (46.4450) --> [18]
11 (79.0778) --> [8]
12 (224.6325) --> [16, 13]
13 (176.8010) --> [9]
14 (219.1891) --> [2, 19]
15 --> []
16 (113.7895) --> [14]
17 --> []
18 --> []
19 --> []

final Solution energy: 7.22173060482769E7
Calculated in 960ms
Ants=1000, alpha=0.6, beta=3.0, evaporate factor=0.07
(for ../../mebp/mebp-03.dat)
