New best solution in iteration 0: 1.1249022825903993E9
New best solution in iteration 2: 4.6717736783691025E8
AVG (iterations 0 to 20): 1.1071460732373774E9
New best solution in iteration 21: 3.390596815524352E8
AVG (iterations 20 to 40): 8.933005585609156E8
New best solution in iteration 52: 2.968498179440665E8
New best solution in iteration 55: 2.5608257699496707E8
AVG (iterations 40 to 60): 9.033978588885715E8
AVG (iterations 60 to 80): 9.255141959134315E8
New best solution in iteration 85: 2.4124294391420355E8
AVG (iterations 80 to 100): 9.254528974713589E8
AVG (iterations 100 to 120): 1.0558378647645136E9
AVG (iterations 120 to 140): 8.443062696252124E8
New best solution in iteration 150: 2.3808903844688857E8
AVG (iterations 140 to 160): 4.906903814569305E8
New best solution in iteration 167: 2.1903320326547778E8
New best solution in iteration 173: 2.0196605934480995E8
New best solution in iteration 175: 1.6875679151088423E8
AVG (iterations 160 to 180): 2.779812530055475E8
New best solution in iteration 198: 1.5739993009170458E8
AVG (iterations 180 to 200): 2.3733943367326003E8
New best solution in iteration 204: 1.5725358518710548E8
AVG (iterations 200 to 220): 1.9899474852091014E8
New best solution in iteration 233: 1.5705521491125977E8
AVG (iterations 220 to 240): 1.917179956737374E8
AVG (iterations 240 to 260): 1.8786606448561865E8
AVG (iterations 260 to 280): 1.8585187690728405E8
AVG (iterations 280 to 300): 1.901920593797709E8
AVG (iterations 300 to 320): 1.8109205019384873E8
AVG (iterations 320 to 340): 1.8781307256554407E8
AVG (iterations 340 to 360): 1.9115629539813137E8
AVG (iterations 360 to 380): 1.8731016619174254E8
AVG (iterations 380 to 400): 1.7342301921591046E8
AVG (iterations 400 to 420): 1.8911466233145753E8
AVG (iterations 420 to 440): 1.8364392700074682E8
AVG (iterations 440 to 460): 1.6689542218779737E8
AVG (iterations 460 to 480): 1.6923884240530676E8
AVG (iterations 480 to 500): 1.681404588716338E8
AVG (iterations 500 to 520): 1.7048528081947988E8
AVG (iterations 520 to 540): 1.789976588381244E8
AVG (iterations 540 to 560): 1.904953409220145E8
AVG (iterations 560 to 580): 1.816010589742151E8
AVG (iterations 580 to 600): 1.7751231871967933E8
AVG (iterations 600 to 620): 1.7366805284809074E8
AVG (iterations 620 to 640): 1.7059999898126808E8
AVG (iterations 640 to 660): 1.7734350099680713E8
AVG (iterations 660 to 680): 1.7834923545071596E8
AVG (iterations 680 to 700): 1.7094486648882174E8
AVG (iterations 700 to 720): 1.7181109650829372E8
AVG (iterations 720 to 740): 1.6962862413283816E8
AVG (iterations 740 to 760): 1.7034076093025607E8
AVG (iterations 760 to 780): 1.705703964517259E8
AVG (iterations 780 to 800): 1.6928235322215247E8
AVG (iterations 800 to 820): 1.7074353190706867E8
AVG (iterations 820 to 840): 1.6951275036429313E8
AVG (iterations 840 to 860): 1.6791762617612708E8
AVG (iterations 860 to 880): 1.6957001205109096E8
AVG (iterations 880 to 900): 1.720119801605956E8
AVG (iterations 900 to 920): 1.6893549353718826E8
AVG (iterations 920 to 940): 1.6912881274285612E8
AVG (iterations 940 to 960): 1.7264726029516917E8
AVG (iterations 960 to 980): 1.667832962722424E8
Solution from ACO:
0 (370.3213) --> [1, 10, 3]
1 (133.6589) --> [13]
2 (398.1973) --> [8, 18, 5]
3 (116.4812) --> [11]
4 --> []
5 (72.0686) --> [15, 9]
6 (144.1451) --> [12]
7 --> []
8 --> []
9 --> []
10 (169.8409) --> [4]
11 (133.0112) --> [16]
12 (188.0342) --> [2]
13 (165.5522) --> [17, 14]
14 --> []
15 --> []
16 --> []
17 (118.9643) --> [6]
18 (250.2520) --> [7, 19]
19 --> []

Solution energy from ACO: 1.5705521491125977E8
trying to improve with local search...
final Solution:
0 (370.3213) --> [10, 3, 14]
1 (133.6589) --> [13]
2 (398.1973) --> [8, 18, 5]
3 (116.4812) --> [11]
4 --> []
5 (72.0686) --> [15, 9]
6 (144.1451) --> [12]
7 --> []
8 --> []
9 --> []
10 (169.8409) --> [4]
11 (133.0112) --> [16]
12 (188.0342) --> [2]
13 (133.6589) --> [17, 1]
14 --> []
15 --> []
16 --> []
17 (118.9643) --> [6]
18 (250.2520) --> [7, 19]
19 --> []

final Solution energy: 1.5490560965887925E8
Calculated in 770ms
Ants=1000, alpha=0.6, beta=3.0, evaporate factor=0.07
(for ../../mebp/mebp-02.dat)
