New best solution in iteration 0: 1.5809525355716112E9
New best solution in iteration 11: 1.347149945842958E9
AVG (iterations 0 to 20): 2.2542975199136596E9
New best solution in iteration 21: 1.1394811408620553E9
AVG (iterations 20 to 40): 2.0855562430212204E9
AVG (iterations 40 to 60): 2.150836844883715E9
AVG (iterations 60 to 80): 2.2458343917916985E9
New best solution in iteration 81: 7.932987678362855E8
AVG (iterations 80 to 100): 2.368826471321929E9
New best solution in iteration 118: 7.134365078570843E8
AVG (iterations 100 to 120): 2.0069583870007122E9
AVG (iterations 120 to 140): 2.336564816878255E9
AVG (iterations 140 to 160): 1.8206411926389918E9
New best solution in iteration 164: 6.405671107300031E8
New best solution in iteration 166: 2.5197456635173687E8
New best solution in iteration 171: 2.38608725307042E8
New best solution in iteration 176: 1.2840451659409404E8
New best solution in iteration 180: 6.753680359394035E7
AVG (iterations 160 to 180): 5.753396973016833E8
New best solution in iteration 184: 5.511835348061801E7
New best solution in iteration 185: 4.5666606135604724E7
New best solution in iteration 194: 4.444976897824563E7
AVG (iterations 180 to 200): 1.047727357605686E8
New best solution in iteration 202: 4.3713230336318694E7
New best solution in iteration 205: 4.155431538587015E7
New best solution in iteration 206: 4.138527595530614E7
New best solution in iteration 209: 4.002071625864192E7
AVG (iterations 200 to 220): 4.493580265740735E7
New best solution in iteration 226: 3.9935313199136004E7
New best solution in iteration 228: 3.9398144900152504E7
AVG (iterations 220 to 240): 4.426225291131885E7
AVG (iterations 240 to 260): 4.237650427919743E7
AVG (iterations 260 to 280): 4.434040729031395E7
New best solution in iteration 281: 3.8484942970956415E7
AVG (iterations 280 to 300): 4.3965599235362254E7
AVG (iterations 300 to 320): 4.367423806016667E7
AVG (iterations 320 to 340): 4.3027521832071535E7
AVG (iterations 340 to 360): 4.235232324758897E7
New best solution in iteration 362: 3.79687441636126E7
AVG (iterations 360 to 380): 4.132868875752443E7
AVG (iterations 380 to 400): 4.1496196058971114E7
AVG (iterations 400 to 420): 4.16863285536243E7
AVG (iterations 420 to 440): 4.202751017133622E7
AVG (iterations 440 to 460): 4.2137953701297946E7
New best solution in iteration 470: 3.78441279301474E7
New best solution in iteration 473: 3.764734835135567E7
AVG (iterations 460 to 480): 4.1040875159071915E7
AVG (iterations 480 to 500): 4.16018885304232E7
AVG (iterations 500 to 520): 4.174793565847937E7
AVG (iterations 520 to 540): 4.17054608306966E7
AVG (iterations 540 to 560): 4.174870987959402E7
AVG (iterations 560 to 580): 4.249187755826971E7
AVG (iterations 580 to 600): 4.187105352769951E7
AVG (iterations 600 to 620): 4.1466255856442E7
AVG (iterations 620 to 640): 4.096787176992346E7
AVG (iterations 640 to 660): 4.069595065292095E7
AVG (iterations 660 to 680): 4.120041568704895E7
AVG (iterations 680 to 700): 4.128207429466105E7
AVG (iterations 700 to 720): 4.162055345408105E7
AVG (iterations 720 to 740): 4.128235855878554E7
AVG (iterations 740 to 760): 4.113930949038048E7
AVG (iterations 760 to 780): 4.073582563176215E7
AVG (iterations 780 to 800): 4.1951443703661434E7
AVG (iterations 800 to 820): 4.180884592735455E7
New best solution in iteration 828: 3.7568484075717375E7
New best solution in iteration 835: 3.657439406387211E7
AVG (iterations 820 to 840): 3.975631574480513E7
AVG (iterations 840 to 860): 4.063659429005033E7
New best solution in iteration 864: 3.591077465201844E7
AVG (iterations 860 to 880): 3.976433409214692E7
New best solution in iteration 896: 3.539466969858017E7
AVG (iterations 880 to 900): 4.066697875104968E7
AVG (iterations 900 to 920): 4.024994124094747E7
AVG (iterations 920 to 940): 4.1018805728094734E7
AVG (iterations 940 to 960): 4.18228698150001E7
AVG (iterations 960 to 980): 4.165280107376132E7
Solution from ACO:
0 (30.5324) --> [60]
1 --> []
2 (74.1257) --> [174, 149]
3 (46.8948) --> [94]
4 (100.7868) --> [126, 71]
5 (74.8493) --> [153]
6 (35.8099) --> [184, 183, 40]
7 (47.4935) --> [98]
8 (44.3164) --> [59]
9 (66.1330) --> [188]
10 (81.9689) --> [61, 120]
11 (48.8867) --> [161, 31]
12 (64.5945) --> [27, 124]
13 (43.4920) --> [83, 103]
14 (59.4371) --> [125, 13]
15 (51.3034) --> [118]
16 --> []
17 (69.4470) --> [23]
18 (47.7478) --> [132]
19 (15.8589) --> [80]
20 (54.2274) --> [29]
21 (86.9096) --> [12]
22 (46.4393) --> [198]
23 (48.2812) --> [4]
24 (51.0900) --> [35, 191]
25 (62.2530) --> [38]
26 --> []
27 (58.2978) --> [160, 155, 168]
28 (90.7262) --> [19, 76]
29 (57.0992) --> [122]
30 (14.4783) --> [78]
31 --> []
32 --> []
33 (79.4878) --> [57]
34 (22.8446) --> [87]
35 (47.2239) --> [6]
36 --> []
37 --> []
38 --> []
39 (42.5508) --> [165]
40 (20.4670) --> [115]
41 (37.4534) --> [82]
42 (64.0796) --> [148]
43 (71.3434) --> [41, 16]
44 (68.8528) --> [123]
45 (61.2374) --> [30]
46 (33.7098) --> [177]
47 --> []
48 (21.0803) --> [62]
49 (33.0435) --> [42]
50 --> []
51 (54.0073) --> [43]
52 --> []
53 (38.5809) --> [58]
54 (50.2577) --> [108]
55 --> []
56 (90.1731) --> [143]
57 (83.0220) --> [119]
58 (97.4076) --> [81, 141]
59 (3.1793) --> [7]
60 (50.7539) --> [56, 135]
61 (22.3227) --> [195]
62 --> []
63 (35.0790) --> [2]
64 (50.3146) --> [77]
65 --> []
66 (65.3760) --> [111]
67 --> []
68 (106.5386) --> [154, 65]
69 (58.8866) --> [91, 159]
70 (28.1902) --> [186]
71 (68.3174) --> [196]
72 (108.5354) --> [67]
73 (38.8995) --> [173, 64]
74 (65.3835) --> [107]
75 (65.5632) --> [150]
76 (92.9166) --> [147]
77 (51.1638) --> [181]
78 (93.8780) --> [144, 140, 182]
79 (88.6071) --> [117]
80 (76.2024) --> [93]
81 (70.3255) --> [178, 9]
82 (55.4588) --> [10]
83 --> []
84 (6.3597) --> [127]
85 --> []
86 (66.0961) --> [104, 151]
87 (12.5483) --> [136]
88 (44.2907) --> [33]
89 (141.8561) --> [8, 134]
90 --> []
91 (58.2183) --> [166, 121]
92 (26.2529) --> [138]
93 --> []
94 (31.8831) --> [157, 32]
95 (46.9462) --> [48]
96 (20.6043) --> [14]
97 --> []
98 --> []
99 (40.2091) --> [199]
100 --> []
101 (50.5707) --> [24, 100]
102 --> []
103 --> []
104 (47.5087) --> [28, 145]
105 (32.0778) --> [163]
106 (46.7667) --> [3]
107 (64.9524) --> [11]
108 --> []
109 (55.9466) --> [53]
110 (60.2494) --> [89]
111 (47.5241) --> [92, 51]
112 --> []
113 --> []
114 (66.0287) --> [49]
115 (70.4361) --> [17, 44]
116 (87.8869) --> [74, 180]
117 (50.1890) --> [22, 164]
118 --> []
119 (43.1406) --> [129]
120 (72.6992) --> [158]
121 (9.7939) --> [170]
122 (73.5834) --> [73]
123 (16.6104) --> [5]
124 (19.7954) --> [52]
125 (57.1592) --> [55, 152]
126 (60.1896) --> [131]
127 --> []
128 (60.8322) --> [190]
129 (35.2396) --> [69]
130 (100.7948) --> [167, 105]
131 (61.9207) --> [63, 90]
132 (50.9969) --> [79, 156]
133 (20.8680) --> [185]
134 --> []
135 (83.7160) --> [68, 88]
136 (14.1887) --> [128]
137 --> []
138 --> []
139 (39.6079) --> [66, 187]
140 (84.3818) --> [172, 113]
141 --> []
142 (43.2417) --> [169]
143 --> []
144 --> []
145 --> []
146 (83.4053) --> [84, 25]
147 (62.2339) --> [139]
148 --> []
149 (9.5867) --> [1]
150 (71.1385) --> [130, 192]
151 (70.9014) --> [95]
152 --> []
153 (53.4510) --> [72]
154 (58.0984) --> [194]
155 (60.5927) --> [176]
156 --> []
157 (47.5557) --> [142]
158 (39.1291) --> [15]
159 (62.4364) --> [109, 162]
160 --> []
161 --> []
162 (51.1143) --> [114]
163 (26.2115) --> [197]
164 (36.0075) --> [37, 189]
165 (31.7030) --> [133, 70]
166 --> []
167 (62.5631) --> [97]
168 (63.5472) --> [54]
169 (22.0641) --> [99]
170 --> []
171 (57.1881) --> [85, 36]
172 (63.8684) --> [18]
173 (52.3414) --> [96, 46]
174 --> []
175 (34.8910) --> [50]
176 (69.2774) --> [47, 110]
177 --> []
178 --> []
179 (44.4657) --> [137, 171]
180 (15.7677) --> [175]
181 --> []
182 --> []
183 --> []
184 --> []
185 --> []
186 (17.7046) --> [75]
187 (13.6428) --> [101]
188 (44.1699) --> [20]
189 (47.3489) --> [102, 34]
190 (29.0837) --> [86]
191 --> []
192 (31.9595) --> [106]
193 (33.7376) --> [116]
194 (95.5582) --> [45, 146, 179]
195 (35.6416) --> [112]
196 (27.9495) --> [21]
197 (40.9359) --> [26]
198 (38.2585) --> [39]
199 (38.8271) --> [193]

Solution energy from ACO: 3.539466969858017E7
trying to improve with local search...
final Solution:
0 (30.5324) --> [60]
1 --> []
2 (74.1257) --> [174, 149]
3 (46.8948) --> [94]
4 (100.7868) --> [126, 71]
5 (74.8493) --> [153]
6 (35.8099) --> [184, 183, 40]
7 (47.4935) --> [98]
8 (44.3164) --> [59]
9 (66.1330) --> [188]
10 (81.9689) --> [120, 112]
11 (48.8867) --> [161, 31]
12 (64.5945) --> [27, 124]
13 (43.4920) --> [83, 103]
14 (59.4371) --> [125, 13]
15 (51.3034) --> [118]
16 --> []
17 (69.4470) --> [23]
18 (47.7478) --> [132]
19 (15.8589) --> [80]
20 (54.2274) --> [29]
21 (86.9096) --> [12]
22 (46.4393) --> [198]
23 (48.2812) --> [4]
24 (51.0900) --> [35, 191]
25 (62.2530) --> [38]
26 --> []
27 (58.2978) --> [160, 155, 168]
28 (90.7262) --> [19, 76]
29 (57.0992) --> [122]
30 (14.4783) --> [78]
31 --> []
32 --> []
33 (79.4878) --> [57]
34 (22.8446) --> [87]
35 (47.2239) --> [6]
36 --> []
37 --> []
38 --> []
39 (42.5508) --> [165]
40 (20.4670) --> [115]
41 (37.4534) --> [82]
42 (64.0796) --> [148]
43 (71.3434) --> [41, 16]
44 (68.8528) --> [123]
45 (61.2374) --> [30]
46 (33.7098) --> [177]
47 --> []
48 (21.0803) --> [62]
49 (33.0435) --> [42]
50 --> []
51 (54.0073) --> [43]
52 --> []
53 (38.5809) --> [58]
54 (50.2577) --> [108]
55 --> []
56 (90.1731) --> [143]
57 (83.0220) --> [119]
58 (97.4076) --> [81, 141]
59 (3.1793) --> [7]
60 (50.7539) --> [56, 135]
61 (22.3227) --> [195]
62 --> []
63 (35.0790) --> [2]
64 (50.3146) --> [77]
65 --> []
66 (65.3760) --> [111]
67 --> []
68 (106.5386) --> [154, 65]
69 (58.8866) --> [91, 159]
70 (28.1902) --> [186]
71 (68.3174) --> [196]
72 (108.5354) --> [67]
73 (38.8995) --> [64, 14]
74 (65.3835) --> [107]
75 (65.5632) --> [150]
76 (92.9166) --> [147]
77 (51.1638) --> [181]
78 (93.8780) --> [144, 140, 182]
79 (88.6071) --> [117]
80 (76.2024) --> [93]
81 (70.3255) --> [178, 9]
82 (55.4588) --> [10]
83 --> []
84 (6.3597) --> [127]
85 --> []
86 (66.0961) --> [104, 151]
87 (12.5483) --> [136]
88 (44.2907) --> [33]
89 (141.8561) --> [8, 134]
90 --> []
91 (58.2183) --> [166, 121]
92 (26.2529) --> [138]
93 --> []
94 (31.8831) --> [157, 32]
95 (46.9462) --> [48]
96 (10.7431) --> [173]
97 --> []
98 --> []
99 (40.2091) --> [199]
100 --> []
101 (50.5707) --> [24, 100]
102 --> []
103 --> []
104 (47.5087) --> [28, 145]
105 (32.0778) --> [163]
106 (46.7667) --> [3]
107 (64.9524) --> [11]
108 --> []
109 (55.9466) --> [53]
110 (60.2494) --> [89]
111 (47.5241) --> [92, 51]
112 --> []
113 --> []
114 (66.0287) --> [49]
115 (70.4361) --> [17, 44]
116 (87.8869) --> [74, 180]
117 (50.1890) --> [22, 164]
118 --> []
119 (43.1406) --> [129]
120 (72.6992) --> [158]
121 (9.7939) --> [170]
122 (73.5834) --> [73]
123 (16.6104) --> [5]
124 (19.7954) --> [52]
125 (57.1592) --> [55, 152]
126 (60.1896) --> [131]
127 --> []
128 (60.8322) --> [190]
129 (35.2396) --> [69]
130 (100.7948) --> [167, 105]
131 (61.9207) --> [63, 90]
132 (50.9969) --> [79, 156]
133 (20.8680) --> [185]
134 --> []
135 (83.7160) --> [68, 88]
136 (14.1887) --> [128]
137 --> []
138 --> []
139 (39.6079) --> [66, 187]
140 (84.3818) --> [172, 113]
141 --> []
142 (43.2417) --> [169]
143 --> []
144 --> []
145 --> []
146 (83.4053) --> [84, 25]
147 (62.2339) --> [139]
148 --> []
149 (9.5867) --> [1]
150 (71.1385) --> [130, 192]
151 (70.9014) --> [95]
152 --> []
153 (53.4510) --> [72]
154 (58.0984) --> [194]
155 (60.5927) --> [176]
156 --> []
157 (47.5557) --> [142]
158 (39.1291) --> [15]
159 (62.4364) --> [109, 162]
160 --> []
161 --> []
162 (51.1143) --> [114]
163 (26.2115) --> [197]
164 (36.0075) --> [37, 189]
165 (31.7030) --> [133, 70]
166 --> []
167 (62.5631) --> [97]
168 (63.5472) --> [54]
169 (22.0641) --> [99]
170 --> []
171 (57.1881) --> [85, 36]
172 (63.8684) --> [18]
173 (52.3414) --> [96, 46]
174 --> []
175 (34.8910) --> [50]
176 (69.2774) --> [47, 110]
177 --> []
178 --> []
179 (44.4657) --> [137, 171]
180 (15.7677) --> [175]
181 --> []
182 --> []
183 --> []
184 --> []
185 --> []
186 (17.7046) --> [75]
187 (13.6428) --> [101]
188 (44.1699) --> [20]
189 (47.3489) --> [102, 34]
190 (29.0837) --> [86]
191 --> []
192 (31.9595) --> [106]
193 (33.7376) --> [116]
194 (95.5582) --> [45, 146, 179]
195 (22.3227) --> [61]
196 (27.9495) --> [21]
197 (40.9359) --> [26]
198 (38.2585) --> [39]
199 (38.8271) --> [193]

final Solution energy: 3.53530095442003E7
Calculated in 29509ms
Ants=1000, alpha=0.6, beta=3.0, evaporate factor=0.07
(for ../../mebp/mebp-08.dat)
