New best solution in iteration 0: 3.8324679861009717E9
New best solution in iteration 4: 1.6297532111262405E9
AVG (iterations 0 to 20): 3.2827272409047794E9
AVG (iterations 20 to 40): 3.2586905553815284E9
AVG (iterations 40 to 60): 3.189833781506545E9
New best solution in iteration 72: 1.5710356848999631E9
AVG (iterations 60 to 80): 3.0864188481561007E9
AVG (iterations 80 to 100): 3.0718173480856256E9
AVG (iterations 100 to 120): 3.4650988173481812E9
New best solution in iteration 121: 1.560250572005434E9
AVG (iterations 120 to 140): 3.0753227318452883E9
New best solution in iteration 157: 1.3375568852793999E9
New best solution in iteration 160: 1.1687083563215218E9
AVG (iterations 140 to 160): 2.6526830852070646E9
New best solution in iteration 161: 9.271240605969677E8
New best solution in iteration 164: 6.040385109543247E8
New best solution in iteration 169: 4.181486578776893E8
New best solution in iteration 173: 3.8025190881532365E8
New best solution in iteration 180: 3.1963138547463155E8
AVG (iterations 160 to 180): 8.853324740935513E8
New best solution in iteration 181: 2.378923424731698E8
New best solution in iteration 182: 1.4686373679152426E8
New best solution in iteration 183: 1.4065903787262532E8
New best solution in iteration 184: 1.3852171734848058E8
New best solution in iteration 185: 7.880926340323667E7
New best solution in iteration 188: 3.465055956999557E7
New best solution in iteration 198: 3.0941426501955334E7
New best solution in iteration 200: 2.9757225214732733E7
AVG (iterations 180 to 200): 9.809200045771065E7
New best solution in iteration 202: 2.6297646826230492E7
New best solution in iteration 217: 2.598482562915627E7
AVG (iterations 200 to 220): 3.5831522039011896E7
New best solution in iteration 235: 2.591953034274669E7
New best solution in iteration 240: 2.585608354154864E7
AVG (iterations 220 to 240): 3.2212317518203367E7
New best solution in iteration 241: 2.536142099486851E7
New best solution in iteration 260: 2.5269485945526972E7
AVG (iterations 240 to 260): 2.6565694976666406E7
AVG (iterations 260 to 280): 2.6761303825836282E7
New best solution in iteration 290: 2.4931490894345112E7
New best solution in iteration 293: 2.4899237667037334E7
New best solution in iteration 297: 2.4504419828591183E7
AVG (iterations 280 to 300): 2.647541243738795E7
AVG (iterations 300 to 320): 2.6369061695924174E7
New best solution in iteration 332: 2.437875851680046E7
New best solution in iteration 333: 2.430751737044426E7
AVG (iterations 320 to 340): 2.575403030936811E7
New best solution in iteration 355: 2.4161864536115304E7
AVG (iterations 340 to 360): 2.5243810683952354E7
New best solution in iteration 366: 2.3880986689014114E7
AVG (iterations 360 to 380): 2.5348948190901097E7
AVG (iterations 380 to 400): 2.5267095503110263E7
AVG (iterations 400 to 420): 2.528344513751317E7
New best solution in iteration 425: 2.3706017286560584E7
AVG (iterations 420 to 440): 2.484927761012564E7
AVG (iterations 440 to 460): 2.5012282138420843E7
AVG (iterations 460 to 480): 2.5038950746092312E7
AVG (iterations 480 to 500): 2.4862097840762053E7
New best solution in iteration 511: 2.3097075512480747E7
AVG (iterations 500 to 520): 2.4651164281339753E7
New best solution in iteration 537: 2.26859206720216E7
AVG (iterations 520 to 540): 2.4383397853557132E7
AVG (iterations 540 to 560): 2.479809357698706E7
AVG (iterations 560 to 580): 2.4777521371442042E7
AVG (iterations 580 to 600): 2.4733720899117727E7
AVG (iterations 600 to 620): 2.4365469661830913E7
AVG (iterations 620 to 640): 2.465632218760308E7
AVG (iterations 640 to 660): 2.4696221739138994E7
AVG (iterations 660 to 680): 2.5014390397906307E7
AVG (iterations 680 to 700): 2.48162516419356E7
AVG (iterations 700 to 720): 2.444991083427847E7
AVG (iterations 720 to 740): 2.4600697024806544E7
AVG (iterations 740 to 760): 2.493465915792037E7
AVG (iterations 760 to 780): 2.464850232309661E7
AVG (iterations 780 to 800): 2.4417287156349946E7
AVG (iterations 800 to 820): 2.4498977865091354E7
AVG (iterations 820 to 840): 2.469119228671156E7
AVG (iterations 840 to 860): 2.471683724228863E7
AVG (iterations 860 to 880): 2.4810153371517066E7
AVG (iterations 880 to 900): 2.4393843079971243E7
AVG (iterations 900 to 920): 2.4471060995158575E7
AVG (iterations 920 to 940): 2.460849841941554E7
AVG (iterations 940 to 960): 2.4656672486184463E7
AVG (iterations 960 to 980): 2.46728748654012E7
Solution from ACO:
0 (49.4754) --> [236, 72, 403]
1 --> []
2 (55.2769) --> [247, 452]
3 (38.5554) --> [24, 457]
4 --> []
5 (25.5545) --> [120, 90]
6 (43.1278) --> [193, 149, 444]
7 (33.7214) --> [429]
8 --> []
9 (22.4520) --> [260]
10 (29.8526) --> [232]
11 (51.0068) --> [413]
12 (14.8063) --> [415, 488]
13 (5.6851) --> [489]
14 (22.8928) --> [482]
15 (42.6405) --> [143]
16 --> []
17 (35.2264) --> [364, 257]
18 (20.7382) --> [110]
19 (49.5346) --> [442]
20 (47.6789) --> [204, 336]
21 --> []
22 (23.5447) --> [197]
23 (38.6642) --> [189]
24 (41.0264) --> [313]
25 (10.4453) --> [348]
26 (8.6174) --> [206]
27 (31.8810) --> [141]
28 --> []
29 (39.6401) --> [375]
30 --> []
31 --> []
32 (20.5905) --> [435]
33 (17.2799) --> [86]
34 (9.4210) --> [147]
35 (17.8505) --> [376]
36 --> []
37 (35.8726) --> [354]
38 (34.5532) --> [331]
39 (39.9071) --> [115, 494]
40 (15.3423) --> [484]
41 (27.9797) --> [342, 284]
42 (32.0748) --> [261]
43 (68.8312) --> [455]
44 (40.5757) --> [199, 151, 171]
45 (25.6017) --> [425]
46 (11.5983) --> [39]
47 --> []
48 (42.3961) --> [229, 316]
49 (47.5881) --> [249]
50 (38.8996) --> [158]
51 (24.1125) --> [404]
52 (33.9988) --> [264]
53 (33.1892) --> [465]
54 --> []
55 --> []
56 --> []
57 (72.9223) --> [259]
58 (44.4903) --> [122, 212]
59 (47.2745) --> [238]
60 --> []
61 (26.4630) --> [137]
62 --> []
63 (26.1205) --> [419]
64 (30.9094) --> [346]
65 (34.7365) --> [226]
66 (5.1945) --> [357]
67 (59.1960) --> [66, 246, 12]
68 (37.1111) --> [231, 34]
69 (22.9503) --> [382]
70 (13.8910) --> [60]
71 --> []
72 (15.7643) --> [305]
73 (17.2493) --> [253]
74 (63.3685) --> [64, 492]
75 (37.6403) --> [191]
76 --> []
77 (17.5146) --> [486]
78 (45.1001) --> [70, 163, 392]
79 --> []
80 (40.3635) --> [446, 162, 288]
81 (54.7192) --> [78]
82 (52.2705) --> [133]
83 --> []
84 --> []
85 (23.4381) --> [255]
86 (64.3596) --> [472]
87 --> []
88 (46.2035) --> [209, 417]
89 (61.8375) --> [107, 176, 23]
90 --> []
91 --> []
92 --> []
93 (22.5923) --> [480, 130]
94 --> []
95 --> []
96 (37.1531) --> [73]
97 (51.7228) --> [85]
98 --> []
99 --> []
100 (49.4773) --> [98, 397]
101 --> []
102 (45.6514) --> [228]
103 (31.6148) --> [274]
104 (18.1290) --> [370, 216]
105 (61.4897) --> [412, 56]
106 (38.0173) --> [366]
107 (20.2885) --> [25]
108 (20.6960) --> [127]
109 (49.8087) --> [188]
110 --> []
111 (31.9351) --> [129]
112 (30.4741) --> [7]
113 --> []
114 (33.5268) --> [100, 102]
115 (11.8114) --> [496]
116 --> []
117 (43.4868) --> [65]
118 (11.4760) --> [275]
119 (53.4608) --> [361, 166]
120 (1.9562) --> [69]
121 --> []
122 (35.8591) --> [271]
123 --> []
124 (6.6663) --> [167]
125 (26.8108) --> [299]
126 (27.6119) --> [454]
127 (62.0578) --> [343, 391]
128 (39.5600) --> [449]
129 (22.1976) --> [177]
130 (39.4779) --> [469]
131 (59.0657) --> [272, 101]
132 (22.7847) --> [35]
133 (54.7532) --> [184, 95, 373]
134 (28.3831) --> [262]
135 (33.3445) --> [230]
136 --> []
137 (46.6815) --> [326]
138 (15.7647) --> [156]
139 (16.0824) --> [4]
140 (57.8771) --> [308]
141 (35.6279) --> [84]
142 --> []
143 (27.3276) --> [471]
144 (30.4247) --> [406, 381]
145 (7.4340) --> [490]
146 (11.7807) --> [83]
147 (36.5457) --> [450, 26]
148 --> []
149 (38.6053) --> [88]
150 --> []
151 (20.8113) --> [71]
152 (33.8625) --> [440, 330]
153 (42.5219) --> [213]
154 (52.8653) --> [254]
155 (54.7574) --> [82]
156 (22.0088) --> [38]
157 (12.4058) --> [329]
158 (17.3837) --> [409, 51]
159 (27.0230) --> [145, 390]
160 --> []
161 --> []
162 (9.7676) --> [53]
163 (29.2237) --> [116]
164 --> []
165 (3.3328) --> [463]
166 --> []
167 (1.7401) --> [372]
168 (34.7143) --> [152]
169 (50.5689) --> [214, 321]
170 --> []
171 (27.5913) --> [400, 493]
172 (60.1788) --> [104, 332]
173 --> []
174 (70.6102) --> [351]
175 (24.6231) --> [140, 211]
176 (35.0863) --> [181]
177 (27.0372) --> [267]
178 --> []
179 (44.3463) --> [54, 315]
180 --> []
181 (60.7180) --> [207]
182 (34.8917) --> [300]
183 (19.6692) --> [307]
184 (8.8641) --> [408]
185 (27.6758) --> [499]
186 (10.1362) --> [225]
187 --> []
188 --> []
189 (47.2953) --> [398]
190 --> []
191 (9.9039) --> [468]
192 (24.4518) --> [108, 201]
193 (23.4837) --> [178, 467]
194 (39.8430) --> [383, 310]
195 (17.0793) --> [128]
196 (44.2375) --> [75]
197 (18.1831) --> [318]
198 (45.7242) --> [418, 113]
199 (39.5275) --> [96]
200 (27.6489) --> [126]
201 (39.0282) --> [497]
202 (11.3675) --> [68]
203 (37.6260) --> [80]
204 (25.7327) --> [303, 495]
205 (28.7141) --> [22]
206 (37.7541) --> [393]
207 (46.1342) --> [337]
208 (50.1895) --> [448]
209 --> []
210 (43.5116) --> [487]
211 (26.7218) --> [50]
212 (53.9488) --> [258]
213 (37.9787) --> [387, 328]
214 (3.3700) --> [320]
215 --> []
216 --> []
217 (37.0157) --> [301]
218 (24.7335) --> [421]
219 (18.1389) --> [240, 345]
220 --> []
221 --> []
222 (56.8012) --> [242]
223 (45.9451) --> [61]
224 --> []
225 (48.6163) --> [333]
226 --> []
227 (21.3960) --> [353]
228 (49.3515) --> [243]
229 (56.9956) --> [298]
230 (28.7170) --> [474]
231 (45.9766) --> [322]
232 (21.7437) --> [150]
233 --> []
234 (32.1675) --> [439, 109]
235 (24.6752) --> [169]
236 (68.5248) --> [33, 142]
237 (7.7234) --> [287]
238 (23.1659) --> [105]
239 --> []
240 (53.1349) --> [97]
241 (38.3659) --> [159]
242 (27.0700) --> [3]
243 (9.1519) --> [334]
244 (11.2673) --> [423]
245 (40.3013) --> [394]
246 --> []
247 (39.8491) --> [297]
248 (29.1166) --> [441, 146]
249 --> []
250 (29.7454) --> [289]
251 --> []
252 (18.6568) --> [461, 270]
253 (69.6817) --> [245]
254 (41.8571) --> [371, 396]
255 (9.7846) --> [27]
256 (30.0422) --> [292]
257 --> []
258 (49.8943) --> [20]
259 (47.1112) --> [175]
260 (37.0270) --> [311]
261 (54.5640) --> [94, 139, 426]
262 --> []
263 (41.4704) --> [161, 62]
264 (55.3142) --> [89]
265 (61.2169) --> [112]
266 (20.9036) --> [475]
267 (6.3427) --> [498]
268 --> []
269 (19.0588) --> [263]
270 --> []
271 (34.4940) --> [379]
272 --> []
273 (27.8989) --> [179]
274 (8.7132) --> [401]
275 --> []
276 (7.5911) --> [148]
277 (3.2810) --> [432]
278 (50.4243) --> [478, 37, 341]
279 (14.9374) --> [410, 30]
280 (33.7729) --> [340, 118]
281 (51.0624) --> [46]
282 (23.7477) --> [395]
283 (26.5662) --> [32]
284 --> []
285 (35.9154) --> [385]
286 --> []
287 (30.5796) --> [477]
288 (3.5396) --> [265]
289 (34.1726) --> [217]
290 (34.1815) --> [221]
291 --> []
292 --> []
293 --> []
294 (15.2750) --> [119]
295 (28.1974) --> [338]
296 (40.1091) --> [269, 291]
297 (11.8083) --> [347]
298 (7.9000) --> [165]
299 (31.5504) --> [21]
300 (24.6286) --> [286]
301 (34.7521) --> [359]
302 (59.6738) --> [377]
303 (20.7475) --> [123]
304 (22.6765) --> [10]
305 (34.1806) --> [344]
306 (26.7725) --> [157, 319]
307 (49.5849) --> [200, 369]
308 (26.6812) --> [399]
309 (31.9136) --> [103, 208, 285]
310 (28.5265) --> [293, 437]
311 (62.0698) --> [431]
312 (11.9136) --> [367]
313 --> []
314 (7.1412) --> [124]
315 (35.8076) --> [6]
316 (26.5375) --> [190]
317 (18.6937) --> [473]
318 (39.4248) --> [302]
319 (30.7061) --> [234]
320 --> []
321 --> []
322 (13.7279) --> [380]
323 (28.6012) --> [222]
324 --> []
325 --> []
326 (48.0920) --> [323, 45]
327 (15.5829) --> [210]
328 (17.6096) --> [57]
329 (17.0193) --> [314]
330 (69.4596) --> [173]
331 (26.0848) --> [358]
332 (53.9755) --> [416]
333 (43.7448) --> [365, 215]
334 (13.7579) --> [1, 363]
335 (23.6364) --> [41]
336 --> []
337 (21.6941) --> [339]
338 (11.3266) --> [58]
339 (50.0816) --> [244, 458]
340 (10.4760) --> [335]
341 (30.2662) --> [317]
342 --> []
343 (35.2822) --> [29]
344 --> []
345 (22.2289) --> [459]
346 (28.3670) --> [91]
347 (20.1812) --> [93]
348 (44.7786) --> [187]
349 (23.2511) --> [15]
350 (44.0036) --> [99]
351 (50.6974) --> [453]
352 (4.5078) --> [485]
353 (37.2991) --> [281, 49]
354 (62.3751) --> [414]
355 (35.6399) --> [77]
356 --> []
357 --> []
358 (31.1315) --> [14]
359 --> []
360 (58.8633) --> [235, 183]
361 (15.5394) --> [63]
362 --> []
363 (12.0726) --> [306]
364 --> []
365 (28.1973) --> [67]
366 (57.6019) --> [52, 248]
367 (62.9468) --> [174, 252]
368 --> []
369 --> []
370 (29.5895) --> [153]
371 (10.8396) --> [131]
372 (55.7766) --> [362, 186]
373 (17.8442) --> [87]
374 (46.8984) --> [280]
375 (29.0061) --> [40, 16]
376 (13.2054) --> [218]
377 (30.5179) --> [219]
378 --> []
379 --> []
380 (42.8216) --> [256, 17]
381 (56.7932) --> [424, 451]
382 --> []
383 (25.6871) --> [43]
384 (2.9816) --> [19]
385 (40.4269) --> [464]
386 (26.8634) --> [438]
387 (38.7750) --> [266, 48]
388 --> []
389 (43.6443) --> [483, 121]
390 (12.2201) --> [405]
391 --> []
392 (40.8008) --> [389, 205]
393 --> []
394 (21.7947) --> [31]
395 (42.1189) --> [195, 422]
396 (12.0233) --> [44]
397 (22.0194) --> [227]
398 (37.4729) --> [327]
399 (17.9253) --> [239]
400 (20.7662) --> [283]
401 --> []
402 (45.2572) --> [198, 59]
403 (17.2572) --> [447]
404 (28.1467) --> [164, 434]
405 (26.2971) --> [11]
406 --> []
407 (52.5057) --> [132]
408 (19.2944) --> [250]
409 --> []
410 --> []
411 (23.1292) --> [436, 312]
412 (15.6819) --> [278]
413 (46.0671) --> [268, 125]
414 --> []
415 --> []
416 (41.8466) --> [135]
417 (52.2946) --> [79]
418 (53.9039) --> [427]
419 (45.3087) --> [352]
420 (10.4726) --> [251]
421 (25.5382) --> [476]
422 --> []
423 --> []
424 (5.1591) --> [294]
425 (40.4471) --> [55]
426 (37.6213) --> [136, 324]
427 (53.5162) --> [309, 2]
428 (30.3419) --> [407]
429 (61.0507) --> [460, 47]
430 --> []
431 (42.4761) --> [368]
432 (26.4017) --> [172]
433 (26.8646) --> [5, 18]
434 (58.2726) --> [111, 241]
435 (42.0449) --> [42]
436 --> []
437 (42.3128) --> [220, 134]
438 (59.1283) --> [182, 168]
439 --> []
440 (16.6791) --> [420]
441 (18.0258) --> [296]
442 --> []
443 (22.7041) --> [36]
444 (19.1829) --> [491, 233]
445 (29.8178) --> [466, 350]
446 (26.5308) --> [349, 445]
447 (20.5685) --> [203]
448 (44.2553) --> [411]
449 --> []
450 (34.3647) --> [374, 356]
451 (30.9235) --> [388, 470]
452 --> []
453 (51.7986) --> [428, 360]
454 (46.8047) --> [92, 117, 277]
455 (60.0011) --> [76]
456 (25.3556) --> [192]
457 (5.6754) --> [185]
458 (40.3562) --> [9]
459 (17.7199) --> [138]
460 (51.7688) --> [144]
461 --> []
462 --> []
463 (44.5506) --> [224]
464 (12.4377) --> [114]
465 --> []
466 (34.8995) --> [402]
467 --> []
468 (16.6095) --> [430, 28]
469 --> []
470 (33.5933) --> [8, 479]
471 (29.3370) --> [180]
472 (28.2455) --> [481]
473 (21.1687) --> [202]
474 (40.3300) --> [279]
475 --> []
476 (24.2088) --> [81, 155]
477 (36.3142) --> [386]
478 --> []
479 (39.6346) --> [160]
480 (18.1082) --> [456]
481 (59.6496) --> [106, 237]
482 (27.2153) --> [462]
483 (46.4201) --> [433]
484 (40.2085) --> [170]
485 --> []
486 (44.0024) --> [443]
487 (37.5903) --> [196, 325, 355, 194]
488 --> []
489 (13.7185) --> [282]
490 (42.4796) --> [223]
491 (32.0026) --> [304]
492 --> []
493 (21.9204) --> [13]
494 (26.5114) --> [276]
495 (20.8803) --> [290]
496 (35.9918) --> [154, 295]
497 (32.2235) --> [273]
498 (47.7243) --> [384, 74]
499 (24.3590) --> [378]

Solution energy from ACO: 2.26859206720216E7
trying to improve with local search...
final Solution:
0 (49.4754) --> [236, 72, 403]
1 --> []
2 (55.2769) --> [247, 452]
3 (38.5554) --> [24, 457]
4 --> []
5 (25.5545) --> [120, 90]
6 (43.1278) --> [193, 149, 444]
7 (33.7214) --> [429]
8 --> []
9 (22.4520) --> [260]
10 (29.8526) --> [232]
11 (51.0068) --> [413]
12 (14.8063) --> [415, 488]
13 (5.6851) --> [489]
14 (22.8928) --> [482]
15 (42.6405) --> [143]
16 --> []
17 (35.2264) --> [364, 257]
18 (20.7382) --> [110]
19 (49.5346) --> [442]
20 (47.6789) --> [204, 336]
21 --> []
22 (23.5447) --> [197]
23 (38.6642) --> [189]
24 (41.0264) --> [313]
25 (10.4453) --> [348]
26 (8.6174) --> [206]
27 (31.8810) --> [141]
28 --> []
29 (39.6401) --> [375]
30 --> []
31 --> []
32 (20.5905) --> [435]
33 (17.2799) --> [86]
34 (9.4210) --> [147]
35 (17.8505) --> [376]
36 --> []
37 (35.8726) --> [354]
38 (34.5532) --> [331]
39 (39.9071) --> [115, 494]
40 (15.3423) --> [484]
41 (27.9797) --> [342, 284]
42 (32.0748) --> [261]
43 (68.8312) --> [455]
44 (40.5757) --> [199, 151, 171]
45 (25.6017) --> [425]
46 (11.5983) --> [39]
47 --> []
48 (42.3961) --> [229, 316]
49 (47.5881) --> [249]
50 (38.8996) --> [158]
51 (24.1125) --> [404]
52 (33.9988) --> [264]
53 (33.1892) --> [465]
54 --> []
55 --> []
56 --> []
57 (72.9223) --> [259]
58 (44.4903) --> [122, 212]
59 (47.2745) --> [238]
60 --> []
61 (26.4630) --> [137]
62 --> []
63 (26.1205) --> [419]
64 (30.9094) --> [346]
65 (34.7365) --> [226]
66 (5.1945) --> [357]
67 (59.1960) --> [66, 246, 12]
68 (37.1111) --> [231, 34]
69 (22.9503) --> [382]
70 (13.8910) --> [60]
71 --> []
72 (15.7643) --> [305]
73 (17.2493) --> [253]
74 (63.3685) --> [64, 492]
75 (37.6403) --> [191]
76 --> []
77 (17.5146) --> [486]
78 (45.1001) --> [70, 163, 392]
79 --> []
80 (40.3635) --> [446, 162, 288]
81 (54.7192) --> [78]
82 (52.2705) --> [133]
83 --> []
84 --> []
85 (23.4381) --> [255]
86 (64.3596) --> [472]
87 --> []
88 (46.2035) --> [209, 417]
89 (61.8375) --> [107, 176, 23]
90 --> []
91 --> []
92 --> []
93 (22.5923) --> [480, 130]
94 --> []
95 --> []
96 (37.1531) --> [73]
97 (51.7228) --> [85]
98 --> []
99 --> []
100 (49.4773) --> [98, 397]
101 --> []
102 (45.6514) --> [228]
103 (31.6148) --> [274]
104 (18.1290) --> [370, 216]
105 (61.4897) --> [412, 56]
106 (38.0173) --> [366]
107 (20.2885) --> [25]
108 (20.6960) --> [127]
109 (49.8087) --> [188]
110 --> []
111 (31.9351) --> [129]
112 (30.4741) --> [7]
113 --> []
114 (33.5268) --> [100, 102]
115 (11.8114) --> [496]
116 --> []
117 (43.4868) --> [65]
118 (11.4760) --> [275]
119 (53.4608) --> [361, 166]
120 (1.9562) --> [69]
121 --> []
122 (35.8591) --> [271]
123 --> []
124 (6.6663) --> [167]
125 (26.8108) --> [299]
126 (27.6119) --> [454]
127 (62.0578) --> [343, 391]
128 (39.5600) --> [449]
129 (22.1976) --> [177]
130 (39.4779) --> [469]
131 (59.0657) --> [272, 101]
132 (22.7847) --> [35]
133 (54.7532) --> [95, 373, 250]
134 (28.3831) --> [262]
135 (33.3445) --> [230]
136 --> []
137 (46.6815) --> [326]
138 (15.7647) --> [156]
139 (16.0824) --> [4]
140 (57.8771) --> [308]
141 (35.6279) --> [84]
142 --> []
143 (27.3276) --> [471]
144 (30.4247) --> [406, 381]
145 (7.4340) --> [490]
146 (11.7807) --> [83]
147 (36.5457) --> [450, 26]
148 --> []
149 (38.6053) --> [88]
150 --> []
151 (20.8113) --> [71]
152 (33.8625) --> [440, 330]
153 (42.5219) --> [213]
154 (52.8653) --> [254]
155 (54.7574) --> [82]
156 (22.0088) --> [38]
157 (12.4058) --> [329]
158 (17.3837) --> [409, 51]
159 (27.0230) --> [145, 390]
160 --> []
161 --> []
162 (9.7676) --> [53]
163 (29.2237) --> [116]
164 --> []
165 (3.3328) --> [463]
166 --> []
167 (1.7401) --> [372]
168 (34.7143) --> [152]
169 (50.5689) --> [214, 321]
170 --> []
171 (27.5913) --> [400, 493]
172 (60.1788) --> [104, 332]
173 --> []
174 (70.6102) --> [351]
175 (24.6231) --> [140, 211]
176 (35.0863) --> [181]
177 (27.0372) --> [267]
178 --> []
179 (44.3463) --> [54, 315]
180 --> []
181 (60.7180) --> [207]
182 (34.8917) --> [300]
183 (19.6692) --> [307]
184 (8.8641) --> [408]
185 (27.6758) --> [499]
186 (10.1362) --> [225]
187 --> []
188 --> []
189 (47.2953) --> [398]
190 --> []
191 (9.9039) --> [468]
192 (24.4518) --> [108, 201]
193 (23.4837) --> [178, 467]
194 (39.8430) --> [383, 310]
195 (17.0793) --> [128]
196 (44.2375) --> [75]
197 (18.1831) --> [318]
198 (45.7242) --> [418, 113]
199 (39.5275) --> [96]
200 (27.6489) --> [126]
201 (39.0282) --> [497]
202 (11.3675) --> [68]
203 (37.6260) --> [80]
204 (25.7327) --> [303, 495]
205 (28.7141) --> [22]
206 (37.7541) --> [393]
207 (46.1342) --> [337]
208 (50.1895) --> [448]
209 --> []
210 (43.5116) --> [487]
211 (26.7218) --> [50]
212 (53.9488) --> [258]
213 (37.9787) --> [387, 328]
214 (3.3700) --> [320]
215 --> []
216 --> []
217 (37.0157) --> [301]
218 (24.7335) --> [421]
219 (18.1389) --> [240, 345]
220 --> []
221 --> []
222 (56.8012) --> [242]
223 (45.9451) --> [61]
224 --> []
225 (48.6163) --> [333]
226 --> []
227 (21.3960) --> [353]
228 (49.3515) --> [243]
229 (56.9956) --> [298]
230 (28.7170) --> [474]
231 (45.9766) --> [322]
232 (21.7437) --> [150]
233 --> []
234 (32.1675) --> [439, 109]
235 (24.6752) --> [169]
236 (68.5248) --> [33, 142]
237 (7.7234) --> [287]
238 (23.1659) --> [105]
239 --> []
240 (53.1349) --> [97]
241 (38.3659) --> [159]
242 (27.0700) --> [3]
243 (9.1519) --> [334]
244 (11.2673) --> [423]
245 (40.3013) --> [394]
246 --> []
247 (39.8491) --> [297]
248 (29.1166) --> [441, 146]
249 --> []
250 (29.7454) --> [289]
251 --> []
252 (18.6568) --> [461, 270]
253 (69.6817) --> [245]
254 (41.8571) --> [371, 396]
255 (9.7846) --> [27]
256 (30.0422) --> [292]
257 --> []
258 (49.8943) --> [20]
259 (47.1112) --> [175]
260 (37.0270) --> [311]
261 (54.5640) --> [94, 139, 426]
262 --> []
263 (41.4704) --> [161, 62]
264 (55.3142) --> [89]
265 (61.2169) --> [112]
266 (20.9036) --> [475]
267 (6.3427) --> [498]
268 --> []
269 (19.0588) --> [263]
270 --> []
271 (34.4940) --> [379]
272 --> []
273 (27.8989) --> [179]
274 (8.7132) --> [401]
275 --> []
276 (7.5911) --> [148]
277 (3.2810) --> [432]
278 (50.4243) --> [478, 37, 341]
279 (14.9374) --> [410, 30]
280 (33.7729) --> [340, 118]
281 (51.0624) --> [46]
282 (23.7477) --> [395]
283 (26.5662) --> [32]
284 --> []
285 (35.9154) --> [385]
286 --> []
287 (30.5796) --> [477]
288 (3.5396) --> [265]
289 (34.1726) --> [217]
290 (34.1815) --> [221]
291 --> []
292 --> []
293 --> []
294 (15.2750) --> [119]
295 (28.1974) --> [338]
296 (40.1091) --> [269, 291]
297 (11.8083) --> [347]
298 (7.9000) --> [165]
299 (31.5504) --> [21]
300 (24.6286) --> [286]
301 (34.7521) --> [359]
302 (59.6738) --> [377]
303 (20.7475) --> [123]
304 (22.6765) --> [10]
305 (34.1806) --> [344]
306 (26.7725) --> [157, 319]
307 (49.5849) --> [200, 369]
308 (26.6812) --> [399]
309 (31.9136) --> [103, 208, 285]
310 (28.5265) --> [293, 437]
311 (62.0698) --> [431]
312 (11.9136) --> [367]
313 --> []
314 (7.1412) --> [124]
315 (35.8076) --> [6]
316 (26.5375) --> [190]
317 (18.6937) --> [473]
318 (39.4248) --> [302]
319 (30.7061) --> [234]
320 --> []
321 --> []
322 (13.7279) --> [380]
323 (28.6012) --> [222]
324 --> []
325 --> []
326 (48.0920) --> [323, 45]
327 (15.5829) --> [210]
328 (17.6096) --> [57]
329 (17.0193) --> [314]
330 (69.4596) --> [173]
331 (26.0848) --> [358]
332 (53.9755) --> [416]
333 (43.7448) --> [365, 215]
334 (13.7579) --> [1, 363]
335 (23.6364) --> [41]
336 --> []
337 (21.6941) --> [339]
338 (11.3266) --> [58]
339 (50.0816) --> [244, 458]
340 (10.4760) --> [335]
341 (30.2662) --> [317]
342 --> []
343 (35.2822) --> [29]
344 --> []
345 (22.2289) --> [459]
346 (28.3670) --> [91]
347 (20.1812) --> [93]
348 (44.7786) --> [187]
349 (23.2511) --> [15]
350 (44.0036) --> [99]
351 (50.6974) --> [453]
352 (4.5078) --> [485]
353 (37.2991) --> [281, 49]
354 (62.3751) --> [414]
355 (35.6399) --> [77]
356 --> []
357 --> []
358 (31.1315) --> [14]
359 --> []
360 (58.8633) --> [235, 183]
361 (15.5394) --> [63]
362 --> []
363 (12.0726) --> [306]
364 --> []
365 (28.1973) --> [67]
366 (57.6019) --> [52, 248]
367 (62.9468) --> [174, 252]
368 --> []
369 --> []
370 (29.5895) --> [153]
371 (10.8396) --> [131]
372 (55.7766) --> [362, 186]
373 (17.8442) --> [87]
374 (46.8984) --> [280]
375 (29.0061) --> [40, 16]
376 (13.2054) --> [218]
377 (30.5179) --> [219]
378 --> []
379 --> []
380 (42.8216) --> [256, 17]
381 (56.7932) --> [424, 451]
382 --> []
383 (25.6871) --> [43]
384 (2.9816) --> [19]
385 (40.4269) --> [464]
386 (26.8634) --> [438]
387 (38.7750) --> [266, 48]
388 --> []
389 (43.6443) --> [483, 121]
390 (12.2201) --> [405]
391 --> []
392 (40.8008) --> [389, 205]
393 --> []
394 (21.7947) --> [31]
395 (42.1189) --> [195, 422]
396 (12.0233) --> [44]
397 (22.0194) --> [227]
398 (37.4729) --> [327]
399 (17.9253) --> [239]
400 (20.7662) --> [283]
401 --> []
402 (45.2572) --> [198, 59]
403 (17.2572) --> [447]
404 (28.1467) --> [164, 434]
405 (26.2971) --> [11]
406 --> []
407 (52.5057) --> [132]
408 (8.8641) --> [184]
409 --> []
410 --> []
411 (23.1292) --> [436, 312]
412 (15.6819) --> [278]
413 (46.0671) --> [268, 125]
414 --> []
415 --> []
416 (41.8466) --> [135]
417 (52.2946) --> [79]
418 (53.9039) --> [427]
419 (45.3087) --> [352]
420 (10.4726) --> [251]
421 (25.5382) --> [476]
422 --> []
423 --> []
424 (5.1591) --> [294]
425 (40.4471) --> [55]
426 (37.6213) --> [136, 324]
427 (53.5162) --> [309, 2]
428 (30.3419) --> [407]
429 (61.0507) --> [460, 47]
430 --> []
431 (42.4761) --> [368]
432 (26.4017) --> [172]
433 (26.8646) --> [5, 18]
434 (58.2726) --> [111, 241]
435 (42.0449) --> [42]
436 --> []
437 (42.3128) --> [220, 134]
438 (59.1283) --> [182, 168]
439 --> []
440 (16.6791) --> [420]
441 (18.0258) --> [296]
442 --> []
443 (22.7041) --> [36]
444 (19.1829) --> [491, 233]
445 (29.8178) --> [466, 350]
446 (26.5308) --> [349, 445]
447 (20.5685) --> [203]
448 (44.2553) --> [411]
449 --> []
450 (34.3647) --> [374, 356]
451 (30.9235) --> [388, 470]
452 --> []
453 (51.7986) --> [428, 360]
454 (46.8047) --> [92, 117, 277]
455 (60.0011) --> [76]
456 (25.3556) --> [192]
457 (5.6754) --> [185]
458 (40.3562) --> [9]
459 (17.7199) --> [138]
460 (51.7688) --> [144]
461 --> []
462 --> []
463 (44.5506) --> [224]
464 (12.4377) --> [114]
465 --> []
466 (34.8995) --> [402]
467 --> []
468 (16.6095) --> [430, 28]
469 --> []
470 (33.5933) --> [8, 479]
471 (29.3370) --> [180]
472 (28.2455) --> [481]
473 (21.1687) --> [202]
474 (40.3300) --> [279]
475 --> []
476 (24.2088) --> [81, 155]
477 (36.3142) --> [386]
478 --> []
479 (39.6346) --> [160]
480 (18.1082) --> [456]
481 (59.6496) --> [106, 237]
482 (27.2153) --> [462]
483 (46.4201) --> [433]
484 (40.2085) --> [170]
485 --> []
486 (44.0024) --> [443]
487 (37.5903) --> [196, 325, 355, 194]
488 --> []
489 (13.7185) --> [282]
490 (42.4796) --> [223]
491 (32.0026) --> [304]
492 --> []
493 (21.9204) --> [13]
494 (26.5114) --> [276]
495 (20.8803) --> [290]
496 (35.9918) --> [154, 295]
497 (32.2235) --> [273]
498 (47.7243) --> [384, 74]
499 (24.3590) --> [378]

final Solution energy: 2.2679434348625205E7
Calculated in 362505ms
Ants=1000, alpha=0.6, beta=3.0, evaporate factor=0.07
(for ../../mebp/mebp-11.dat)
