New best solution in iteration 0: 1.2232842899082553E9
AVG (iterations 0 to 20): 2.2043459420192246E9
New best solution in iteration 24: 8.044967147930888E8
AVG (iterations 20 to 40): 2.041884074862988E9
AVG (iterations 40 to 60): 2.0557221144246566E9
AVG (iterations 60 to 80): 1.9845476136821487E9
AVG (iterations 80 to 100): 2.2700427813217864E9
AVG (iterations 100 to 120): 2.314589182313611E9
AVG (iterations 120 to 140): 2.150972372104488E9
AVG (iterations 140 to 160): 1.620392778762312E9
New best solution in iteration 166: 6.146102996351559E8
New best solution in iteration 167: 3.1906657203748876E8
New best solution in iteration 172: 1.0450292813778186E8
AVG (iterations 160 to 180): 7.853464341152284E8
New best solution in iteration 186: 8.845899594477274E7
New best solution in iteration 188: 4.957823238785256E7
New best solution in iteration 189: 4.8167744602296814E7
New best solution in iteration 195: 4.6682492936071664E7
AVG (iterations 180 to 200): 1.4799143115110576E8
New best solution in iteration 203: 4.359398229553304E7
New best solution in iteration 209: 4.112239391410383E7
AVG (iterations 200 to 220): 5.8275521485026374E7
New best solution in iteration 228: 3.960142090923556E7
New best solution in iteration 229: 3.680372057931591E7
AVG (iterations 220 to 240): 4.25351012416103E7
AVG (iterations 240 to 260): 4.2957805818375796E7
AVG (iterations 260 to 280): 4.10978799978821E7
AVG (iterations 280 to 300): 4.163766806114946E7
AVG (iterations 300 to 320): 4.060588168553513E7
AVG (iterations 320 to 340): 4.129454609345632E7
AVG (iterations 340 to 360): 4.053510794356702E7
AVG (iterations 360 to 380): 4.004772368813111E7
AVG (iterations 380 to 400): 4.0509100678941704E7
AVG (iterations 400 to 420): 4.0450565579360336E7
AVG (iterations 420 to 440): 3.9869447134894684E7
AVG (iterations 440 to 460): 3.945853765332383E7
New best solution in iteration 470: 3.570138252920398E7
AVG (iterations 460 to 480): 3.9362544010195024E7
AVG (iterations 480 to 500): 3.939512167980185E7
AVG (iterations 500 to 520): 3.883993344035924E7
AVG (iterations 520 to 540): 3.976347064949658E7
New best solution in iteration 550: 3.5616775475902036E7
AVG (iterations 540 to 560): 3.935714845436867E7
AVG (iterations 560 to 580): 3.936395040281905E7
AVG (iterations 580 to 600): 3.891425407592599E7
AVG (iterations 600 to 620): 3.945315118534742E7
AVG (iterations 620 to 640): 3.969421293471895E7
AVG (iterations 640 to 660): 3.940274298941157E7
AVG (iterations 660 to 680): 3.943931643217181E7
AVG (iterations 680 to 700): 3.9723054917174436E7
AVG (iterations 700 to 720): 3.837699854832889E7
AVG (iterations 720 to 740): 3.898070530890176E7
AVG (iterations 740 to 760): 3.9055074667316064E7
AVG (iterations 760 to 780): 3.919503805324066E7
AVG (iterations 780 to 800): 3.9048711187660135E7
AVG (iterations 800 to 820): 3.991156944629644E7
AVG (iterations 820 to 840): 3.9280287259083256E7
AVG (iterations 840 to 860): 3.849938993917438E7
AVG (iterations 860 to 880): 3.892529255743636E7
AVG (iterations 880 to 900): 3.933625929842337E7
AVG (iterations 900 to 920): 3.887816080888893E7
AVG (iterations 920 to 940): 3.91501094434499E7
AVG (iterations 940 to 960): 3.8708176893851936E7
AVG (iterations 960 to 980): 3.955934018903588E7
Solution from ACO:
0 (79.8935) --> [60, 88]
1 --> []
2 (74.1257) --> [149, 174]
3 (46.7667) --> [106]
4 (100.7868) --> [126, 71]
5 --> []
6 (24.9379) --> [183, 184]
7 (47.4935) --> [98]
8 (44.3164) --> [59]
9 (66.1330) --> [188]
10 (87.3771) --> [82, 158]
11 (48.8867) --> [161, 31]
12 (64.5945) --> [124]
13 (24.5868) --> [83]
14 (59.4371) --> [125, 13]
15 (77.3147) --> [120, 118]
16 --> []
17 (69.4470) --> [23]
18 (77.5505) --> [136]
19 (15.8589) --> [80]
20 (54.2274) --> [29]
21 (93.4231) --> [176]
22 (46.4393) --> [198]
23 (68.8339) --> [4, 72]
24 (50.5707) --> [35, 101]
25 (62.2530) --> [38]
26 --> []
27 (39.5143) --> [160, 12]
28 (90.7262) --> [76]
29 (57.0992) --> [122]
30 --> []
31 --> []
32 (24.2387) --> [94]
33 (79.4878) --> [57]
34 (47.3489) --> [189]
35 (47.2239) --> [6]
36 --> []
37 --> []
38 --> []
39 (58.5552) --> [70]
40 (20.4670) --> [115]
41 --> []
42 (64.0796) --> [148]
43 (66.0053) --> [16]
44 (78.0813) --> [17, 123]
45 (61.7886) --> [144]
46 (49.6252) --> [177, 181]
47 --> []
48 (21.0803) --> [62]
49 (33.0435) --> [42]
50 (47.9093) --> [191]
51 (54.0073) --> [43]
52 --> []
53 (38.5809) --> [58]
54 (50.2577) --> [108]
55 --> []
56 (90.1731) --> [143]
57 (83.0220) --> [119]
58 (97.4076) --> [81, 141]
59 (137.6454) --> [7, 134]
60 (50.7539) --> [135, 56]
61 (44.5012) --> [10]
62 --> []
63 (35.0790) --> [2]
64 (50.3146) --> [73, 77]
65 --> []
66 (65.3760) --> [111]
67 --> []
68 (106.5386) --> [154, 65]
69 (59.8496) --> [91, 109]
70 (31.7030) --> [186, 165]
71 (68.3174) --> [196]
72 (108.5354) --> [153, 67]
73 (18.4900) --> [173]
74 (65.3835) --> [107]
75 --> []
76 --> []
77 --> []
78 (93.8780) --> [30, 182, 140]
79 --> []
80 (76.2024) --> [93]
81 (70.3255) --> [178, 9]
82 (37.4534) --> [41]
83 --> []
84 (6.3597) --> [127]
85 --> []
86 (66.0961) --> [151, 104]
87 (22.8446) --> [34]
88 (44.2907) --> [33]
89 (73.9264) --> [8]
90 --> []
91 (58.2183) --> [121, 166]
92 (26.2529) --> [138]
93 --> []
94 (46.8948) --> [157, 3]
95 (69.7924) --> [48, 32]
96 (20.6043) --> [14]
97 --> []
98 --> []
99 (40.2091) --> [199]
100 --> []
101 (50.1557) --> [187, 100]
102 --> []
103 --> []
104 (47.5087) --> [145, 28]
105 (32.0778) --> [163]
106 (31.9595) --> [192]
107 (64.9524) --> [11]
108 --> []
109 (69.3790) --> [159, 53, 162]
110 (60.2494) --> [89]
111 (38.9471) --> [92]
112 --> []
113 (40.5663) --> [156]
114 (66.0287) --> [49]
115 (47.2802) --> [44]
116 (24.3799) --> [74]
117 (50.1890) --> [22]
118 (77.2884) --> [103]
119 (43.1406) --> [129]
120 --> []
121 (9.7939) --> [170]
122 (86.7286) --> [64]
123 (16.6104) --> [5]
124 (19.7954) --> [52]
125 (57.1592) --> [55, 152]
126 (60.1896) --> [131]
127 --> []
128 (60.8322) --> [190]
129 (35.2396) --> [69]
130 (100.7948) --> [167, 105]
131 (61.9207) --> [63, 90]
132 (47.7478) --> [79, 18]
133 (20.8680) --> [185]
134 --> []
135 (54.3552) --> [68]
136 (14.1887) --> [87, 128]
137 (10.9882) --> [179]
138 (48.9745) --> [51]
139 (62.2339) --> [66, 147]
140 (84.3818) --> [172, 113]
141 --> []
142 (43.2417) --> [169]
143 --> []
144 (78.1662) --> [78, 84]
145 (30.5363) --> [19]
146 (83.4053) --> [25]
147 --> []
148 --> []
149 (9.5867) --> [1]
150 (25.9810) --> [130]
151 (70.9014) --> [95]
152 --> []
153 --> []
154 (73.2063) --> [137, 194]
155 (24.3551) --> [27]
156 (50.9969) --> [132]
157 (47.5557) --> [142]
158 (39.1291) --> [15]
159 --> []
160 (57.7324) --> [168]
161 --> []
162 (51.1143) --> [114]
163 (26.2115) --> [197]
164 (43.7316) --> [37, 117]
165 (18.2917) --> [133]
166 --> []
167 (62.5631) --> [97]
168 (63.5472) --> [54]
169 (22.0641) --> [99]
170 --> []
171 (57.1881) --> [36, 85]
172 --> []
173 (52.3414) --> [96, 46]
174 (68.4925) --> [195]
175 (34.8910) --> [180, 50]
176 (69.2774) --> [110, 155, 47]
177 --> []
178 --> []
179 (44.4657) --> [171]
180 --> []
181 --> []
182 --> []
183 --> []
184 (36.3325) --> [40]
185 --> []
186 (77.1496) --> [75, 150]
187 (39.6079) --> [139]
188 (44.1699) --> [20]
189 (36.9040) --> [164, 102]
190 (29.0837) --> [86]
191 (51.0900) --> [24]
192 --> []
193 (75.6153) --> [175]
194 (95.5582) --> [45, 146]
195 (35.6416) --> [61, 112]
196 (27.9495) --> [21]
197 (40.9359) --> [26]
198 (38.2585) --> [39]
199 (39.7958) --> [193, 116]

Solution energy from ACO: 3.5616775475902036E7
trying to improve with local search...
final Solution:
0 (79.8935) --> [60, 88]
1 --> []
2 (74.1257) --> [149, 174]
3 (46.7667) --> [106]
4 (100.7868) --> [126, 71]
5 --> []
6 (24.9379) --> [183, 184]
7 (47.4935) --> [98]
8 (44.3164) --> [59]
9 (66.1330) --> [188]
10 (87.3771) --> [82, 158]
11 (48.8867) --> [161, 31]
12 (64.5945) --> [124]
13 (24.5868) --> [83]
14 (59.4371) --> [125, 13]
15 (77.3147) --> [120, 118]
16 --> []
17 (69.4470) --> [23]
18 (77.5505) --> [136]
19 (15.8589) --> [80]
20 (54.2274) --> [29]
21 (93.4231) --> [176]
22 (46.4393) --> [198]
23 (68.8339) --> [4, 72]
24 (50.5707) --> [35, 101]
25 (62.2530) --> [38]
26 --> []
27 (39.5143) --> [160, 12]
28 (90.7262) --> [76]
29 (57.0992) --> [122]
30 --> []
31 --> []
32 (24.2387) --> [94]
33 (79.4878) --> [57]
34 (47.3489) --> [189]
35 (47.2239) --> [6]
36 --> []
37 --> []
38 --> []
39 (58.5552) --> [70]
40 (20.4670) --> [115]
41 --> []
42 (64.0796) --> [148]
43 (66.0053) --> [16]
44 (78.0813) --> [17, 123]
45 (61.7886) --> [144]
46 (49.6252) --> [177, 181]
47 --> []
48 (21.0803) --> [62]
49 (33.0435) --> [42]
50 (47.9093) --> [191]
51 (54.0073) --> [43]
52 --> []
53 (38.5809) --> [58]
54 (50.2577) --> [108]
55 --> []
56 (90.1731) --> [143]
57 (83.0220) --> [119]
58 (97.4076) --> [81, 141]
59 (44.3164) --> [7, 8]
60 (50.7539) --> [135, 56]
61 (44.5012) --> [10]
62 --> []
63 (35.0790) --> [2]
64 (50.3146) --> [73, 77]
65 --> []
66 (65.3760) --> [111]
67 --> []
68 (106.5386) --> [154, 65]
69 (59.8496) --> [91, 109]
70 (31.7030) --> [186, 165]
71 (68.3174) --> [196]
72 (108.5354) --> [153, 67]
73 (18.4900) --> [173]
74 (65.3835) --> [107]
75 --> []
76 --> []
77 --> []
78 (93.8780) --> [30, 182, 140]
79 --> []
80 (76.2024) --> [93]
81 (70.3255) --> [178, 9]
82 (37.4534) --> [41]
83 --> []
84 (6.3597) --> [127]
85 --> []
86 (66.0961) --> [151, 104]
87 (22.8446) --> [34]
88 (44.2907) --> [33]
89 (141.8561) --> [134]
90 --> []
91 (58.2183) --> [121, 166]
92 (26.2529) --> [138]
93 --> []
94 (46.8948) --> [157, 3]
95 (69.7924) --> [48, 32]
96 (20.6043) --> [14]
97 --> []
98 --> []
99 (40.2091) --> [199]
100 --> []
101 (50.1557) --> [187, 100]
102 --> []
103 --> []
104 (47.5087) --> [145, 28]
105 (32.0778) --> [163]
106 (31.9595) --> [192]
107 (64.9524) --> [11]
108 --> []
109 (69.3790) --> [159, 53, 162]
110 (60.2494) --> [89]
111 (47.5241) --> [51]
112 --> []
113 (40.5663) --> [156]
114 (66.0287) --> [49]
115 (47.2802) --> [44]
116 (24.3799) --> [74]
117 (50.1890) --> [22]
118 (77.2884) --> [103]
119 (43.1406) --> [129]
120 --> []
121 (9.7939) --> [170]
122 (86.7286) --> [64]
123 (16.6104) --> [5]
124 (19.7954) --> [52]
125 (57.1592) --> [55, 152]
126 (60.1896) --> [131]
127 --> []
128 (60.8322) --> [190]
129 (35.2396) --> [69]
130 (100.7948) --> [167, 105]
131 (61.9207) --> [63, 90]
132 (47.7478) --> [79, 18]
133 (20.8680) --> [185]
134 --> []
135 (54.3552) --> [68]
136 (14.1887) --> [87, 128]
137 (10.9882) --> [179]
138 (26.2529) --> [92]
139 (62.2339) --> [66, 147]
140 (84.3818) --> [172, 113]
141 --> []
142 (43.2417) --> [169]
143 --> []
144 (78.1662) --> [78, 84]
145 (30.5363) --> [19]
146 (83.4053) --> [25]
147 --> []
148 --> []
149 (9.5867) --> [1]
150 (25.9810) --> [130]
151 (70.9014) --> [95]
152 --> []
153 --> []
154 (73.2063) --> [137, 194]
155 (24.3551) --> [27]
156 (50.9969) --> [132]
157 (47.5557) --> [142]
158 (39.1291) --> [15]
159 --> []
160 (57.7324) --> [168]
161 --> []
162 (51.1143) --> [114]
163 (26.2115) --> [197]
164 (43.7316) --> [37, 117]
165 (18.2917) --> [133]
166 --> []
167 (62.5631) --> [97]
168 (63.5472) --> [54]
169 (22.0641) --> [99]
170 --> []
171 (57.1881) --> [36, 85]
172 --> []
173 (52.3414) --> [96, 46]
174 (68.4925) --> [195]
175 (34.8910) --> [180, 50]
176 (69.2774) --> [110, 155, 47]
177 --> []
178 --> []
179 (44.4657) --> [171]
180 --> []
181 --> []
182 --> []
183 --> []
184 (36.3325) --> [40]
185 --> []
186 (77.1496) --> [75, 150]
187 (39.6079) --> [139]
188 (44.1699) --> [20]
189 (36.9040) --> [164, 102]
190 (29.0837) --> [86]
191 (51.0900) --> [24]
192 --> []
193 (75.6153) --> [175]
194 (95.5582) --> [45, 146]
195 (35.6416) --> [61, 112]
196 (27.9495) --> [21]
197 (40.9359) --> [26]
198 (38.2585) --> [39]
199 (39.7958) --> [193, 116]

final Solution energy: 3.549540979116297E7
Calculated in 31910ms
Ants=1000, alpha=0.6, beta=3.0, evaporate factor=0.07
(for ../../mebp/mebp-08.dat)
