New best solution in iteration 0: 2.4068775441830206E9
New best solution in iteration 1: 1.8263233638570912E9
New best solution in iteration 9: 1.5680336258718178E9
AVG (iterations 0 to 20): 2.6380128295819225E9
New best solution in iteration 26: 1.5200985768067737E9
New best solution in iteration 28: 1.4562829496253228E9
New best solution in iteration 30: 1.2107286932969682E9
New best solution in iteration 38: 1.1685435521536727E9
New best solution in iteration 40: 8.754789500154905E8
AVG (iterations 20 to 40): 2.1096790297247436E9
AVG (iterations 40 to 60): 2.1812677689947906E9
AVG (iterations 60 to 80): 2.5056656417788377E9
AVG (iterations 80 to 100): 2.6897055665628266E9
AVG (iterations 100 to 120): 2.6101332447453594E9
AVG (iterations 120 to 140): 2.2838774429774837E9
New best solution in iteration 147: 6.89925413957434E8
New best solution in iteration 160: 4.887824340363101E8
AVG (iterations 140 to 160): 1.8370897480129688E9
New best solution in iteration 166: 2.4681649383643228E8
New best solution in iteration 174: 1.1139541493653333E8
New best solution in iteration 176: 9.569985415241303E7
AVG (iterations 160 to 180): 4.804405610896529E8
New best solution in iteration 182: 8.218566647550024E7
New best solution in iteration 184: 7.726788776855834E7
New best solution in iteration 185: 7.127207938362211E7
New best solution in iteration 188: 6.2429622719193764E7
New best solution in iteration 189: 4.525381963817457E7
New best solution in iteration 192: 4.498709800424673E7
AVG (iterations 180 to 200): 9.426522364644997E7
New best solution in iteration 202: 4.2567807674691394E7
AVG (iterations 200 to 220): 5.124188060421386E7
New best solution in iteration 227: 4.143301091025761E7
New best solution in iteration 237: 4.106332627752539E7
New best solution in iteration 240: 3.959290448066945E7
AVG (iterations 220 to 240): 4.54572789136984E7
New best solution in iteration 241: 3.939440497226348E7
New best solution in iteration 243: 3.6527347367461115E7
AVG (iterations 240 to 260): 4.374200101581924E7
AVG (iterations 260 to 280): 4.336854903391184E7
AVG (iterations 280 to 300): 4.241736550823379E7
AVG (iterations 300 to 320): 4.197616639118123E7
New best solution in iteration 333: 3.627629525045264E7
AVG (iterations 320 to 340): 4.130258458809284E7
AVG (iterations 340 to 360): 4.18429072630028E7
AVG (iterations 360 to 380): 4.208718773828074E7
AVG (iterations 380 to 400): 4.162900233999416E7
AVG (iterations 400 to 420): 4.06169054269317E7
AVG (iterations 420 to 440): 3.9990782651973285E7
AVG (iterations 440 to 460): 4.113331608000662E7
AVG (iterations 460 to 480): 4.086194234485274E7
AVG (iterations 480 to 500): 4.152026675907303E7
AVG (iterations 500 to 520): 4.075316146004219E7
AVG (iterations 520 to 540): 4.0961476188944094E7
AVG (iterations 540 to 560): 4.080830912332435E7
New best solution in iteration 574: 3.5729216383104414E7
AVG (iterations 560 to 580): 3.9433484005366586E7
AVG (iterations 580 to 600): 3.979113086269111E7
AVG (iterations 600 to 620): 3.996313531143125E7
AVG (iterations 620 to 640): 4.03283911375852E7
AVG (iterations 640 to 660): 4.106663988516489E7
AVG (iterations 660 to 680): 4.048834941993024E7
AVG (iterations 680 to 700): 3.980596084055573E7
New best solution in iteration 709: 3.534872381971839E7
AVG (iterations 700 to 720): 4.0812112395825215E7
AVG (iterations 720 to 740): 4.150149896893503E7
AVG (iterations 740 to 760): 4.038860424402986E7
AVG (iterations 760 to 780): 3.969587888447876E7
AVG (iterations 780 to 800): 4.015183496026906E7
AVG (iterations 800 to 820): 4.128136312018313E7
AVG (iterations 820 to 840): 4.021259494333513E7
New best solution in iteration 843: 3.517640531958633E7
AVG (iterations 840 to 860): 3.9459741821393006E7
AVG (iterations 860 to 880): 3.996636604562626E7
AVG (iterations 880 to 900): 4.055290236147766E7
AVG (iterations 900 to 920): 3.9294946168229714E7
AVG (iterations 920 to 940): 4.059346679823955E7
New best solution in iteration 954: 3.453687968371321E7
AVG (iterations 940 to 960): 3.9963828949313454E7
AVG (iterations 960 to 980): 4.013239593761802E7
Solution from ACO:
0 (57.4104) --> [3, 49]
1 (68.3521) --> [169, 181]
2 (77.0372) --> [4]
3 (65.4979) --> [83, 185]
4 (26.6805) --> [199]
5 (83.5297) --> [131]
6 --> []
7 (14.9736) --> [98]
8 --> []
9 (30.1402) --> [59, 43]
10 --> []
11 (65.2901) --> [50]
12 (94.2032) --> [26, 177]
13 (26.4194) --> [108, 178]
14 --> []
15 (70.2932) --> [21, 183]
16 (32.6103) --> [44]
17 (66.2602) --> [136]
18 --> []
19 (53.4079) --> [100, 172]
20 (48.1023) --> [117]
21 (33.5808) --> [197]
22 (80.4276) --> [28, 160]
23 (20.6238) --> [180]
24 (93.3240) --> [96]
25 (69.5314) --> [35]
26 (78.6980) --> [65, 99]
27 (27.8342) --> [116]
28 (40.0808) --> [166]
29 --> []
30 (24.5645) --> [76]
31 (43.5924) --> [81]
32 (24.4448) --> [62]
33 (37.1910) --> [45]
34 (80.6281) --> [132, 74]
35 (78.4559) --> [75]
36 (16.9226) --> [192]
37 (57.8535) --> [31, 175]
38 --> []
39 --> []
40 --> []
41 (75.0929) --> [159, 52]
42 (55.8543) --> [153, 165, 18]
43 (76.9432) --> [70, 187]
44 (25.2678) --> [113]
45 (29.9677) --> [16]
46 (35.4028) --> [94]
47 (71.8133) --> [189]
48 (29.6354) --> [84, 12]
49 (57.4027) --> [104]
50 (69.0268) --> [143]
51 (44.6293) --> [128]
52 (54.3099) --> [33]
53 (58.4996) --> [124]
54 (32.4217) --> [154]
55 (52.7249) --> [123, 90]
56 (117.4626) --> [141]
57 (62.0123) --> [101]
58 --> []
59 (37.0027) --> [121]
60 (47.2470) --> [54]
61 --> []
62 (26.4004) --> [85]
63 (35.7406) --> [71]
64 (54.0959) --> [77]
65 (23.9829) --> [140]
66 (95.4418) --> [144, 72]
67 (75.7365) --> [114]
68 (51.6449) --> [156]
69 --> []
70 --> []
71 (46.3836) --> [68]
72 --> []
73 (16.1811) --> [39]
74 (36.0538) --> [78]
75 (110.5025) --> [29]
76 (31.7485) --> [73]
77 (73.3506) --> [51]
78 --> []
79 (38.7727) --> [110, 184]
80 (24.7345) --> [133]
81 --> []
82 (87.1868) --> [86]
83 (64.9849) --> [130]
84 --> []
85 (69.6264) --> [55]
86 (38.5806) --> [150]
87 (43.3600) --> [142]
88 (68.5425) --> [80, 20]
89 (30.2027) --> [190]
90 --> []
91 (3.7620) --> [193]
92 --> []
93 (59.2817) --> [53]
94 (49.4191) --> [147]
95 (60.6747) --> [19]
96 (73.4327) --> [118]
97 --> []
98 --> []
99 (33.6610) --> [112]
100 (21.1606) --> [188]
101 (48.3496) --> [23, 164]
102 (45.5428) --> [170, 105]
103 (51.4655) --> [37, 66]
104 (41.4763) --> [1]
105 (41.1877) --> [163, 125, 129]
106 --> []
107 (31.7567) --> [56]
108 (26.8486) --> [126]
109 (31.2195) --> [152]
110 (60.7587) --> [47]
111 (83.7386) --> [106, 27]
112 --> []
113 (67.0276) --> [93]
114 (53.3229) --> [25]
115 (24.2208) --> [107]
116 (69.0839) --> [161]
117 --> []
118 (72.4755) --> [7, 146]
119 (83.5959) --> [79, 174]
120 (50.9036) --> [82]
121 (24.2936) --> [137]
122 (60.7313) --> [162, 11]
123 --> []
124 (72.0200) --> [157, 67]
125 (56.4451) --> [88, 10]
126 (11.3241) --> [115]
127 (39.6311) --> [198]
128 (68.8368) --> [91, 119]
129 --> []
130 (113.0407) --> [155]
131 (11.1609) --> [173]
132 (72.2928) --> [122]
133 --> []
134 (91.1919) --> [57, 148]
135 --> []
136 (46.1352) --> [30, 135]
137 --> []
138 (32.2916) --> [145, 111]
139 (16.3565) --> [97]
140 (42.9862) --> [151, 168]
141 (58.2641) --> [158, 58]
142 (26.1135) --> [6]
143 --> []
144 (64.7644) --> [167]
145 (78.0523) --> [176]
146 --> []
147 (34.5598) --> [24]
148 (55.6577) --> [149]
149 (52.7059) --> [171, 182]
150 (59.2291) --> [63]
151 --> []
152 (41.8593) --> [64]
153 (67.6998) --> [196]
154 (48.1583) --> [92]
155 (102.3819) --> [139]
156 (52.3184) --> [34, 69]
157 --> []
158 --> []
159 (15.9291) --> [127]
160 --> []
161 (10.9966) --> [17]
162 (76.9503) --> [15, 60]
163 --> []
164 (43.2679) --> [102]
165 (61.0175) --> [134]
166 (16.3659) --> [186]
167 --> []
168 --> []
169 (47.5302) --> [195]
170 (59.7545) --> [109, 179]
171 (38.2644) --> [8]
172 (50.7679) --> [120]
173 (86.9582) --> [32]
174 (9.4817) --> [40]
175 (40.4707) --> [13]
176 --> []
177 --> []
178 (49.3628) --> [191]
179 (36.1528) --> [2]
180 --> []
181 (35.0811) --> [103]
182 (71.7808) --> [41]
183 (81.7474) --> [14, 5]
184 (24.1206) --> [138]
185 --> []
186 --> []
187 (48.2443) --> [194]
188 --> []
189 (59.9521) --> [89, 48]
190 --> []
191 (106.7277) --> [22, 95]
192 (36.1101) --> [87]
193 (12.1663) --> [9]
194 (10.4776) --> [38]
195 --> []
196 --> []
197 (72.3605) --> [42]
198 (17.1868) --> [36]
199 (55.8941) --> [46, 61]

Solution energy from ACO: 3.453687968371321E7
trying to improve with local search...
final Solution:
0 (57.4104) --> [3, 49]
1 (68.3521) --> [169, 181]
2 (77.0372) --> [4]
3 (65.4979) --> [83, 185]
4 (26.6805) --> [199]
5 (83.5297) --> [131]
6 --> []
7 (14.9736) --> [98]
8 --> []
9 (30.1402) --> [59, 43]
10 --> []
11 (65.2901) --> [50]
12 (54.5192) --> [26, 48]
13 (26.4194) --> [108, 178]
14 --> []
15 (70.2932) --> [21, 183]
16 (32.6103) --> [44]
17 (66.2602) --> [136]
18 --> []
19 (53.4079) --> [100, 172]
20 (48.1023) --> [117]
21 (33.5808) --> [197]
22 (80.4276) --> [28, 160]
23 (20.6238) --> [180]
24 (93.3240) --> [96]
25 (69.5314) --> [35]
26 (78.6980) --> [65, 99]
27 (27.8342) --> [116]
28 (40.0808) --> [166]
29 --> []
30 (24.5645) --> [76]
31 (43.5924) --> [81]
32 (24.4448) --> [62]
33 (37.1910) --> [45]
34 (80.6281) --> [132, 74]
35 (78.4559) --> [75]
36 (16.9226) --> [192]
37 (57.8535) --> [31, 175]
38 --> []
39 --> []
40 --> []
41 (75.0929) --> [159, 52]
42 (55.8543) --> [153, 165, 18]
43 (76.9432) --> [70, 187]
44 (25.2678) --> [113]
45 (29.9677) --> [16]
46 (35.4028) --> [94]
47 (71.8133) --> [189]
48 (29.6354) --> [84, 12]
49 (57.4027) --> [104]
50 (69.0268) --> [143]
51 (44.6293) --> [128]
52 (54.3099) --> [33]
53 (58.4996) --> [124]
54 (32.4217) --> [154]
55 (52.7249) --> [123, 90]
56 (117.4626) --> [141]
57 (62.0123) --> [101]
58 --> []
59 (37.0027) --> [121]
60 (47.2470) --> [54]
61 --> []
62 (26.4004) --> [85]
63 (35.7406) --> [71]
64 (54.0959) --> [77]
65 (23.9829) --> [140]
66 (95.4418) --> [144, 72]
67 (75.7365) --> [114]
68 (51.6449) --> [156]
69 --> []
70 --> []
71 (46.3836) --> [68]
72 --> []
73 (16.1811) --> [39]
74 (36.0538) --> [78]
75 (110.5025) --> [29]
76 (31.7485) --> [73]
77 (73.3506) --> [51]
78 --> []
79 (38.7727) --> [110, 184]
80 (24.7345) --> [133]
81 --> []
82 (87.1868) --> [86]
83 (64.9849) --> [130]
84 --> []
85 (69.6264) --> [55]
86 (38.5806) --> [150]
87 (43.3600) --> [142]
88 (68.5425) --> [80, 20]
89 (30.2027) --> [190]
90 --> []
91 (3.7620) --> [193]
92 --> []
93 (59.2817) --> [53]
94 (49.4191) --> [147]
95 (60.6747) --> [19]
96 (73.4327) --> [118]
97 --> []
98 --> []
99 (33.6610) --> [112]
100 (21.1606) --> [188]
101 (48.3496) --> [23, 164]
102 (45.5428) --> [170, 105]
103 (51.4655) --> [37, 66]
104 (41.4763) --> [1]
105 (41.1877) --> [163, 125, 129]
106 --> []
107 (31.7567) --> [56]
108 (26.8486) --> [126]
109 (31.2195) --> [152]
110 (60.7587) --> [47]
111 (83.7386) --> [106, 27]
112 --> []
113 (67.0276) --> [93]
114 (53.3229) --> [25]
115 (24.2208) --> [107]
116 (69.0839) --> [161]
117 --> []
118 (72.4755) --> [7, 146]
119 (83.5959) --> [79, 174]
120 (50.9036) --> [82]
121 (24.2936) --> [137]
122 (60.7313) --> [162, 11]
123 --> []
124 (72.0200) --> [157, 67]
125 (56.4451) --> [88, 10]
126 (11.3241) --> [115]
127 (39.6311) --> [198]
128 (68.8368) --> [91, 119]
129 --> []
130 (113.0407) --> [155]
131 (11.1609) --> [173]
132 (72.2928) --> [122]
133 --> []
134 (91.1919) --> [57, 148]
135 --> []
136 (46.1352) --> [30, 135]
137 --> []
138 (32.2916) --> [145, 111]
139 (16.3565) --> [97]
140 (42.9862) --> [151, 168]
141 (58.2641) --> [158, 58]
142 (26.1135) --> [6]
143 --> []
144 (64.7644) --> [167]
145 (78.0523) --> [176]
146 --> []
147 (34.5598) --> [24]
148 (55.6577) --> [149]
149 (52.7059) --> [171, 182]
150 (59.2291) --> [63]
151 --> []
152 (41.8593) --> [64]
153 (67.6998) --> [196]
154 (48.1583) --> [92]
155 (102.3819) --> [139]
156 (52.3184) --> [34, 69]
157 --> []
158 --> []
159 (15.9291) --> [127]
160 --> []
161 (10.9966) --> [17]
162 (76.9503) --> [15, 60]
163 --> []
164 (43.2679) --> [102]
165 (61.0175) --> [134]
166 (16.3659) --> [186]
167 --> []
168 --> []
169 (47.5302) --> [195]
170 (59.7545) --> [109, 179]
171 (38.2644) --> [8]
172 (50.7679) --> [120]
173 (86.9582) --> [32]
174 (9.4817) --> [40]
175 (40.4707) --> [13]
176 --> []
177 --> []
178 (49.3628) --> [191]
179 (36.1528) --> [2]
180 --> []
181 (35.0811) --> [103]
182 (71.7808) --> [41]
183 (81.7474) --> [14, 5]
184 (24.1206) --> [138]
185 --> []
186 --> []
187 (48.2443) --> [194]
188 --> []
189 (94.2260) --> [89, 177]
190 --> []
191 (106.7277) --> [22, 95]
192 (36.1101) --> [87]
193 (12.1663) --> [9]
194 (10.4776) --> [38]
195 --> []
196 --> []
197 (72.3605) --> [42]
198 (17.1868) --> [36]
199 (55.8941) --> [46, 61]

final Solution energy: 3.448405407622097E7
Calculated in 29330ms
Ants=1000, alpha=0.6, beta=3.0, evaporate factor=0.07
(for ../../mebp/mebp-07.dat)
