New best solution in iteration 0: 2.03138894653384E9
New best solution in iteration 2: 1.6428834744559727E9
New best solution in iteration 6: 1.1313010116648595E9
AVG (iterations 0 to 20): 2.432939920968421E9
New best solution in iteration 26: 9.248570091994812E8
New best solution in iteration 31: 7.697567721413283E8
AVG (iterations 20 to 40): 2.196066148493318E9
AVG (iterations 40 to 60): 2.0371586923434262E9
AVG (iterations 60 to 80): 2.19863469696368E9
AVG (iterations 80 to 100): 2.2784070449410214E9
AVG (iterations 100 to 120): 2.232553693835849E9
AVG (iterations 120 to 140): 2.142646918064396E9
New best solution in iteration 159: 5.538408493871003E8
AVG (iterations 140 to 160): 1.6704880994643598E9
New best solution in iteration 164: 3.15667145520487E8
New best solution in iteration 170: 1.9382509803403056E8
New best solution in iteration 174: 9.766353600615497E7
New best solution in iteration 178: 8.160828502321756E7
New best solution in iteration 179: 7.111947029884759E7
AVG (iterations 160 to 180): 5.893013773015676E8
New best solution in iteration 183: 5.975151757991295E7
New best solution in iteration 191: 5.494561685822227E7
New best solution in iteration 192: 4.813081976615186E7
New best solution in iteration 194: 4.732213173436128E7
New best solution in iteration 195: 4.297497088286236E7
New best solution in iteration 196: 3.936604583935015E7
New best solution in iteration 200: 3.830227138185355E7
AVG (iterations 180 to 200): 9.270273910380262E7
New best solution in iteration 203: 3.807840870473621E7
New best solution in iteration 212: 3.62414841141323E7
AVG (iterations 200 to 220): 4.374291147579415E7
AVG (iterations 220 to 240): 4.2673620764771834E7
AVG (iterations 240 to 260): 4.1258338614968434E7
AVG (iterations 260 to 280): 4.057419898490733E7
AVG (iterations 280 to 300): 3.911581673312741E7
AVG (iterations 300 to 320): 3.865566069685804E7
AVG (iterations 320 to 340): 3.864831593084695E7
New best solution in iteration 341: 3.553837329057982E7
AVG (iterations 340 to 360): 3.893210014161343E7
New best solution in iteration 378: 3.518650515597978E7
AVG (iterations 360 to 380): 3.847661914655609E7
New best solution in iteration 393: 3.472654301086831E7
AVG (iterations 380 to 400): 3.777217650014646E7
AVG (iterations 400 to 420): 3.862107877188729E7
AVG (iterations 420 to 440): 3.808150702682787E7
AVG (iterations 440 to 460): 3.763060815014772E7
AVG (iterations 460 to 480): 3.757784920377858E7
AVG (iterations 480 to 500): 3.7278456351255685E7
AVG (iterations 500 to 520): 3.7482754153952405E7
AVG (iterations 520 to 540): 3.740018203064667E7
AVG (iterations 540 to 560): 3.713180111192368E7
New best solution in iteration 572: 3.459757481166461E7
AVG (iterations 560 to 580): 3.706916630120163E7
AVG (iterations 580 to 600): 3.736023084456247E7
AVG (iterations 600 to 620): 3.784423408405274E7
New best solution in iteration 640: 3.304678205762452E7
AVG (iterations 620 to 640): 3.712305713713565E7
AVG (iterations 640 to 660): 3.727396983600225E7
AVG (iterations 660 to 680): 3.727694108870245E7
AVG (iterations 680 to 700): 3.679746801970693E7
AVG (iterations 700 to 720): 3.628155482798822E7
AVG (iterations 720 to 740): 3.740263495533056E7
AVG (iterations 740 to 760): 3.73194999401476E7
AVG (iterations 760 to 780): 3.67196092430183E7
AVG (iterations 780 to 800): 3.678157368880933E7
AVG (iterations 800 to 820): 3.645932361387277E7
AVG (iterations 820 to 840): 3.650636825973179E7
AVG (iterations 840 to 860): 3.717310681015232E7
AVG (iterations 860 to 880): 3.626804367661426E7
AVG (iterations 880 to 900): 3.6564491225352935E7
AVG (iterations 900 to 920): 3.7019257298783146E7
AVG (iterations 920 to 940): 3.6349921188154325E7
AVG (iterations 940 to 960): 3.7198223494925514E7
AVG (iterations 960 to 980): 3.6524045087333985E7
Solution from ACO:
0 (40.7285) --> [171, 69]
1 (21.3588) --> [130]
2 (21.7721) --> [96]
3 (30.9161) --> [198]
4 (35.7073) --> [68, 109]
5 (55.3400) --> [51, 43]
6 (29.5525) --> [111, 86]
7 (58.2813) --> [116, 75]
8 (17.4676) --> [59]
9 (47.6466) --> [157]
10 (25.9548) --> [184]
11 (50.9612) --> [187]
12 (38.1589) --> [178, 55]
13 --> []
14 --> []
15 (35.5397) --> [179]
16 (66.5082) --> [78, 186]
17 (46.5378) --> [110]
18 (70.4914) --> [162, 148]
19 (53.4736) --> [10]
20 (77.3988) --> [58]
21 --> []
22 (18.3288) --> [105]
23 (20.6407) --> [190]
24 (27.4194) --> [154]
25 --> []
26 --> []
27 (50.3562) --> [63]
28 (75.0707) --> [81, 79]
29 --> []
30 (33.3021) --> [46]
31 (39.7530) --> [131]
32 (58.7201) --> [27, 4]
33 --> []
34 (76.0014) --> [56, 100]
35 --> []
36 (35.1801) --> [84]
37 (43.5310) --> [127, 47]
38 (57.9326) --> [125]
39 --> []
40 --> []
41 --> []
42 (57.9809) --> [11, 182]
43 --> []
44 (65.8546) --> [151, 104]
45 --> []
46 (32.9081) --> [172]
47 (42.7071) --> [12]
48 (44.3948) --> [80]
49 (56.5572) --> [13, 173]
50 --> []
51 (15.3529) --> [102]
52 (68.1860) --> [175]
53 (82.3160) --> [31, 180]
54 (72.8015) --> [62, 65]
55 (73.6201) --> [197]
56 (47.1746) --> [144]
57 (51.6092) --> [126]
58 (24.9277) --> [36]
59 (23.6109) --> [26]
60 (30.1852) --> [37]
61 (75.8190) --> [140, 183, 33]
62 (46.2369) --> [103]
63 (31.0617) --> [121]
64 (52.4356) --> [139]
65 --> []
66 (81.0351) --> [98, 34]
67 (4.2715) --> [20]
68 --> []
69 (29.4563) --> [93, 52]
70 (61.7670) --> [161]
71 --> []
72 (72.1616) --> [99, 44]
73 (41.8461) --> [5]
74 (28.8107) --> [132]
75 (48.9242) --> [87, 23]
76 (37.5614) --> [35, 57]
77 (62.5016) --> [193]
78 (82.8387) --> [129]
79 --> []
80 (36.9411) --> [101, 92]
81 (74.6682) --> [122]
82 (16.9528) --> [114]
83 --> []
84 --> []
85 (44.6462) --> [177]
86 (55.5411) --> [89]
87 (32.7910) --> [32]
88 (98.5318) --> [82, 146]
89 (78.8202) --> [160, 106]
90 (67.3823) --> [6]
91 (27.4787) --> [88]
92 (30.8374) --> [124, 135]
93 (51.6437) --> [166, 18]
94 (15.2533) --> [91]
95 (47.3616) --> [134]
96 --> []
97 --> []
98 --> []
99 --> []
100 (126.5536) --> [189, 115]
101 --> []
102 (27.1809) --> [149]
103 (73.6854) --> [128, 42]
104 --> []
105 (84.2159) --> [199]
106 (45.2002) --> [95]
107 (74.5503) --> [113, 74, 21]
108 (45.0928) --> [94]
109 --> []
110 --> []
111 --> []
112 (18.0722) --> [64]
113 --> []
114 --> []
115 (62.3650) --> [155]
116 --> []
117 (55.9142) --> [40]
118 (30.9283) --> [45]
119 (71.0701) --> [153]
120 (88.8831) --> [188]
121 (31.6402) --> [170]
122 (52.7879) --> [1]
123 (91.0619) --> [70, 108]
124 (62.7298) --> [17, 67]
125 (63.8251) --> [24]
126 (37.8438) --> [39]
127 --> []
128 (60.6949) --> [192]
129 (91.0167) --> [112]
130 --> []
131 --> []
132 (30.1803) --> [54]
133 (57.4306) --> [156, 158]
134 (44.1641) --> [196]
135 (45.9289) --> [77]
136 --> []
137 --> []
138 (52.0436) --> [16]
139 (32.5510) --> [143, 168]
140 (76.9992) --> [145, 150]
141 (42.4112) --> [195]
142 --> []
143 (79.8324) --> [152]
144 (112.2480) --> [22]
145 (70.4235) --> [181]
146 --> []
147 (55.0882) --> [48]
148 --> []
149 (49.4825) --> [9, 164]
150 --> []
151 (76.1740) --> [61]
152 --> []
153 (66.3294) --> [138, 136]
154 --> []
155 --> []
156 (62.4667) --> [107]
157 (67.0019) --> [142, 19]
158 (60.7789) --> [176]
159 --> []
160 (63.5724) --> [119, 120]
161 (40.7840) --> [14]
162 --> []
163 --> []
164 --> []
165 (64.4980) --> [50, 76]
166 --> []
167 (57.0983) --> [49]
168 (35.3503) --> [72]
169 (63.7999) --> [41]
170 (80.9775) --> [29, 123, 117]
171 (38.1331) --> [167, 8]
172 (33.7777) --> [15]
173 (86.5515) --> [3, 7]
174 (56.7737) --> [25]
175 (91.0139) --> [165]
176 --> []
177 (57.6737) --> [90]
178 (49.8002) --> [194]
179 (78.7821) --> [174]
180 (59.2428) --> [85]
181 --> []
182 (50.6223) --> [141]
183 --> []
184 --> []
185 (39.8201) --> [71, 2]
186 (53.2967) --> [163, 66]
187 --> []
188 (60.3101) --> [133, 73]
189 --> []
190 (52.6760) --> [97]
191 (95.9255) --> [185]
192 (75.3041) --> [169]
193 (88.2505) --> [38]
194 (73.3116) --> [28, 118]
195 (24.3165) --> [191, 83]
196 (44.2278) --> [159, 60]
197 (59.3458) --> [30, 147]
198 (8.7938) --> [53]
199 (1.7514) --> [137]

Solution energy from ACO: 3.304678205762452E7
trying to improve with local search...
final Solution:
0 (40.7285) --> [171, 69]
1 (21.3588) --> [130]
2 (21.7721) --> [96]
3 (30.9161) --> [198]
4 (35.7073) --> [68, 109]
5 (55.3400) --> [51, 43]
6 (29.5525) --> [111, 86]
7 (58.2813) --> [116, 75]
8 (17.4676) --> [59]
9 (47.6466) --> [157]
10 (25.9548) --> [184]
11 (50.9612) --> [187]
12 (38.1589) --> [178, 55]
13 --> []
14 --> []
15 (35.5397) --> [179]
16 (66.5082) --> [78, 186]
17 (46.5378) --> [110]
18 (70.4914) --> [162, 148]
19 (53.4736) --> [10]
20 (77.3988) --> [58]
21 --> []
22 (18.3288) --> [105]
23 (20.6407) --> [190]
24 (27.4194) --> [154]
25 --> []
26 --> []
27 (50.3562) --> [63]
28 (75.0707) --> [81, 79]
29 --> []
30 (33.3021) --> [46]
31 (39.7530) --> [131]
32 (58.7201) --> [27, 4]
33 --> []
34 (76.0014) --> [100, 98]
35 --> []
36 (35.1801) --> [84]
37 (43.5310) --> [127, 47]
38 (57.9326) --> [125]
39 --> []
40 --> []
41 --> []
42 (57.9809) --> [11, 182]
43 --> []
44 (65.8546) --> [151, 104]
45 --> []
46 (32.9081) --> [172]
47 (42.7071) --> [12]
48 (44.3948) --> [80]
49 (56.5572) --> [13, 173]
50 --> []
51 (15.3529) --> [102]
52 (68.1860) --> [175]
53 (82.3160) --> [31, 180]
54 (72.8015) --> [62, 65]
55 (73.6201) --> [197]
56 (47.1746) --> [144]
57 (51.6092) --> [126]
58 (24.9277) --> [36]
59 (23.6109) --> [26]
60 (30.1852) --> [37]
61 (75.8190) --> [140, 183, 33]
62 (46.2369) --> [103]
63 (31.0617) --> [121]
64 (52.4356) --> [139]
65 --> []
66 (80.0550) --> [34, 56]
67 (4.2715) --> [20]
68 --> []
69 (29.4563) --> [93, 52]
70 (61.7670) --> [161]
71 --> []
72 (72.1616) --> [99, 44]
73 (41.8461) --> [5]
74 (28.8107) --> [132]
75 (48.9242) --> [87, 23]
76 (37.5614) --> [35, 57]
77 (62.5016) --> [193]
78 (82.8387) --> [129]
79 --> []
80 (36.9411) --> [101, 92]
81 (74.6682) --> [122]
82 (16.9528) --> [114]
83 --> []
84 --> []
85 (44.6462) --> [177]
86 (55.5411) --> [89]
87 (32.7910) --> [32]
88 (98.5318) --> [82, 146]
89 (78.8202) --> [160, 106]
90 (67.3823) --> [6]
91 (27.4787) --> [88]
92 (30.8374) --> [124, 135]
93 (51.6437) --> [166, 18]
94 (15.2533) --> [91]
95 (47.3616) --> [134]
96 --> []
97 --> []
98 --> []
99 --> []
100 (126.5536) --> [189, 115]
101 --> []
102 (27.1809) --> [149]
103 (73.6854) --> [128, 42]
104 --> []
105 (84.2159) --> [199]
106 (45.2002) --> [95]
107 (74.5503) --> [113, 74, 21]
108 (45.0928) --> [94]
109 --> []
110 --> []
111 --> []
112 (18.0722) --> [64]
113 --> []
114 --> []
115 (62.3650) --> [155]
116 --> []
117 (55.9142) --> [40]
118 (30.9283) --> [45]
119 (71.0701) --> [153]
120 (88.8831) --> [188]
121 (31.6402) --> [170]
122 (52.7879) --> [1]
123 (91.0619) --> [70, 108]
124 (62.7298) --> [17, 67]
125 (63.8251) --> [24]
126 (37.8438) --> [39]
127 --> []
128 (60.6949) --> [192]
129 (91.0167) --> [112]
130 --> []
131 --> []
132 (30.1803) --> [54]
133 (57.4306) --> [156, 158]
134 (44.1641) --> [196]
135 (45.9289) --> [77]
136 --> []
137 --> []
138 (52.0436) --> [16]
139 (32.5510) --> [143, 168]
140 (76.9992) --> [145, 150]
141 (42.4112) --> [195]
142 --> []
143 (79.8324) --> [152]
144 (112.2480) --> [22]
145 (70.4235) --> [181]
146 --> []
147 (55.0882) --> [48]
148 --> []
149 (49.4825) --> [9, 164]
150 --> []
151 (76.1740) --> [61]
152 --> []
153 (66.3294) --> [138, 136]
154 --> []
155 --> []
156 (62.4667) --> [107]
157 (67.0019) --> [142, 19]
158 (60.7789) --> [176]
159 --> []
160 (63.5724) --> [119, 120]
161 (40.7840) --> [14]
162 --> []
163 --> []
164 --> []
165 (64.4980) --> [50, 76]
166 --> []
167 (57.0983) --> [49]
168 (35.3503) --> [72]
169 (63.7999) --> [41]
170 (80.9775) --> [29, 123, 117]
171 (38.1331) --> [167, 8]
172 (33.7777) --> [15]
173 (86.5515) --> [3, 7]
174 (56.7737) --> [25]
175 (91.0139) --> [165]
176 --> []
177 (57.6737) --> [90]
178 (49.8002) --> [194]
179 (78.7821) --> [174]
180 (59.2428) --> [85]
181 --> []
182 (50.6223) --> [141]
183 --> []
184 --> []
185 (39.8201) --> [71, 2]
186 (53.2967) --> [163, 66]
187 --> []
188 (60.3101) --> [133, 73]
189 --> []
190 (52.6760) --> [97]
191 (95.9255) --> [185]
192 (75.3041) --> [169]
193 (88.2505) --> [38]
194 (73.3116) --> [28, 118]
195 (24.3165) --> [191, 83]
196 (44.2278) --> [159, 60]
197 (59.3458) --> [30, 147]
198 (8.7938) --> [53]
199 (1.7514) --> [137]

final Solution energy: 3.302770671581582E7
Calculated in 29016ms
Ants=1000, alpha=0.6, beta=3.0, evaporate factor=0.07
(for ../../mebp/mebp-09.dat)
