New best solution in iteration 0: 9.738044909422553E8
New best solution in iteration 6: 6.174559202793005E8
New best solution in iteration 16: 5.360207298533291E8
AVG (iterations 0 to 20): 1.2211549305047226E9
AVG (iterations 20 to 40): 1.1599349513523982E9
AVG (iterations 40 to 60): 1.2420813366138594E9
AVG (iterations 60 to 80): 1.4902348348644547E9
AVG (iterations 80 to 100): 1.2915692823893962E9
New best solution in iteration 104: 5.027919962573799E8
AVG (iterations 100 to 120): 1.2925575167720075E9
New best solution in iteration 136: 4.7979442345823157E8
AVG (iterations 120 to 140): 1.1596015337732902E9
New best solution in iteration 150: 3.846880487321891E8
New best solution in iteration 157: 2.5355767821700695E8
New best solution in iteration 159: 2.2571315106889048E8
AVG (iterations 140 to 160): 8.761968382369449E8
New best solution in iteration 164: 2.1363214487989333E8
New best solution in iteration 172: 1.2956823012724978E8
New best solution in iteration 174: 1.2777190440221132E8
AVG (iterations 160 to 180): 2.917639442096304E8
New best solution in iteration 185: 1.0541905247697943E8
New best solution in iteration 191: 1.0501959421289454E8
AVG (iterations 180 to 200): 1.5052178352980143E8
New best solution in iteration 204: 1.040813754809944E8
New best solution in iteration 215: 1.0321128212507309E8
AVG (iterations 200 to 220): 1.1325336606977506E8
New best solution in iteration 233: 1.0055685686712386E8
AVG (iterations 220 to 240): 1.0968233919744816E8
AVG (iterations 240 to 260): 1.1580804427934322E8
AVG (iterations 260 to 280): 1.1152870507829519E8
AVG (iterations 280 to 300): 1.122554087443053E8
AVG (iterations 300 to 320): 1.0789486556019077E8
AVG (iterations 320 to 340): 1.0791392296679111E8
AVG (iterations 340 to 360): 1.0657425184322652E8
AVG (iterations 360 to 380): 1.0781480092770939E8
AVG (iterations 380 to 400): 1.091075348420811E8
AVG (iterations 400 to 420): 1.0635640827342805E8
New best solution in iteration 424: 9.882641594779705E7
AVG (iterations 420 to 440): 1.0919965453569782E8
AVG (iterations 440 to 460): 1.0808119367317939E8
AVG (iterations 460 to 480): 1.0716456446250659E8
AVG (iterations 480 to 500): 1.0928287567632954E8
AVG (iterations 500 to 520): 1.0927862618249235E8
AVG (iterations 520 to 540): 1.0905229799144408E8
AVG (iterations 540 to 560): 1.0714252735139768E8
AVG (iterations 560 to 580): 1.076695503189462E8
AVG (iterations 580 to 600): 1.0602930151982617E8
AVG (iterations 600 to 620): 1.0781126508571753E8
AVG (iterations 620 to 640): 1.0593320993154943E8
AVG (iterations 640 to 660): 1.1040695114053924E8
AVG (iterations 660 to 680): 1.069670450689147E8
AVG (iterations 680 to 700): 1.0701591067918946E8
AVG (iterations 700 to 720): 1.0838606539818053E8
AVG (iterations 720 to 740): 1.0432910663585624E8
AVG (iterations 740 to 760): 1.0707933105106539E8
AVG (iterations 760 to 780): 1.0653666290844744E8
AVG (iterations 780 to 800): 1.0708863551968975E8
AVG (iterations 800 to 820): 1.0908191877573907E8
AVG (iterations 820 to 840): 1.0990461291257834E8
AVG (iterations 840 to 860): 1.0963995456590395E8
AVG (iterations 860 to 880): 1.0802336850179544E8
AVG (iterations 880 to 900): 1.0696208972292629E8
AVG (iterations 900 to 920): 1.0985212069554281E8
AVG (iterations 920 to 940): 1.0766683168961033E8
AVG (iterations 940 to 960): 1.0621965511998424E8
AVG (iterations 960 to 980): 1.076147385057251E8
Solution from ACO:
0 (169.9639) --> [13, 11, 3]
1 (206.7748) --> [23, 7]
2 (134.7746) --> [37, 42]
3 (165.7705) --> [41, 30]
4 (47.6455) --> [38]
5 (103.1818) --> [18, 33]
6 --> []
7 (162.1235) --> [27]
8 --> []
9 (166.9317) --> [10]
10 --> []
11 --> []
12 (143.9814) --> [24, 9]
13 (83.7100) --> [28]
14 --> []
15 (146.9264) --> [17]
16 (80.4861) --> [8, 48]
17 (76.7730) --> [40]
18 --> []
19 --> []
20 (117.9801) --> [16, 39]
21 --> []
22 (81.8189) --> [32, 19]
23 (309.7533) --> [14]
24 --> []
25 --> []
26 --> []
27 (70.3416) --> [44]
28 --> []
29 --> []
30 (51.5190) --> [26]
31 --> []
32 (119.5027) --> [4, 12]
33 (89.7049) --> [6]
34 (122.5425) --> [20, 46, 21]
35 (125.9577) --> [34, 5]
36 (27.8657) --> [29]
37 (48.2017) --> [31]
38 --> []
39 --> []
40 (236.5872) --> [1, 45]
41 (126.7247) --> [15, 36]
42 --> []
43 (67.1269) --> [22]
44 (120.3865) --> [2]
45 (148.5170) --> [35]
46 (77.2109) --> [47, 49]
47 (56.9242) --> [43]
48 --> []
49 (57.9581) --> [25]

Solution energy from ACO: 9.882641594779705E7
trying to improve with local search...
final Solution:
0 (169.9639) --> [13, 11, 3]
1 (231.3856) --> [7, 45]
2 (134.7746) --> [37, 42]
3 (165.7705) --> [41, 30]
4 (47.6455) --> [38]
5 (103.1818) --> [18, 33]
6 --> []
7 (162.1235) --> [27]
8 --> []
9 (166.9317) --> [10]
10 --> []
11 --> []
12 (143.9814) --> [24, 9]
13 (83.7100) --> [28]
14 --> []
15 (146.9264) --> [17]
16 (80.4861) --> [8, 48]
17 (76.7730) --> [40]
18 --> []
19 --> []
20 (109.3714) --> [16, 35]
21 --> []
22 (81.8189) --> [32, 19]
23 (309.7533) --> [14]
24 --> []
25 --> []
26 --> []
27 (70.3416) --> [44]
28 --> []
29 --> []
30 (51.5190) --> [26]
31 --> []
32 (119.5027) --> [4, 12]
33 (89.7049) --> [6]
34 (122.5425) --> [20, 46, 21]
35 (125.9577) --> [34, 5]
36 (27.8657) --> [29]
37 (48.2017) --> [31]
38 --> []
39 --> []
40 (119.8094) --> [1, 23]
41 (126.7247) --> [15, 36]
42 --> []
43 (67.1269) --> [22]
44 (120.3865) --> [2]
45 (150.8950) --> [39]
46 (77.2109) --> [47, 49]
47 (56.9242) --> [43]
48 --> []
49 (57.9581) --> [25]

final Solution energy: 9.067696831926502E7
Calculated in 2216ms
Ants=1000, alpha=0.6, beta=3.0, evaporate factor=0.07
(for ../../mebp/mebp-04.dat)
