New best solution in iteration 0: 4.984316706679773E9
New best solution in iteration 1: 4.526760655456761E9
New best solution in iteration 2: 3.7721525690120616E9
New best solution in iteration 3: 3.4916105017619624E9
New best solution in iteration 4: 3.3123413341457644E9
New best solution in iteration 7: 2.3815642312783957E9
New best solution in iteration 12: 2.16858515014238E9
New best solution in iteration 19: 1.8659273558308032E9
AVG (iterations 0 to 20): 3.3904339683790464E9
New best solution in iteration 33: 1.2865950434616864E9
AVG (iterations 20 to 40): 3.295452381453286E9
AVG (iterations 40 to 60): 3.6932016194758177E9
AVG (iterations 60 to 80): 3.4578208105255837E9
AVG (iterations 80 to 100): 3.774171994245028E9
AVG (iterations 100 to 120): 3.11719681916661E9
AVG (iterations 120 to 140): 3.3034927215631714E9
New best solution in iteration 153: 1.2792029340091703E9
AVG (iterations 140 to 160): 3.0797113218183975E9
New best solution in iteration 165: 9.671960537015632E8
New best solution in iteration 168: 7.196788599177483E8
New best solution in iteration 173: 5.471459670750545E8
AVG (iterations 160 to 180): 1.2539854238627512E9
New best solution in iteration 181: 3.616867005489627E8
New best solution in iteration 184: 1.0692142355960439E8
New best solution in iteration 190: 8.661256281341587E7
New best solution in iteration 195: 3.3764008220274344E7
New best solution in iteration 198: 2.6670130125341948E7
AVG (iterations 180 to 200): 3.178355309273844E8
New best solution in iteration 210: 2.6199862803712834E7
New best solution in iteration 213: 2.606689434529601E7
AVG (iterations 200 to 220): 3.0722685811292518E7
New best solution in iteration 231: 2.557499446817857E7
New best solution in iteration 233: 2.5540908009746864E7
New best solution in iteration 235: 2.511276310449786E7
New best solution in iteration 239: 2.49645312510888E7
AVG (iterations 220 to 240): 2.6934294635118973E7
New best solution in iteration 245: 2.468719275183319E7
AVG (iterations 240 to 260): 2.6481704811933253E7
New best solution in iteration 269: 2.4149736700529087E7
AVG (iterations 260 to 280): 2.5659358536517143E7
New best solution in iteration 295: 2.3505742183170754E7
AVG (iterations 280 to 300): 2.5080963187131055E7
New best solution in iteration 301: 2.2781568308008827E7
AVG (iterations 300 to 320): 2.3993817753120102E7
AVG (iterations 320 to 340): 2.4400262535548694E7
New best solution in iteration 348: 2.2417735820527703E7
AVG (iterations 340 to 360): 2.3989489481441416E7
AVG (iterations 360 to 380): 2.384762191423785E7
AVG (iterations 380 to 400): 2.41502596071378E7
AVG (iterations 400 to 420): 2.4067269960035104E7
AVG (iterations 420 to 440): 2.362341650117663E7
AVG (iterations 440 to 460): 2.3508612825913463E7
New best solution in iteration 470: 2.21634605345189E7
AVG (iterations 460 to 480): 2.3476010980624907E7
New best solution in iteration 481: 2.2067162939406134E7
AVG (iterations 480 to 500): 2.333707488679825E7
New best solution in iteration 505: 2.198908421648692E7
AVG (iterations 500 to 520): 2.342699889901706E7
AVG (iterations 520 to 540): 2.325327437356034E7
AVG (iterations 540 to 560): 2.331901833935074E7
AVG (iterations 560 to 580): 2.321611726497332E7
AVG (iterations 580 to 600): 2.3102299093234625E7
AVG (iterations 600 to 620): 2.3319219104740765E7
AVG (iterations 620 to 640): 2.3333959475802224E7
AVG (iterations 640 to 660): 2.3308508603279687E7
AVG (iterations 660 to 680): 2.3217658578118898E7
AVG (iterations 680 to 700): 2.3142619755338825E7
AVG (iterations 700 to 720): 2.2962693113860585E7
New best solution in iteration 724: 2.18819280551966E7
AVG (iterations 720 to 740): 2.316021912802073E7
New best solution in iteration 751: 2.1582500577091634E7
AVG (iterations 740 to 760): 2.3048193892732203E7
AVG (iterations 760 to 780): 2.3156095656136043E7
AVG (iterations 780 to 800): 2.2924052544358544E7
AVG (iterations 800 to 820): 2.310994830056962E7
AVG (iterations 820 to 840): 2.326703668572589E7
AVG (iterations 840 to 860): 2.3163258454070922E7
AVG (iterations 860 to 880): 2.3229713919591498E7
AVG (iterations 880 to 900): 2.289434805769567E7
AVG (iterations 900 to 920): 2.3182396900251403E7
AVG (iterations 920 to 940): 2.322474720840404E7
AVG (iterations 940 to 960): 2.294092977086456E7
AVG (iterations 960 to 980): 2.2915525136766635E7
Solution from ACO:
0 (29.7089) --> [348, 365]
1 (20.8746) --> [274]
2 (28.0261) --> [321, 466]
3 (41.2576) --> [293]
4 (28.6599) --> [300, 428]
5 (20.7732) --> [453]
6 (27.8157) --> [400]
7 (44.6439) --> [191, 316]
8 (28.1325) --> [423]
9 (13.5017) --> [384]
10 (20.0057) --> [305, 210]
11 --> []
12 (3.8906) --> [334, 158]
13 (30.8838) --> [299, 64]
14 (35.7584) --> [144]
15 (7.2948) --> [474]
16 (46.6063) --> [361, 436]
17 --> []
18 (23.1496) --> [208]
19 (53.7838) --> [111]
20 (68.6058) --> [104]
21 (49.3298) --> [484]
22 (33.3909) --> [157]
23 (40.4902) --> [426, 285]
24 (24.4420) --> [375]
25 (20.6404) --> [121]
26 (35.2555) --> [363]
27 --> []
28 (17.6668) --> [97]
29 (30.2369) --> [284]
30 --> []
31 --> []
32 (23.7876) --> [139]
33 --> []
34 (18.9936) --> [394]
35 (26.8023) --> [356]
36 (63.1251) --> [84]
37 (14.1046) --> [465]
38 (22.5747) --> [411]
39 (38.7545) --> [308, 5]
40 --> []
41 (29.6594) --> [376, 69]
42 (28.5838) --> [472, 81]
43 (19.6179) --> [108]
44 (32.6244) --> [494, 61]
45 (77.3278) --> [272]
46 (21.5857) --> [159, 17]
47 (21.2656) --> [451]
48 (11.4845) --> [228]
49 (34.1068) --> [225]
50 (29.0847) --> [219, 378]
51 (34.5401) --> [33]
52 (30.5361) --> [366]
53 (10.7409) --> [281]
54 --> []
55 --> []
56 (31.0887) --> [320, 236]
57 (18.6900) --> [288, 409]
58 --> []
59 (34.9489) --> [263]
60 (30.6124) --> [362, 52]
61 --> []
62 (19.3633) --> [190]
63 (14.5118) --> [497]
64 (27.1341) --> [196]
65 --> []
66 (40.1583) --> [53]
67 --> []
68 (20.8137) --> [96]
69 (31.5564) --> [496, 391]
70 --> []
71 (32.6906) --> [18]
72 (41.5778) --> [212]
73 (14.9335) --> [200]
74 --> []
75 (35.6568) --> [101]
76 (8.7699) --> [136]
77 (6.3186) --> [278]
78 (47.8936) --> [341, 372]
79 --> []
80 (20.4781) --> [222]
81 (58.8802) --> [234]
82 --> []
83 (25.7445) --> [85]
84 (28.1844) --> [168, 135]
85 (29.4288) --> [463]
86 (27.7436) --> [11]
87 (31.9680) --> [471]
88 (17.8105) --> [171, 164]
89 (53.0595) --> [280]
90 (29.4874) --> [148]
91 (55.7966) --> [16, 433]
92 (8.7733) --> [100]
93 (27.4818) --> [227]
94 (21.4311) --> [71]
95 (20.3368) --> [35]
96 (41.1026) --> [416]
97 (10.0200) --> [303]
98 (39.0457) --> [491]
99 (30.4415) --> [468]
100 (36.0659) --> [14]
101 (55.6663) --> [43, 369]
102 (8.3691) --> [311]
103 (28.3115) --> [386, 353]
104 --> []
105 (19.3042) --> [63]
106 --> []
107 (66.7456) --> [337]
108 (35.5726) --> [243]
109 (17.0280) --> [103]
110 --> []
111 (1.1390) --> [269]
112 --> []
113 (45.3668) --> [462, 457]
114 (27.7824) --> [60]
115 (25.7184) --> [113]
116 (54.4520) --> [201, 181]
117 (48.9179) --> [78]
118 (53.7114) --> [87, 187]
119 --> []
120 (46.6382) --> [431]
121 (37.7562) --> [130]
122 (16.8809) --> [163, 65]
123 --> []
124 --> []
125 --> []
126 (49.2223) --> [98]
127 (33.8289) --> [266, 256]
128 (53.5231) --> [323]
129 (16.4566) --> [476]
130 (55.8414) --> [254, 23]
131 (35.0009) --> [250]
132 (23.1872) --> [73]
133 --> []
134 (48.5371) --> [240, 333]
135 --> []
136 (55.0762) --> [314, 360]
137 --> []
138 (30.6621) --> [364]
139 (49.7480) --> [131, 106, 255]
140 (66.0855) --> [268]
141 (49.6755) --> [461]
142 (43.3801) --> [244, 368]
143 --> []
144 (23.5694) --> [327, 352]
145 (33.9844) --> [270, 419, 177]
146 (39.9188) --> [107, 252]
147 (54.0084) --> [443]
148 (22.9765) --> [38]
149 --> []
150 --> []
151 (21.2205) --> [286]
152 (8.4100) --> [8]
153 (4.4736) --> [40]
154 --> []
155 --> []
156 --> []
157 (45.2117) --> [424, 199, 92]
158 --> []
159 (43.0344) --> [194]
160 (63.5431) --> [489]
161 --> []
162 --> []
163 (17.2091) --> [237]
164 (27.1070) --> [235]
165 --> []
166 --> []
167 (31.7048) --> [493, 80]
168 (34.1208) --> [403]
169 (33.6301) --> [330]
170 (16.8844) --> [304]
171 (30.1491) --> [230]
172 --> []
173 (26.0793) --> [115]
174 --> []
175 (21.8941) --> [22]
176 --> []
177 --> []
178 (22.0453) --> [329]
179 (53.2425) --> [26, 127]
180 (12.6094) --> [174]
181 (13.8842) --> [27]
182 (33.1461) --> [205, 147]
183 (44.3279) --> [155]
184 (30.9129) --> [216]
185 (50.1199) --> [435]
186 (46.3529) --> [10]
187 (29.9289) --> [67]
188 (44.2244) --> [370]
189 (36.9182) --> [420, 487]
190 (20.1785) --> [76]
191 (16.1213) --> [430]
192 --> []
193 (13.4732) --> [176, 265]
194 (35.2196) --> [39, 169]
195 (47.9932) --> [102]
196 (57.2054) --> [446]
197 (30.7597) --> [118]
198 (22.6007) --> [192]
199 (65.5281) --> [94, 153]
200 --> []
201 --> []
202 --> []
203 (22.7096) --> [371]
204 (21.6515) --> [99]
205 (48.0600) --> [124]
206 --> []
207 (61.2114) --> [55]
208 --> []
209 --> []
210 --> []
211 (29.0432) --> [45]
212 (62.6329) --> [264, 15]
213 (14.5440) --> [297]
214 --> []
215 --> []
216 (33.8357) --> [207]
217 (60.4814) --> [490, 379, 355]
218 (24.5382) --> [44]
219 --> []
220 (38.4760) --> [247]
221 (22.1947) --> [359]
222 (15.3389) --> [271]
223 (53.4896) --> [88]
224 --> []
225 (23.1927) --> [151]
226 --> []
227 (7.2281) --> [233]
228 (25.6769) --> [282]
229 --> []
230 (20.6538) --> [89]
231 (51.5295) --> [260]
232 (30.6322) --> [380]
233 --> []
234 (48.5167) --> [326]
235 (37.4263) --> [242, 105]
236 --> []
237 (37.3278) --> [478]
238 (38.6602) --> [347]
239 (53.0297) --> [294]
240 (50.7472) --> [499]
241 --> []
242 (31.5150) --> [56, 458]
243 (45.7945) --> [231, 83]
244 (40.6735) --> [357, 448]
245 (14.4267) --> [322]
246 --> []
247 (44.2099) --> [467]
248 (42.1450) --> [137, 66, 429]
249 (36.1360) --> [253]
250 (6.4065) --> [116]
251 (50.1456) --> [427]
252 (3.1979) --> [397]
253 (47.4129) --> [392]
254 (31.7437) --> [197]
255 (45.8464) --> [79]
256 (45.3441) --> [241]
257 --> []
258 --> []
259 (27.2279) --> [350]
260 --> []
261 (23.6359) --> [120]
262 (24.3106) --> [77]
263 (30.0516) --> [36]
264 --> []
265 (35.7919) --> [42]
266 (48.4404) --> [387]
267 --> []
268 --> []
269 (25.1525) --> [91]
270 (43.4897) --> [415]
271 (11.2533) --> [470]
272 --> []
273 (27.0454) --> [408]
274 --> []
275 (22.1408) --> [239, 318, 30]
276 (23.0330) --> [109]
277 (7.2574) --> [59]
278 (25.2642) --> [399]
279 (21.3918) --> [398]
280 (29.1631) --> [275]
281 (14.7186) --> [21]
282 (25.3527) --> [4, 486]
283 (35.6863) --> [24, 86]
284 (33.8644) --> [488]
285 --> []
286 --> []
287 --> []
288 --> []
289 (20.9287) --> [20]
290 (33.4905) --> [289]
291 (24.0088) --> [46, 261]
292 (44.7097) --> [57, 211]
293 (36.4775) --> [396]
294 (50.3890) --> [258]
295 (42.9774) --> [382, 48]
296 --> []
297 (63.4491) --> [332, 183]
298 --> []
299 (62.8323) --> [290]
300 (28.9771) --> [74]
301 (52.7212) --> [172, 279]
302 (46.9094) --> [95]
303 (7.0914) --> [93]
304 (27.0089) --> [213]
305 --> []
306 (22.6362) --> [1, 336]
307 (7.4504) --> [51]
308 (28.5403) --> [12]
309 --> []
310 --> []
311 (23.5144) --> [309, 464]
312 (17.3626) --> [58]
313 (48.5603) --> [31, 402]
314 --> []
315 --> []
316 --> []
317 --> []
318 (30.9855) --> [331]
319 (56.8930) --> [460]
320 (10.1945) --> [154]
321 (49.1947) --> [373, 112]
322 (64.8302) --> [417, 32]
323 (60.4617) --> [215, 3]
324 --> []
325 (46.8620) --> [395]
326 (29.8974) --> [343, 495]
327 (8.1315) --> [354]
328 (47.8421) --> [444]
329 (40.2541) --> [47]
330 (4.2300) --> [249]
331 --> []
332 (27.8045) --> [68, 165]
333 (11.7929) --> [324]
334 (6.0594) --> [306]
335 --> []
336 (51.5224) --> [344, 195]
337 (23.0104) --> [292]
338 --> []
339 (49.7158) --> [245]
340 (32.5407) --> [202, 186]
341 --> []
342 --> []
343 (26.2201) --> [259]
344 (38.9304) --> [442, 161]
345 (28.7586) --> [232, 54, 439]
346 (17.7767) --> [407]
347 (35.7960) --> [50]
348 (34.0160) --> [405]
349 (24.0079) --> [90]
350 (53.4975) --> [425]
351 (6.9641) --> [220]
352 (17.7708) --> [422]
353 --> []
354 (48.9679) --> [167]
355 --> []
356 --> []
357 --> []
358 (61.9682) --> [162, 404, 150, 246]
359 (51.3296) --> [438]
360 --> []
361 (30.7288) --> [301]
362 (34.4008) --> [180]
363 (37.3620) --> [217]
364 (46.4009) --> [447, 479]
365 (61.9081) --> [146]
366 --> []
367 --> []
368 (38.5806) --> [28]
369 --> []
370 (13.9051) --> [203]
371 (33.4657) --> [374]
372 (38.9882) --> [129, 41]
373 (42.6864) --> [349]
374 (33.5716) --> [152, 132]
375 (48.3830) --> [9]
376 --> []
377 (16.4410) --> [226]
378 (10.7263) --> [302]
379 (15.6321) --> [346]
380 --> []
381 (9.4248) --> [385, 406]
382 (36.0028) --> [393]
383 (28.8018) --> [25, 338, 70]
384 (36.0750) --> [307]
385 (21.4110) --> [342]
386 --> []
387 (35.4852) --> [481, 298]
388 (41.7239) --> [312, 37]
389 (10.5158) --> [82, 223]
390 (32.8123) --> [381]
391 (20.0531) --> [143, 469]
392 --> []
393 (7.9837) --> [377]
394 (42.3500) --> [123]
395 (54.8621) --> [117, 140, 283]
396 (13.4221) --> [182]
397 --> []
398 (34.7926) --> [459, 277]
399 (39.2691) --> [145]
400 (40.1292) --> [291]
401 --> []
402 (11.1112) --> [276]
403 --> []
404 (45.6981) --> [6]
405 (38.1505) --> [412, 339]
406 (39.2384) --> [482, 156]
407 (15.0554) --> [175]
408 (30.0194) --> [204]
409 --> []
410 (42.9808) --> [437, 456]
411 (30.0880) --> [248]
412 (22.9739) --> [358]
413 (31.9486) --> [434, 317, 2]
414 (39.3436) --> [173]
415 --> []
416 (22.8240) --> [160]
417 (43.9292) --> [19, 351]
418 (23.6187) --> [188, 209, 445]
419 (25.1379) --> [440, 340]
420 (47.0483) --> [441]
421 (53.3978) --> [110, 449, 142]
422 (15.3167) --> [477, 141]
423 (4.3449) --> [119]
424 (21.9271) --> [390]
425 (43.7106) --> [454, 498]
426 (22.1026) --> [473]
427 (15.2052) --> [34]
428 --> []
429 (47.9985) --> [238]
430 (68.6502) --> [149]
431 --> []
432 --> []
433 (47.6794) --> [452, 49]
434 (40.4967) --> [310]
435 --> []
436 (23.0409) --> [388]
437 (53.1198) --> [401, 251]
438 --> []
439 --> []
440 --> []
441 --> []
442 (26.2502) --> [75]
443 (25.7741) --> [62]
444 --> []
445 --> []
446 (44.4041) --> [367, 125]
447 (20.4373) --> [475]
448 (47.0776) --> [189, 206]
449 (26.2971) --> [257]
450 (29.4965) --> [480, 7]
451 (9.3714) --> [383]
452 (20.9086) --> [295]
453 (50.1365) --> [72]
454 (11.2057) --> [414]
455 (45.5135) --> [483, 224]
456 (20.5230) --> [267]
457 (25.1384) --> [455]
458 (37.0681) --> [184, 170]
459 (32.8087) --> [287, 179]
460 (54.6238) --> [315]
461 (58.4005) --> [410, 328]
462 (16.2265) --> [122]
463 --> []
464 (18.1913) --> [262]
465 --> []
466 (16.3321) --> [185]
467 (18.5052) --> [389]
468 (8.5306) --> [166, 218]
469 (68.6267) --> [313]
470 (39.9181) --> [229, 138]
471 (37.9759) --> [133, 13]
472 (50.4526) --> [485, 325]
473 (47.5506) --> [432]
474 (37.4080) --> [178]
475 (41.7744) --> [128]
476 (29.6576) --> [126]
477 --> []
478 (25.5911) --> [214, 345]
479 (33.7127) --> [450]
480 (27.2689) --> [29]
481 (13.0605) --> [221]
482 (3.5691) --> [319]
483 (45.1738) --> [413]
484 (43.7617) --> [296]
485 (50.5283) --> [198]
486 (17.5357) --> [421]
487 (40.7083) --> [134]
488 --> []
489 (38.2180) --> [492]
490 --> []
491 (40.3226) --> [335, 273]
492 (37.7190) --> [418]
493 --> []
494 --> []
495 --> []
496 --> []
497 (10.8853) --> [114]
498 --> []
499 (5.9539) --> [193]

Solution energy from ACO: 2.1582500577091634E7
trying to improve with local search...
final Solution:
0 (29.7089) --> [348, 365]
1 (20.8746) --> [274]
2 (28.0261) --> [321, 466]
3 (41.2576) --> [293]
4 (28.6599) --> [300, 428]
5 (20.7732) --> [453]
6 (27.8157) --> [400]
7 (44.6439) --> [191, 316]
8 (28.1325) --> [423]
9 (13.5017) --> [384]
10 (20.0057) --> [305, 210]
11 --> []
12 (3.8906) --> [334, 158]
13 (30.8838) --> [299, 64]
14 (35.7584) --> [144]
15 (7.2948) --> [474]
16 (46.6063) --> [361, 436]
17 --> []
18 (23.1496) --> [208]
19 (53.7838) --> [111]
20 (68.6058) --> [104]
21 (49.3298) --> [484]
22 (33.3909) --> [157]
23 (40.4902) --> [426, 285]
24 (24.4420) --> [375]
25 (20.6404) --> [121]
26 (35.2555) --> [363]
27 --> []
28 (17.6668) --> [97]
29 (30.2369) --> [284]
30 --> []
31 --> []
32 (23.7876) --> [139]
33 --> []
34 (18.9936) --> [394]
35 (26.8023) --> [356]
36 (63.1251) --> [84]
37 (14.1046) --> [465]
38 (22.5747) --> [411]
39 (38.7545) --> [308, 5]
40 --> []
41 (29.6594) --> [376, 69]
42 (28.5838) --> [472, 81]
43 (19.6179) --> [108]
44 (32.6244) --> [494, 61]
45 (77.3278) --> [272]
46 (21.5857) --> [159, 17]
47 (21.2656) --> [451]
48 (11.4845) --> [228]
49 (34.1068) --> [225]
50 (29.0847) --> [219, 378]
51 (34.5401) --> [33]
52 (30.5361) --> [366]
53 (10.7409) --> [281]
54 --> []
55 --> []
56 (31.0887) --> [320, 236]
57 (18.6900) --> [288, 409]
58 --> []
59 (34.9489) --> [263]
60 (30.6124) --> [362, 52]
61 --> []
62 (19.3633) --> [190]
63 (14.5118) --> [497]
64 (27.1341) --> [196]
65 --> []
66 (40.1583) --> [53]
67 --> []
68 (20.8137) --> [96]
69 (31.5564) --> [496, 391]
70 --> []
71 (32.6906) --> [18]
72 (41.5778) --> [212]
73 (14.9335) --> [200]
74 --> []
75 (35.6568) --> [101]
76 (8.7699) --> [136]
77 (6.3186) --> [278]
78 (47.8936) --> [341, 372]
79 --> []
80 (20.4781) --> [222]
81 (58.8802) --> [234]
82 --> []
83 (25.7445) --> [85]
84 (28.1844) --> [168, 135]
85 (29.4288) --> [463]
86 (27.7436) --> [11]
87 (31.9680) --> [471]
88 (17.8105) --> [171, 164]
89 (53.0595) --> [280]
90 (29.4874) --> [148]
91 (55.7966) --> [16, 433]
92 (8.7733) --> [100]
93 (27.4818) --> [227]
94 (21.4311) --> [71]
95 (20.3368) --> [35]
96 (41.1026) --> [416]
97 (10.0200) --> [303]
98 (39.0457) --> [491]
99 (30.4415) --> [468]
100 (36.0659) --> [14]
101 (55.6663) --> [43, 369]
102 (8.3691) --> [311]
103 (28.3115) --> [386, 353]
104 --> []
105 (19.3042) --> [63]
106 --> []
107 (66.7456) --> [337]
108 (35.5726) --> [243]
109 (17.0280) --> [103]
110 --> []
111 (1.1390) --> [269]
112 --> []
113 (45.3668) --> [462, 457]
114 (27.7824) --> [60]
115 (25.7184) --> [113]
116 (54.4520) --> [201, 181]
117 (48.9179) --> [78]
118 (53.7114) --> [87, 187]
119 --> []
120 (46.6382) --> [431]
121 (37.7562) --> [130]
122 (16.8809) --> [163, 65]
123 --> []
124 --> []
125 --> []
126 (49.2223) --> [98]
127 (33.8289) --> [266, 256]
128 (53.5231) --> [323]
129 (16.4566) --> [476]
130 (55.8414) --> [254, 23]
131 (35.0009) --> [250]
132 (23.1872) --> [73]
133 --> []
134 (48.5371) --> [240, 333]
135 --> []
136 (55.0762) --> [314, 360]
137 --> []
138 (30.6621) --> [364]
139 (49.7480) --> [131, 106, 255]
140 (66.0855) --> [268]
141 (49.6755) --> [461]
142 (43.3801) --> [244, 368]
143 --> []
144 (23.5694) --> [327, 352]
145 (33.9844) --> [270, 419, 177]
146 (39.9188) --> [107, 252]
147 (54.0084) --> [443]
148 (22.9765) --> [38]
149 --> []
150 --> []
151 (21.2205) --> [286]
152 (8.4100) --> [8]
153 (4.4736) --> [40]
154 --> []
155 --> []
156 --> []
157 (45.2117) --> [424, 199, 92]
158 --> []
159 (43.0344) --> [194]
160 (63.5431) --> [489]
161 --> []
162 --> []
163 (17.2091) --> [237]
164 (27.1070) --> [235]
165 --> []
166 --> []
167 (31.7048) --> [493, 80]
168 (34.1208) --> [403]
169 (33.6301) --> [330]
170 (16.8844) --> [304]
171 (30.1491) --> [230]
172 --> []
173 (26.0793) --> [115]
174 --> []
175 (21.8941) --> [22]
176 --> []
177 --> []
178 (22.0453) --> [329]
179 (53.2425) --> [26, 127]
180 (12.6094) --> [174]
181 (13.8842) --> [27]
182 (33.1461) --> [205, 147]
183 (44.3279) --> [155]
184 (30.9129) --> [216]
185 (50.1199) --> [435]
186 (46.3529) --> [10]
187 (29.9289) --> [67]
188 (44.2244) --> [370]
189 (36.9182) --> [420, 487]
190 (20.1785) --> [76]
191 (16.1213) --> [430]
192 --> []
193 (13.4732) --> [176, 265]
194 (35.2196) --> [39, 169]
195 (47.9932) --> [102]
196 (57.2054) --> [446]
197 (30.7597) --> [118]
198 (22.6007) --> [192]
199 (65.5281) --> [94, 153]
200 --> []
201 --> []
202 --> []
203 (22.7096) --> [371]
204 (21.6515) --> [99]
205 (48.0600) --> [124]
206 --> []
207 (61.2114) --> [55]
208 --> []
209 --> []
210 --> []
211 (29.0432) --> [45]
212 (62.6329) --> [264, 15]
213 (14.5440) --> [297]
214 --> []
215 --> []
216 (33.8357) --> [207]
217 (60.4814) --> [490, 355, 407]
218 (24.5382) --> [44]
219 --> []
220 (38.4760) --> [247]
221 (22.1947) --> [359]
222 (15.3389) --> [271]
223 (53.4896) --> [88]
224 --> []
225 (23.1927) --> [151]
226 --> []
227 (7.2281) --> [233]
228 (25.6769) --> [282]
229 --> []
230 (20.6538) --> [89]
231 (51.5295) --> [260]
232 (30.6322) --> [380]
233 --> []
234 (48.5167) --> [326]
235 (37.4263) --> [242, 105]
236 --> []
237 (37.3278) --> [478]
238 (38.6602) --> [347]
239 (53.0297) --> [294]
240 (50.7472) --> [499]
241 --> []
242 (31.5150) --> [56, 458]
243 (45.7945) --> [231, 83]
244 (40.6735) --> [357, 448]
245 (14.4267) --> [322]
246 --> []
247 (44.2099) --> [467]
248 (42.1450) --> [137, 66, 429]
249 (36.1360) --> [253]
250 (6.4065) --> [116]
251 (50.1456) --> [427]
252 (3.1979) --> [397]
253 (47.4129) --> [392]
254 (31.7437) --> [197]
255 (45.8464) --> [79]
256 (45.3441) --> [241]
257 --> []
258 --> []
259 (27.2279) --> [350]
260 --> []
261 (23.6359) --> [120]
262 (24.3106) --> [77]
263 (30.0516) --> [36]
264 --> []
265 (35.7919) --> [42]
266 (48.4404) --> [387]
267 --> []
268 --> []
269 (25.1525) --> [91]
270 (43.4897) --> [415]
271 (11.2533) --> [470]
272 --> []
273 (27.0454) --> [408]
274 --> []
275 (22.1408) --> [239, 318, 30]
276 (23.0330) --> [109]
277 (7.2574) --> [59]
278 (25.2642) --> [399]
279 (21.3918) --> [398]
280 (29.1631) --> [275]
281 (14.7186) --> [21]
282 (25.3527) --> [4, 486]
283 (35.6863) --> [24, 86]
284 (33.8644) --> [488]
285 --> []
286 --> []
287 --> []
288 --> []
289 (20.9287) --> [20]
290 (33.4905) --> [289]
291 (24.0088) --> [46, 261]
292 (44.7097) --> [57, 211]
293 (36.4775) --> [396]
294 (50.3890) --> [258]
295 (42.9774) --> [382, 48]
296 --> []
297 (63.4491) --> [332, 183]
298 --> []
299 (62.8323) --> [290]
300 (28.9771) --> [74]
301 (52.7212) --> [172, 279]
302 (46.9094) --> [95]
303 (7.0914) --> [93]
304 (27.0089) --> [213]
305 --> []
306 (22.6362) --> [1, 336]
307 (7.4504) --> [51]
308 (28.5403) --> [12]
309 --> []
310 --> []
311 (23.5144) --> [309, 464]
312 (17.3626) --> [58]
313 (48.5603) --> [31, 402]
314 --> []
315 --> []
316 --> []
317 --> []
318 (30.9855) --> [331]
319 (56.8930) --> [460]
320 (10.1945) --> [154]
321 (49.1947) --> [373, 112]
322 (64.8302) --> [417, 32]
323 (60.4617) --> [215, 3]
324 --> []
325 (46.8620) --> [395]
326 (29.8974) --> [343, 495]
327 (8.1315) --> [354]
328 (47.8421) --> [444]
329 (40.2541) --> [47]
330 (4.2300) --> [249]
331 --> []
332 (27.8045) --> [68, 165]
333 (11.7929) --> [324]
334 (6.0594) --> [306]
335 --> []
336 (51.5224) --> [344, 195]
337 (23.0104) --> [292]
338 --> []
339 (49.7158) --> [245]
340 (32.5407) --> [202, 186]
341 --> []
342 --> []
343 (26.2201) --> [259]
344 (38.9304) --> [442, 161]
345 (28.7586) --> [232, 54, 439]
346 (15.6321) --> [379]
347 (35.7960) --> [50]
348 (34.0160) --> [405]
349 (24.0079) --> [90]
350 (53.4975) --> [425]
351 (6.9641) --> [220]
352 (17.7708) --> [422]
353 --> []
354 (48.9679) --> [167]
355 --> []
356 --> []
357 --> []
358 (61.9682) --> [162, 404, 150, 246]
359 (51.3296) --> [438]
360 --> []
361 (30.7288) --> [301]
362 (34.4008) --> [180]
363 (37.3620) --> [217]
364 (46.4009) --> [447, 479]
365 (61.9081) --> [146]
366 --> []
367 --> []
368 (38.5806) --> [28]
369 --> []
370 (13.9051) --> [203]
371 (33.4657) --> [374]
372 (38.9882) --> [129, 41]
373 (42.6864) --> [349]
374 (33.5716) --> [152, 132]
375 (48.3830) --> [9]
376 --> []
377 (16.4410) --> [226]
378 (10.7263) --> [302]
379 (15.6321) --> [346]
380 --> []
381 (9.4248) --> [385, 406]
382 (36.0028) --> [393]
383 (28.8018) --> [25, 338, 70]
384 (36.0750) --> [307]
385 (21.4110) --> [342]
386 --> []
387 (35.4852) --> [481, 298]
388 (41.7239) --> [312, 37]
389 (10.5158) --> [82, 223]
390 (32.8123) --> [381]
391 (20.0531) --> [143, 469]
392 --> []
393 (7.9837) --> [377]
394 (42.3500) --> [123]
395 (54.8621) --> [117, 140, 283]
396 (13.4221) --> [182]
397 --> []
398 (34.7926) --> [459, 277]
399 (39.2691) --> [145]
400 (40.1292) --> [291]
401 --> []
402 (11.1112) --> [276]
403 --> []
404 (45.6981) --> [6]
405 (38.1505) --> [412, 339]
406 (39.2384) --> [482, 156]
407 (15.0554) --> [175]
408 (30.0194) --> [204]
409 --> []
410 (42.9808) --> [437, 456]
411 (30.0880) --> [248]
412 (22.9739) --> [358]
413 (31.9486) --> [434, 317, 2]
414 (39.3436) --> [173]
415 --> []
416 (22.8240) --> [160]
417 (43.9292) --> [19, 351]
418 (23.6187) --> [188, 209, 445]
419 (25.1379) --> [440, 340]
420 (47.0483) --> [441]
421 (53.3978) --> [110, 449, 142]
422 (15.3167) --> [477, 141]
423 (4.3449) --> [119]
424 (21.9271) --> [390]
425 (43.7106) --> [454, 498]
426 (22.1026) --> [473]
427 (15.2052) --> [34]
428 --> []
429 (47.9985) --> [238]
430 (68.6502) --> [149]
431 --> []
432 --> []
433 (47.6794) --> [452, 49]
434 (40.4967) --> [310]
435 --> []
436 (23.0409) --> [388]
437 (53.1198) --> [401, 251]
438 --> []
439 --> []
440 --> []
441 --> []
442 (26.2502) --> [75]
443 (25.7741) --> [62]
444 --> []
445 --> []
446 (44.4041) --> [367, 125]
447 (20.4373) --> [475]
448 (47.0776) --> [189, 206]
449 (26.2971) --> [257]
450 (29.4965) --> [480, 7]
451 (9.3714) --> [383]
452 (20.9086) --> [295]
453 (50.1365) --> [72]
454 (11.2057) --> [414]
455 (45.5135) --> [483, 224]
456 (20.5230) --> [267]
457 (25.1384) --> [455]
458 (37.0681) --> [184, 170]
459 (32.8087) --> [287, 179]
460 (54.6238) --> [315]
461 (58.4005) --> [410, 328]
462 (16.2265) --> [122]
463 --> []
464 (18.1913) --> [262]
465 --> []
466 (16.3321) --> [185]
467 (18.5052) --> [389]
468 (8.5306) --> [166, 218]
469 (68.6267) --> [313]
470 (39.9181) --> [229, 138]
471 (37.9759) --> [133, 13]
472 (50.4526) --> [485, 325]
473 (47.5506) --> [432]
474 (37.4080) --> [178]
475 (41.7744) --> [128]
476 (29.6576) --> [126]
477 --> []
478 (25.5911) --> [214, 345]
479 (33.7127) --> [450]
480 (27.2689) --> [29]
481 (13.0605) --> [221]
482 (3.5691) --> [319]
483 (45.1738) --> [413]
484 (43.7617) --> [296]
485 (50.5283) --> [198]
486 (17.5357) --> [421]
487 (40.7083) --> [134]
488 --> []
489 (38.2180) --> [492]
490 --> []
491 (40.3226) --> [335, 273]
492 (37.7190) --> [418]
493 --> []
494 --> []
495 --> []
496 --> []
497 (10.8853) --> [114]
498 --> []
499 (5.9539) --> [193]

final Solution energy: 2.1580702803551547E7
Calculated in 363946ms
Ants=1000, alpha=0.6, beta=3.0, evaporate factor=0.07
(for ../../mebp/mebp-12.dat)
