New best solution in iteration 0: 1.3900624285246642E9
New best solution in iteration 6: 1.1168173336099327E9
New best solution in iteration 18: 1.0936360015730417E9
AVG (iterations 0 to 20): 2.1313960805224504E9
New best solution in iteration 21: 9.089749719977462E8
AVG (iterations 20 to 40): 1.99844867851987E9
AVG (iterations 40 to 60): 2.1412805616704063E9
New best solution in iteration 63: 6.881426941711038E8
AVG (iterations 60 to 80): 2.0886036108150096E9
AVG (iterations 80 to 100): 2.1334547638533676E9
AVG (iterations 100 to 120): 2.271979427216898E9
AVG (iterations 120 to 140): 2.1565155424847407E9
New best solution in iteration 154: 3.392895048686737E8
AVG (iterations 140 to 160): 1.5906485989353645E9
New best solution in iteration 165: 3.259262807315705E8
New best solution in iteration 168: 2.9460399347019386E8
New best solution in iteration 169: 2.4643780459361765E8
New best solution in iteration 172: 1.593774232717886E8
New best solution in iteration 177: 1.155058863217806E8
New best solution in iteration 179: 7.821812418135244E7
AVG (iterations 160 to 180): 5.038303599399618E8
New best solution in iteration 182: 7.52844157690456E7
New best solution in iteration 184: 7.149634752027676E7
New best solution in iteration 185: 5.9619078467368305E7
New best solution in iteration 187: 5.549174288716412E7
New best solution in iteration 191: 5.203218350585485E7
New best solution in iteration 196: 4.655312152835586E7
New best solution in iteration 197: 4.564757514128761E7
AVG (iterations 180 to 200): 9.717926327263238E7
New best solution in iteration 204: 4.4011664114796065E7
New best solution in iteration 206: 4.3231766728729926E7
New best solution in iteration 220: 4.260719080764191E7
AVG (iterations 200 to 220): 4.7432938432204075E7
New best solution in iteration 223: 4.02625553949475E7
New best solution in iteration 238: 3.953748994256304E7
AVG (iterations 220 to 240): 4.361313811936976E7
New best solution in iteration 250: 3.9397210837059714E7
New best solution in iteration 251: 3.926471558522104E7
AVG (iterations 240 to 260): 4.242119670062761E7
AVG (iterations 260 to 280): 4.238748199709408E7
AVG (iterations 280 to 300): 4.23958161000149E7
New best solution in iteration 301: 3.828275824322857E7
New best solution in iteration 320: 3.7887650344720535E7
AVG (iterations 300 to 320): 4.123656295516978E7
New best solution in iteration 326: 3.752063501268853E7
AVG (iterations 320 to 340): 4.067419038372653E7
AVG (iterations 340 to 360): 4.082664180496736E7
New best solution in iteration 364: 3.7512178054536514E7
AVG (iterations 360 to 380): 4.0764439789814085E7
AVG (iterations 380 to 400): 4.085640333265214E7
New best solution in iteration 412: 3.5826608157636985E7
AVG (iterations 400 to 420): 4.0538865501915224E7
AVG (iterations 420 to 440): 4.065708699363114E7
AVG (iterations 440 to 460): 4.0479521082639255E7
AVG (iterations 460 to 480): 4.06805210327896E7
AVG (iterations 480 to 500): 3.999766969026754E7
AVG (iterations 500 to 520): 4.0246905241156556E7
AVG (iterations 520 to 540): 4.031622813830222E7
AVG (iterations 540 to 560): 4.0345818134025306E7
AVG (iterations 560 to 580): 4.0262779000748724E7
AVG (iterations 580 to 600): 4.020390921272149E7
AVG (iterations 600 to 620): 3.984661577530898E7
AVG (iterations 620 to 640): 3.983582414841456E7
AVG (iterations 640 to 660): 3.9237899904846154E7
AVG (iterations 660 to 680): 4.005843496660163E7
AVG (iterations 680 to 700): 3.959596569539954E7
AVG (iterations 700 to 720): 3.9838314187836014E7
AVG (iterations 720 to 740): 3.894461910125028E7
AVG (iterations 740 to 760): 3.923928149292599E7
AVG (iterations 760 to 780): 3.944337174350617E7
AVG (iterations 780 to 800): 3.924055371446756E7
AVG (iterations 800 to 820): 3.870489592574553E7
AVG (iterations 820 to 840): 3.865758660749976E7
AVG (iterations 840 to 860): 3.9000160077168785E7
AVG (iterations 860 to 880): 3.932950816890811E7
AVG (iterations 880 to 900): 3.962986237212312E7
AVG (iterations 900 to 920): 3.896926870164286E7
AVG (iterations 920 to 940): 3.9771995721609645E7
AVG (iterations 940 to 960): 3.8795371019631796E7
AVG (iterations 960 to 980): 3.917590691845252E7
Solution from ACO:
0 (105.4858) --> [60, 88, 57]
1 (100.7649) --> [98]
2 (74.1257) --> [149, 174]
3 (46.7667) --> [106]
4 --> []
5 (74.8493) --> [153]
6 (35.8099) --> [183, 40]
7 (3.1793) --> [59]
8 (73.9264) --> [89]
9 (66.1330) --> [188]
10 (55.4588) --> [82]
11 (48.8867) --> [161, 31]
12 (86.9096) --> [54, 21, 124]
13 (24.5868) --> [83]
14 (50.4661) --> [125]
15 (39.1291) --> [158]
16 --> []
17 (69.4470) --> [23]
18 (73.5893) --> [128]
19 (15.8589) --> [80]
20 (54.2274) --> [29]
21 (27.9495) --> [196]
22 --> []
23 --> []
24 (59.1295) --> [35, 101, 100]
25 (62.2530) --> [38]
26 --> []
27 (39.5143) --> [12, 160]
28 --> []
29 (57.0992) --> [122]
30 (14.4783) --> [78]
31 --> []
32 (24.2387) --> [94]
33 --> []
34 (47.3489) --> [189]
35 --> []
36 --> []
37 (61.4861) --> [39]
38 --> []
39 (42.5508) --> [198, 165]
40 (20.4670) --> [115]
41 --> []
42 (64.0796) --> [148]
43 (66.0053) --> [16]
44 (68.8528) --> [123]
45 (86.6401) --> [84, 30]
46 (33.7098) --> [177]
47 --> []
48 --> []
49 (33.0435) --> [42]
50 (47.9093) --> [191]
51 (54.0073) --> [43]
52 --> []
53 (38.5809) --> [58]
54 (50.2577) --> [108]
55 (63.4301) --> [103]
56 (90.1731) --> [143]
57 (83.0220) --> [119]
58 (97.4076) --> [81, 141]
59 (44.3164) --> [8]
60 (50.7539) --> [56, 135]
61 (22.3227) --> [195]
62 (21.0803) --> [48]
63 (35.0790) --> [2]
64 (50.3146) --> [73, 77]
65 --> []
66 (65.3760) --> [111, 147]
67 --> []
68 (106.5386) --> [154, 65]
69 (23.0887) --> [91]
70 (25.9903) --> [75]
71 --> []
72 --> []
73 (21.1585) --> [173, 96]
74 (65.3835) --> [107]
75 (65.5632) --> [186, 150]
76 --> []
77 (51.1638) --> [181]
78 (74.0648) --> [144, 140]
79 --> []
80 (111.3192) --> [93, 76]
81 (70.3255) --> [178, 9]
82 (59.5579) --> [41, 112]
83 --> []
84 (6.3597) --> [127]
85 --> []
86 (66.0961) --> [151]
87 --> []
88 (44.2907) --> [33]
89 (141.8561) --> [110, 134]
90 (64.6070) --> [131, 63]
91 (61.6083) --> [166, 159]
92 (26.2529) --> [138]
93 --> []
94 (46.8948) --> [3, 157]
95 (44.0440) --> [62]
96 (20.6043) --> [14]
97 --> []
98 (47.4935) --> [7]
99 (40.2091) --> [199]
100 --> []
101 (13.6428) --> [187]
102 (91.9626) --> [32]
103 (77.2884) --> [13, 118]
104 (47.5087) --> [145, 28]
105 (32.0778) --> [163]
106 (56.5677) --> [192, 169]
107 (64.9524) --> [11]
108 --> []
109 (55.9466) --> [53]
110 (46.8118) --> [176]
111 (47.5241) --> [51, 92]
112 --> []
113 (40.5663) --> [156]
114 (66.0287) --> [49]
115 (70.4361) --> [44, 17]
116 (24.3799) --> [74]
117 --> []
118 (51.3034) --> [15]
119 (43.1406) --> [129]
120 (85.8921) --> [10, 61]
121 --> []
122 (86.7286) --> [64]
123 (16.6104) --> [5]
124 (19.7954) --> [52]
125 (57.1592) --> [55, 152]
126 (53.5081) --> [4]
127 (74.7673) --> [146]
128 (60.8322) --> [136, 190]
129 (35.2396) --> [69]
130 (53.8422) --> [167]
131 (60.1896) --> [126]
132 (47.7478) --> [79, 18]
133 (20.8680) --> [185]
134 --> []
135 (54.3552) --> [68]
136 (21.6463) --> [87, 34]
137 (10.9882) --> [179]
138 (69.2897) --> [90]
139 (21.5870) --> [66]
140 (91.2328) --> [172, 182, 113]
141 --> []
142 --> []
143 --> []
144 --> []
145 (30.5363) --> [19]
146 (83.4053) --> [25]
147 --> []
148 --> []
149 (9.5867) --> [1]
150 (113.8977) --> [130, 105]
151 (70.9014) --> [95]
152 --> []
153 (53.4510) --> [72]
154 (58.0984) --> [194]
155 (24.3551) --> [27]
156 (50.9969) --> [132]
157 (47.5557) --> [142]
158 (72.6992) --> [120]
159 (62.4364) --> [109, 170, 162]
160 (57.7324) --> [168]
161 --> []
162 (51.1143) --> [114]
163 (26.2115) --> [197]
164 (43.7316) --> [37, 117]
165 (31.7030) --> [133, 70]
166 --> []
167 (62.5631) --> [97]
168 --> []
169 (22.0641) --> [99]
170 (9.7939) --> [121]
171 (57.1881) --> [85, 36]
172 --> []
173 (52.3414) --> [46]
174 --> []
175 (65.3408) --> [50, 184]
176 (69.2774) --> [47, 155]
177 --> []
178 --> []
179 (44.4657) --> [171]
180 (15.7677) --> [175]
181 --> []
182 --> []
183 --> []
184 (24.9379) --> [6]
185 --> []
186 --> []
187 (39.6079) --> [139]
188 (44.1699) --> [20]
189 (36.9040) --> [164, 102]
190 (70.3724) --> [86, 104]
191 (51.0900) --> [24]
192 --> []
193 (73.5749) --> [116, 180]
194 (59.7647) --> [137, 45]
195 --> []
196 (97.0617) --> [67, 71]
197 (40.9359) --> [26]
198 (46.4393) --> [22]
199 (38.8271) --> [193]

Solution energy from ACO: 3.5826608157636985E7
trying to improve with local search...
final Solution:
0 (105.4858) --> [60, 88, 57]
1 (100.7649) --> [98]
2 (74.1257) --> [149, 174]
3 (46.7667) --> [106]
4 --> []
5 (74.8493) --> [153]
6 (35.8099) --> [183, 40]
7 (3.1793) --> [59]
8 (73.9264) --> [89]
9 (66.1330) --> [188]
10 (55.4588) --> [82]
11 (48.8867) --> [161, 31]
12 (86.9096) --> [54, 21, 124]
13 (24.5868) --> [83]
14 (50.4661) --> [125]
15 (39.1291) --> [158]
16 --> []
17 (69.4470) --> [23]
18 (73.5893) --> [128]
19 (15.8589) --> [80]
20 (54.2274) --> [29]
21 (27.9495) --> [196]
22 --> []
23 --> []
24 (59.1295) --> [35, 101, 100]
25 (62.2530) --> [38]
26 --> []
27 (39.5143) --> [12, 160]
28 --> []
29 (57.0992) --> [122]
30 (14.4783) --> [78]
31 --> []
32 (24.2387) --> [94]
33 --> []
34 (47.3489) --> [189]
35 --> []
36 --> []
37 (61.4861) --> [39]
38 --> []
39 (42.5508) --> [198, 165]
40 (20.4670) --> [115]
41 --> []
42 (64.0796) --> [148]
43 (66.0053) --> [16]
44 (68.8528) --> [123]
45 (86.6401) --> [84, 30]
46 (33.7098) --> [177]
47 --> []
48 --> []
49 (33.0435) --> [42]
50 (47.9093) --> [191]
51 (54.0073) --> [43]
52 --> []
53 (38.5809) --> [58]
54 (50.2577) --> [108]
55 (63.4301) --> [103]
56 (90.1731) --> [143]
57 (83.0220) --> [119]
58 (97.4076) --> [81, 141]
59 (44.3164) --> [8]
60 (50.7539) --> [56, 135]
61 (22.3227) --> [195]
62 (21.0803) --> [48]
63 (35.0790) --> [2]
64 (50.3146) --> [73, 77]
65 --> []
66 (65.3760) --> [111, 147]
67 --> []
68 (106.5386) --> [154, 65]
69 (23.0887) --> [91]
70 (25.9903) --> [75]
71 --> []
72 --> []
73 (21.1585) --> [173, 96]
74 (65.3835) --> [107]
75 (65.5632) --> [186, 150]
76 --> []
77 (51.1638) --> [181]
78 (74.0648) --> [144, 140]
79 --> []
80 (111.3192) --> [93, 76]
81 (70.3255) --> [178, 9]
82 (59.5579) --> [41, 112]
83 --> []
84 (6.3597) --> [127]
85 --> []
86 (66.0961) --> [151]
87 --> []
88 (44.2907) --> [33]
89 (141.8561) --> [134, 47]
90 (64.6070) --> [131, 63]
91 (61.6083) --> [166, 159]
92 (26.2529) --> [138]
93 --> []
94 (46.8948) --> [3, 157]
95 (44.0440) --> [62]
96 (20.6043) --> [14]
97 --> []
98 (47.4935) --> [7]
99 (40.2091) --> [199]
100 --> []
101 (13.6428) --> [187]
102 (91.9626) --> [32]
103 (77.2884) --> [13, 118]
104 (47.5087) --> [145, 28]
105 (32.0778) --> [163]
106 (56.5677) --> [192, 169]
107 (64.9524) --> [11]
108 --> []
109 (55.9466) --> [53]
110 (46.8118) --> [176]
111 (47.5241) --> [51, 92]
112 --> []
113 (40.5663) --> [156]
114 (66.0287) --> [49]
115 (70.4361) --> [44, 17]
116 (24.3799) --> [74]
117 --> []
118 (51.3034) --> [15]
119 (43.1406) --> [129]
120 (85.8921) --> [10, 61]
121 --> []
122 (86.7286) --> [64]
123 (16.6104) --> [5]
124 (19.7954) --> [52]
125 (57.1592) --> [55, 152]
126 (53.5081) --> [4]
127 (74.7673) --> [146]
128 (60.8322) --> [136, 190]
129 (35.2396) --> [69]
130 (53.8422) --> [167]
131 (60.1896) --> [126]
132 (47.7478) --> [79, 18]
133 (20.8680) --> [185]
134 --> []
135 (54.3552) --> [68]
136 (21.6463) --> [87, 34]
137 (10.9882) --> [179]
138 (69.2897) --> [90]
139 (21.5870) --> [66]
140 (91.2328) --> [172, 182, 113]
141 --> []
142 --> []
143 --> []
144 --> []
145 (30.5363) --> [19]
146 (83.4053) --> [25]
147 --> []
148 --> []
149 (9.5867) --> [1]
150 (113.8977) --> [130, 105]
151 (70.9014) --> [95]
152 --> []
153 (53.4510) --> [72]
154 (58.0984) --> [194]
155 (24.3551) --> [27]
156 (50.9969) --> [132]
157 (47.5557) --> [142]
158 (72.6992) --> [120]
159 (62.4364) --> [109, 170, 162]
160 (57.7324) --> [168]
161 --> []
162 (51.1143) --> [114]
163 (26.2115) --> [197]
164 (43.7316) --> [37, 117]
165 (31.7030) --> [133, 70]
166 --> []
167 (62.5631) --> [97]
168 --> []
169 (22.0641) --> [99]
170 (9.7939) --> [121]
171 (57.1881) --> [85, 36]
172 --> []
173 (52.3414) --> [46]
174 --> []
175 (65.3408) --> [50, 184]
176 (60.5927) --> [155, 110]
177 --> []
178 --> []
179 (44.4657) --> [171]
180 (15.7677) --> [175]
181 --> []
182 --> []
183 --> []
184 (24.9379) --> [6]
185 --> []
186 --> []
187 (39.6079) --> [139]
188 (44.1699) --> [20]
189 (36.9040) --> [164, 102]
190 (70.3724) --> [86, 104]
191 (51.0900) --> [24]
192 --> []
193 (73.5749) --> [116, 180]
194 (59.7647) --> [137, 45]
195 --> []
196 (97.0617) --> [67, 71]
197 (40.9359) --> [26]
198 (46.4393) --> [22]
199 (38.8271) --> [193]

final Solution energy: 3.571658603109909E7
Calculated in 29189ms
Ants=1000, alpha=0.6, beta=3.0, evaporate factor=0.07
(for ../../mebp/mebp-08.dat)
