New best solution in iteration 0: 1.4323670493395302E9
New best solution in iteration 1: 7.996506309561664E8
New best solution in iteration 11: 6.049917821939095E8
AVG (iterations 0 to 20): 1.320915284303597E9
New best solution in iteration 29: 5.705897397954508E8
AVG (iterations 20 to 40): 1.0826762836567504E9
New best solution in iteration 55: 5.592286379330633E8
New best solution in iteration 60: 5.2670583759432644E8
AVG (iterations 40 to 60): 1.4179804356185155E9
New best solution in iteration 64: 5.1561671964337647E8
New best solution in iteration 70: 4.8707398241737753E8
AVG (iterations 60 to 80): 1.1916931135712874E9
New best solution in iteration 89: 2.9934705424710613E8
AVG (iterations 80 to 100): 1.2107312879028127E9
AVG (iterations 100 to 120): 1.2762856651060233E9
AVG (iterations 120 to 140): 9.140765758370908E8
AVG (iterations 140 to 160): 7.997500730326755E8
New best solution in iteration 166: 1.6712613274297768E8
New best solution in iteration 170: 1.4959191214856645E8
New best solution in iteration 174: 9.233068584264141E7
AVG (iterations 160 to 180): 3.688987431315602E8
AVG (iterations 180 to 200): 1.2648368140033618E8
New best solution in iteration 215: 9.040871634692858E7
AVG (iterations 200 to 220): 1.0765021686758351E8
New best solution in iteration 221: 8.74129804865253E7
AVG (iterations 220 to 240): 1.0846710169049457E8
AVG (iterations 240 to 260): 1.0495572840340182E8
AVG (iterations 260 to 280): 1.0409151558659552E8
AVG (iterations 280 to 300): 9.673433178989807E7
AVG (iterations 300 to 320): 1.037350493951047E8
AVG (iterations 320 to 340): 9.931415677090074E7
AVG (iterations 340 to 360): 1.0167538046285567E8
AVG (iterations 360 to 380): 9.803966722683135E7
AVG (iterations 380 to 400): 9.541567169662605E7
AVG (iterations 400 to 420): 9.695924385425682E7
AVG (iterations 420 to 440): 1.0308836310947528E8
AVG (iterations 440 to 460): 9.815458860743578E7
AVG (iterations 460 to 480): 9.895855270210357E7
AVG (iterations 480 to 500): 9.665931827881274E7
AVG (iterations 500 to 520): 1.010479858586109E8
AVG (iterations 520 to 540): 9.893443924590412E7
AVG (iterations 540 to 560): 9.841602910330985E7
AVG (iterations 560 to 580): 1.0062959723005934E8
New best solution in iteration 596: 8.728050422149912E7
AVG (iterations 580 to 600): 9.972746316076581E7
AVG (iterations 600 to 620): 9.825532507506311E7
AVG (iterations 620 to 640): 9.735706512086171E7
AVG (iterations 640 to 660): 9.800946600334212E7
AVG (iterations 660 to 680): 9.96093700104681E7
AVG (iterations 680 to 700): 9.476735164150213E7
AVG (iterations 700 to 720): 9.637952982652435E7
AVG (iterations 720 to 740): 9.743238013377109E7
AVG (iterations 740 to 760): 9.626185787416157E7
AVG (iterations 760 to 780): 9.916368823636034E7
AVG (iterations 780 to 800): 9.662146053111157E7
AVG (iterations 800 to 820): 9.817906787143818E7
AVG (iterations 820 to 840): 9.76277753183938E7
AVG (iterations 840 to 860): 9.459333876706922E7
AVG (iterations 860 to 880): 9.71307886672935E7
AVG (iterations 880 to 900): 9.548105673557407E7
AVG (iterations 900 to 920): 9.712590603537509E7
AVG (iterations 920 to 940): 9.785447213871297E7
AVG (iterations 940 to 960): 9.843663329375455E7
AVG (iterations 960 to 980): 9.571726622919391E7
Solution from ACO:
0 (68.2689) --> [42, 28]
1 (37.5800) --> [11]
2 (100.5944) --> [19, 17]
3 (65.2406) --> [40, 12]
4 (50.7829) --> [15]
5 (209.6187) --> [32]
6 (152.9257) --> [14]
7 (118.0492) --> [37, 21]
8 --> []
9 (33.7654) --> [2]
10 --> []
11 --> []
12 (120.9275) --> [13, 4]
13 (71.1047) --> [5]
14 (115.3781) --> [7]
15 (138.7124) --> [6, 36]
16 --> []
17 (101.0272) --> [18, 46]
18 (17.4897) --> [16]
19 (75.3066) --> [35]
20 --> []
21 (112.0395) --> [27]
22 (123.9481) --> [48]
23 --> []
24 (169.8162) --> [45]
25 (13.0969) --> [10]
26 --> []
27 (50.2355) --> [30]
28 (233.3167) --> [43]
29 (122.0561) --> [24, 44]
30 (47.4865) --> [25]
31 --> []
32 (135.3124) --> [34, 31, 33]
33 --> []
34 --> []
35 --> []
36 (126.0021) --> [26, 41]
37 (253.5205) --> [20, 39]
38 (107.1049) --> [1, 49]
39 --> []
40 (42.8043) --> [8]
41 --> []
42 (42.5340) --> [29]
43 (159.4906) --> [9]
44 (120.0008) --> [23]
45 (223.9520) --> [22, 3]
46 --> []
47 --> []
48 (102.5640) --> [38, 47]
49 --> []

Solution energy from ACO: 8.728050422149912E7
trying to improve with local search...
final Solution:
0 (68.2689) --> [42, 28]
1 (37.5800) --> [11]
2 (100.5944) --> [19, 17]
3 (65.2406) --> [40, 12]
4 (50.7829) --> [15]
5 (209.6187) --> [32]
6 (152.9257) --> [14]
7 (118.0492) --> [37, 21]
8 --> []
9 (33.7654) --> [2]
10 --> []
11 --> []
12 (120.9275) --> [13, 4]
13 (71.1047) --> [5]
14 (115.3781) --> [7]
15 (138.7124) --> [6, 36]
16 --> []
17 (101.0272) --> [18, 46]
18 (17.4897) --> [16]
19 (75.3066) --> [35]
20 --> []
21 (112.0395) --> [27]
22 (123.9481) --> [48]
23 --> []
24 (169.8162) --> [45]
25 (13.0969) --> [10]
26 --> []
27 (50.2355) --> [30]
28 (233.3167) --> [43]
29 (122.0561) --> [24, 44]
30 (47.4865) --> [25]
31 --> []
32 (135.3124) --> [34, 31, 33]
33 --> []
34 --> []
35 --> []
36 (126.0021) --> [26, 41]
37 (253.5205) --> [20, 39]
38 (107.1049) --> [1, 49]
39 --> []
40 (42.8043) --> [8]
41 --> []
42 (42.5340) --> [29]
43 (159.4906) --> [9]
44 (120.0008) --> [23]
45 (223.9520) --> [22, 3]
46 --> []
47 --> []
48 (102.5640) --> [38, 47]
49 --> []

final Solution energy: 8.728050422149912E7
Calculated in 1896ms
Ants=1000, alpha=0.6, beta=3.0, evaporate factor=0.07
(for ../../mebp/mebp-05.dat)
