New best solution in iteration 0: 3.41892584154734E9
New best solution in iteration 2: 2.721758558750324E9
New best solution in iteration 12: 2.3714408041875644E9
New best solution in iteration 17: 2.3710919009397335E9
AVG (iterations 0 to 20): 3.81475835409735E9
New best solution in iteration 36: 2.0855387581501598E9
AVG (iterations 20 to 40): 3.853979404934976E9
New best solution in iteration 49: 2.0278211757085037E9
AVG (iterations 40 to 60): 3.364837755815188E9
AVG (iterations 60 to 80): 3.8121167618876886E9
AVG (iterations 80 to 100): 3.3798252500066724E9
New best solution in iteration 119: 1.5132141617516298E9
AVG (iterations 100 to 120): 3.858923027064509E9
AVG (iterations 120 to 140): 3.9085042485476294E9
New best solution in iteration 158: 1.0004745607016562E9
AVG (iterations 140 to 160): 2.6292179571969175E9
New best solution in iteration 164: 8.191686881101305E8
New best solution in iteration 172: 7.888669752816057E8
New best solution in iteration 174: 5.631499658671211E8
New best solution in iteration 176: 3.3875580585417444E8
AVG (iterations 160 to 180): 1.318572750435443E9
New best solution in iteration 182: 3.281534084529955E8
New best solution in iteration 183: 1.765947341168916E8
New best solution in iteration 185: 7.113713935634165E7
New best solution in iteration 187: 5.295905333379538E7
New best solution in iteration 193: 3.2855882328208826E7
New best solution in iteration 194: 3.2152293039137654E7
New best solution in iteration 199: 3.072142040899924E7
New best solution in iteration 200: 2.8828432733775172E7
AVG (iterations 180 to 200): 2.040680886124733E8
New best solution in iteration 202: 2.8391373924405854E7
New best solution in iteration 209: 2.5985158774994865E7
AVG (iterations 200 to 220): 4.152697473108606E7
New best solution in iteration 229: 2.542169712483378E7
AVG (iterations 220 to 240): 2.7595876247114915E7
AVG (iterations 240 to 260): 2.7360382137486905E7
AVG (iterations 260 to 280): 2.6567215519846126E7
New best solution in iteration 282: 2.539064987379526E7
New best solution in iteration 293: 2.4954976040289506E7
AVG (iterations 280 to 300): 2.6380904892973863E7
New best solution in iteration 313: 2.4836942311332133E7
New best solution in iteration 314: 2.4747930590337485E7
AVG (iterations 300 to 320): 2.5927668956815712E7
AVG (iterations 320 to 340): 2.574301504645931E7
New best solution in iteration 345: 2.451192620524796E7
AVG (iterations 340 to 360): 2.5851312159003843E7
AVG (iterations 360 to 380): 2.5890199530748602E7
AVG (iterations 380 to 400): 2.571112112193293E7
New best solution in iteration 412: 2.4135102959178604E7
AVG (iterations 400 to 420): 2.5863245778949346E7
AVG (iterations 420 to 440): 2.5934065638088927E7
AVG (iterations 440 to 460): 2.5987642099203456E7
New best solution in iteration 467: 2.3807191745248266E7
AVG (iterations 460 to 480): 2.5452795474710472E7
AVG (iterations 480 to 500): 2.5381350833381377E7
AVG (iterations 500 to 520): 2.569938196225671E7
AVG (iterations 520 to 540): 2.567356071129576E7
AVG (iterations 540 to 560): 2.558754910055905E7
AVG (iterations 560 to 580): 2.5675659956079032E7
AVG (iterations 580 to 600): 2.5004843520094413E7
New best solution in iteration 616: 2.371898326112562E7
AVG (iterations 600 to 620): 2.5358370056884985E7
AVG (iterations 620 to 640): 2.5211109391426153E7
AVG (iterations 640 to 660): 2.5544736573456917E7
AVG (iterations 660 to 680): 2.547222386814954E7
New best solution in iteration 688: 2.3671197220966533E7
AVG (iterations 680 to 700): 2.53386476794833E7
AVG (iterations 700 to 720): 2.544109989702619E7
AVG (iterations 720 to 740): 2.5170043012238827E7
AVG (iterations 740 to 760): 2.5389371651991073E7
AVG (iterations 760 to 780): 2.5273143888602592E7
AVG (iterations 780 to 800): 2.5461165629952207E7
AVG (iterations 800 to 820): 2.5110922411253814E7
AVG (iterations 820 to 840): 2.5318743617166292E7
AVG (iterations 840 to 860): 2.5037861315491162E7
AVG (iterations 860 to 880): 2.4856145535873916E7
AVG (iterations 880 to 900): 2.4713640162434675E7
AVG (iterations 900 to 920): 2.4959316313977573E7
AVG (iterations 920 to 940): 2.5250049025323495E7
AVG (iterations 940 to 960): 2.500117424432941E7
AVG (iterations 960 to 980): 2.5056606504433196E7
Solution from ACO:
0 (57.6697) --> [279, 395]
1 (42.1234) --> [49]
2 (26.5090) --> [282]
3 (28.3563) --> [466]
4 --> []
5 (27.9633) --> [449]
6 (20.3847) --> [68]
7 (39.5221) --> [499, 491]
8 --> []
9 (58.9411) --> [140]
10 (59.1663) --> [87, 67]
11 --> []
12 (51.5530) --> [47]
13 (22.4788) --> [14]
14 (17.5338) --> [23]
15 (44.8793) --> [323]
16 --> []
17 (35.7783) --> [318]
18 (18.4380) --> [286]
19 --> []
20 (69.5063) --> [341]
21 (48.3580) --> [284, 274]
22 --> []
23 (70.2501) --> [101]
24 (31.1814) --> [207]
25 (42.0786) --> [474]
26 (6.1353) --> [330, 195]
27 (19.8117) --> [66, 202]
28 --> []
29 (23.3376) --> [481]
30 (61.9892) --> [498]
31 (25.5536) --> [448]
32 (47.0178) --> [126, 494]
33 (42.9633) --> [394]
34 --> []
35 --> []
36 (32.4218) --> [174]
37 (16.9001) --> [473]
38 (41.4123) --> [304]
39 (34.9365) --> [358]
40 (18.3260) --> [436]
41 --> []
42 --> []
43 (23.4394) --> [177]
44 (33.1113) --> [212, 377]
45 --> []
46 (41.4637) --> [379, 352]
47 (47.7449) --> [285, 338]
48 (18.7255) --> [480]
49 (28.1599) --> [425, 249]
50 (12.5542) --> [307]
51 (52.1560) --> [388, 41]
52 --> []
53 --> []
54 (33.9513) --> [315]
55 (41.3990) --> [319, 376]
56 (59.6487) --> [412]
57 --> []
58 (15.5512) --> [125]
59 (32.6759) --> [444]
60 (49.1180) --> [438, 113]
61 (26.4968) --> [172]
62 (48.6452) --> [132, 144]
63 --> []
64 (22.6269) --> [442]
65 (43.1411) --> [278]
66 --> []
67 (7.0654) --> [96]
68 --> []
69 (12.0030) --> [431]
70 (19.5701) --> [16]
71 (27.9437) --> [479]
72 --> []
73 (30.4790) --> [35]
74 (24.7473) --> [84, 114]
75 (38.2462) --> [104, 366]
76 --> []
77 (41.5556) --> [254, 4]
78 --> []
79 --> []
80 (48.6045) --> [456, 469]
81 (11.4444) --> [178]
82 --> []
83 (46.3763) --> [71]
84 --> []
85 (20.4893) --> [61]
86 (11.8826) --> [435]
87 --> []
88 (43.3646) --> [396, 200]
89 (13.8609) --> [365]
90 --> []
91 (60.5837) --> [129]
92 (24.7539) --> [262, 312]
93 (34.8390) --> [169]
94 (31.9053) --> [155]
95 (21.8066) --> [293, 267]
96 --> []
97 --> []
98 (39.1358) --> [162]
99 (61.2460) --> [235]
100 --> []
101 (49.6472) --> [424]
102 (15.8893) --> [88]
103 (39.2305) --> [184, 13]
104 (24.6065) --> [372]
105 --> []
106 (23.9405) --> [413]
107 --> []
108 (22.9921) --> [382, 91]
109 (47.3347) --> [175, 380]
110 (13.2636) --> [82]
111 (10.4282) --> [2]
112 (75.9532) --> [122, 62]
113 (23.4853) --> [340, 146]
114 (39.0500) --> [28]
115 --> []
116 (17.8175) --> [112]
117 (35.4868) --> [275]
118 (30.8362) --> [143, 346]
119 (51.4707) --> [453]
120 (42.3800) --> [253, 472]
121 --> []
122 (45.2671) --> [124]
123 --> []
124 (8.9846) --> [227]
125 --> []
126 (14.3129) --> [233]
127 (62.1003) --> [37, 260]
128 (69.1628) --> [385]
129 --> []
130 (27.6814) --> [150]
131 (23.6890) --> [302]
132 --> []
133 (56.2307) --> [232, 151, 226]
134 (22.0112) --> [163]
135 (39.8860) --> [299]
136 (35.1625) --> [320, 164]
137 (34.7839) --> [17]
138 (56.4380) --> [443, 451]
139 (6.8373) --> [215]
140 (51.3955) --> [119]
141 (34.2640) --> [418, 36]
142 (17.7615) --> [21]
143 (40.2885) --> [387]
144 (54.6290) --> [391]
145 (22.8842) --> [10]
146 (35.1518) --> [370, 105, 490]
147 (36.4742) --> [422]
148 --> []
149 (59.0583) --> [458]
150 (48.7665) --> [220, 339]
151 (57.9784) --> [190]
152 (32.7010) --> [221]
153 --> []
154 (16.0577) --> [420, 211]
155 (30.9356) --> [343]
156 (22.2595) --> [149]
157 (26.8808) --> [85, 204]
158 --> []
159 --> []
160 (40.0392) --> [83]
161 (31.2311) --> [439]
162 --> []
163 (26.9217) --> [234]
164 --> []
165 (30.4340) --> [392]
166 (27.2402) --> [180]
167 (8.6415) --> [27]
168 (26.6761) --> [142, 331]
169 (20.8254) --> [454]
170 (29.0732) --> [476, 367]
171 --> []
172 (25.6479) --> [115, 64]
173 (39.3262) --> [203]
174 (40.6183) --> [329, 44]
175 (33.5498) --> [410, 350]
176 (21.8066) --> [173]
177 (33.3613) --> [411]
178 (37.4846) --> [383, 8, 166]
179 --> []
180 (27.1781) --> [429]
181 --> []
182 (41.7218) --> [26]
183 --> []
184 (24.1352) --> [118]
185 --> []
186 (31.5568) --> [486]
187 (31.9739) --> [225]
188 --> []
189 (14.3563) --> [134]
190 --> []
191 (34.1332) --> [97, 295]
192 (12.1790) --> [77]
193 --> []
194 --> []
195 --> []
196 (36.4672) --> [56, 199]
197 (22.0106) --> [182, 327]
198 (26.6047) --> [110]
199 (19.3435) --> [29]
200 (37.6345) --> [390]
201 --> []
202 --> []
203 (44.2845) --> [120, 241]
204 --> []
205 (33.4214) --> [397]
206 (31.2873) --> [222]
207 (54.9944) --> [303]
208 (44.5904) --> [349, 39]
209 (25.3180) --> [239]
210 (30.5501) --> [335]
211 (26.2746) --> [378]
212 --> []
213 (60.1044) --> [345]
214 (40.8909) --> [209]
215 (51.0901) --> [414, 79]
216 (47.8447) --> [244, 103]
217 (6.6914) --> [245]
218 (14.3542) --> [94]
219 (24.8441) --> [65]
220 (17.2642) --> [50]
221 --> []
222 --> []
223 (43.2285) --> [31, 258]
224 --> []
225 (33.9930) --> [48, 55]
226 --> []
227 (22.4707) --> [460]
228 (15.1645) --> [40, 78]
229 (41.8348) --> [359, 321]
230 (48.2557) --> [347]
231 (40.1186) --> [38]
232 --> []
233 (18.1669) --> [287, 243]
234 (32.0154) --> [408, 213]
235 (46.4539) --> [485, 42]
236 --> []
237 --> []
238 (55.4856) --> [201]
239 (25.9446) --> [237, 272]
240 (39.7643) --> [108]
241 (15.3047) --> [369]
242 --> []
243 (36.2577) --> [484]
244 --> []
245 (19.7404) --> [147]
246 (18.5623) --> [46]
247 (36.0694) --> [137]
248 (23.6232) --> [58]
249 (18.4502) --> [402]
250 (78.2137) --> [477, 470, 280]
251 (40.1898) --> [76, 188]
252 --> []
253 (36.5684) --> [399]
254 (47.1259) --> [74, 363]
255 (52.4679) --> [313]
256 (23.1515) --> [415, 230]
257 (86.6927) --> [53, 63]
258 (36.3956) --> [445]
259 (19.3791) --> [157]
260 --> []
261 --> []
262 --> []
263 (58.1122) --> [461, 360]
264 (52.1683) --> [136, 342]
265 --> []
266 (60.9202) --> [356, 99]
267 (38.9529) --> [181]
268 (39.2751) --> [80, 214]
269 (36.0455) --> [111, 167]
270 --> []
271 (25.2369) --> [255]
272 (45.1750) --> [371]
273 --> []
274 (17.6538) --> [492]
275 (47.5817) --> [138]
276 (17.3676) --> [152]
277 (53.0511) --> [251]
278 (18.3676) --> [326]
279 (33.5821) --> [3, 353, 483]
280 --> []
281 --> []
282 --> []
283 (6.3742) --> [355]
284 (13.7975) --> [159]
285 (9.2146) --> [283]
286 (31.2010) --> [100]
287 (46.8765) --> [305]
288 (34.6957) --> [196]
289 --> []
290 --> []
291 (18.7424) --> [263]
292 --> []
293 --> []
294 (14.2987) --> [467]
295 (49.4754) --> [224]
296 (29.1928) --> [72]
297 (52.2838) --> [440]
298 --> []
299 (67.5392) --> [57, 314, 373]
300 (48.0680) --> [265, 223]
301 (60.6077) --> [51, 193]
302 (38.4978) --> [154]
303 (31.6896) --> [139, 464]
304 --> []
305 (76.9628) --> [216]
306 (19.0598) --> [403]
307 --> []
308 --> []
309 (41.7440) --> [428]
310 (14.2395) --> [15]
311 (36.8712) --> [250]
312 (39.3626) --> [261]
313 (41.1666) --> [495, 361]
314 (53.5034) --> [281]
315 (20.1839) --> [417]
316 --> []
317 (20.7799) --> [45]
318 (66.1019) --> [242, 153]
319 (32.0788) --> [109]
320 (22.9115) --> [434]
321 (35.4886) --> [450]
322 (30.0268) --> [95]
323 (47.3375) --> [160, 208]
324 (22.3223) --> [117]
325 (35.0917) --> [128]
326 (33.7732) --> [210]
327 (32.0481) --> [405, 165]
328 (52.6300) --> [447]
329 (32.4341) --> [400]
330 (58.6761) --> [170]
331 --> []
332 (18.6032) --> [468]
333 (28.3982) --> [489, 463]
334 (16.8393) --> [179]
335 --> []
336 --> []
337 (31.7727) --> [336, 404]
338 (43.2089) --> [328]
339 --> []
340 --> []
341 (49.9890) --> [298, 291]
342 --> []
343 (23.9363) --> [457]
344 (30.5963) --> [432]
345 (42.2191) --> [271, 183]
346 --> []
347 (51.3402) --> [32]
348 (45.0423) --> [206, 22]
349 --> []
350 (48.0927) --> [248]
351 (35.4329) --> [288, 324]
352 (31.6437) --> [176, 186]
353 --> []
354 (33.3615) --> [452]
355 --> []
356 (43.0650) --> [145]
357 --> []
358 --> []
359 --> []
360 (37.3724) --> [426, 25]
361 --> []
362 (44.3511) --> [192]
363 (28.3236) --> [462, 393]
364 (11.8780) --> [419, 19]
365 --> []
366 (35.7184) --> [407, 311]
367 (23.6120) --> [308]
368 (26.0428) --> [266]
369 (14.2557) --> [317]
370 (31.9044) --> [12, 337]
371 (56.8073) --> [368, 130]
372 (40.6506) --> [406]
373 (21.7464) --> [273]
374 (58.2786) --> [81, 309]
375 (23.4090) --> [488, 52]
376 (11.8585) --> [228]
377 (32.6841) --> [357]
378 (33.0129) --> [20]
379 --> []
380 (21.9066) --> [54]
381 (31.9085) --> [102]
382 --> []
383 --> []
384 (6.2326) --> [362]
385 (12.2390) --> [86]
386 --> []
387 --> []
388 (24.7533) --> [9]
389 --> []
390 (50.4373) --> [354, 43]
391 --> []
392 (10.6374) --> [475]
393 (58.4409) --> [219, 482]
394 (9.9617) --> [34]
395 (21.2524) --> [430]
396 --> []
397 --> []
398 (35.2420) --> [158]
399 (53.9112) --> [6, 156]
400 (29.0604) --> [269]
401 (62.0606) --> [18]
402 (36.9470) --> [89, 301]
403 (21.6630) --> [344]
404 (19.3648) --> [187]
405 (11.0208) --> [1]
406 (34.2023) --> [416]
407 --> []
408 (16.6030) --> [276]
409 (32.3485) --> [290]
410 (16.0330) --> [297]
411 (12.9153) --> [168, 236]
412 --> []
413 (37.4932) --> [264]
414 --> []
415 --> []
416 --> []
417 (29.1342) --> [375]
418 (33.2571) --> [294]
419 (26.9298) --> [141]
420 --> []
421 (34.7195) --> [497]
422 (31.7364) --> [33, 259]
423 (48.1713) --> [7, 171]
424 --> []
425 (32.6336) --> [306]
426 (44.0474) --> [246]
427 (38.0268) --> [351, 459]
428 (40.6538) --> [478]
429 (43.2692) --> [409, 257]
430 (40.3944) --> [238, 191]
431 (24.5908) --> [384]
432 (38.3854) --> [437, 446]
433 (27.5772) --> [69, 252]
434 (23.5891) --> [205, 148, 433]
435 --> []
436 --> []
437 (41.0580) --> [218, 59]
438 (48.2607) --> [310, 93]
439 --> []
440 (68.0175) --> [256, 217]
441 (52.3949) --> [198, 121]
442 (24.1916) --> [333]
443 (6.7737) --> [292]
444 (34.9783) --> [465, 471]
445 --> []
446 (33.8706) --> [11, 5]
447 (62.6395) --> [427]
448 (56.2608) --> [277, 106]
449 --> []
450 (48.0579) --> [247, 493]
451 (39.3250) --> [30, 322]
452 --> []
453 (34.8479) --> [364, 194]
454 (36.9258) --> [92, 401]
455 (19.2941) --> [421]
456 (28.1315) --> [70]
457 (25.8799) --> [487]
458 (60.7534) --> [325, 229]
459 --> []
460 --> []
461 (36.5863) --> [231, 455]
462 (31.5344) --> [316]
463 (6.7902) --> [131]
464 (43.2298) --> [189, 90]
465 (23.1952) --> [398]
466 (29.6202) --> [98, 60]
467 --> []
468 (12.9710) --> [135]
469 (13.3839) --> [123]
470 --> []
471 (35.2694) --> [496, 348]
472 (23.2754) --> [441]
473 --> []
474 (21.0910) --> [334, 161]
475 (42.1143) --> [270, 386]
476 (14.8749) --> [423]
477 --> []
478 --> []
479 (42.7187) --> [332, 389]
480 --> []
481 (28.0274) --> [240, 289]
482 (51.9801) --> [374]
483 (45.4316) --> [127]
484 (52.9694) --> [268]
485 (38.3668) --> [197]
486 --> []
487 --> []
488 (16.7009) --> [73]
489 (32.5606) --> [300]
490 --> []
491 --> []
492 --> []
493 (22.9172) --> [185]
494 --> []
495 (19.5491) --> [75]
496 (22.6341) --> [133]
497 (69.5091) --> [107, 24, 296]
498 (46.9861) --> [116]
499 (35.7300) --> [381]

Solution energy from ACO: 2.3671197220966533E7
trying to improve with local search...
final Solution:
0 (57.6697) --> [279, 395]
1 (42.1234) --> [49]
2 (26.5090) --> [282]
3 (28.3563) --> [466]
4 --> []
5 (27.9633) --> [449]
6 (20.3847) --> [68]
7 (39.5221) --> [499, 491]
8 --> []
9 (58.9411) --> [140]
10 (59.1663) --> [87, 67]
11 --> []
12 (51.5530) --> [47]
13 (22.4788) --> [14]
14 (17.5338) --> [23]
15 (44.8793) --> [323]
16 --> []
17 (35.7783) --> [318]
18 (18.4380) --> [286]
19 --> []
20 (69.5063) --> [341]
21 (48.3580) --> [284, 274]
22 --> []
23 (70.2501) --> [101]
24 (31.1814) --> [207]
25 (42.0786) --> [474]
26 (6.1353) --> [330, 195]
27 (19.8117) --> [66, 202]
28 --> []
29 (23.3376) --> [481]
30 (61.9892) --> [498]
31 (25.5536) --> [448]
32 (47.0178) --> [126, 494]
33 (42.9633) --> [394]
34 --> []
35 --> []
36 (32.4218) --> [174]
37 (16.9001) --> [473]
38 (41.4123) --> [304]
39 (34.9365) --> [358]
40 (18.3260) --> [436]
41 --> []
42 --> []
43 (23.4394) --> [177]
44 (33.1113) --> [212, 377]
45 --> []
46 (41.4637) --> [379, 352]
47 (47.7449) --> [285, 338]
48 (18.7255) --> [480]
49 (28.1599) --> [425, 249]
50 (12.5542) --> [307]
51 (52.1560) --> [388, 41]
52 --> []
53 --> []
54 (33.9513) --> [315]
55 (41.3990) --> [319, 376]
56 (59.6487) --> [412]
57 --> []
58 (15.5512) --> [125]
59 (32.6759) --> [444]
60 (49.1180) --> [438, 113]
61 (26.4968) --> [172]
62 (48.6452) --> [132, 144]
63 --> []
64 (22.6269) --> [442]
65 (43.1411) --> [278]
66 --> []
67 (7.0654) --> [96]
68 --> []
69 (12.0030) --> [431]
70 (19.5701) --> [16]
71 (27.9437) --> [479]
72 --> []
73 (30.4790) --> [35]
74 (24.7473) --> [84, 114]
75 (38.2462) --> [104, 366]
76 --> []
77 (41.5556) --> [254, 4]
78 --> []
79 --> []
80 (48.6045) --> [456, 469]
81 (11.4444) --> [178]
82 --> []
83 (46.3763) --> [71]
84 --> []
85 (20.4893) --> [61]
86 (11.8826) --> [435]
87 --> []
88 (43.3646) --> [396, 200]
89 (13.8609) --> [365]
90 --> []
91 (60.5837) --> [129]
92 (24.7539) --> [262, 312]
93 (34.8390) --> [169]
94 (31.9053) --> [155]
95 (21.8066) --> [293, 267]
96 --> []
97 --> []
98 (39.1358) --> [162]
99 (61.2460) --> [235]
100 --> []
101 (49.6472) --> [424]
102 (15.8893) --> [88]
103 (39.2305) --> [184, 13]
104 (24.6065) --> [372]
105 --> []
106 (23.9405) --> [413]
107 --> []
108 (22.9921) --> [382, 91]
109 (47.3347) --> [175, 380]
110 (13.2636) --> [82]
111 (10.4282) --> [2]
112 (75.9532) --> [122, 62]
113 (23.4853) --> [340, 146]
114 (39.0500) --> [28]
115 --> []
116 (17.8175) --> [112]
117 (35.4868) --> [275]
118 (30.8362) --> [143, 346]
119 (51.4707) --> [453]
120 (42.3800) --> [253, 472]
121 --> []
122 (45.2671) --> [124]
123 --> []
124 (8.9846) --> [227]
125 --> []
126 (14.3129) --> [233]
127 (62.1003) --> [37, 260]
128 (69.1628) --> [385]
129 --> []
130 (27.6814) --> [150]
131 (23.6890) --> [302]
132 --> []
133 (56.2307) --> [232, 151, 226]
134 (22.0112) --> [163]
135 (39.8860) --> [299]
136 (35.1625) --> [320, 164]
137 (34.7839) --> [17]
138 (56.4380) --> [443, 451]
139 (6.8373) --> [215]
140 (51.3955) --> [119]
141 (34.2640) --> [418, 36]
142 (17.7615) --> [21]
143 (40.2885) --> [387]
144 (54.6290) --> [391]
145 (22.8842) --> [10]
146 (35.1518) --> [370, 105, 490]
147 (36.4742) --> [422]
148 --> []
149 (59.0583) --> [458]
150 (48.7665) --> [220, 339]
151 (57.9784) --> [190]
152 (32.7010) --> [221]
153 --> []
154 (16.0577) --> [420, 211]
155 (30.9356) --> [343]
156 (22.2595) --> [149]
157 (26.8808) --> [85, 204]
158 --> []
159 --> []
160 (40.0392) --> [83]
161 (31.2311) --> [439]
162 --> []
163 (26.9217) --> [234]
164 --> []
165 (30.4340) --> [392]
166 (27.2402) --> [180]
167 (8.6415) --> [27]
168 (26.6761) --> [142, 331]
169 (20.8254) --> [454]
170 (29.0732) --> [476, 367]
171 --> []
172 (25.6479) --> [115, 64]
173 (39.3262) --> [203]
174 (40.6183) --> [329, 44]
175 (33.5498) --> [410, 350]
176 (21.8066) --> [173]
177 (33.3613) --> [411]
178 (37.4846) --> [383, 8, 166]
179 --> []
180 (27.1781) --> [429]
181 --> []
182 (41.7218) --> [26]
183 --> []
184 (24.1352) --> [118]
185 --> []
186 (31.5568) --> [486]
187 (31.9739) --> [225]
188 --> []
189 (14.3563) --> [134]
190 --> []
191 (34.1332) --> [97, 295]
192 (12.1790) --> [77]
193 --> []
194 --> []
195 --> []
196 (36.4672) --> [56, 199]
197 (22.0106) --> [182, 327]
198 (26.6047) --> [110]
199 (19.3435) --> [29]
200 (37.6345) --> [390]
201 --> []
202 --> []
203 (44.2845) --> [120, 241]
204 --> []
205 (33.4214) --> [397]
206 (31.2873) --> [222]
207 (54.9944) --> [303]
208 (44.5904) --> [349, 39]
209 (25.3180) --> [239]
210 (30.5501) --> [335]
211 (26.2746) --> [378]
212 --> []
213 (60.1044) --> [345]
214 (40.8909) --> [209]
215 (51.0901) --> [414, 79]
216 (47.8447) --> [244, 103]
217 (6.6914) --> [245]
218 (14.3542) --> [94]
219 (24.8441) --> [65]
220 (17.2642) --> [50]
221 --> []
222 --> []
223 (43.2285) --> [31, 258]
224 --> []
225 (33.9930) --> [48, 55]
226 --> []
227 (22.4707) --> [460]
228 (15.1645) --> [40, 78]
229 (41.8348) --> [359, 321]
230 (48.2557) --> [347]
231 (40.1186) --> [38]
232 --> []
233 (18.1669) --> [287, 243]
234 (32.0154) --> [408, 213]
235 (46.4539) --> [485, 42]
236 --> []
237 --> []
238 (55.4856) --> [201]
239 (25.9446) --> [237, 272]
240 (39.7643) --> [108]
241 (15.3047) --> [369]
242 --> []
243 (36.2577) --> [484]
244 --> []
245 (19.7404) --> [147]
246 (18.5623) --> [46]
247 (36.0694) --> [137]
248 (23.6232) --> [58]
249 (18.4502) --> [402]
250 (78.2137) --> [477, 470, 280]
251 (40.1898) --> [76, 188]
252 --> []
253 (36.5684) --> [399]
254 (47.1259) --> [74, 363]
255 (52.4679) --> [313]
256 (23.1515) --> [415, 230]
257 (86.6927) --> [53, 63]
258 (36.3956) --> [445]
259 (19.3791) --> [157]
260 --> []
261 --> []
262 --> []
263 (58.1122) --> [461, 360]
264 (52.1683) --> [136, 342]
265 --> []
266 (60.9202) --> [356, 99]
267 (38.9529) --> [181]
268 (39.2751) --> [80, 214]
269 (36.0455) --> [111, 167]
270 --> []
271 (25.2369) --> [255]
272 (45.1750) --> [371]
273 --> []
274 (17.6538) --> [492]
275 (47.5817) --> [138]
276 (17.3676) --> [152]
277 (53.0511) --> [251]
278 (18.3676) --> [326]
279 (33.5821) --> [3, 353, 483]
280 --> []
281 --> []
282 --> []
283 (6.3742) --> [355]
284 (13.7975) --> [159]
285 (9.2146) --> [283]
286 (31.2010) --> [100]
287 (46.8765) --> [305]
288 (34.6957) --> [196]
289 --> []
290 --> []
291 (18.7424) --> [263]
292 --> []
293 --> []
294 (14.2987) --> [467]
295 (49.4754) --> [224]
296 (29.1928) --> [72]
297 (52.2838) --> [440]
298 --> []
299 (67.5392) --> [57, 314, 373]
300 (48.0680) --> [265, 223]
301 (60.6077) --> [51, 193]
302 (38.4978) --> [154]
303 (31.6896) --> [139, 464]
304 --> []
305 (76.9628) --> [216]
306 (19.0598) --> [403]
307 --> []
308 --> []
309 (41.7440) --> [428]
310 (14.2395) --> [15]
311 (36.8712) --> [250]
312 (39.3626) --> [261]
313 (41.1666) --> [495, 361]
314 (53.5034) --> [281]
315 (20.1839) --> [417]
316 --> []
317 (20.7799) --> [45]
318 (66.1019) --> [242, 153]
319 (32.0788) --> [109]
320 (22.9115) --> [434]
321 (35.4886) --> [450]
322 (30.0268) --> [95]
323 (47.3375) --> [160, 208]
324 (22.3223) --> [117]
325 (35.0917) --> [128]
326 (33.7732) --> [210]
327 (32.0481) --> [405, 165]
328 (52.6300) --> [447]
329 (32.4341) --> [400]
330 (58.6761) --> [170]
331 --> []
332 (18.6032) --> [468]
333 (28.3982) --> [489, 463]
334 (16.8393) --> [179]
335 --> []
336 --> []
337 (31.7727) --> [336, 404]
338 (43.2089) --> [328]
339 --> []
340 --> []
341 (49.9890) --> [298, 291]
342 --> []
343 (23.9363) --> [457]
344 (30.5963) --> [432]
345 (42.2191) --> [271, 183]
346 --> []
347 (51.3402) --> [32]
348 (45.0423) --> [206, 22]
349 --> []
350 (48.0927) --> [248]
351 (35.4329) --> [288, 324]
352 (31.6437) --> [176, 186]
353 --> []
354 (33.3615) --> [452]
355 --> []
356 (43.0650) --> [145]
357 --> []
358 --> []
359 --> []
360 (37.3724) --> [426, 25]
361 --> []
362 (44.3511) --> [192]
363 (28.3236) --> [462, 393]
364 (11.8780) --> [419, 19]
365 --> []
366 (35.7184) --> [407, 311]
367 (23.6120) --> [308]
368 (26.0428) --> [266]
369 (14.2557) --> [317]
370 (31.9044) --> [12, 337]
371 (56.8073) --> [368, 130]
372 (40.6506) --> [406]
373 (21.7464) --> [273]
374 (58.2786) --> [81, 309]
375 (23.4090) --> [488, 52]
376 (11.8585) --> [228]
377 (32.6841) --> [357]
378 (33.0129) --> [20]
379 --> []
380 (21.9066) --> [54]
381 (31.9085) --> [102]
382 --> []
383 --> []
384 (6.2326) --> [362]
385 (12.2390) --> [86]
386 --> []
387 --> []
388 (24.7533) --> [9]
389 --> []
390 (50.4373) --> [354, 43]
391 --> []
392 (10.6374) --> [475]
393 (58.4409) --> [219, 482]
394 (9.9617) --> [34]
395 (21.2524) --> [430]
396 --> []
397 --> []
398 (35.2420) --> [158]
399 (53.9112) --> [6, 156]
400 (29.0604) --> [269]
401 (62.0606) --> [18]
402 (36.9470) --> [89, 301]
403 (21.6630) --> [344]
404 (19.3648) --> [187]
405 (11.0208) --> [1]
406 (34.2023) --> [416]
407 --> []
408 (16.6030) --> [276]
409 (32.3485) --> [290]
410 (16.0330) --> [297]
411 (12.9153) --> [168, 236]
412 --> []
413 (37.4932) --> [264]
414 --> []
415 --> []
416 --> []
417 (29.1342) --> [375]
418 (33.2571) --> [294]
419 (26.9298) --> [141]
420 --> []
421 (34.7195) --> [497]
422 (31.7364) --> [33, 259]
423 (48.1713) --> [7, 171]
424 --> []
425 (32.6336) --> [306]
426 (44.0474) --> [246]
427 (38.0268) --> [351, 459]
428 (40.6538) --> [478]
429 (43.2692) --> [409, 257]
430 (40.3944) --> [238, 191]
431 (24.5908) --> [384]
432 (38.3854) --> [437, 446]
433 (27.5772) --> [69, 252]
434 (23.5891) --> [205, 148, 433]
435 --> []
436 --> []
437 (41.0580) --> [218, 59]
438 (48.2607) --> [310, 93]
439 --> []
440 (68.0175) --> [256, 217]
441 (52.3949) --> [198, 121]
442 (24.1916) --> [333]
443 (6.7737) --> [292]
444 (34.9783) --> [465, 471]
445 --> []
446 (33.8706) --> [11, 5]
447 (62.6395) --> [427]
448 (56.2608) --> [277, 106]
449 --> []
450 (48.0579) --> [247, 493]
451 (39.3250) --> [30, 322]
452 --> []
453 (34.8479) --> [364, 194]
454 (36.9258) --> [92, 401]
455 (19.2941) --> [421]
456 (28.1315) --> [70]
457 (25.8799) --> [487]
458 (60.7534) --> [325, 229]
459 --> []
460 --> []
461 (36.5863) --> [231, 455]
462 (31.5344) --> [316]
463 (6.7902) --> [131]
464 (43.2298) --> [189, 90]
465 (23.1952) --> [398]
466 (29.6202) --> [98, 60]
467 --> []
468 (12.9710) --> [135]
469 (13.3839) --> [123]
470 --> []
471 (35.2694) --> [496, 348]
472 (23.2754) --> [441]
473 --> []
474 (21.0910) --> [334, 161]
475 (42.1143) --> [270, 386]
476 (14.8749) --> [423]
477 --> []
478 --> []
479 (42.7187) --> [332, 389]
480 --> []
481 (28.0274) --> [240, 289]
482 (51.9801) --> [374]
483 (45.4316) --> [127]
484 (52.9694) --> [268]
485 (38.3668) --> [197]
486 --> []
487 --> []
488 (16.7009) --> [73]
489 (32.5606) --> [300]
490 --> []
491 --> []
492 --> []
493 (22.9172) --> [185]
494 --> []
495 (19.5491) --> [75]
496 (22.6341) --> [133]
497 (69.5091) --> [107, 24, 296]
498 (46.9861) --> [116]
499 (35.7300) --> [381]

final Solution energy: 2.3671197220966533E7
Calculated in 368621ms
Ants=1000, alpha=0.6, beta=3.0, evaporate factor=0.07
(for ../../mebp/mebp-10.dat)
