New best solution in iteration 0: 6.964529303188771E8
New best solution in iteration 2: 5.659558606860373E8
New best solution in iteration 6: 4.504243464803248E8
AVG (iterations 0 to 20): 9.153250023625519E8
New best solution in iteration 33: 4.487307126987156E8
New best solution in iteration 36: 3.398269727055347E8
AVG (iterations 20 to 40): 9.332173543812916E8
New best solution in iteration 53: 2.898937792801785E8
AVG (iterations 40 to 60): 9.86723531334644E8
New best solution in iteration 72: 2.3978717804186082E8
AVG (iterations 60 to 80): 9.509787902741344E8
AVG (iterations 80 to 100): 8.982870413339885E8
AVG (iterations 100 to 120): 1.0507821570339772E9
AVG (iterations 120 to 140): 8.783857919423647E8
New best solution in iteration 147: 2.3673397359158722E8
AVG (iterations 140 to 160): 6.104459362757423E8
New best solution in iteration 163: 2.1690613359856534E8
New best solution in iteration 164: 2.130342621980084E8
AVG (iterations 160 to 180): 3.629878384912216E8
New best solution in iteration 182: 1.6880468781601167E8
New best solution in iteration 186: 1.6660119133722082E8
AVG (iterations 180 to 200): 2.393272872145751E8
New best solution in iteration 214: 1.652940824040272E8
AVG (iterations 200 to 220): 2.5470455513985237E8
New best solution in iteration 231: 1.6294011195451808E8
New best solution in iteration 238: 1.5715992747676027E8
AVG (iterations 220 to 240): 1.92582306480592E8
AVG (iterations 240 to 260): 1.8567195605889943E8
AVG (iterations 260 to 280): 1.787218059567184E8
AVG (iterations 280 to 300): 1.7145835244050494E8
AVG (iterations 300 to 320): 1.7106409940695184E8
New best solution in iteration 332: 1.5714887262160498E8
AVG (iterations 320 to 340): 1.770763957075315E8
AVG (iterations 340 to 360): 1.7949758317620054E8
AVG (iterations 360 to 380): 1.7846090774592024E8
AVG (iterations 380 to 400): 1.8486968501937813E8
AVG (iterations 400 to 420): 1.7686916136949646E8
AVG (iterations 420 to 440): 1.751873722594589E8
AVG (iterations 440 to 460): 1.705631781648441E8
AVG (iterations 460 to 480): 1.846904780484488E8
AVG (iterations 480 to 500): 1.6989163484944594E8
AVG (iterations 500 to 520): 1.820274405612937E8
AVG (iterations 520 to 540): 1.7775436305331424E8
AVG (iterations 540 to 560): 1.8175897082900822E8
AVG (iterations 560 to 580): 1.7630337149347168E8
AVG (iterations 580 to 600): 1.733779017318399E8
AVG (iterations 600 to 620): 1.726760121643371E8
AVG (iterations 620 to 640): 1.730170474467478E8
AVG (iterations 640 to 660): 1.7187865899865335E8
AVG (iterations 660 to 680): 1.7292270735898548E8
AVG (iterations 680 to 700): 1.723641796805456E8
AVG (iterations 700 to 720): 1.7371966994655484E8
AVG (iterations 720 to 740): 1.7381401003431714E8
AVG (iterations 740 to 760): 1.7376441746535563E8
AVG (iterations 760 to 780): 1.737049063826019E8
AVG (iterations 780 to 800): 1.7377846612190747E8
AVG (iterations 800 to 820): 1.7377433597914797E8
AVG (iterations 820 to 840): 1.738129045488016E8
AVG (iterations 840 to 860): 1.73787831892942E8
AVG (iterations 860 to 880): 1.7381345729155937E8
AVG (iterations 880 to 900): 1.7376331197984016E8
AVG (iterations 900 to 920): 1.7380353877776712E8
AVG (iterations 920 to 940): 1.7387820400258812E8
AVG (iterations 940 to 960): 1.738374244619034E8
AVG (iterations 960 to 980): 1.738881225163804E8
Solution from ACO:
0 (370.3213) --> [1, 10, 3]
1 (133.6589) --> [13]
2 (398.1973) --> [18, 9, 8]
3 (116.4812) --> [11]
4 --> []
5 --> []
6 (144.1451) --> [12]
7 --> []
8 --> []
9 (77.6379) --> [15, 5]
10 (169.8409) --> [4]
11 (133.0112) --> [16]
12 (188.0342) --> [2]
13 (165.5522) --> [17, 14]
14 --> []
15 --> []
16 --> []
17 (118.9643) --> [6]
18 (250.2520) --> [19, 7]
19 --> []

Solution energy from ACO: 1.5714887262160498E8
trying to improve with local search...
final Solution:
0 (370.3213) --> [10, 3, 14]
1 (133.6589) --> [13]
2 (398.1973) --> [18, 9, 8]
3 (116.4812) --> [11]
4 --> []
5 --> []
6 (144.1451) --> [12]
7 --> []
8 --> []
9 (77.6379) --> [15, 5]
10 (169.8409) --> [4]
11 (133.0112) --> [16]
12 (188.0342) --> [2]
13 (133.6589) --> [17, 1]
14 --> []
15 --> []
16 --> []
17 (118.9643) --> [6]
18 (250.2520) --> [19, 7]
19 --> []

final Solution energy: 1.5499926736922446E8
Calculated in 762ms
Ants=1000, alpha=0.6, beta=3.0, evaporate factor=0.07
(for ../../mebp/mebp-02.dat)
