New best solution in iteration 0: 4.1069764893423185E9
New best solution in iteration 2: 2.1421729301410248E9
New best solution in iteration 8: 2.0577127737491446E9
New best solution in iteration 9: 2.00371380309989E9
New best solution in iteration 12: 1.7044309596046956E9
AVG (iterations 0 to 20): 3.2428623391180167E9
New best solution in iteration 38: 1.6566568791382816E9
AVG (iterations 20 to 40): 3.524090187656025E9
New best solution in iteration 44: 1.4472718161917543E9
AVG (iterations 40 to 60): 3.2038459379519854E9
New best solution in iteration 79: 1.4073281919273112E9
AVG (iterations 60 to 80): 3.019808059876393E9
AVG (iterations 80 to 100): 3.376176809927946E9
AVG (iterations 100 to 120): 3.2997607480999856E9
AVG (iterations 120 to 140): 3.279742204147207E9
New best solution in iteration 152: 1.1429518292927842E9
AVG (iterations 140 to 160): 2.2405766282591825E9
New best solution in iteration 161: 7.01309107535922E8
New best solution in iteration 166: 6.677301334565773E8
New best solution in iteration 172: 3.9439478741247827E8
New best solution in iteration 173: 2.9274072493261737E8
AVG (iterations 160 to 180): 1.2119242972686172E9
New best solution in iteration 181: 2.3191735181632933E8
New best solution in iteration 185: 1.1207984142757152E8
New best solution in iteration 191: 7.140613319142745E7
New best solution in iteration 192: 6.1187705516865075E7
New best solution in iteration 193: 6.0189013177203506E7
New best solution in iteration 194: 3.843312996548802E7
New best solution in iteration 195: 3.107379350943574E7
AVG (iterations 180 to 200): 2.484928005908497E8
New best solution in iteration 202: 2.902465648506141E7
New best solution in iteration 206: 2.719251892065174E7
New best solution in iteration 209: 2.6269369106754746E7
New best solution in iteration 214: 2.5999095038743258E7
AVG (iterations 200 to 220): 4.20190511883354E7
New best solution in iteration 223: 2.5997841275848128E7
New best solution in iteration 234: 2.5764857102458723E7
AVG (iterations 220 to 240): 2.695649302273066E7
New best solution in iteration 243: 2.4648869674418643E7
New best solution in iteration 253: 2.42904134719077E7
AVG (iterations 240 to 260): 2.6675821339801345E7
AVG (iterations 260 to 280): 2.6471708452246908E7
AVG (iterations 280 to 300): 2.61994962289018E7
AVG (iterations 300 to 320): 2.613237134214997E7
AVG (iterations 320 to 340): 2.6150254963901974E7
AVG (iterations 340 to 360): 2.5870996890366618E7
AVG (iterations 360 to 380): 2.5700070597429138E7
New best solution in iteration 392: 2.392163349234938E7
AVG (iterations 380 to 400): 2.591369519920561E7
New best solution in iteration 409: 2.382165253925089E7
AVG (iterations 400 to 420): 2.5563970572008178E7
New best solution in iteration 425: 2.355321817898445E7
AVG (iterations 420 to 440): 2.56651421742811E7
AVG (iterations 440 to 460): 2.5258749106493514E7
New best solution in iteration 478: 2.353733847203984E7
AVG (iterations 460 to 480): 2.5075025242832683E7
AVG (iterations 480 to 500): 2.533706257153388E7
New best solution in iteration 504: 2.3231893555378713E7
AVG (iterations 500 to 520): 2.4964612070054363E7
AVG (iterations 520 to 540): 2.531648731999845E7
New best solution in iteration 552: 2.307526393972367E7
AVG (iterations 540 to 560): 2.487320346527447E7
AVG (iterations 560 to 580): 2.45640138113774E7
AVG (iterations 580 to 600): 2.509984273409643E7
AVG (iterations 600 to 620): 2.47766731919771E7
AVG (iterations 620 to 640): 2.4997345426535573E7
AVG (iterations 640 to 660): 2.4983133168896392E7
AVG (iterations 660 to 680): 2.5170475042983532E7
AVG (iterations 680 to 700): 2.5152192984561685E7
AVG (iterations 700 to 720): 2.496454023060843E7
AVG (iterations 720 to 740): 2.5062488303326447E7
AVG (iterations 740 to 760): 2.486523713061473E7
AVG (iterations 760 to 780): 2.501353616339595E7
AVG (iterations 780 to 800): 2.5016618881259747E7
AVG (iterations 800 to 820): 2.480886393129525E7
AVG (iterations 820 to 840): 2.513084262518749E7
AVG (iterations 840 to 860): 2.4950652148486473E7
AVG (iterations 860 to 880): 2.527630583379025E7
AVG (iterations 880 to 900): 2.4852793470006216E7
New best solution in iteration 902: 2.3014857175624546E7
AVG (iterations 900 to 920): 2.4783319049169652E7
AVG (iterations 920 to 940): 2.4836391665038936E7
AVG (iterations 940 to 960): 2.504107948931689E7
AVG (iterations 960 to 980): 2.461055635986897E7
Solution from ACO:
0 (49.4754) --> [72, 403]
1 (24.7447) --> [319]
2 (55.2769) --> [452]
3 (38.5554) --> [24, 457]
4 (51.9321) --> [324]
5 (20.8450) --> [90, 433]
6 (39.7859) --> [444, 149]
7 (33.7214) --> [429]
8 --> []
9 (50.4405) --> [97, 141]
10 (29.8526) --> [232]
11 --> []
12 (9.4982) --> [488]
13 (15.1268) --> [489, 282]
14 (22.8928) --> [482]
15 (23.2511) --> [349, 350]
16 (29.0061) --> [375]
17 (21.4803) --> [364]
18 (40.4239) --> [110, 205]
19 --> []
20 (51.0144) --> [303, 336]
21 --> []
22 (23.5447) --> [197]
23 (38.6642) --> [189]
24 (41.0264) --> [313]
25 (10.4453) --> [348]
26 (8.6174) --> [206]
27 (9.7846) --> [255]
28 --> []
29 --> []
30 --> []
31 (21.7947) --> [394]
32 (20.5905) --> [435]
33 (17.9040) --> [236]
34 (9.4210) --> [147]
35 (22.7847) --> [132]
36 (16.6840) --> [430]
37 (35.8726) --> [354]
38 --> []
39 (39.9071) --> [494, 115]
40 (45.0563) --> [170, 484]
41 (27.9797) --> [342, 284]
42 (32.0748) --> [261]
43 --> []
44 (22.6477) --> [151, 171]
45 (25.6017) --> [425]
46 (11.5983) --> [39]
47 --> []
48 (20.5775) --> [229]
49 --> []
50 (26.7218) --> [211]
51 (17.3837) --> [158]
52 (33.9988) --> [264]
53 --> []
54 --> []
55 --> []
56 --> []
57 --> []
58 --> []
59 (47.2745) --> [238]
60 (13.8910) --> [70]
61 (71.9809) --> [137, 242]
62 --> []
63 (15.5394) --> [361]
64 (30.9094) --> [346]
65 (43.4868) --> [117]
66 (5.1945) --> [357]
67 (48.6934) --> [66, 246]
68 (15.0659) --> [231]
69 (22.9503) --> [382]
70 (16.8687) --> [78, 163]
71 (45.3609) --> [212]
72 (17.7025) --> [86, 305, 33]
73 (17.2493) --> [253]
74 (63.3685) --> [64, 492]
75 --> []
76 (60.0011) --> [455]
77 (17.5146) --> [486]
78 --> []
79 --> []
80 --> []
81 --> []
82 --> []
83 (11.7807) --> [146]
84 --> []
85 --> []
86 (76.3748) --> [142, 472]
87 (17.8442) --> [373]
88 --> []
89 (61.8375) --> [107, 176, 23]
90 --> []
91 --> []
92 (60.8347) --> [332]
93 (22.5923) --> [130]
94 (46.6260) --> [426]
95 (47.1536) --> [87]
96 (37.1531) --> [73]
97 (53.1349) --> [240]
98 --> []
99 (57.6006) --> [401]
100 (49.4773) --> [98, 397]
101 --> []
102 (45.6514) --> [228]
103 (8.7476) --> [309]
104 (43.2264) --> [370, 328]
105 (38.3408) --> [412]
106 (50.8889) --> [52, 366]
107 (20.2885) --> [25]
108 (19.8484) --> [343]
109 (54.7307) --> [226, 188]
110 --> []
111 (31.9351) --> [129]
112 (30.4741) --> [7]
113 (61.2358) --> [347]
114 (33.5268) --> [464, 100, 102]
115 (11.8114) --> [496]
116 --> []
117 (54.5374) --> [454, 92, 415]
118 (39.6867) --> [275, 485]
119 --> []
120 (25.5545) --> [69, 5]
121 --> []
122 (35.8591) --> [58, 338, 271]
123 --> []
124 (6.6663) --> [167]
125 (46.0671) --> [299, 413]
126 (27.6489) --> [200]
127 (62.0578) --> [391]
128 (39.5600) --> [449]
129 (22.1976) --> [177]
130 (17.3544) --> [456]
131 (1.7210) --> [272]
132 (73.7810) --> [428, 320]
133 (52.2705) --> [95, 82]
134 (28.3831) --> [262]
135 (33.3445) --> [230]
136 --> []
137 (47.6607) --> [323, 326]
138 (15.7647) --> [156]
139 (16.0824) --> [94, 4]
140 --> []
141 (35.6279) --> [27, 84]
142 (51.2315) --> [270]
143 (42.6405) --> [15]
144 (30.4247) --> [406, 381]
145 (41.3232) --> [159, 241]
146 --> []
147 (36.5457) --> [450, 26]
148 --> []
149 (38.6053) --> [88, 178]
150 --> []
151 (20.8113) --> [71]
152 (33.8625) --> [440, 330]
153 (42.5219) --> [213]
154 (52.8653) --> [254]
155 --> []
156 (22.0088) --> [38]
157 (12.4058) --> [329]
158 (7.6794) --> [409]
159 (27.0230) --> [390]
160 --> []
161 --> []
162 (34.0954) --> [53, 465]
163 (29.2237) --> [116]
164 (28.5755) --> [404, 434]
165 (51.6040) --> [463, 239]
166 (53.1331) --> [388]
167 (22.8915) --> [372, 362]
168 (34.7143) --> [152]
169 (50.5689) --> [235, 321]
170 --> []
171 (18.0378) --> [400]
172 (49.9288) --> [216]
173 --> []
174 --> []
175 (47.1112) --> [259, 140]
176 (35.0863) --> [181]
177 (27.0372) --> [267]
178 (52.5908) --> [193, 467, 209]
179 (44.3463) --> [315, 54]
180 (29.3370) --> [471]
181 (61.9192) --> [431, 207]
182 (34.8917) --> [300]
183 (19.6692) --> [307]
184 (30.1735) --> [133]
185 --> []
186 (45.2594) --> [225, 333]
187 --> []
188 (59.7244) --> [183]
189 (47.2953) --> [398]
190 --> []
191 --> []
192 (38.2171) --> [108, 469]
193 --> []
194 (40.0695) --> [355, 383, 310]
195 (41.4572) --> [128, 422]
196 (44.2375) --> [75]
197 (18.1831) --> [318]
198 (45.7242) --> [113, 418]
199 (39.5275) --> [96]
200 --> []
201 (39.0282) --> [497]
202 (11.3675) --> [68]
203 (45.0116) --> [288, 80]
204 (25.7327) --> [495]
205 (38.8808) --> [22, 483]
206 (37.7541) --> [393]
207 (37.9761) --> [423]
208 --> []
209 --> []
210 (34.4609) --> [194]
211 (17.8626) --> [175]
212 (53.9488) --> [258]
213 (18.1921) --> [387]
214 (10.1926) --> [169]
215 --> []
216 (17.2305) --> [104]
217 (37.0157) --> [301]
218 (24.7335) --> [376, 421]
219 (30.5179) --> [345, 377]
220 --> []
221 --> []
222 --> []
223 (45.9451) --> [490, 61]
224 --> []
225 --> []
226 (34.7365) --> [65]
227 (57.9772) --> [353, 249]
228 (49.3515) --> [243]
229 (39.3626) --> [316]
230 (28.7170) --> [474]
231 (45.9766) --> [322]
232 (21.7437) --> [150]
233 --> []
234 (32.1675) --> [109]
235 --> []
236 (58.7284) --> [180]
237 (7.7234) --> [287]
238 (52.5876) --> [105, 56]
239 (17.9253) --> [399]
240 (9.1282) --> [219]
241 --> []
242 (27.0700) --> [3]
243 (9.1519) --> [334]
244 (13.5490) --> [339]
245 --> []
246 --> []
247 --> []
248 (27.0650) --> [441]
249 --> []
250 (29.7454) --> [289]
251 --> []
252 (54.9793) --> [461, 436]
253 (63.6432) --> [31]
254 (41.8571) --> [371, 396]
255 (23.4381) --> [85]
256 (30.0422) --> [292]
257 (35.2264) --> [17]
258 (49.8943) --> [20]
259 --> []
260 (37.1394) --> [9, 458]
261 (11.4913) --> [139]
262 --> []
263 (67.9397) --> [161, 62, 218]
264 (55.3142) --> [89]
265 --> []
266 (20.9036) --> [475]
267 (22.7703) --> [498, 384]
268 (43.3436) --> [223]
269 (19.0588) --> [263]
270 (18.6568) --> [252]
271 (34.4940) --> [379]
272 (58.4621) --> [101]
273 (27.8989) --> [179]
274 --> []
275 --> []
276 (7.5911) --> [148]
277 (3.2810) --> [432]
278 (49.7133) --> [37, 478]
279 (14.9374) --> [30]
280 (33.7729) --> [340, 118]
281 --> []
282 (23.7477) --> [395]
283 (26.5662) --> [32]
284 --> []
285 --> []
286 --> []
287 (30.5796) --> [477]
288 (61.8117) --> [265, 112]
289 (34.1726) --> [217]
290 (34.1815) --> [221]
291 (65.9389) --> [120]
292 (31.1820) --> [257]
293 --> []
294 (15.2750) --> [119]
295 (31.1213) --> [122]
296 (40.1091) --> [269, 291]
297 (39.8491) --> [247]
298 (7.9000) --> [165]
299 (31.5504) --> [21]
300 (24.6286) --> [286]
301 (34.7521) --> [359]
302 --> []
303 (20.7475) --> [204, 123]
304 (37.9043) --> [10, 417]
305 (34.1806) --> [344]
306 (17.1605) --> [157]
307 --> []
308 --> []
309 (53.5162) --> [208, 285, 427]
310 (28.5265) --> [437, 293]
311 (37.0270) --> [260]
312 (11.9136) --> [367]
313 (36.6474) --> [499]
314 (7.1412) --> [124]
315 (35.8076) --> [6]
316 (51.4100) --> [190, 298]
317 (18.6937) --> [473]
318 (39.4248) --> [302]
319 (26.9823) --> [439]
320 (3.3700) --> [214]
321 (57.3634) --> [369, 408]
322 (36.9214) --> [380, 256]
323 (28.6012) --> [222]
324 --> []
325 (35.0333) --> [487, 196]
326 (48.0920) --> [45]
327 (15.5829) --> [210]
328 (17.6096) --> [57]
329 (17.0193) --> [314]
330 (69.4596) --> [173]
331 --> []
332 (53.9755) --> [416]
333 (43.7448) --> [215, 365]
334 (8.2835) --> [363]
335 (23.6364) --> [41]
336 --> []
337 --> []
338 --> []
339 (21.6941) --> [337]
340 (10.4760) --> [335]
341 --> []
342 --> []
343 (35.2822) --> [127, 29]
344 --> []
345 (22.2289) --> [459]
346 (28.3670) --> [91]
347 (20.1812) --> [297, 93]
348 --> []
349 (21.2483) --> [446]
350 (44.0036) --> [445, 99]
351 --> []
352 --> []
353 (37.2991) --> [49, 281]
354 (62.3751) --> [414]
355 (35.6399) --> [325, 77]
356 --> []
357 --> []
358 (31.1315) --> [331, 14]
359 (46.3574) --> [277]
360 --> []
361 --> []
362 (46.2540) --> [46]
363 (16.4523) --> [306, 1]
364 --> []
365 (28.1973) --> [67]
366 (49.6514) --> [248]
367 (13.8428) --> [174]
368 --> []
369 --> []
370 (29.5895) --> [153]
371 (10.8396) --> [131]
372 (55.7766) --> [186]
373 --> []
374 (46.8984) --> [280]
375 (18.3562) --> [40]
376 (17.8505) --> [35]
377 (43.1813) --> [358]
378 --> []
379 --> []
380 --> []
381 (16.0323) --> [424]
382 --> []
383 (25.6871) --> [43]
384 (49.4473) --> [19, 442]
385 (51.6817) --> [114]
386 (26.8634) --> [438, 182]
387 (38.7750) --> [48, 266]
388 (12.7344) --> [451]
389 (47.5445) --> [392, 121, 60]
390 (55.1557) --> [405, 164]
391 --> []
392 --> []
393 --> []
394 (40.3013) --> [245]
395 (20.8265) --> [195]
396 (39.4637) --> [44, 199]
397 (22.0194) --> [227]
398 (37.4729) --> [327]
399 (58.5649) --> [308, 125]
400 (31.3447) --> [283, 493]
401 (37.3484) --> [274, 103]
402 (45.2572) --> [59, 198]
403 (17.2572) --> [447]
404 (24.1125) --> [51]
405 (26.2971) --> [11]
406 --> []
407 --> []
408 (19.2944) --> [184, 250]
409 (33.7891) --> [50]
410 (0.1513) --> [279]
411 (44.2553) --> [448]
412 (47.1302) --> [278, 317]
413 (11.3833) --> [268]
414 --> []
415 (14.8063) --> [12]
416 (41.8466) --> [135]
417 (52.2946) --> [79]
418 --> []
419 (26.1205) --> [63]
420 (10.4726) --> [251]
421 (25.5382) --> [476]
422 --> []
423 (11.2673) --> [244]
424 (57.5520) --> [294, 166]
425 (40.4471) --> [55]
426 (23.4328) --> [136]
427 (22.5312) --> [2]
428 (33.1041) --> [407, 453]
429 (61.0507) --> [460, 47]
430 (11.3697) --> [468]
431 (62.0698) --> [368, 311]
432 (26.4017) --> [172]
433 (26.8646) --> [18]
434 (36.1860) --> [111]
435 (42.0449) --> [42]
436 (20.1199) --> [312, 411]
437 (42.3128) --> [220, 134]
438 (97.6116) --> [76, 168]
439 (22.6187) --> [234]
440 (16.6791) --> [420]
441 (30.4531) --> [296, 83]
442 --> []
443 (22.7041) --> [36]
444 (19.1829) --> [233, 491]
445 (29.8178) --> [466]
446 (33.2997) --> [162]
447 (20.5685) --> [203]
448 (48.7223) --> [385]
449 --> []
450 (34.3647) --> [356, 374]
451 (30.9235) --> [470]
452 --> []
453 (51.7986) --> [360, 351]
454 (27.6119) --> [126]
455 --> []
456 (25.3556) --> [480, 192]
457 (5.6754) --> [185]
458 --> []
459 (17.7199) --> [138]
460 (51.7688) --> [144]
461 --> []
462 --> []
463 (44.5506) --> [224]
464 --> []
465 --> []
466 (34.8995) --> [402]
467 --> []
468 (16.6095) --> [191, 28]
469 --> []
470 (33.5933) --> [8, 479]
471 (27.3276) --> [143]
472 (28.2455) --> [481]
473 (38.3111) --> [202, 341, 34]
474 (40.1958) --> [410]
475 --> []
476 (24.2088) --> [81, 155]
477 (54.8576) --> [386, 187]
478 --> []
479 (39.6346) --> [160]
480 (25.8960) --> [201]
481 (59.6496) --> [106, 237]
482 (27.2153) --> [462]
483 (11.4745) --> [389]
484 --> []
485 (48.7525) --> [352, 419]
486 (44.0024) --> [443]
487 --> []
488 --> []
489 --> []
490 (7.4340) --> [145]
491 (32.0026) --> [304]
492 --> []
493 (21.9204) --> [13]
494 (26.5114) --> [276]
495 (20.8803) --> [290]
496 (35.9918) --> [295, 154]
497 (32.2235) --> [16, 273]
498 (47.7243) --> [74]
499 (24.3590) --> [378]

Solution energy from ACO: 2.3014857175624546E7
trying to improve with local search...
final Solution:
0 (49.4754) --> [72, 403]
1 (24.7447) --> [319]
2 (55.2769) --> [452]
3 (38.5554) --> [24, 457]
4 (51.9321) --> [324]
5 (20.8450) --> [90, 433]
6 (39.7859) --> [444, 149]
7 (33.7214) --> [429]
8 --> []
9 (50.4405) --> [97, 141]
10 (29.8526) --> [232]
11 --> []
12 (9.4982) --> [488]
13 (15.1268) --> [489, 282]
14 (22.8928) --> [482]
15 (23.2511) --> [349, 350]
16 (29.0061) --> [375]
17 (21.4803) --> [364]
18 (40.4239) --> [110, 205]
19 --> []
20 (51.0144) --> [303, 336]
21 --> []
22 (23.5447) --> [197]
23 (38.6642) --> [189]
24 (41.0264) --> [313]
25 (10.4453) --> [348]
26 (8.6174) --> [206]
27 (9.7846) --> [255]
28 --> []
29 --> []
30 --> []
31 (21.7947) --> [394]
32 (20.5905) --> [435]
33 (17.9040) --> [236]
34 (9.4210) --> [147]
35 (22.7847) --> [132]
36 (16.6840) --> [430]
37 (35.8726) --> [354]
38 --> []
39 (39.9071) --> [494, 115]
40 (45.0563) --> [170, 484]
41 (27.9797) --> [342, 284]
42 (32.0748) --> [261]
43 --> []
44 (22.6477) --> [151, 171]
45 (25.6017) --> [425]
46 (11.5983) --> [39]
47 --> []
48 (20.5775) --> [229]
49 --> []
50 (26.7218) --> [211]
51 (17.3837) --> [158]
52 (33.9988) --> [264]
53 --> []
54 --> []
55 --> []
56 --> []
57 --> []
58 --> []
59 (47.2745) --> [238]
60 (13.8910) --> [70]
61 (71.9809) --> [137, 242]
62 --> []
63 (15.5394) --> [361]
64 (30.9094) --> [346]
65 (43.4868) --> [117]
66 (5.1945) --> [357]
67 (48.6934) --> [66, 246]
68 (15.0659) --> [231]
69 (22.9503) --> [382]
70 (16.8687) --> [78, 163]
71 (45.3609) --> [212]
72 (17.7025) --> [86, 305, 33]
73 (17.2493) --> [253]
74 (63.3685) --> [64, 492]
75 --> []
76 (60.0011) --> [455]
77 (17.5146) --> [486]
78 --> []
79 --> []
80 --> []
81 --> []
82 --> []
83 (11.7807) --> [146]
84 --> []
85 --> []
86 (76.3748) --> [142, 472]
87 (17.8442) --> [373]
88 --> []
89 (61.8375) --> [107, 176, 23]
90 --> []
91 --> []
92 (60.8347) --> [332]
93 (22.5923) --> [130]
94 (46.6260) --> [426]
95 (47.1536) --> [87]
96 (37.1531) --> [73]
97 (53.1349) --> [240]
98 --> []
99 (57.6006) --> [401]
100 (49.4773) --> [98, 397]
101 --> []
102 (45.6514) --> [228]
103 (8.7476) --> [309]
104 (43.2264) --> [370, 328]
105 (38.3408) --> [412]
106 (50.8889) --> [52, 366]
107 (20.2885) --> [25]
108 (19.8484) --> [343]
109 (54.7307) --> [226, 188]
110 --> []
111 (31.9351) --> [129]
112 (30.4741) --> [7]
113 (61.2358) --> [347]
114 (33.5268) --> [464, 100, 102]
115 (11.8114) --> [496]
116 --> []
117 (54.5374) --> [454, 92, 415]
118 (39.6867) --> [275, 485]
119 --> []
120 (25.5545) --> [69, 5]
121 --> []
122 (35.8591) --> [58, 338, 271]
123 --> []
124 (6.6663) --> [167]
125 (46.0671) --> [299, 413]
126 (27.6489) --> [200]
127 (62.0578) --> [391]
128 (39.5600) --> [449]
129 (22.1976) --> [177]
130 (17.3544) --> [456]
131 (1.7210) --> [272]
132 (73.7810) --> [428, 320]
133 (52.2705) --> [95, 82]
134 (28.3831) --> [262]
135 (33.3445) --> [230]
136 --> []
137 (47.6607) --> [323, 326]
138 (15.7647) --> [156]
139 (16.0824) --> [94, 4]
140 --> []
141 (35.6279) --> [27, 84]
142 (51.2315) --> [270]
143 (42.6405) --> [15]
144 (30.4247) --> [406, 381]
145 (41.3232) --> [159, 241]
146 --> []
147 (36.5457) --> [450, 26]
148 --> []
149 (38.6053) --> [88, 178]
150 --> []
151 (20.8113) --> [71]
152 (33.8625) --> [440, 330]
153 (42.5219) --> [213]
154 (52.8653) --> [254]
155 --> []
156 (22.0088) --> [38]
157 (12.4058) --> [329]
158 (7.6794) --> [409]
159 (27.0230) --> [390]
160 --> []
161 --> []
162 (34.0954) --> [53, 465]
163 (29.2237) --> [116]
164 (28.5755) --> [404, 434]
165 (51.6040) --> [463, 239]
166 (53.1331) --> [388]
167 (22.8915) --> [372, 362]
168 (34.7143) --> [152]
169 (50.5689) --> [235, 321]
170 --> []
171 (18.0378) --> [400]
172 (49.9288) --> [216]
173 --> []
174 --> []
175 (47.1112) --> [259, 140]
176 (35.0863) --> [181]
177 (27.0372) --> [267]
178 (52.5908) --> [193, 467, 209]
179 (44.3463) --> [315, 54]
180 (29.3370) --> [471]
181 (61.9192) --> [431, 207]
182 (34.8917) --> [300]
183 (19.6692) --> [307]
184 (30.1735) --> [133]
185 --> []
186 (45.2594) --> [225, 333]
187 --> []
188 (59.7244) --> [183]
189 (47.2953) --> [398]
190 --> []
191 --> []
192 (38.2171) --> [108, 469]
193 --> []
194 (40.0695) --> [355, 383, 310]
195 (41.4572) --> [128, 422]
196 (44.2375) --> [75]
197 (18.1831) --> [318]
198 (45.7242) --> [113, 418]
199 (39.5275) --> [96]
200 --> []
201 (39.0282) --> [497]
202 (11.3675) --> [68]
203 (45.0116) --> [288, 80]
204 (25.7327) --> [495]
205 (38.8808) --> [22, 483]
206 (37.7541) --> [393]
207 (37.9761) --> [423]
208 --> []
209 --> []
210 (34.4609) --> [194]
211 (17.8626) --> [175]
212 (53.9488) --> [258]
213 (18.1921) --> [387]
214 (10.1926) --> [169]
215 --> []
216 (17.2305) --> [104]
217 (37.0157) --> [301]
218 (24.7335) --> [376, 421]
219 (30.5179) --> [345, 377]
220 --> []
221 --> []
222 --> []
223 (45.9451) --> [490, 61]
224 --> []
225 --> []
226 (34.7365) --> [65]
227 (57.9772) --> [353, 249]
228 (49.3515) --> [243]
229 (39.3626) --> [316]
230 (28.7170) --> [474]
231 (45.9766) --> [322]
232 (21.7437) --> [150]
233 --> []
234 (32.1675) --> [109]
235 --> []
236 (58.7284) --> [180]
237 (7.7234) --> [287]
238 (52.5876) --> [105, 56]
239 (17.9253) --> [399]
240 (9.1282) --> [219]
241 --> []
242 (27.0700) --> [3]
243 (9.1519) --> [334]
244 (13.5490) --> [339]
245 --> []
246 --> []
247 --> []
248 (27.0650) --> [441]
249 --> []
250 (29.7454) --> [289]
251 --> []
252 (54.9793) --> [461, 436]
253 (63.6432) --> [31]
254 (41.8571) --> [371, 396]
255 (23.4381) --> [85]
256 (30.0422) --> [292]
257 (35.2264) --> [17]
258 (49.8943) --> [20]
259 --> []
260 (37.1394) --> [9, 458]
261 (11.4913) --> [139]
262 --> []
263 (67.9397) --> [161, 62, 218]
264 (55.3142) --> [89]
265 --> []
266 (20.9036) --> [475]
267 (22.7703) --> [498, 384]
268 (43.3436) --> [223]
269 (19.0588) --> [263]
270 (18.6568) --> [252]
271 (34.4940) --> [379]
272 (58.4621) --> [101]
273 (27.8989) --> [179]
274 --> []
275 --> []
276 (7.5911) --> [148]
277 (3.2810) --> [432]
278 (49.7133) --> [37, 478]
279 (14.9374) --> [30]
280 (33.7729) --> [340, 118]
281 --> []
282 (23.7477) --> [395]
283 (26.5662) --> [32]
284 --> []
285 --> []
286 --> []
287 (30.5796) --> [477]
288 (61.8117) --> [265, 112]
289 (34.1726) --> [217]
290 (34.1815) --> [221]
291 (65.9389) --> [120]
292 (31.1820) --> [257]
293 --> []
294 (15.2750) --> [119]
295 (31.1213) --> [122]
296 (40.1091) --> [269, 291]
297 (39.8491) --> [247]
298 (7.9000) --> [165]
299 (31.5504) --> [21]
300 (24.6286) --> [286]
301 (34.7521) --> [359]
302 --> []
303 (20.7475) --> [204, 123]
304 (37.9043) --> [10, 417]
305 (34.1806) --> [344]
306 (17.1605) --> [157]
307 --> []
308 --> []
309 (53.5162) --> [208, 285, 427]
310 (28.5265) --> [437, 293]
311 (37.0270) --> [260]
312 (11.9136) --> [367]
313 (36.6474) --> [499]
314 (7.1412) --> [124]
315 (35.8076) --> [6]
316 (51.4100) --> [190, 298]
317 (18.6937) --> [473]
318 (39.4248) --> [302]
319 (26.9823) --> [439]
320 (3.3700) --> [214]
321 (57.3634) --> [369, 408]
322 (36.9214) --> [380, 256]
323 (28.6012) --> [222]
324 --> []
325 (35.0333) --> [487, 196]
326 (48.0920) --> [45]
327 (15.5829) --> [210]
328 (17.6096) --> [57]
329 (17.0193) --> [314]
330 (69.4596) --> [173]
331 --> []
332 (53.9755) --> [416]
333 (43.7448) --> [215, 365]
334 (8.2835) --> [363]
335 (23.6364) --> [41]
336 --> []
337 --> []
338 --> []
339 (21.6941) --> [337]
340 (10.4760) --> [335]
341 --> []
342 --> []
343 (35.2822) --> [127, 29]
344 --> []
345 (22.2289) --> [459]
346 (28.3670) --> [91]
347 (20.1812) --> [297, 93]
348 --> []
349 (21.2483) --> [446]
350 (44.0036) --> [445, 99]
351 --> []
352 --> []
353 (37.2991) --> [49, 281]
354 (62.3751) --> [414]
355 (35.6399) --> [325, 77]
356 --> []
357 --> []
358 (31.1315) --> [331, 14]
359 (46.3574) --> [277]
360 --> []
361 --> []
362 (46.2540) --> [46]
363 (16.4523) --> [306, 1]
364 --> []
365 (28.1973) --> [67]
366 (49.6514) --> [248]
367 (13.8428) --> [174]
368 --> []
369 --> []
370 (29.5895) --> [153]
371 (10.8396) --> [131]
372 (55.7766) --> [186]
373 --> []
374 (46.8984) --> [280]
375 (18.3562) --> [40]
376 (17.8505) --> [35]
377 (43.1813) --> [358]
378 --> []
379 --> []
380 --> []
381 (16.0323) --> [424]
382 --> []
383 (25.6871) --> [43]
384 (49.4473) --> [19, 442]
385 (51.6817) --> [114]
386 (26.8634) --> [438, 182]
387 (38.7750) --> [48, 266]
388 (12.7344) --> [451]
389 (47.5445) --> [392, 121, 60]
390 (55.1557) --> [405, 164]
391 --> []
392 --> []
393 --> []
394 (40.3013) --> [245]
395 (20.8265) --> [195]
396 (39.4637) --> [44, 199]
397 (22.0194) --> [227]
398 (37.4729) --> [327]
399 (58.5649) --> [308, 125]
400 (31.3447) --> [283, 493]
401 (37.3484) --> [274, 103]
402 (45.2572) --> [59, 198]
403 (17.2572) --> [447]
404 (24.1125) --> [51]
405 (26.2971) --> [11]
406 --> []
407 --> []
408 (19.2944) --> [184, 250]
409 (33.7891) --> [50]
410 (0.1513) --> [279]
411 (44.2553) --> [448]
412 (47.1302) --> [278, 317]
413 (11.3833) --> [268]
414 --> []
415 (14.8063) --> [12]
416 (41.8466) --> [135]
417 (52.2946) --> [79]
418 --> []
419 (26.1205) --> [63]
420 (10.4726) --> [251]
421 (25.5382) --> [476]
422 --> []
423 (11.2673) --> [244]
424 (57.5520) --> [294, 166]
425 (40.4471) --> [55]
426 (23.4328) --> [136]
427 (22.5312) --> [2]
428 (33.1041) --> [407, 453]
429 (61.0507) --> [460, 47]
430 (11.3697) --> [468]
431 (62.0698) --> [368, 311]
432 (26.4017) --> [172]
433 (26.8646) --> [18]
434 (36.1860) --> [111]
435 (42.0449) --> [42]
436 (20.1199) --> [312, 411]
437 (42.3128) --> [220, 134]
438 (97.6116) --> [76, 168]
439 (22.6187) --> [234]
440 (16.6791) --> [420]
441 (30.4531) --> [296, 83]
442 --> []
443 (22.7041) --> [36]
444 (19.1829) --> [233, 491]
445 (29.8178) --> [466]
446 (33.2997) --> [162]
447 (20.5685) --> [203]
448 (48.7223) --> [385]
449 --> []
450 (34.3647) --> [356, 374]
451 (30.9235) --> [470]
452 --> []
453 (51.7986) --> [360, 351]
454 (27.6119) --> [126]
455 --> []
456 (25.3556) --> [480, 192]
457 (5.6754) --> [185]
458 --> []
459 (17.7199) --> [138]
460 (51.7688) --> [144]
461 --> []
462 --> []
463 (44.5506) --> [224]
464 --> []
465 --> []
466 (34.8995) --> [402]
467 --> []
468 (16.6095) --> [191, 28]
469 --> []
470 (33.5933) --> [8, 479]
471 (27.3276) --> [143]
472 (28.2455) --> [481]
473 (38.3111) --> [202, 341, 34]
474 (40.1958) --> [410]
475 --> []
476 (24.2088) --> [81, 155]
477 (54.8576) --> [386, 187]
478 --> []
479 (39.6346) --> [160]
480 (25.8960) --> [201]
481 (59.6496) --> [106, 237]
482 (27.2153) --> [462]
483 (11.4745) --> [389]
484 --> []
485 (48.7525) --> [352, 419]
486 (44.0024) --> [443]
487 --> []
488 --> []
489 --> []
490 (7.4340) --> [145]
491 (32.0026) --> [304]
492 --> []
493 (21.9204) --> [13]
494 (26.5114) --> [276]
495 (20.8803) --> [290]
496 (35.9918) --> [295, 154]
497 (32.2235) --> [16, 273]
498 (47.7243) --> [74]
499 (24.3590) --> [378]

final Solution energy: 2.3014857175624546E7
Calculated in 362015ms
Ants=1000, alpha=0.6, beta=3.0, evaporate factor=0.07
(for ../../mebp/mebp-11.dat)
