New best solution in iteration 0: 5.962360158884588E8
New best solution in iteration 11: 5.584703346729205E8
AVG (iterations 0 to 20): 1.1239006764817047E9
New best solution in iteration 24: 4.001485982630359E8
AVG (iterations 20 to 40): 1.2682128734344344E9
AVG (iterations 40 to 60): 1.319239145336484E9
AVG (iterations 60 to 80): 1.2115648957375493E9
AVG (iterations 80 to 100): 1.264157847350843E9
AVG (iterations 100 to 120): 1.3444075702551486E9
AVG (iterations 120 to 140): 1.0557443338586744E9
New best solution in iteration 150: 3.086432499160526E8
New best solution in iteration 157: 2.0101520130759874E8
AVG (iterations 140 to 160): 7.717740673054559E8
New best solution in iteration 168: 1.787067696213458E8
New best solution in iteration 169: 1.2130270511911632E8
New best solution in iteration 175: 9.527542148541814E7
AVG (iterations 160 to 180): 2.6111865602513447E8
AVG (iterations 180 to 200): 1.3274947657833152E8
New best solution in iteration 202: 9.442657791580735E7
AVG (iterations 200 to 220): 1.2525768872149846E8
New best solution in iteration 221: 9.335113375012766E7
New best solution in iteration 229: 8.91977413154922E7
AVG (iterations 220 to 240): 1.1016544840445499E8
AVG (iterations 240 to 260): 1.1324775261312525E8
New best solution in iteration 262: 8.902875002884242E7
New best solution in iteration 270: 8.668998287484182E7
AVG (iterations 260 to 280): 1.0619397160670792E8
AVG (iterations 280 to 300): 1.0478888328313284E8
AVG (iterations 300 to 320): 1.0191664756438987E8
New best solution in iteration 321: 8.508079167473009E7
AVG (iterations 320 to 340): 9.364301515171908E7
AVG (iterations 340 to 360): 9.751962444989638E7
AVG (iterations 360 to 380): 9.547875879479869E7
AVG (iterations 380 to 400): 9.472452825889558E7
AVG (iterations 400 to 420): 9.284745615691759E7
AVG (iterations 420 to 440): 9.409496426663189E7
AVG (iterations 440 to 460): 9.803114162888017E7
AVG (iterations 460 to 480): 9.685817538738468E7
AVG (iterations 480 to 500): 9.598218890881619E7
AVG (iterations 500 to 520): 9.678437209341967E7
AVG (iterations 520 to 540): 9.381477897017166E7
AVG (iterations 540 to 560): 9.463905926199564E7
AVG (iterations 560 to 580): 9.756036077862564E7
AVG (iterations 580 to 600): 9.262465250821586E7
AVG (iterations 600 to 620): 9.738839152189808E7
AVG (iterations 620 to 640): 9.63335372944551E7
AVG (iterations 640 to 660): 9.706668035927217E7
AVG (iterations 660 to 680): 9.544480627801038E7
AVG (iterations 680 to 700): 9.671367359897423E7
AVG (iterations 700 to 720): 9.625054190139537E7
AVG (iterations 720 to 740): 9.831384522479056E7
New best solution in iteration 755: 8.501416532879049E7
AVG (iterations 740 to 760): 9.390178550626595E7
AVG (iterations 760 to 780): 9.189928921220866E7
AVG (iterations 780 to 800): 9.345485828751841E7
AVG (iterations 800 to 820): 9.530573133057646E7
New best solution in iteration 828: 8.425826280688539E7
AVG (iterations 820 to 840): 9.4827219952129E7
AVG (iterations 840 to 860): 9.926872038094637E7
AVG (iterations 860 to 880): 9.56838052111811E7
AVG (iterations 880 to 900): 9.469930381266388E7
AVG (iterations 900 to 920): 9.51141879254653E7
AVG (iterations 920 to 940): 9.591630213010749E7
AVG (iterations 940 to 960): 9.54822138805183E7
AVG (iterations 960 to 980): 9.3725086459182E7
Solution from ACO:
0 (68.2689) --> [42, 28]
1 (37.5800) --> [11]
2 (100.5944) --> [19, 17]
3 (65.2406) --> [40, 12]
4 (50.7829) --> [15]
5 --> []
6 (152.9257) --> [14]
7 (118.0492) --> [21, 37]
8 --> []
9 (33.7654) --> [2]
10 --> []
11 --> []
12 (120.9275) --> [13, 4]
13 (71.1047) --> [5]
14 (115.3781) --> [7]
15 (138.7124) --> [36, 6]
16 --> []
17 (101.0272) --> [18, 46]
18 (17.4897) --> [16]
19 (75.3066) --> [35]
20 --> []
21 (112.0395) --> [27]
22 (123.9481) --> [45, 48]
23 --> []
24 (160.5861) --> [22]
25 (13.0969) --> [10]
26 --> []
27 (50.2355) --> [30]
28 (233.3167) --> [44, 43]
29 (66.3268) --> [24]
30 (47.4865) --> [25]
31 --> []
32 (135.3124) --> [31]
33 --> []
34 (128.5944) --> [32, 33]
35 --> []
36 (126.0021) --> [41, 26]
37 (253.5205) --> [20, 39]
38 (107.1049) --> [49, 1]
39 --> []
40 (42.8043) --> [8]
41 (185.1240) --> [34]
42 (42.5340) --> [29]
43 (159.4906) --> [9]
44 (120.0008) --> [23]
45 (223.9520) --> [3]
46 --> []
47 --> []
48 (102.5640) --> [38, 47]
49 --> []

Solution energy from ACO: 8.425826280688539E7
trying to improve with local search...
final Solution:
0 (68.2689) --> [42, 28]
1 (37.5800) --> [11]
2 (100.5944) --> [19, 17]
3 (65.2406) --> [40, 12]
4 (50.7829) --> [15]
5 --> []
6 (152.9257) --> [14]
7 (118.0492) --> [21, 37]
8 --> []
9 (33.7654) --> [2]
10 --> []
11 --> []
12 (120.9275) --> [13, 4]
13 (71.1047) --> [5]
14 (115.3781) --> [7]
15 (138.7124) --> [36, 6]
16 --> []
17 (101.0272) --> [18, 46]
18 (17.4897) --> [16]
19 (75.3066) --> [35]
20 --> []
21 (112.0395) --> [27]
22 (123.9481) --> [45, 48]
23 --> []
24 (160.5861) --> [22]
25 (13.0969) --> [10]
26 --> []
27 (50.2355) --> [30]
28 (233.3167) --> [44, 43]
29 (66.3268) --> [24]
30 (47.4865) --> [25]
31 --> []
32 (135.3124) --> [31]
33 --> []
34 (128.5944) --> [32, 33]
35 --> []
36 (126.0021) --> [41, 26]
37 (253.5205) --> [20, 39]
38 (107.1049) --> [49, 1]
39 --> []
40 (42.8043) --> [8]
41 (185.1240) --> [34]
42 (42.5340) --> [29]
43 (159.4906) --> [9]
44 (120.0008) --> [23]
45 (223.9520) --> [3]
46 --> []
47 --> []
48 (102.5640) --> [38, 47]
49 --> []

final Solution energy: 8.425826280688539E7
Calculated in 1945ms
Ants=1000, alpha=0.6, beta=3.0, evaporate factor=0.07
(for ../../mebp/mebp-05.dat)
