New best solution in iteration 0: 2.5201273429205246E9
New best solution in iteration 1: 2.433951063888805E9
New best solution in iteration 3: 2.0233075796454997E9
New best solution in iteration 5: 1.8444459829182901E9
New best solution in iteration 8: 1.3602839704100473E9
AVG (iterations 0 to 20): 2.3957216368463383E9
New best solution in iteration 28: 8.191793486567262E8
AVG (iterations 20 to 40): 2.6148208787447653E9
AVG (iterations 40 to 60): 2.2792934273372335E9
AVG (iterations 60 to 80): 2.484970743598983E9
AVG (iterations 80 to 100): 2.7059721891174736E9
AVG (iterations 100 to 120): 2.145725673051952E9
AVG (iterations 120 to 140): 2.4741456021249027E9
AVG (iterations 140 to 160): 1.8949069122889004E9
New best solution in iteration 161: 4.2010831272314954E8
New best solution in iteration 171: 1.88059044660335E8
New best solution in iteration 176: 1.823248108555503E8
New best solution in iteration 178: 1.4644406851774162E8
AVG (iterations 160 to 180): 7.874609403928885E8
New best solution in iteration 181: 1.3914209423026758E8
New best solution in iteration 182: 9.28874516063283E7
New best solution in iteration 185: 5.028128309651564E7
New best solution in iteration 193: 4.7099215817903414E7
New best solution in iteration 197: 4.034585147800619E7
AVG (iterations 180 to 200): 1.2049354729384942E8
AVG (iterations 200 to 220): 5.208197522727372E7
New best solution in iteration 225: 4.029295234902577E7
New best solution in iteration 229: 3.923054403501442E7
New best solution in iteration 230: 3.853055202814571E7
AVG (iterations 220 to 240): 4.60015131660726E7
New best solution in iteration 254: 3.69073099945721E7
AVG (iterations 240 to 260): 4.3677315372567296E7
New best solution in iteration 268: 3.640016685272001E7
AVG (iterations 260 to 280): 4.190387903199215E7
AVG (iterations 280 to 300): 4.1182230622118995E7
New best solution in iteration 320: 3.53539289918007E7
AVG (iterations 300 to 320): 4.0650654064458966E7
AVG (iterations 320 to 340): 3.9114902546776995E7
AVG (iterations 340 to 360): 3.903188596788601E7
AVG (iterations 360 to 380): 3.8790211500274114E7
AVG (iterations 380 to 400): 3.88476934178128E7
AVG (iterations 400 to 420): 3.820199455951084E7
AVG (iterations 420 to 440): 3.9611985505114034E7
New best solution in iteration 456: 3.519527079917006E7
AVG (iterations 440 to 460): 3.890223767236567E7
AVG (iterations 460 to 480): 3.806983808602533E7
AVG (iterations 480 to 500): 3.869113618083077E7
AVG (iterations 500 to 520): 3.871576840430336E7
AVG (iterations 520 to 540): 3.830001125486584E7
AVG (iterations 540 to 560): 3.879636237059765E7
AVG (iterations 560 to 580): 3.758645059681122E7
AVG (iterations 580 to 600): 3.882621097096327E7
AVG (iterations 600 to 620): 3.8517171126097955E7
AVG (iterations 620 to 640): 3.86149974452113E7
AVG (iterations 640 to 660): 3.836408491088424E7
AVG (iterations 660 to 680): 3.803477884778194E7
AVG (iterations 680 to 700): 3.763404065567077E7
AVG (iterations 700 to 720): 3.845363267344587E7
AVG (iterations 720 to 740): 3.8425731050322235E7
New best solution in iteration 756: 3.463536642984548E7
AVG (iterations 740 to 760): 3.861865623972915E7
AVG (iterations 760 to 780): 3.846759469635136E7
AVG (iterations 780 to 800): 3.780561668884498E7
AVG (iterations 800 to 820): 3.8172374072793156E7
AVG (iterations 820 to 840): 3.824964304445589E7
New best solution in iteration 841: 3.432110807102919E7
AVG (iterations 840 to 860): 3.751802872458227E7
AVG (iterations 860 to 880): 3.82206746391294E7
AVG (iterations 880 to 900): 3.799553663494758E7
AVG (iterations 900 to 920): 3.661827610259563E7
AVG (iterations 920 to 940): 3.7023180848159716E7
AVG (iterations 940 to 960): 3.7881974986539714E7
AVG (iterations 960 to 980): 3.73512800535353E7
Solution from ACO:
0 (63.4380) --> [3, 185, 49, 83]
1 (40.7451) --> [169]
2 (91.1358) --> [61]
3 --> []
4 --> []
5 --> []
6 --> []
7 --> []
8 --> []
9 (12.1663) --> [59, 193]
10 --> []
11 (65.2901) --> [50]
12 (54.5192) --> [26]
13 (40.4707) --> [178, 175]
14 (83.6962) --> [123, 131]
15 (70.2932) --> [21, 183]
16 (39.9518) --> [44, 45, 33]
17 (66.2602) --> [136]
18 --> []
19 (53.4079) --> [172, 100]
20 (48.1023) --> [117]
21 (33.5808) --> [197]
22 (57.9432) --> [28]
23 (20.6238) --> [180]
24 --> []
25 (69.5314) --> [35]
26 (84.0977) --> [99, 140]
27 (78.4846) --> [116, 161]
28 (79.9770) --> [166, 160]
29 --> []
30 (24.5645) --> [76]
31 (43.5924) --> [81]
32 --> []
33 --> []
34 (80.6281) --> [132, 156, 74]
35 (78.4559) --> [75]
36 (16.9226) --> [192]
37 (31.9127) --> [31]
38 --> []
39 --> []
40 --> []
41 (75.0929) --> [52, 159]
42 (55.8543) --> [18, 153, 165]
43 (30.1402) --> [9]
44 (25.2678) --> [113]
45 --> []
46 (35.4028) --> [94]
47 (71.8133) --> [189]
48 (29.6354) --> [12, 84]
49 (57.4027) --> [104]
50 (69.0268) --> [143]
51 (77.9451) --> [128, 174]
52 (57.5499) --> [16]
53 (58.4996) --> [124]
54 (32.4217) --> [154]
55 (69.6264) --> [85]
56 --> []
57 (62.0123) --> [101]
58 --> []
59 (109.0053) --> [121, 187]
60 (47.2470) --> [54]
61 (55.8941) --> [199]
62 (24.4448) --> [32]
63 (35.7406) --> [71]
64 (54.0959) --> [77]
65 --> []
66 (74.0178) --> [144]
67 (75.7365) --> [114]
68 (57.9149) --> [34]
69 --> []
70 (41.8053) --> [43]
71 (46.3836) --> [68]
72 --> []
73 (16.1811) --> [39]
74 (36.0538) --> [78]
75 (110.5025) --> [29]
76 (31.7485) --> [73]
77 (73.3506) --> [51]
78 (70.7475) --> [60]
79 (38.7727) --> [110]
80 (24.7345) --> [133]
81 (86.5759) --> [95]
82 (87.1868) --> [86]
83 (64.9849) --> [130]
84 (107.8627) --> [97]
85 (26.4004) --> [62]
86 (38.5806) --> [150]
87 (43.3600) --> [142]
88 (68.5425) --> [20, 80]
89 (30.2027) --> [190]
90 --> []
91 --> []
92 --> []
93 (59.2817) --> [53]
94 (49.4191) --> [147]
95 (60.6747) --> [19]
96 (73.4327) --> [118]
97 (103.6425) --> [139, 155]
98 (14.9736) --> [7]
99 (33.6610) --> [112]
100 (21.1606) --> [188]
101 (9.4992) --> [23]
102 (45.5428) --> [170, 105]
103 (47.2727) --> [66, 181]
104 (41.4763) --> [1]
105 (41.1877) --> [125, 129]
106 (92.4070) --> [96]
107 (31.7567) --> [56]
108 (26.8486) --> [13, 126]
109 (31.2195) --> [152]
110 (60.7587) --> [47]
111 (86.2289) --> [145, 106, 27, 176]
112 --> []
113 (67.0276) --> [93]
114 (53.3229) --> [25]
115 (54.2184) --> [107, 191]
116 --> []
117 --> []
118 (72.4755) --> [146, 98]
119 (74.5244) --> [184]
120 (50.9036) --> [82]
121 (24.2936) --> [137]
122 (60.7313) --> [162, 11]
123 (58.7170) --> [55, 90]
124 (72.0200) --> [157, 67]
125 (56.4451) --> [10, 88]
126 (11.3241) --> [115]
127 (39.6311) --> [198]
128 (71.7381) --> [70, 119]
129 --> []
130 --> []
131 (11.1609) --> [173]
132 (72.2928) --> [122]
133 --> []
134 (91.1919) --> [57, 148]
135 (86.7849) --> [177]
136 (46.1352) --> [30]
137 --> []
138 (32.2916) --> [111]
139 --> []
140 (42.9862) --> [151, 65, 168]
141 (58.2641) --> [58]
142 (26.1135) --> [6]
143 --> []
144 (80.8573) --> [167, 72]
145 --> []
146 --> []
147 (34.5598) --> [24]
148 (55.6577) --> [149]
149 (52.7059) --> [171, 182]
150 (59.2291) --> [63]
151 --> []
152 (41.8593) --> [64]
153 (67.6998) --> [196]
154 (48.1583) --> [92]
155 --> []
156 (52.3184) --> [69]
157 --> []
158 (19.7268) --> [141]
159 (15.9291) --> [127]
160 --> []
161 (10.9966) --> [17]
162 (47.3471) --> [15]
163 --> []
164 (43.2679) --> [102]
165 (61.0175) --> [134]
166 (16.3659) --> [186]
167 --> []
168 --> []
169 (82.0980) --> [108, 195]
170 (59.7545) --> [179, 163, 109]
171 (38.2644) --> [8]
172 (50.7679) --> [120]
173 --> []
174 (9.4817) --> [40]
175 (62.5719) --> [103, 37]
176 (82.4349) --> [135]
177 --> []
178 --> []
179 (36.1528) --> [2]
180 (50.5232) --> [164]
181 --> []
182 (71.7808) --> [41]
183 (81.7474) --> [14, 5]
184 (38.5973) --> [138, 79]
185 --> []
186 (95.7997) --> [158]
187 (48.2443) --> [194]
188 --> []
189 (59.9521) --> [48, 89]
190 --> []
191 (31.3214) --> [22]
192 (36.1101) --> [87]
193 (3.7620) --> [91]
194 (10.4776) --> [38]
195 --> []
196 --> []
197 (72.3605) --> [42]
198 (17.1868) --> [36]
199 (41.7113) --> [4, 46]

Solution energy from ACO: 3.432110807102919E7
trying to improve with local search...
final Solution:
0 (63.4380) --> [3, 185, 49, 83]
1 (40.7451) --> [169]
2 (91.1358) --> [61]
3 --> []
4 --> []
5 --> []
6 --> []
7 --> []
8 --> []
9 (12.1663) --> [59, 193]
10 --> []
11 (65.2901) --> [50]
12 (54.5192) --> [26]
13 (40.4707) --> [178, 175]
14 (83.6962) --> [123, 131]
15 (70.2932) --> [21, 183]
16 (39.9518) --> [44, 45, 33]
17 (66.2602) --> [136]
18 --> []
19 (53.4079) --> [172, 100]
20 (48.1023) --> [117]
21 (33.5808) --> [197]
22 (57.9432) --> [28]
23 (20.6238) --> [180]
24 --> []
25 (69.5314) --> [35]
26 (84.0977) --> [99, 140]
27 (78.4846) --> [116, 161]
28 (79.9770) --> [166, 160]
29 --> []
30 (24.5645) --> [76]
31 (43.5924) --> [81]
32 --> []
33 --> []
34 (80.6281) --> [132, 156, 74]
35 (78.4559) --> [75]
36 (16.9226) --> [192]
37 (31.9127) --> [31]
38 --> []
39 --> []
40 --> []
41 (75.0929) --> [52, 159]
42 (55.8543) --> [18, 153, 165]
43 (76.9432) --> [187]
44 (25.2678) --> [113]
45 --> []
46 (35.4028) --> [94]
47 (71.8133) --> [189]
48 (29.6354) --> [12, 84]
49 (57.4027) --> [104]
50 (69.0268) --> [143]
51 (77.9451) --> [128, 174]
52 (57.5499) --> [16]
53 (58.4996) --> [124]
54 (32.4217) --> [154]
55 (69.6264) --> [85]
56 --> []
57 (62.0123) --> [101]
58 --> []
59 (37.0027) --> [121, 9]
60 (47.2470) --> [54]
61 (55.8941) --> [199]
62 (24.4448) --> [32]
63 (35.7406) --> [71]
64 (54.0959) --> [77]
65 --> []
66 (74.0178) --> [144]
67 (75.7365) --> [114]
68 (57.9149) --> [34]
69 --> []
70 (41.8053) --> [43]
71 (46.3836) --> [68]
72 --> []
73 (16.1811) --> [39]
74 (36.0538) --> [78]
75 (110.5025) --> [29]
76 (31.7485) --> [73]
77 (73.3506) --> [51]
78 (70.7475) --> [60]
79 (38.7727) --> [110]
80 (24.7345) --> [133]
81 (86.5759) --> [95]
82 (87.1868) --> [86]
83 (64.9849) --> [130]
84 (107.8627) --> [97]
85 (26.4004) --> [62]
86 (38.5806) --> [150]
87 (43.3600) --> [142]
88 (68.5425) --> [20, 80]
89 (30.2027) --> [190]
90 --> []
91 --> []
92 --> []
93 (59.2817) --> [53]
94 (49.4191) --> [147]
95 (60.6747) --> [19]
96 (73.4327) --> [118]
97 (103.6425) --> [139, 155]
98 (14.9736) --> [7]
99 (33.6610) --> [112]
100 (21.1606) --> [188]
101 (48.3496) --> [164]
102 (45.5428) --> [170, 105]
103 (47.2727) --> [66, 181]
104 (41.4763) --> [1]
105 (41.1877) --> [125, 129]
106 (92.4070) --> [96]
107 (31.7567) --> [56]
108 (26.8486) --> [13, 126]
109 (31.2195) --> [152]
110 (60.7587) --> [47]
111 (86.2289) --> [145, 106, 27, 176]
112 --> []
113 (67.0276) --> [93]
114 (53.3229) --> [25]
115 (54.2184) --> [107, 191]
116 --> []
117 --> []
118 (72.4755) --> [146, 98]
119 (74.5244) --> [184]
120 (50.9036) --> [82]
121 (24.2936) --> [137]
122 (60.7313) --> [162, 11]
123 (58.7170) --> [55, 90]
124 (72.0200) --> [157, 67]
125 (56.4451) --> [10, 88]
126 (11.3241) --> [115]
127 (39.6311) --> [198]
128 (71.7381) --> [70, 119]
129 --> []
130 --> []
131 (11.1609) --> [173]
132 (72.2928) --> [122]
133 --> []
134 (91.1919) --> [57, 148]
135 (86.7849) --> [177]
136 (46.1352) --> [30]
137 --> []
138 (32.2916) --> [111]
139 --> []
140 (42.9862) --> [151, 65, 168]
141 (58.2641) --> [58]
142 (26.1135) --> [6]
143 --> []
144 (80.8573) --> [167, 72]
145 --> []
146 --> []
147 (34.5598) --> [24]
148 (55.6577) --> [149]
149 (52.7059) --> [171, 182]
150 (59.2291) --> [63]
151 --> []
152 (41.8593) --> [64]
153 (67.6998) --> [196]
154 (48.1583) --> [92]
155 --> []
156 (52.3184) --> [69]
157 --> []
158 (19.7268) --> [141]
159 (15.9291) --> [127]
160 --> []
161 (10.9966) --> [17]
162 (47.3471) --> [15]
163 --> []
164 (43.2679) --> [102]
165 (61.0175) --> [134]
166 (16.3659) --> [186]
167 --> []
168 --> []
169 (82.0980) --> [108, 195]
170 (59.7545) --> [179, 163, 109]
171 (38.2644) --> [8]
172 (50.7679) --> [120]
173 --> []
174 (9.4817) --> [40]
175 (62.5719) --> [103, 37]
176 (82.4349) --> [135]
177 --> []
178 --> []
179 (36.1528) --> [2]
180 (20.6238) --> [23]
181 --> []
182 (71.7808) --> [41]
183 (81.7474) --> [14, 5]
184 (38.5973) --> [138, 79]
185 --> []
186 (95.7997) --> [158]
187 (48.2443) --> [194]
188 --> []
189 (59.9521) --> [48, 89]
190 --> []
191 (31.3214) --> [22]
192 (36.1101) --> [87]
193 (3.7620) --> [91]
194 (10.4776) --> [38]
195 --> []
196 --> []
197 (72.3605) --> [42]
198 (17.1868) --> [36]
199 (41.7113) --> [4, 46]

final Solution energy: 3.349667400939006E7
Calculated in 31202ms
Ants=1000, alpha=0.6, beta=3.0, evaporate factor=0.07
(for ../../mebp/mebp-07.dat)
