New best solution in iteration 0: 512629.70592713915
New best solution in iteration 3: 233371.71598977075
New best solution in iteration 11: 173135.81363752516
AVG (iterations 0 to 20): 694436.7305748782
New best solution in iteration 24: 160885.81363752516
AVG (iterations 20 to 40): 621072.55891764
AVG (iterations 40 to 60): 639084.9431174782
AVG (iterations 60 to 80): 679523.165018191
AVG (iterations 80 to 100): 317224.0692679873
AVG (iterations 100 to 120): 220306.8181228048
AVG (iterations 120 to 140): 220022.28045583665
AVG (iterations 140 to 160): 201324.45594976598
AVG (iterations 160 to 180): 206991.42423986254
AVG (iterations 180 to 200): 195674.9538547535
AVG (iterations 200 to 220): 184176.9238541292
AVG (iterations 220 to 240): 195251.60316710288
AVG (iterations 240 to 260): 197147.90579592268
AVG (iterations 260 to 280): 181666.2725397193
AVG (iterations 280 to 300): 178190.68536271466
AVG (iterations 300 to 320): 185923.10971672396
AVG (iterations 320 to 340): 196964.21993332802
AVG (iterations 340 to 360): 189248.58012750352
AVG (iterations 360 to 380): 180885.0225397193
AVG (iterations 380 to 400): 185923.10971672396
AVG (iterations 400 to 420): 182631.20840231405
AVG (iterations 420 to 440): 173135.8136375252
AVG (iterations 440 to 460): 173135.8136375252
AVG (iterations 460 to 480): 173135.8136375252
AVG (iterations 480 to 500): 173135.8136375252
AVG (iterations 500 to 520): 173135.8136375252
AVG (iterations 520 to 540): 173135.8136375252
AVG (iterations 540 to 560): 173135.8136375252
AVG (iterations 560 to 580): 173135.8136375252
AVG (iterations 580 to 600): 173135.8136375252
AVG (iterations 600 to 620): 173135.8136375252
AVG (iterations 620 to 640): 173135.8136375252
AVG (iterations 640 to 660): 173135.8136375252
AVG (iterations 660 to 680): 173135.8136375252
AVG (iterations 680 to 700): 173135.8136375252
AVG (iterations 700 to 720): 173135.8136375252
AVG (iterations 720 to 740): 173135.8136375252
AVG (iterations 740 to 760): 173135.8136375252
AVG (iterations 760 to 780): 173135.8136375252
AVG (iterations 780 to 800): 173135.8136375252
AVG (iterations 800 to 820): 173135.8136375252
AVG (iterations 820 to 840): 173135.8136375252
AVG (iterations 840 to 860): 173135.8136375252
AVG (iterations 860 to 880): 173135.8136375252
AVG (iterations 880 to 900): 173135.8136375252
AVG (iterations 900 to 920): 173135.8136375252
AVG (iterations 920 to 940): 173135.8136375252
AVG (iterations 940 to 960): 173135.8136375252
AVG (iterations 960 to 980): 173135.8136375252
Solution from ACO:
0 (46.0977) --> [1, 3, 4]
1 (15.0000) --> [2]
2 --> []
3 --> []
4 (39.0512) --> [5, 6]
5 --> []
6 --> []

Solution energy from ACO: 160885.81363752516
trying to improve with local search...
