New best solution in iteration 0: 1.5323768528589206E9
New best solution in iteration 4: 1.274061371037461E9
AVG (iterations 0 to 20): 2.273814966128481E9
New best solution in iteration 35: 1.1567807832159953E9
New best solution in iteration 38: 1.080572324207283E9
New best solution in iteration 39: 9.266965780561417E8
AVG (iterations 20 to 40): 2.1114052441389363E9
AVG (iterations 40 to 60): 2.1037395875702267E9
AVG (iterations 60 to 80): 2.2497021331760836E9
AVG (iterations 80 to 100): 2.026483068923079E9
New best solution in iteration 104: 7.670329934820266E8
AVG (iterations 100 to 120): 2.1895923994299293E9
AVG (iterations 120 to 140): 1.9991847490163536E9
New best solution in iteration 143: 7.472793740206127E8
New best solution in iteration 160: 4.8455384473633605E8
AVG (iterations 140 to 160): 1.6848471031541135E9
New best solution in iteration 166: 3.444767708189639E8
New best solution in iteration 173: 3.2053723039690393E8
New best solution in iteration 175: 3.063715671036138E8
New best solution in iteration 180: 1.2682293696140848E8
AVG (iterations 160 to 180): 7.107125624831218E8
New best solution in iteration 182: 7.908761475228325E7
New best solution in iteration 185: 5.961145341112745E7
New best solution in iteration 190: 5.349974160908538E7
New best solution in iteration 191: 5.153233864938897E7
New best solution in iteration 193: 4.283568430413877E7
New best solution in iteration 199: 3.8672572416037366E7
AVG (iterations 180 to 200): 2.0626834766422224E8
AVG (iterations 200 to 220): 1.0769194614413603E8
AVG (iterations 220 to 240): 4.33983682774917E7
New best solution in iteration 248: 3.77363359286959E7
AVG (iterations 240 to 260): 4.181580466758342E7
AVG (iterations 260 to 280): 4.2437891677288294E7
AVG (iterations 280 to 300): 4.047795161619206E7
AVG (iterations 300 to 320): 4.131287396438184E7
AVG (iterations 320 to 340): 4.1160945944972195E7
AVG (iterations 340 to 360): 4.0346505023837E7
AVG (iterations 360 to 380): 4.049206001903202E7
New best solution in iteration 389: 3.7619283489691176E7
New best solution in iteration 391: 3.6998875210829206E7
AVG (iterations 380 to 400): 4.009936311601286E7
AVG (iterations 400 to 420): 4.03007561339305E7
AVG (iterations 420 to 440): 4.0149336494363114E7
New best solution in iteration 447: 3.698607176950894E7
New best solution in iteration 450: 3.6354038011546925E7
AVG (iterations 440 to 460): 3.9430918814101994E7
AVG (iterations 460 to 480): 4.082759681155277E7
AVG (iterations 480 to 500): 4.049972046797867E7
New best solution in iteration 503: 3.605946382959965E7
AVG (iterations 500 to 520): 3.9068488002855174E7
AVG (iterations 520 to 540): 3.992653009421417E7
AVG (iterations 540 to 560): 3.938849905452542E7
AVG (iterations 560 to 580): 4.050827002508921E7
New best solution in iteration 584: 3.582053691593849E7
AVG (iterations 580 to 600): 4.053550563177629E7
AVG (iterations 600 to 620): 3.9820734263540104E7
AVG (iterations 620 to 640): 3.924476377775815E7
AVG (iterations 640 to 660): 3.946535175257879E7
AVG (iterations 660 to 680): 3.971233332700436E7
AVG (iterations 680 to 700): 3.983824065070974E7
New best solution in iteration 705: 3.517632161711583E7
AVG (iterations 700 to 720): 3.907926245273793E7
AVG (iterations 720 to 740): 3.843629262510771E7
AVG (iterations 740 to 760): 3.981638130704159E7
AVG (iterations 760 to 780): 4.0279229889498815E7
AVG (iterations 780 to 800): 3.9713028094334826E7
AVG (iterations 800 to 820): 3.964544376701373E7
AVG (iterations 820 to 840): 3.9137957247715905E7
AVG (iterations 840 to 860): 3.967826585934948E7
AVG (iterations 860 to 880): 3.919493497957015E7
AVG (iterations 880 to 900): 3.9001251729574986E7
AVG (iterations 900 to 920): 3.8845935828711115E7
AVG (iterations 920 to 940): 3.917287014886619E7
AVG (iterations 940 to 960): 3.894553054710544E7
AVG (iterations 960 to 980): 3.951406158483423E7
Solution from ACO:
0 (79.8935) --> [60, 56, 88]
1 --> []
2 (74.1257) --> [63, 149]
3 (46.8948) --> [94, 106]
4 (100.7868) --> [126, 71]
5 (74.8493) --> [153]
6 (35.8099) --> [40, 184]
7 (47.4935) --> [59, 98]
8 (134.9275) --> [7, 134]
9 (66.1330) --> [188]
10 (48.1289) --> [195]
11 (48.8867) --> [161, 31]
12 (39.5143) --> [27]
13 (24.5868) --> [83]
14 (50.4661) --> [125]
15 (39.1291) --> [158]
16 --> []
17 (69.4470) --> [23]
18 (77.5505) --> [136]
19 (45.8330) --> [80, 28]
20 (54.2274) --> [29]
21 (103.7746) --> [67, 52]
22 (46.4393) --> [198]
23 (48.2812) --> [4]
24 (50.5707) --> [35, 101]
25 (62.2530) --> [38]
26 (40.9359) --> [197]
27 (58.2978) --> [155, 160, 168]
28 (90.7262) --> [76]
29 (57.0992) --> [122]
30 (98.3525) --> [182]
31 --> []
32 --> []
33 (79.4878) --> [57]
34 (47.3489) --> [189]
35 (48.5605) --> [183]
36 --> []
37 --> []
38 --> []
39 (42.5508) --> [165]
40 (20.4670) --> [115]
41 (37.4534) --> [82]
42 (64.0796) --> [148]
43 (71.3434) --> [41, 16]
44 (68.8528) --> [123]
45 (89.9774) --> [144, 146]
46 (33.7098) --> [177]
47 --> []
48 (21.0803) --> [62]
49 (33.0435) --> [42]
50 (47.9093) --> [191]
51 (54.0073) --> [43]
52 (19.7954) --> [124]
53 (38.5809) --> [58]
54 --> []
55 (63.4301) --> [103]
56 (90.1731) --> [143]
57 (83.0220) --> [119]
58 (97.4076) --> [81, 141]
59 --> []
60 (50.7539) --> [135]
61 --> []
62 (44.0440) --> [95]
63 --> []
64 (57.5150) --> [46, 77]
65 --> []
66 (65.3760) --> [147, 111]
67 --> []
68 (106.5386) --> [154, 65]
69 (58.8866) --> [91, 159]
70 (25.9903) --> [75]
71 (68.3174) --> [196]
72 --> []
73 (18.4900) --> [173]
74 (65.3835) --> [107]
75 (65.5632) --> [186, 150]
76 --> []
77 (51.1638) --> [181]
78 (14.4783) --> [30]
79 --> []
80 (76.2024) --> [93]
81 (70.3255) --> [178, 9]
82 (55.4588) --> [10]
83 --> []
84 --> []
85 --> []
86 (66.0961) --> [104, 151]
87 (22.8446) --> [34]
88 (44.2907) --> [33]
89 (73.9264) --> [8]
90 (51.7020) --> [131]
91 (58.2183) --> [166, 121]
92 (79.8313) --> [51, 138, 90]
93 --> []
94 (31.8831) --> [32, 157]
95 --> []
96 (20.6043) --> [14]
97 (111.4525) --> [26]
98 --> []
99 (40.2091) --> [199]
100 --> []
101 (50.1557) --> [187, 100]
102 --> []
103 (77.2884) --> [13, 118]
104 (39.5994) --> [145]
105 --> []
106 (56.5677) --> [192, 169]
107 (64.9524) --> [11]
108 (50.2577) --> [54]
109 (55.9466) --> [53]
110 (60.2494) --> [89]
111 (38.9471) --> [92]
112 (73.8933) --> [174]
113 --> []
114 (66.0287) --> [49]
115 (70.4361) --> [44, 17]
116 (24.3799) --> [74]
117 (50.1890) --> [22]
118 (51.3034) --> [15]
119 (43.1406) --> [129]
120 --> []
121 (9.7939) --> [170]
122 (73.5834) --> [73]
123 (16.6104) --> [5]
124 (64.5945) --> [12]
125 (57.1592) --> [152, 55]
126 --> []
127 (6.3597) --> [84]
128 (60.8322) --> [190]
129 (35.2396) --> [69]
130 (53.8422) --> [167]
131 --> []
132 (47.7478) --> [79, 18]
133 (20.8680) --> [185]
134 --> []
135 (54.3552) --> [68]
136 (14.1887) --> [87, 128]
137 (10.9882) --> [179]
138 --> []
139 (21.5870) --> [66]
140 (85.7727) --> [156]
141 --> []
142 --> []
143 --> []
144 (78.4770) --> [78, 140]
145 (30.5363) --> [19]
146 (83.4053) --> [127, 25]
147 --> []
148 --> []
149 (9.5867) --> [1]
150 (25.9810) --> [130]
151 --> []
152 --> []
153 (53.4510) --> [72]
154 (58.0984) --> [194]
155 (60.5927) --> [176]
156 (79.3606) --> [132, 172, 113]
157 (66.3263) --> [48, 142]
158 (72.6992) --> [120]
159 (62.4364) --> [109, 162]
160 --> []
161 --> []
162 (51.1143) --> [114]
163 (32.0778) --> [105]
164 (43.7316) --> [37, 117]
165 (31.7030) --> [133, 70]
166 --> []
167 (62.5631) --> [97]
168 (68.1346) --> [108]
169 (22.0641) --> [99]
170 --> []
171 (57.1881) --> [85, 36]
172 --> []
173 (39.9663) --> [96, 64]
174 (43.4024) --> [2]
175 (34.8910) --> [50]
176 (69.2774) --> [47, 110]
177 --> []
178 --> []
179 (44.4657) --> [171]
180 (15.7677) --> [175]
181 --> []
182 --> []
183 (19.6471) --> [6]
184 --> []
185 (80.4002) --> [3]
186 --> []
187 (39.6079) --> [139]
188 (44.1699) --> [20]
189 (36.9040) --> [102, 164]
190 (29.0837) --> [86]
191 (51.0900) --> [24]
192 --> []
193 (73.5749) --> [116, 180]
194 (59.7647) --> [45, 137]
195 (35.6416) --> [61, 112]
196 (27.9495) --> [21]
197 (26.2115) --> [163]
198 (38.2585) --> [39]
199 (38.8271) --> [193]

Solution energy from ACO: 3.517632161711583E7
trying to improve with local search...
final Solution:
0 (79.8935) --> [60, 88, 135]
1 --> []
2 (74.1257) --> [63, 149]
3 (46.8948) --> [94, 106]
4 (100.7868) --> [126, 71]
5 (74.8493) --> [153]
6 (35.8099) --> [40, 184]
7 (47.4935) --> [59, 98]
8 (134.9275) --> [7, 134]
9 (66.1330) --> [188]
10 (48.1289) --> [195]
11 (48.8867) --> [161, 31]
12 (39.5143) --> [27]
13 (24.5868) --> [83]
14 (50.4661) --> [125]
15 (39.1291) --> [158]
16 --> []
17 (69.4470) --> [23]
18 (77.5505) --> [136]
19 (45.8330) --> [80, 28]
20 (54.2274) --> [29]
21 (103.7746) --> [67, 52]
22 (46.4393) --> [198]
23 (48.2812) --> [4]
24 (50.5707) --> [35, 101]
25 (62.2530) --> [38]
26 (40.9359) --> [197]
27 (58.2978) --> [155, 160, 168]
28 (90.7262) --> [76]
29 (57.0992) --> [122]
30 (98.3525) --> [182]
31 --> []
32 --> []
33 (79.4878) --> [57]
34 (47.3489) --> [189]
35 (48.5605) --> [183]
36 --> []
37 --> []
38 --> []
39 (42.5508) --> [165]
40 (20.4670) --> [115]
41 (37.4534) --> [82]
42 (64.0796) --> [148]
43 (71.3434) --> [41, 16]
44 (68.8528) --> [123]
45 (89.9774) --> [144, 146]
46 (33.7098) --> [177]
47 --> []
48 (21.0803) --> [62]
49 (33.0435) --> [42]
50 (47.9093) --> [191]
51 (54.0073) --> [43]
52 (19.7954) --> [124]
53 (38.5809) --> [58]
54 --> []
55 (63.4301) --> [103]
56 (90.1731) --> [143]
57 (83.0220) --> [119]
58 (97.4076) --> [81, 141]
59 --> []
60 (42.6093) --> [56]
61 --> []
62 (44.0440) --> [95]
63 --> []
64 (57.5150) --> [46, 77]
65 --> []
66 (65.3760) --> [147, 111]
67 --> []
68 (106.5386) --> [154, 65]
69 (58.8866) --> [91, 159]
70 (25.9903) --> [75]
71 (68.3174) --> [196]
72 --> []
73 (18.4900) --> [173]
74 (65.3835) --> [107]
75 (65.5632) --> [186, 150]
76 --> []
77 (51.1638) --> [181]
78 (74.0648) --> [140]
79 --> []
80 (76.2024) --> [93]
81 (70.3255) --> [178, 9]
82 (55.4588) --> [10]
83 --> []
84 --> []
85 --> []
86 (66.0961) --> [104, 151]
87 (22.8446) --> [34]
88 (44.2907) --> [33]
89 (73.9264) --> [8]
90 (51.7020) --> [131]
91 (58.2183) --> [166, 121]
92 (79.8313) --> [51, 138, 90]
93 --> []
94 (31.8831) --> [32, 157]
95 --> []
96 (20.6043) --> [14]
97 (99.1846) --> [105]
98 --> []
99 (40.2091) --> [199]
100 --> []
101 (50.1557) --> [187, 100]
102 --> []
103 (77.2884) --> [13, 118]
104 (39.5994) --> [145]
105 --> []
106 (56.5677) --> [192, 169]
107 (64.9524) --> [11]
108 (50.2577) --> [54]
109 (55.9466) --> [53]
110 (60.2494) --> [89]
111 (38.9471) --> [92]
112 (73.8933) --> [174]
113 --> []
114 (66.0287) --> [49]
115 (70.4361) --> [44, 17]
116 (24.3799) --> [74]
117 (50.1890) --> [22]
118 (51.3034) --> [15]
119 (43.1406) --> [129]
120 --> []
121 (9.7939) --> [170]
122 (73.5834) --> [73]
123 (16.6104) --> [5]
124 (64.5945) --> [12]
125 (57.1592) --> [152, 55]
126 --> []
127 (6.3597) --> [84]
128 (60.8322) --> [190]
129 (35.2396) --> [69]
130 (53.8422) --> [167]
131 --> []
132 (47.7478) --> [79, 18]
133 (20.8680) --> [185]
134 --> []
135 (54.3552) --> [68]
136 (14.1887) --> [87, 128]
137 (10.9882) --> [179]
138 --> []
139 (21.5870) --> [66]
140 (85.7727) --> [156]
141 --> []
142 --> []
143 --> []
144 (16.6702) --> [78, 30]
145 (30.5363) --> [19]
146 (83.4053) --> [127, 25]
147 --> []
148 --> []
149 (9.5867) --> [1]
150 (25.9810) --> [130]
151 --> []
152 --> []
153 (53.4510) --> [72]
154 (58.0984) --> [194]
155 (60.5927) --> [176]
156 (79.3606) --> [132, 172, 113]
157 (66.3263) --> [48, 142]
158 (72.6992) --> [120]
159 (62.4364) --> [109, 162]
160 --> []
161 --> []
162 (51.1143) --> [114]
163 (67.0654) --> [26]
164 (43.7316) --> [37, 117]
165 (31.7030) --> [133, 70]
166 --> []
167 (62.5631) --> [97]
168 (68.1346) --> [108]
169 (22.0641) --> [99]
170 --> []
171 (57.1881) --> [85, 36]
172 --> []
173 (39.9663) --> [96, 64]
174 (43.4024) --> [2]
175 (34.8910) --> [50]
176 (69.2774) --> [47, 110]
177 --> []
178 --> []
179 (44.4657) --> [171]
180 (15.7677) --> [175]
181 --> []
182 --> []
183 (19.6471) --> [6]
184 --> []
185 (80.4002) --> [3]
186 --> []
187 (39.6079) --> [139]
188 (44.1699) --> [20]
189 (36.9040) --> [102, 164]
190 (29.0837) --> [86]
191 (51.0900) --> [24]
192 --> []
193 (73.5749) --> [116, 180]
194 (59.7647) --> [45, 137]
195 (35.6416) --> [61, 112]
196 (27.9495) --> [21]
197 (26.2115) --> [163]
198 (38.2585) --> [39]
199 (38.8271) --> [193]

final Solution energy: 3.490746817139876E7
Calculated in 29455ms
Ants=1000, alpha=0.6, beta=3.0, evaporate factor=0.07
(for ../../mebp/mebp-08.dat)
