New best solution in iteration 0: 2.786926856650749E9
New best solution in iteration 1: 2.366098568794804E9
New best solution in iteration 2: 1.8440813841034956E9
New best solution in iteration 7: 1.685644218563752E9
New best solution in iteration 8: 1.3717118106460192E9
AVG (iterations 0 to 20): 2.6229172345645685E9
New best solution in iteration 22: 1.0499924277234668E9
AVG (iterations 20 to 40): 2.303568257877264E9
AVG (iterations 40 to 60): 2.5395008118962345E9
New best solution in iteration 61: 8.335622065023882E8
AVG (iterations 60 to 80): 2.160337795559439E9
AVG (iterations 80 to 100): 2.541685483499294E9
AVG (iterations 100 to 120): 2.6972946807678638E9
AVG (iterations 120 to 140): 2.475451514535103E9
New best solution in iteration 160: 4.3694055688274425E8
AVG (iterations 140 to 160): 1.780086418679068E9
New best solution in iteration 172: 3.334069131969013E8
New best solution in iteration 174: 1.6633654918163204E8
New best solution in iteration 177: 1.2133115465143779E8
New best solution in iteration 179: 8.226615232398696E7
AVG (iterations 160 to 180): 7.883420171271036E8
New best solution in iteration 181: 6.766742257393366E7
New best solution in iteration 185: 5.66070208948045E7
New best solution in iteration 193: 5.080868430611921E7
New best solution in iteration 197: 4.6246387586718366E7
AVG (iterations 180 to 200): 1.0270558877575831E8
New best solution in iteration 205: 4.12968448769343E7
New best solution in iteration 212: 4.0157889578933306E7
AVG (iterations 200 to 220): 6.343855745092533E7
New best solution in iteration 227: 4.009714508494236E7
New best solution in iteration 235: 3.9555734846355535E7
New best solution in iteration 236: 3.913274753321113E7
AVG (iterations 220 to 240): 4.434729093758346E7
AVG (iterations 240 to 260): 4.362834613166756E7
New best solution in iteration 278: 3.80901005369561E7
AVG (iterations 260 to 280): 4.093006234157495E7
New best solution in iteration 281: 3.720861151663675E7
New best solution in iteration 287: 3.676088000051166E7
AVG (iterations 280 to 300): 4.125674254771116E7
AVG (iterations 300 to 320): 4.09443581589332E7
AVG (iterations 320 to 340): 4.116953477911805E7
AVG (iterations 340 to 360): 4.108104127198353E7
New best solution in iteration 380: 3.667938883198585E7
AVG (iterations 360 to 380): 4.0415486248406924E7
AVG (iterations 380 to 400): 4.023903062862404E7
AVG (iterations 400 to 420): 4.1399805322272494E7
AVG (iterations 420 to 440): 3.9977306163566664E7
New best solution in iteration 460: 3.577866885119736E7
AVG (iterations 440 to 460): 4.0314940313101836E7
AVG (iterations 460 to 480): 4.0986778393652335E7
AVG (iterations 480 to 500): 4.08038787450276E7
AVG (iterations 500 to 520): 4.080134308659124E7
AVG (iterations 520 to 540): 3.8888444058736995E7
AVG (iterations 540 to 560): 3.9308055256455116E7
AVG (iterations 560 to 580): 4.0276634461832464E7
AVG (iterations 580 to 600): 3.979262680866836E7
AVG (iterations 600 to 620): 4.056792513985538E7
AVG (iterations 620 to 640): 3.953824579878226E7
AVG (iterations 640 to 660): 3.936901732509024E7
New best solution in iteration 669: 3.554466666442511E7
AVG (iterations 660 to 680): 3.845997300119172E7
AVG (iterations 680 to 700): 3.8851196936802015E7
New best solution in iteration 708: 3.536101318598128E7
AVG (iterations 700 to 720): 3.8434985434279785E7
AVG (iterations 720 to 740): 3.984511061908204E7
AVG (iterations 740 to 760): 3.812409451595597E7
AVG (iterations 760 to 780): 3.818182610668399E7
AVG (iterations 780 to 800): 3.771115114034814E7
AVG (iterations 800 to 820): 3.8243758071444765E7
AVG (iterations 820 to 840): 3.819524653731001E7
AVG (iterations 840 to 860): 3.873480555422104E7
New best solution in iteration 864: 3.523813021863561E7
New best solution in iteration 879: 3.520760494411592E7
AVG (iterations 860 to 880): 3.778436459225904E7
AVG (iterations 880 to 900): 3.811327388800584E7
AVG (iterations 900 to 920): 3.813926945085497E7
AVG (iterations 920 to 940): 3.8390592314114064E7
AVG (iterations 940 to 960): 3.86208520179291E7
AVG (iterations 960 to 980): 3.7784942057955675E7
Solution from ACO:
0 (65.3744) --> [3, 104, 49, 185]
1 (40.7451) --> [169]
2 (77.0372) --> [4]
3 (61.9340) --> [83]
4 (26.6805) --> [199]
5 (83.5297) --> [131]
6 --> []
7 --> []
8 --> []
9 (30.1402) --> [59, 43]
10 --> []
11 (65.2901) --> [50]
12 (19.7259) --> [48]
13 (26.4194) --> [178, 108]
14 --> []
15 (49.6096) --> [183]
16 (32.6103) --> [44, 45]
17 (10.9966) --> [161]
18 --> []
19 (60.6747) --> [95]
20 (48.1023) --> [117]
21 (33.5808) --> [197]
22 (80.4276) --> [160, 28]
23 (20.6238) --> [101, 180]
24 --> []
25 (69.5314) --> [35]
26 (95.9713) --> [12, 177, 140]
27 --> []
28 (40.0808) --> [166]
29 --> []
30 (24.5645) --> [76]
31 (43.5924) --> [81]
32 --> []
33 --> []
34 (37.9309) --> [132, 156]
35 (78.4559) --> [75]
36 (16.9226) --> [192]
37 (31.9127) --> [31]
38 --> []
39 --> []
40 (9.4817) --> [174]
41 (75.0929) --> [159, 52]
42 (55.8543) --> [153, 18]
43 (76.9432) --> [70, 187]
44 (25.2678) --> [113]
45 --> []
46 (35.4028) --> [94]
47 (60.7587) --> [110]
48 (29.6354) --> [84]
49 --> []
50 (92.5933) --> [90, 143]
51 (73.3506) --> [77]
52 (57.5499) --> [33, 16]
53 (59.2817) --> [93]
54 (32.4217) --> [154]
55 (69.6264) --> [85]
56 (106.1539) --> [158]
57 --> []
58 --> []
59 (37.0027) --> [121]
60 (47.2470) --> [54]
61 --> []
62 (24.4448) --> [32]
63 (35.7406) --> [71]
64 (41.8593) --> [152]
65 --> []
66 (74.0178) --> [144]
67 (75.7365) --> [114]
68 (57.9149) --> [34]
69 --> []
70 --> []
71 (46.3836) --> [68]
72 --> []
73 (16.1811) --> [39]
74 (36.0538) --> [78]
75 (110.5025) --> [29]
76 (31.7485) --> [73]
77 (54.0959) --> [64]
78 (70.7475) --> [60]
79 (38.5973) --> [184]
80 (24.7345) --> [133]
81 --> []
82 --> []
83 (64.9849) --> [130]
84 (75.4975) --> [189]
85 (26.4004) --> [62]
86 (38.5806) --> [150]
87 (43.3600) --> [142]
88 (68.5425) --> [20, 80]
89 (30.2027) --> [190]
90 (58.7170) --> [123]
91 (3.7620) --> [193]
92 (76.7380) --> [21]
93 --> []
94 (93.5303) --> [147, 157]
95 --> []
96 (93.3240) --> [118, 24]
97 --> []
98 (14.9736) --> [7]
99 (50.5581) --> [26]
100 (21.1606) --> [188]
101 (62.0123) --> [57]
102 (43.2679) --> [164]
103 (62.5719) --> [175, 37]
104 (81.4903) --> [1, 181]
105 (37.3210) --> [125]
106 (92.4070) --> [96]
107 (31.7567) --> [56]
108 (26.8486) --> [126]
109 (49.8789) --> [170]
110 (38.7727) --> [79]
111 --> []
112 (33.6610) --> [99]
113 --> []
114 (53.3229) --> [25]
115 (24.2208) --> [107]
116 (27.8342) --> [27]
117 --> []
118 (72.4755) --> [98, 146]
119 (68.8368) --> [40, 128]
120 (84.8203) --> [82, 86]
121 (24.2936) --> [137]
122 (60.7313) --> [11, 162]
123 (44.1889) --> [55]
124 (72.0200) --> [53, 67]
125 (56.4451) --> [10, 88, 129]
126 (11.3241) --> [115]
127 (39.6311) --> [198]
128 (67.6509) --> [91, 51]
129 --> []
130 (113.0407) --> [155]
131 (11.1609) --> [173]
132 (72.2928) --> [122]
133 --> []
134 (60.4072) --> [148]
135 (82.4349) --> [176, 136]
136 (66.2602) --> [30, 17]
137 --> []
138 (89.7233) --> [145, 111, 106]
139 (90.4909) --> [97, 112]
140 (42.9862) --> [65, 151, 168]
141 (58.2641) --> [58]
142 (26.1135) --> [6]
143 --> []
144 (80.8573) --> [72, 167]
145 --> []
146 --> []
147 --> []
148 (55.6577) --> [149]
149 (52.7059) --> [171, 182]
150 (59.2291) --> [63]
151 --> []
152 (31.2195) --> [109]
153 (67.6998) --> [196]
154 (48.1583) --> [92]
155 (102.3819) --> [139]
156 (76.6428) --> [69, 74]
157 (37.0131) --> [124]
158 (19.7268) --> [141]
159 (15.9291) --> [127]
160 (81.4615) --> [100]
161 (69.0839) --> [116]
162 (47.3471) --> [15]
163 (40.9782) --> [105]
164 (49.3235) --> [23]
165 (52.3016) --> [42]
166 (16.3659) --> [186]
167 --> []
168 --> []
169 (47.5302) --> [195]
170 (59.7545) --> [163, 102, 179]
171 (38.2644) --> [8]
172 (50.7679) --> [19, 120]
173 --> []
174 --> []
175 (40.4707) --> [13]
176 --> []
177 (86.7849) --> [135]
178 (49.3628) --> [191]
179 (36.1528) --> [2]
180 --> []
181 (50.2694) --> [103, 66]
182 (71.7808) --> [41]
183 (81.7474) --> [14, 5]
184 (74.5244) --> [138, 119]
185 --> []
186 --> []
187 (48.2443) --> [194]
188 (59.6570) --> [172]
189 (71.8133) --> [89, 47]
190 --> []
191 (31.3214) --> [22]
192 (36.1101) --> [87]
193 (12.1663) --> [9]
194 (10.4776) --> [38]
195 --> []
196 --> []
197 (91.7937) --> [165, 134]
198 (17.1868) --> [36]
199 (55.8941) --> [46, 61]

Solution energy from ACO: 3.520760494411592E7
trying to improve with local search...
final Solution:
0 (65.3744) --> [3, 104, 49, 185]
1 (40.7451) --> [169]
2 (77.0372) --> [4]
3 (61.9340) --> [83]
4 (26.6805) --> [199]
5 (83.5297) --> [131]
6 --> []
7 --> []
8 --> []
9 (30.1402) --> [59, 43]
10 --> []
11 (65.2901) --> [50]
12 (19.7259) --> [48]
13 (26.4194) --> [178, 108]
14 --> []
15 (49.6096) --> [183]
16 (32.6103) --> [44, 45]
17 (10.9966) --> [161]
18 --> []
19 (60.6747) --> [95]
20 (48.1023) --> [117]
21 (33.5808) --> [197]
22 (80.4276) --> [160, 28]
23 (20.6238) --> [101, 180]
24 --> []
25 (69.5314) --> [35]
26 (95.9713) --> [12, 177, 140]
27 --> []
28 (40.0808) --> [166]
29 --> []
30 (24.5645) --> [76]
31 (43.5924) --> [81]
32 --> []
33 --> []
34 (37.9309) --> [132, 156]
35 (78.4559) --> [75]
36 (16.9226) --> [192]
37 (31.9127) --> [31]
38 --> []
39 --> []
40 (9.4817) --> [174]
41 (75.0929) --> [159, 52]
42 (55.8543) --> [153, 18]
43 (76.9432) --> [70, 187]
44 (25.2678) --> [113]
45 --> []
46 (35.4028) --> [94]
47 (60.7587) --> [110]
48 (29.6354) --> [84]
49 --> []
50 (92.5933) --> [90, 143]
51 (73.3506) --> [77]
52 (57.5499) --> [33, 16]
53 (59.2817) --> [93]
54 (32.4217) --> [154]
55 (69.6264) --> [85]
56 (106.1539) --> [158]
57 --> []
58 --> []
59 (37.0027) --> [121]
60 (47.2470) --> [54]
61 --> []
62 (24.4448) --> [32]
63 (35.7406) --> [71]
64 (41.8593) --> [152]
65 --> []
66 (74.0178) --> [144]
67 (75.7365) --> [114]
68 (57.9149) --> [34]
69 --> []
70 --> []
71 (46.3836) --> [68]
72 --> []
73 (16.1811) --> [39]
74 (36.0538) --> [78]
75 (110.5025) --> [29]
76 (31.7485) --> [73]
77 (54.0959) --> [64]
78 (70.7475) --> [60]
79 (38.5973) --> [184]
80 (24.7345) --> [133]
81 --> []
82 --> []
83 (64.9849) --> [130]
84 (75.4975) --> [189]
85 (26.4004) --> [62]
86 (38.5806) --> [150]
87 (43.3600) --> [142]
88 (68.5425) --> [20, 80]
89 (30.2027) --> [190]
90 (58.7170) --> [123]
91 (3.7620) --> [193]
92 (76.7380) --> [21]
93 --> []
94 (93.5303) --> [147, 157]
95 --> []
96 (93.3240) --> [118, 24]
97 --> []
98 (14.9736) --> [7]
99 (50.5581) --> [26]
100 (21.1606) --> [188]
101 (62.0123) --> [57]
102 (43.2679) --> [164]
103 (62.5719) --> [175, 37]
104 (81.4903) --> [1, 181]
105 (37.3210) --> [125]
106 (92.4070) --> [96]
107 (31.7567) --> [56]
108 (26.8486) --> [126]
109 (49.8789) --> [170]
110 (38.7727) --> [79]
111 --> []
112 (33.6610) --> [99]
113 --> []
114 (53.3229) --> [25]
115 (24.2208) --> [107]
116 (27.8342) --> [27]
117 --> []
118 (72.4755) --> [98, 146]
119 (68.8368) --> [40, 128]
120 (84.8203) --> [82, 86]
121 (24.2936) --> [137]
122 (60.7313) --> [11, 162]
123 (44.1889) --> [55]
124 (72.0200) --> [53, 67]
125 (56.4451) --> [10, 88, 129]
126 (11.3241) --> [115]
127 (39.6311) --> [198]
128 (67.6509) --> [91, 51]
129 --> []
130 (113.0407) --> [155]
131 (11.1609) --> [173]
132 (72.2928) --> [122]
133 --> []
134 (60.4072) --> [148]
135 (82.4349) --> [176, 136]
136 (66.2602) --> [30, 17]
137 --> []
138 (95.4767) --> [145, 106, 119]
139 (90.4909) --> [97, 112]
140 (42.9862) --> [65, 151, 168]
141 (58.2641) --> [58]
142 (26.1135) --> [6]
143 --> []
144 (80.8573) --> [72, 167]
145 --> []
146 --> []
147 --> []
148 (55.6577) --> [149]
149 (52.7059) --> [171, 182]
150 (59.2291) --> [63]
151 --> []
152 (31.2195) --> [109]
153 (67.6998) --> [196]
154 (48.1583) --> [92]
155 (102.3819) --> [139]
156 (76.6428) --> [69, 74]
157 (37.0131) --> [124]
158 (19.7268) --> [141]
159 (15.9291) --> [127]
160 (81.4615) --> [100]
161 (69.0839) --> [116]
162 (47.3471) --> [15]
163 (40.9782) --> [105]
164 (49.3235) --> [23]
165 (52.3016) --> [42]
166 (16.3659) --> [186]
167 --> []
168 --> []
169 (47.5302) --> [195]
170 (59.7545) --> [163, 102, 179]
171 (38.2644) --> [8]
172 (50.7679) --> [19, 120]
173 --> []
174 --> []
175 (40.4707) --> [13]
176 --> []
177 (86.7849) --> [135]
178 (49.3628) --> [191]
179 (36.1528) --> [2]
180 --> []
181 (50.2694) --> [103, 66]
182 (71.7808) --> [41]
183 (81.7474) --> [14, 5]
184 (56.3238) --> [138, 111]
185 --> []
186 --> []
187 (48.2443) --> [194]
188 (59.6570) --> [172]
189 (71.8133) --> [89, 47]
190 --> []
191 (31.3214) --> [22]
192 (36.1101) --> [87]
193 (12.1663) --> [9]
194 (10.4776) --> [38]
195 --> []
196 --> []
197 (91.7937) --> [165, 134]
198 (17.1868) --> [36]
199 (55.8941) --> [46, 61]

final Solution energy: 3.512043557822465E7
Calculated in 29655ms
Ants=1000, alpha=0.6, beta=3.0, evaporate factor=0.07
(for ../../mebp/mebp-07.dat)
