New best solution in iteration 0: 3.781245331054133E9
New best solution in iteration 1: 3.759881970467717E9
New best solution in iteration 2: 2.5933448747311926E9
New best solution in iteration 6: 2.149991982276361E9
AVG (iterations 0 to 20): 3.0339064697304454E9
New best solution in iteration 29: 1.604378781024609E9
AVG (iterations 20 to 40): 3.373680726515996E9
AVG (iterations 40 to 60): 3.6372818226338906E9
AVG (iterations 60 to 80): 3.161390637991378E9
AVG (iterations 80 to 100): 3.3314895620344E9
AVG (iterations 100 to 120): 3.376333232289828E9
AVG (iterations 120 to 140): 2.7629876245824842E9
New best solution in iteration 158: 1.5307710083115401E9
New best solution in iteration 159: 1.4091850937406588E9
AVG (iterations 140 to 160): 2.518867094335126E9
New best solution in iteration 161: 1.3385616255178773E9
New best solution in iteration 162: 1.0941995634155276E9
New best solution in iteration 166: 7.612655265580039E8
New best solution in iteration 171: 4.541671342119338E8
New best solution in iteration 172: 3.4772287859217E8
New best solution in iteration 178: 1.9372655089952698E8
AVG (iterations 160 to 180): 9.084705104459842E8
New best solution in iteration 182: 1.1105727559672077E8
New best solution in iteration 183: 8.46304838443365E7
New best solution in iteration 188: 4.252931463049442E7
New best solution in iteration 189: 3.361174283965346E7
New best solution in iteration 194: 3.2962902080491908E7
New best solution in iteration 197: 2.6108931546220187E7
AVG (iterations 180 to 200): 1.0679394323014854E8
New best solution in iteration 204: 2.5474222134753916E7
AVG (iterations 200 to 220): 5.154023250935942E7
New best solution in iteration 222: 2.53821496360651E7
New best solution in iteration 228: 2.500069501190096E7
New best solution in iteration 229: 2.4975823380586084E7
New best solution in iteration 234: 2.4783348506252177E7
AVG (iterations 220 to 240): 2.613868311940653E7
New best solution in iteration 247: 2.41889603509432E7
AVG (iterations 240 to 260): 2.5680727412747793E7
New best solution in iteration 266: 2.4121141983908042E7
New best solution in iteration 277: 2.310876079723251E7
AVG (iterations 260 to 280): 2.5468109611808233E7
AVG (iterations 280 to 300): 2.5331192340535164E7
AVG (iterations 300 to 320): 2.51493730167077E7
AVG (iterations 320 to 340): 2.4971462170197908E7
New best solution in iteration 347: 2.286351734037357E7
AVG (iterations 340 to 360): 2.4657778322084237E7
AVG (iterations 360 to 380): 2.4727880954575844E7
AVG (iterations 380 to 400): 2.4658937035821542E7
AVG (iterations 400 to 420): 2.4563664110457208E7
AVG (iterations 420 to 440): 2.449493620180457E7
AVG (iterations 440 to 460): 2.4909757699254394E7
AVG (iterations 460 to 480): 2.4722030574952222E7
New best solution in iteration 488: 2.2725876477386277E7
AVG (iterations 480 to 500): 2.431224762087352E7
AVG (iterations 500 to 520): 2.4455599800890166E7
AVG (iterations 520 to 540): 2.4201090132481445E7
AVG (iterations 540 to 560): 2.4182888797259167E7
AVG (iterations 560 to 580): 2.4501904487846516E7
AVG (iterations 580 to 600): 2.4215587203037456E7
AVG (iterations 600 to 620): 2.447054108302782E7
AVG (iterations 620 to 640): 2.4350796603351302E7
AVG (iterations 640 to 660): 2.411100810198526E7
AVG (iterations 660 to 680): 2.403196522350765E7
AVG (iterations 680 to 700): 2.4176216214939907E7
AVG (iterations 700 to 720): 2.4280906643287838E7
AVG (iterations 720 to 740): 2.43667460603189E7
AVG (iterations 740 to 760): 2.407946064152179E7
New best solution in iteration 780: 2.267654722388621E7
AVG (iterations 760 to 780): 2.387483839573944E7
AVG (iterations 780 to 800): 2.367812519933418E7
AVG (iterations 800 to 820): 2.3835408248105828E7
AVG (iterations 820 to 840): 2.4097790636980265E7
AVG (iterations 840 to 860): 2.403803079825803E7
New best solution in iteration 870: 2.242577932484207E7
AVG (iterations 860 to 880): 2.3901516650103856E7
New best solution in iteration 891: 2.2389784363144714E7
AVG (iterations 880 to 900): 2.3748414500648804E7
AVG (iterations 900 to 920): 2.4074090617604442E7
AVG (iterations 920 to 940): 2.354783075024262E7
AVG (iterations 940 to 960): 2.3567119781731114E7
AVG (iterations 960 to 980): 2.3720759078582443E7
Solution from ACO:
0 (49.4754) --> [236, 72, 403]
1 (24.7447) --> [319]
2 (55.2769) --> [452]
3 (27.0700) --> [242, 24]
4 --> []
5 (20.8450) --> [90, 433]
6 (35.8076) --> [315]
7 (33.7214) --> [429]
8 --> []
9 (50.4405) --> [141, 97]
10 --> []
11 --> []
12 (14.8063) --> [415]
13 (5.6851) --> [489]
14 (22.8928) --> [482]
15 (42.6405) --> [350, 143]
16 (29.0061) --> [375]
17 (21.4803) --> [364]
18 (20.7382) --> [110]
19 (49.5346) --> [384, 442]
20 (47.6789) --> [336, 204]
21 --> []
22 (23.5447) --> [197]
23 (38.6642) --> [189]
24 --> []
25 (20.2885) --> [107]
26 (8.6174) --> [206]
27 (9.7846) --> [255]
28 --> []
29 (55.4756) --> [391]
30 --> []
31 (21.7947) --> [394]
32 (20.5905) --> [435]
33 (66.6353) --> [86, 142]
34 (9.4210) --> [147]
35 (17.8505) --> [376]
36 (16.6840) --> [430]
37 (49.9431) --> [354, 341]
38 (34.5532) --> [331]
39 (20.8416) --> [494]
40 (15.3423) --> [484]
41 (27.9797) --> [284, 342]
42 (32.0748) --> [261]
43 --> []
44 (40.5757) --> [396, 171, 199]
45 (25.6017) --> [425]
46 (11.5983) --> [39]
47 --> []
48 (20.5775) --> [229]
49 (47.5881) --> [249]
50 (33.7891) --> [409]
51 (24.1125) --> [404]
52 (33.9988) --> [264]
53 (33.1892) --> [465]
54 --> []
55 --> []
56 --> []
57 --> []
58 (44.4903) --> [122, 212, 271]
59 (47.2745) --> [238]
60 --> []
61 (50.4290) --> [137, 323]
62 --> []
63 (26.1205) --> [419]
64 (30.9094) --> [346]
65 (43.4868) --> [117]
66 (5.1945) --> [357]
67 (53.6812) --> [66, 246, 488]
68 (37.1111) --> [231, 34]
69 (1.9562) --> [120]
70 (16.8687) --> [78, 163, 60]
71 (20.8113) --> [151]
72 (17.7025) --> [33, 305]
73 (17.2493) --> [253]
74 (63.3685) --> [64, 492]
75 --> []
76 (60.0011) --> [455]
77 (17.5146) --> [486]
78 --> []
79 --> []
80 (28.3839) --> [162]
81 --> []
82 (52.2705) --> [133]
83 (30.4531) --> [441]
84 --> []
85 --> []
86 --> []
87 --> []
88 (46.2035) --> [149, 209]
89 (39.4924) --> [176]
90 --> []
91 --> []
92 (55.1098) --> [277]
93 (22.5923) --> [480, 130]
94 (48.4559) --> [139, 136]
95 --> []
96 (37.1531) --> [73]
97 (53.1349) --> [240]
98 (59.7442) --> [150]
99 (57.6006) --> [401]
100 (49.4773) --> [98, 397]
101 --> []
102 (45.6514) --> [228]
103 (8.7476) --> [309]
104 (43.2264) --> [370, 328]
105 (38.3408) --> [412]
106 (50.8889) --> [52, 366]
107 (57.6205) --> [89, 23]
108 (19.8484) --> [343]
109 (49.8087) --> [188]
110 --> []
111 (31.9351) --> [129]
112 (30.4741) --> [7]
113 (55.4719) --> [297]
114 (33.5268) --> [100, 102]
115 (11.8114) --> [496]
116 (69.3034) --> [373]
117 (47.9996) --> [92, 126]
118 (11.4760) --> [275]
119 --> []
120 (25.5545) --> [5]
121 --> []
122 --> []
123 --> []
124 (6.6663) --> [167]
125 (26.8108) --> [299]
126 (27.6489) --> [200, 454]
127 --> []
128 (39.5600) --> [449]
129 (22.1976) --> [177]
130 --> []
131 (1.7210) --> [272]
132 (22.7847) --> [35]
133 (49.1422) --> [95, 184]
134 (28.3831) --> [262]
135 (33.3445) --> [230]
136 (23.4328) --> [426]
137 (46.6815) --> [326]
138 (15.7647) --> [156]
139 (16.0824) --> [4]
140 --> []
141 (35.6279) --> [27, 84]
142 (51.2315) --> [270]
143 (27.3276) --> [471]
144 (45.0255) --> [381, 361]
145 (53.9125) --> [490, 413]
146 (11.7807) --> [83]
147 (36.5457) --> [450, 26]
148 --> []
149 (33.7578) --> [178]
150 (21.7437) --> [232]
151 (15.6599) --> [44]
152 (33.8625) --> [440, 330]
153 (42.5219) --> [213]
154 (55.5862) --> [71, 254]
155 (54.7574) --> [82]
156 (22.0088) --> [38]
157 (12.4058) --> [329]
158 (17.3837) --> [51]
159 (27.0230) --> [145, 390]
160 --> []
161 (43.4445) --> [62]
162 (33.2997) --> [53, 446]
163 (29.2237) --> [116]
164 (28.5755) --> [434]
165 (51.6040) --> [463, 239]
166 --> []
167 (1.7401) --> [372]
168 (34.7143) --> [152]
169 (50.5689) --> [214, 321]
170 --> []
171 (27.5913) --> [400, 493]
172 (56.2492) --> [216, 332]
173 --> []
174 --> []
175 (24.6231) --> [140, 211]
176 (35.0863) --> [181]
177 (29.7741) --> [19]
178 (15.6633) --> [193]
179 (40.3695) --> [54]
180 --> []
181 (61.9192) --> [431]
182 (34.8917) --> [300]
183 (58.8633) --> [307, 360]
184 (8.8641) --> [408]
185 (38.9570) --> [457, 3]
186 (10.1362) --> [225]
187 (80.1947) --> [348, 76]
188 (59.7244) --> [183, 226]
189 (47.2953) --> [398]
190 --> []
191 (37.6403) --> [75]
192 (38.2171) --> [108, 469]
193 (23.4837) --> [467]
194 (40.0695) --> [310, 355, 383]
195 (17.0793) --> [128]
196 --> []
197 (18.1831) --> [318]
198 (45.7242) --> [113, 418]
199 (39.5275) --> [96]
200 --> []
201 (39.0282) --> [192, 497]
202 (11.3675) --> [68]
203 (45.0116) --> [80, 288, 349]
204 (25.7327) --> [303, 495]
205 (28.7141) --> [22]
206 --> []
207 --> []
208 (50.1895) --> [385, 448]
209 --> []
210 (34.4609) --> [194]
211 (26.7218) --> [50]
212 (53.9488) --> [258]
213 (18.1921) --> [387]
214 (3.3700) --> [320]
215 --> []
216 (17.2305) --> [104]
217 (34.1726) --> [289]
218 (24.7335) --> [421]
219 (30.5179) --> [345, 377]
220 --> []
221 --> []
222 --> []
223 (45.9451) --> [61]
224 --> []
225 (48.6163) --> [333]
226 (34.7365) --> [65]
227 (21.3960) --> [353]
228 (49.3515) --> [243]
229 (56.9956) --> [316, 298]
230 (28.7170) --> [474]
231 (45.9766) --> [322]
232 (30.0352) --> [304]
233 --> []
234 (32.1675) --> [109]
235 (24.6752) --> [169]
236 --> []
237 (7.7234) --> [287]
238 (52.5876) --> [105, 56]
239 (50.4835) --> [399, 224]
240 (9.1282) --> [219]
241 (38.3659) --> [159]
242 --> []
243 (9.1519) --> [334]
244 (48.7120) --> [423, 339, 207]
245 --> []
246 --> []
247 --> []
248 (29.1166) --> [146]
249 --> []
250 --> []
251 --> []
252 (16.7781) --> [461]
253 (63.6432) --> [31]
254 (27.6992) --> [371, 131]
255 (23.4381) --> [85]
256 (30.0422) --> [292]
257 --> []
258 (49.8943) --> [20]
259 (47.1112) --> [175]
260 (37.0270) --> [9, 311]
261 (9.3612) --> [94]
262 --> []
263 (4.8676) --> [161]
264 --> []
265 --> []
266 (20.9036) --> [475]
267 (6.3427) --> [498]
268 --> []
269 (19.0588) --> [263]
270 (18.6568) --> [252]
271 (34.4940) --> [379]
272 (58.4621) --> [101]
273 (27.8989) --> [179]
274 --> []
275 --> []
276 (25.2023) --> [148, 115]
277 (3.2810) --> [432]
278 (49.7133) --> [37, 478]
279 (14.9374) --> [410, 30]
280 (33.7729) --> [118, 340]
281 (38.2161) --> [49]
282 (23.7477) --> [395]
283 (26.5662) --> [32]
284 --> []
285 --> []
286 --> []
287 (30.5796) --> [477]
288 (3.5396) --> [265]
289 --> []
290 (34.1815) --> [221]
291 (53.8974) --> [382]
292 (31.1820) --> [257]
293 --> []
294 (15.2750) --> [119]
295 (28.1974) --> [338]
296 (28.0427) --> [269]
297 (39.8491) --> [347, 247]
298 (7.9000) --> [165]
299 (31.5504) --> [21]
300 (24.6286) --> [286]
301 (81.1603) --> [259, 217]
302 (51.7453) --> [458]
303 (20.7475) --> [123]
304 (37.9043) --> [491, 10, 417]
305 (34.1806) --> [344]
306 (17.1605) --> [157]
307 (49.5849) --> [369]
308 --> []
309 (53.5162) --> [208, 285, 427]
310 (28.5265) --> [293, 437]
311 --> []
312 (11.9136) --> [367]
313 --> []
314 (7.1412) --> [124]
315 --> []
316 (26.5375) --> [190]
317 (18.6937) --> [473]
318 (39.4248) --> [302]
319 (26.9823) --> [439]
320 --> []
321 --> []
322 (36.9214) --> [380, 256]
323 (28.6012) --> [222]
324 --> []
325 (35.0333) --> [77, 196]
326 (48.0920) --> [45]
327 (15.5829) --> [210]
328 (17.6096) --> [57]
329 (17.0193) --> [314]
330 (69.4596) --> [173]
331 (26.0848) --> [358]
332 (53.9755) --> [416]
333 (43.7448) --> [365, 215]
334 (13.7579) --> [363, 1]
335 (23.6364) --> [41]
336 --> []
337 --> []
338 (11.3266) --> [58]
339 (21.6941) --> [337]
340 (10.4760) --> [335]
341 (30.2662) --> [317]
342 --> []
343 (35.2822) --> [127, 29]
344 (60.4494) --> [472]
345 (22.2289) --> [459]
346 (28.3670) --> [91]
347 (20.1812) --> [93]
348 (10.4453) --> [25]
349 (23.2511) --> [15]
350 (44.0036) --> [99]
351 --> []
352 (4.5078) --> [485]
353 (36.2119) --> [281]
354 (62.3751) --> [414]
355 (21.1512) --> [325, 487]
356 --> []
357 --> []
358 (31.1315) --> [14]
359 (34.7521) --> [301]
360 (55.4997) --> [428, 235]
361 (15.5394) --> [63]
362 (46.2540) --> [46]
363 (12.0726) --> [306]
364 --> []
365 (28.1973) --> [67]
366 (49.6514) --> [248, 291]
367 (13.8428) --> [174]
368 --> []
369 --> []
370 (29.5895) --> [153]
371 --> []
372 (55.7766) --> [362, 186]
373 (17.8442) --> [87]
374 (46.8984) --> [280, 393]
375 (18.3562) --> [40]
376 (13.2054) --> [218]
377 --> []
378 (24.3590) --> [499]
379 --> []
380 (42.8216) --> [17]
381 (16.0323) --> [424]
382 (22.9503) --> [69]
383 (25.6871) --> [43]
384 (22.7703) --> [267]
385 (40.4269) --> [464]
386 (48.6913) --> [182, 438, 187]
387 (38.7750) --> [48, 266]
388 (53.1331) --> [166]
389 (43.6443) --> [392, 121]
390 (12.2201) --> [405]
391 --> []
392 (41.4461) --> [70]
393 --> []
394 (40.3013) --> [245]
395 (42.1189) --> [195, 422]
396 --> []
397 (22.0194) --> [227]
398 (37.4729) --> [327]
399 (26.6812) --> [308]
400 (20.7662) --> [283]
401 (37.3484) --> [274, 103]
402 (45.2572) --> [198, 59]
403 (62.5147) --> [447, 112]
404 (11.3262) --> [164]
405 (26.2971) --> [11]
406 (30.4247) --> [144]
407 (52.5057) --> [132]
408 (19.2944) --> [250]
409 (7.6794) --> [158]
410 --> []
411 (20.1199) --> [436]
412 (15.6819) --> [278]
413 (46.0671) --> [268, 125]
414 --> []
415 --> []
416 (41.8466) --> [135]
417 (52.2946) --> [88, 79]
418 --> []
419 (45.3087) --> [352]
420 (10.4726) --> [251]
421 (25.5382) --> [476]
422 --> []
423 --> []
424 (5.1591) --> [294]
425 (40.4471) --> [55]
426 (37.6213) --> [324]
427 (22.5312) --> [2]
428 (33.1041) --> [453, 407]
429 (63.8132) --> [460, 47, 479]
430 (12.6659) --> [468, 191]
431 (42.4761) --> [368]
432 (45.6971) --> [172, 359]
433 (46.4201) --> [18, 483]
434 (58.2726) --> [111, 241]
435 (42.0449) --> [42]
436 (17.5678) --> [312]
437 (42.3128) --> [220, 134]
438 (59.1283) --> [168]
439 (22.6187) --> [234]
440 (16.6791) --> [420]
441 (18.0258) --> [296]
442 --> []
443 (22.7041) --> [36]
444 (39.7859) --> [233, 6]
445 (29.8178) --> [466]
446 (26.5308) --> [445]
447 (20.5685) --> [203]
448 (44.2553) --> [411]
449 --> []
450 (34.3647) --> [374, 356]
451 (12.7344) --> [388]
452 --> []
453 (50.6974) --> [351]
454 --> []
455 --> []
456 --> []
457 --> []
458 (50.5801) --> [260, 244]
459 (17.7199) --> [138]
460 (51.0630) --> [406]
461 --> []
462 --> []
463 --> []
464 (12.4377) --> [114]
465 --> []
466 (34.8995) --> [402]
467 --> []
468 (16.6095) --> [28]
469 --> []
470 (30.9235) --> [8, 451]
471 (29.3370) --> [180]
472 (28.2455) --> [481]
473 (21.1687) --> [202]
474 (40.3300) --> [279]
475 --> []
476 (24.2088) --> [81, 155]
477 (36.3142) --> [386]
478 --> []
479 (39.6346) --> [470, 160]
480 (25.8960) --> [456, 201]
481 (59.6496) --> [106, 237]
482 (27.2153) --> [462]
483 (38.8808) --> [389, 205]
484 (40.2085) --> [170]
485 --> []
486 (44.0024) --> [443]
487 --> []
488 (9.4982) --> [12]
489 (13.7185) --> [282]
490 (42.4796) --> [223]
491 (19.1829) --> [444]
492 --> []
493 (21.9204) --> [13]
494 (26.5114) --> [276]
495 (20.8803) --> [290]
496 (35.9918) --> [154, 295]
497 (32.2235) --> [16, 273]
498 (73.4026) --> [74, 378]
499 (36.6474) --> [185, 313]

Solution energy from ACO: 2.2389784363144714E7
trying to improve with local search...
final Solution:
0 (49.4754) --> [236, 72, 403]
1 (24.7447) --> [319]
2 (55.2769) --> [452]
3 (27.0700) --> [242, 24]
4 --> []
5 (20.8450) --> [90, 433]
6 (35.8076) --> [315]
7 (33.7214) --> [429]
8 --> []
9 (50.4405) --> [141, 97]
10 --> []
11 --> []
12 (14.8063) --> [415]
13 (5.6851) --> [489]
14 (22.8928) --> [482]
15 (42.6405) --> [350, 143]
16 (29.0061) --> [375]
17 (21.4803) --> [364]
18 (20.7382) --> [110]
19 (49.5346) --> [384, 442]
20 (47.6789) --> [336, 204]
21 --> []
22 (23.5447) --> [197]
23 (38.6642) --> [189]
24 --> []
25 (20.2885) --> [107]
26 (8.6174) --> [206]
27 (9.7846) --> [255]
28 --> []
29 (55.4756) --> [391]
30 --> []
31 (21.7947) --> [394]
32 (20.5905) --> [435]
33 (66.6353) --> [86, 142]
34 (9.4210) --> [147]
35 (17.8505) --> [376]
36 (16.6840) --> [430]
37 (49.9431) --> [354, 341]
38 (34.5532) --> [331]
39 (20.8416) --> [494]
40 (15.3423) --> [484]
41 (27.9797) --> [284, 342]
42 (32.0748) --> [261]
43 --> []
44 (40.5757) --> [396, 171, 199]
45 (25.6017) --> [425]
46 (11.5983) --> [39]
47 --> []
48 (20.5775) --> [229]
49 (47.5881) --> [249]
50 (33.7891) --> [409]
51 (24.1125) --> [404]
52 (33.9988) --> [264]
53 (33.1892) --> [465]
54 --> []
55 --> []
56 --> []
57 --> []
58 (44.4903) --> [122, 212, 271]
59 (47.2745) --> [238]
60 --> []
61 (50.4290) --> [137, 323]
62 --> []
63 (26.1205) --> [419]
64 (30.9094) --> [346]
65 (43.4868) --> [117]
66 (5.1945) --> [357]
67 (53.6812) --> [66, 246, 488]
68 (37.1111) --> [231, 34]
69 (1.9562) --> [120]
70 (16.8687) --> [78, 163, 60]
71 (20.8113) --> [151]
72 (17.7025) --> [33, 305]
73 (17.2493) --> [253]
74 (63.3685) --> [64, 492]
75 --> []
76 (60.0011) --> [455]
77 (17.5146) --> [486]
78 --> []
79 --> []
80 (28.3839) --> [162]
81 --> []
82 (52.2705) --> [133]
83 (30.4531) --> [441]
84 --> []
85 --> []
86 --> []
87 --> []
88 (46.2035) --> [149, 209]
89 (39.4924) --> [176]
90 --> []
91 --> []
92 (55.1098) --> [277]
93 (22.5923) --> [480, 130]
94 (48.4559) --> [139, 136]
95 --> []
96 (37.1531) --> [73]
97 (53.1349) --> [240]
98 (59.7442) --> [150]
99 (57.6006) --> [401]
100 (49.4773) --> [98, 397]
101 --> []
102 (45.6514) --> [228]
103 (8.7476) --> [309]
104 (43.2264) --> [370, 328]
105 (38.3408) --> [412]
106 (50.8889) --> [52, 366]
107 (57.6205) --> [89, 23]
108 (19.8484) --> [343]
109 (49.8087) --> [188]
110 --> []
111 (31.9351) --> [129]
112 (30.4741) --> [7]
113 (55.4719) --> [297]
114 (33.5268) --> [100, 102]
115 (11.8114) --> [496]
116 (69.3034) --> [373]
117 (47.9996) --> [92, 126]
118 (11.4760) --> [275]
119 --> []
120 (25.5545) --> [5]
121 --> []
122 --> []
123 --> []
124 (6.6663) --> [167]
125 (26.8108) --> [299]
126 (27.6489) --> [200, 454]
127 --> []
128 (39.5600) --> [449]
129 (22.1976) --> [177]
130 --> []
131 (1.7210) --> [272]
132 (22.7847) --> [35]
133 (49.1422) --> [95, 184]
134 (28.3831) --> [262]
135 (33.3445) --> [230]
136 (23.4328) --> [426]
137 (46.6815) --> [326]
138 (15.7647) --> [156]
139 (16.0824) --> [4]
140 --> []
141 (35.6279) --> [27, 84]
142 (51.2315) --> [270]
143 (27.3276) --> [471]
144 (45.0255) --> [381, 361]
145 (53.9125) --> [490, 413]
146 (11.7807) --> [83]
147 (36.5457) --> [450, 26]
148 --> []
149 (33.7578) --> [178]
150 (21.7437) --> [232]
151 (15.6599) --> [44]
152 (33.8625) --> [440, 330]
153 (42.5219) --> [213]
154 (55.5862) --> [71, 254]
155 (54.7574) --> [82]
156 (22.0088) --> [38]
157 (12.4058) --> [329]
158 (17.3837) --> [51]
159 (27.0230) --> [145, 390]
160 --> []
161 (43.4445) --> [62]
162 (33.2997) --> [53, 446]
163 (29.2237) --> [116]
164 (28.5755) --> [434]
165 (51.6040) --> [463, 239]
166 --> []
167 (1.7401) --> [372]
168 (34.7143) --> [152]
169 (50.5689) --> [214, 321]
170 --> []
171 (27.5913) --> [400, 493]
172 (56.2492) --> [216, 332]
173 --> []
174 --> []
175 (24.6231) --> [140, 211]
176 (35.0863) --> [181]
177 (29.7741) --> [19]
178 (15.6633) --> [193]
179 (40.3695) --> [54]
180 --> []
181 (61.9192) --> [431]
182 (25.2323) --> [438]
183 (58.8633) --> [307, 360]
184 (8.8641) --> [408]
185 (38.9570) --> [457, 3]
186 (10.1362) --> [225]
187 (80.1947) --> [348, 76]
188 (59.7244) --> [183, 226]
189 (47.2953) --> [398]
190 --> []
191 (37.6403) --> [75]
192 (38.2171) --> [108, 469]
193 (23.4837) --> [467]
194 (40.0695) --> [310, 355, 383]
195 (17.0793) --> [128]
196 --> []
197 (18.1831) --> [318]
198 (45.7242) --> [113, 418]
199 (39.5275) --> [96]
200 --> []
201 (39.0282) --> [192, 497]
202 (11.3675) --> [68]
203 (45.0116) --> [80, 288, 349]
204 (25.7327) --> [303, 495]
205 (28.7141) --> [22]
206 --> []
207 --> []
208 (50.1895) --> [385, 448]
209 --> []
210 (34.4609) --> [194]
211 (26.7218) --> [50]
212 (53.9488) --> [258]
213 (18.1921) --> [387]
214 (3.3700) --> [320]
215 --> []
216 (17.2305) --> [104]
217 (34.1726) --> [289]
218 (24.7335) --> [421]
219 (30.5179) --> [345, 377]
220 --> []
221 --> []
222 --> []
223 (45.9451) --> [61]
224 --> []
225 (48.6163) --> [333]
226 (34.7365) --> [65]
227 (21.3960) --> [353]
228 (49.3515) --> [243]
229 (56.9956) --> [316, 298]
230 (28.7170) --> [474]
231 (45.9766) --> [322]
232 (30.0352) --> [304]
233 --> []
234 (32.1675) --> [109]
235 (24.6752) --> [169]
236 --> []
237 (7.7234) --> [287]
238 (52.5876) --> [105, 56]
239 (50.4835) --> [399, 224]
240 (9.1282) --> [219]
241 (38.3659) --> [159]
242 --> []
243 (9.1519) --> [334]
244 (48.7120) --> [423, 339, 207]
245 --> []
246 --> []
247 --> []
248 (29.1166) --> [146]
249 --> []
250 --> []
251 --> []
252 (16.7781) --> [461]
253 (63.6432) --> [31]
254 (27.6992) --> [371, 131]
255 (23.4381) --> [85]
256 (30.0422) --> [292]
257 --> []
258 (49.8943) --> [20]
259 (47.1112) --> [175]
260 (37.0270) --> [9, 311]
261 (9.3612) --> [94]
262 --> []
263 (4.8676) --> [161]
264 --> []
265 --> []
266 (20.9036) --> [475]
267 (6.3427) --> [498]
268 --> []
269 (19.0588) --> [263]
270 (18.6568) --> [252]
271 (34.4940) --> [379]
272 (58.4621) --> [101]
273 (27.8989) --> [179]
274 --> []
275 --> []
276 (25.2023) --> [148, 115]
277 (3.2810) --> [432]
278 (49.7133) --> [37, 478]
279 (14.9374) --> [410, 30]
280 (33.7729) --> [118, 340]
281 (38.2161) --> [49]
282 (23.7477) --> [395]
283 (26.5662) --> [32]
284 --> []
285 --> []
286 --> []
287 (30.5796) --> [477]
288 (3.5396) --> [265]
289 --> []
290 (34.1815) --> [221]
291 (53.8974) --> [382]
292 (31.1820) --> [257]
293 --> []
294 (15.2750) --> [119]
295 (28.1974) --> [338]
296 (28.0427) --> [269]
297 (39.8491) --> [347, 247]
298 (7.9000) --> [165]
299 (31.5504) --> [21]
300 (24.6286) --> [286]
301 (81.1603) --> [259, 217]
302 (51.7453) --> [458]
303 (20.7475) --> [123]
304 (37.9043) --> [491, 10, 417]
305 (34.1806) --> [344]
306 (17.1605) --> [157]
307 (49.5849) --> [369]
308 --> []
309 (53.5162) --> [208, 285, 427]
310 (28.5265) --> [293, 437]
311 --> []
312 (11.9136) --> [367]
313 --> []
314 (7.1412) --> [124]
315 --> []
316 (26.5375) --> [190]
317 (18.6937) --> [473]
318 (39.4248) --> [302]
319 (26.9823) --> [439]
320 --> []
321 --> []
322 (36.9214) --> [380, 256]
323 (28.6012) --> [222]
324 --> []
325 (35.0333) --> [77, 196]
326 (48.0920) --> [45]
327 (15.5829) --> [210]
328 (17.6096) --> [57]
329 (17.0193) --> [314]
330 (69.4596) --> [173]
331 (26.0848) --> [358]
332 (53.9755) --> [416]
333 (43.7448) --> [365, 215]
334 (13.7579) --> [363, 1]
335 (23.6364) --> [41]
336 --> []
337 --> []
338 (11.3266) --> [58]
339 (21.6941) --> [337]
340 (10.4760) --> [335]
341 (30.2662) --> [317]
342 --> []
343 (35.2822) --> [127, 29]
344 (60.4494) --> [472]
345 (22.2289) --> [459]
346 (28.3670) --> [91]
347 (20.1812) --> [93]
348 (10.4453) --> [25]
349 (23.2511) --> [15]
350 (44.0036) --> [99]
351 --> []
352 (4.5078) --> [485]
353 (36.2119) --> [281]
354 (62.3751) --> [414]
355 (21.1512) --> [325, 487]
356 --> []
357 --> []
358 (31.1315) --> [14]
359 (34.7521) --> [301]
360 (55.4997) --> [428, 235]
361 (15.5394) --> [63]
362 (46.2540) --> [46]
363 (12.0726) --> [306]
364 --> []
365 (28.1973) --> [67]
366 (49.6514) --> [248, 291]
367 (13.8428) --> [174]
368 --> []
369 --> []
370 (29.5895) --> [153]
371 --> []
372 (55.7766) --> [362, 186]
373 (17.8442) --> [87]
374 (46.8984) --> [280, 393]
375 (18.3562) --> [40]
376 (13.2054) --> [218]
377 --> []
378 (24.3590) --> [499]
379 --> []
380 (42.8216) --> [17]
381 (16.0323) --> [424]
382 (22.9503) --> [69]
383 (25.6871) --> [43]
384 (22.7703) --> [267]
385 (40.4269) --> [464]
386 (49.3243) --> [182, 187, 300]
387 (38.7750) --> [48, 266]
388 (53.1331) --> [166]
389 (43.6443) --> [392, 121]
390 (12.2201) --> [405]
391 --> []
392 (41.4461) --> [70]
393 --> []
394 (40.3013) --> [245]
395 (42.1189) --> [195, 422]
396 --> []
397 (22.0194) --> [227]
398 (37.4729) --> [327]
399 (26.6812) --> [308]
400 (20.7662) --> [283]
401 (37.3484) --> [274, 103]
402 (45.2572) --> [198, 59]
403 (62.5147) --> [447, 112]
404 (11.3262) --> [164]
405 (26.2971) --> [11]
406 (30.4247) --> [144]
407 (52.5057) --> [132]
408 (19.2944) --> [250]
409 (7.6794) --> [158]
410 --> []
411 (20.1199) --> [436]
412 (15.6819) --> [278]
413 (46.0671) --> [268, 125]
414 --> []
415 --> []
416 (41.8466) --> [135]
417 (52.2946) --> [88, 79]
418 --> []
419 (45.3087) --> [352]
420 (10.4726) --> [251]
421 (25.5382) --> [476]
422 --> []
423 --> []
424 (5.1591) --> [294]
425 (40.4471) --> [55]
426 (37.6213) --> [324]
427 (22.5312) --> [2]
428 (33.1041) --> [453, 407]
429 (63.8132) --> [460, 47, 479]
430 (12.6659) --> [468, 191]
431 (42.4761) --> [368]
432 (45.6971) --> [172, 359]
433 (46.4201) --> [18, 483]
434 (58.2726) --> [111, 241]
435 (42.0449) --> [42]
436 (17.5678) --> [312]
437 (42.3128) --> [220, 134]
438 (59.1283) --> [168]
439 (22.6187) --> [234]
440 (16.6791) --> [420]
441 (18.0258) --> [296]
442 --> []
443 (22.7041) --> [36]
444 (39.7859) --> [233, 6]
445 (29.8178) --> [466]
446 (26.5308) --> [445]
447 (20.5685) --> [203]
448 (44.2553) --> [411]
449 --> []
450 (34.3647) --> [374, 356]
451 (12.7344) --> [388]
452 --> []
453 (50.6974) --> [351]
454 --> []
455 --> []
456 --> []
457 --> []
458 (50.5801) --> [260, 244]
459 (17.7199) --> [138]
460 (51.0630) --> [406]
461 --> []
462 --> []
463 --> []
464 (12.4377) --> [114]
465 --> []
466 (34.8995) --> [402]
467 --> []
468 (16.6095) --> [28]
469 --> []
470 (30.9235) --> [8, 451]
471 (29.3370) --> [180]
472 (28.2455) --> [481]
473 (21.1687) --> [202]
474 (40.3300) --> [279]
475 --> []
476 (24.2088) --> [81, 155]
477 (36.3142) --> [386]
478 --> []
479 (39.6346) --> [470, 160]
480 (25.8960) --> [456, 201]
481 (59.6496) --> [106, 237]
482 (27.2153) --> [462]
483 (38.8808) --> [389, 205]
484 (40.2085) --> [170]
485 --> []
486 (44.0024) --> [443]
487 --> []
488 (9.4982) --> [12]
489 (13.7185) --> [282]
490 (42.4796) --> [223]
491 (19.1829) --> [444]
492 --> []
493 (21.9204) --> [13]
494 (26.5114) --> [276]
495 (20.8803) --> [290]
496 (35.9918) --> [154, 295]
497 (32.2235) --> [16, 273]
498 (73.4026) --> [74, 378]
499 (36.6474) --> [185, 313]

final Solution energy: 2.2367931430963993E7
Calculated in 360955ms
Ants=1000, alpha=0.6, beta=3.0, evaporate factor=0.07
(for ../../mebp/mebp-11.dat)
