New best solution in iteration 0: 1.6788077161541963E9
New best solution in iteration 5: 1.0775493856226926E9
AVG (iterations 0 to 20): 2.3052410089540634E9
New best solution in iteration 21: 9.740586922816883E8
New best solution in iteration 40: 8.988200363841832E8
AVG (iterations 20 to 40): 2.2581423991017914E9
AVG (iterations 40 to 60): 2.059073998293834E9
AVG (iterations 60 to 80): 2.412017357075317E9
AVG (iterations 80 to 100): 2.0613725070358346E9
AVG (iterations 100 to 120): 2.260055710887801E9
New best solution in iteration 140: 7.300538197879543E8
AVG (iterations 120 to 140): 2.0647828309182904E9
New best solution in iteration 156: 6.933523707797449E8
AVG (iterations 140 to 160): 1.5326681688570876E9
New best solution in iteration 162: 4.405869346008418E8
New best solution in iteration 169: 3.91363300992706E8
New best solution in iteration 171: 2.986002879377218E8
New best solution in iteration 175: 2.9449671779491436E8
New best solution in iteration 176: 8.107492928690837E7
New best solution in iteration 177: 6.738707473950075E7
AVG (iterations 160 to 180): 5.68091586204045E8
New best solution in iteration 181: 6.136300841086641E7
New best solution in iteration 183: 5.737137108687124E7
New best solution in iteration 191: 5.2380441780324765E7
New best solution in iteration 192: 4.742914904102007E7
New best solution in iteration 196: 4.6078518077987716E7
AVG (iterations 180 to 200): 1.0046221670485897E8
New best solution in iteration 212: 4.5817995806776755E7
New best solution in iteration 217: 4.4952049176726654E7
New best solution in iteration 220: 4.103376831739232E7
AVG (iterations 200 to 220): 5.265892306402197E7
New best solution in iteration 228: 4.002144071092119E7
AVG (iterations 220 to 240): 4.773885778393501E7
New best solution in iteration 252: 3.981486395507176E7
New best solution in iteration 260: 3.923069825701156E7
AVG (iterations 240 to 260): 4.457390328256349E7
New best solution in iteration 278: 3.918184510764105E7
New best solution in iteration 279: 3.901933316216941E7
AVG (iterations 260 to 280): 4.365531857841014E7
AVG (iterations 280 to 300): 4.4966139428913146E7
AVG (iterations 300 to 320): 4.36143484697904E7
AVG (iterations 320 to 340): 4.511115350902865E7
AVG (iterations 340 to 360): 4.2793880288012624E7
AVG (iterations 360 to 380): 4.1632877670472205E7
AVG (iterations 380 to 400): 4.2665969596184894E7
New best solution in iteration 402: 3.890230851850856E7
AVG (iterations 400 to 420): 4.205587734197061E7
AVG (iterations 420 to 440): 4.299323314838747E7
AVG (iterations 440 to 460): 4.127479209392337E7
AVG (iterations 460 to 480): 4.194040126774062E7
AVG (iterations 480 to 500): 4.233157392677756E7
AVG (iterations 500 to 520): 4.225831095315664E7
New best solution in iteration 528: 3.87518963458244E7
AVG (iterations 520 to 540): 4.139232820975666E7
AVG (iterations 540 to 560): 4.10193606293322E7
New best solution in iteration 578: 3.857577585948675E7
AVG (iterations 560 to 580): 4.165179760158456E7
New best solution in iteration 600: 3.7795335533149734E7
AVG (iterations 580 to 600): 4.0584714134061694E7
AVG (iterations 600 to 620): 4.085255655058765E7
AVG (iterations 620 to 640): 4.092864393295403E7
AVG (iterations 640 to 660): 4.175919485038418E7
AVG (iterations 660 to 680): 4.095819949697363E7
AVG (iterations 680 to 700): 4.195469585163168E7
AVG (iterations 700 to 720): 4.170182138502136E7
AVG (iterations 720 to 740): 4.124944274723126E7
AVG (iterations 740 to 760): 4.050796716971253E7
New best solution in iteration 772: 3.747489334427094E7
AVG (iterations 760 to 780): 4.003843331406072E7
New best solution in iteration 784: 3.7220734290935434E7
AVG (iterations 780 to 800): 4.010570139998211E7
AVG (iterations 800 to 820): 4.021260458205661E7
AVG (iterations 820 to 840): 4.0388410633623466E7
AVG (iterations 840 to 860): 4.016876966092617E7
AVG (iterations 860 to 880): 4.049748388319066E7
AVG (iterations 880 to 900): 4.090910571449341E7
AVG (iterations 900 to 920): 4.0212220730335355E7
AVG (iterations 920 to 940): 4.051901280442347E7
AVG (iterations 940 to 960): 4.03811083057182E7
AVG (iterations 960 to 980): 4.0726528047113016E7
Solution from ACO:
0 (79.8935) --> [60, 56, 88]
1 (100.7649) --> [98]
2 (74.1257) --> [63, 149]
3 (46.7667) --> [106]
4 (48.2812) --> [23]
5 (74.8493) --> [153]
6 (35.8099) --> [183, 184, 40]
7 (3.1793) --> [59]
8 (134.9275) --> [47, 134]
9 (66.1330) --> [188]
10 (55.4588) --> [61, 82]
11 (48.8867) --> [161, 31]
12 (86.9096) --> [21, 124]
13 (43.4920) --> [103, 83]
14 (59.4371) --> [13]
15 (39.1291) --> [158]
16 --> []
17 --> []
18 (47.7478) --> [132]
19 (45.8330) --> [145, 28]
20 (54.2274) --> [29]
21 (27.9495) --> [196]
22 --> []
23 --> []
24 (59.1295) --> [35, 191, 100]
25 (62.2530) --> [38]
26 --> []
27 (58.2978) --> [12, 168]
28 (90.7262) --> [76]
29 (57.0992) --> [122]
30 (14.4783) --> [78]
31 --> []
32 --> []
33 (79.4878) --> [57]
34 (47.3489) --> [189]
35 (47.2239) --> [6]
36 --> []
37 (61.4861) --> [39]
38 (97.8982) --> [93]
39 (42.5508) --> [165, 198]
40 (20.4670) --> [115]
41 (71.3434) --> [43]
42 (64.0796) --> [148]
43 (66.0053) --> [51, 16]
44 (68.8528) --> [123]
45 (72.3980) --> [30, 137]
46 (33.7098) --> [177]
47 (69.2774) --> [176]
48 (66.3263) --> [157]
49 (33.0435) --> [42]
50 --> []
51 --> []
52 --> []
53 (38.5809) --> [58]
54 --> []
55 (33.1868) --> [125]
56 (90.1731) --> [143]
57 (83.0220) --> [119]
58 (82.2080) --> [81]
59 (44.3164) --> [8]
60 (50.7539) --> [135]
61 (22.3227) --> [195]
62 (21.0803) --> [48]
63 (72.0424) --> [138, 131]
64 (50.3146) --> [77]
65 --> []
66 (21.5870) --> [139]
67 --> []
68 (41.8754) --> [154]
69 (59.8496) --> [91, 109]
70 (25.9903) --> [75]
71 --> []
72 --> []
73 (21.1585) --> [96]
74 (65.3835) --> [107]
75 (65.5632) --> [186, 150]
76 --> []
77 (51.1638) --> [181]
78 (74.0648) --> [144, 140]
79 --> []
80 (15.8589) --> [19]
81 (70.3255) --> [178, 9]
82 (37.4534) --> [41]
83 --> []
84 (75.5224) --> [146]
85 --> []
86 --> []
87 (85.8742) --> [151]
88 (44.2907) --> [33]
89 --> []
90 --> []
91 (58.2183) --> [166, 121]
92 (38.9471) --> [111]
93 (76.2024) --> [80]
94 (46.8948) --> [32, 3]
95 (44.0440) --> [62]
96 (20.6043) --> [14, 173]
97 (98.7416) --> [197]
98 (47.4935) --> [7]
99 (40.2091) --> [199]
100 --> []
101 (50.5707) --> [24]
102 --> []
103 (77.2884) --> [55, 118]
104 (70.3724) --> [190]
105 --> []
106 (31.9595) --> [192]
107 (64.9524) --> [11]
108 (50.2577) --> [54]
109 (129.1463) --> [159, 53, 141]
110 (60.2494) --> [89]
111 (65.3760) --> [66]
112 --> []
113 --> []
114 (66.0287) --> [49]
115 (70.4361) --> [44, 17]
116 (24.3799) --> [74]
117 (50.1890) --> [22]
118 (51.3034) --> [15]
119 (43.1406) --> [129]
120 --> []
121 (9.7939) --> [170]
122 (73.5834) --> [73]
123 (16.6104) --> [5]
124 (19.7954) --> [52]
125 (57.1592) --> [152]
126 (53.5081) --> [4]
127 (6.3597) --> [84]
128 (14.1887) --> [136]
129 (35.2396) --> [69]
130 (53.8422) --> [167]
131 (60.1896) --> [126, 90]
132 (50.9969) --> [79, 156]
133 (20.8680) --> [185]
134 --> []
135 (119.1653) --> [68, 65]
136 (21.6463) --> [34, 87]
137 (10.9882) --> [179]
138 (26.2529) --> [92]
139 (62.2339) --> [187, 147]
140 (63.0678) --> [172]
141 --> []
142 (43.2417) --> [169]
143 --> []
144 (104.6162) --> [182, 127]
145 (39.5994) --> [104]
146 (83.4053) --> [25]
147 --> []
148 --> []
149 (9.5867) --> [1]
150 (25.9810) --> [130]
151 (70.9014) --> [95]
152 --> []
153 (53.4510) --> [72]
154 (58.0984) --> [194]
155 (29.5805) --> [160]
156 (40.5663) --> [113]
157 (47.5557) --> [94, 142]
158 (87.3771) --> [120, 10]
159 --> []
160 (23.9513) --> [27]
161 --> []
162 (51.1143) --> [114]
163 (32.0778) --> [105]
164 (43.7316) --> [37, 117]
165 (31.7030) --> [70, 133]
166 --> []
167 (62.5631) --> [97]
168 (68.1346) --> [108]
169 (22.0641) --> [99]
170 (73.9656) --> [162]
171 (57.1881) --> [85, 36]
172 (63.8684) --> [18]
173 (52.3414) --> [64, 46]
174 (43.4024) --> [2]
175 (34.8910) --> [50]
176 (60.5927) --> [110, 155]
177 --> []
178 --> []
179 (44.4657) --> [171]
180 --> []
181 --> []
182 --> []
183 --> []
184 (67.9929) --> [180, 175]
185 --> []
186 --> []
187 (13.6428) --> [101]
188 (44.1699) --> [20]
189 (36.9040) --> [102, 164]
190 (60.8322) --> [86, 128]
191 --> []
192 --> []
193 (33.7376) --> [116]
194 (59.5133) --> [45]
195 (68.4925) --> [112, 174]
196 (97.0617) --> [67, 71]
197 (40.9359) --> [163, 26]
198 --> []
199 (38.8271) --> [193]

Solution energy from ACO: 3.7220734290935434E7
trying to improve with local search...
final Solution:
0 (79.8935) --> [60, 56, 88]
1 (100.7649) --> [98]
2 (74.1257) --> [63, 149]
3 (46.7667) --> [106]
4 (48.2812) --> [23]
5 (74.8493) --> [153]
6 (35.8099) --> [183, 184, 40]
7 (3.1793) --> [59]
8 (134.9275) --> [47, 134]
9 (66.1330) --> [188]
10 (55.4588) --> [61, 82]
11 (48.8867) --> [161, 31]
12 (86.9096) --> [21, 124]
13 (43.4920) --> [103, 83]
14 (59.1110) --> [55]
15 (39.1291) --> [158]
16 --> []
17 --> []
18 (47.7478) --> [132]
19 (45.8330) --> [145, 28]
20 (54.2274) --> [29]
21 (27.9495) --> [196]
22 --> []
23 --> []
24 (59.1295) --> [35, 191, 100]
25 (62.2530) --> [38]
26 --> []
27 (58.2978) --> [12, 168]
28 (90.7262) --> [76]
29 (57.0992) --> [122]
30 (14.4783) --> [78]
31 --> []
32 --> []
33 (79.4878) --> [57]
34 (47.3489) --> [189]
35 (47.2239) --> [6]
36 --> []
37 (61.4861) --> [39]
38 (97.8982) --> [93]
39 (42.5508) --> [165, 198]
40 (20.4670) --> [115]
41 (71.3434) --> [43]
42 (64.0796) --> [148]
43 (66.0053) --> [51, 16]
44 (68.8528) --> [123]
45 (72.3980) --> [30, 137]
46 (33.7098) --> [177]
47 (69.2774) --> [176]
48 (66.3263) --> [157]
49 (33.0435) --> [42]
50 --> []
51 --> []
52 --> []
53 (38.5809) --> [58]
54 --> []
55 (33.1868) --> [125]
56 (90.1731) --> [143]
57 (83.0220) --> [119]
58 (82.2080) --> [81]
59 (44.3164) --> [8]
60 (50.7539) --> [135]
61 (22.3227) --> [195]
62 (21.0803) --> [48]
63 (72.0424) --> [138, 131]
64 (50.3146) --> [77]
65 --> []
66 (21.5870) --> [139]
67 --> []
68 (41.8754) --> [154]
69 (59.8496) --> [91, 109]
70 (25.9903) --> [75]
71 --> []
72 --> []
73 (21.1585) --> [96]
74 (65.3835) --> [107]
75 (65.5632) --> [186, 150]
76 --> []
77 (51.1638) --> [181]
78 (74.0648) --> [144, 140]
79 --> []
80 (15.8589) --> [19]
81 (70.3255) --> [178, 9]
82 (37.4534) --> [41]
83 --> []
84 (75.5224) --> [146]
85 --> []
86 --> []
87 (22.9860) --> [128]
88 (44.2907) --> [33]
89 --> []
90 --> []
91 (58.2183) --> [166, 121]
92 (38.9471) --> [111]
93 (76.2024) --> [80]
94 (46.8948) --> [32, 3]
95 (44.0440) --> [62]
96 (20.6043) --> [14, 173]
97 (99.1846) --> [105]
98 (47.4935) --> [7]
99 (40.2091) --> [199]
100 --> []
101 (50.5707) --> [24]
102 --> []
103 (77.2884) --> [118, 13]
104 (70.3724) --> [190]
105 --> []
106 (31.9595) --> [192]
107 (64.9524) --> [11]
108 (50.2577) --> [54]
109 (129.1463) --> [159, 53, 141]
110 (60.2494) --> [89]
111 (65.3760) --> [66]
112 --> []
113 --> []
114 (66.0287) --> [49]
115 (70.4361) --> [44, 17]
116 (24.3799) --> [74]
117 (50.1890) --> [22]
118 (51.3034) --> [15]
119 (43.1406) --> [129]
120 --> []
121 (9.7939) --> [170]
122 (73.5834) --> [73]
123 (16.6104) --> [5]
124 (19.7954) --> [52]
125 (57.1592) --> [152]
126 (53.5081) --> [4]
127 (6.3597) --> [84]
128 (14.1887) --> [136]
129 (35.2396) --> [69]
130 (53.8422) --> [167]
131 (60.1896) --> [126, 90]
132 (50.9969) --> [79, 156]
133 (20.8680) --> [185]
134 --> []
135 (119.1653) --> [68, 65]
136 (21.6463) --> [34, 87]
137 (10.9882) --> [179]
138 (26.2529) --> [92]
139 (62.2339) --> [187, 147]
140 (63.0678) --> [172]
141 --> []
142 (43.2417) --> [169]
143 --> []
144 (104.6162) --> [182, 127]
145 (39.5994) --> [104]
146 (83.4053) --> [25]
147 --> []
148 --> []
149 (9.5867) --> [1]
150 (25.9810) --> [130]
151 (70.9014) --> [95]
152 --> []
153 (53.4510) --> [72]
154 (58.0984) --> [194]
155 (29.5805) --> [160]
156 (40.5663) --> [113]
157 (47.5557) --> [94, 142]
158 (87.3771) --> [120, 10]
159 --> []
160 (23.9513) --> [27]
161 --> []
162 (51.1143) --> [114]
163 (26.2115) --> [197]
164 (43.7316) --> [37, 117]
165 (31.7030) --> [70, 133]
166 --> []
167 (62.5631) --> [97]
168 (68.1346) --> [108]
169 (22.0641) --> [99]
170 (73.9656) --> [162]
171 (57.1881) --> [85, 36]
172 (63.8684) --> [18]
173 (52.3414) --> [64, 46]
174 (43.4024) --> [2]
175 (34.8910) --> [50]
176 (60.5927) --> [110, 155]
177 --> []
178 --> []
179 (44.4657) --> [171]
180 --> []
181 --> []
182 --> []
183 --> []
184 (67.9929) --> [180, 175]
185 --> []
186 --> []
187 (13.6428) --> [101]
188 (44.1699) --> [20]
189 (36.9040) --> [102, 164]
190 (90.5706) --> [86, 151]
191 --> []
192 --> []
193 (33.7376) --> [116]
194 (59.5133) --> [45]
195 (68.4925) --> [112, 174]
196 (97.0617) --> [67, 71]
197 (40.9359) --> [163, 26]
198 --> []
199 (38.8271) --> [193]

final Solution energy: 3.711203308081166E7
Calculated in 29106ms
Ants=1000, alpha=0.6, beta=3.0, evaporate factor=0.07
(for ../../mebp/mebp-08.dat)
