New best solution in iteration 0: 2.1541157349031396E9
New best solution in iteration 1: 8.276701932169961E8
New best solution in iteration 3: 6.922155013143923E8
New best solution in iteration 9: 4.3845144874239236E8
AVG (iterations 0 to 20): 9.245954259015108E8
AVG (iterations 20 to 40): 1.2706632995543237E9
AVG (iterations 40 to 60): 1.094457414678957E9
New best solution in iteration 77: 4.286610192156007E8
AVG (iterations 60 to 80): 1.383988630172261E9
AVG (iterations 80 to 100): 1.3703254183752334E9
AVG (iterations 100 to 120): 1.5073855360574024E9
AVG (iterations 120 to 140): 1.587769596239306E9
New best solution in iteration 148: 3.1014599768384916E8
AVG (iterations 140 to 160): 7.312164317977773E8
New best solution in iteration 165: 1.781912423131517E8
New best solution in iteration 168: 1.2240402602580826E8
AVG (iterations 160 to 180): 3.324428589908407E8
New best solution in iteration 181: 1.1402058191229425E8
New best solution in iteration 188: 1.0189758838864435E8
New best solution in iteration 197: 9.886313779658568E7
AVG (iterations 180 to 200): 1.3016364624139504E8
New best solution in iteration 212: 9.701649563255228E7
AVG (iterations 200 to 220): 1.170889462476561E8
New best solution in iteration 234: 9.158195912288588E7
AVG (iterations 220 to 240): 1.1358640123102856E8
AVG (iterations 240 to 260): 1.1217633672321467E8
AVG (iterations 260 to 280): 1.1120564680526753E8
AVG (iterations 280 to 300): 1.066354112754604E8
AVG (iterations 300 to 320): 1.0918512336437225E8
AVG (iterations 320 to 340): 1.0778426162835506E8
New best solution in iteration 350: 9.086988069427718E7
AVG (iterations 340 to 360): 1.0539380789023209E8
AVG (iterations 360 to 380): 1.0566576613829908E8
AVG (iterations 380 to 400): 1.0902908633900318E8
AVG (iterations 400 to 420): 1.0848850671651776E8
AVG (iterations 420 to 440): 1.0653447335250494E8
New best solution in iteration 445: 8.432024013653913E7
AVG (iterations 440 to 460): 1.0344774180985986E8
AVG (iterations 460 to 480): 1.0259758143031934E8
AVG (iterations 480 to 500): 1.0205620001924452E8
AVG (iterations 500 to 520): 1.0210651625693202E8
AVG (iterations 520 to 540): 1.009562294585062E8
AVG (iterations 540 to 560): 1.0363283668382207E8
AVG (iterations 560 to 580): 1.0138814693753204E8
AVG (iterations 580 to 600): 1.0397896034843168E8
AVG (iterations 600 to 620): 1.0506290884682094E8
AVG (iterations 620 to 640): 1.0189882724963966E8
AVG (iterations 640 to 660): 1.0056229429570025E8
AVG (iterations 660 to 680): 1.0185751431910019E8
AVG (iterations 680 to 700): 1.010704845269797E8
AVG (iterations 700 to 720): 1.0012841052148297E8
AVG (iterations 720 to 740): 1.0081252726544732E8
AVG (iterations 740 to 760): 1.0112877224202141E8
AVG (iterations 760 to 780): 9.98348069770532E7
AVG (iterations 780 to 800): 9.748510186242887E7
AVG (iterations 800 to 820): 9.979261252205221E7
AVG (iterations 820 to 840): 9.810662445783387E7
AVG (iterations 840 to 860): 9.98467339641362E7
AVG (iterations 860 to 880): 1.003983992035923E8
AVG (iterations 880 to 900): 9.753415497697906E7
AVG (iterations 900 to 920): 1.013931879653745E8
New best solution in iteration 935: 8.375953427026375E7
AVG (iterations 920 to 940): 9.523790947706823E7
AVG (iterations 940 to 960): 9.820851290694979E7
AVG (iterations 960 to 980): 1.001736096849058E8
Solution from ACO:
0 (169.9639) --> [13, 3, 11]
1 (48.5878) --> [23]
2 (134.7746) --> [42, 37]
3 (109.5562) --> [41]
4 (47.6455) --> [38]
5 (103.1818) --> [18, 33]
6 --> []
7 (162.1235) --> [27]
8 (114.5849) --> [25]
9 (166.9317) --> [10]
10 --> []
11 (166.1663) --> [26]
12 (143.9814) --> [9, 24]
13 (83.7100) --> [28]
14 --> []
15 (146.9264) --> [17]
16 (109.3714) --> [8, 20]
17 (76.7730) --> [40]
18 --> []
19 --> []
20 (18.0854) --> [34]
21 --> []
22 (81.8189) --> [32, 19]
23 (309.7533) --> [7, 14]
24 --> []
25 (57.9581) --> [49]
26 (51.5190) --> [30]
27 (70.3416) --> [44]
28 --> []
29 --> []
30 --> []
31 --> []
32 (119.5027) --> [4, 12]
33 (89.7049) --> [6]
34 --> []
35 (125.9577) --> [5]
36 (27.8657) --> [29]
37 (48.2017) --> [31]
38 --> []
39 (150.8950) --> [35, 45]
40 (103.4176) --> [1]
41 (126.7247) --> [15, 36]
42 (159.0254) --> [48]
43 (67.1269) --> [22]
44 (120.3865) --> [2]
45 --> []
46 (97.1483) --> [47, 21]
47 (56.9242) --> [43]
48 (88.1778) --> [16, 39]
49 (67.6439) --> [46]

Solution energy from ACO: 8.375953427026375E7
trying to improve with local search...
final Solution:
0 (169.9639) --> [13, 3, 11]
1 (48.5878) --> [23]
2 (134.7746) --> [42, 37]
3 (109.5562) --> [41]
4 (47.6455) --> [38]
5 (103.1818) --> [18, 33]
6 --> []
7 (162.1235) --> [27]
8 (114.5849) --> [25]
9 (166.9317) --> [10]
10 --> []
11 (166.1663) --> [26]
12 (143.9814) --> [9, 24]
13 (83.7100) --> [28]
14 --> []
15 (146.9264) --> [17]
16 (109.3714) --> [8, 20]
17 (76.7730) --> [40]
18 --> []
19 --> []
20 (18.0854) --> [34]
21 --> []
22 (81.8189) --> [32, 19]
23 (309.7533) --> [7, 14]
24 --> []
25 (57.9581) --> [49]
26 (51.5190) --> [30]
27 (70.3416) --> [44]
28 --> []
29 --> []
30 --> []
31 --> []
32 (119.5027) --> [4, 12]
33 (89.7049) --> [6]
34 --> []
35 (125.9577) --> [5]
36 (27.8657) --> [29]
37 (48.2017) --> [31]
38 --> []
39 (150.8950) --> [35, 45]
40 (103.4176) --> [1]
41 (126.7247) --> [15, 36]
42 (159.0254) --> [48]
43 (67.1269) --> [22]
44 (120.3865) --> [2]
45 --> []
46 (97.1483) --> [47, 21]
47 (56.9242) --> [43]
48 (88.1778) --> [16, 39]
49 (67.6439) --> [46]

final Solution energy: 8.375953427026375E7
Calculated in 2039ms
Ants=1000, alpha=0.6, beta=3.0, evaporate factor=0.07
(for ../../mebp/mebp-04.dat)
