New best solution in iteration 0: 9.943320658289434E8
New best solution in iteration 3: 6.424333372638534E8
New best solution in iteration 14: 5.520613863924468E8
AVG (iterations 0 to 20): 1.2352132023013275E9
New best solution in iteration 22: 5.35613659677539E8
AVG (iterations 20 to 40): 1.2103675199394E9
AVG (iterations 40 to 60): 1.127901393493792E9
New best solution in iteration 71: 4.6353947778581595E8
New best solution in iteration 79: 3.611857244522218E8
AVG (iterations 60 to 80): 1.1888940664543257E9
AVG (iterations 80 to 100): 1.1796254580620635E9
AVG (iterations 100 to 120): 1.3347341284467378E9
AVG (iterations 120 to 140): 9.978259663767929E8
New best solution in iteration 142: 2.796003882872809E8
New best solution in iteration 156: 2.6120834134670743E8
New best solution in iteration 160: 2.387104765398448E8
AVG (iterations 140 to 160): 6.893367465403702E8
New best solution in iteration 162: 1.3294755432510293E8
New best solution in iteration 169: 1.2492050570283036E8
New best solution in iteration 172: 1.1756005954342602E8
AVG (iterations 160 to 180): 2.5761248999384245E8
New best solution in iteration 184: 1.1185854568705568E8
New best solution in iteration 188: 9.809107618215893E7
New best solution in iteration 194: 9.207914373961286E7
AVG (iterations 180 to 200): 1.2799684121586283E8
New best solution in iteration 202: 9.050257935286954E7
AVG (iterations 200 to 220): 1.1911593415558505E8
AVG (iterations 220 to 240): 1.1192307733439143E8
AVG (iterations 240 to 260): 1.0770994706663842E8
AVG (iterations 260 to 280): 1.1277329157177815E8
New best solution in iteration 281: 8.830310415435259E7
AVG (iterations 280 to 300): 1.0597678186708277E8
AVG (iterations 300 to 320): 9.90725077246982E7
AVG (iterations 320 to 340): 1.023820167505107E8
AVG (iterations 340 to 360): 1.0502509671242283E8
AVG (iterations 360 to 380): 1.0239369191214913E8
AVG (iterations 380 to 400): 1.0516432122806503E8
AVG (iterations 400 to 420): 1.032133026846881E8
AVG (iterations 420 to 440): 1.045548205830538E8
AVG (iterations 440 to 460): 1.0329311519005425E8
AVG (iterations 460 to 480): 1.0422014201721966E8
AVG (iterations 480 to 500): 1.0419324157003011E8
AVG (iterations 500 to 520): 1.02830292666475E8
AVG (iterations 520 to 540): 1.0312111323932001E8
AVG (iterations 540 to 560): 1.0225138422140776E8
AVG (iterations 560 to 580): 1.0551388752461308E8
AVG (iterations 580 to 600): 1.0331048540641285E8
AVG (iterations 600 to 620): 1.0097421005662248E8
AVG (iterations 620 to 640): 1.019021951332676E8
AVG (iterations 640 to 660): 1.0385499097406659E8
AVG (iterations 660 to 680): 1.0198893130830553E8
AVG (iterations 680 to 700): 1.0462275069680142E8
AVG (iterations 700 to 720): 1.0273967908525103E8
AVG (iterations 720 to 740): 1.002135309659969E8
AVG (iterations 740 to 760): 1.0197383326759434E8
AVG (iterations 760 to 780): 9.838923362251934E7
AVG (iterations 780 to 800): 1.03278805304709E8
New best solution in iteration 815: 8.292773515133482E7
AVG (iterations 800 to 820): 9.607277684103099E7
AVG (iterations 820 to 840): 9.91055205487968E7
New best solution in iteration 857: 8.156451128197333E7
AVG (iterations 840 to 860): 9.733367702949151E7
AVG (iterations 860 to 880): 9.607868726008056E7
AVG (iterations 880 to 900): 9.633687881175701E7
AVG (iterations 900 to 920): 9.724984439218977E7
AVG (iterations 920 to 940): 9.802140573889908E7
AVG (iterations 940 to 960): 9.64859511677214E7
AVG (iterations 960 to 980): 9.952750775933397E7
Solution from ACO:
0 (169.9639) --> [13, 3, 11]
1 (48.5878) --> [23]
2 (116.0373) --> [42]
3 (109.5562) --> [41]
4 (47.6455) --> [38]
5 (33.8309) --> [18]
6 (89.7049) --> [33]
7 (162.1235) --> [27]
8 --> []
9 (166.9317) --> [10]
10 --> []
11 (166.1663) --> [26]
12 (143.9814) --> [9, 4, 24]
13 (83.7100) --> [28]
14 --> []
15 (146.9264) --> [17]
16 (109.3714) --> [20, 8]
17 (76.7730) --> [40]
18 --> []
19 --> []
20 (18.0854) --> [34]
21 (97.1483) --> [46]
22 (81.8189) --> [19, 32]
23 (309.7533) --> [7, 14]
24 --> []
25 --> []
26 (51.5190) --> [30]
27 (70.3416) --> [44]
28 --> []
29 --> []
30 --> []
31 --> []
32 (119.5027) --> [12]
33 --> []
34 (112.7181) --> [35, 21]
35 (148.5170) --> [5, 45]
36 (27.8657) --> [29]
37 (48.2017) --> [31]
38 (122.3220) --> [6]
39 --> []
40 (103.4176) --> [1]
41 (126.7247) --> [36, 15]
42 (159.0254) --> [48, 37]
43 (67.1269) --> [22]
44 (120.3865) --> [2]
45 --> []
46 (77.2109) --> [47, 49]
47 (56.9242) --> [43]
48 (88.1778) --> [16, 39]
49 (57.9581) --> [25]

Solution energy from ACO: 8.156451128197333E7
trying to improve with local search...
final Solution:
0 (169.9639) --> [13, 3, 11]
1 (48.5878) --> [23]
2 (116.0373) --> [42]
3 (109.5562) --> [41]
4 (47.6455) --> [38]
5 (33.8309) --> [18]
6 (89.7049) --> [33]
7 (162.1235) --> [27]
8 --> []
9 (166.9317) --> [10]
10 --> []
11 (166.1663) --> [26]
12 (143.9814) --> [9, 4, 24]
13 (83.7100) --> [28]
14 --> []
15 (146.9264) --> [17]
16 (109.3714) --> [20, 8]
17 (76.7730) --> [40]
18 --> []
19 --> []
20 (18.0854) --> [34]
21 (97.1483) --> [46]
22 (81.8189) --> [19, 32]
23 (309.7533) --> [7, 14]
24 --> []
25 --> []
26 (51.5190) --> [30]
27 (70.3416) --> [44]
28 --> []
29 --> []
30 --> []
31 --> []
32 (119.5027) --> [12]
33 --> []
34 (112.7181) --> [35, 21]
35 (148.5170) --> [5, 45]
36 (27.8657) --> [29]
37 (48.2017) --> [31]
38 (122.3220) --> [6]
39 --> []
40 (103.4176) --> [1]
41 (126.7247) --> [36, 15]
42 (159.0254) --> [48, 37]
43 (67.1269) --> [22]
44 (120.3865) --> [2]
45 --> []
46 (77.2109) --> [47, 49]
47 (56.9242) --> [43]
48 (88.1778) --> [16, 39]
49 (57.9581) --> [25]

final Solution energy: 8.156451128197333E7
Calculated in 1902ms
Ants=1000, alpha=0.6, beta=3.0, evaporate factor=0.07
(for ../../mebp/mebp-04.dat)
