New best solution in iteration 0: 3.089301721404531E9
New best solution in iteration 4: 2.7919029503827553E9
New best solution in iteration 6: 2.726403832733529E9
New best solution in iteration 7: 2.677416125869694E9
New best solution in iteration 8: 2.028430675772129E9
New best solution in iteration 17: 1.7227239006968875E9
AVG (iterations 0 to 20): 3.214281663194653E9
New best solution in iteration 38: 1.3700865311483624E9
AVG (iterations 20 to 40): 3.7120897885419617E9
AVG (iterations 40 to 60): 3.0555083993731737E9
AVG (iterations 60 to 80): 3.3994014614984727E9
AVG (iterations 80 to 100): 3.3154748377081614E9
AVG (iterations 100 to 120): 3.2959848429907937E9
AVG (iterations 120 to 140): 3.137454994798263E9
New best solution in iteration 148: 1.3430517035289848E9
New best solution in iteration 156: 1.2894102202761722E9
AVG (iterations 140 to 160): 2.5618883350241184E9
New best solution in iteration 166: 9.323935282827462E8
New best solution in iteration 170: 8.355813270237402E8
New best solution in iteration 173: 4.406007477093618E8
New best solution in iteration 178: 2.7729647018555105E8
New best solution in iteration 179: 2.254027179970583E8
AVG (iterations 160 to 180): 1.1617450481975589E9
New best solution in iteration 182: 1.9251373625962234E8
New best solution in iteration 187: 1.2607511694078112E8
New best solution in iteration 188: 4.120607329130414E7
New best solution in iteration 191: 3.639990095818498E7
New best solution in iteration 198: 3.0149730713363834E7
New best solution in iteration 200: 2.7065079237472232E7
AVG (iterations 180 to 200): 2.4580137861102766E8
New best solution in iteration 202: 2.663430615781769E7
New best solution in iteration 214: 2.6626077593005404E7
AVG (iterations 200 to 220): 4.579216062366488E7
New best solution in iteration 224: 2.5935891751771055E7
New best solution in iteration 227: 2.523053446775669E7
New best solution in iteration 234: 2.4942699584491186E7
AVG (iterations 220 to 240): 2.70122821712781E7
New best solution in iteration 243: 2.4350456235160816E7
New best solution in iteration 254: 2.4081156318373766E7
AVG (iterations 240 to 260): 2.5587858891452473E7
New best solution in iteration 275: 2.379349109328699E7
AVG (iterations 260 to 280): 2.495521354819212E7
New best solution in iteration 287: 2.3762147156825844E7
New best solution in iteration 293: 2.2889793617830202E7
AVG (iterations 280 to 300): 2.4470154724855907E7
New best solution in iteration 306: 2.2826178157982696E7
AVG (iterations 300 to 320): 2.4241880184887175E7
AVG (iterations 320 to 340): 2.4214782401393645E7
New best solution in iteration 357: 2.2498675569096517E7
New best solution in iteration 359: 2.2136514095970288E7
AVG (iterations 340 to 360): 2.3989996918287568E7
AVG (iterations 360 to 380): 2.4398435889434E7
AVG (iterations 380 to 400): 2.4180512999505244E7
AVG (iterations 400 to 420): 2.4423266503363915E7
AVG (iterations 420 to 440): 2.403158811043045E7
AVG (iterations 440 to 460): 2.4093949099459946E7
AVG (iterations 460 to 480): 2.3951857774189185E7
AVG (iterations 480 to 500): 2.388645689985653E7
AVG (iterations 500 to 520): 2.3659984383667286E7
AVG (iterations 520 to 540): 2.4241894639362622E7
AVG (iterations 540 to 560): 2.411573793365126E7
AVG (iterations 560 to 580): 2.3942941352884732E7
AVG (iterations 580 to 600): 2.4108212660245024E7
AVG (iterations 600 to 620): 2.4275786980769508E7
AVG (iterations 620 to 640): 2.3945132211856082E7
AVG (iterations 640 to 660): 2.3818091098685592E7
AVG (iterations 660 to 680): 2.376384956889253E7
AVG (iterations 680 to 700): 2.3811877248548962E7
AVG (iterations 700 to 720): 2.386852718516338E7
AVG (iterations 720 to 740): 2.4256185428747036E7
AVG (iterations 740 to 760): 2.414642766718584E7
AVG (iterations 760 to 780): 2.391629885298455E7
AVG (iterations 780 to 800): 2.3888174265460305E7
AVG (iterations 800 to 820): 2.36790117914111E7
AVG (iterations 820 to 840): 2.3813349772076722E7
AVG (iterations 840 to 860): 2.416980192778958E7
AVG (iterations 860 to 880): 2.3927127836217504E7
AVG (iterations 880 to 900): 2.3784312367064394E7
AVG (iterations 900 to 920): 2.39587678723897E7
AVG (iterations 920 to 940): 2.376119449096203E7
AVG (iterations 940 to 960): 2.3571743209830366E7
AVG (iterations 960 to 980): 2.373083202349582E7
Solution from ACO:
0 (29.7089) --> [365, 348]
1 (20.8746) --> [274]
2 (33.8485) --> [185, 321]
3 (41.2576) --> [293]
4 (24.5219) --> [428]
5 (62.7542) --> [453, 309]
6 (27.8157) --> [400]
7 (35.6897) --> [316, 450]
8 (28.1325) --> [152, 423]
9 (13.5017) --> [384]
10 (20.0057) --> [210, 305]
11 (57.4430) --> [124]
12 (2.6634) --> [158]
13 (15.7175) --> [299]
14 (35.7584) --> [144]
15 --> []
16 (10.3900) --> [361]
17 (44.4711) --> [397]
18 (23.1496) --> [208]
19 (59.3056) --> [49, 269]
20 --> []
21 (49.3298) --> [484]
22 (32.2309) --> [199]
23 (16.3598) --> [426]
24 (44.8625) --> [9, 375]
25 (20.6404) --> [121]
26 (35.2555) --> [363]
27 (36.5409) --> [89]
28 --> []
29 (30.2369) --> [284]
30 --> []
31 (10.7201) --> [313]
32 (23.7876) --> [139]
33 --> []
34 (18.9936) --> [394]
35 (26.8023) --> [356, 95]
36 (63.1251) --> [84]
37 (14.1046) --> [465]
38 (22.5747) --> [411]
39 (38.7545) --> [308, 5]
40 (4.4736) --> [153]
41 (29.6594) --> [376, 69]
42 (28.5838) --> [472, 81]
43 (19.6179) --> [108]
44 (28.9032) --> [494, 166]
45 (82.3110) --> [272, 264]
46 (21.5857) --> [159, 17]
47 --> []
48 (11.4845) --> [228]
49 (34.1068) --> [225, 433]
50 (29.0847) --> [378, 219]
51 (34.5401) --> [33]
52 (30.5361) --> [366]
53 (10.7409) --> [281]
54 (21.1802) --> [439]
55 --> []
56 (31.0887) --> [320, 236]
57 (13.8803) --> [288]
58 --> []
59 --> []
60 (30.6124) --> [52]
61 (32.6244) --> [44]
62 (19.3633) --> [190]
63 (14.5118) --> [497]
64 (30.8838) --> [13]
65 (23.6213) --> [115]
66 (40.1583) --> [53]
67 --> []
68 (20.8137) --> [96]
69 (31.5564) --> [496, 391]
70 (21.7947) --> [383]
71 (32.6906) --> [18]
72 (41.5778) --> [212]
73 (14.9335) --> [200]
74 --> []
75 (35.6568) --> [101]
76 (8.7699) --> [136]
77 (6.3186) --> [278]
78 --> []
79 --> []
80 (20.4781) --> [222]
81 --> []
82 (10.5158) --> [389]
83 (25.7445) --> [85]
84 (28.1844) --> [168, 135]
85 (29.4288) --> [463]
86 (32.3439) --> [11, 283]
87 (31.9680) --> [471]
88 (17.8105) --> [164]
89 (20.6538) --> [230]
90 (29.4874) --> [148]
91 (11.6990) --> [16]
92 (8.7733) --> [100]
93 (27.4818) --> [227]
94 (21.4311) --> [71]
95 --> []
96 (41.1026) --> [416]
97 (17.6668) --> [28]
98 --> []
99 (21.6515) --> [204]
100 (36.0659) --> [94, 14]
101 (55.6663) --> [161, 43, 369]
102 --> []
103 (3.1247) --> [386]
104 --> []
105 (19.3042) --> [63]
106 --> []
107 --> []
108 (35.5726) --> [243]
109 (17.0280) --> [103]
110 --> []
111 (46.8058) --> [436]
112 (39.1380) --> [435]
113 (15.1990) --> [462]
114 (24.8996) --> [362]
115 (26.0793) --> [173]
116 (56.7173) --> [181, 201, 82]
117 --> []
118 (53.7114) --> [87]
119 --> []
120 (46.6382) --> [431]
121 (37.7562) --> [130]
122 (16.8809) --> [163, 65]
123 --> []
124 --> []
125 (44.4041) --> [446]
126 --> []
127 (16.5167) --> [266]
128 (53.5231) --> [323]
129 (36.2125) --> [372, 476, 41]
130 (55.8414) --> [254]
131 (35.0009) --> [250]
132 (46.1790) --> [73, 460]
133 (57.8395) --> [224]
134 (66.6666) --> [240, 234]
135 --> []
136 (55.0762) --> [314, 360]
137 --> []
138 (48.3354) --> [364, 447]
139 (18.4757) --> [131, 106]
140 (49.6363) --> [86]
141 (44.6092) --> [401]
142 (40.2786) --> [357]
143 --> []
144 (16.4642) --> [327]
145 (11.9606) --> [270]
146 (17.9902) --> [107]
147 (54.0084) --> [443]
148 (22.9765) --> [38]
149 --> []
150 --> []
151 (21.2205) --> [286]
152 (13.3363) --> [374]
153 --> []
154 --> []
155 (30.4770) --> [294]
156 (39.2384) --> [406]
157 (21.4587) --> [92]
158 --> []
159 (43.0344) --> [194]
160 (63.5431) --> [489]
161 --> []
162 --> []
163 (17.2091) --> [237]
164 (27.1070) --> [235]
165 (24.7640) --> [332]
166 (8.5306) --> [468]
167 (31.7048) --> [80]
168 (34.1208) --> [403]
169 (33.6301) --> [330]
170 (16.8844) --> [304]
171 (15.8934) --> [88]
172 (28.9032) --> [301]
173 --> []
174 --> []
175 (21.8941) --> [22]
176 --> []
177 (33.9844) --> [145]
178 (37.4080) --> [474]
179 (42.5770) --> [127]
180 (12.6094) --> [174]
181 (13.8842) --> [27]
182 (33.1461) --> [147, 205]
183 (44.3279) --> [155]
184 (30.9129) --> [216]
185 (16.3321) --> [466]
186 (46.3529) --> [10]
187 (63.0514) --> [67, 290]
188 (44.2244) --> [370]
189 (36.9182) --> [420, 487]
190 (20.1785) --> [76]
191 (16.1213) --> [430]
192 --> []
193 (13.4732) --> [499, 265, 176]
194 (35.2196) --> [39, 169]
195 --> []
196 (27.1341) --> [64]
197 (30.7597) --> [118]
198 (22.6007) --> [192]
199 (65.4305) --> [157, 40]
200 --> []
201 (47.4107) --> [255]
202 --> []
203 (36.6631) --> [371, 8]
204 (30.0194) --> [408]
205 --> []
206 (54.7633) --> [125]
207 --> []
208 --> []
209 (23.6187) --> [418]
210 --> []
211 (29.0432) --> [45]
212 --> []
213 (14.5440) --> [297]
214 --> []
215 --> []
216 (33.8357) --> [207]
217 (45.5339) --> [379, 355]
218 --> []
219 --> []
220 (38.4760) --> [351, 247]
221 (22.1947) --> [359]
222 (15.3389) --> [271]
223 --> []
224 (45.5135) --> [455]
225 (23.1927) --> [151]
226 (59.8723) --> [337]
227 (7.2281) --> [233]
228 (25.6769) --> [282]
229 --> []
230 (30.1491) --> [171]
231 (51.5295) --> [260]
232 (30.6322) --> [380]
233 --> []
234 (48.5167) --> [326]
235 (37.4263) --> [242, 105]
236 --> []
237 (37.3278) --> [478]
238 (38.6602) --> [347]
239 (16.6147) --> [275]
240 (52.2056) --> [193]
241 (45.3441) --> [256]
242 (31.5150) --> [56, 458]
243 (45.7945) --> [231, 83]
244 (40.6735) --> [448]
245 (14.4267) --> [322]
246 --> []
247 --> []
248 (42.1450) --> [137, 66, 429]
249 (36.1360) --> [253]
250 (6.4065) --> [116]
251 (50.1456) --> [427]
252 (39.9188) --> [146]
253 (47.4129) --> [392]
254 (68.2375) --> [23, 197, 187]
255 (45.8464) --> [79]
256 --> []
257 --> []
258 --> []
259 (45.7788) --> [350, 341]
260 --> []
261 (23.6359) --> [120]
262 (24.3106) --> [77]
263 (30.0516) --> [36]
264 --> []
265 (35.7919) --> [42]
266 (48.4404) --> [387]
267 --> []
268 --> []
269 (25.1525) --> [111, 91]
270 (38.6380) --> [419]
271 (36.3873) --> [470, 229]
272 (73.5646) --> [104]
273 (48.6902) --> [491, 335]
274 --> []
275 (29.1631) --> [318, 280]
276 (23.0330) --> [109]
277 (7.2574) --> [59]
278 (25.2642) --> [399]
279 (21.3918) --> [398]
280 --> []
281 (14.7186) --> [21]
282 (25.3527) --> [486, 4]
283 (35.6863) --> [24]
284 (33.8644) --> [488]
285 --> []
286 --> []
287 (54.6696) --> [26]
288 (17.3567) --> [409]
289 (20.9287) --> [20]
290 (33.4905) --> [289]
291 (24.0088) --> [46, 261]
292 (44.7097) --> [57, 211]
293 (36.4775) --> [396]
294 (53.0297) --> [258, 239]
295 (42.9774) --> [452, 382, 48]
296 --> []
297 (63.4491) --> [165, 183]
298 (69.5496) --> [441, 333]
299 --> []
300 (28.9771) --> [74]
301 (52.7212) --> [279]
302 (40.6458) --> [35]
303 (10.0200) --> [93, 97]
304 (27.0089) --> [213]
305 --> []
306 (22.6362) --> [1, 336]
307 (7.4504) --> [51]
308 (27.7384) --> [334]
309 (16.1398) --> [311]
310 --> []
311 (23.5144) --> [102, 464]
312 (17.3626) --> [58]
313 (48.5603) --> [402]
314 --> []
315 --> []
316 --> []
317 --> []
318 (30.9855) --> [331, 30]
319 (3.5691) --> [482]
320 (10.1945) --> [154]
321 (49.1947) --> [373, 112]
322 (45.2174) --> [417]
323 (60.4617) --> [3, 215]
324 (60.7036) --> [438]
325 (46.8620) --> [395]
326 (14.2627) --> [343]
327 (26.8386) --> [354, 352]
328 (47.8421) --> [444]
329 (22.0453) --> [178]
330 (4.2300) --> [249]
331 --> []
332 (27.8045) --> [68]
333 (11.7929) --> [324]
334 (6.0594) --> [12, 306]
335 --> []
336 (51.5224) --> [195, 442]
337 (23.0104) --> [292]
338 --> []
339 (49.7158) --> [245]
340 (32.5407) --> [202, 186]
341 (63.2297) --> [78, 129]
342 --> []
343 (30.0283) --> [259, 495]
344 --> []
345 (26.6402) --> [232, 54]
346 (17.7767) --> [407]
347 (35.7960) --> [50]
348 (34.0160) --> [405]
349 (48.6622) --> [90, 61]
350 (53.4975) --> [425]
351 (64.4624) --> [32]
352 (17.7708) --> [422]
353 --> []
354 (41.8090) --> [493]
355 --> []
356 --> []
357 (15.0075) --> [244]
358 (47.7391) --> [162, 404, 150]
359 --> []
360 --> []
361 (35.4985) --> [172]
362 (34.4008) --> [60, 180]
363 (37.3620) --> [217]
364 (29.6794) --> [479]
365 --> []
366 (55.6947) --> [55]
367 --> []
368 (39.1986) --> [142, 303]
369 --> []
370 (13.9051) --> [203]
371 --> []
372 --> []
373 (42.6864) --> [349]
374 (33.5716) --> [132]
375 --> []
376 --> []
377 (16.4410) --> [393, 226]
378 (10.7263) --> [302]
379 (15.6321) --> [346]
380 --> []
381 (32.8123) --> [385, 342, 390]
382 (36.2402) --> [377]
383 (28.8018) --> [451, 338, 25]
384 (36.0750) --> [307]
385 --> []
386 (30.2847) --> [353]
387 (35.4852) --> [481, 298]
388 (41.7239) --> [312, 37]
389 (18.5052) --> [223, 467]
390 (21.9271) --> [424]
391 (20.0531) --> [143, 469]
392 --> []
393 --> []
394 (42.3500) --> [123]
395 (47.6646) --> [117, 140]
396 (13.4221) --> [182]
397 (3.1979) --> [252]
398 (34.7926) --> [277, 263, 459]
399 (41.9481) --> [177]
400 (40.1292) --> [291]
401 (26.7635) --> [437, 461]
402 (11.1112) --> [276]
403 (60.1026) --> [490]
404 (45.6981) --> [6]
405 (38.1505) --> [412, 339]
406 (9.4248) --> [381]
407 (15.0554) --> [175]
408 (27.0454) --> [273]
409 --> []
410 (42.9808) --> [251, 456]
411 (30.0880) --> [248]
412 (57.4219) --> [358, 246]
413 (31.9486) --> [434, 2, 317]
414 --> []
415 (55.7140) --> [70]
416 (22.8240) --> [160]
417 (43.0718) --> [19, 220]
418 (21.4224) --> [188, 445]
419 (25.1379) --> [340, 440]
420 --> []
421 (2.8438) --> [110]
422 (15.3167) --> [477, 141]
423 (4.3449) --> [119]
424 --> []
425 (43.7106) --> [454, 498]
426 (35.8932) --> [473, 285]
427 (15.2052) --> [34]
428 (43.9872) --> [300, 241]
429 (47.9985) --> [238]
430 (68.6502) --> [149]
431 --> []
432 --> []
433 (64.0055) --> [295]
434 (40.4967) --> [310]
435 --> []
436 (23.0409) --> [388]
437 (25.2149) --> [410]
438 --> []
439 --> []
440 (50.2707) --> [415]
441 --> []
442 (26.2502) --> [344, 75]
443 (25.7741) --> [62]
444 (48.9267) --> [315]
445 --> []
446 (57.2054) --> [367, 196]
447 (20.4373) --> [475]
448 (47.0776) --> [189, 206]
449 (54.5512) --> [257, 368]
450 (29.4965) --> [480]
451 (38.1689) --> [47, 329]
452 --> []
453 (50.1365) --> [72]
454 (11.2057) --> [414]
455 (25.1384) --> [483, 457]
456 (20.5230) --> [267]
457 (45.3668) --> [113, 214]
458 (37.0681) --> [184, 170]
459 (32.8087) --> [179, 287]
460 (56.8930) --> [319]
461 (58.4005) --> [328]
462 (16.2265) --> [122]
463 --> []
464 (18.1913) --> [262]
465 --> []
466 --> []
467 --> []
468 (30.4415) --> [218, 99]
469 (62.0900) --> [31]
470 (39.9181) --> [138]
471 (13.4232) --> [133]
472 (50.4526) --> [485, 325]
473 (47.5506) --> [432]
474 (7.2948) --> [15]
475 (41.7744) --> [128]
476 (29.6576) --> [126]
477 --> []
478 (25.5911) --> [345]
479 (31.6259) --> [7]
480 (37.7311) --> [29, 191]
481 (13.0605) --> [221]
482 --> []
483 (45.1738) --> [413]
484 (43.7617) --> [296]
485 (50.5283) --> [198]
486 (36.6509) --> [421, 449]
487 (40.7083) --> [134]
488 --> []
489 (38.2180) --> [492]
490 (42.9268) --> [156]
491 (39.0457) --> [98]
492 (40.7532) --> [209]
493 (18.1992) --> [167]
494 --> []
495 --> []
496 (46.1159) --> [268]
497 (10.8853) --> [114]
498 --> []
499 --> []

Solution energy from ACO: 2.2136514095970288E7
trying to improve with local search...
final Solution:
0 (29.7089) --> [365, 348]
1 (20.8746) --> [274]
2 (33.8485) --> [185, 321]
3 (41.2576) --> [293]
4 (24.5219) --> [428]
5 (62.7542) --> [453, 309]
6 (27.8157) --> [400]
7 (35.6897) --> [316, 450]
8 (28.1325) --> [152, 423]
9 (13.5017) --> [384]
10 (20.0057) --> [210, 305]
11 (57.4430) --> [124]
12 (2.6634) --> [158]
13 (15.7175) --> [299]
14 (35.7584) --> [144]
15 --> []
16 (10.3900) --> [361]
17 (44.4711) --> [397]
18 (23.1496) --> [208]
19 (59.3056) --> [49, 269]
20 --> []
21 (49.3298) --> [484]
22 (32.2309) --> [199]
23 (16.3598) --> [426]
24 (44.8625) --> [9, 375]
25 (20.6404) --> [121]
26 (35.2555) --> [363]
27 (36.5409) --> [89]
28 --> []
29 (30.2369) --> [284]
30 --> []
31 (10.7201) --> [313]
32 (23.7876) --> [139]
33 --> []
34 (18.9936) --> [394]
35 (26.8023) --> [356, 95]
36 (63.1251) --> [84]
37 (14.1046) --> [465]
38 (22.5747) --> [411]
39 (38.7545) --> [308, 5]
40 (4.4736) --> [153]
41 (29.6594) --> [376, 69]
42 (28.5838) --> [472, 81]
43 (19.6179) --> [108]
44 (28.9032) --> [494, 166]
45 (82.3110) --> [272, 264]
46 (21.5857) --> [159, 17]
47 --> []
48 (11.4845) --> [228]
49 (34.1068) --> [225, 433]
50 (29.0847) --> [378, 219]
51 (34.5401) --> [33]
52 (30.5361) --> [366]
53 (10.7409) --> [281]
54 (21.1802) --> [439]
55 --> []
56 (31.0887) --> [320, 236]
57 (13.8803) --> [288]
58 --> []
59 --> []
60 (30.6124) --> [52]
61 (32.6244) --> [44]
62 (19.3633) --> [190]
63 (14.5118) --> [497]
64 (30.8838) --> [13]
65 (23.6213) --> [115]
66 (40.1583) --> [53]
67 --> []
68 (20.8137) --> [96]
69 (31.5564) --> [496, 391]
70 (21.7947) --> [383]
71 (32.6906) --> [18]
72 (41.5778) --> [212]
73 (14.9335) --> [200]
74 --> []
75 (35.6568) --> [101]
76 (8.7699) --> [136]
77 (6.3186) --> [278]
78 --> []
79 --> []
80 (20.4781) --> [222]
81 --> []
82 (10.5158) --> [389]
83 (25.7445) --> [85]
84 (28.1844) --> [168, 135]
85 (29.4288) --> [463]
86 (32.3439) --> [11, 283]
87 (31.9680) --> [471]
88 (17.8105) --> [164]
89 (20.6538) --> [230]
90 (29.4874) --> [148]
91 (11.6990) --> [16]
92 (8.7733) --> [100]
93 (27.4818) --> [227]
94 (21.4311) --> [71]
95 --> []
96 (41.1026) --> [416]
97 (17.6668) --> [28]
98 --> []
99 (21.6515) --> [204]
100 (36.0659) --> [94, 14]
101 (55.6663) --> [161, 43, 369]
102 --> []
103 (3.1247) --> [386]
104 --> []
105 (19.3042) --> [63]
106 --> []
107 --> []
108 (35.5726) --> [243]
109 (17.0280) --> [103]
110 --> []
111 (46.8058) --> [436]
112 (39.1380) --> [435]
113 (15.1990) --> [462]
114 (24.8996) --> [362]
115 (26.0793) --> [173]
116 (56.7173) --> [181, 201, 82]
117 --> []
118 (53.7114) --> [87]
119 --> []
120 (46.6382) --> [431]
121 (37.7562) --> [130]
122 (16.8809) --> [163, 65]
123 --> []
124 --> []
125 (44.4041) --> [446]
126 --> []
127 (16.5167) --> [266]
128 (53.5231) --> [323]
129 (36.2125) --> [372, 476, 41]
130 (55.8414) --> [254]
131 (35.0009) --> [250]
132 (46.1790) --> [73, 460]
133 (57.8395) --> [224]
134 (66.6666) --> [240, 234]
135 --> []
136 (55.0762) --> [314, 360]
137 --> []
138 (48.3354) --> [364, 447]
139 (18.4757) --> [131, 106]
140 (49.6363) --> [86]
141 (44.6092) --> [401]
142 (40.2786) --> [357]
143 --> []
144 (16.4642) --> [327]
145 (11.9606) --> [270]
146 (17.9902) --> [107]
147 (54.0084) --> [443]
148 (22.9765) --> [38]
149 --> []
150 --> []
151 (21.2205) --> [286]
152 (13.3363) --> [374]
153 --> []
154 --> []
155 (30.4770) --> [294]
156 (39.2384) --> [406]
157 (21.4587) --> [92]
158 --> []
159 (43.0344) --> [194]
160 (63.5431) --> [489]
161 --> []
162 --> []
163 (17.2091) --> [237]
164 (27.1070) --> [235]
165 (24.7640) --> [332]
166 (8.5306) --> [468]
167 (31.7048) --> [80]
168 (34.1208) --> [403]
169 (33.6301) --> [330]
170 (16.8844) --> [304]
171 (15.8934) --> [88]
172 (28.9032) --> [301]
173 --> []
174 --> []
175 (21.8941) --> [22]
176 --> []
177 (33.9844) --> [145]
178 (37.4080) --> [474]
179 (42.5770) --> [127]
180 (12.6094) --> [174]
181 (13.8842) --> [27]
182 (33.1461) --> [147, 205]
183 (44.3279) --> [155]
184 (30.9129) --> [216]
185 (16.3321) --> [466]
186 (46.3529) --> [10]
187 (63.0514) --> [67, 290]
188 (44.2244) --> [370]
189 (36.9182) --> [420, 487]
190 (20.1785) --> [76]
191 (16.1213) --> [430]
192 --> []
193 (13.4732) --> [499, 265, 176]
194 (35.2196) --> [39, 169]
195 --> []
196 (27.1341) --> [64]
197 (30.7597) --> [118]
198 (22.6007) --> [192]
199 (65.4305) --> [157, 40]
200 --> []
201 (47.4107) --> [255]
202 --> []
203 (36.6631) --> [371, 8]
204 (30.0194) --> [408]
205 --> []
206 (54.7633) --> [125]
207 --> []
208 --> []
209 (23.6187) --> [418]
210 --> []
211 (29.0432) --> [45]
212 --> []
213 (14.5440) --> [297]
214 --> []
215 --> []
216 (33.8357) --> [207]
217 (45.5339) --> [379, 355]
218 --> []
219 --> []
220 (38.4760) --> [351, 247]
221 (22.1947) --> [359]
222 (15.3389) --> [271]
223 --> []
224 (45.5135) --> [455]
225 (23.1927) --> [151]
226 (59.8723) --> [337]
227 (7.2281) --> [233]
228 (25.6769) --> [282]
229 --> []
230 (30.1491) --> [171]
231 (51.5295) --> [260]
232 (30.6322) --> [380]
233 --> []
234 (48.5167) --> [326]
235 (37.4263) --> [242, 105]
236 --> []
237 (37.3278) --> [478]
238 (38.6602) --> [347]
239 (16.6147) --> [275]
240 (52.2056) --> [193]
241 (45.3441) --> [256]
242 (31.5150) --> [56, 458]
243 (45.7945) --> [231, 83]
244 (40.6735) --> [448]
245 (14.4267) --> [322]
246 --> []
247 --> []
248 (42.1450) --> [137, 66, 429]
249 (36.1360) --> [253]
250 (6.4065) --> [116]
251 (50.1456) --> [427]
252 (39.9188) --> [146]
253 (47.4129) --> [392]
254 (68.2375) --> [197, 187, 285]
255 (45.8464) --> [79]
256 --> []
257 --> []
258 --> []
259 (45.7788) --> [350, 341]
260 --> []
261 (23.6359) --> [120]
262 (24.3106) --> [77]
263 (30.0516) --> [36]
264 --> []
265 (35.7919) --> [42]
266 (48.4404) --> [387]
267 --> []
268 --> []
269 (25.1525) --> [111, 91]
270 (38.6380) --> [419]
271 (36.3873) --> [470, 229]
272 (73.5646) --> [104]
273 (48.6902) --> [491, 335]
274 --> []
275 (29.1631) --> [318, 280]
276 (23.0330) --> [109]
277 (7.2574) --> [59]
278 (25.2642) --> [399]
279 (21.3918) --> [398]
280 --> []
281 (14.7186) --> [21]
282 (25.3527) --> [486, 4]
283 (35.6863) --> [24]
284 (33.8644) --> [488]
285 --> []
286 --> []
287 (54.6696) --> [26]
288 (17.3567) --> [409]
289 (20.9287) --> [20]
290 (33.4905) --> [289]
291 (24.0088) --> [46, 261]
292 (44.7097) --> [57, 211]
293 (36.4775) --> [396]
294 (53.0297) --> [258, 239]
295 (42.9774) --> [452, 382, 48]
296 --> []
297 (63.4491) --> [165, 183]
298 (69.5496) --> [441, 333]
299 --> []
300 (28.9771) --> [74]
301 (52.7212) --> [279]
302 (40.6458) --> [35]
303 (10.0200) --> [93, 97]
304 (27.0089) --> [213]
305 --> []
306 (22.6362) --> [1, 336]
307 (7.4504) --> [51]
308 (27.7384) --> [334]
309 (16.1398) --> [311]
310 --> []
311 (23.5144) --> [102, 464]
312 (17.3626) --> [58]
313 (48.5603) --> [402]
314 --> []
315 --> []
316 --> []
317 --> []
318 (30.9855) --> [331, 30]
319 (3.5691) --> [482]
320 (10.1945) --> [154]
321 (49.1947) --> [373, 112]
322 (45.2174) --> [417]
323 (60.4617) --> [3, 215]
324 (60.7036) --> [438]
325 (46.8620) --> [395]
326 (14.2627) --> [343]
327 (26.8386) --> [354, 352]
328 (47.8421) --> [444]
329 (22.0453) --> [178]
330 (4.2300) --> [249]
331 --> []
332 (27.8045) --> [68]
333 (11.7929) --> [324]
334 (6.0594) --> [12, 306]
335 --> []
336 (51.5224) --> [195, 442]
337 (23.0104) --> [292]
338 --> []
339 (49.7158) --> [245]
340 (32.5407) --> [202, 186]
341 (63.2297) --> [78, 129]
342 --> []
343 (30.0283) --> [259, 495]
344 --> []
345 (26.6402) --> [232, 54]
346 (17.7767) --> [407]
347 (35.7960) --> [50]
348 (34.0160) --> [405]
349 (48.6622) --> [90, 61]
350 (53.4975) --> [425]
351 (64.4624) --> [32]
352 (17.7708) --> [422]
353 --> []
354 (41.8090) --> [493]
355 --> []
356 --> []
357 (15.0075) --> [244]
358 (47.7391) --> [162, 404, 150]
359 --> []
360 --> []
361 (35.4985) --> [172]
362 (34.4008) --> [60, 180]
363 (37.3620) --> [217]
364 (29.6794) --> [479]
365 --> []
366 (55.6947) --> [55]
367 --> []
368 (39.1986) --> [142, 303]
369 --> []
370 (13.9051) --> [203]
371 --> []
372 --> []
373 (42.6864) --> [349]
374 (33.5716) --> [132]
375 --> []
376 --> []
377 (16.4410) --> [393, 226]
378 (10.7263) --> [302]
379 (15.6321) --> [346]
380 --> []
381 (32.8123) --> [385, 342, 390]
382 (36.2402) --> [377]
383 (28.8018) --> [451, 338, 25]
384 (36.0750) --> [307]
385 --> []
386 (30.2847) --> [353]
387 (35.4852) --> [481, 298]
388 (41.7239) --> [312, 37]
389 (18.5052) --> [223, 467]
390 (21.9271) --> [424]
391 (20.0531) --> [143, 469]
392 --> []
393 --> []
394 (42.3500) --> [123]
395 (47.6646) --> [117, 140]
396 (13.4221) --> [182]
397 (3.1979) --> [252]
398 (34.7926) --> [277, 263, 459]
399 (41.9481) --> [177]
400 (40.1292) --> [291]
401 (26.7635) --> [437, 461]
402 (11.1112) --> [276]
403 (60.1026) --> [490]
404 (45.6981) --> [6]
405 (38.1505) --> [412, 339]
406 (9.4248) --> [381]
407 (15.0554) --> [175]
408 (27.0454) --> [273]
409 --> []
410 (42.9808) --> [251, 456]
411 (30.0880) --> [248]
412 (57.4219) --> [358, 246]
413 (31.9486) --> [434, 2, 317]
414 --> []
415 (55.7140) --> [70]
416 (22.8240) --> [160]
417 (43.0718) --> [19, 220]
418 (21.4224) --> [188, 445]
419 (25.1379) --> [340, 440]
420 --> []
421 (2.8438) --> [110]
422 (15.3167) --> [477, 141]
423 (4.3449) --> [119]
424 --> []
425 (43.7106) --> [454, 498]
426 (22.1026) --> [473, 23]
427 (15.2052) --> [34]
428 (43.9872) --> [300, 241]
429 (47.9985) --> [238]
430 (68.6502) --> [149]
431 --> []
432 --> []
433 (64.0055) --> [295]
434 (40.4967) --> [310]
435 --> []
436 (23.0409) --> [388]
437 (25.2149) --> [410]
438 --> []
439 --> []
440 (50.2707) --> [415]
441 --> []
442 (26.2502) --> [344, 75]
443 (25.7741) --> [62]
444 (48.9267) --> [315]
445 --> []
446 (57.2054) --> [367, 196]
447 (20.4373) --> [475]
448 (47.0776) --> [189, 206]
449 (54.5512) --> [257, 368]
450 (29.4965) --> [480]
451 (38.1689) --> [47, 329]
452 --> []
453 (50.1365) --> [72]
454 (11.2057) --> [414]
455 (25.1384) --> [483, 457]
456 (20.5230) --> [267]
457 (45.3668) --> [113, 214]
458 (37.0681) --> [184, 170]
459 (32.8087) --> [179, 287]
460 (56.8930) --> [319]
461 (58.4005) --> [328]
462 (16.2265) --> [122]
463 --> []
464 (18.1913) --> [262]
465 --> []
466 --> []
467 --> []
468 (30.4415) --> [218, 99]
469 (62.0900) --> [31]
470 (39.9181) --> [138]
471 (13.4232) --> [133]
472 (50.4526) --> [485, 325]
473 (47.5506) --> [432]
474 (7.2948) --> [15]
475 (41.7744) --> [128]
476 (29.6576) --> [126]
477 --> []
478 (25.5911) --> [345]
479 (31.6259) --> [7]
480 (37.7311) --> [29, 191]
481 (13.0605) --> [221]
482 --> []
483 (45.1738) --> [413]
484 (43.7617) --> [296]
485 (50.5283) --> [198]
486 (36.6509) --> [421, 449]
487 (40.7083) --> [134]
488 --> []
489 (38.2180) --> [492]
490 (42.9268) --> [156]
491 (39.0457) --> [98]
492 (40.7532) --> [209]
493 (18.1992) --> [167]
494 --> []
495 --> []
496 (46.1159) --> [268]
497 (10.8853) --> [114]
498 --> []
499 --> []

final Solution energy: 2.2101069847516634E7
Calculated in 367707ms
Ants=1000, alpha=0.6, beta=3.0, evaporate factor=0.07
(for ../../mebp/mebp-12.dat)
