New best solution in iteration 0: 1.6540877397017474E9
New best solution in iteration 9: 1.3330597255670702E9
New best solution in iteration 10: 1.2789438154924417E9
AVG (iterations 0 to 20): 2.166945720166923E9
New best solution in iteration 21: 1.0760266639705245E9
AVG (iterations 20 to 40): 1.9979008952924836E9
AVG (iterations 40 to 60): 2.3121401437699676E9
New best solution in iteration 72: 1.0371061356489302E9
AVG (iterations 60 to 80): 2.3999131851667376E9
AVG (iterations 80 to 100): 2.257927373364588E9
AVG (iterations 100 to 120): 2.5303084728878117E9
AVG (iterations 120 to 140): 2.407080711284557E9
New best solution in iteration 147: 8.77370492331511E8
AVG (iterations 140 to 160): 1.6804012863268135E9
New best solution in iteration 161: 8.361475897572604E8
New best solution in iteration 164: 5.105467996460829E8
New best solution in iteration 172: 3.7384210781226873E8
New best solution in iteration 174: 1.4290346586222243E8
New best solution in iteration 180: 6.677700153449198E7
AVG (iterations 160 to 180): 7.803229600125158E8
New best solution in iteration 185: 5.205891802645403E7
New best solution in iteration 187: 4.112859424381117E7
New best solution in iteration 200: 4.0516255110791445E7
AVG (iterations 180 to 200): 6.710097133806908E7
New best solution in iteration 205: 3.663088400512586E7
New best solution in iteration 209: 3.61529959516313E7
AVG (iterations 200 to 220): 4.3742135633464225E7
AVG (iterations 220 to 240): 4.152073251717855E7
New best solution in iteration 243: 3.560293023058938E7
New best solution in iteration 250: 3.549868182015646E7
AVG (iterations 240 to 260): 3.788818422620209E7
AVG (iterations 260 to 280): 3.6888182979891606E7
AVG (iterations 280 to 300): 3.760902051321335E7
AVG (iterations 300 to 320): 3.7326135973707914E7
New best solution in iteration 333: 3.507451582242749E7
AVG (iterations 320 to 340): 3.7029250404526465E7
AVG (iterations 340 to 360): 3.783894274284424E7
New best solution in iteration 375: 3.432406735606224E7
AVG (iterations 360 to 380): 3.755476827461871E7
AVG (iterations 380 to 400): 3.777918752871001E7
AVG (iterations 400 to 420): 3.681648371964138E7
AVG (iterations 420 to 440): 3.629631911007814E7
AVG (iterations 440 to 460): 3.698752745175725E7
New best solution in iteration 467: 3.38603763348642E7
AVG (iterations 460 to 480): 3.643105104843427E7
New best solution in iteration 494: 3.381556400430894E7
AVG (iterations 480 to 500): 3.638113316502334E7
AVG (iterations 500 to 520): 3.609287322315666E7
AVG (iterations 520 to 540): 3.62444972776126E7
AVG (iterations 540 to 560): 3.673922668376695E7
AVG (iterations 560 to 580): 3.673962994501806E7
AVG (iterations 580 to 600): 3.6871884114460036E7
AVG (iterations 600 to 620): 3.641243111920948E7
AVG (iterations 620 to 640): 3.6230473706499435E7
AVG (iterations 640 to 660): 3.656439664354152E7
AVG (iterations 660 to 680): 3.619554279928082E7
AVG (iterations 680 to 700): 3.655287910454652E7
AVG (iterations 700 to 720): 3.631063365356892E7
AVG (iterations 720 to 740): 3.673966073452334E7
AVG (iterations 740 to 760): 3.626141898784528E7
AVG (iterations 760 to 780): 3.590390995070452E7
AVG (iterations 780 to 800): 3.60790361478271E7
New best solution in iteration 802: 3.37435279707543E7
AVG (iterations 800 to 820): 3.5902721303863525E7
New best solution in iteration 839: 3.368489048098269E7
AVG (iterations 820 to 840): 3.575162825039601E7
New best solution in iteration 859: 3.2686473305364147E7
AVG (iterations 840 to 860): 3.554845756211354E7
AVG (iterations 860 to 880): 3.553849954789635E7
AVG (iterations 880 to 900): 3.529590951178234E7
AVG (iterations 900 to 920): 3.555859676643131E7
AVG (iterations 920 to 940): 3.581061968520612E7
AVG (iterations 940 to 960): 3.588566610922068E7
AVG (iterations 960 to 980): 3.610615898307178E7
Solution from ACO:
0 (40.7285) --> [171, 69]
1 (21.3588) --> [130]
2 (39.8201) --> [185]
3 (30.9161) --> [198]
4 (58.7201) --> [109, 68, 32]
5 (55.3400) --> [73, 43]
6 (29.5525) --> [86]
7 --> []
8 (17.4676) --> [59]
9 (47.6466) --> [157]
10 --> []
11 (57.9809) --> [42]
12 (38.1589) --> [178, 55]
13 (53.9854) --> [173]
14 (40.7840) --> [161]
15 (35.5397) --> [179]
16 (66.5082) --> [78, 186]
17 --> []
18 --> []
19 --> []
20 (4.2715) --> [67]
21 (78.6646) --> [74]
22 --> []
23 (20.6407) --> [190]
24 --> []
25 --> []
26 --> []
27 (50.3562) --> [63]
28 (75.0707) --> [79, 81]
29 (73.1099) --> [123]
30 (73.7420) --> [46, 48]
31 (39.7530) --> [131]
32 (51.0494) --> [87, 27]
33 --> []
34 (76.0014) --> [56, 100]
35 --> []
36 (35.1801) --> [84]
37 (43.5310) --> [127, 47]
38 (76.3610) --> [187, 125]
39 --> []
40 --> []
41 (63.7999) --> [169]
42 (48.0390) --> [182]
43 (54.4692) --> [142]
44 (65.8546) --> [104, 151]
45 (30.9283) --> [118]
46 (32.9081) --> [172]
47 (42.7071) --> [12]
48 (52.6862) --> [80, 77]
49 (8.4353) --> [13]
50 --> []
51 (49.0231) --> [102, 5]
52 (68.1860) --> [175]
53 (82.3160) --> [180, 31]
54 (72.8015) --> [62, 65]
55 (73.6201) --> [197]
56 (47.1746) --> [144]
57 (51.6092) --> [126]
58 (24.9277) --> [36]
59 (23.6109) --> [26]
60 (30.1852) --> [37]
61 (36.4333) --> [140]
62 (46.2369) --> [103]
63 (31.0617) --> [121]
64 (18.0722) --> [112]
65 --> []
66 (81.0351) --> [98, 34]
67 (73.1284) --> [58]
68 --> []
69 (29.4563) --> [93, 52]
70 --> []
71 --> []
72 (72.1616) --> [99, 44]
73 (60.3101) --> [188]
74 (28.8107) --> [132]
75 (48.9242) --> [23]
76 (37.5614) --> [35, 57]
77 (62.5016) --> [193]
78 (82.8387) --> [129]
79 --> []
80 (36.9411) --> [101, 92]
81 --> []
82 --> []
83 --> []
84 (82.4015) --> [96]
85 (44.6462) --> [177]
86 (55.5411) --> [89]
87 (26.2652) --> [75]
88 (98.9088) --> [146, 114]
89 (83.2751) --> [95, 119]
90 (70.5098) --> [111]
91 (64.9405) --> [88, 14]
92 (30.8374) --> [124, 135]
93 (49.1196) --> [162, 166]
94 (15.2533) --> [91]
95 (47.3616) --> [134, 106]
96 (21.7721) --> [2]
97 --> []
98 --> []
99 --> []
100 (126.5536) --> [189, 115]
101 --> []
102 (27.1809) --> [149]
103 (28.4072) --> [128]
104 (56.9492) --> [183]
105 (18.3288) --> [22]
106 --> []
107 (64.9879) --> [21, 113]
108 (45.0928) --> [94]
109 --> []
110 (51.0235) --> [20]
111 (13.9654) --> [6]
112 --> []
113 --> []
114 (16.9528) --> [82]
115 (62.3650) --> [155]
116 (71.8802) --> [4, 7]
117 --> []
118 --> []
119 (71.0701) --> [160, 153]
120 --> []
121 (31.6402) --> [170]
122 (52.7879) --> [1]
123 (69.7416) --> [108]
124 (54.6010) --> [17, 110]
125 --> []
126 (37.8438) --> [39]
127 --> []
128 (60.6949) --> [192]
129 --> []
130 --> []
131 (104.4181) --> [168]
132 (30.1803) --> [54]
133 (57.4306) --> [156, 158]
134 (44.1641) --> [196]
135 --> []
136 (92.9485) --> [51]
137 (1.7514) --> [199]
138 (52.0436) --> [16]
139 (52.4356) --> [64, 143]
140 (76.9992) --> [150, 145]
141 (52.6515) --> [195, 41]
142 --> []
143 (79.8324) --> [152]
144 --> []
145 (70.4235) --> [181]
146 --> []
147 --> []
148 --> []
149 (47.4287) --> [164]
150 --> []
151 (76.1740) --> [61, 33]
152 (115.0591) --> [137]
153 (66.3294) --> [138, 136]
154 (27.4194) --> [24]
155 --> []
156 (62.4667) --> [107]
157 (69.0185) --> [19, 184]
158 (60.7789) --> [176]
159 --> []
160 (63.5724) --> [120]
161 (61.7670) --> [70]
162 (72.3754) --> [18, 148]
163 --> []
164 (37.1180) --> [9]
165 (64.4980) --> [76, 50]
166 --> []
167 (57.0983) --> [49]
168 (35.3503) --> [139, 72]
169 --> []
170 (68.3709) --> [29, 117, 40]
171 (38.1331) --> [8, 167]
172 (33.7777) --> [15]
173 (78.9549) --> [3, 116]
174 (56.7737) --> [25]
175 (91.0139) --> [165]
176 --> []
177 (57.6737) --> [90]
178 (62.4655) --> [194, 45]
179 (78.7821) --> [174, 122]
180 (59.2428) --> [85]
181 --> []
182 (50.6223) --> [141]
183 --> []
184 (25.9548) --> [10]
185 (37.1011) --> [71]
186 (53.2967) --> [163, 66]
187 (50.9612) --> [11, 154]
188 (26.4315) --> [133]
189 --> []
190 (52.6760) --> [97]
191 --> []
192 --> []
193 (88.2505) --> [38]
194 (73.3116) --> [28]
195 (24.3165) --> [83, 191]
196 (44.2278) --> [159, 60]
197 (59.3458) --> [30, 147]
198 (8.7938) --> [53]
199 (84.2159) --> [105]

Solution energy from ACO: 3.2686473305364147E7
trying to improve with local search...
final Solution:
0 (35.0359) --> [171, 8]
1 (21.3588) --> [130]
2 (39.8201) --> [185]
3 (30.9161) --> [198]
4 (58.7201) --> [109, 68, 32]
5 (55.3400) --> [73, 43]
6 (29.5525) --> [86]
7 --> []
8 (17.4676) --> [59]
9 (47.6466) --> [157]
10 --> []
11 (57.9809) --> [42]
12 (38.1589) --> [178, 55]
13 (53.9854) --> [173]
14 (40.7840) --> [161]
15 (35.5397) --> [179]
16 (66.5082) --> [78, 186]
17 --> []
18 --> []
19 --> []
20 (4.2715) --> [67]
21 (78.6646) --> [74]
22 --> []
23 (20.6407) --> [190]
24 --> []
25 --> []
26 --> []
27 (50.3562) --> [63]
28 (75.0707) --> [79, 81]
29 (73.1099) --> [123]
30 (73.7420) --> [46, 48]
31 (39.7530) --> [131]
32 (51.0494) --> [87, 27]
33 --> []
34 (76.0014) --> [100, 98]
35 --> []
36 (35.1801) --> [84]
37 (43.5310) --> [127, 47]
38 (76.3610) --> [187, 125]
39 --> []
40 --> []
41 (63.7999) --> [169]
42 (48.0390) --> [182]
43 (54.4692) --> [142]
44 (65.8546) --> [104, 151]
45 (30.9283) --> [118]
46 (32.9081) --> [172]
47 (42.7071) --> [12]
48 (52.6862) --> [80, 77]
49 (8.4353) --> [13]
50 --> []
51 (49.0231) --> [102, 5]
52 (68.1860) --> [175]
53 (82.3160) --> [180, 31]
54 (72.8015) --> [62, 65]
55 (73.6201) --> [197]
56 (47.1746) --> [144]
57 (51.6092) --> [126]
58 (24.9277) --> [36]
59 (23.6109) --> [26]
60 (30.1852) --> [37]
61 (36.4333) --> [140]
62 (46.2369) --> [103]
63 (31.0617) --> [121]
64 (18.0722) --> [112]
65 --> []
66 (80.0550) --> [34, 56]
67 (4.2715) --> [20]
68 --> []
69 (29.4563) --> [93, 52]
70 --> []
71 --> []
72 (72.1616) --> [44, 168]
73 (60.3101) --> [188]
74 (28.8107) --> [132]
75 (48.9242) --> [23]
76 (37.5614) --> [35, 57]
77 (62.5016) --> [193]
78 (82.8387) --> [129]
79 --> []
80 (36.9411) --> [101, 92]
81 --> []
82 --> []
83 --> []
84 (82.4015) --> [96]
85 (44.6462) --> [177]
86 (55.5411) --> [89]
87 (26.2652) --> [75]
88 (98.9088) --> [146, 114]
89 (83.2751) --> [95, 119]
90 (70.5098) --> [111]
91 (64.9405) --> [88, 14]
92 (30.8374) --> [124, 135]
93 (49.1196) --> [162, 166]
94 (15.2533) --> [91]
95 (47.3616) --> [134, 106]
96 (21.7721) --> [2]
97 --> []
98 --> []
99 --> []
100 (126.5536) --> [189, 115]
101 --> []
102 (27.1809) --> [149]
103 (28.4072) --> [128]
104 (56.9492) --> [183]
105 (18.3288) --> [22]
106 --> []
107 (64.9879) --> [21, 113]
108 (45.0928) --> [94]
109 --> []
110 (71.5950) --> [58]
111 (13.9654) --> [6]
112 --> []
113 --> []
114 (16.9528) --> [82]
115 (62.3650) --> [155]
116 (71.8802) --> [4, 7]
117 --> []
118 --> []
119 (71.0701) --> [160, 153]
120 --> []
121 (31.6402) --> [170]
122 (52.7879) --> [1]
123 (69.7416) --> [108]
124 (54.6010) --> [17, 110]
125 --> []
126 (37.8438) --> [39]
127 --> []
128 (60.6949) --> [192]
129 --> []
130 --> []
131 (102.6542) --> [99]
132 (30.1803) --> [54]
133 (57.4306) --> [156, 158]
134 (44.1641) --> [196]
135 --> []
136 (92.9485) --> [51]
137 (1.7514) --> [199]
138 (52.0436) --> [16]
139 (52.4356) --> [64, 143]
140 (76.9992) --> [150, 145]
141 (52.6515) --> [195, 41]
142 --> []
143 (79.8324) --> [152]
144 --> []
145 (70.4235) --> [181]
146 --> []
147 --> []
148 --> []
149 (47.4287) --> [164]
150 --> []
151 (76.1740) --> [61, 33]
152 (115.0591) --> [137]
153 (66.3294) --> [138, 136]
154 (27.4194) --> [24]
155 --> []
156 (62.4667) --> [107]
157 (69.0185) --> [19, 184]
158 (60.7789) --> [176]
159 --> []
160 (63.5724) --> [120]
161 (61.7670) --> [70]
162 (72.3754) --> [18, 148]
163 --> []
164 (37.1180) --> [9]
165 (64.4980) --> [76, 50]
166 --> []
167 (57.0983) --> [49]
168 (35.3503) --> [139, 72]
169 --> []
170 (68.3709) --> [29, 117, 40]
171 (42.9450) --> [167, 69]
172 (33.7777) --> [15]
173 (78.9549) --> [3, 116]
174 (56.7737) --> [25]
175 (91.0139) --> [165]
176 --> []
177 (57.6737) --> [90]
178 (62.4655) --> [194, 45]
179 (78.7821) --> [174, 122]
180 (59.2428) --> [85]
181 --> []
182 (50.6223) --> [141]
183 --> []
184 (25.9548) --> [10]
185 (37.1011) --> [71]
186 (53.2967) --> [163, 66]
187 (50.9612) --> [11, 154]
188 (26.4315) --> [133]
189 --> []
190 (52.6760) --> [97]
191 --> []
192 --> []
193 (88.2505) --> [38]
194 (73.3116) --> [28]
195 (24.3165) --> [83, 191]
196 (44.2278) --> [159, 60]
197 (59.3458) --> [30, 147]
198 (8.7938) --> [53]
199 (84.2159) --> [105]

final Solution energy: 3.2453023055253804E7
Calculated in 29486ms
Ants=1000, alpha=0.6, beta=3.0, evaporate factor=0.07
(for ../../mebp/mebp-09.dat)
