New best solution in iteration 0: 4.490894998282081E9
New best solution in iteration 1: 4.303136406158418E9
New best solution in iteration 2: 2.20710971194173E9
AVG (iterations 0 to 20): 3.6700345425556893E9
New best solution in iteration 24: 2.1156059887048898E9
New best solution in iteration 29: 1.6460477581600013E9
AVG (iterations 20 to 40): 3.9920777075237885E9
AVG (iterations 40 to 60): 3.7692952474998245E9
AVG (iterations 60 to 80): 3.5807200356437006E9
AVG (iterations 80 to 100): 3.5029273505360956E9
AVG (iterations 100 to 120): 3.3971378033904047E9
AVG (iterations 120 to 140): 3.236729551305197E9
AVG (iterations 140 to 160): 3.0901631307842984E9
New best solution in iteration 162: 1.4540038817778084E9
New best solution in iteration 163: 1.37751827711643E9
New best solution in iteration 165: 1.264160364887313E9
New best solution in iteration 166: 1.1738197653318949E9
New best solution in iteration 167: 7.542147647518504E8
New best solution in iteration 173: 6.413738873021387E8
New best solution in iteration 174: 5.0212380003274816E8
New best solution in iteration 176: 4.4295800164158416E8
New best solution in iteration 179: 3.4840700433825594E8
AVG (iterations 160 to 180): 1.1876627918605072E9
New best solution in iteration 183: 1.961332822225127E8
New best solution in iteration 184: 1.163145177178258E8
New best solution in iteration 190: 5.18666274397056E7
New best solution in iteration 195: 4.541262492014899E7
New best solution in iteration 196: 3.714033198682544E7
New best solution in iteration 200: 3.1570730078657676E7
AVG (iterations 180 to 200): 1.9819946526599973E8
New best solution in iteration 202: 2.952873947648263E7
New best solution in iteration 205: 2.9425352965216998E7
New best solution in iteration 207: 2.9054721378562048E7
New best solution in iteration 208: 2.893862937796029E7
New best solution in iteration 211: 2.6433792346693512E7
AVG (iterations 200 to 220): 4.650808541749905E7
New best solution in iteration 237: 2.6114303678411935E7
AVG (iterations 220 to 240): 2.840196551532895E7
New best solution in iteration 245: 2.609701179055575E7
New best solution in iteration 251: 2.4629845250447124E7
AVG (iterations 240 to 260): 2.6718729899432447E7
AVG (iterations 260 to 280): 2.6632919953286923E7
AVG (iterations 280 to 300): 2.6428143763107E7
AVG (iterations 300 to 320): 2.605412239893114E7
New best solution in iteration 332: 2.4396126321363423E7
AVG (iterations 320 to 340): 2.603286430993234E7
AVG (iterations 340 to 360): 2.603871602593197E7
AVG (iterations 360 to 380): 2.610427126608033E7
AVG (iterations 380 to 400): 2.6002999146051954E7
AVG (iterations 400 to 420): 2.5557831379459985E7
New best solution in iteration 437: 2.435575417489595E7
AVG (iterations 420 to 440): 2.5381289928516068E7
AVG (iterations 440 to 460): 2.5407734024574257E7
New best solution in iteration 470: 2.427459254731254E7
AVG (iterations 460 to 480): 2.5306116271056507E7
AVG (iterations 480 to 500): 2.5313223841072284E7
New best solution in iteration 508: 2.3956249085714877E7
AVG (iterations 500 to 520): 2.509974506452413E7
AVG (iterations 520 to 540): 2.4749123098703302E7
New best solution in iteration 555: 2.3778727875103723E7
AVG (iterations 540 to 560): 2.5163041524927802E7
AVG (iterations 560 to 580): 2.512838736760857E7
AVG (iterations 580 to 600): 2.5277143425629213E7
AVG (iterations 600 to 620): 2.5161314747762658E7
AVG (iterations 620 to 640): 2.4897020262068573E7
AVG (iterations 640 to 660): 2.530210348071242E7
AVG (iterations 660 to 680): 2.5172487966473527E7
AVG (iterations 680 to 700): 2.4922795072679453E7
New best solution in iteration 701: 2.3742694569423545E7
New best solution in iteration 708: 2.329602135035928E7
AVG (iterations 700 to 720): 2.4855368007706456E7
AVG (iterations 720 to 740): 2.5093947202436395E7
AVG (iterations 740 to 760): 2.5252166945793144E7
AVG (iterations 760 to 780): 2.479289257616397E7
AVG (iterations 780 to 800): 2.5082861450221397E7
AVG (iterations 800 to 820): 2.49919256146059E7
AVG (iterations 820 to 840): 2.4965822449956976E7
AVG (iterations 840 to 860): 2.4869376632982463E7
AVG (iterations 860 to 880): 2.494203178759428E7
AVG (iterations 880 to 900): 2.494825656783942E7
AVG (iterations 900 to 920): 2.4945375883590337E7
AVG (iterations 920 to 940): 2.4788331878444057E7
AVG (iterations 940 to 960): 2.471794384797524E7
AVG (iterations 960 to 980): 2.480101619698708E7
Solution from ACO:
0 (57.6697) --> [279, 395]
1 (42.1234) --> [49]
2 (26.5090) --> [111, 282]
3 (37.4796) --> [98, 466]
4 --> []
5 (27.9633) --> [449]
6 (20.3847) --> [68]
7 (24.3208) --> [499, 423]
8 (20.7335) --> [178]
9 --> []
10 (53.5635) --> [96]
11 --> []
12 --> []
13 --> []
14 (22.4788) --> [23, 13]
15 (44.8793) --> [323]
16 --> []
17 (35.7783) --> [318]
18 (33.7618) --> [286, 100]
19 --> []
20 --> []
21 (48.3580) --> [142, 274]
22 --> []
23 --> []
24 (31.1814) --> [207]
25 (42.0786) --> [246, 474]
26 --> []
27 (17.5477) --> [167, 202]
28 --> []
29 (23.3376) --> [481]
30 --> []
31 (25.5536) --> [448]
32 --> []
33 (33.1533) --> [422, 259]
34 --> []
35 --> []
36 (34.2640) --> [141]
37 (16.9001) --> [473]
38 (41.4123) --> [304]
39 (34.9365) --> [358]
40 (18.3260) --> [436]
41 (44.0476) --> [193]
42 --> []
43 (23.4394) --> [177]
44 (33.1113) --> [212, 377]
45 (49.8350) --> [156]
46 (41.4637) --> [379, 352]
47 (30.9065) --> [285]
48 (18.7255) --> [480]
49 (28.1599) --> [249, 425]
50 (17.2642) --> [220]
51 (52.1560) --> [388, 41]
52 --> []
53 --> []
54 (33.9513) --> [315]
55 (41.3990) --> [319, 376]
56 (59.6487) --> [412]
57 --> []
58 (15.5512) --> [125]
59 (47.0887) --> [444, 22]
60 (49.1180) --> [113, 438]
61 (26.4968) --> [172]
62 (42.9024) --> [132]
63 --> []
64 (22.6269) --> [442, 293]
65 (24.8441) --> [219]
66 (19.8117) --> [27]
67 --> []
68 --> []
69 (12.0030) --> [431]
70 (28.1315) --> [16, 456]
71 (46.3763) --> [83]
72 --> []
73 (30.4790) --> [35]
74 (24.7473) --> [84, 114]
75 (38.2462) --> [104, 366]
76 (4.7831) --> [251]
77 (41.5556) --> [254, 74, 4]
78 --> []
79 --> []
80 (43.3977) --> [469]
81 (11.6615) --> [374, 383]
82 --> []
83 (40.0392) --> [160]
84 --> []
85 (25.0236) --> [204]
86 (12.2390) --> [385]
87 --> []
88 (19.5462) --> [102, 396]
89 (13.8609) --> [365]
90 (37.1164) --> [221]
91 (60.5837) --> [129]
92 (24.7539) --> [312]
93 (34.8390) --> [169]
94 (31.9053) --> [155]
95 (30.0268) --> [322, 267]
96 (7.0654) --> [67]
97 (65.5946) --> [387]
98 (39.1358) --> [162]
99 (61.2460) --> [235]
100 --> []
101 --> []
102 (40.3197) --> [381, 491]
103 (41.0520) --> [216, 14]
104 (24.6065) --> [372]
105 (27.7047) --> [404]
106 --> []
107 (2.4377) --> [497]
108 (22.9921) --> [91, 382]
109 (32.4542) --> [175]
110 (51.6819) --> [82, 414]
111 --> []
112 (42.2776) --> [122]
113 (23.4853) --> [340, 146]
114 (39.0500) --> [28]
115 --> []
116 (46.9861) --> [112, 498]
117 (35.4868) --> [275]
118 (30.8362) --> [184, 346]
119 --> []
120 (42.3800) --> [472, 253]
121 (61.7299) --> [6]
122 (45.2671) --> [124]
123 (71.1265) --> [424]
124 (8.9846) --> [227]
125 (59.5966) --> [494]
126 --> []
127 (62.1003) --> [37, 260]
128 --> []
129 --> []
130 (27.6814) --> [150]
131 (23.6890) --> [302]
132 --> []
133 (56.2307) --> [232, 151, 226]
134 (14.3563) --> [189]
135 (39.8860) --> [299]
136 (46.1502) --> [264, 164, 320]
137 (34.7839) --> [17]
138 --> []
139 (23.6783) --> [303]
140 --> []
141 (26.9298) --> [419, 418]
142 (11.5748) --> [168]
143 (19.9626) --> [118]
144 (48.6452) --> [62]
145 (48.2001) --> [10, 87]
146 (35.1518) --> [370, 490]
147 (34.4372) --> [33]
148 (29.0249) --> [362]
149 (59.0583) --> [458]
150 (48.7665) --> [339]
151 --> []
152 (17.3676) --> [276]
153 --> []
154 (16.0577) --> [211]
155 (30.9356) --> [343]
156 (43.6443) --> [149, 399]
157 (21.9848) --> [85, 61]
158 --> []
159 (34.0871) --> [43]
160 (41.4841) --> [208]
161 (31.2311) --> [439]
162 --> []
163 (22.0112) --> [134]
164 --> []
165 (30.4340) --> [392]
166 (27.2402) --> [180]
167 (38.7845) --> [2, 269]
168 (26.6761) --> [411, 331, 236]
169 (20.8254) --> [454]
170 (27.9104) --> [367]
171 --> []
172 (25.6479) --> [64, 115]
173 (39.3262) --> [203]
174 (40.6183) --> [36, 44]
175 (33.5498) --> [350, 410]
176 (21.8066) --> [173]
177 --> []
178 (37.4846) --> [81, 166]
179 --> []
180 (27.1781) --> [429]
181 --> []
182 --> []
183 --> []
184 (14.3945) --> [103]
185 --> []
186 (31.5568) --> [486]
187 (31.9739) --> [225]
188 (77.8524) --> [452]
189 --> []
190 --> []
191 (34.1332) --> [295, 97]
192 (12.1790) --> [77]
193 --> []
194 --> []
195 (6.3450) --> [330]
196 (36.4672) --> [56, 199]
197 (22.0106) --> [182, 327]
198 (26.6047) --> [110]
199 (19.3435) --> [29]
200 (43.3646) --> [88, 390]
201 --> []
202 (44.5198) --> [8]
203 (48.6273) --> [120, 369]
204 --> []
205 (33.4214) --> [397]
206 (31.2873) --> [222]
207 --> []
208 (44.5904) --> [349, 39]
209 (25.3180) --> [239]
210 --> []
211 (26.2746) --> [378]
212 --> []
213 (26.1649) --> [163]
214 (41.7320) --> [70, 209]
215 (6.8373) --> [139]
216 --> []
217 (23.3980) --> [245, 147]
218 (14.3542) --> [94]
219 --> []
220 (28.4939) --> [130]
221 (32.7010) --> [152]
222 --> []
223 (43.2285) --> [31, 258]
224 --> []
225 (33.9930) --> [48, 55]
226 (44.4926) --> [190]
227 (63.7583) --> [460, 435]
228 (4.2679) --> [40]
229 (41.8348) --> [321]
230 (48.2557) --> [347]
231 (40.1186) --> [461, 38]
232 --> []
233 (18.1669) --> [243, 126]
234 (20.3760) --> [213]
235 (46.4539) --> [485, 195, 42]
236 --> []
237 --> []
238 (55.4856) --> [201]
239 (25.9446) --> [272, 237]
240 (39.7643) --> [108]
241 --> []
242 --> []
243 (36.2577) --> [484]
244 (51.1655) --> [305]
245 --> []
246 (18.5623) --> [46]
247 (36.0694) --> [137]
248 (23.6232) --> [58]
249 (18.4502) --> [402]
250 (32.3985) --> [470, 477]
251 (40.1898) --> [188]
252 --> []
253 --> []
254 (45.7049) --> [462]
255 (25.2369) --> [271]
256 (23.1515) --> [230, 415]
257 (86.6927) --> [53, 63]
258 (36.3956) --> [445]
259 (19.3791) --> [157]
260 --> []
261 --> []
262 (5.9469) --> [92]
263 (37.4654) --> [298, 291]
264 (52.1683) --> [413, 342]
265 (71.7116) --> [136]
266 (26.0428) --> [356, 368]
267 (38.9529) --> [181, 420]
268 (39.2751) --> [214, 80]
269 (29.0604) --> [400]
270 (3.4797) --> [475]
271 (42.2191) --> [345]
272 (41.4858) --> [266]
273 --> []
274 (17.6538) --> [492]
275 (49.8597) --> [443]
276 (16.6030) --> [408]
277 (52.5875) --> [76]
278 (43.1411) --> [326, 65]
279 (26.6340) --> [3, 483]
280 --> []
281 --> []
282 --> []
283 (6.3742) --> [355]
284 (19.7917) --> [21, 159]
285 (9.2146) --> [283]
286 --> []
287 (9.4960) --> [233]
288 (34.6957) --> [196]
289 --> []
290 --> []
291 --> []
292 (56.7355) --> [116]
293 (21.8066) --> [95]
294 (14.2987) --> [467]
295 (49.4754) --> [224]
296 (29.1928) --> [72]
297 (52.2838) --> [440]
298 (7.9428) --> [341]
299 (67.5392) --> [57, 373, 314]
300 (48.0680) --> [223, 265]
301 (26.3853) --> [51]
302 --> []
303 (31.6896) --> [464]
304 --> []
305 (46.8765) --> [287]
306 (19.0598) --> [403]
307 (12.5542) --> [50]
308 --> []
309 (46.2610) --> [428, 478]
310 (14.2395) --> [15]
311 (36.8712) --> [250]
312 (39.3626) --> [261]
313 (52.4679) --> [495, 255]
314 (53.5034) --> [281]
315 (20.1839) --> [417]
316 (54.5903) --> [278]
317 (20.7799) --> [45, 241]
318 (66.1019) --> [391, 242, 153]
319 (54.5126) --> [380, 109]
320 (24.5649) --> [434, 252]
321 (35.4886) --> [450]
322 (39.3250) --> [451]
323 --> []
324 (22.3223) --> [117]
325 (35.0917) --> [128]
326 (40.1853) --> [210, 335]
327 (32.0481) --> [165, 405]
328 --> []
329 --> []
330 (0.3041) --> [26]
331 --> []
332 (23.6726) --> [479]
333 (28.3982) --> [489, 463]
334 (16.8393) --> [179]
335 (65.8235) --> [361]
336 (48.8163) --> [338, 47]
337 (25.2333) --> [336]
338 (43.2089) --> [328]
339 --> []
340 --> []
341 --> []
342 --> []
343 (30.0464) --> [457, 487]
344 (42.0344) --> [432, 446]
345 (21.0647) --> [183]
346 --> []
347 (55.6405) --> [307]
348 (11.8615) --> [206]
349 --> []
350 (48.0927) --> [248]
351 (35.4329) --> [324, 288]
352 (31.6437) --> [176, 186]
353 --> []
354 (47.6923) --> [200]
355 (37.5254) --> [468]
356 (43.0650) --> [145]
357 --> []
358 --> []
359 (34.6716) --> [229]
360 (37.3724) --> [25]
361 (24.5866) --> [313]
362 (6.2326) --> [384]
363 (74.2868) --> [393, 482]
364 (31.1093) --> [19, 453]
365 (30.1914) --> [301]
366 (35.7184) --> [311, 407]
367 (23.6120) --> [308]
368 (51.8551) --> [371, 99]
369 (14.2557) --> [317]
370 (31.9044) --> [337, 105, 12]
371 --> []
372 (40.6506) --> [406]
373 (21.7464) --> [273]
374 (58.2786) --> [309]
375 (23.4090) --> [52, 488]
376 (14.2717) --> [228, 78]
377 --> []
378 (33.0129) --> [20]
379 --> []
380 (21.9066) --> [54]
381 --> []
382 --> []
383 --> []
384 (42.2916) --> [192]
385 --> []
386 --> []
387 (44.0217) --> [143, 244]
388 (24.7533) --> [9]
389 --> []
390 --> []
391 (54.6290) --> [144]
392 (11.0674) --> [270]
393 --> []
394 (9.9617) --> [34]
395 (21.2524) --> [430]
396 (53.9987) --> [284]
397 --> []
398 (35.2420) --> [158]
399 --> []
400 (44.1419) --> [329, 174]
401 (62.0606) --> [18]
402 (12.6383) --> [89]
403 (21.6630) --> [344]
404 (19.3648) --> [187]
405 (11.0208) --> [1]
406 (34.2023) --> [416]
407 --> []
408 (32.0154) --> [234]
409 (32.3485) --> [290]
410 (16.0330) --> [297]
411 --> []
412 --> []
413 (23.9405) --> [106]
414 (43.5765) --> [215, 79]
415 --> []
416 --> []
417 (29.1342) --> [375]
418 (33.2571) --> [294]
419 (35.9185) --> [364, 357]
420 (14.6975) --> [154]
421 (49.0731) --> [107, 426]
422 (43.2400) --> [394]
423 (14.8749) --> [476]
424 (49.6472) --> [101]
425 (32.6336) --> [306]
426 (26.6094) --> [360]
427 (38.0268) --> [351]
428 --> []
429 (43.2692) --> [409, 257]
430 (40.3944) --> [238, 191]
431 (49.2631) --> [231]
432 (36.2032) --> [437]
433 (20.1963) --> [69]
434 (23.5891) --> [205, 148, 433]
435 (11.8826) --> [86]
436 (65.1588) --> [447]
437 (41.0580) --> [218, 59]
438 (39.5845) --> [310]
439 --> []
440 (68.0175) --> [217, 256]
441 (52.3949) --> [198]
442 (24.1916) --> [333]
443 (36.0360) --> [292, 138]
444 (34.9783) --> [471, 465]
445 --> []
446 (33.8706) --> [11, 5]
447 (65.9458) --> [459]
448 (3.9373) --> [277]
449 --> []
450 (48.0579) --> [247, 493]
451 (7.7806) --> [30]
452 (33.3615) --> [354]
453 (51.4707) --> [119]
454 (36.9258) --> [262, 401]
455 (19.2941) --> [421]
456 --> []
457 --> []
458 (56.8247) --> [325, 359]
459 (17.7943) --> [427]
460 --> []
461 (36.5863) --> [455, 263]
462 (31.5344) --> [363, 316]
463 (6.7902) --> [131]
464 (43.2298) --> [90]
465 (23.1952) --> [398]
466 (23.7577) --> [60]
467 (65.9469) --> [194, 140]
468 (18.6032) --> [135, 332]
469 (13.3839) --> [123]
470 (66.7355) --> [280]
471 (35.2694) --> [496, 348]
472 (48.8788) --> [441, 121]
473 --> []
474 (21.0910) --> [161, 334]
475 (42.1143) --> [386]
476 (29.0732) --> [170]
477 --> []
478 --> []
479 (42.7187) --> [71, 389]
480 --> []
481 (28.0274) --> [289, 240]
482 --> []
483 (54.7696) --> [127, 353, 93]
484 (52.9694) --> [268]
485 (38.3668) --> [197]
486 --> []
487 --> []
488 (16.7009) --> [73]
489 (32.5606) --> [300]
490 --> []
491 (45.1717) --> [7, 171]
492 (35.8904) --> [66]
493 (22.9172) --> [185]
494 (47.0178) --> [32]
495 (19.5491) --> [75]
496 (22.6341) --> [133]
497 (69.5091) --> [296, 24]
498 --> []
499 --> []

Solution energy from ACO: 2.329602135035928E7
trying to improve with local search...
final Solution:
0 (57.6697) --> [279, 395]
1 (42.1234) --> [49]
2 (26.5090) --> [111, 282]
3 (37.4796) --> [98, 466]
4 --> []
5 (27.9633) --> [449]
6 (20.3847) --> [68]
7 (24.3208) --> [499, 423]
8 (20.7335) --> [178]
9 --> []
10 (53.5635) --> [96]
11 --> []
12 --> []
13 --> []
14 (22.4788) --> [23, 13]
15 (44.8793) --> [323]
16 --> []
17 (35.7783) --> [318]
18 (33.7618) --> [286, 100]
19 --> []
20 --> []
21 (48.3580) --> [142, 274]
22 --> []
23 --> []
24 (31.1814) --> [207]
25 (42.0786) --> [246, 474]
26 --> []
27 (17.5477) --> [167, 202]
28 --> []
29 (23.3376) --> [481]
30 --> []
31 (25.5536) --> [448]
32 --> []
33 (33.1533) --> [422, 259]
34 --> []
35 --> []
36 (34.2640) --> [141]
37 (16.9001) --> [473]
38 (41.4123) --> [304]
39 (34.9365) --> [358]
40 (18.3260) --> [436]
41 (44.0476) --> [193]
42 --> []
43 (23.4394) --> [177]
44 (33.1113) --> [212, 377]
45 (49.8350) --> [156]
46 (41.4637) --> [379, 352]
47 (30.9065) --> [285]
48 (18.7255) --> [480]
49 (28.1599) --> [249, 425]
50 (17.2642) --> [220]
51 (52.1560) --> [388, 41]
52 --> []
53 --> []
54 (33.9513) --> [315]
55 (41.3990) --> [319, 376]
56 (59.6487) --> [412]
57 --> []
58 (15.5512) --> [125]
59 (47.0887) --> [444, 22]
60 (49.1180) --> [113, 438]
61 (26.4968) --> [172]
62 (42.9024) --> [132]
63 --> []
64 (22.6269) --> [442, 293]
65 (24.8441) --> [219]
66 (19.8117) --> [27]
67 --> []
68 --> []
69 (12.0030) --> [431]
70 (28.1315) --> [16, 456]
71 (46.3763) --> [83]
72 --> []
73 (30.4790) --> [35]
74 (24.7473) --> [84, 114]
75 (38.2462) --> [104, 366]
76 (4.7831) --> [251]
77 (41.5556) --> [254, 74, 4]
78 --> []
79 --> []
80 (43.3977) --> [469]
81 (11.6615) --> [374, 383]
82 --> []
83 (40.0392) --> [160]
84 --> []
85 (25.0236) --> [204]
86 (12.2390) --> [385]
87 --> []
88 (19.5462) --> [102, 396]
89 (13.8609) --> [365]
90 (37.1164) --> [221]
91 (60.5837) --> [129]
92 (24.7539) --> [312]
93 (34.8390) --> [169]
94 (31.9053) --> [155]
95 (30.0268) --> [322, 267]
96 (7.0654) --> [67]
97 (65.5946) --> [387]
98 (39.1358) --> [162]
99 (61.2460) --> [235]
100 --> []
101 --> []
102 (40.3197) --> [381, 491]
103 (41.0520) --> [216, 14]
104 (24.6065) --> [372]
105 (27.7047) --> [404]
106 --> []
107 (2.4377) --> [497]
108 (22.9921) --> [91, 382]
109 (32.4542) --> [175]
110 (51.6819) --> [82, 414]
111 --> []
112 (42.2776) --> [122]
113 (23.4853) --> [340, 146]
114 (39.0500) --> [28]
115 --> []
116 (46.9861) --> [112, 498]
117 (35.4868) --> [275]
118 (30.8362) --> [184, 346]
119 --> []
120 (42.3800) --> [472, 253]
121 (61.7299) --> [6]
122 (45.2671) --> [124]
123 (71.1265) --> [424]
124 (8.9846) --> [227]
125 (59.5966) --> [494]
126 --> []
127 (62.1003) --> [37, 260]
128 --> []
129 --> []
130 (27.6814) --> [150]
131 (23.6890) --> [302]
132 --> []
133 (56.2307) --> [232, 151, 226]
134 (14.3563) --> [189]
135 (39.8860) --> [299]
136 (46.1502) --> [264, 164, 320]
137 (34.7839) --> [17]
138 --> []
139 (23.6783) --> [303]
140 --> []
141 (26.9298) --> [419, 418]
142 (11.5748) --> [168]
143 (19.9626) --> [118]
144 (48.6452) --> [62]
145 (48.2001) --> [10, 87]
146 (35.1518) --> [370, 490]
147 (34.4372) --> [33]
148 (29.0249) --> [362]
149 (59.0583) --> [458]
150 (48.7665) --> [339]
151 --> []
152 (17.3676) --> [276]
153 --> []
154 (16.0577) --> [211]
155 (30.9356) --> [343]
156 (43.6443) --> [149, 399]
157 (21.9848) --> [85, 61]
158 --> []
159 (34.0871) --> [43]
160 (41.4841) --> [208]
161 (31.2311) --> [439]
162 --> []
163 (22.0112) --> [134]
164 --> []
165 (30.4340) --> [392]
166 (27.2402) --> [180]
167 (38.7845) --> [2, 269]
168 (26.6761) --> [411, 331, 236]
169 (20.8254) --> [454]
170 (27.9104) --> [367]
171 --> []
172 (25.6479) --> [64, 115]
173 (39.3262) --> [203]
174 (40.6183) --> [36, 44]
175 (33.5498) --> [350, 410]
176 (21.8066) --> [173]
177 --> []
178 (37.4846) --> [81, 166]
179 --> []
180 (27.1781) --> [429]
181 --> []
182 --> []
183 --> []
184 (14.3945) --> [103]
185 --> []
186 (31.5568) --> [486]
187 (31.9739) --> [225]
188 (77.8524) --> [452]
189 --> []
190 --> []
191 (34.1332) --> [295, 97]
192 (12.1790) --> [77]
193 --> []
194 --> []
195 (6.3450) --> [330]
196 (36.4672) --> [56, 199]
197 (22.0106) --> [182, 327]
198 (26.6047) --> [110]
199 (19.3435) --> [29]
200 (43.3646) --> [88, 390]
201 --> []
202 (44.5198) --> [8]
203 (48.6273) --> [120, 369]
204 --> []
205 (33.4214) --> [397]
206 (31.2873) --> [222]
207 --> []
208 (44.5904) --> [349, 39]
209 (25.3180) --> [239]
210 --> []
211 (26.2746) --> [378]
212 --> []
213 (26.1649) --> [163]
214 (41.7320) --> [70, 209]
215 (6.8373) --> [139]
216 --> []
217 (23.3980) --> [245, 147]
218 (14.3542) --> [94]
219 --> []
220 (28.4939) --> [130]
221 (32.7010) --> [152]
222 --> []
223 (43.2285) --> [31, 258]
224 --> []
225 (33.9930) --> [48, 55]
226 (44.4926) --> [190]
227 (63.7583) --> [460, 435]
228 (4.2679) --> [40]
229 (41.8348) --> [321]
230 (48.2557) --> [347]
231 (40.1186) --> [461, 38]
232 --> []
233 (18.1669) --> [243, 126]
234 (20.3760) --> [213]
235 (46.4539) --> [485, 195, 42]
236 --> []
237 --> []
238 (55.4856) --> [201]
239 (25.9446) --> [272, 237]
240 (39.7643) --> [108]
241 --> []
242 --> []
243 (36.2577) --> [484]
244 (51.1655) --> [305]
245 --> []
246 (18.5623) --> [46]
247 (36.0694) --> [137]
248 (23.6232) --> [58]
249 (18.4502) --> [402]
250 (32.3985) --> [470, 477]
251 (40.1898) --> [188]
252 --> []
253 --> []
254 (45.7049) --> [462]
255 (25.2369) --> [271]
256 (23.1515) --> [230, 415]
257 (86.6927) --> [53, 63]
258 (36.3956) --> [445]
259 (19.3791) --> [157]
260 --> []
261 --> []
262 (5.9469) --> [92]
263 (37.4654) --> [298, 291]
264 (52.1683) --> [413, 342]
265 (71.7116) --> [136]
266 (26.0428) --> [356, 368]
267 (38.9529) --> [181, 420]
268 (39.2751) --> [214, 80]
269 (29.0604) --> [400]
270 (3.4797) --> [475]
271 (42.2191) --> [345]
272 (41.4858) --> [266]
273 --> []
274 (17.6538) --> [492]
275 (49.8597) --> [443]
276 (16.6030) --> [408]
277 (52.5875) --> [76]
278 (43.1411) --> [326, 65]
279 (26.6340) --> [3, 483]
280 --> []
281 --> []
282 --> []
283 (6.3742) --> [355]
284 (19.7917) --> [21, 159]
285 (9.2146) --> [283]
286 --> []
287 (9.4960) --> [233]
288 (34.6957) --> [196]
289 --> []
290 --> []
291 --> []
292 (56.7355) --> [116]
293 (21.8066) --> [95]
294 (14.2987) --> [467]
295 (49.4754) --> [224]
296 (29.1928) --> [72]
297 (52.2838) --> [440]
298 (7.9428) --> [341]
299 (67.5392) --> [57, 373, 314]
300 (48.0680) --> [223, 265]
301 (26.3853) --> [51]
302 --> []
303 (31.6896) --> [464]
304 --> []
305 (46.8765) --> [287]
306 (19.0598) --> [403]
307 (12.5542) --> [50]
308 --> []
309 (46.2610) --> [428, 478]
310 (14.2395) --> [15]
311 (36.8712) --> [250]
312 (39.3626) --> [261]
313 (52.4679) --> [495, 255]
314 (53.5034) --> [281]
315 (20.1839) --> [417]
316 (54.5903) --> [278]
317 (20.7799) --> [45, 241]
318 (66.1019) --> [391, 242, 153]
319 (54.5126) --> [380, 109]
320 (24.5649) --> [434, 252]
321 (35.4886) --> [450]
322 (39.3250) --> [451]
323 --> []
324 (22.3223) --> [117]
325 (35.0917) --> [128]
326 (40.1853) --> [210, 335]
327 (32.0481) --> [165, 405]
328 --> []
329 --> []
330 (0.3041) --> [26]
331 --> []
332 (23.6726) --> [479]
333 (28.3982) --> [489, 463]
334 (16.8393) --> [179]
335 (65.8235) --> [361]
336 (48.8163) --> [338, 47]
337 (25.2333) --> [336]
338 (43.2089) --> [328]
339 --> []
340 --> []
341 --> []
342 --> []
343 (30.0464) --> [457, 487]
344 (42.0344) --> [432, 446]
345 (21.0647) --> [183]
346 --> []
347 (55.6405) --> [307]
348 (11.8615) --> [206]
349 --> []
350 (48.0927) --> [248]
351 (35.4329) --> [324, 288]
352 (31.6437) --> [176, 186]
353 --> []
354 (47.6923) --> [200]
355 (37.5254) --> [468]
356 (43.0650) --> [145]
357 --> []
358 --> []
359 (34.6716) --> [229]
360 (37.3724) --> [25]
361 (24.5866) --> [313]
362 (6.2326) --> [384]
363 (74.2868) --> [393, 482]
364 (31.1093) --> [19, 453]
365 (30.1914) --> [301]
366 (35.7184) --> [311, 407]
367 (23.6120) --> [308]
368 (51.8551) --> [371, 99]
369 (14.2557) --> [317]
370 (31.9044) --> [337, 105, 12]
371 --> []
372 (40.6506) --> [406]
373 (21.7464) --> [273]
374 (58.2786) --> [309]
375 (23.4090) --> [52, 488]
376 (14.2717) --> [228, 78]
377 --> []
378 (33.0129) --> [20]
379 --> []
380 (21.9066) --> [54]
381 --> []
382 --> []
383 --> []
384 (42.2916) --> [192]
385 --> []
386 --> []
387 (44.0217) --> [143, 244]
388 (24.7533) --> [9]
389 --> []
390 --> []
391 (54.6290) --> [144]
392 (11.0674) --> [270]
393 --> []
394 (9.9617) --> [34]
395 (21.2524) --> [430]
396 (53.9987) --> [284]
397 --> []
398 (35.2420) --> [158]
399 --> []
400 (44.1419) --> [329, 174]
401 (62.0606) --> [18]
402 (12.6383) --> [89]
403 (21.6630) --> [344]
404 (19.3648) --> [187]
405 (11.0208) --> [1]
406 (34.2023) --> [416]
407 --> []
408 (32.0154) --> [234]
409 (32.3485) --> [290]
410 (16.0330) --> [297]
411 --> []
412 --> []
413 (23.9405) --> [106]
414 (43.5765) --> [215, 79]
415 --> []
416 --> []
417 (29.1342) --> [375]
418 (33.2571) --> [294]
419 (35.9185) --> [364, 357]
420 (14.6975) --> [154]
421 (49.0731) --> [107, 426]
422 (43.2400) --> [394]
423 (14.8749) --> [476]
424 (49.6472) --> [101]
425 (32.6336) --> [306]
426 (26.6094) --> [360]
427 (38.0268) --> [351]
428 --> []
429 (43.2692) --> [409, 257]
430 (40.3944) --> [238, 191]
431 (49.2631) --> [231]
432 (36.2032) --> [437]
433 (20.1963) --> [69]
434 (23.5891) --> [205, 148, 433]
435 (11.8826) --> [86]
436 (65.1588) --> [447]
437 (41.0580) --> [218, 59]
438 (39.5845) --> [310]
439 --> []
440 (68.0175) --> [217, 256]
441 (52.3949) --> [198]
442 (24.1916) --> [333]
443 (36.0360) --> [292, 138]
444 (34.9783) --> [471, 465]
445 --> []
446 (33.8706) --> [11, 5]
447 (65.9458) --> [459]
448 (3.9373) --> [277]
449 --> []
450 (48.0579) --> [247, 493]
451 (7.7806) --> [30]
452 (33.3615) --> [354]
453 (51.4707) --> [119]
454 (36.9258) --> [262, 401]
455 (19.2941) --> [421]
456 --> []
457 --> []
458 (56.8247) --> [325, 359]
459 (17.7943) --> [427]
460 --> []
461 (36.5863) --> [455, 263]
462 (31.5344) --> [363, 316]
463 (6.7902) --> [131]
464 (43.2298) --> [90]
465 (23.1952) --> [398]
466 (23.7577) --> [60]
467 (65.9469) --> [194, 140]
468 (18.6032) --> [135, 332]
469 (13.3839) --> [123]
470 (66.7355) --> [280]
471 (35.2694) --> [496, 348]
472 (48.8788) --> [441, 121]
473 --> []
474 (21.0910) --> [161, 334]
475 (42.1143) --> [386]
476 (29.0732) --> [170]
477 --> []
478 --> []
479 (42.7187) --> [71, 389]
480 --> []
481 (28.0274) --> [289, 240]
482 --> []
483 (54.7696) --> [127, 353, 93]
484 (52.9694) --> [268]
485 (38.3668) --> [197]
486 --> []
487 --> []
488 (16.7009) --> [73]
489 (32.5606) --> [300]
490 --> []
491 (45.1717) --> [7, 171]
492 (35.8904) --> [66]
493 (22.9172) --> [185]
494 (47.0178) --> [32]
495 (19.5491) --> [75]
496 (22.6341) --> [133]
497 (69.5091) --> [296, 24]
498 --> []
499 --> []

final Solution energy: 2.329602135035928E7
Calculated in 369024ms
Ants=1000, alpha=0.6, beta=3.0, evaporate factor=0.07
(for ../../mebp/mebp-10.dat)
