New best solution in iteration 0: 1.3533364607764976E9
New best solution in iteration 2: 1.097799396424212E9
New best solution in iteration 3: 6.306765562781454E8
AVG (iterations 0 to 20): 1.2245162984006743E9
New best solution in iteration 23: 4.7295101756602055E8
AVG (iterations 20 to 40): 1.3949535036372058E9
New best solution in iteration 43: 4.5901442380189866E8
AVG (iterations 40 to 60): 1.28172628682949E9
AVG (iterations 60 to 80): 1.491331435152658E9
AVG (iterations 80 to 100): 1.5059283440106163E9
New best solution in iteration 109: 3.4217966033943146E8
New best solution in iteration 117: 3.2663140990678006E8
AVG (iterations 100 to 120): 9.496511895629218E8
AVG (iterations 120 to 140): 1.1531767358805974E9
New best solution in iteration 155: 2.6915310569139063E8
New best solution in iteration 159: 2.1227433206735402E8
New best solution in iteration 160: 1.5312276729759502E8
AVG (iterations 140 to 160): 6.992911891800808E8
New best solution in iteration 166: 1.5308467077528006E8
New best solution in iteration 168: 1.3648827256622002E8
New best solution in iteration 174: 1.1791761279317556E8
AVG (iterations 160 to 180): 3.30265299550529E8
New best solution in iteration 188: 1.1240270529178347E8
New best solution in iteration 189: 1.1009600384316821E8
New best solution in iteration 196: 1.0385116549026291E8
AVG (iterations 180 to 200): 1.540961795123444E8
New best solution in iteration 217: 9.181227364131287E7
AVG (iterations 200 to 220): 1.2134067913134208E8
New best solution in iteration 240: 8.664080744925202E7
AVG (iterations 220 to 240): 1.1687355899628484E8
New best solution in iteration 246: 8.515490591776787E7
AVG (iterations 240 to 260): 1.0707905837459879E8
AVG (iterations 260 to 280): 1.1356606876612565E8
AVG (iterations 280 to 300): 1.1007985816967943E8
AVG (iterations 300 to 320): 1.0790889849804816E8
AVG (iterations 320 to 340): 1.0506127689853562E8
AVG (iterations 340 to 360): 1.0337093944609953E8
AVG (iterations 360 to 380): 1.0638724154701741E8
AVG (iterations 380 to 400): 1.0050729918411776E8
AVG (iterations 400 to 420): 1.0190133132478283E8
AVG (iterations 420 to 440): 1.010520374810138E8
AVG (iterations 440 to 460): 1.0194119446541697E8
AVG (iterations 460 to 480): 9.766663662563767E7
AVG (iterations 480 to 500): 1.0192453344836828E8
AVG (iterations 500 to 520): 1.0447520494865492E8
AVG (iterations 520 to 540): 1.0638038167753755E8
AVG (iterations 540 to 560): 1.0240799170440675E8
AVG (iterations 560 to 580): 1.0407718578189388E8
AVG (iterations 580 to 600): 1.0634959848757829E8
AVG (iterations 600 to 620): 1.0570482441719131E8
AVG (iterations 620 to 640): 1.0254842712802973E8
AVG (iterations 640 to 660): 1.0728029919865164E8
AVG (iterations 660 to 680): 1.0526234981197128E8
AVG (iterations 680 to 700): 1.0740424457756703E8
AVG (iterations 700 to 720): 1.0438100778461511E8
AVG (iterations 720 to 740): 1.0420085292685133E8
AVG (iterations 740 to 760): 1.059891014260973E8
AVG (iterations 760 to 780): 1.061476689571375E8
AVG (iterations 780 to 800): 1.0943692388147357E8
AVG (iterations 800 to 820): 9.934888705354345E7
AVG (iterations 820 to 840): 1.0787926703421018E8
AVG (iterations 840 to 860): 1.0433284706045118E8
AVG (iterations 860 to 880): 9.961765870295644E7
AVG (iterations 880 to 900): 1.0159573253252831E8
AVG (iterations 900 to 920): 1.024471073184781E8
AVG (iterations 920 to 940): 1.0364257447701026E8
AVG (iterations 940 to 960): 1.0679778157847537E8
AVG (iterations 960 to 980): 1.0516080297040571E8
Solution from ACO:
0 (68.2689) --> [42, 28]
1 (37.5800) --> [11]
2 (100.5944) --> [9, 19]
3 (65.2406) --> [12, 40]
4 (50.7829) --> [15]
5 --> []
6 (152.9257) --> [14]
7 (118.0492) --> [37]
8 --> []
9 (159.4906) --> [43]
10 --> []
11 --> []
12 (120.9275) --> [13, 4]
13 (71.1047) --> [5]
14 (118.2575) --> [21]
15 (138.7124) --> [36, 6]
16 --> []
17 (90.3692) --> [18, 2]
18 (17.4897) --> [16]
19 (75.3066) --> [35]
20 (226.8454) --> [46]
21 (112.0395) --> [7, 27]
22 (123.9481) --> [48]
23 --> []
24 (169.8162) --> [44, 45]
25 (13.0969) --> [10]
26 --> []
27 (50.2355) --> [30]
28 --> []
29 (66.3268) --> [24]
30 (47.4865) --> [25]
31 --> []
32 (135.3124) --> [31]
33 --> []
34 (128.5944) --> [32, 33]
35 --> []
36 (126.0021) --> [26, 41]
37 (253.5205) --> [20, 39]
38 (100.8453) --> [49]
39 --> []
40 (42.8043) --> [8]
41 (185.1240) --> [34]
42 (42.5340) --> [29]
43 --> []
44 (120.0008) --> [23]
45 (223.9520) --> [22, 3]
46 (101.0272) --> [17]
47 --> []
48 (117.7617) --> [47, 38, 1]
49 --> []

Solution energy from ACO: 8.515490591776787E7
trying to improve with local search...
final Solution:
0 (68.2689) --> [42, 28]
1 (37.5800) --> [11]
2 (100.5944) --> [9, 19]
3 (65.2406) --> [12, 40]
4 (50.7829) --> [15]
5 --> []
6 (152.9257) --> [14]
7 (118.0492) --> [37]
8 --> []
9 (159.4906) --> [43]
10 --> []
11 --> []
12 (120.9275) --> [13, 4]
13 (71.1047) --> [5]
14 (118.2575) --> [21]
15 (138.7124) --> [36, 6]
16 --> []
17 (90.3692) --> [18, 2]
18 (17.4897) --> [16]
19 (75.3066) --> [35]
20 (226.8454) --> [46]
21 (112.0395) --> [7, 27]
22 (123.9481) --> [48]
23 --> []
24 (169.8162) --> [44, 45]
25 (13.0969) --> [10]
26 --> []
27 (50.2355) --> [30]
28 --> []
29 (66.3268) --> [24]
30 (47.4865) --> [25]
31 --> []
32 (135.3124) --> [31]
33 --> []
34 (128.5944) --> [32, 33]
35 --> []
36 (126.0021) --> [26, 41]
37 (253.5205) --> [20, 39]
38 (100.8453) --> [49]
39 --> []
40 (42.8043) --> [8]
41 (185.1240) --> [34]
42 (42.5340) --> [29]
43 --> []
44 (120.0008) --> [23]
45 (223.9520) --> [22, 3]
46 (101.0272) --> [17]
47 --> []
48 (117.7617) --> [47, 38, 1]
49 --> []

final Solution energy: 8.515490591776787E7
Calculated in 1960ms
Ants=1000, alpha=0.6, beta=3.0, evaporate factor=0.07
(for ../../mebp/mebp-05.dat)
