New best solution in iteration 0: 2.473890419831324E9
New best solution in iteration 1: 2.467775480616839E9
New best solution in iteration 2: 1.9921779084428284E9
New best solution in iteration 6: 1.613300248726033E9
New best solution in iteration 8: 1.3387048108702023E9
AVG (iterations 0 to 20): 2.404678990360143E9
New best solution in iteration 26: 1.3379086665871632E9
New best solution in iteration 29: 1.226982052058651E9
AVG (iterations 20 to 40): 2.154857705520885E9
New best solution in iteration 43: 1.0226697228532151E9
AVG (iterations 40 to 60): 2.412613886910805E9
New best solution in iteration 75: 8.24527089204665E8
AVG (iterations 60 to 80): 2.500962739941973E9
AVG (iterations 80 to 100): 2.5928062013904877E9
AVG (iterations 100 to 120): 2.3135310320483217E9
AVG (iterations 120 to 140): 2.31520590434814E9
New best solution in iteration 159: 6.794911166789595E8
New best solution in iteration 160: 4.667271229233362E8
AVG (iterations 140 to 160): 1.6987531946208682E9
New best solution in iteration 171: 4.6450962225015074E8
New best solution in iteration 175: 2.001348359787605E8
AVG (iterations 160 to 180): 9.225052290763327E8
New best solution in iteration 182: 1.0490159791025168E8
New best solution in iteration 183: 7.716585699419707E7
New best solution in iteration 188: 4.358240618472649E7
New best solution in iteration 191: 4.125466439028584E7
AVG (iterations 180 to 200): 1.4906540523416048E8
New best solution in iteration 207: 3.893913844082986E7
AVG (iterations 200 to 220): 4.8080379022594966E7
New best solution in iteration 237: 3.884039585856632E7
New best solution in iteration 240: 3.718240709470686E7
AVG (iterations 220 to 240): 4.252852141833942E7
AVG (iterations 240 to 260): 4.216301345244122E7
New best solution in iteration 278: 3.591588973507733E7
AVG (iterations 260 to 280): 4.121995859455703E7
AVG (iterations 280 to 300): 4.12594026273814E7
AVG (iterations 300 to 320): 3.99482338758671E7
AVG (iterations 320 to 340): 3.96562931164341E7
AVG (iterations 340 to 360): 3.975482147605022E7
New best solution in iteration 368: 3.469136425239978E7
AVG (iterations 360 to 380): 3.973302111234562E7
AVG (iterations 380 to 400): 3.869353527383414E7
AVG (iterations 400 to 420): 3.888131323472241E7
AVG (iterations 420 to 440): 3.899032484004223E7
AVG (iterations 440 to 460): 3.8498927256130315E7
AVG (iterations 460 to 480): 3.932761136742428E7
AVG (iterations 480 to 500): 3.901570598041686E7
AVG (iterations 500 to 520): 3.94468079953402E7
AVG (iterations 520 to 540): 3.877490542653742E7
AVG (iterations 540 to 560): 3.93201253992465E7
AVG (iterations 560 to 580): 3.865468343843095E7
AVG (iterations 580 to 600): 3.83133464058752E7
AVG (iterations 600 to 620): 3.905581355402246E7
AVG (iterations 620 to 640): 3.994980260813251E7
AVG (iterations 640 to 660): 3.836981040457806E7
AVG (iterations 660 to 680): 3.8782615112011544E7
AVG (iterations 680 to 700): 3.883058190006657E7
AVG (iterations 700 to 720): 3.830505115107773E7
AVG (iterations 720 to 740): 3.770319184771031E7
New best solution in iteration 758: 3.4002325665916644E7
AVG (iterations 740 to 760): 3.723548672338824E7
AVG (iterations 760 to 780): 3.76846462208061E7
AVG (iterations 780 to 800): 3.908977964792577E7
AVG (iterations 800 to 820): 3.848454307511107E7
AVG (iterations 820 to 840): 3.856714816090743E7
AVG (iterations 840 to 860): 3.921810073738025E7
AVG (iterations 860 to 880): 3.797665594438325E7
AVG (iterations 880 to 900): 3.80880310442107E7
AVG (iterations 900 to 920): 3.7862400908607736E7
AVG (iterations 920 to 940): 3.838801241727881E7
AVG (iterations 940 to 960): 3.823540178821999E7
AVG (iterations 960 to 980): 3.784718054904275E7
Solution from ACO:
0 (63.4380) --> [3, 49, 83]
1 (40.7451) --> [169]
2 --> []
3 (65.4979) --> [185]
4 --> []
5 (83.5297) --> [131]
6 --> []
7 --> []
8 --> []
9 (30.1402) --> [59, 43]
10 --> []
11 (65.2901) --> [50]
12 (19.7259) --> [48]
13 (40.4707) --> [175, 178]
14 --> []
15 (70.2932) --> [183, 21]
16 (32.6103) --> [45, 44]
17 --> []
18 --> []
19 (53.4079) --> [172, 100]
20 (48.1023) --> [117]
21 (33.5808) --> [197]
22 (80.4276) --> [191, 160, 28]
23 (20.6238) --> [180]
24 (34.5598) --> [147]
25 (86.1299) --> [35, 75]
26 (78.6980) --> [12, 65]
27 (27.8342) --> [116]
28 (40.0808) --> [166]
29 --> []
30 (24.5645) --> [76]
31 (43.5924) --> [81, 37]
32 --> []
33 --> []
34 (20.9457) --> [132]
35 --> []
36 (16.9226) --> [192]
37 (51.4655) --> [103]
38 --> []
39 --> []
40 (9.4817) --> [174]
41 (75.0929) --> [52, 159]
42 (55.8543) --> [153, 18]
43 (76.9432) --> [187, 70]
44 (25.2678) --> [113]
45 (37.1910) --> [33]
46 (41.7113) --> [199]
47 (60.7587) --> [110]
48 (59.9521) --> [84, 189]
49 --> []
50 (92.5933) --> [143, 90]
51 (73.3506) --> [77]
52 (57.5499) --> [16]
53 (59.2817) --> [93]
54 (32.4217) --> [154]
55 (69.6264) --> [123, 85]
56 --> []
57 (91.1919) --> [134]
58 --> []
59 (37.0027) --> [121]
60 (47.2470) --> [54]
61 --> []
62 (24.4448) --> [32]
63 (35.7406) --> [71]
64 (41.8593) --> [152]
65 (23.9829) --> [140]
66 (74.0178) --> [144]
67 (75.7365) --> [114]
68 (51.6449) --> [156]
69 --> []
70 --> []
71 (46.3836) --> [68]
72 --> []
73 (16.1811) --> [39]
74 (36.0538) --> [78]
75 (110.5025) --> [29]
76 (31.7485) --> [73]
77 (54.0959) --> [64]
78 (70.7475) --> [60]
79 (38.5973) --> [184]
80 (24.7345) --> [133]
81 (86.5759) --> [95]
82 (79.2333) --> [150]
83 (64.9849) --> [130]
84 --> []
85 (26.4004) --> [62]
86 --> []
87 (43.3600) --> [142]
88 (68.5425) --> [80, 20]
89 (30.2027) --> [190]
90 (52.7249) --> [55]
91 --> []
92 --> []
93 --> []
94 (93.5303) --> [46, 157]
95 (60.6747) --> [19]
96 (93.3240) --> [118, 24]
97 (84.3798) --> [139, 112]
98 (14.9736) --> [7]
99 (50.5581) --> [26]
100 (21.1606) --> [188]
101 (62.0123) --> [23, 57]
102 (43.2679) --> [164]
103 (47.2727) --> [181, 66]
104 (41.4763) --> [1]
105 (41.1877) --> [125, 129]
106 (92.4070) --> [96]
107 (58.8280) --> [56, 22]
108 (26.8486) --> [126, 13]
109 (60.6085) --> [170, 163]
110 (38.7727) --> [79]
111 (83.7386) --> [106, 27]
112 (33.6610) --> [99]
113 --> []
114 (53.3229) --> [25]
115 --> []
116 --> []
117 --> []
118 (72.4755) --> [98, 146]
119 (68.8368) --> [128, 40]
120 (50.9036) --> [82]
121 (24.2936) --> [137]
122 (60.7313) --> [11, 162]
123 --> []
124 (72.0200) --> [53, 67]
125 (56.4451) --> [88]
126 (25.5583) --> [115, 107]
127 (39.6311) --> [198]
128 (70.8028) --> [51, 193]
129 --> []
130 (113.0407) --> [155]
131 (11.1609) --> [173]
132 (72.2928) --> [122]
133 --> []
134 (61.0175) --> [165, 148]
135 (38.8939) --> [136]
136 (76.2490) --> [30, 161]
137 --> []
138 (18.8362) --> [145]
139 --> []
140 (42.9862) --> [168, 151]
141 (58.2641) --> [58]
142 (26.1135) --> [6]
143 --> []
144 (80.8573) --> [167, 72]
145 (78.0523) --> [111, 176]
146 --> []
147 (49.4191) --> [94]
148 (55.6577) --> [149]
149 (52.7059) --> [171, 182]
150 (59.2291) --> [63, 86]
151 --> []
152 (31.2195) --> [109]
153 (67.6998) --> [196]
154 (48.1583) --> [92]
155 (103.6425) --> [97]
156 (76.6428) --> [69, 74, 34]
157 (37.0131) --> [124]
158 (19.7268) --> [141]
159 (15.9291) --> [127]
160 --> []
161 (10.9966) --> [17]
162 (47.3471) --> [15]
163 (55.9608) --> [105, 10]
164 (48.3496) --> [101]
165 (52.3016) --> [42]
166 (16.3659) --> [186]
167 --> []
168 --> []
169 (82.0980) --> [195, 108]
170 (59.7545) --> [179, 102]
171 (38.2644) --> [8]
172 (50.7679) --> [120]
173 --> []
174 --> []
175 (64.0798) --> [31]
176 --> []
177 (86.7849) --> [135]
178 --> []
179 (36.1528) --> [2]
180 --> []
181 --> []
182 (71.7808) --> [41]
183 (81.7474) --> [5, 14]
184 (74.5244) --> [138, 119]
185 (60.7455) --> [104]
186 (95.7997) --> [158]
187 (48.2443) --> [194]
188 --> []
189 (94.2260) --> [89, 47, 177]
190 --> []
191 --> []
192 (36.1101) --> [87]
193 (12.1663) --> [91, 9]
194 (10.4776) --> [38]
195 --> []
196 --> []
197 --> []
198 (17.1868) --> [36]
199 (55.8941) --> [4, 61]

Solution energy from ACO: 3.4002325665916644E7
trying to improve with local search...
final Solution:
0 (63.4380) --> [3, 49, 83]
1 (40.7451) --> [169]
2 --> []
3 (65.4979) --> [185]
4 --> []
5 (83.5297) --> [131]
6 --> []
7 --> []
8 --> []
9 (30.1402) --> [59, 43]
10 --> []
11 (65.2901) --> [50]
12 (19.7259) --> [48]
13 (40.4707) --> [175, 178]
14 --> []
15 (70.2932) --> [183, 21]
16 (32.6103) --> [45, 44]
17 --> []
18 --> []
19 (53.4079) --> [172, 100]
20 (48.1023) --> [117]
21 (33.5808) --> [197]
22 (80.4276) --> [191, 160, 28]
23 (20.6238) --> [180]
24 (34.5598) --> [147]
25 (86.1299) --> [35, 75]
26 (78.6980) --> [12, 65]
27 (27.8342) --> [116]
28 (40.0808) --> [166]
29 --> []
30 (24.5645) --> [76]
31 (43.5924) --> [81, 37]
32 --> []
33 --> []
34 (20.9457) --> [132]
35 --> []
36 (16.9226) --> [192]
37 (51.4655) --> [103]
38 --> []
39 --> []
40 (9.4817) --> [174]
41 (75.0929) --> [52, 159]
42 (55.8543) --> [153, 18]
43 (76.9432) --> [187, 70]
44 (25.2678) --> [113]
45 (29.9677) --> [16]
46 (41.7113) --> [199]
47 (60.7587) --> [110]
48 (59.9521) --> [84, 189]
49 --> []
50 (92.5933) --> [143, 90]
51 (73.3506) --> [77]
52 (54.3099) --> [33]
53 (59.2817) --> [93]
54 (32.4217) --> [154]
55 (69.6264) --> [123, 85]
56 --> []
57 (91.1919) --> [134]
58 --> []
59 (37.0027) --> [121]
60 (47.2470) --> [54]
61 --> []
62 (24.4448) --> [32]
63 (35.7406) --> [71]
64 (41.8593) --> [152]
65 (23.9829) --> [140]
66 (74.0178) --> [144]
67 (75.7365) --> [114]
68 (51.6449) --> [156]
69 --> []
70 --> []
71 (46.3836) --> [68]
72 --> []
73 (16.1811) --> [39]
74 (36.0538) --> [78]
75 (110.5025) --> [29]
76 (31.7485) --> [73]
77 (54.0959) --> [64]
78 (70.7475) --> [60]
79 (38.5973) --> [184]
80 (24.7345) --> [133]
81 (86.5759) --> [95]
82 (79.2333) --> [150]
83 (64.9849) --> [130]
84 --> []
85 (26.4004) --> [62]
86 --> []
87 (43.3600) --> [142]
88 (68.5425) --> [80, 20]
89 (30.2027) --> [190]
90 (52.7249) --> [55]
91 --> []
92 --> []
93 --> []
94 (93.5303) --> [157, 61]
95 (60.6747) --> [19]
96 (93.3240) --> [118, 24]
97 (84.3798) --> [139, 112]
98 (14.9736) --> [7]
99 (50.5581) --> [26]
100 (21.1606) --> [188]
101 (62.0123) --> [23, 57]
102 (43.2679) --> [164]
103 (47.2727) --> [181, 66]
104 (41.4763) --> [1]
105 (41.1877) --> [125, 129]
106 (92.4070) --> [96]
107 (58.8280) --> [56, 22]
108 (26.8486) --> [126, 13]
109 (60.6085) --> [170, 163]
110 (38.7727) --> [79]
111 (83.7386) --> [106, 27]
112 (33.6610) --> [99]
113 --> []
114 (53.3229) --> [25]
115 --> []
116 --> []
117 --> []
118 (72.4755) --> [98, 146]
119 (68.8368) --> [128, 40]
120 (50.9036) --> [82]
121 (24.2936) --> [137]
122 (60.7313) --> [11, 162]
123 --> []
124 (72.0200) --> [53, 67]
125 (56.4451) --> [88]
126 (25.5583) --> [115, 107]
127 (39.6311) --> [198]
128 (70.8028) --> [51, 193]
129 --> []
130 (113.0407) --> [155]
131 (11.1609) --> [173]
132 (72.2928) --> [122]
133 --> []
134 (61.0175) --> [165, 148]
135 (38.8939) --> [136]
136 (76.2490) --> [30, 161]
137 --> []
138 (18.8362) --> [145]
139 --> []
140 (42.9862) --> [168, 151]
141 (58.2641) --> [58]
142 (26.1135) --> [6]
143 --> []
144 (80.8573) --> [167, 72]
145 (78.0523) --> [111, 176]
146 --> []
147 (49.4191) --> [94]
148 (55.6577) --> [149]
149 (52.7059) --> [171, 182]
150 (59.2291) --> [63, 86]
151 --> []
152 (31.2195) --> [109]
153 (67.6998) --> [196]
154 (48.1583) --> [92]
155 (103.6425) --> [97]
156 (76.6428) --> [69, 74, 34]
157 (37.0131) --> [124]
158 (19.7268) --> [141]
159 (15.9291) --> [127]
160 --> []
161 (10.9966) --> [17]
162 (47.3471) --> [15]
163 (55.9608) --> [105, 10]
164 (48.3496) --> [101]
165 (52.3016) --> [42]
166 (16.3659) --> [186]
167 --> []
168 --> []
169 (82.0980) --> [195, 108]
170 (59.7545) --> [179, 102]
171 (38.2644) --> [8]
172 (50.7679) --> [120]
173 --> []
174 --> []
175 (64.0798) --> [31]
176 --> []
177 (86.7849) --> [135]
178 --> []
179 (36.1528) --> [2]
180 --> []
181 --> []
182 (71.7808) --> [41]
183 (81.7474) --> [5, 14]
184 (74.5244) --> [138, 119]
185 (60.7455) --> [104]
186 (95.7997) --> [158]
187 (48.2443) --> [194]
188 --> []
189 (94.2260) --> [89, 47, 177]
190 --> []
191 --> []
192 (36.1101) --> [87]
193 (12.1663) --> [91, 9]
194 (10.4776) --> [38]
195 --> []
196 --> []
197 --> []
198 (17.1868) --> [36]
199 (41.7113) --> [4, 46]

final Solution energy: 3.3845331871273704E7
Calculated in 29708ms
Ants=1000, alpha=0.6, beta=3.0, evaporate factor=0.07
(for ../../mebp/mebp-07.dat)
