New best solution in iteration 0: 1.2140552938523717E9
New best solution in iteration 1: 6.594312708172668E8
New best solution in iteration 2: 5.852593241941301E8
New best solution in iteration 14: 3.0874849817075926E8
AVG (iterations 0 to 20): 1.1209003767583442E9
AVG (iterations 20 to 40): 1.249367940782665E9
AVG (iterations 40 to 60): 1.3845988617994258E9
AVG (iterations 60 to 80): 1.1892014410413773E9
AVG (iterations 80 to 100): 1.2788268701657343E9
AVG (iterations 100 to 120): 1.0312149829896845E9
AVG (iterations 120 to 140): 1.0353687077673763E9
New best solution in iteration 147: 2.3186040990911582E8
AVG (iterations 140 to 160): 8.830203358329691E8
New best solution in iteration 165: 1.8374877663596967E8
New best solution in iteration 168: 1.6594700176081926E8
New best solution in iteration 170: 1.2606515903736557E8
New best solution in iteration 175: 1.2568282859597816E8
AVG (iterations 160 to 180): 3.2678116972858906E8
New best solution in iteration 183: 1.0732935796836565E8
New best solution in iteration 189: 1.0337840833354229E8
New best solution in iteration 190: 9.896548495333523E7
New best solution in iteration 193: 9.796341462531988E7
New best solution in iteration 200: 9.657040195716202E7
AVG (iterations 180 to 200): 1.2097264827656016E8
New best solution in iteration 217: 9.308653204739642E7
AVG (iterations 200 to 220): 1.676121670872787E8
New best solution in iteration 240: 9.308373889153232E7
AVG (iterations 220 to 240): 1.2170899502065673E8
AVG (iterations 240 to 260): 1.223130838603082E8
New best solution in iteration 263: 8.467570864557773E7
AVG (iterations 260 to 280): 1.1778081045105422E8
AVG (iterations 280 to 300): 1.1406549391253376E8
AVG (iterations 300 to 320): 1.1415863977660802E8
AVG (iterations 320 to 340): 1.1816175962572452E8
AVG (iterations 340 to 360): 1.1167740174434336E8
AVG (iterations 360 to 380): 1.1467340414029679E8
AVG (iterations 380 to 400): 1.1418528489090416E8
AVG (iterations 400 to 420): 1.0621871889778353E8
AVG (iterations 420 to 440): 1.0349379034718125E8
AVG (iterations 440 to 460): 1.0754469202076915E8
AVG (iterations 460 to 480): 1.0803280626494642E8
AVG (iterations 480 to 500): 1.0312917555881186E8
AVG (iterations 500 to 520): 1.0354242812221995E8
AVG (iterations 520 to 540): 1.1238382922428057E8
AVG (iterations 540 to 560): 1.093112049133009E8
AVG (iterations 560 to 580): 1.1372608693506937E8
AVG (iterations 580 to 600): 1.0829195048448408E8
AVG (iterations 600 to 620): 1.0757685378000703E8
AVG (iterations 620 to 640): 1.0596029942158762E8
AVG (iterations 640 to 660): 1.0077291226612684E8
AVG (iterations 660 to 680): 9.931789007566652E7
AVG (iterations 680 to 700): 1.0589250549165806E8
AVG (iterations 700 to 720): 1.0748564759641865E8
New best solution in iteration 727: 8.467035871780004E7
AVG (iterations 720 to 740): 1.0261643317245129E8
AVG (iterations 740 to 760): 1.0289998460976763E8
AVG (iterations 760 to 780): 9.794972663599461E7
AVG (iterations 780 to 800): 1.0370220864104243E8
AVG (iterations 800 to 820): 1.0490149856145352E8
AVG (iterations 820 to 840): 1.0636533798171757E8
AVG (iterations 840 to 860): 1.0643405442075571E8
AVG (iterations 860 to 880): 1.0616307327714226E8
AVG (iterations 880 to 900): 1.0966470886566074E8
AVG (iterations 900 to 920): 1.0511518537850708E8
AVG (iterations 920 to 940): 1.0540708152840559E8
AVG (iterations 940 to 960): 1.0717669900915036E8
AVG (iterations 960 to 980): 1.0868064321225746E8
Solution from ACO:
0 (68.2689) --> [28, 42]
1 (37.5800) --> [11]
2 (90.3692) --> [17]
3 (65.0481) --> [40]
4 (120.9275) --> [12]
5 --> []
6 (138.7124) --> [15]
7 (37.8272) --> [21]
8 --> []
9 (104.4935) --> [2, 19]
10 --> []
11 --> []
12 (66.9881) --> [13, 3]
13 (71.1047) --> [5]
14 (152.9257) --> [6]
15 (64.6866) --> [4, 36]
16 (233.0027) --> [18, 20]
17 (101.0272) --> [16, 46]
18 --> []
19 (75.3066) --> [35]
20 (170.6059) --> [37]
21 (118.2575) --> [27, 14]
22 (123.9481) --> [48, 45]
23 --> []
24 (160.5861) --> [22]
25 (13.0969) --> [10]
26 --> []
27 (50.2355) --> [30]
28 (286.1138) --> [43, 39]
29 (122.0561) --> [24, 44]
30 (47.4865) --> [25]
31 --> []
32 (135.3124) --> [33, 31]
33 --> []
34 (56.6612) --> [32]
35 --> []
36 (126.0021) --> [41, 26]
37 (118.0492) --> [7]
38 (107.1049) --> [1, 49]
39 --> []
40 (42.8043) --> [8]
41 (185.1240) --> [34]
42 (42.5340) --> [29]
43 (159.4906) --> [9]
44 (120.0008) --> [23]
45 --> []
46 --> []
47 --> []
48 (102.5640) --> [38, 47]
49 --> []

Solution energy from ACO: 8.467035871780004E7
trying to improve with local search...
final Solution:
0 (68.2689) --> [28, 42]
1 (37.5800) --> [11]
2 (90.3692) --> [17]
3 (65.0481) --> [40]
4 (120.9275) --> [12]
5 --> []
6 (138.7124) --> [15]
7 (37.8272) --> [21]
8 --> []
9 (104.4935) --> [2, 19]
10 --> []
11 --> []
12 (66.9881) --> [13, 3]
13 (71.1047) --> [5]
14 (152.9257) --> [6]
15 (64.6866) --> [4, 36]
16 (233.0027) --> [20, 46]
17 (67.0341) --> [16, 18]
18 --> []
19 (75.3066) --> [35]
20 (170.6059) --> [37]
21 (118.2575) --> [27, 14]
22 (123.9481) --> [48, 45]
23 --> []
24 (160.5861) --> [22]
25 (13.0969) --> [10]
26 --> []
27 (50.2355) --> [30]
28 (286.1138) --> [43, 39]
29 (122.0561) --> [24, 44]
30 (47.4865) --> [25]
31 --> []
32 (135.3124) --> [33, 31]
33 --> []
34 (56.6612) --> [32]
35 --> []
36 (126.0021) --> [41, 26]
37 (118.0492) --> [7]
38 (107.1049) --> [1, 49]
39 --> []
40 (42.8043) --> [8]
41 (185.1240) --> [34]
42 (42.5340) --> [29]
43 (159.4906) --> [9]
44 (120.0008) --> [23]
45 --> []
46 --> []
47 --> []
48 (102.5640) --> [38, 47]
49 --> []

final Solution energy: 8.394044675736904E7
Calculated in 2065ms
Ants=1000, alpha=0.6, beta=3.0, evaporate factor=0.07
(for ../../mebp/mebp-05.dat)
