New best solution in iteration 0: 2.2558620315507565E9
New best solution in iteration 2: 1.1493857478273945E9
New best solution in iteration 6: 1.0338205761981579E9
AVG (iterations 0 to 20): 1.934996803429894E9
AVG (iterations 20 to 40): 2.4380092509688997E9
AVG (iterations 40 to 60): 2.351440264204362E9
New best solution in iteration 66: 7.592478462781764E8
AVG (iterations 60 to 80): 2.6312095474937863E9
AVG (iterations 80 to 100): 2.0892511843169358E9
AVG (iterations 100 to 120): 2.4162998160293756E9
AVG (iterations 120 to 140): 2.316116502603884E9
New best solution in iteration 160: 4.149748842848814E8
AVG (iterations 140 to 160): 1.5665403366810806E9
New best solution in iteration 168: 2.4550282337148166E8
New best solution in iteration 169: 1.4358537829020178E8
New best solution in iteration 176: 1.0648093723919123E8
New best solution in iteration 179: 5.639781765478589E7
AVG (iterations 160 to 180): 6.633169990157025E8
New best solution in iteration 181: 4.646234556081116E7
New best solution in iteration 193: 4.5393355020928465E7
New best solution in iteration 198: 4.518277816578165E7
New best solution in iteration 199: 4.3204997881487E7
AVG (iterations 180 to 200): 9.658945504506603E7
New best solution in iteration 205: 4.286134380427678E7
New best solution in iteration 206: 4.224861539890276E7
New best solution in iteration 212: 4.139639705034546E7
New best solution in iteration 214: 3.922979048826443E7
AVG (iterations 200 to 220): 4.361149815368072E7
New best solution in iteration 229: 3.861391890082257E7
AVG (iterations 220 to 240): 4.244488804515376E7
New best solution in iteration 241: 3.796457106418682E7
New best solution in iteration 248: 3.737278297383202E7
New best solution in iteration 257: 3.734607741669317E7
AVG (iterations 240 to 260): 4.083427666139881E7
AVG (iterations 260 to 280): 4.0517896198573455E7
AVG (iterations 280 to 300): 4.025841051597524E7
New best solution in iteration 304: 3.5972645865442194E7
New best solution in iteration 317: 3.594172263864473E7
AVG (iterations 300 to 320): 3.8036581147028476E7
New best solution in iteration 326: 3.540067558522008E7
New best solution in iteration 329: 3.453211998339671E7
AVG (iterations 320 to 340): 3.6418092176400244E7
AVG (iterations 340 to 360): 3.8441987806105174E7
AVG (iterations 360 to 380): 3.802659373465366E7
AVG (iterations 380 to 400): 3.766616678328637E7
AVG (iterations 400 to 420): 3.7925699824429475E7
AVG (iterations 420 to 440): 3.81071674174629E7
AVG (iterations 440 to 460): 3.8273342014473945E7
AVG (iterations 460 to 480): 3.705926880232938E7
New best solution in iteration 489: 3.449821851200484E7
AVG (iterations 480 to 500): 3.708677838208228E7
AVG (iterations 500 to 520): 3.626374865900774E7
New best solution in iteration 533: 3.428282150317474E7
New best solution in iteration 536: 3.416294647517894E7
AVG (iterations 520 to 540): 3.6703437859912895E7
AVG (iterations 540 to 560): 3.5979643340689346E7
AVG (iterations 560 to 580): 3.582279365489881E7
AVG (iterations 580 to 600): 3.620225090672134E7
AVG (iterations 600 to 620): 3.633453456814032E7
AVG (iterations 620 to 640): 3.60362917867255E7
New best solution in iteration 657: 3.40106057383267E7
AVG (iterations 640 to 660): 3.526312326764734E7
New best solution in iteration 667: 3.398908759003368E7
AVG (iterations 660 to 680): 3.534055085393323E7
AVG (iterations 680 to 700): 3.5518209659747586E7
AVG (iterations 700 to 720): 3.588540178586504E7
AVG (iterations 720 to 740): 3.522240777399104E7
New best solution in iteration 753: 3.3862892797809124E7
AVG (iterations 740 to 760): 3.5271361762946144E7
AVG (iterations 760 to 780): 3.57667457151648E7
AVG (iterations 780 to 800): 3.553856220204528E7
AVG (iterations 800 to 820): 3.565279499127587E7
AVG (iterations 820 to 840): 3.5561708943144366E7
AVG (iterations 840 to 860): 3.539612411305591E7
AVG (iterations 860 to 880): 3.540951610647575E7
AVG (iterations 880 to 900): 3.546329381746535E7
New best solution in iteration 915: 3.377996700787727E7
AVG (iterations 900 to 920): 3.5145767089313254E7
AVG (iterations 920 to 940): 3.520058991863189E7
AVG (iterations 940 to 960): 3.549266489637754E7
AVG (iterations 960 to 980): 3.560516588230113E7
Solution from ACO:
0 (40.7285) --> [171, 69]
1 (21.3588) --> [130]
2 (39.8201) --> [185]
3 (30.9161) --> [198]
4 --> []
5 (55.3400) --> [43, 51]
6 (29.5525) --> [86]
7 (58.2813) --> [75]
8 (17.4676) --> [59]
9 (47.6466) --> [157]
10 --> []
11 (57.9809) --> [42]
12 (38.1589) --> [55]
13 (53.9854) --> [173]
14 (40.7840) --> [161]
15 (35.5397) --> [179]
16 (36.7000) --> [78]
17 (46.5378) --> [110]
18 (2.5724) --> [162]
19 --> []
20 (4.2715) --> [67]
21 --> []
22 --> []
23 (20.6407) --> [190]
24 --> []
25 --> []
26 --> []
27 (50.3562) --> [63]
28 (46.3819) --> [81]
29 (73.1099) --> [123]
30 --> []
31 (39.7530) --> [131]
32 (51.0494) --> [27]
33 --> []
34 (76.0014) --> [56, 100, 98]
35 --> []
36 (35.1801) --> [84]
37 (43.5310) --> [47, 127]
38 --> []
39 --> []
40 --> []
41 --> []
42 (48.0390) --> [182]
43 (54.4692) --> [142]
44 (65.8546) --> [151, 104]
45 (30.9283) --> [118]
46 (105.6102) --> [174]
47 (46.9167) --> [178, 12]
48 (52.6862) --> [77, 80]
49 (8.4353) --> [13]
50 (54.9640) --> [76]
51 (15.3529) --> [102]
52 (68.1860) --> [175]
53 (82.3160) --> [180, 31]
54 (72.8015) --> [62, 65]
55 (74.8431) --> [197, 147]
56 (47.1746) --> [144]
57 (51.6092) --> [126]
58 (24.9277) --> [36]
59 (23.6109) --> [26]
60 (30.1852) --> [37]
61 (36.4333) --> [140]
62 (46.2369) --> [103]
63 (31.0617) --> [121]
64 (18.0722) --> [112]
65 --> []
66 (70.5424) --> [34]
67 (73.1284) --> [58]
68 --> []
69 (29.4563) --> [52, 93]
70 --> []
71 --> []
72 (72.1616) --> [99, 44]
73 (41.8461) --> [5]
74 (28.8107) --> [132]
75 (48.9242) --> [87, 23]
76 (37.5614) --> [35, 57]
77 (62.5016) --> [193]
78 (114.7798) --> [137]
79 --> []
80 (36.9411) --> [92, 101]
81 (75.5467) --> [122, 1]
82 (16.9528) --> [114]
83 --> []
84 (82.4015) --> [125, 96]
85 (44.6462) --> [177]
86 (55.5411) --> [89]
87 (32.7910) --> [32]
88 (98.5318) --> [146, 82]
89 (80.0846) --> [95, 160]
90 (70.5098) --> [111]
91 (64.9405) --> [88, 14]
92 (30.8374) --> [135, 124]
93 (51.6437) --> [166, 18]
94 (15.2533) --> [91]
95 (47.3616) --> [106, 134]
96 (21.7721) --> [2]
97 (96.8174) --> [79]
98 --> []
99 --> []
100 (126.5536) --> [115, 189]
101 --> []
102 (27.1809) --> [149]
103 (28.4072) --> [128]
104 (56.9492) --> [183]
105 (18.3288) --> [22]
106 --> []
107 (74.5503) --> [113, 74, 21]
108 (45.0928) --> [94]
109 (35.7073) --> [4, 68]
110 --> []
111 (13.9654) --> [6]
112 (91.0167) --> [129]
113 --> []
114 --> []
115 (62.3650) --> [155]
116 (72.3381) --> [7, 109]
117 --> []
118 --> []
119 (71.0701) --> [153]
120 --> []
121 (31.6402) --> [170]
122 --> []
123 (80.9227) --> [108, 40]
124 (60.2840) --> [17, 20]
125 (68.1901) --> [38, 187]
126 (37.8438) --> [39]
127 --> []
128 (60.6949) --> [192]
129 --> []
130 --> []
131 (104.4181) --> [168]
132 (30.1803) --> [54]
133 (26.4315) --> [188, 156]
134 (44.1641) --> [196]
135 --> []
136 --> []
137 (83.7552) --> [199, 105]
138 (80.2244) --> [16, 163]
139 (52.4356) --> [143, 64]
140 (76.9992) --> [150, 145]
141 (52.6515) --> [195, 41]
142 --> []
143 (79.8324) --> [152]
144 --> []
145 (70.4235) --> [181]
146 --> []
147 --> []
148 --> []
149 (47.4287) --> [164]
150 --> []
151 (68.6943) --> [33]
152 --> []
153 (66.3294) --> [138, 136]
154 (27.4194) --> [24]
155 --> []
156 (62.4667) --> [107]
157 (69.0185) --> [19, 184]
158 (57.4306) --> [133]
159 (89.1078) --> [176]
160 (63.5724) --> [119, 120]
161 (61.7670) --> [70]
162 (72.3754) --> [148]
163 (18.2451) --> [186]
164 (37.1180) --> [9]
165 (60.6101) --> [50]
166 --> []
167 (57.0983) --> [49]
168 (35.3503) --> [72, 139]
169 --> []
170 (68.3709) --> [29, 117]
171 (38.1331) --> [167, 8]
172 (33.7777) --> [46, 15]
173 (78.9549) --> [3, 116]
174 (56.7737) --> [25]
175 (91.0139) --> [165]
176 (60.7789) --> [158]
177 (57.6737) --> [90]
178 (62.4655) --> [194, 45]
179 --> []
180 (59.2428) --> [85]
181 --> []
182 (50.6223) --> [141]
183 (68.6177) --> [61]
184 (25.9548) --> [10]
185 (37.1011) --> [71]
186 (53.2967) --> [66]
187 (50.9612) --> [11, 154]
188 (60.3101) --> [73]
189 --> []
190 (52.6760) --> [97]
191 --> []
192 (75.3041) --> [169]
193 --> []
194 (73.3116) --> [28]
195 (24.3165) --> [191, 83]
196 (44.2278) --> [60, 159]
197 (84.2134) --> [172, 30, 48]
198 (8.7938) --> [53]
199 --> []

Solution energy from ACO: 3.377996700787727E7
trying to improve with local search...
final Solution:
0 (40.7285) --> [171, 69]
1 (21.3588) --> [130]
2 (39.8201) --> [185]
3 (30.9161) --> [198]
4 --> []
5 (55.3400) --> [43, 51]
6 (29.5525) --> [86]
7 (58.2813) --> [75]
8 (17.4676) --> [59]
9 (47.6466) --> [157]
10 --> []
11 (57.9809) --> [42]
12 (38.1589) --> [55]
13 (53.9854) --> [173]
14 (40.7840) --> [161]
15 (35.5397) --> [179]
16 (36.7000) --> [78]
17 (46.5378) --> [110]
18 (2.5724) --> [162]
19 --> []
20 (4.2715) --> [67]
21 --> []
22 --> []
23 (20.6407) --> [190]
24 --> []
25 --> []
26 --> []
27 (50.3562) --> [63]
28 (46.3819) --> [81]
29 (73.1099) --> [123]
30 --> []
31 (39.7530) --> [131]
32 (51.0494) --> [27]
33 --> []
34 (76.0014) --> [56, 100, 98]
35 --> []
36 (35.1801) --> [84]
37 (43.5310) --> [47, 127]
38 --> []
39 --> []
40 --> []
41 --> []
42 (48.0390) --> [182]
43 (54.4692) --> [142]
44 (65.8546) --> [151, 104]
45 (30.9283) --> [118]
46 (105.6102) --> [174]
47 (46.9167) --> [178, 12]
48 (52.6862) --> [77, 80]
49 (8.4353) --> [13]
50 (54.9640) --> [76]
51 (15.3529) --> [102]
52 (68.1860) --> [175]
53 (82.3160) --> [180, 31]
54 (72.8015) --> [62, 65]
55 (74.8431) --> [197, 147]
56 (47.1746) --> [144]
57 (51.6092) --> [126]
58 (24.9277) --> [36]
59 (23.6109) --> [26]
60 (30.1852) --> [37]
61 (36.4333) --> [140]
62 (46.2369) --> [103]
63 (31.0617) --> [121]
64 (18.0722) --> [112]
65 --> []
66 (70.5424) --> [34]
67 (73.1284) --> [58]
68 --> []
69 (29.4563) --> [52, 93]
70 --> []
71 --> []
72 (72.1616) --> [99, 44]
73 (41.8461) --> [5]
74 (28.8107) --> [132]
75 (48.9242) --> [87, 23]
76 (37.5614) --> [35, 57]
77 (62.5016) --> [193]
78 (114.7798) --> [137]
79 --> []
80 (36.9411) --> [92, 101]
81 (75.5467) --> [122, 1]
82 (16.9528) --> [114]
83 --> []
84 (82.4015) --> [125, 96]
85 (44.6462) --> [177]
86 (55.5411) --> [89]
87 (32.7910) --> [32]
88 (98.5318) --> [146, 82]
89 (80.0846) --> [95, 160]
90 (70.5098) --> [111]
91 (64.9405) --> [88, 14]
92 (30.8374) --> [135, 124]
93 (51.6437) --> [166, 18]
94 (15.2533) --> [91]
95 (47.3616) --> [106, 134]
96 (21.7721) --> [2]
97 (96.8174) --> [79]
98 --> []
99 --> []
100 (126.5536) --> [115, 189]
101 --> []
102 (27.1809) --> [149]
103 (28.4072) --> [128]
104 (56.9492) --> [183]
105 (18.3288) --> [22]
106 --> []
107 (74.5503) --> [113, 74, 21]
108 (45.0928) --> [94]
109 (35.7073) --> [4, 68]
110 --> []
111 (13.9654) --> [6]
112 (91.0167) --> [129]
113 --> []
114 --> []
115 (62.3650) --> [155]
116 (72.3381) --> [7, 109]
117 --> []
118 --> []
119 (71.0701) --> [153]
120 --> []
121 (31.6402) --> [170]
122 --> []
123 (80.9227) --> [108, 40]
124 (60.2840) --> [17, 20]
125 (68.1901) --> [38, 187]
126 (37.8438) --> [39]
127 --> []
128 (60.6949) --> [192]
129 --> []
130 --> []
131 (104.4181) --> [168]
132 (30.1803) --> [54]
133 (26.4315) --> [188, 156]
134 (44.1641) --> [196]
135 --> []
136 --> []
137 (83.7552) --> [199, 105]
138 (80.2244) --> [16, 163]
139 (52.4356) --> [143, 64]
140 (76.9992) --> [150, 145]
141 (52.6515) --> [195, 41]
142 --> []
143 (79.8324) --> [152]
144 --> []
145 (70.4235) --> [181]
146 --> []
147 --> []
148 --> []
149 (47.4287) --> [164]
150 --> []
151 (68.6943) --> [33]
152 --> []
153 (66.3294) --> [138, 136]
154 (27.4194) --> [24]
155 --> []
156 (62.4667) --> [107]
157 (69.0185) --> [19, 184]
158 (57.4306) --> [133]
159 (89.1078) --> [176]
160 (63.5724) --> [119, 120]
161 (61.7670) --> [70]
162 (72.3754) --> [148]
163 (18.2451) --> [186]
164 (37.1180) --> [9]
165 (60.6101) --> [50]
166 --> []
167 (57.0983) --> [49]
168 (35.3503) --> [72, 139]
169 --> []
170 (68.3709) --> [29, 117]
171 (38.1331) --> [167, 8]
172 (33.7777) --> [46, 15]
173 (78.9549) --> [3, 116]
174 (56.7737) --> [25]
175 (91.0139) --> [165]
176 (60.7789) --> [158]
177 (57.6737) --> [90]
178 (62.4655) --> [194, 45]
179 --> []
180 (59.2428) --> [85]
181 --> []
182 (50.6223) --> [141]
183 (68.6177) --> [61]
184 (25.9548) --> [10]
185 (37.1011) --> [71]
186 (53.2967) --> [66]
187 (50.9612) --> [11, 154]
188 (60.3101) --> [73]
189 --> []
190 (52.6760) --> [97]
191 --> []
192 (75.3041) --> [169]
193 --> []
194 (73.3116) --> [28]
195 (24.3165) --> [191, 83]
196 (44.2278) --> [60, 159]
197 (84.2134) --> [172, 30, 48]
198 (8.7938) --> [53]
199 --> []

final Solution energy: 3.377996700787727E7
Calculated in 28902ms
Ants=1000, alpha=0.6, beta=3.0, evaporate factor=0.07
(for ../../mebp/mebp-09.dat)
