New best solution in iteration 0: 3.511657984662252E9
New best solution in iteration 1: 2.487471900528999E9
New best solution in iteration 3: 2.318823995494352E9
New best solution in iteration 7: 1.4270700980538597E9
AVG (iterations 0 to 20): 3.156149375408788E9
AVG (iterations 20 to 40): 3.0908301696604567E9
AVG (iterations 40 to 60): 3.515084647481659E9
AVG (iterations 60 to 80): 3.265100420849949E9
AVG (iterations 80 to 100): 2.9385133839485455E9
AVG (iterations 100 to 120): 3.3831928198312845E9
AVG (iterations 120 to 140): 2.976933222973937E9
New best solution in iteration 150: 1.4071044822885737E9
New best solution in iteration 160: 1.1000366415991008E9
AVG (iterations 140 to 160): 2.78856021715841E9
New best solution in iteration 170: 1.006071376462327E9
New best solution in iteration 171: 6.172748473475544E8
New best solution in iteration 173: 5.917532798387431E8
New best solution in iteration 174: 3.602791096967876E8
AVG (iterations 160 to 180): 1.2157197887648664E9
New best solution in iteration 181: 1.96099783773263E8
New best solution in iteration 187: 1.3748662563788322E8
New best solution in iteration 192: 1.015282026053593E8
New best solution in iteration 194: 4.268675468551706E7
New best solution in iteration 195: 3.492333276764987E7
New best solution in iteration 196: 3.3313421315396193E7
New best solution in iteration 198: 3.0368882787362553E7
AVG (iterations 180 to 200): 2.765007793965932E8
New best solution in iteration 201: 2.9889499960982665E7
New best solution in iteration 210: 2.7217149029719874E7
New best solution in iteration 214: 2.7101305695959296E7
AVG (iterations 200 to 220): 5.827555761607237E7
New best solution in iteration 221: 2.651567166191251E7
AVG (iterations 220 to 240): 2.846221657521413E7
AVG (iterations 240 to 260): 2.795401993594017E7
New best solution in iteration 263: 2.6119036087832537E7
New best solution in iteration 280: 2.5683937629439365E7
AVG (iterations 260 to 280): 2.7152203350220364E7
New best solution in iteration 297: 2.5215960344279308E7
AVG (iterations 280 to 300): 2.7054951795553662E7
AVG (iterations 300 to 320): 2.69364136856801E7
AVG (iterations 320 to 340): 2.6767928972121015E7
New best solution in iteration 356: 2.497574964686713E7
AVG (iterations 340 to 360): 2.650947458255798E7
New best solution in iteration 380: 2.4224326323512163E7
AVG (iterations 360 to 380): 2.593963383191439E7
AVG (iterations 380 to 400): 2.578499098598242E7
AVG (iterations 400 to 420): 2.5446304442558914E7
AVG (iterations 420 to 440): 2.5443414927213788E7
New best solution in iteration 449: 2.396141977477394E7
AVG (iterations 440 to 460): 2.5170499437302742E7
New best solution in iteration 471: 2.3698020536646385E7
New best solution in iteration 479: 2.338100508648499E7
AVG (iterations 460 to 480): 2.5039492166648902E7
AVG (iterations 480 to 500): 2.532673318369863E7
AVG (iterations 500 to 520): 2.54871018364055E7
AVG (iterations 520 to 540): 2.5629241732648917E7
AVG (iterations 540 to 560): 2.5163636272328306E7
AVG (iterations 560 to 580): 2.549345103558926E7
AVG (iterations 580 to 600): 2.555774065432494E7
AVG (iterations 600 to 620): 2.5434028796154853E7
AVG (iterations 620 to 640): 2.5353404489211917E7
AVG (iterations 640 to 660): 2.54428065452026E7
AVG (iterations 660 to 680): 2.5421172923541106E7
AVG (iterations 680 to 700): 2.5423637688954E7
AVG (iterations 700 to 720): 2.5508232425020028E7
AVG (iterations 720 to 740): 2.5406079753881298E7
AVG (iterations 740 to 760): 2.5695718404700793E7
AVG (iterations 760 to 780): 2.5269801696767043E7
AVG (iterations 780 to 800): 2.5507480798451714E7
AVG (iterations 800 to 820): 2.541767045424611E7
AVG (iterations 820 to 840): 2.586969328725786E7
AVG (iterations 840 to 860): 2.543287545473501E7
AVG (iterations 860 to 880): 2.5522357571126368E7
AVG (iterations 880 to 900): 2.536811860509192E7
AVG (iterations 900 to 920): 2.5815838571667492E7
AVG (iterations 920 to 940): 2.5449758950264037E7
AVG (iterations 940 to 960): 2.55590146014271E7
AVG (iterations 960 to 980): 2.5876483477728643E7
Solution from ACO:
0 (51.3952) --> [72, 236, 447]
1 (24.7447) --> [319]
2 (55.2769) --> [247, 452]
3 (38.9570) --> [24, 185]
4 --> []
5 (11.2253) --> [90]
6 (43.1278) --> [193]
7 (33.7214) --> [429]
8 --> []
9 --> []
10 (42.5160) --> [417, 304]
11 --> []
12 (9.4982) --> [488]
13 (5.6851) --> [489]
14 (31.1315) --> [358]
15 (42.6405) --> [143]
16 (29.0061) --> [375]
17 (21.4803) --> [364]
18 (20.7382) --> [110]
19 (49.5346) --> [442]
20 --> []
21 --> []
22 (28.7141) --> [197, 205]
23 (38.6642) --> [189]
24 (41.0264) --> [313]
25 (10.4453) --> [348]
26 (39.9192) --> [206, 393]
27 (31.8810) --> [141]
28 --> []
29 (55.4756) --> [391]
30 --> []
31 (21.7947) --> [394]
32 (20.5905) --> [435]
33 (66.6353) --> [142]
34 (9.4210) --> [147]
35 (17.8505) --> [376]
36 (16.6840) --> [430]
37 (35.8726) --> [354]
38 (22.0088) --> [156]
39 (20.8416) --> [494]
40 (15.3423) --> [484]
41 (27.9797) --> [342, 284]
42 --> []
43 --> []
44 (40.5757) --> [199, 171]
45 (25.6017) --> [425]
46 (11.5983) --> [39]
47 --> []
48 (42.3961) --> [229, 316]
49 (47.5881) --> [249]
50 (33.7891) --> [409]
51 (24.1125) --> [404]
52 (33.9988) --> [264]
53 --> []
54 --> []
55 --> []
56 --> []
57 (72.9223) --> [259]
58 (44.4903) --> [212]
59 (47.2745) --> [238]
60 (32.8603) --> [70, 116]
61 (26.4630) --> [137]
62 --> []
63 (26.1205) --> [419]
64 (30.9094) --> [346]
65 --> []
66 (5.1945) --> [357]
67 (48.6934) --> [66, 246]
68 (37.1111) --> [231, 34]
69 (27.2084) --> [120, 382, 5]
70 (16.8687) --> [78, 163]
71 (20.8113) --> [151]
72 (16.9356) --> [305, 86]
73 (17.2493) --> [253]
74 (63.3685) --> [64, 492]
75 --> []
76 --> []
77 (17.5146) --> [486]
78 --> []
79 --> []
80 (28.3839) --> [162]
81 --> []
82 --> []
83 (30.4531) --> [146, 441]
84 --> []
85 (23.4381) --> [255]
86 (64.3596) --> [33, 472]
87 (17.8442) --> [373]
88 --> []
89 (39.4924) --> [107, 176]
90 (44.0861) --> [121]
91 --> []
92 --> []
93 (20.5606) --> [480]
94 (10.0920) --> [261, 139]
95 (47.1536) --> [87]
96 (47.9939) --> [73, 272]
97 (51.7228) --> [458, 85]
98 (59.7442) --> [397, 150]
99 (57.6006) --> [401]
100 (25.5911) --> [98]
101 --> []
102 (45.6514) --> [228]
103 (8.7476) --> [309]
104 (43.2264) --> [370, 328]
105 (43.0798) --> [278]
106 (50.8889) --> [366, 52]
107 (57.6205) --> [25, 23]
108 (20.6960) --> [343, 127]
109 (54.7307) --> [226]
110 (42.4547) --> [22]
111 (31.9351) --> [129]
112 (30.4741) --> [7]
113 (49.4525) --> [59]
114 (33.5268) --> [102, 100]
115 (39.0790) --> [496, 154]
116 --> []
117 (54.5374) --> [415]
118 (33.7729) --> [280]
119 (38.9336) --> [361]
120 (30.0026) --> [433]
121 --> []
122 (35.8591) --> [58, 271]
123 --> []
124 (6.6663) --> [167]
125 (54.0186) --> [268]
126 (27.6119) --> [454]
127 (38.0182) --> [29]
128 (39.5600) --> [449]
129 (22.1976) --> [177]
130 (39.4779) --> [469]
131 (10.8396) --> [371]
132 (22.7847) --> [35]
133 (49.1422) --> [95]
134 (28.3831) --> [262]
135 (33.3445) --> [230]
136 (23.4328) --> [426]
137 (47.6607) --> [323, 326]
138 (17.7199) --> [459]
139 (16.0824) --> [4]
140 --> []
141 (35.6279) --> [84]
142 (61.2568) --> [270, 83]
143 (27.3276) --> [471]
144 (30.4247) --> [406]
145 (7.4340) --> [159, 490]
146 --> []
147 (36.5457) --> [450, 26]
148 --> []
149 --> []
150 (21.7437) --> [232]
151 (16.8583) --> [44, 396]
152 (33.8625) --> [440, 330]
153 --> []
154 --> []
155 (54.7574) --> [82]
156 (15.7647) --> [138]
157 (12.4058) --> [329]
158 (17.3837) --> [51]
159 (38.3659) --> [241]
160 --> []
161 (43.4445) --> [62]
162 (34.0954) --> [53, 465]
163 --> []
164 (55.1557) --> [434, 390]
165 (51.6040) --> [463, 224, 239]
166 --> []
167 (57.4438) --> [372, 362, 186]
168 (34.7143) --> [152]
169 (50.5689) --> [214, 321]
170 --> []
171 (27.5913) --> [400, 493]
172 (56.2492) --> [216, 332]
173 --> []
174 --> []
175 (24.6231) --> [211, 140]
176 (35.0863) --> [181]
177 (27.0372) --> [267]
178 (52.5908) --> [149, 209]
179 (44.3463) --> [315, 54]
180 --> []
181 (61.9192) --> [431]
182 (34.8917) --> [300]
183 (19.6692) --> [307]
184 (30.1735) --> [133]
185 (27.6758) --> [457, 499]
186 (45.2594) --> [225, 333]
187 (54.8576) --> [477, 386]
188 (59.7244) --> [183]
189 (47.2953) --> [398]
190 --> []
191 (37.6403) --> [75]
192 (24.4518) --> [108]
193 (23.4837) --> [467, 178]
194 (39.8430) --> [310, 487]
195 (41.4572) --> [128, 422]
196 --> []
197 (18.1831) --> [318]
198 (45.7242) --> [113, 418]
199 (39.5275) --> [96]
200 (51.2321) --> [126, 369]
201 (39.0282) --> [192, 497]
202 (11.3675) --> [68]
203 (45.0116) --> [80, 349, 288]
204 (25.7327) --> [303, 495]
205 (38.8808) --> [483]
206 --> []
207 --> []
208 (41.9683) --> [385]
209 --> []
210 (36.8877) --> [383, 194]
211 (26.7218) --> [50]
212 (53.9488) --> [71, 258]
213 (18.1921) --> [387]
214 (3.3700) --> [320]
215 (57.5274) --> [101]
216 (17.2305) --> [104]
217 --> []
218 (24.7335) --> [421]
219 (30.5179) --> [240, 377]
220 --> []
221 --> []
222 (56.8012) --> [242]
223 (45.9451) --> [61]
224 --> []
225 --> []
226 (34.7365) --> [65]
227 (21.3960) --> [353]
228 (49.3515) --> [243]
229 --> []
230 (28.7170) --> [474]
231 (45.9766) --> [322]
232 (29.8526) --> [10]
233 --> []
234 (32.1675) --> [109]
235 (24.6752) --> [169]
236 --> []
237 --> []
238 (52.5876) --> [105, 56]
239 (17.9253) --> [399]
240 --> []
241 --> []
242 (27.0700) --> [3]
243 (9.1519) --> [334]
244 (13.5490) --> [423, 339]
245 --> []
246 --> []
247 (39.8491) --> [297]
248 --> []
249 --> []
250 (29.7454) --> [289]
251 --> []
252 (16.7781) --> [461]
253 (63.6432) --> [31]
254 --> []
255 (9.7846) --> [27]
256 (30.0422) --> [292]
257 (35.2264) --> [17]
258 --> []
259 (47.1112) --> [175]
260 (37.0270) --> [311, 9]
261 (32.0748) --> [42]
262 --> []
263 (4.8676) --> [161]
264 (55.3142) --> [89]
265 --> []
266 (20.9036) --> [475]
267 (22.7703) --> [498, 384]
268 (43.3436) --> [413, 223]
269 (19.0588) --> [263]
270 (18.6568) --> [252]
271 (34.4940) --> [379]
272 (1.7210) --> [131]
273 (27.8989) --> [179]
274 (31.6148) --> [103]
275 (11.4760) --> [118]
276 (7.5911) --> [148]
277 --> []
278 (50.4243) --> [412, 478, 341]
279 (14.9374) --> [30]
280 (18.9298) --> [340]
281 --> []
282 (23.7477) --> [395]
283 (26.5662) --> [32]
284 --> []
285 --> []
286 --> []
287 (7.7234) --> [237]
288 (3.5396) --> [265]
289 (34.1726) --> [217]
290 (34.1815) --> [221]
291 (64.7957) --> [69]
292 (31.1820) --> [257]
293 --> []
294 (15.2750) --> [424, 119]
295 --> []
296 (40.1091) --> [291, 269]
297 (11.8083) --> [347]
298 (7.9000) --> [165]
299 (31.5504) --> [125, 21]
300 (24.6286) --> [286]
301 --> []
302 (56.9125) --> [462]
303 (20.7475) --> [123]
304 (32.0026) --> [491]
305 (34.1806) --> [344]
306 (17.1605) --> [157]
307 (39.5205) --> [200]
308 --> []
309 (53.5162) --> [208, 285, 427]
310 (28.5265) --> [437, 293]
311 --> []
312 (11.9136) --> [367]
313 --> []
314 (7.1412) --> [124]
315 (35.8076) --> [6]
316 (51.4100) --> [298, 190]
317 (18.6937) --> [473]
318 (39.4248) --> [302]
319 (26.9823) --> [439]
320 --> []
321 (57.3634) --> [408]
322 (36.9214) --> [380, 256]
323 (28.6012) --> [222]
324 --> []
325 (35.0333) --> [355, 77, 196]
326 (48.0920) --> [45]
327 (15.5829) --> [210]
328 (37.9787) --> [57, 213]
329 (17.0193) --> [314]
330 (69.4596) --> [173]
331 (34.5532) --> [38]
332 (53.9755) --> [416]
333 (43.7448) --> [365, 215]
334 (13.7579) --> [363, 1]
335 (23.6364) --> [41]
336 (55.7086) --> [204, 20]
337 --> []
338 (10.8607) --> [122]
339 (21.6941) --> [337]
340 (10.4760) --> [335]
341 (49.9431) --> [317, 37]
342 --> []
343 --> []
344 --> []
345 (18.1389) --> [219]
346 (28.3670) --> [91]
347 (20.1812) --> [93]
348 (44.7786) --> [187]
349 (23.2511) --> [446, 15]
350 (44.0036) --> [99]
351 --> []
352 (4.5078) --> [485]
353 (37.2991) --> [49, 281]
354 (62.3751) --> [414]
355 --> []
356 --> []
357 --> []
358 (26.0848) --> [331]
359 (34.7521) --> [301]
360 (44.4684) --> [235]
361 (15.5394) --> [63]
362 (46.2540) --> [46]
363 (12.0726) --> [306]
364 --> []
365 (28.1973) --> [67]
366 --> []
367 (13.8428) --> [174]
368 --> []
369 --> []
370 (29.5895) --> [153]
371 (27.4005) --> [254]
372 --> []
373 --> []
374 --> []
375 (18.3562) --> [40]
376 (13.2054) --> [218]
377 (52.1873) --> [97]
378 --> []
379 (63.5043) --> [336]
380 --> []
381 (21.3937) --> [144, 294]
382 --> []
383 (94.4740) --> [43, 455]
384 (2.9816) --> [19]
385 (48.7223) --> [464, 448]
386 (26.8634) --> [438, 182]
387 (38.7750) --> [266, 48]
388 (53.1331) --> [166]
389 (18.9938) --> [392]
390 (12.2201) --> [405]
391 --> []
392 (39.0626) --> [60]
393 --> []
394 (40.3013) --> [245]
395 (20.8265) --> [195]
396 --> []
397 (22.0194) --> [227]
398 (37.4729) --> [327]
399 (58.5203) --> [308, 299]
400 (20.7662) --> [283]
401 (8.7132) --> [274]
402 (32.2244) --> [198]
403 (62.5147) --> [112]
404 (11.3262) --> [164]
405 (32.9876) --> [11, 145]
406 --> []
407 (52.5057) --> [428, 132]
408 (19.2944) --> [250, 184]
409 (7.6794) --> [158]
410 (0.1513) --> [279]
411 (23.1292) --> [436, 312]
412 --> []
413 --> []
414 --> []
415 (14.8063) --> [12]
416 (41.8466) --> [135]
417 (52.2946) --> [88, 79]
418 --> []
419 (45.3087) --> [352]
420 (10.4726) --> [251]
421 (25.5382) --> [476]
422 --> []
423 (37.9761) --> [207]
424 --> []
425 (40.4471) --> [55]
426 (46.6260) --> [324, 94]
427 (22.5312) --> [2]
428 (33.1041) --> [453]
429 (63.8132) --> [460, 479]
430 (12.6659) --> [468, 191]
431 (42.4761) --> [368]
432 (45.6971) --> [277, 172, 359]
433 (26.8646) --> [18]
434 (36.1860) --> [111]
435 --> []
436 --> []
437 (42.3128) --> [220, 134]
438 (59.1283) --> [168]
439 (22.6187) --> [234]
440 (16.6791) --> [420]
441 (27.0650) --> [296, 248]
442 --> []
443 (22.7041) --> [36]
444 (17.8061) --> [233]
445 (29.8178) --> [466, 350]
446 (26.5308) --> [445]
447 (20.5685) --> [403, 203]
448 (44.2553) --> [411]
449 --> []
450 (34.3647) --> [374, 356]
451 (56.7932) --> [388, 381]
452 --> []
453 (68.6631) --> [360, 351, 188]
454 (49.9965) --> [432, 117, 92]
455 (60.0011) --> [76]
456 (17.3544) --> [130]
457 --> []
458 (50.5801) --> [260, 244]
459 (22.2289) --> [345]
460 (69.3030) --> [47]
461 (65.3979) --> [407]
462 (27.2153) --> [482]
463 --> []
464 (12.4377) --> [114]
465 --> []
466 (34.8995) --> [402]
467 --> []
468 (16.6095) --> [28]
469 --> []
470 (30.9235) --> [8, 451]
471 (29.3370) --> [180]
472 (28.2455) --> [481]
473 (21.1687) --> [202]
474 (40.1958) --> [410]
475 --> []
476 (24.2088) --> [81, 155]
477 (30.5796) --> [287]
478 --> []
479 (39.6346) --> [470, 160]
480 (25.8960) --> [456, 201]
481 (34.3914) --> [106]
482 (22.8928) --> [14]
483 (11.4745) --> [389]
484 (40.2085) --> [170]
485 (41.7586) --> [275]
486 (44.0024) --> [443]
487 (20.2396) --> [325]
488 --> []
489 (79.1003) --> [282, 136]
490 --> []
491 (19.1829) --> [444]
492 --> []
493 (21.9204) --> [13]
494 (30.1238) --> [115, 276]
495 (20.8803) --> [290]
496 (33.1393) --> [338, 295]
497 (32.2235) --> [273, 16]
498 (47.7243) --> [74]
499 (24.3590) --> [378]

Solution energy from ACO: 2.338100508648499E7
trying to improve with local search...
final Solution:
0 (51.3952) --> [72, 236, 447]
1 (24.7447) --> [319]
2 (55.2769) --> [247, 452]
3 (38.9570) --> [24, 185]
4 --> []
5 (11.2253) --> [90]
6 (43.1278) --> [193]
7 (33.7214) --> [429]
8 --> []
9 --> []
10 (42.5160) --> [417, 304]
11 --> []
12 (9.4982) --> [488]
13 (5.6851) --> [489]
14 (31.1315) --> [358]
15 (42.6405) --> [143]
16 (29.0061) --> [375]
17 (21.4803) --> [364]
18 (20.7382) --> [110]
19 (49.5346) --> [442]
20 --> []
21 --> []
22 (28.7141) --> [197, 205]
23 (38.6642) --> [189]
24 (41.0264) --> [313]
25 (10.4453) --> [348]
26 (39.9192) --> [206, 393]
27 (31.8810) --> [141]
28 --> []
29 (55.4756) --> [391]
30 --> []
31 (21.7947) --> [394]
32 (20.5905) --> [435]
33 (66.6353) --> [142]
34 (9.4210) --> [147]
35 (17.8505) --> [376]
36 (16.6840) --> [430]
37 (35.8726) --> [354]
38 (22.0088) --> [156]
39 (20.8416) --> [494]
40 (15.3423) --> [484]
41 (27.9797) --> [342, 284]
42 --> []
43 --> []
44 (40.5757) --> [199, 171]
45 (25.6017) --> [425]
46 (11.5983) --> [39]
47 --> []
48 (42.3961) --> [229, 316]
49 (47.5881) --> [249]
50 (33.7891) --> [409]
51 (24.1125) --> [404]
52 (33.9988) --> [264]
53 --> []
54 --> []
55 --> []
56 --> []
57 (72.9223) --> [259]
58 (44.4903) --> [212]
59 (47.2745) --> [238]
60 (32.8603) --> [70, 116]
61 (26.4630) --> [137]
62 --> []
63 (26.1205) --> [419]
64 (30.9094) --> [346]
65 --> []
66 (5.1945) --> [357]
67 (48.6934) --> [66, 246]
68 (37.1111) --> [231, 34]
69 (27.2084) --> [120, 382, 5]
70 (16.8687) --> [78, 163]
71 (20.8113) --> [151]
72 (16.9356) --> [305, 86]
73 (17.2493) --> [253]
74 (63.3685) --> [64, 492]
75 --> []
76 --> []
77 (17.5146) --> [486]
78 --> []
79 --> []
80 (28.3839) --> [162]
81 --> []
82 --> []
83 (30.4531) --> [146, 441]
84 --> []
85 (23.4381) --> [255]
86 (64.3596) --> [33, 472]
87 (17.8442) --> [373]
88 --> []
89 (39.4924) --> [107, 176]
90 (44.0861) --> [121]
91 --> []
92 --> []
93 (20.5606) --> [480]
94 (10.0920) --> [261, 139]
95 (47.1536) --> [87]
96 (47.9939) --> [73, 272]
97 (51.7228) --> [458, 85]
98 (59.7442) --> [397, 150]
99 (57.6006) --> [401]
100 (25.5911) --> [98]
101 --> []
102 (45.6514) --> [228]
103 (8.7476) --> [309]
104 (43.2264) --> [370, 328]
105 (43.0798) --> [278]
106 (50.8889) --> [366, 52]
107 (57.6205) --> [25, 23]
108 (20.6960) --> [343, 127]
109 (54.7307) --> [226]
110 (42.4547) --> [22]
111 (31.9351) --> [129]
112 (30.4741) --> [7]
113 (49.4525) --> [59]
114 (33.5268) --> [102, 100]
115 (39.0790) --> [496, 154]
116 --> []
117 (54.5374) --> [415]
118 (33.7729) --> [280]
119 (38.9336) --> [361]
120 (30.0026) --> [433]
121 --> []
122 (35.8591) --> [58, 271]
123 --> []
124 (6.6663) --> [167]
125 (54.0186) --> [268]
126 (27.6119) --> [454]
127 (38.0182) --> [29]
128 (39.5600) --> [449]
129 (22.1976) --> [177]
130 (39.4779) --> [469]
131 (10.8396) --> [371]
132 (22.7847) --> [35]
133 (49.1422) --> [95]
134 (28.3831) --> [262]
135 (33.3445) --> [230]
136 (23.4328) --> [426]
137 (47.6607) --> [323, 326]
138 (17.7199) --> [459]
139 (16.0824) --> [4]
140 --> []
141 (35.6279) --> [84]
142 (61.2568) --> [270, 83]
143 (27.3276) --> [471]
144 (30.4247) --> [406]
145 (7.4340) --> [159, 490]
146 --> []
147 (36.5457) --> [450, 26]
148 --> []
149 --> []
150 (21.7437) --> [232]
151 (16.8583) --> [44, 396]
152 (33.8625) --> [440, 330]
153 --> []
154 --> []
155 (54.7574) --> [82]
156 (15.7647) --> [138]
157 (12.4058) --> [329]
158 (17.3837) --> [51]
159 (38.3659) --> [241]
160 --> []
161 (43.4445) --> [62]
162 (34.0954) --> [53, 465]
163 --> []
164 (55.1557) --> [434, 390]
165 (51.6040) --> [463, 224, 239]
166 --> []
167 (57.4438) --> [372, 362, 186]
168 (34.7143) --> [152]
169 (50.5689) --> [214, 321]
170 --> []
171 (27.5913) --> [400, 493]
172 (56.2492) --> [216, 332]
173 --> []
174 --> []
175 (24.6231) --> [211, 140]
176 (35.0863) --> [181]
177 (27.0372) --> [267]
178 (52.5908) --> [149, 209]
179 (44.3463) --> [315, 54]
180 --> []
181 (61.9192) --> [431]
182 (34.8917) --> [300]
183 (19.6692) --> [307]
184 (30.1735) --> [133]
185 (27.6758) --> [457, 499]
186 (45.2594) --> [225, 333]
187 (54.8576) --> [477, 386]
188 (59.7244) --> [183]
189 (47.2953) --> [398]
190 --> []
191 (37.6403) --> [75]
192 (24.4518) --> [108]
193 (23.4837) --> [467, 178]
194 (39.8430) --> [310, 487]
195 (41.4572) --> [128, 422]
196 --> []
197 (18.1831) --> [318]
198 (45.7242) --> [113, 418]
199 (39.5275) --> [96]
200 (51.2321) --> [126, 369]
201 (39.0282) --> [192, 497]
202 (11.3675) --> [68]
203 (45.0116) --> [80, 349, 288]
204 (25.7327) --> [303, 495]
205 (38.8808) --> [483]
206 --> []
207 --> []
208 (41.9683) --> [385]
209 --> []
210 (36.8877) --> [383, 194]
211 (26.7218) --> [50]
212 (53.9488) --> [71, 258]
213 (18.1921) --> [387]
214 (3.3700) --> [320]
215 (57.5274) --> [101]
216 (17.2305) --> [104]
217 --> []
218 (24.7335) --> [421]
219 (30.5179) --> [240, 377]
220 --> []
221 --> []
222 (56.8012) --> [242]
223 (45.9451) --> [61]
224 --> []
225 --> []
226 (34.7365) --> [65]
227 (21.3960) --> [353]
228 (49.3515) --> [243]
229 --> []
230 (28.7170) --> [474]
231 (45.9766) --> [322]
232 (29.8526) --> [10]
233 --> []
234 (32.1675) --> [109]
235 (24.6752) --> [169]
236 --> []
237 --> []
238 (52.5876) --> [105, 56]
239 (17.9253) --> [399]
240 --> []
241 --> []
242 (27.0700) --> [3]
243 (9.1519) --> [334]
244 (13.5490) --> [423, 339]
245 --> []
246 --> []
247 (39.8491) --> [297]
248 --> []
249 --> []
250 (29.7454) --> [289]
251 --> []
252 (16.7781) --> [461]
253 (63.6432) --> [31]
254 --> []
255 (9.7846) --> [27]
256 (30.0422) --> [292]
257 (35.2264) --> [17]
258 --> []
259 (47.1112) --> [175]
260 (37.0270) --> [311, 9]
261 (32.0748) --> [42]
262 --> []
263 (4.8676) --> [161]
264 (55.3142) --> [89]
265 --> []
266 (20.9036) --> [475]
267 (22.7703) --> [498, 384]
268 (43.3436) --> [413, 223]
269 (19.0588) --> [263]
270 (18.6568) --> [252]
271 (34.4940) --> [379]
272 (1.7210) --> [131]
273 (27.8989) --> [179]
274 (31.6148) --> [103]
275 (11.4760) --> [118]
276 (7.5911) --> [148]
277 --> []
278 (50.4243) --> [412, 478, 341]
279 (14.9374) --> [30]
280 (18.9298) --> [340]
281 --> []
282 (23.7477) --> [395]
283 (26.5662) --> [32]
284 --> []
285 --> []
286 --> []
287 (7.7234) --> [237]
288 (3.5396) --> [265]
289 (34.1726) --> [217]
290 (34.1815) --> [221]
291 (64.7957) --> [69]
292 (31.1820) --> [257]
293 --> []
294 (15.2750) --> [424, 119]
295 --> []
296 (40.1091) --> [291, 269]
297 (11.8083) --> [347]
298 (7.9000) --> [165]
299 (31.5504) --> [125, 21]
300 (24.6286) --> [286]
301 --> []
302 (56.9125) --> [462]
303 (20.7475) --> [123]
304 (32.0026) --> [491]
305 (34.1806) --> [344]
306 (17.1605) --> [157]
307 (39.5205) --> [200]
308 --> []
309 (53.5162) --> [208, 285, 427]
310 (28.5265) --> [437, 293]
311 --> []
312 (11.9136) --> [367]
313 --> []
314 (7.1412) --> [124]
315 (35.8076) --> [6]
316 (51.4100) --> [298, 190]
317 (18.6937) --> [473]
318 (39.4248) --> [302]
319 (26.9823) --> [439]
320 --> []
321 (57.3634) --> [408]
322 (36.9214) --> [380, 256]
323 (28.6012) --> [222]
324 --> []
325 (35.0333) --> [355, 77, 196]
326 (48.0920) --> [45]
327 (15.5829) --> [210]
328 (37.9787) --> [57, 213]
329 (17.0193) --> [314]
330 (69.4596) --> [173]
331 (34.5532) --> [38]
332 (53.9755) --> [416]
333 (43.7448) --> [365, 215]
334 (13.7579) --> [363, 1]
335 (23.6364) --> [41]
336 (55.7086) --> [204, 20]
337 --> []
338 (10.8607) --> [122]
339 (21.6941) --> [337]
340 (10.4760) --> [335]
341 (49.9431) --> [317, 37]
342 --> []
343 --> []
344 --> []
345 (18.1389) --> [219]
346 (28.3670) --> [91]
347 (20.1812) --> [93]
348 (44.7786) --> [187]
349 (23.2511) --> [446, 15]
350 (44.0036) --> [99]
351 --> []
352 (4.5078) --> [485]
353 (37.2991) --> [49, 281]
354 (62.3751) --> [414]
355 --> []
356 --> []
357 --> []
358 (26.0848) --> [331]
359 (34.7521) --> [301]
360 (44.4684) --> [235]
361 (15.5394) --> [63]
362 (46.2540) --> [46]
363 (12.0726) --> [306]
364 --> []
365 (28.1973) --> [67]
366 --> []
367 (13.8428) --> [174]
368 --> []
369 --> []
370 (29.5895) --> [153]
371 (27.4005) --> [254]
372 --> []
373 --> []
374 --> []
375 (18.3562) --> [40]
376 (13.2054) --> [218]
377 (52.1873) --> [97]
378 --> []
379 (63.5043) --> [336]
380 --> []
381 (21.3937) --> [144, 294]
382 --> []
383 (94.4740) --> [43, 455]
384 (2.9816) --> [19]
385 (48.7223) --> [464, 448]
386 (26.8634) --> [438, 182]
387 (38.7750) --> [266, 48]
388 (53.1331) --> [166]
389 (18.9938) --> [392]
390 (12.2201) --> [405]
391 --> []
392 (39.0626) --> [60]
393 --> []
394 (40.3013) --> [245]
395 (20.8265) --> [195]
396 --> []
397 (22.0194) --> [227]
398 (37.4729) --> [327]
399 (58.5203) --> [308, 299]
400 (20.7662) --> [283]
401 (8.7132) --> [274]
402 (32.2244) --> [198]
403 (62.5147) --> [112]
404 (11.3262) --> [164]
405 (32.9876) --> [11, 145]
406 --> []
407 (52.5057) --> [428, 132]
408 (19.2944) --> [250, 184]
409 (7.6794) --> [158]
410 (0.1513) --> [279]
411 (23.1292) --> [436, 312]
412 --> []
413 --> []
414 --> []
415 (14.8063) --> [12]
416 (41.8466) --> [135]
417 (52.2946) --> [88, 79]
418 --> []
419 (45.3087) --> [352]
420 (10.4726) --> [251]
421 (25.5382) --> [476]
422 --> []
423 (37.9761) --> [207]
424 --> []
425 (40.4471) --> [55]
426 (46.6260) --> [324, 94]
427 (22.5312) --> [2]
428 (33.1041) --> [453]
429 (63.8132) --> [460, 479]
430 (12.6659) --> [468, 191]
431 (42.4761) --> [368]
432 (45.6971) --> [277, 172, 359]
433 (26.8646) --> [18]
434 (36.1860) --> [111]
435 --> []
436 --> []
437 (42.3128) --> [220, 134]
438 (59.1283) --> [168]
439 (22.6187) --> [234]
440 (16.6791) --> [420]
441 (27.0650) --> [296, 248]
442 --> []
443 (22.7041) --> [36]
444 (17.8061) --> [233]
445 (29.8178) --> [466, 350]
446 (26.5308) --> [445]
447 (20.5685) --> [403, 203]
448 (44.2553) --> [411]
449 --> []
450 (34.3647) --> [374, 356]
451 (56.7932) --> [388, 381]
452 --> []
453 (68.6631) --> [360, 351, 188]
454 (49.9965) --> [432, 117, 92]
455 (60.0011) --> [76]
456 (17.3544) --> [130]
457 --> []
458 (50.5801) --> [260, 244]
459 (22.2289) --> [345]
460 (69.3030) --> [47]
461 (65.3979) --> [407]
462 (27.2153) --> [482]
463 --> []
464 (12.4377) --> [114]
465 --> []
466 (34.8995) --> [402]
467 --> []
468 (16.6095) --> [28]
469 --> []
470 (30.9235) --> [8, 451]
471 (29.3370) --> [180]
472 (28.2455) --> [481]
473 (21.1687) --> [202]
474 (40.1958) --> [410]
475 --> []
476 (24.2088) --> [81, 155]
477 (30.5796) --> [287]
478 --> []
479 (39.6346) --> [470, 160]
480 (25.8960) --> [456, 201]
481 (34.3914) --> [106]
482 (22.8928) --> [14]
483 (11.4745) --> [389]
484 (40.2085) --> [170]
485 (41.7586) --> [275]
486 (44.0024) --> [443]
487 (20.2396) --> [325]
488 --> []
489 (79.1003) --> [282, 136]
490 --> []
491 (19.1829) --> [444]
492 --> []
493 (21.9204) --> [13]
494 (30.1238) --> [115, 276]
495 (20.8803) --> [290]
496 (33.1393) --> [338, 295]
497 (32.2235) --> [273, 16]
498 (47.7243) --> [74]
499 (24.3590) --> [378]

final Solution energy: 2.338100508648499E7
Calculated in 360404ms
Ants=1000, alpha=0.6, beta=3.0, evaporate factor=0.07
(for ../../mebp/mebp-11.dat)
