New best solution in iteration 0: 1.1416066505468721E9
New best solution in iteration 1: 9.986981573729876E8
New best solution in iteration 2: 8.54511471301137E8
New best solution in iteration 10: 4.9766513037448496E8
AVG (iterations 0 to 20): 1.223801245022596E9
AVG (iterations 20 to 40): 1.2652115208097162E9
AVG (iterations 40 to 60): 1.4230061894242756E9
New best solution in iteration 73: 4.085039534553106E8
AVG (iterations 60 to 80): 1.0656164454527477E9
AVG (iterations 80 to 100): 1.2711722130326016E9
AVG (iterations 100 to 120): 1.369793942099465E9
New best solution in iteration 133: 3.776521683688085E8
AVG (iterations 120 to 140): 1.2262941129963272E9
New best solution in iteration 146: 3.7544568506471306E8
New best solution in iteration 151: 2.791614127408783E8
New best solution in iteration 155: 2.4879384068189573E8
AVG (iterations 140 to 160): 7.741005358563035E8
New best solution in iteration 165: 1.6770270383105928E8
New best solution in iteration 171: 1.338905639263123E8
AVG (iterations 160 to 180): 3.1249469428124654E8
New best solution in iteration 183: 1.1885931389474504E8
New best solution in iteration 184: 1.0378347679915348E8
New best solution in iteration 186: 9.642126063541695E7
AVG (iterations 180 to 200): 1.2940598786207333E8
New best solution in iteration 202: 8.69117648721313E7
New best solution in iteration 212: 8.076369648807429E7
AVG (iterations 200 to 220): 1.1008063834932813E8
AVG (iterations 220 to 240): 1.0099098955257943E8
New best solution in iteration 252: 8.059276626475705E7
AVG (iterations 240 to 260): 9.190583573887457E7
New best solution in iteration 266: 8.002449009749335E7
New best solution in iteration 275: 7.841376228387816E7
New best solution in iteration 276: 7.831815830060901E7
AVG (iterations 260 to 280): 9.043492107990552E7
AVG (iterations 280 to 300): 9.054365302657656E7
AVG (iterations 300 to 320): 8.560417539378485E7
AVG (iterations 320 to 340): 8.666625948273507E7
AVG (iterations 340 to 360): 8.665219464068016E7
AVG (iterations 360 to 380): 8.908819907910503E7
AVG (iterations 380 to 400): 8.821944091984865E7
New best solution in iteration 416: 7.824030305045211E7
AVG (iterations 400 to 420): 8.261754027967492E7
AVG (iterations 420 to 440): 8.222608639404458E7
AVG (iterations 440 to 460): 8.47834231708177E7
AVG (iterations 460 to 480): 8.335234904063502E7
AVG (iterations 480 to 500): 8.511148089777979E7
AVG (iterations 500 to 520): 8.88071252510176E7
AVG (iterations 520 to 540): 8.752243912302803E7
AVG (iterations 540 to 560): 8.588265876198795E7
AVG (iterations 560 to 580): 8.491099835578458E7
AVG (iterations 580 to 600): 8.490653004685834E7
AVG (iterations 600 to 620): 9.001612159490255E7
AVG (iterations 620 to 640): 8.817234479602055E7
AVG (iterations 640 to 660): 8.915262964509547E7
AVG (iterations 660 to 680): 8.751390387529768E7
AVG (iterations 680 to 700): 8.511227469940707E7
AVG (iterations 700 to 720): 8.545796194913705E7
AVG (iterations 720 to 740): 8.620444527403407E7
AVG (iterations 740 to 760): 9.04693477619466E7
AVG (iterations 760 to 780): 9.148044227209504E7
AVG (iterations 780 to 800): 9.1611607259626E7
AVG (iterations 800 to 820): 8.378280442718217E7
AVG (iterations 820 to 840): 8.431906913842371E7
AVG (iterations 840 to 860): 8.761829280713157E7
AVG (iterations 860 to 880): 8.652349326266287E7
AVG (iterations 880 to 900): 8.841790404761605E7
AVG (iterations 900 to 920): 8.806145959732464E7
AVG (iterations 920 to 940): 8.730210718899658E7
AVG (iterations 940 to 960): 8.642856621019563E7
AVG (iterations 960 to 980): 8.653073110899374E7
Solution from ACO:
0 (181.8040) --> [3, 14]
1 --> []
2 --> []
3 (77.7078) --> [49]
4 --> []
5 (66.6012) --> [26, 19]
6 (96.5555) --> [47, 21]
7 (141.3560) --> [41]
8 (142.6103) --> [34]
9 (148.3433) --> [2, 44]
10 (131.5587) --> [45]
11 --> []
12 --> []
13 (92.4554) --> [23]
14 (156.6540) --> [18, 42]
15 (162.6422) --> [38, 20]
16 (197.9815) --> [11]
17 (119.3596) --> [32]
18 (106.4422) --> [27]
19 (25.5548) --> [6]
20 (154.0292) --> [35]
21 (36.7212) --> [28]
22 (109.2235) --> [4]
23 (78.7153) --> [17]
24 (23.6237) --> [30]
25 (123.4820) --> [48, 9]
26 (154.9756) --> [22, 13]
27 (89.2170) --> [12, 36, 24]
28 (53.1161) --> [37]
29 (64.6994) --> [39]
30 --> []
31 --> []
32 --> []
33 (107.9216) --> [1]
34 --> []
35 (125.2709) --> [31, 5]
36 (166.3046) --> [10]
37 --> []
38 (28.5112) --> [7]
39 --> []
40 --> []
41 (151.7103) --> [8]
42 --> []
43 (89.0600) --> [33]
44 --> []
45 (169.6529) --> [25, 16]
46 (97.0348) --> [43]
47 (202.7207) --> [40, 29]
48 (104.6767) --> [15]
49 (49.0433) --> [46]

Solution energy from ACO: 7.824030305045211E7
trying to improve with local search...
final Solution:
0 (181.8040) --> [3, 14]
1 --> []
2 --> []
3 (77.7078) --> [49]
4 --> []
5 (66.6012) --> [26, 19]
6 (96.5555) --> [47, 37]
7 (28.5112) --> [38]
8 (142.6103) --> [34]
9 (148.3433) --> [2, 44]
10 (131.5587) --> [45]
11 --> []
12 --> []
13 (92.4554) --> [23]
14 (156.6540) --> [18, 42]
15 (148.9989) --> [20, 7]
16 (197.9815) --> [11]
17 (119.3596) --> [32]
18 (106.4422) --> [27]
19 (25.5548) --> [6]
20 (154.0292) --> [35]
21 (36.7212) --> [28]
22 (109.2235) --> [4]
23 (78.7153) --> [17]
24 (23.6237) --> [30]
25 (123.4820) --> [48, 9]
26 (154.9756) --> [22, 13]
27 (89.2170) --> [12, 36, 24]
28 (36.7212) --> [21]
29 (64.6994) --> [39]
30 --> []
31 --> []
32 --> []
33 (107.9216) --> [1]
34 --> []
35 (125.2709) --> [31, 5]
36 (166.3046) --> [10]
37 --> []
38 (147.8228) --> [41]
39 --> []
40 --> []
41 (151.7103) --> [8]
42 --> []
43 (89.0600) --> [33]
44 --> []
45 (169.6529) --> [25, 16]
46 (97.0348) --> [43]
47 (202.7207) --> [40, 29]
48 (104.6767) --> [15]
49 (49.0433) --> [46]

final Solution energy: 7.755119543318662E7
Calculated in 2118ms
Ants=1000, alpha=0.6, beta=3.0, evaporate factor=0.07
(for ../../mebp/mebp-06.dat)
