New best solution in iteration 0: 6.825561514847818E9
New best solution in iteration 1: 3.2695733950176806E9
New best solution in iteration 5: 2.2038338316592636E9
AVG (iterations 0 to 20): 3.9823637914070992E9
New best solution in iteration 25: 2.1271399139214818E9
New best solution in iteration 32: 1.8355209063879302E9
AVG (iterations 20 to 40): 3.1322441789409485E9
New best solution in iteration 44: 1.5518345341467757E9
AVG (iterations 40 to 60): 3.7349927259754653E9
AVG (iterations 60 to 80): 3.126410758958341E9
AVG (iterations 80 to 100): 3.3159003611350403E9
AVG (iterations 100 to 120): 3.4342492347559786E9
AVG (iterations 120 to 140): 3.3649423731478257E9
AVG (iterations 140 to 160): 3.0597984215124655E9
New best solution in iteration 168: 1.4565657667355924E9
New best solution in iteration 169: 1.2886227200398898E9
New best solution in iteration 170: 9.376871392573395E8
New best solution in iteration 171: 6.982947625231891E8
New best solution in iteration 180: 4.8447970059869933E8
AVG (iterations 160 to 180): 1.582274548892602E9
New best solution in iteration 181: 3.1444024465244526E8
New best solution in iteration 182: 2.1218398137997437E8
New best solution in iteration 185: 1.604166696474123E8
New best solution in iteration 188: 7.797445481274536E7
New best solution in iteration 190: 6.006526298071315E7
New best solution in iteration 193: 3.0295211899571955E7
AVG (iterations 180 to 200): 2.0140892771261686E8
New best solution in iteration 206: 2.8595438175199356E7
New best solution in iteration 210: 2.5377116002852418E7
AVG (iterations 200 to 220): 4.3520636879031226E7
New best solution in iteration 222: 2.533941884974651E7
AVG (iterations 220 to 240): 2.9260913848611664E7
New best solution in iteration 247: 2.488615433426891E7
AVG (iterations 240 to 260): 2.6356127508447148E7
New best solution in iteration 269: 2.4617076636618298E7
New best solution in iteration 275: 2.4431526334957555E7
AVG (iterations 260 to 280): 2.5765679589777473E7
New best solution in iteration 297: 2.433485484115538E7
AVG (iterations 280 to 300): 2.5867653374508657E7
New best solution in iteration 317: 2.402852213099323E7
AVG (iterations 300 to 320): 2.5866161586461637E7
AVG (iterations 320 to 340): 2.5497443023329686E7
AVG (iterations 340 to 360): 2.5716391043543883E7
AVG (iterations 360 to 380): 2.5404091162533496E7
New best solution in iteration 395: 2.4025071062407985E7
AVG (iterations 380 to 400): 2.5706257893133335E7
AVG (iterations 400 to 420): 2.5196045554734357E7
AVG (iterations 420 to 440): 2.497179022282287E7
AVG (iterations 440 to 460): 2.4779225098625537E7
New best solution in iteration 461: 2.3366558016882252E7
AVG (iterations 460 to 480): 2.4681149190482534E7
AVG (iterations 480 to 500): 2.495698012000575E7
AVG (iterations 500 to 520): 2.497747467617159E7
AVG (iterations 520 to 540): 2.505293062314703E7
AVG (iterations 540 to 560): 2.519113982369831E7
AVG (iterations 560 to 580): 2.5106970778729267E7
New best solution in iteration 585: 2.3170038645055182E7
AVG (iterations 580 to 600): 2.5001382887457173E7
AVG (iterations 600 to 620): 2.508701794484129E7
AVG (iterations 620 to 640): 2.4749291468887497E7
AVG (iterations 640 to 660): 2.4818879972457536E7
AVG (iterations 660 to 680): 2.5104813932209965E7
AVG (iterations 680 to 700): 2.5048465459453892E7
New best solution in iteration 701: 2.3053334433598157E7
AVG (iterations 700 to 720): 2.4721209003798444E7
AVG (iterations 720 to 740): 2.4780248897471733E7
AVG (iterations 740 to 760): 2.46204504165944E7
AVG (iterations 760 to 780): 2.4712673748281687E7
AVG (iterations 780 to 800): 2.4613578892511338E7
AVG (iterations 800 to 820): 2.4643004503868617E7
AVG (iterations 820 to 840): 2.4641222248086065E7
AVG (iterations 840 to 860): 2.4466546959762853E7
AVG (iterations 860 to 880): 2.462116862555053E7
AVG (iterations 880 to 900): 2.4782824213879865E7
AVG (iterations 900 to 920): 2.48730517931422E7
AVG (iterations 920 to 940): 2.4492279318806153E7
AVG (iterations 940 to 960): 2.436266096037928E7
AVG (iterations 960 to 980): 2.4507693646149404E7
Solution from ACO:
0 (38.8185) --> [279, 98]
1 --> []
2 (26.5090) --> [282]
3 --> []
4 (43.5359) --> [254, 192]
5 (27.9633) --> [449]
6 (20.3847) --> [68]
7 (39.5221) --> [423, 491]
8 (40.9985) --> [178, 166]
9 (58.9411) --> [140]
10 (53.5635) --> [96]
11 (33.0099) --> [5]
12 --> []
13 (22.4788) --> [14]
14 (17.5338) --> [23]
15 (44.8793) --> [323]
16 (24.6583) --> [456]
17 (34.7839) --> [137]
18 --> []
19 (29.5574) --> [357]
20 --> []
21 (19.9264) --> [159, 142]
22 (38.2720) --> [487]
23 (70.2501) --> [101]
24 (31.1814) --> [207]
25 (42.0786) --> [474, 246]
26 (0.3041) --> [330]
27 (17.5477) --> [167, 202]
28 --> []
29 (23.3376) --> [481]
30 (7.7806) --> [451]
31 (26.2886) --> [277]
32 (43.9683) --> [126]
33 --> []
34 --> []
35 --> []
36 (34.2640) --> [141]
37 --> []
38 (41.4123) --> [304]
39 (34.9365) --> [358]
40 (18.3260) --> [436]
41 (44.0476) --> [193]
42 (79.9601) --> [354]
43 (23.4394) --> [177]
44 (18.0590) --> [212]
45 --> []
46 (16.8037) --> [379]
47 (47.7449) --> [285, 338]
48 (18.7255) --> [480]
49 (28.1599) --> [249, 425]
50 (32.2746) --> [220, 130]
51 (52.1560) --> [388, 41]
52 --> []
53 --> []
54 (33.9513) --> [315]
55 (41.3990) --> [319, 376]
56 (59.6487) --> [412]
57 --> []
58 (15.5512) --> [125]
59 (47.0887) --> [444, 22]
60 (49.1180) --> [340, 438]
61 (26.4968) --> [172]
62 (42.9024) --> [132]
63 --> []
64 (22.6269) --> [442]
65 (49.5154) --> [326]
66 (19.8117) --> [27]
67 --> []
68 --> []
69 (20.1963) --> [433]
70 (19.5701) --> [16]
71 --> []
72 --> []
73 (30.4790) --> [35]
74 (15.7207) --> [114]
75 (43.9364) --> [104, 366, 407]
76 (4.7831) --> [251]
77 --> []
78 --> []
79 --> []
80 (43.3977) --> [469]
81 (9.0574) --> [374]
82 --> []
83 --> []
84 (24.7473) --> [74]
85 (25.0236) --> [61, 204]
86 (12.2390) --> [385]
87 --> []
88 (19.5462) --> [396, 102]
89 --> []
90 (37.1164) --> [221]
91 (60.5837) --> [108, 129]
92 (24.7539) --> [312]
93 (34.8390) --> [169]
94 (31.9053) --> [155]
95 (30.0268) --> [322, 267]
96 (7.0654) --> [67]
97 --> []
98 (48.6328) --> [162, 466, 395]
99 (61.2460) --> [235]
100 --> []
101 (49.6472) --> [424]
102 (31.9085) --> [381]
103 (39.2305) --> [216, 13]
104 (24.6065) --> [372]
105 (27.7047) --> [404]
106 (23.9405) --> [413]
107 (2.4377) --> [497]
108 (15.6686) --> [382]
109 (47.3347) --> [175, 380]
110 (13.2636) --> [82]
111 (10.4282) --> [2]
112 (42.2776) --> [122]
113 (23.4853) --> [146]
114 (47.1627) --> [316, 28]
115 --> []
116 (17.8175) --> [112]
117 (35.4868) --> [275]
118 (30.8362) --> [184, 346]
119 --> []
120 (42.3800) --> [472, 253]
121 --> []
122 (45.2671) --> [124]
123 --> []
124 (58.9898) --> [227, 435]
125 (59.5966) --> [494]
126 (56.1410) --> [233, 347]
127 (62.1003) --> [473, 260]
128 --> []
129 (62.4579) --> [144]
130 (27.6814) --> [150]
131 (23.6890) --> [302]
132 --> []
133 (56.2307) --> [226]
134 (22.0112) --> [163]
135 (39.8860) --> [299]
136 (35.1625) --> [164]
137 (36.0694) --> [247]
138 --> []
139 (6.8373) --> [215]
140 (51.3955) --> [119]
141 (26.9298) --> [419, 418]
142 (11.5748) --> [168]
143 (19.9626) --> [118]
144 (54.6290) --> [62, 391]
145 (48.2001) --> [10, 87]
146 (35.1518) --> [370, 490]
147 (36.4742) --> [422]
148 --> []
149 --> []
150 (48.7665) --> [339]
151 --> []
152 --> []
153 --> []
154 (16.0577) --> [211]
155 --> []
156 (22.2595) --> [149]
157 (2.0180) --> [85]
158 --> []
159 (34.0871) --> [43]
160 (41.4841) --> [83, 208]
161 --> []
162 --> []
163 (26.9217) --> [213, 234]
164 (38.0554) --> [252]
165 (30.4340) --> [392]
166 (27.2402) --> [180]
167 (23.4340) --> [269]
168 (26.6761) --> [411, 236, 331]
169 (20.8254) --> [454]
170 (27.9104) --> [367]
171 --> []
172 (25.6479) --> [64, 293, 115]
173 (68.8717) --> [203, 296]
174 --> []
175 (33.5498) --> [350, 410]
176 (21.8066) --> [173]
177 --> []
178 (13.1490) --> [81, 383]
179 (34.6075) --> [439]
180 (27.5271) --> [429, 409]
181 --> []
182 --> []
183 --> []
184 (14.3945) --> [103]
185 --> []
186 (31.5568) --> [486]
187 (31.9739) --> [225]
188 --> []
189 (14.3563) --> [134]
190 --> []
191 (34.1332) --> [295, 97]
192 (42.2916) --> [77, 384]
193 --> []
194 (34.8479) --> [467, 453]
195 (6.1353) --> [26]
196 (36.4672) --> [56, 199]
197 (22.0106) --> [182, 327]
198 (26.6047) --> [110]
199 (19.3435) --> [29]
200 (43.3646) --> [88]
201 --> []
202 (44.5198) --> [8]
203 (44.2845) --> [120, 241]
204 --> []
205 (33.4214) --> [397]
206 (31.2873) --> [222]
207 (54.9944) --> [303]
208 (44.5904) --> [349, 39]
209 (25.3180) --> [239]
210 --> []
211 (26.2746) --> [378]
212 --> []
213 --> []
214 (41.7320) --> [70]
215 (34.3776) --> [414]
216 --> []
217 (6.6914) --> [245]
218 (14.3542) --> [94]
219 (24.8441) --> [65]
220 --> []
221 --> []
222 --> []
223 (11.9921) --> [31]
224 --> []
225 (33.9930) --> [48, 55]
226 (44.4926) --> [190]
227 (22.4707) --> [460]
228 (4.2679) --> [40]
229 (60.7534) --> [359, 458]
230 --> []
231 (40.1186) --> [38, 461]
232 (38.5876) --> [133, 151, 465]
233 (18.1669) --> [287, 243]
234 (32.0154) --> [408]
235 (46.4539) --> [485, 195, 42]
236 (55.0576) --> [4]
237 --> []
238 (55.4856) --> [201]
239 (25.9446) --> [237, 272]
240 (44.8729) --> [91]
241 (15.3047) --> [369]
242 --> []
243 (36.2577) --> [484]
244 (44.0217) --> [387]
245 (19.7404) --> [147]
246 (18.5623) --> [46]
247 (48.0579) --> [450]
248 (23.6232) --> [58]
249 (18.4502) --> [402]
250 (32.3985) --> [477, 470]
251 (40.1898) --> [188]
252 --> []
253 (47.5346) --> [399, 121]
254 --> []
255 (25.2369) --> [271]
256 (23.1515) --> [415, 230]
257 (86.6927) --> [53, 63]
258 (43.2285) --> [445, 223]
259 (19.3791) --> [157]
260 --> []
261 --> []
262 (5.9469) --> [92]
263 (37.4654) --> [291, 298]
264 (52.1683) --> [342]
265 --> []
266 (26.0428) --> [368, 356]
267 (38.9529) --> [420, 181]
268 (46.2285) --> [80, 214, 209]
269 (36.0455) --> [400, 111]
270 (44.3857) --> [386]
271 (42.2191) --> [345]
272 (41.4858) --> [266]
273 (60.7034) --> [459]
274 --> []
275 (49.8597) --> [443]
276 --> []
277 (3.9373) --> [448]
278 --> []
279 (26.6340) --> [3, 483]
280 --> []
281 --> []
282 --> []
283 (6.3742) --> [355]
284 (19.7917) --> [21]
285 (9.2146) --> [283]
286 (31.2010) --> [18, 100]
287 --> []
288 (34.6957) --> [196]
289 (29.3247) --> [240]
290 --> []
291 --> []
292 --> []
293 (21.8066) --> [95]
294 --> []
295 (49.4754) --> [224]
296 (29.1928) --> [72]
297 (52.2838) --> [440]
298 (46.9846) --> [341, 360]
299 (45.2886) --> [57, 373]
300 (46.9776) --> [265]
301 (26.3853) --> [51]
302 --> []
303 (31.6896) --> [139, 464]
304 --> []
305 (51.1655) --> [244]
306 (19.0598) --> [403]
307 (12.5542) --> [50]
308 --> []
309 (46.2610) --> [478]
310 (14.2395) --> [15]
311 (36.8712) --> [250]
312 (39.3626) --> [261]
313 (52.4679) --> [495, 255]
314 (53.5034) --> [281]
315 (20.1839) --> [417]
316 (31.5344) --> [462]
317 (20.7799) --> [45]
318 (66.1019) --> [242, 17, 153]
319 (32.0788) --> [109]
320 (27.8056) --> [136]
321 (41.8348) --> [229]
322 (37.3818) --> [30]
323 (38.1582) --> [160]
324 (22.3223) --> [117]
325 (35.0917) --> [128]
326 (40.1853) --> [278, 335]
327 (32.0481) --> [165, 405]
328 --> []
329 (36.7893) --> [36, 174]
330 --> []
331 (50.2653) --> [492]
332 (23.6726) --> [479]
333 (28.3982) --> [489, 463]
334 (16.8393) --> [179]
335 (65.8235) --> [210, 361]
336 (47.1024) --> [47]
337 (26.0381) --> [336, 105]
338 (43.2089) --> [328]
339 --> []
340 (10.6461) --> [113]
341 --> []
342 --> []
343 --> []
344 (30.5963) --> [432]
345 (21.0647) --> [183]
346 --> []
347 (55.6405) --> [307]
348 (11.8615) --> [206]
349 --> []
350 (48.0927) --> [248]
351 (35.4329) --> [324, 288]
352 (31.6437) --> [176, 186]
353 --> []
354 (46.0338) --> [390, 452]
355 (37.5254) --> [468]
356 (43.0650) --> [145]
357 (32.6841) --> [377]
358 --> []
359 --> []
360 (37.3724) --> [426, 25]
361 (24.5866) --> [313]
362 --> []
363 (28.3236) --> [393]
364 (6.6324) --> [19]
365 (30.1914) --> [301]
366 (35.7184) --> [311]
367 (23.6120) --> [308]
368 (51.8551) --> [371, 99]
369 (14.2557) --> [317]
370 (31.9044) --> [12, 337]
371 --> []
372 (40.6506) --> [406]
373 (58.3473) --> [273, 314]
374 (58.2786) --> [309]
375 (23.4090) --> [52, 488]
376 (14.2717) --> [78, 228]
377 (33.1113) --> [44]
378 (33.0129) --> [20]
379 (48.3829) --> [352]
380 (21.9066) --> [54]
381 (35.7300) --> [499]
382 --> []
383 (49.8669) --> [482]
384 (49.3046) --> [362, 431, 84]
385 --> []
386 --> []
387 (40.2885) --> [143]
388 (24.7533) --> [9]
389 --> []
390 (37.6345) --> [200]
391 (57.0689) --> [318]
392 (10.6374) --> [475]
393 (44.5422) --> [219]
394 (57.0959) --> [34, 258]
395 (21.2524) --> [430]
396 (53.9987) --> [284]
397 --> []
398 (35.2420) --> [158]
399 (53.9112) --> [156, 6]
400 (32.4341) --> [329]
401 (65.1906) --> [286]
402 (17.0226) --> [89, 365]
403 (21.6630) --> [344]
404 (19.3648) --> [187]
405 (47.7720) --> [1, 49]
406 (34.2023) --> [416]
407 --> []
408 (22.7702) --> [152, 276]
409 (32.3485) --> [290]
410 (16.0330) --> [297]
411 --> []
412 --> []
413 (37.4932) --> [264]
414 (43.5765) --> [79]
415 --> []
416 --> []
417 (64.1245) --> [375, 447]
418 (39.9249) --> [194]
419 (11.8780) --> [364]
420 (14.6975) --> [154]
421 (63.5422) --> [107, 24]
422 (43.2400) --> [33, 394, 259]
423 (48.1713) --> [476, 171]
424 --> []
425 (32.6336) --> [306]
426 --> []
427 (38.0268) --> [351]
428 --> []
429 (43.2692) --> [257]
430 (40.3944) --> [238, 191]
431 (49.2631) --> [69, 231]
432 (38.3854) --> [437, 446]
433 (23.4615) --> [148, 434]
434 (22.9115) --> [205, 320]
435 (11.8826) --> [86]
436 --> []
437 (41.0580) --> [59, 218]
438 (39.5845) --> [310]
439 --> []
440 (68.0175) --> [256, 217]
441 (52.3949) --> [198]
442 (24.1916) --> [333]
443 (36.0360) --> [292, 138]
444 (26.8182) --> [471]
445 --> []
446 (33.2962) --> [11]
447 --> []
448 (56.2608) --> [76, 106]
449 --> []
450 (45.1485) --> [321, 493]
451 (63.0804) --> [498]
452 --> []
453 --> []
454 (36.9258) --> [262, 401]
455 (19.2941) --> [421]
456 --> []
457 --> []
458 (50.1707) --> [325]
459 (17.7943) --> [427]
460 --> []
461 (36.5863) --> [263, 455]
462 (17.7335) --> [363]
463 (6.7902) --> [131]
464 (43.2298) --> [189, 90]
465 (23.1952) --> [398]
466 (23.7577) --> [60]
467 (14.2987) --> [294]
468 (18.6032) --> [332, 135]
469 (13.3839) --> [123]
470 (66.7355) --> [280]
471 (35.2694) --> [496, 348]
472 (23.2754) --> [441]
473 (16.9001) --> [37]
474 (21.0910) --> [334, 161]
475 (3.4797) --> [270]
476 (29.0732) --> [170]
477 --> []
478 (40.6538) --> [428]
479 (42.7187) --> [71, 389]
480 --> []
481 (10.3964) --> [289]
482 --> []
483 (54.7696) --> [353, 93, 127]
484 (52.9694) --> [268]
485 (38.3668) --> [197]
486 --> []
487 (30.0464) --> [457, 343]
488 (16.7009) --> [73]
489 (32.5606) --> [300]
490 --> []
491 --> []
492 (35.8904) --> [274, 66]
493 (22.9172) --> [185]
494 (47.0178) --> [32, 305]
495 (19.5491) --> [75]
496 (26.3387) --> [232]
497 --> []
498 (46.9861) --> [116]
499 (24.3208) --> [7]

Solution energy from ACO: 2.3053334433598157E7
trying to improve with local search...
final Solution:
0 (38.8185) --> [279, 98]
1 --> []
2 (26.5090) --> [282]
3 --> []
4 (43.5359) --> [254, 192]
5 (27.9633) --> [449]
6 (20.3847) --> [68]
7 (39.5221) --> [423, 491]
8 (40.9985) --> [178, 166]
9 (58.9411) --> [140]
10 (53.5635) --> [96]
11 (33.0099) --> [5]
12 --> []
13 (22.4788) --> [14]
14 (17.5338) --> [23]
15 (44.8793) --> [323]
16 (24.6583) --> [456]
17 (34.7839) --> [137]
18 --> []
19 (29.5574) --> [357]
20 --> []
21 (19.9264) --> [159, 142]
22 (38.2720) --> [487]
23 (70.2501) --> [101]
24 (31.1814) --> [207]
25 (42.0786) --> [474, 246]
26 (0.3041) --> [330]
27 (17.5477) --> [167, 202]
28 --> []
29 (23.3376) --> [481]
30 (7.7806) --> [451]
31 (26.2886) --> [277]
32 (43.9683) --> [126]
33 --> []
34 --> []
35 --> []
36 (34.2640) --> [141]
37 --> []
38 (41.4123) --> [304]
39 (34.9365) --> [358]
40 (18.3260) --> [436]
41 (44.0476) --> [193]
42 (79.9601) --> [354]
43 (23.4394) --> [177]
44 (18.0590) --> [212]
45 --> []
46 (16.8037) --> [379]
47 (47.7449) --> [285, 338]
48 (18.7255) --> [480]
49 (28.1599) --> [249, 425]
50 (32.2746) --> [220, 130]
51 (52.1560) --> [388, 41]
52 --> []
53 --> []
54 (33.9513) --> [315]
55 (41.3990) --> [319, 376]
56 (59.6487) --> [412]
57 --> []
58 (15.5512) --> [125]
59 (47.0887) --> [444, 22]
60 (49.1180) --> [340, 438]
61 (26.4968) --> [172]
62 (42.9024) --> [132]
63 --> []
64 (19.0539) --> [293]
65 (49.5154) --> [326]
66 (19.8117) --> [27]
67 --> []
68 --> []
69 (20.1963) --> [433]
70 (19.5701) --> [16]
71 --> []
72 --> []
73 (30.4790) --> [35]
74 (15.7207) --> [114]
75 (43.9364) --> [104, 366, 407]
76 (4.7831) --> [251]
77 --> []
78 --> []
79 --> []
80 (43.3977) --> [469]
81 (9.0574) --> [374]
82 --> []
83 --> []
84 (24.7473) --> [74]
85 (25.0236) --> [61, 204]
86 (12.2390) --> [385]
87 --> []
88 (19.5462) --> [396, 102]
89 --> []
90 (37.1164) --> [221]
91 (60.5837) --> [108, 129]
92 (24.7539) --> [312]
93 (34.8390) --> [169]
94 (31.9053) --> [155]
95 (30.0268) --> [322, 267]
96 (7.0654) --> [67]
97 --> []
98 (48.6328) --> [162, 466, 395]
99 (61.2460) --> [235]
100 --> []
101 (49.6472) --> [424]
102 (31.9085) --> [381]
103 (39.2305) --> [216, 13]
104 (24.6065) --> [372]
105 (27.7047) --> [404]
106 (23.9405) --> [413]
107 (2.4377) --> [497]
108 (15.6686) --> [382]
109 (47.3347) --> [175, 380]
110 (13.2636) --> [82]
111 (10.4282) --> [2]
112 (42.2776) --> [122]
113 (23.4853) --> [146]
114 (47.1627) --> [316, 28]
115 --> []
116 (17.8175) --> [112]
117 (35.4868) --> [275]
118 (30.8362) --> [184, 346]
119 --> []
120 (42.3800) --> [472, 253]
121 --> []
122 (45.2671) --> [124]
123 --> []
124 (58.9898) --> [227, 435]
125 (59.5966) --> [494]
126 (56.1410) --> [233, 347]
127 (62.1003) --> [473, 260]
128 --> []
129 (62.4579) --> [144]
130 (27.6814) --> [150]
131 (23.6890) --> [302]
132 --> []
133 (56.2307) --> [226]
134 (22.0112) --> [163]
135 (39.8860) --> [299]
136 (35.1625) --> [164]
137 (36.0694) --> [247]
138 --> []
139 (6.8373) --> [215]
140 (51.3955) --> [119]
141 (26.9298) --> [419, 418]
142 (11.5748) --> [168]
143 (19.9626) --> [118]
144 (54.6290) --> [62, 391]
145 (48.2001) --> [10, 87]
146 (35.1518) --> [370, 490]
147 (36.4742) --> [422]
148 --> []
149 --> []
150 (48.7665) --> [339]
151 --> []
152 --> []
153 --> []
154 (16.0577) --> [211]
155 --> []
156 (22.2595) --> [149]
157 (2.0180) --> [85]
158 --> []
159 (34.0871) --> [43]
160 (41.4841) --> [83, 208]
161 --> []
162 --> []
163 (26.9217) --> [213, 234]
164 (38.0554) --> [252]
165 (30.4340) --> [392]
166 (27.2402) --> [180]
167 (23.4340) --> [269]
168 (26.6761) --> [411, 236, 331]
169 (20.8254) --> [454]
170 (27.9104) --> [367]
171 --> []
172 (27.3595) --> [64, 115, 442]
173 (68.8717) --> [203, 296]
174 --> []
175 (33.5498) --> [350, 410]
176 (21.8066) --> [173]
177 --> []
178 (13.1490) --> [81, 383]
179 (34.6075) --> [439]
180 (27.5271) --> [429, 409]
181 --> []
182 --> []
183 --> []
184 (14.3945) --> [103]
185 --> []
186 (31.5568) --> [486]
187 (31.9739) --> [225]
188 --> []
189 (14.3563) --> [134]
190 --> []
191 (34.1332) --> [295, 97]
192 (42.2916) --> [77, 384]
193 --> []
194 (34.8479) --> [467, 453]
195 (6.1353) --> [26]
196 (36.4672) --> [56, 199]
197 (22.0106) --> [182, 327]
198 (26.6047) --> [110]
199 (19.3435) --> [29]
200 (43.3646) --> [88]
201 --> []
202 (44.5198) --> [8]
203 (44.2845) --> [120, 241]
204 --> []
205 (33.4214) --> [397]
206 (31.2873) --> [222]
207 (54.9944) --> [303]
208 (44.5904) --> [349, 39]
209 (25.3180) --> [239]
210 --> []
211 (26.2746) --> [378]
212 --> []
213 --> []
214 (41.7320) --> [70]
215 (34.3776) --> [414]
216 --> []
217 (6.6914) --> [245]
218 (14.3542) --> [94]
219 (24.8441) --> [65]
220 --> []
221 --> []
222 --> []
223 (11.9921) --> [31]
224 --> []
225 (33.9930) --> [48, 55]
226 (44.4926) --> [190]
227 (22.4707) --> [460]
228 (4.2679) --> [40]
229 (60.7534) --> [359, 458]
230 --> []
231 (40.1186) --> [38, 461]
232 (38.5876) --> [133, 151, 465]
233 (18.1669) --> [287, 243]
234 (32.0154) --> [408]
235 (46.4539) --> [485, 195, 42]
236 (55.0576) --> [4]
237 --> []
238 (55.4856) --> [201]
239 (25.9446) --> [237, 272]
240 (44.8729) --> [91]
241 (15.3047) --> [369]
242 --> []
243 (36.2577) --> [484]
244 (44.0217) --> [387]
245 (19.7404) --> [147]
246 (18.5623) --> [46]
247 (48.0579) --> [450]
248 (23.6232) --> [58]
249 (18.4502) --> [402]
250 (32.3985) --> [477, 470]
251 (40.1898) --> [188]
252 --> []
253 (47.5346) --> [399, 121]
254 --> []
255 (25.2369) --> [271]
256 (23.1515) --> [415, 230]
257 (86.6927) --> [53, 63]
258 (43.2285) --> [445, 223]
259 (19.3791) --> [157]
260 --> []
261 --> []
262 (5.9469) --> [92]
263 (37.4654) --> [291, 298]
264 (52.1683) --> [342]
265 --> []
266 (26.0428) --> [368, 356]
267 (38.9529) --> [420, 181]
268 (46.2285) --> [80, 214, 209]
269 (36.0455) --> [400, 111]
270 (44.3857) --> [386]
271 (42.2191) --> [345]
272 (41.4858) --> [266]
273 (60.7034) --> [459]
274 --> []
275 (49.8597) --> [443]
276 --> []
277 (3.9373) --> [448]
278 --> []
279 (26.6340) --> [3, 483]
280 --> []
281 --> []
282 --> []
283 (6.3742) --> [355]
284 (19.7917) --> [21]
285 (9.2146) --> [283]
286 (31.2010) --> [18, 100]
287 --> []
288 (34.6957) --> [196]
289 (29.3247) --> [240]
290 --> []
291 --> []
292 --> []
293 (21.8066) --> [95]
294 --> []
295 (49.4754) --> [224]
296 (29.1928) --> [72]
297 (52.2838) --> [440]
298 (46.9846) --> [341, 360]
299 (45.2886) --> [57, 373]
300 (46.9776) --> [265]
301 (26.3853) --> [51]
302 --> []
303 (31.6896) --> [139, 464]
304 --> []
305 (51.1655) --> [244]
306 (19.0598) --> [403]
307 (12.5542) --> [50]
308 --> []
309 (46.2610) --> [478]
310 (14.2395) --> [15]
311 (36.8712) --> [250]
312 (39.3626) --> [261]
313 (52.4679) --> [495, 255]
314 (53.5034) --> [281]
315 (20.1839) --> [417]
316 (31.5344) --> [462]
317 (20.7799) --> [45]
318 (66.1019) --> [242, 17, 153]
319 (32.0788) --> [109]
320 (27.8056) --> [136]
321 (41.8348) --> [229]
322 (37.3818) --> [30]
323 (38.1582) --> [160]
324 (22.3223) --> [117]
325 (35.0917) --> [128]
326 (40.1853) --> [278, 335]
327 (32.0481) --> [165, 405]
328 --> []
329 (36.7893) --> [36, 174]
330 --> []
331 (50.2653) --> [492]
332 (23.6726) --> [479]
333 (28.3982) --> [489, 463]
334 (16.8393) --> [179]
335 (65.8235) --> [210, 361]
336 (47.1024) --> [47]
337 (26.0381) --> [336, 105]
338 (43.2089) --> [328]
339 --> []
340 (10.6461) --> [113]
341 --> []
342 --> []
343 --> []
344 (30.5963) --> [432]
345 (21.0647) --> [183]
346 --> []
347 (55.6405) --> [307]
348 (11.8615) --> [206]
349 --> []
350 (48.0927) --> [248]
351 (35.4329) --> [324, 288]
352 (31.6437) --> [176, 186]
353 --> []
354 (46.0338) --> [390, 452]
355 (37.5254) --> [468]
356 (43.0650) --> [145]
357 (32.6841) --> [377]
358 --> []
359 --> []
360 (37.3724) --> [426, 25]
361 (24.5866) --> [313]
362 --> []
363 (28.3236) --> [393]
364 (6.6324) --> [19]
365 (30.1914) --> [301]
366 (35.7184) --> [311]
367 (23.6120) --> [308]
368 (51.8551) --> [371, 99]
369 (14.2557) --> [317]
370 (31.9044) --> [12, 337]
371 --> []
372 (40.6506) --> [406]
373 (58.3473) --> [273, 314]
374 (58.2786) --> [309]
375 (23.4090) --> [52, 488]
376 (14.2717) --> [78, 228]
377 (33.1113) --> [44]
378 (33.0129) --> [20]
379 (48.3829) --> [352]
380 (21.9066) --> [54]
381 (35.7300) --> [499]
382 --> []
383 (49.8669) --> [482]
384 (49.3046) --> [362, 431, 84]
385 --> []
386 --> []
387 (40.2885) --> [143]
388 (24.7533) --> [9]
389 --> []
390 (37.6345) --> [200]
391 (57.0689) --> [318]
392 (10.6374) --> [475]
393 (44.5422) --> [219]
394 (57.0959) --> [34, 258]
395 (21.2524) --> [430]
396 (53.9987) --> [284]
397 --> []
398 (35.2420) --> [158]
399 (53.9112) --> [156, 6]
400 (32.4341) --> [329]
401 (65.1906) --> [286]
402 (17.0226) --> [89, 365]
403 (21.6630) --> [344]
404 (19.3648) --> [187]
405 (47.7720) --> [1, 49]
406 (34.2023) --> [416]
407 --> []
408 (22.7702) --> [152, 276]
409 (32.3485) --> [290]
410 (16.0330) --> [297]
411 --> []
412 --> []
413 (37.4932) --> [264]
414 (43.5765) --> [79]
415 --> []
416 --> []
417 (64.1245) --> [375, 447]
418 (33.2571) --> [294]
419 (11.8780) --> [364]
420 (14.6975) --> [154]
421 (63.5422) --> [107, 24]
422 (43.2400) --> [33, 394, 259]
423 (48.1713) --> [476, 171]
424 --> []
425 (32.6336) --> [306]
426 --> []
427 (38.0268) --> [351]
428 --> []
429 (43.2692) --> [257]
430 (40.3944) --> [238, 191]
431 (49.2631) --> [231, 148]
432 (38.3854) --> [437, 446]
433 (21.5707) --> [434, 69]
434 (22.9115) --> [205, 320]
435 (11.8826) --> [86]
436 --> []
437 (41.0580) --> [59, 218]
438 (39.5845) --> [310]
439 --> []
440 (68.0175) --> [256, 217]
441 (52.3949) --> [198]
442 (24.1916) --> [333]
443 (36.0360) --> [292, 138]
444 (26.8182) --> [471]
445 --> []
446 (33.2962) --> [11]
447 --> []
448 (56.2608) --> [76, 106]
449 --> []
450 (45.1485) --> [321, 493]
451 (63.0804) --> [498]
452 --> []
453 --> []
454 (36.9258) --> [262, 401]
455 (19.2941) --> [421]
456 --> []
457 --> []
458 (50.1707) --> [325]
459 (17.7943) --> [427]
460 --> []
461 (36.5863) --> [263, 455]
462 (17.7335) --> [363]
463 (6.7902) --> [131]
464 (43.2298) --> [189, 90]
465 (23.1952) --> [398]
466 (23.7577) --> [60]
467 (14.9267) --> [194]
468 (18.6032) --> [332, 135]
469 (13.3839) --> [123]
470 (66.7355) --> [280]
471 (35.2694) --> [496, 348]
472 (23.2754) --> [441]
473 (16.9001) --> [37]
474 (21.0910) --> [334, 161]
475 (3.4797) --> [270]
476 (29.0732) --> [170]
477 --> []
478 (40.6538) --> [428]
479 (42.7187) --> [71, 389]
480 --> []
481 (10.3964) --> [289]
482 --> []
483 (54.7696) --> [353, 93, 127]
484 (52.9694) --> [268]
485 (38.3668) --> [197]
486 --> []
487 (30.0464) --> [457, 343]
488 (16.7009) --> [73]
489 (32.5606) --> [300]
490 --> []
491 --> []
492 (35.8904) --> [274, 66]
493 (22.9172) --> [185]
494 (47.0178) --> [32, 305]
495 (19.5491) --> [75]
496 (26.3387) --> [232]
497 --> []
498 (46.9861) --> [116]
499 (24.3208) --> [7]

final Solution energy: 2.30229440154441E7
Calculated in 374748ms
Ants=1000, alpha=0.6, beta=3.0, evaporate factor=0.07
(for ../../mebp/mebp-10.dat)
