New best solution in iteration 0: 1.1554775747731996E9
New best solution in iteration 2: 7.948874932269247E8
New best solution in iteration 5: 5.05195265241298E8
New best solution in iteration 12: 5.025800015831331E8
New best solution in iteration 19: 3.287166635588401E8
AVG (iterations 0 to 20): 1.1328034012518365E9
AVG (iterations 20 to 40): 1.4646511312819648E9
AVG (iterations 40 to 60): 1.2722980870232434E9
AVG (iterations 60 to 80): 1.084058214708574E9
AVG (iterations 80 to 100): 1.0786573588861668E9
AVG (iterations 100 to 120): 1.1995160511855836E9
AVG (iterations 120 to 140): 1.1792518003545551E9
AVG (iterations 140 to 160): 7.505895147404006E8
New best solution in iteration 163: 2.3590528316076612E8
New best solution in iteration 169: 1.520851757832118E8
New best solution in iteration 172: 1.4071524885889784E8
New best solution in iteration 177: 9.430686623701489E7
AVG (iterations 160 to 180): 3.854495608340245E8
AVG (iterations 180 to 200): 1.175032027027582E8
New best solution in iteration 211: 8.431776705741654E7
AVG (iterations 200 to 220): 1.0316785007937858E8
AVG (iterations 220 to 240): 1.0963251627025568E8
AVG (iterations 240 to 260): 1.0498368562025471E8
AVG (iterations 260 to 280): 1.073909159045814E8
AVG (iterations 280 to 300): 1.0610821450272907E8
AVG (iterations 300 to 320): 1.0383686369911869E8
AVG (iterations 320 to 340): 1.0262924282738364E8
AVG (iterations 340 to 360): 1.0380770979905498E8
AVG (iterations 360 to 380): 1.058506775975636E8
AVG (iterations 380 to 400): 1.0486410488729887E8
AVG (iterations 400 to 420): 1.009000215029977E8
AVG (iterations 420 to 440): 1.0263920123983496E8
AVG (iterations 440 to 460): 1.0280477220554875E8
New best solution in iteration 471: 8.325583094992563E7
AVG (iterations 460 to 480): 9.787532469681384E7
AVG (iterations 480 to 500): 1.0452956772606766E8
AVG (iterations 500 to 520): 1.0417215428200616E8
AVG (iterations 520 to 540): 1.0205517253759648E8
AVG (iterations 540 to 560): 1.0519449850293677E8
AVG (iterations 560 to 580): 1.0272867304220623E8
AVG (iterations 580 to 600): 9.986052565855742E7
AVG (iterations 600 to 620): 1.0466388244045834E8
AVG (iterations 620 to 640): 1.050869143779045E8
AVG (iterations 640 to 660): 1.0584497098140907E8
AVG (iterations 660 to 680): 9.996833911103557E7
AVG (iterations 680 to 700): 1.0313413204552819E8
AVG (iterations 700 to 720): 9.970206089137392E7
AVG (iterations 720 to 740): 9.988805985956201E7
AVG (iterations 740 to 760): 1.0033447801065972E8
AVG (iterations 760 to 780): 9.97664229938448E7
AVG (iterations 780 to 800): 1.0064088066547626E8
AVG (iterations 800 to 820): 9.940453329200703E7
AVG (iterations 820 to 840): 9.871681235217538E7
AVG (iterations 840 to 860): 9.996039582313071E7
AVG (iterations 860 to 880): 1.0066467627803984E8
AVG (iterations 880 to 900): 9.907322790771511E7
AVG (iterations 900 to 920): 9.625387350100216E7
AVG (iterations 920 to 940): 1.0269063470340185E8
AVG (iterations 940 to 960): 1.009669436171635E8
AVG (iterations 960 to 980): 9.951209370190443E7
Solution from ACO:
0 (169.9639) --> [13, 11, 3]
1 (48.5878) --> [23]
2 (134.7746) --> [37, 42]
3 (165.7705) --> [41, 30]
4 (47.6455) --> [38]
5 (103.1818) --> [18, 33]
6 --> []
7 (162.1235) --> [27]
8 (114.5849) --> [25]
9 (166.9317) --> [10]
10 --> []
11 --> []
12 (143.9814) --> [24, 9]
13 (83.7100) --> [28]
14 --> []
15 (146.9264) --> [17]
16 (80.4861) --> [8]
17 (76.7730) --> [40]
18 --> []
19 --> []
20 (18.0854) --> [34]
21 --> []
22 (81.8189) --> [32, 19]
23 (309.7533) --> [7, 14]
24 --> []
25 (57.9581) --> [49]
26 --> []
27 (70.3416) --> [44]
28 --> []
29 --> []
30 (51.5190) --> [26]
31 --> []
32 (119.5027) --> [4, 12]
33 (89.7049) --> [6]
34 (122.5425) --> [46, 35]
35 (148.5170) --> [45, 5]
36 (27.8657) --> [29]
37 (48.2017) --> [31]
38 --> []
39 (117.9801) --> [20]
40 (103.4176) --> [1]
41 (126.7247) --> [36, 15]
42 (159.0254) --> [48]
43 (67.1269) --> [22]
44 (120.3865) --> [2]
45 --> []
46 (97.1483) --> [21]
47 (56.9242) --> [43]
48 (88.1778) --> [16, 39]
49 (85.0988) --> [47]

Solution energy from ACO: 8.325583094992563E7
trying to improve with local search...
final Solution:
0 (169.9639) --> [13, 11, 3]
1 (48.5878) --> [23]
2 (134.7746) --> [37, 42]
3 (165.7705) --> [41, 30]
4 (47.6455) --> [38]
5 (103.1818) --> [18, 33]
6 --> []
7 (162.1235) --> [27]
8 (114.5849) --> [25]
9 (166.9317) --> [10]
10 --> []
11 --> []
12 (143.9814) --> [24, 9]
13 (83.7100) --> [28]
14 --> []
15 (146.9264) --> [17]
16 (80.4861) --> [8]
17 (76.7730) --> [40]
18 --> []
19 --> []
20 (18.0854) --> [34]
21 --> []
22 (81.8189) --> [32, 19]
23 (309.7533) --> [7, 14]
24 --> []
25 (57.9581) --> [49]
26 --> []
27 (70.3416) --> [44]
28 --> []
29 --> []
30 (51.5190) --> [26]
31 --> []
32 (119.5027) --> [4, 12]
33 (89.7049) --> [6]
34 (122.5425) --> [46, 35]
35 (148.5170) --> [45, 5]
36 (27.8657) --> [29]
37 (48.2017) --> [31]
38 --> []
39 (117.9801) --> [20]
40 (103.4176) --> [1]
41 (126.7247) --> [36, 15]
42 (159.0254) --> [48]
43 (67.1269) --> [22]
44 (120.3865) --> [2]
45 --> []
46 (97.1483) --> [21]
47 (56.9242) --> [43]
48 (88.1778) --> [16, 39]
49 (85.0988) --> [47]

final Solution energy: 8.325583094992563E7
Calculated in 2103ms
Ants=1000, alpha=0.6, beta=3.0, evaporate factor=0.07
(for ../../mebp/mebp-04.dat)
