New best solution in iteration 0: 1.165602786863012E9
New best solution in iteration 1: 5.444773875152025E8
New best solution in iteration 2: 5.2076820570331645E8
AVG (iterations 0 to 20): 1.2880879211413817E9
New best solution in iteration 38: 1.889662673408216E8
AVG (iterations 20 to 40): 1.3373965656785355E9
AVG (iterations 40 to 60): 1.2969826590763907E9
AVG (iterations 60 to 80): 1.0292724770516819E9
AVG (iterations 80 to 100): 1.3252683058837337E9
AVG (iterations 100 to 120): 1.4428168830571544E9
AVG (iterations 120 to 140): 1.1475562912052102E9
AVG (iterations 140 to 160): 9.076509505253178E8
New best solution in iteration 171: 1.4554129384449482E8
New best solution in iteration 176: 1.1497432183321899E8
AVG (iterations 160 to 180): 4.163650303492461E8
New best solution in iteration 194: 1.0886745947642097E8
New best solution in iteration 195: 1.0470173874275535E8
New best solution in iteration 196: 1.0067178625505213E8
AVG (iterations 180 to 200): 1.982515647543661E8
New best solution in iteration 210: 9.553988456784822E7
AVG (iterations 200 to 220): 1.122152587269822E8
New best solution in iteration 239: 9.30909723107256E7
AVG (iterations 220 to 240): 1.2054946346657069E8
New best solution in iteration 243: 9.234450809410322E7
AVG (iterations 240 to 260): 1.1528551756922755E8
New best solution in iteration 278: 9.176263909525616E7
AVG (iterations 260 to 280): 1.0455409370205025E8
AVG (iterations 280 to 300): 1.0248063150910126E8
AVG (iterations 300 to 320): 1.0220677478417704E8
AVG (iterations 320 to 340): 9.999324593811847E7
New best solution in iteration 357: 8.96976953885019E7
AVG (iterations 340 to 360): 9.956287182364908E7
AVG (iterations 360 to 380): 9.893941374315324E7
AVG (iterations 380 to 400): 1.0051175169925782E8
AVG (iterations 400 to 420): 1.0119318351279318E8
AVG (iterations 420 to 440): 1.023561958549262E8
AVG (iterations 440 to 460): 1.0009976810750104E8
AVG (iterations 460 to 480): 1.0225563467090687E8
AVG (iterations 480 to 500): 1.0185537206571168E8
AVG (iterations 500 to 520): 1.0076968518517956E8
AVG (iterations 520 to 540): 1.0065844242869669E8
AVG (iterations 540 to 560): 1.0201460045734033E8
AVG (iterations 560 to 580): 1.0250854410739733E8
AVG (iterations 580 to 600): 1.013372153002902E8
AVG (iterations 600 to 620): 1.0050371836292697E8
AVG (iterations 620 to 640): 9.935683492075923E7
AVG (iterations 640 to 660): 1.0107595152777159E8
AVG (iterations 660 to 680): 9.89634571763549E7
AVG (iterations 680 to 700): 1.025134986417654E8
AVG (iterations 700 to 720): 1.0271013806239894E8
AVG (iterations 720 to 740): 9.893681389700119E7
AVG (iterations 740 to 760): 1.0141865074992731E8
AVG (iterations 760 to 780): 1.0235599241614586E8
AVG (iterations 780 to 800): 1.008481094201292E8
AVG (iterations 800 to 820): 1.0101970123470172E8
AVG (iterations 820 to 840): 9.99262639757151E7
AVG (iterations 840 to 860): 9.940211095409128E7
AVG (iterations 860 to 880): 9.912014410626428E7
AVG (iterations 880 to 900): 1.0148973758113675E8
AVG (iterations 900 to 920): 9.899197635022292E7
AVG (iterations 920 to 940): 9.939856449070999E7
AVG (iterations 940 to 960): 9.998217641231942E7
AVG (iterations 960 to 980): 1.0010351892897794E8
Solution from ACO:
0 (248.6799) --> [42, 28, 39]
1 (37.5800) --> [11]
2 (100.5944) --> [19, 17]
3 (65.0481) --> [40]
4 (120.9275) --> [12]
5 --> []
6 (138.7124) --> [15]
7 (37.8272) --> [21]
8 --> []
9 (33.7654) --> [2]
10 --> []
11 --> []
12 (66.9881) --> [3, 13]
13 (71.1047) --> [5]
14 (152.9257) --> [6]
15 (64.6866) --> [4, 36]
16 --> []
17 (101.0272) --> [46, 18]
18 (17.4897) --> [16]
19 (75.3066) --> [35]
20 (170.6059) --> [37]
21 (118.2575) --> [14, 27]
22 (123.9481) --> [45, 48]
23 --> []
24 (160.5861) --> [22]
25 (13.0969) --> [10]
26 --> []
27 (50.2355) --> [30]
28 (233.3167) --> [43]
29 (66.3268) --> [24]
30 (47.4865) --> [25]
31 --> []
32 (135.3124) --> [31]
33 --> []
34 (128.5944) --> [32, 33]
35 --> []
36 (126.0021) --> [26, 41]
37 (118.0492) --> [7]
38 (107.1049) --> [1, 49]
39 --> []
40 (42.8043) --> [8]
41 (185.1240) --> [34]
42 (128.8663) --> [29, 44]
43 (159.4906) --> [9]
44 (120.0008) --> [23]
45 --> []
46 (226.8454) --> [20]
47 --> []
48 (102.5640) --> [38, 47]
49 --> []

Solution energy from ACO: 8.96976953885019E7
trying to improve with local search...
final Solution:
0 (248.6799) --> [39, 44, 24]
1 (37.5800) --> [11]
2 (100.5944) --> [19, 17]
3 (65.0481) --> [40]
4 (120.9275) --> [12]
5 --> []
6 (138.7124) --> [15]
7 (37.8272) --> [21]
8 --> []
9 (33.7654) --> [2]
10 --> []
11 --> []
12 (66.9881) --> [3, 13]
13 (71.1047) --> [5]
14 (152.9257) --> [6]
15 (64.6866) --> [4, 36]
16 --> []
17 (101.0272) --> [46, 18]
18 (17.4897) --> [16]
19 (75.3066) --> [35]
20 (170.6059) --> [37]
21 (118.2575) --> [14, 27]
22 (123.9481) --> [45, 48]
23 --> []
24 (160.5861) --> [22]
25 (13.0969) --> [10]
26 --> []
27 (50.2355) --> [30]
28 (233.3167) --> [43]
29 (42.5340) --> [42]
30 (47.4865) --> [25]
31 --> []
32 (135.3124) --> [31]
33 --> []
34 (128.5944) --> [32, 33]
35 --> []
36 (126.0021) --> [26, 41]
37 (118.0492) --> [7]
38 (107.1049) --> [1, 49]
39 --> []
40 (42.8043) --> [8]
41 (185.1240) --> [34]
42 (93.3280) --> [29, 28]
43 (159.4906) --> [9]
44 (120.0008) --> [23]
45 --> []
46 (226.8454) --> [20]
47 --> []
48 (102.5640) --> [38, 47]
49 --> []

final Solution energy: 8.815573273922436E7
Calculated in 2125ms
Ants=1000, alpha=0.6, beta=3.0, evaporate factor=0.07
(for ../../mebp/mebp-05.dat)
