New best solution in iteration 0: 3.450525603377092E9
New best solution in iteration 1: 1.7052082554086435E9
New best solution in iteration 12: 1.6470466291661968E9
New best solution in iteration 13: 1.3167604705475645E9
AVG (iterations 0 to 20): 2.608604532908009E9
New best solution in iteration 23: 1.1362216845414984E9
AVG (iterations 20 to 40): 2.15929622223409E9
AVG (iterations 40 to 60): 2.1071366031473053E9
AVG (iterations 60 to 80): 2.2811197224564886E9
AVG (iterations 80 to 100): 2.287842869287862E9
AVG (iterations 100 to 120): 2.3490433622546716E9
AVG (iterations 120 to 140): 2.0982112067258434E9
New best solution in iteration 156: 9.677119022131517E8
New best solution in iteration 157: 8.745902595935731E8
AVG (iterations 140 to 160): 1.9192167486763737E9
New best solution in iteration 164: 5.0319663750225997E8
New best solution in iteration 167: 4.180623232553972E8
New best solution in iteration 173: 3.3011539078177595E8
New best solution in iteration 175: 2.252436171265357E8
New best solution in iteration 179: 7.768865348999768E7
AVG (iterations 160 to 180): 8.272222377109168E8
New best solution in iteration 188: 7.191760801616593E7
New best solution in iteration 189: 4.455828359704676E7
New best solution in iteration 192: 4.18047205022289E7
New best solution in iteration 196: 3.807805590190761E7
AVG (iterations 180 to 200): 1.0591811870322162E8
New best solution in iteration 211: 3.712619530188588E7
AVG (iterations 200 to 220): 4.307572521947666E7
AVG (iterations 220 to 240): 4.213196690273647E7
AVG (iterations 240 to 260): 4.093734187300746E7
New best solution in iteration 272: 3.532790625819155E7
New best solution in iteration 279: 3.5104758577840425E7
AVG (iterations 260 to 280): 3.916562534822883E7
AVG (iterations 280 to 300): 3.865596016117258E7
AVG (iterations 300 to 320): 3.824876757726767E7
New best solution in iteration 337: 3.445031743690636E7
AVG (iterations 320 to 340): 3.695015562922508E7
AVG (iterations 340 to 360): 3.744982572672586E7
New best solution in iteration 363: 3.366330157969448E7
AVG (iterations 360 to 380): 3.723240581592697E7
AVG (iterations 380 to 400): 3.702135332395357E7
AVG (iterations 400 to 420): 3.716141131231129E7
New best solution in iteration 423: 3.3330394341688436E7
AVG (iterations 420 to 440): 3.6224567146373555E7
AVG (iterations 440 to 460): 3.673217685133206E7
AVG (iterations 460 to 480): 3.7055528015165165E7
AVG (iterations 480 to 500): 3.685011010369366E7
AVG (iterations 500 to 520): 3.7005385374357596E7
AVG (iterations 520 to 540): 3.7360812863860086E7
AVG (iterations 540 to 560): 3.710575155437935E7
AVG (iterations 560 to 580): 3.7145225529202975E7
AVG (iterations 580 to 600): 3.666261392142526E7
AVG (iterations 600 to 620): 3.6184482703109905E7
AVG (iterations 620 to 640): 3.668038362624917E7
AVG (iterations 640 to 660): 3.6584373262315184E7
AVG (iterations 660 to 680): 3.648666180216488E7
AVG (iterations 680 to 700): 3.6402652443139404E7
AVG (iterations 700 to 720): 3.671644026680144E7
AVG (iterations 720 to 740): 3.603499051450517E7
AVG (iterations 740 to 760): 3.683612868720831E7
AVG (iterations 760 to 780): 3.6142451616897985E7
New best solution in iteration 789: 3.2580609037337486E7
AVG (iterations 780 to 800): 3.5720182050631985E7
AVG (iterations 800 to 820): 3.6083709281814806E7
AVG (iterations 820 to 840): 3.589916246767934E7
AVG (iterations 840 to 860): 3.609870829088044E7
AVG (iterations 860 to 880): 3.6728247803918496E7
AVG (iterations 880 to 900): 3.6181887897825494E7
AVG (iterations 900 to 920): 3.6606687793413945E7
AVG (iterations 920 to 940): 3.658260295870932E7
AVG (iterations 940 to 960): 3.646493081820541E7
AVG (iterations 960 to 980): 3.7275753001598254E7
Solution from ACO:
0 (63.4380) --> [3, 83, 49, 185]
1 (68.3521) --> [169, 181]
2 (77.0372) --> [4]
3 --> []
4 (64.8686) --> [61, 199]
5 (83.5297) --> [131]
6 --> []
7 --> []
8 --> []
9 (30.1402) --> [59, 43]
10 --> []
11 (65.2901) --> [50]
12 (58.1199) --> [99]
13 (26.4194) --> [108, 178]
14 (80.7568) --> [123]
15 (70.2932) --> [21, 183]
16 (32.6103) --> [44]
17 (66.2602) --> [136]
18 --> []
19 (53.4079) --> [172, 100]
20 (48.1023) --> [117]
21 (76.7380) --> [197, 92]
22 (80.4276) --> [160, 28]
23 (20.6238) --> [180]
24 (93.3240) --> [96]
25 (86.1299) --> [75, 35]
26 (78.6980) --> [65]
27 (27.8342) --> [116]
28 (40.0808) --> [166]
29 --> []
30 (24.5645) --> [76]
31 (43.5924) --> [81]
32 --> []
33 (37.1910) --> [45]
34 (37.9309) --> [156, 132]
35 --> []
36 (16.9226) --> [192]
37 (31.9127) --> [31]
38 --> []
39 --> []
40 (9.4817) --> [174]
41 (75.0929) --> [159, 52]
42 (55.8543) --> [153, 165, 18]
43 (76.9432) --> [70, 187]
44 (25.2678) --> [113]
45 --> []
46 (35.4028) --> [94]
47 (71.8133) --> [189]
48 (29.6354) --> [12, 84]
49 (57.4027) --> [104]
50 (69.0268) --> [143]
51 (44.6293) --> [128]
52 (57.5499) --> [33, 16]
53 (58.4996) --> [124]
54 --> []
55 (69.6264) --> [85, 90]
56 (106.1539) --> [158]
57 (62.0123) --> [101]
58 --> []
59 (37.0027) --> [121]
60 (47.2470) --> [54]
61 --> []
62 (24.4448) --> [32]
63 (35.7406) --> [71]
64 (54.0959) --> [77]
65 (23.9829) --> [140]
66 (74.0178) --> [144]
67 (75.7365) --> [114]
68 (57.9149) --> [34]
69 (73.9477) --> [74]
70 --> []
71 (46.3836) --> [68]
72 --> []
73 (16.1811) --> [39]
74 (36.0538) --> [78]
75 (110.5025) --> [29]
76 (31.7485) --> [73]
77 (73.3506) --> [51]
78 (70.7475) --> [60]
79 (38.7727) --> [110]
80 (24.7345) --> [133]
81 (86.5759) --> [95]
82 (79.2333) --> [150]
83 (64.9849) --> [130]
84 --> []
85 (26.4004) --> [62]
86 --> []
87 (43.3600) --> [142]
88 (68.8627) --> [10, 80, 20]
89 (30.2027) --> [190]
90 --> []
91 (3.7620) --> [193]
92 (48.1583) --> [154]
93 (59.2817) --> [53]
94 (49.4191) --> [147]
95 (60.6747) --> [19]
96 (73.4327) --> [118]
97 (16.3565) --> [139]
98 (14.9736) --> [7]
99 (50.5581) --> [26, 112]
100 (21.1606) --> [188]
101 (48.3496) --> [23, 164]
102 (45.5428) --> [105, 170]
103 (62.5719) --> [175, 37]
104 (41.4763) --> [1]
105 (40.9782) --> [125, 163]
106 --> []
107 (31.7567) --> [56]
108 (26.8486) --> [126]
109 (31.2195) --> [152]
110 (60.7587) --> [47]
111 (83.7386) --> [27, 106]
112 (84.3798) --> [97]
113 (67.0276) --> [93]
114 (53.3229) --> [25]
115 (24.2208) --> [107]
116 (69.0839) --> [161]
117 --> []
118 (72.4755) --> [98, 146]
119 (74.5244) --> [40, 184]
120 (50.9036) --> [82]
121 (24.2936) --> [137]
122 (60.7313) --> [11, 162]
123 (44.1889) --> [55]
124 (72.0200) --> [157, 67]
125 (56.4451) --> [88, 129]
126 (11.3241) --> [115]
127 (39.6311) --> [198]
128 (68.8368) --> [91, 119]
129 --> []
130 (113.0407) --> [155]
131 (11.1609) --> [173]
132 (72.2928) --> [122]
133 --> []
134 (91.1919) --> [148, 57]
135 --> []
136 (46.1352) --> [135, 30]
137 --> []
138 (18.8362) --> [145]
139 --> []
140 (42.9862) --> [168, 151]
141 (58.2641) --> [58]
142 (26.1135) --> [6]
143 --> []
144 (80.8573) --> [72, 167]
145 (78.0523) --> [111, 176]
146 --> []
147 (34.5598) --> [24]
148 (55.6577) --> [149]
149 (52.7059) --> [171, 182]
150 (59.2291) --> [86, 63]
151 --> []
152 (41.8593) --> [64]
153 (67.6998) --> [196]
154 --> []
155 --> []
156 (52.3184) --> [69]
157 --> []
158 (19.7268) --> [141]
159 (15.9291) --> [127]
160 --> []
161 (10.9966) --> [17]
162 (47.3471) --> [15]
163 --> []
164 (43.2679) --> [102]
165 (61.0175) --> [134]
166 (16.3659) --> [186]
167 --> []
168 --> []
169 (47.5302) --> [195]
170 (59.7545) --> [109, 179]
171 (38.2644) --> [8]
172 (50.7679) --> [120]
173 --> []
174 --> []
175 (40.4707) --> [13]
176 --> []
177 --> []
178 (49.3628) --> [191]
179 (36.1528) --> [2]
180 --> []
181 (50.2694) --> [103, 66]
182 (71.7808) --> [41]
183 (81.7474) --> [14, 5]
184 (38.5973) --> [138, 79]
185 --> []
186 --> []
187 (48.2443) --> [194]
188 --> []
189 (94.2260) --> [89, 177, 48]
190 --> []
191 (31.3214) --> [22]
192 (36.1101) --> [87]
193 (12.1663) --> [9]
194 (10.4776) --> [38]
195 --> []
196 --> []
197 (72.3605) --> [42]
198 (17.1868) --> [36]
199 (41.7113) --> [46]

Solution energy from ACO: 3.2580609037337486E7
trying to improve with local search...
final Solution:
0 (63.4380) --> [3, 83, 49, 185]
1 (68.3521) --> [169, 181]
2 (77.0372) --> [4]
3 --> []
4 (64.8686) --> [61, 199]
5 (83.5297) --> [131]
6 --> []
7 --> []
8 --> []
9 (30.1402) --> [59, 43]
10 --> []
11 (65.2901) --> [50]
12 (58.1199) --> [99]
13 (26.4194) --> [108, 178]
14 (80.7568) --> [123]
15 (70.2932) --> [21, 183]
16 (32.6103) --> [44]
17 (66.2602) --> [136]
18 --> []
19 (53.4079) --> [172, 100]
20 (48.1023) --> [117]
21 (76.7380) --> [197, 92]
22 (80.4276) --> [160, 28]
23 (20.6238) --> [180]
24 (93.3240) --> [96]
25 (86.1299) --> [75, 35]
26 (78.6980) --> [65]
27 (27.8342) --> [116]
28 (40.0808) --> [166]
29 --> []
30 (24.5645) --> [76]
31 (43.5924) --> [81]
32 --> []
33 (37.1910) --> [45]
34 (37.9309) --> [156, 132]
35 --> []
36 (16.9226) --> [192]
37 (31.9127) --> [31]
38 --> []
39 --> []
40 (9.4817) --> [174]
41 (75.0929) --> [159, 52]
42 (55.8543) --> [153, 165, 18]
43 (76.9432) --> [70, 187]
44 (25.2678) --> [113]
45 --> []
46 (35.4028) --> [94]
47 (71.8133) --> [189]
48 (29.6354) --> [12, 84]
49 (57.4027) --> [104]
50 (69.0268) --> [143]
51 (44.6293) --> [128]
52 (57.5499) --> [33, 16]
53 (58.4996) --> [124]
54 --> []
55 (69.6264) --> [85, 90]
56 (106.1539) --> [158]
57 (62.0123) --> [101]
58 --> []
59 (37.0027) --> [121]
60 (47.2470) --> [54]
61 --> []
62 (24.4448) --> [32]
63 (35.7406) --> [71]
64 (54.0959) --> [77]
65 (23.9829) --> [140]
66 (74.0178) --> [144]
67 (75.7365) --> [114]
68 (57.9149) --> [34]
69 (73.9477) --> [74]
70 --> []
71 (46.3836) --> [68]
72 --> []
73 (16.1811) --> [39]
74 (36.0538) --> [78]
75 (110.5025) --> [29]
76 (31.7485) --> [73]
77 (73.3506) --> [51]
78 (70.7475) --> [60]
79 (38.7727) --> [110]
80 (24.7345) --> [133]
81 (86.5759) --> [95]
82 (79.2333) --> [150]
83 (64.9849) --> [130]
84 --> []
85 (26.4004) --> [62]
86 --> []
87 (43.3600) --> [142]
88 (68.8627) --> [10, 80, 20]
89 (30.2027) --> [190]
90 --> []
91 (3.7620) --> [193]
92 (48.1583) --> [154]
93 (59.2817) --> [53]
94 (49.4191) --> [147]
95 (60.6747) --> [19]
96 (73.4327) --> [118]
97 (16.3565) --> [139]
98 (14.9736) --> [7]
99 (50.5581) --> [26, 112]
100 (21.1606) --> [188]
101 (48.3496) --> [23, 164]
102 (45.5428) --> [105, 170]
103 (62.5719) --> [175, 37]
104 (41.4763) --> [1]
105 (40.9782) --> [125, 163]
106 --> []
107 (31.7567) --> [56]
108 (26.8486) --> [126]
109 (31.2195) --> [152]
110 (60.7587) --> [47]
111 (83.7386) --> [27, 106]
112 (84.3798) --> [97]
113 (67.0276) --> [93]
114 (53.3229) --> [25]
115 (24.2208) --> [107]
116 (69.0839) --> [161]
117 --> []
118 (72.4755) --> [98, 146]
119 (74.5244) --> [40, 184]
120 (50.9036) --> [82]
121 (24.2936) --> [137]
122 (60.7313) --> [11, 162]
123 (44.1889) --> [55]
124 (72.0200) --> [157, 67]
125 (56.4451) --> [88, 129]
126 (11.3241) --> [115]
127 (39.6311) --> [198]
128 (68.8368) --> [91, 119]
129 --> []
130 (113.0407) --> [155]
131 (11.1609) --> [173]
132 (72.2928) --> [122]
133 --> []
134 (91.1919) --> [148, 57]
135 --> []
136 (46.1352) --> [135, 30]
137 --> []
138 (18.8362) --> [145]
139 --> []
140 (42.9862) --> [168, 151]
141 (58.2641) --> [58]
142 (26.1135) --> [6]
143 --> []
144 (80.8573) --> [72, 167]
145 (78.0523) --> [111, 176]
146 --> []
147 (34.5598) --> [24]
148 (55.6577) --> [149]
149 (52.7059) --> [171, 182]
150 (59.2291) --> [86, 63]
151 --> []
152 (41.8593) --> [64]
153 (67.6998) --> [196]
154 --> []
155 --> []
156 (52.3184) --> [69]
157 --> []
158 (19.7268) --> [141]
159 (15.9291) --> [127]
160 --> []
161 (10.9966) --> [17]
162 (47.3471) --> [15]
163 --> []
164 (43.2679) --> [102]
165 (61.0175) --> [134]
166 (16.3659) --> [186]
167 --> []
168 --> []
169 (47.5302) --> [195]
170 (59.7545) --> [109, 179]
171 (38.2644) --> [8]
172 (50.7679) --> [120]
173 --> []
174 --> []
175 (40.4707) --> [13]
176 --> []
177 --> []
178 (49.3628) --> [191]
179 (36.1528) --> [2]
180 --> []
181 (50.2694) --> [103, 66]
182 (71.7808) --> [41]
183 (81.7474) --> [14, 5]
184 (38.5973) --> [138, 79]
185 --> []
186 --> []
187 (48.2443) --> [194]
188 --> []
189 (94.2260) --> [89, 177, 48]
190 --> []
191 (31.3214) --> [22]
192 (36.1101) --> [87]
193 (12.1663) --> [9]
194 (10.4776) --> [38]
195 --> []
196 --> []
197 (72.3605) --> [42]
198 (17.1868) --> [36]
199 (41.7113) --> [46]

final Solution energy: 3.2580609037337486E7
Calculated in 29210ms
Ants=1000, alpha=0.6, beta=3.0, evaporate factor=0.07
(for ../../mebp/mebp-07.dat)
