New best solution in iteration 0: 1.851006114773979E9
New best solution in iteration 1: 1.8478360030396385E9
New best solution in iteration 2: 9.591117151244454E8
AVG (iterations 0 to 20): 2.5352572827437615E9
AVG (iterations 20 to 40): 2.297017046483653E9
AVG (iterations 40 to 60): 2.6946289495763917E9
AVG (iterations 60 to 80): 2.1190652715872982E9
AVG (iterations 80 to 100): 2.304853427237849E9
AVG (iterations 100 to 120): 2.457997754482877E9
AVG (iterations 120 to 140): 2.821255622816148E9
New best solution in iteration 149: 8.702628525412915E8
AVG (iterations 140 to 160): 1.9672935620697217E9
New best solution in iteration 168: 4.631590411882613E8
New best solution in iteration 169: 3.0334370373759824E8
New best solution in iteration 171: 2.061694537550047E8
New best solution in iteration 174: 1.6014477331139284E8
New best solution in iteration 175: 1.3718231925841144E8
AVG (iterations 160 to 180): 7.244216992978346E8
New best solution in iteration 182: 1.2888667347004893E8
New best solution in iteration 184: 7.593637016800366E7
New best solution in iteration 186: 5.761540601464979E7
New best solution in iteration 188: 5.608887727688873E7
New best solution in iteration 191: 4.951568635930309E7
New best solution in iteration 193: 4.641056965831005E7
New best solution in iteration 196: 3.854995397649238E7
AVG (iterations 180 to 200): 1.5086876141801482E8
New best solution in iteration 214: 3.7855609898573816E7
AVG (iterations 200 to 220): 4.561653810030844E7
New best solution in iteration 226: 3.757255147506109E7
AVG (iterations 220 to 240): 4.178051554862549E7
New best solution in iteration 246: 3.612550888768646E7
AVG (iterations 240 to 260): 4.12125188218708E7
AVG (iterations 260 to 280): 4.1447347897402845E7
New best solution in iteration 293: 3.600468133773477E7
AVG (iterations 280 to 300): 4.090851806853409E7
AVG (iterations 300 to 320): 4.081748054986394E7
AVG (iterations 320 to 340): 4.087971754820198E7
New best solution in iteration 349: 3.5271520235215314E7
AVG (iterations 340 to 360): 4.095386198299034E7
AVG (iterations 360 to 380): 4.030180816148259E7
New best solution in iteration 387: 3.519628232798976E7
AVG (iterations 380 to 400): 3.984909627389539E7
AVG (iterations 400 to 420): 3.990514703016786E7
New best solution in iteration 438: 3.517811449271212E7
AVG (iterations 420 to 440): 3.9508413556306615E7
New best solution in iteration 456: 3.471473201324028E7
AVG (iterations 440 to 460): 4.029599768533458E7
AVG (iterations 460 to 480): 3.8497545054100856E7
AVG (iterations 480 to 500): 4.142010409588553E7
AVG (iterations 500 to 520): 3.843974108527377E7
New best solution in iteration 524: 3.438346559344335E7
AVG (iterations 520 to 540): 3.7518468189338766E7
AVG (iterations 540 to 560): 3.789462090368442E7
AVG (iterations 560 to 580): 3.7705954050638966E7
AVG (iterations 580 to 600): 3.748345166932546E7
AVG (iterations 600 to 620): 3.752120720005678E7
AVG (iterations 620 to 640): 3.767982982955577E7
AVG (iterations 640 to 660): 3.7438215013226904E7
AVG (iterations 660 to 680): 3.751530869721283E7
AVG (iterations 680 to 700): 3.7902390651564226E7
AVG (iterations 700 to 720): 3.76389813180452E7
New best solution in iteration 738: 3.428491240394248E7
AVG (iterations 720 to 740): 3.6790683578916594E7
AVG (iterations 740 to 760): 3.726228693014802E7
AVG (iterations 760 to 780): 3.6445145573515214E7
New best solution in iteration 781: 3.3901504419084534E7
New best solution in iteration 795: 3.350798298429565E7
AVG (iterations 780 to 800): 3.6474660632884964E7
AVG (iterations 800 to 820): 3.657964590967269E7
AVG (iterations 820 to 840): 3.65117547692443E7
AVG (iterations 840 to 860): 3.594812742572211E7
New best solution in iteration 861: 3.3365324533284307E7
AVG (iterations 860 to 880): 3.6612480499143474E7
AVG (iterations 880 to 900): 3.7093186560931094E7
AVG (iterations 900 to 920): 3.680269366972667E7
AVG (iterations 920 to 940): 3.679879830237995E7
AVG (iterations 940 to 960): 3.6930504667127416E7
AVG (iterations 960 to 980): 3.685826723798706E7
Solution from ACO:
0 (63.4380) --> [49, 3, 83, 185]
1 (68.3521) --> [169, 181]
2 (77.0372) --> [4]
3 --> []
4 (26.6805) --> [199]
5 (83.5297) --> [131]
6 --> []
7 (14.9736) --> [98]
8 --> []
9 (7.7608) --> [59]
10 --> []
11 (65.2901) --> [50]
12 (19.7259) --> [48]
13 (26.4194) --> [108, 178]
14 (80.7568) --> [123]
15 (49.6096) --> [183]
16 (32.6103) --> [44]
17 (66.2602) --> [136]
18 --> []
19 (53.4079) --> [172, 100]
20 (48.1023) --> [117]
21 (33.5808) --> [197]
22 (80.4276) --> [28, 160]
23 (20.6238) --> [180, 101]
24 --> []
25 (86.1299) --> [35, 75]
26 (78.6980) --> [65]
27 (27.8342) --> [116]
28 (40.0808) --> [166]
29 --> []
30 (24.5645) --> [76]
31 (43.5924) --> [81]
32 --> []
33 (37.1910) --> [45]
34 (37.9309) --> [132, 156]
35 --> []
36 (16.9226) --> [192]
37 (57.8535) --> [31, 175]
38 --> []
39 --> []
40 (9.4817) --> [174]
41 (75.0929) --> [159, 52]
42 (28.8624) --> [153]
43 (76.9432) --> [9, 187]
44 (25.2678) --> [113]
45 (29.9677) --> [16]
46 (35.4028) --> [94]
47 (60.7587) --> [110]
48 (59.9521) --> [189, 84]
49 --> []
50 (69.0268) --> [143]
51 (73.3506) --> [77, 128]
52 (54.3099) --> [33]
53 (58.4996) --> [124]
54 (32.4217) --> [154]
55 (69.6264) --> [90, 85]
56 (117.4626) --> [141]
57 --> []
58 --> []
59 (37.0027) --> [193, 121]
60 (47.2470) --> [54]
61 --> []
62 (24.4448) --> [32]
63 (35.7406) --> [71]
64 (41.8593) --> [152]
65 (48.6232) --> [140, 151]
66 (74.0178) --> [144]
67 (75.7365) --> [114]
68 (57.9149) --> [34]
69 --> []
70 (41.8053) --> [43]
71 (46.3836) --> [68]
72 --> []
73 (16.1811) --> [39]
74 (36.0538) --> [78]
75 (110.5025) --> [29]
76 (31.7485) --> [73]
77 (54.0959) --> [64]
78 (70.7475) --> [60]
79 (38.5973) --> [184]
80 (24.7345) --> [133]
81 (86.5759) --> [95]
82 (79.2333) --> [150]
83 (64.9849) --> [130]
84 --> []
85 (26.4004) --> [62]
86 --> []
87 (43.3600) --> [142]
88 (68.5425) --> [80, 20]
89 (30.2027) --> [190]
90 --> []
91 --> []
92 (76.7380) --> [21]
93 (59.2817) --> [53]
94 (49.4191) --> [147]
95 (60.6747) --> [19]
96 (73.4327) --> [118]
97 (84.3798) --> [112]
98 --> []
99 (58.1199) --> [26, 12]
100 (21.1606) --> [188]
101 (62.0123) --> [57]
102 (45.5428) --> [105, 164]
103 (51.4655) --> [37, 66]
104 (41.4763) --> [1]
105 (41.1877) --> [129, 163, 125]
106 (92.4070) --> [96]
107 (31.7567) --> [56]
108 (26.8486) --> [126]
109 (49.8789) --> [170]
110 (38.7727) --> [79]
111 (83.7386) --> [27, 106]
112 (33.6610) --> [99]
113 (67.0276) --> [93]
114 (53.3229) --> [25]
115 --> []
116 (69.0839) --> [161]
117 --> []
118 (72.4755) --> [7, 146]
119 (66.4031) --> [40]
120 (50.9036) --> [82]
121 (24.2936) --> [137]
122 (60.7313) --> [11, 162]
123 (44.1889) --> [55]
124 (72.0200) --> [157, 67]
125 (56.4451) --> [10, 88]
126 (25.5583) --> [115, 107]
127 (39.6311) --> [198]
128 (71.7381) --> [70]
129 --> []
130 (113.0407) --> [155]
131 (11.1609) --> [173]
132 (72.2928) --> [122]
133 --> []
134 --> []
135 (86.7849) --> [177, 176]
136 (46.1352) --> [30, 135]
137 --> []
138 (32.2916) --> [145, 111]
139 (16.3565) --> [97]
140 (38.8511) --> [168]
141 (58.2641) --> [158, 58]
142 (26.1135) --> [6]
143 --> []
144 (80.8573) --> [72, 167]
145 --> []
146 --> []
147 (34.5598) --> [24]
148 (60.4072) --> [149, 134]
149 (52.7059) --> [182, 171]
150 (59.2291) --> [86, 63]
151 --> []
152 (31.2195) --> [109]
153 (67.6998) --> [196, 18]
154 (48.1583) --> [92]
155 (102.3819) --> [139]
156 (76.6428) --> [69, 74]
157 --> []
158 --> []
159 (15.9291) --> [127]
160 --> []
161 (10.9966) --> [17]
162 (47.3471) --> [15]
163 --> []
164 (49.3235) --> [23]
165 (74.5605) --> [42, 148]
166 (16.3659) --> [186]
167 --> []
168 --> []
169 (47.5302) --> [195]
170 (59.7545) --> [102, 179]
171 (38.2644) --> [8]
172 (50.7679) --> [120]
173 --> []
174 (77.9451) --> [51]
175 (40.4707) --> [13]
176 --> []
177 --> []
178 (49.3628) --> [191]
179 (36.1528) --> [2]
180 --> []
181 (35.0811) --> [103]
182 (71.7808) --> [41]
183 (81.7474) --> [14, 5]
184 (74.5244) --> [138, 119]
185 (60.7455) --> [104]
186 --> []
187 (48.2443) --> [194]
188 --> []
189 (71.8133) --> [89, 47]
190 --> []
191 (31.3214) --> [22]
192 (36.1101) --> [87]
193 (3.7620) --> [91]
194 (10.4776) --> [38]
195 --> []
196 --> []
197 (74.0263) --> [165]
198 (17.1868) --> [36]
199 (55.8941) --> [61, 46]

Solution energy from ACO: 3.3365324533284307E7
trying to improve with local search...
final Solution:
0 (63.4380) --> [49, 3, 83, 185]
1 (68.3521) --> [169, 181]
2 (77.0372) --> [4]
3 --> []
4 (26.6805) --> [199]
5 (83.5297) --> [131]
6 --> []
7 (14.9736) --> [98]
8 --> []
9 (7.7608) --> [59]
10 --> []
11 (65.2901) --> [50]
12 (19.7259) --> [48]
13 (26.4194) --> [108, 178]
14 (80.7568) --> [123]
15 (49.6096) --> [183]
16 (32.6103) --> [44]
17 (66.2602) --> [136]
18 --> []
19 (53.4079) --> [172, 100]
20 (48.1023) --> [117]
21 (33.5808) --> [197]
22 (80.4276) --> [28, 160]
23 (20.6238) --> [180, 101]
24 --> []
25 (86.1299) --> [35, 75]
26 (78.6980) --> [65]
27 (27.8342) --> [116]
28 (40.0808) --> [166]
29 --> []
30 (24.5645) --> [76]
31 (43.5924) --> [81]
32 --> []
33 (37.1910) --> [45]
34 (37.9309) --> [132, 156]
35 --> []
36 (16.9226) --> [192]
37 (57.8535) --> [31, 175]
38 --> []
39 --> []
40 (9.4817) --> [174]
41 (75.0929) --> [159, 52]
42 (28.8624) --> [153]
43 (76.9432) --> [9, 187]
44 (25.2678) --> [113]
45 (29.9677) --> [16]
46 (35.4028) --> [94]
47 (60.7587) --> [110]
48 (59.9521) --> [189, 84]
49 --> []
50 (69.0268) --> [143]
51 (73.3506) --> [77, 128]
52 (54.3099) --> [33]
53 (58.4996) --> [124]
54 (32.4217) --> [154]
55 (69.6264) --> [90, 85]
56 (117.4626) --> [141]
57 --> []
58 --> []
59 (37.0027) --> [193, 121]
60 (47.2470) --> [54]
61 --> []
62 (24.4448) --> [32]
63 (35.7406) --> [71]
64 (41.8593) --> [152]
65 (48.6232) --> [140, 151]
66 (74.0178) --> [144]
67 (75.7365) --> [114]
68 (57.9149) --> [34]
69 --> []
70 (41.8053) --> [43]
71 (46.3836) --> [68]
72 --> []
73 (16.1811) --> [39]
74 (36.0538) --> [78]
75 (110.5025) --> [29]
76 (31.7485) --> [73]
77 (54.0959) --> [64]
78 (70.7475) --> [60]
79 (38.5973) --> [184]
80 (24.7345) --> [133]
81 (86.5759) --> [95]
82 (79.2333) --> [150]
83 (64.9849) --> [130]
84 --> []
85 (26.4004) --> [62]
86 --> []
87 (43.3600) --> [142]
88 (68.5425) --> [80, 20]
89 (30.2027) --> [190]
90 --> []
91 --> []
92 (76.7380) --> [21]
93 (59.2817) --> [53]
94 (49.4191) --> [147]
95 (60.6747) --> [19]
96 (73.4327) --> [118]
97 (84.3798) --> [112]
98 --> []
99 (58.1199) --> [26, 12]
100 (21.1606) --> [188]
101 (62.0123) --> [57]
102 (45.5428) --> [105, 164]
103 (51.4655) --> [37, 66]
104 (41.4763) --> [1]
105 (41.1877) --> [129, 163, 125]
106 (92.4070) --> [96]
107 (31.7567) --> [56]
108 (26.8486) --> [126]
109 (49.8789) --> [170]
110 (38.7727) --> [79]
111 (83.7386) --> [27, 106]
112 (33.6610) --> [99]
113 (67.0276) --> [93]
114 (53.3229) --> [25]
115 --> []
116 (69.0839) --> [161]
117 --> []
118 (72.4755) --> [7, 146]
119 (78.4437) --> [51]
120 (50.9036) --> [82]
121 (24.2936) --> [137]
122 (60.7313) --> [11, 162]
123 (44.1889) --> [55]
124 (72.0200) --> [157, 67]
125 (56.4451) --> [10, 88]
126 (25.5583) --> [115, 107]
127 (39.6311) --> [198]
128 (71.7381) --> [70]
129 --> []
130 (113.0407) --> [155]
131 (11.1609) --> [173]
132 (72.2928) --> [122]
133 --> []
134 --> []
135 (86.7849) --> [177, 176]
136 (46.1352) --> [30, 135]
137 --> []
138 (32.2916) --> [145, 111]
139 (16.3565) --> [97]
140 (38.8511) --> [168]
141 (58.2641) --> [158, 58]
142 (26.1135) --> [6]
143 --> []
144 (80.8573) --> [72, 167]
145 --> []
146 --> []
147 (34.5598) --> [24]
148 (60.4072) --> [149, 134]
149 (52.7059) --> [182, 171]
150 (59.2291) --> [86, 63]
151 --> []
152 (31.2195) --> [109]
153 (67.6998) --> [196, 18]
154 (48.1583) --> [92]
155 (102.3819) --> [139]
156 (76.6428) --> [69, 74]
157 --> []
158 --> []
159 (15.9291) --> [127]
160 --> []
161 (10.9966) --> [17]
162 (47.3471) --> [15]
163 --> []
164 (49.3235) --> [23]
165 (74.5605) --> [42, 148]
166 (16.3659) --> [186]
167 --> []
168 --> []
169 (47.5302) --> [195]
170 (59.7545) --> [102, 179]
171 (38.2644) --> [8]
172 (50.7679) --> [120]
173 --> []
174 (9.4817) --> [40]
175 (40.4707) --> [13]
176 --> []
177 --> []
178 (49.3628) --> [191]
179 (36.1528) --> [2]
180 --> []
181 (35.0811) --> [103]
182 (71.7808) --> [41]
183 (81.7474) --> [14, 5]
184 (74.5244) --> [138, 119]
185 (60.7455) --> [104]
186 --> []
187 (48.2443) --> [194]
188 --> []
189 (71.8133) --> [89, 47]
190 --> []
191 (31.3214) --> [22]
192 (36.1101) --> [87]
193 (3.7620) --> [91]
194 (10.4776) --> [38]
195 --> []
196 --> []
197 (74.0263) --> [165]
198 (17.1868) --> [36]
199 (55.8941) --> [61, 46]

final Solution energy: 3.3082527638808668E7
Calculated in 29762ms
Ants=1000, alpha=0.6, beta=3.0, evaporate factor=0.07
(for ../../mebp/mebp-07.dat)
