New best solution in iteration 0: 1.1725602138110511E9
New best solution in iteration 1: 9.214937050129191E8
New best solution in iteration 2: 8.156830212074534E8
New best solution in iteration 9: 6.254088521441531E8
New best solution in iteration 11: 4.2225802327068055E8
AVG (iterations 0 to 20): 1.1808300954498928E9
AVG (iterations 20 to 40): 1.1335849762414565E9
AVG (iterations 40 to 60): 1.1635937133574305E9
New best solution in iteration 64: 2.6546453305476913E8
AVG (iterations 60 to 80): 1.1902195724721582E9
AVG (iterations 80 to 100): 1.0812086606149974E9
AVG (iterations 100 to 120): 1.2237307173609424E9
AVG (iterations 120 to 140): 1.3214085921984823E9
New best solution in iteration 147: 2.3664585984039953E8
New best solution in iteration 160: 2.3322817993379155E8
AVG (iterations 140 to 160): 9.337336370566432E8
New best solution in iteration 162: 1.4913572206937242E8
New best solution in iteration 168: 1.3910662294927278E8
New best solution in iteration 177: 1.0783770514390983E8
AVG (iterations 160 to 180): 3.6996692009221023E8
New best solution in iteration 183: 1.0142519328196374E8
New best solution in iteration 189: 9.27098218321592E7
AVG (iterations 180 to 200): 1.3356842870656626E8
New best solution in iteration 202: 9.165000415514651E7
AVG (iterations 200 to 220): 1.1444570063041422E8
AVG (iterations 220 to 240): 1.1253295484642193E8
AVG (iterations 240 to 260): 1.2557510338206343E8
New best solution in iteration 276: 9.050781448944938E7
New best solution in iteration 279: 8.306701612973835E7
AVG (iterations 260 to 280): 1.086214013816481E8
AVG (iterations 280 to 300): 1.0809244770054106E8
AVG (iterations 300 to 320): 1.1656542763020878E8
AVG (iterations 320 to 340): 1.173833086609788E8
AVG (iterations 340 to 360): 1.173407236108168E8
AVG (iterations 360 to 380): 1.1970995492231707E8
AVG (iterations 380 to 400): 1.1466283565372992E8
AVG (iterations 400 to 420): 1.1991138331133923E8
AVG (iterations 420 to 440): 1.2028966785593566E8
AVG (iterations 440 to 460): 1.1670435004875024E8
AVG (iterations 460 to 480): 1.1461096766724673E8
AVG (iterations 480 to 500): 1.0488566789616235E8
AVG (iterations 500 to 520): 1.0785251787499014E8
AVG (iterations 520 to 540): 1.0767388498560612E8
AVG (iterations 540 to 560): 1.036486209805869E8
AVG (iterations 560 to 580): 1.0368783092082986E8
AVG (iterations 580 to 600): 1.0672425964752838E8
AVG (iterations 600 to 620): 1.0741806593143137E8
AVG (iterations 620 to 640): 1.0427444137078555E8
AVG (iterations 640 to 660): 1.0213851502257079E8
AVG (iterations 660 to 680): 1.0971187472443709E8
AVG (iterations 680 to 700): 1.0225000144471288E8
AVG (iterations 700 to 720): 1.0856619023595607E8
New best solution in iteration 725: 8.275438727478704E7
AVG (iterations 720 to 740): 1.1015631733280072E8
AVG (iterations 740 to 760): 1.1177036624715385E8
AVG (iterations 760 to 780): 1.0243606866710415E8
AVG (iterations 780 to 800): 1.0496697191495308E8
AVG (iterations 800 to 820): 1.0374817019863889E8
AVG (iterations 820 to 840): 1.0528369278480187E8
AVG (iterations 840 to 860): 1.0512723864953125E8
AVG (iterations 860 to 880): 9.85653299994783E7
AVG (iterations 880 to 900): 9.443883522182997E7
AVG (iterations 900 to 920): 9.893106929396358E7
AVG (iterations 920 to 940): 9.987410257842295E7
AVG (iterations 940 to 960): 9.892564324163492E7
AVG (iterations 960 to 980): 1.071839165967606E8
Solution from ACO:
0 (68.2689) --> [42, 28]
1 (37.5800) --> [11]
2 (100.5944) --> [9, 19]
3 (65.2406) --> [40, 12]
4 (50.7829) --> [15]
5 --> []
6 (152.9257) --> [14]
7 (118.0492) --> [21, 37]
8 --> []
9 (159.4906) --> [43]
10 --> []
11 --> []
12 (120.9275) --> [13, 4]
13 (71.1047) --> [5]
14 (115.3781) --> [7]
15 (64.6866) --> [36]
16 --> []
17 (90.3692) --> [18, 2]
18 (17.4897) --> [16]
19 (75.3066) --> [35]
20 (226.8454) --> [46]
21 (112.0395) --> [27]
22 (123.9481) --> [45, 48]
23 --> []
24 (160.5861) --> [22]
25 (13.0969) --> [10]
26 --> []
27 (50.2355) --> [30]
28 --> []
29 (122.0561) --> [44, 24]
30 (47.4865) --> [25]
31 --> []
32 (135.3124) --> [31, 33]
33 --> []
34 (56.6612) --> [32]
35 --> []
36 (153.8444) --> [6, 41, 26]
37 (253.5205) --> [20, 39]
38 (107.1049) --> [1, 49]
39 --> []
40 (42.8043) --> [8]
41 (185.1240) --> [34]
42 (42.5340) --> [29]
43 --> []
44 (120.0008) --> [23]
45 (223.9520) --> [3]
46 (101.0272) --> [17]
47 --> []
48 (102.5640) --> [38, 47]
49 --> []

Solution energy from ACO: 8.275438727478704E7
trying to improve with local search...
final Solution:
0 (68.2689) --> [42, 28]
1 (37.5800) --> [11]
2 (100.5944) --> [9, 19]
3 (65.2406) --> [40, 12]
4 (50.7829) --> [15]
5 --> []
6 (152.9257) --> [14]
7 (118.0492) --> [21, 37]
8 --> []
9 (159.4906) --> [43]
10 --> []
11 --> []
12 (120.9275) --> [13, 4]
13 (71.1047) --> [5]
14 (115.3781) --> [7]
15 (64.6866) --> [36]
16 --> []
17 (90.3692) --> [18, 2]
18 (17.4897) --> [16]
19 (75.3066) --> [35]
20 (226.8454) --> [46]
21 (112.0395) --> [27]
22 (123.9481) --> [45, 48]
23 --> []
24 (160.5861) --> [22]
25 (13.0969) --> [10]
26 --> []
27 (50.2355) --> [30]
28 --> []
29 (122.0561) --> [44, 24]
30 (47.4865) --> [25]
31 --> []
32 (135.3124) --> [31, 33]
33 --> []
34 (56.6612) --> [32]
35 --> []
36 (153.8444) --> [6, 41, 26]
37 (253.5205) --> [20, 39]
38 (107.1049) --> [1, 49]
39 --> []
40 (42.8043) --> [8]
41 (185.1240) --> [34]
42 (42.5340) --> [29]
43 --> []
44 (120.0008) --> [23]
45 (223.9520) --> [3]
46 (101.0272) --> [17]
47 --> []
48 (102.5640) --> [38, 47]
49 --> []

final Solution energy: 8.275438727478704E7
Calculated in 2127ms
Ants=1000, alpha=0.6, beta=3.0, evaporate factor=0.07
(for ../../mebp/mebp-05.dat)
