New best solution in iteration 0: 3.7194735584971495E9
New best solution in iteration 1: 2.7590680747736897E9
New best solution in iteration 4: 2.0892201429040952E9
New best solution in iteration 8: 1.8929428009562058E9
New best solution in iteration 18: 1.456459087548666E9
AVG (iterations 0 to 20): 2.8803141061693187E9
AVG (iterations 20 to 40): 3.324889222015419E9
AVG (iterations 40 to 60): 3.192067581684175E9
AVG (iterations 60 to 80): 3.2621357351626225E9
AVG (iterations 80 to 100): 3.3692082858614073E9
AVG (iterations 100 to 120): 3.136373514926751E9
AVG (iterations 120 to 140): 3.068408929530754E9
New best solution in iteration 146: 1.3460095554894164E9
New best solution in iteration 159: 1.0280527850618953E9
AVG (iterations 140 to 160): 2.3343920500982933E9
New best solution in iteration 164: 9.528250850406057E8
New best solution in iteration 170: 7.445769001876388E8
New best solution in iteration 172: 4.570137911708472E8
New best solution in iteration 174: 3.903211012719939E8
New best solution in iteration 180: 1.517426958360067E8
AVG (iterations 160 to 180): 1.136376839476048E9
New best solution in iteration 182: 1.1484129081952526E8
New best solution in iteration 186: 9.526139361678478E7
New best solution in iteration 190: 8.980370898993188E7
New best solution in iteration 192: 8.249314324805914E7
New best solution in iteration 195: 5.131089747142733E7
New best solution in iteration 199: 3.48565417077845E7
AVG (iterations 180 to 200): 2.2421749594935164E8
New best solution in iteration 207: 3.2446170420951407E7
New best solution in iteration 211: 2.8384656251492735E7
New best solution in iteration 212: 2.6165194657823298E7
AVG (iterations 200 to 220): 9.79341865447984E7
New best solution in iteration 235: 2.612801323766199E7
AVG (iterations 220 to 240): 3.0387559256440006E7
New best solution in iteration 246: 2.6073135230845448E7
New best solution in iteration 258: 2.5236941258582093E7
AVG (iterations 240 to 260): 2.7601033870439686E7
New best solution in iteration 279: 2.4224716869487584E7
AVG (iterations 260 to 280): 2.6458297752962407E7
AVG (iterations 280 to 300): 2.5760190554907165E7
New best solution in iteration 316: 2.4107641329315215E7
AVG (iterations 300 to 320): 2.5842856891318318E7
New best solution in iteration 322: 2.4012898801962156E7
AVG (iterations 320 to 340): 2.5257428266810708E7
AVG (iterations 340 to 360): 2.5599994777277082E7
AVG (iterations 360 to 380): 2.55210850293025E7
New best solution in iteration 387: 2.4012303437745415E7
AVG (iterations 380 to 400): 2.509061619368342E7
New best solution in iteration 409: 2.3893490979323912E7
New best solution in iteration 413: 2.3609671504521847E7
AVG (iterations 400 to 420): 2.521561754031933E7
New best solution in iteration 430: 2.3422713017917793E7
AVG (iterations 420 to 440): 2.515236141968838E7
AVG (iterations 440 to 460): 2.50369322332592E7
AVG (iterations 460 to 480): 2.4784141379319783E7
AVG (iterations 480 to 500): 2.4807207273890402E7
AVG (iterations 500 to 520): 2.463818268656277E7
New best solution in iteration 521: 2.3051349879255846E7
AVG (iterations 520 to 540): 2.4373843493012004E7
AVG (iterations 540 to 560): 2.443010851731188E7
AVG (iterations 560 to 580): 2.4986264532433663E7
AVG (iterations 580 to 600): 2.4560270939543787E7
New best solution in iteration 615: 2.2670375212694272E7
AVG (iterations 600 to 620): 2.4038017413107563E7
AVG (iterations 620 to 640): 2.4423598889360975E7
AVG (iterations 640 to 660): 2.4292898976234876E7
AVG (iterations 660 to 680): 2.458030583034453E7
AVG (iterations 680 to 700): 2.4497681382078864E7
AVG (iterations 700 to 720): 2.454815180212926E7
AVG (iterations 720 to 740): 2.4535106916384645E7
AVG (iterations 740 to 760): 2.4620527343129165E7
AVG (iterations 760 to 780): 2.469908453080092E7
AVG (iterations 780 to 800): 2.4830070137944184E7
AVG (iterations 800 to 820): 2.4578399755373724E7
AVG (iterations 820 to 840): 2.4391458879766934E7
AVG (iterations 840 to 860): 2.3845628443240687E7
New best solution in iteration 865: 2.231810191781879E7
AVG (iterations 860 to 880): 2.4110585345816057E7
AVG (iterations 880 to 900): 2.4201657882737447E7
AVG (iterations 900 to 920): 2.4368801350166E7
AVG (iterations 920 to 940): 2.4199461323783673E7
AVG (iterations 940 to 960): 2.4245924753790263E7
AVG (iterations 960 to 980): 2.4345211762456115E7
Solution from ACO:
0 (49.4754) --> [403, 236, 72]
1 (24.7447) --> [319]
2 (55.2769) --> [427, 452]
3 (38.5554) --> [24, 457]
4 --> []
5 (20.8450) --> [90, 433]
6 (39.7859) --> [149, 444]
7 (33.7214) --> [429]
8 --> []
9 --> []
10 --> []
11 --> []
12 (14.8063) --> [415]
13 (5.6851) --> [489]
14 (73.4450) --> [482, 91]
15 (42.6405) --> [143]
16 (29.0061) --> [375]
17 (21.4803) --> [364]
18 (40.4239) --> [110, 205]
19 (49.5346) --> [442]
20 (44.9605) --> [204]
21 --> []
22 (23.5447) --> [197]
23 (38.6642) --> [189]
24 --> []
25 (10.4453) --> [348]
26 (8.6174) --> [206]
27 (31.8810) --> [141]
28 --> []
29 (46.2194) --> [170]
30 --> []
31 (21.7947) --> [394]
32 (20.5905) --> [435]
33 (66.6353) --> [86, 142]
34 (38.3111) --> [473]
35 (22.7847) --> [132]
36 (16.6840) --> [430]
37 (35.8726) --> [354]
38 (34.5532) --> [331]
39 (39.5234) --> [295, 494]
40 (15.3423) --> [484]
41 (27.9797) --> [342, 284]
42 (32.0748) --> [261]
43 (68.8312) --> [455]
44 (22.6477) --> [171]
45 (25.6017) --> [425]
46 (11.5983) --> [39]
47 --> []
48 (20.5775) --> [229]
49 (47.5881) --> [249]
50 (26.7218) --> [211]
51 (17.3837) --> [158]
52 (33.9988) --> [264]
53 (9.7676) --> [162]
54 --> []
55 --> []
56 --> []
57 --> []
58 (44.4903) --> [271, 212]
59 (47.2745) --> [238]
60 (13.8910) --> [70]
61 (26.4630) --> [137]
62 --> []
63 (26.1205) --> [361, 419]
64 (51.9810) --> [74, 498]
65 (34.7365) --> [226]
66 (52.6709) --> [357, 488]
67 (16.2287) --> [66]
68 (15.0659) --> [231]
69 (22.9503) --> [120, 382]
70 (16.8687) --> [78, 163]
71 (20.8113) --> [151]
72 (15.7643) --> [305]
73 (17.2493) --> [253]
74 (63.3685) --> [492]
75 --> []
76 --> []
77 (17.5146) --> [486]
78 --> []
79 --> []
80 --> []
81 --> []
82 (69.0302) --> [184, 321]
83 (30.4531) --> [146, 441]
84 --> []
85 (23.4381) --> [255]
86 --> []
87 (17.8442) --> [373]
88 (46.2035) --> [417, 209]
89 (39.4924) --> [176, 107]
90 (48.6911) --> [483]
91 (28.3670) --> [346]
92 --> []
93 (20.1812) --> [347]
94 (46.6260) --> [426]
95 (47.1536) --> [87]
96 (52.6859) --> [73, 254]
97 (52.1873) --> [377, 85]
98 --> []
99 --> []
100 (49.4773) --> [98, 397]
101 --> []
102 (45.6514) --> [228]
103 (37.3484) --> [401]
104 (18.1290) --> [216, 370]
105 --> []
106 (50.8889) --> [366, 52]
107 (57.6205) --> [23, 25]
108 (54.3834) --> [343, 478]
109 --> []
110 --> []
111 (36.1860) --> [434]
112 (30.4741) --> [7]
113 (58.1406) --> [59, 130]
114 (33.5268) --> [100, 102]
115 --> []
116 --> []
117 (43.4868) --> [65]
118 (33.7729) --> [275, 280]
119 (53.4608) --> [166]
120 (25.5545) --> [5]
121 --> []
122 (2.5110) --> [58]
123 --> []
124 (6.6663) --> [167]
125 (26.8108) --> [299]
126 (27.6489) --> [200]
127 (62.0578) --> [391]
128 (39.5600) --> [449]
129 (31.9351) --> [111]
130 (39.4779) --> [93, 456, 469]
131 (10.8396) --> [371]
132 (52.5057) --> [407]
133 (49.1422) --> [95]
134 (28.3831) --> [262]
135 (33.3445) --> [230]
136 --> []
137 (47.6607) --> [323, 326]
138 (15.7647) --> [156]
139 (16.0824) --> [4]
140 --> []
141 (35.6279) --> [84]
142 (61.2568) --> [83, 270]
143 (27.3276) --> [471]
144 (21.3937) --> [381]
145 (7.4340) --> [490]
146 (29.1166) --> [248]
147 (36.5457) --> [34, 26]
148 --> []
149 (38.6053) --> [178, 88]
150 --> []
151 (16.8583) --> [396]
152 (34.7143) --> [330, 168]
153 (42.5219) --> [213]
154 --> []
155 (54.7574) --> [82]
156 (22.0088) --> [38]
157 (12.4058) --> [329]
158 (7.6794) --> [409]
159 (27.0230) --> [145, 390]
160 (69.4152) --> [47, 440]
161 (64.5086) --> [218]
162 (34.0954) --> [465]
163 (29.2237) --> [116]
164 (11.3262) --> [404]
165 (3.3328) --> [463]
166 --> []
167 (57.4438) --> [372, 362, 186]
168 --> []
169 (10.1926) --> [214]
170 --> []
171 (39.3421) --> [493, 400, 199]
172 (60.1788) --> [104, 332]
173 --> []
174 --> []
175 (47.1112) --> [140, 259]
176 (35.0863) --> [181]
177 (22.1976) --> [129]
178 (15.6633) --> [193]
179 (44.3463) --> [54, 315]
180 --> []
181 (61.9192) --> [431]
182 (34.8917) --> [300]
183 --> []
184 (30.1735) --> [408, 133]
185 (27.6758) --> [499]
186 (10.1362) --> [225]
187 (48.6913) --> [386]
188 --> []
189 (47.2953) --> [398]
190 --> []
191 --> []
192 (24.4518) --> [108]
193 (23.4837) --> [467]
194 (39.8430) --> [310]
195 (17.0793) --> [128]
196 (44.2375) --> [75]
197 (18.1831) --> [318]
198 (45.7242) --> [113, 418]
199 (39.5275) --> [96]
200 (39.5205) --> [307]
201 --> []
202 (11.3675) --> [68]
203 (39.9718) --> [349]
204 (25.7327) --> [303, 495]
205 (28.7141) --> [22]
206 (37.7541) --> [393]
207 --> []
208 (11.6259) --> [309]
209 --> []
210 (43.5116) --> [194, 383, 487]
211 (17.8626) --> [175]
212 (53.9488) --> [71, 258]
213 (37.9787) --> [387, 328]
214 (3.3700) --> [320]
215 --> []
216 --> []
217 (37.0157) --> [301]
218 (24.7335) --> [376, 421]
219 (18.1389) --> [240, 345]
220 --> []
221 --> []
222 (56.8012) --> [242]
223 (45.9451) --> [61]
224 --> []
225 (48.6163) --> [333]
226 (52.2312) --> [188]
227 (21.3960) --> [353]
228 (49.3515) --> [243]
229 (39.3626) --> [316]
230 (28.7170) --> [474]
231 (45.9766) --> [322]
232 (21.7437) --> [150]
233 --> []
234 (32.1675) --> [109, 439]
235 (24.6752) --> [169]
236 (17.9040) --> [33]
237 --> []
238 (52.5876) --> [105, 56]
239 (17.9253) --> [399]
240 --> []
241 (38.3659) --> [159]
242 (27.0700) --> [3]
243 (9.1519) --> [334]
244 (13.5490) --> [423, 339]
245 --> []
246 --> []
247 (49.2033) --> [2]
248 --> []
249 --> []
250 (29.7454) --> [289]
251 --> []
252 (54.9793) --> [461, 436]
253 (63.6432) --> [31]
254 (28.4703) --> [272]
255 (9.7846) --> [27]
256 (30.0422) --> [292]
257 --> []
258 (49.8943) --> [20]
259 --> []
260 (37.0270) --> [311, 9]
261 (11.4913) --> [139, 94]
262 --> []
263 (41.4704) --> [161, 62]
264 (55.3142) --> [89]
265 (61.2169) --> [112]
266 (20.9036) --> [475]
267 (27.0372) --> [177, 384]
268 --> []
269 (19.0588) --> [263]
270 (18.6568) --> [252]
271 (34.4940) --> [379]
272 (58.4621) --> [131, 101]
273 (32.2235) --> [497, 179]
274 --> []
275 --> []
276 (7.5911) --> [148]
277 (46.7163) --> [454]
278 --> []
279 (14.9374) --> [30]
280 (46.8984) --> [340, 374]
281 (51.0624) --> [46]
282 (23.7477) --> [395]
283 (26.5662) --> [32]
284 --> []
285 (35.9154) --> [385, 208]
286 --> []
287 (7.7234) --> [237]
288 (40.3635) --> [265, 80]
289 (34.1726) --> [217]
290 (34.1815) --> [221]
291 (64.7957) --> [69]
292 (31.1820) --> [257]
293 --> []
294 (15.2750) --> [119]
295 (28.1974) --> [496, 338]
296 (40.1091) --> [269, 291]
297 (39.8491) --> [247]
298 (7.9000) --> [165]
299 (31.5504) --> [21]
300 (24.6286) --> [286]
301 (34.7521) --> [359]
302 (51.7453) --> [458]
303 --> []
304 (30.0352) --> [10, 232]
305 (34.1806) --> [344]
306 (17.1605) --> [157]
307 (19.6692) --> [183]
308 --> []
309 (8.7476) --> [103]
310 (28.5265) --> [437, 293]
311 --> []
312 (11.9136) --> [367]
313 --> []
314 (7.1412) --> [124]
315 (35.8076) --> [6]
316 (51.4100) --> [298, 190]
317 (30.2662) --> [341]
318 (39.4248) --> [302]
319 (30.7061) --> [234]
320 --> []
321 (57.0869) --> [369]
322 (36.9214) --> [380, 256]
323 (28.6012) --> [222]
324 --> []
325 (35.0333) --> [196, 77]
326 (48.0920) --> [45]
327 (15.5829) --> [210]
328 (17.6096) --> [57]
329 (17.0193) --> [314]
330 (69.4596) --> [173]
331 --> []
332 (53.9755) --> [416]
333 (43.7448) --> [365, 215]
334 (13.7579) --> [363, 1]
335 (23.6364) --> [41]
336 (52.2723) --> [123]
337 --> []
338 (10.8607) --> [122]
339 (21.6941) --> [337]
340 (10.4760) --> [335]
341 (52.3975) --> [412, 37]
342 --> []
343 (35.2822) --> [127, 29]
344 (60.4494) --> [472]
345 (22.2289) --> [459]
346 (30.9094) --> [64]
347 (11.8083) --> [297]
348 (44.7786) --> [187]
349 (23.2511) --> [446, 15]
350 (44.0036) --> [99]
351 --> []
352 (4.5078) --> [485]
353 (37.2991) --> [281, 49]
354 (62.3751) --> [414]
355 (8.4547) --> [325]
356 --> []
357 (49.8247) --> [246]
358 (37.6938) --> [14, 462]
359 (45.6971) --> [432]
360 (44.4684) --> [235]
361 --> []
362 --> []
363 (12.0726) --> [306]
364 --> []
365 (28.1973) --> [67]
366 --> []
367 (13.8428) --> [174]
368 --> []
369 --> []
370 (29.5895) --> [153]
371 --> []
372 --> []
373 --> []
374 (34.3647) --> [450]
375 (18.3562) --> [40]
376 (17.8505) --> [35]
377 (43.1813) --> [219, 358]
378 --> []
379 (63.5043) --> [336]
380 (42.8216) --> [17]
381 (16.0323) --> [424]
382 --> []
383 (25.6871) --> [43]
384 (2.9816) --> [19]
385 (40.4269) --> [464]
386 (36.3142) --> [438, 477]
387 (38.7750) --> [266, 48]
388 --> []
389 (18.9938) --> [392]
390 (12.2201) --> [405]
391 --> []
392 (39.0626) --> [60]
393 --> []
394 (40.3013) --> [245]
395 (42.1189) --> [195, 422]
396 (12.0233) --> [44]
397 (22.0194) --> [227]
398 (37.4729) --> [327]
399 (26.6812) --> [308]
400 (20.7662) --> [283]
401 (8.7132) --> [274]
402 (32.2244) --> [198]
403 (17.2572) --> [447]
404 (24.1125) --> [51]
405 (26.2971) --> [11]
406 (45.0506) --> [144, 63]
407 (30.3419) --> [428]
408 (19.2944) --> [250]
409 (33.7891) --> [50]
410 (0.1513) --> [279]
411 (44.2553) --> [448]
412 (15.6819) --> [278]
413 (46.0671) --> [268, 125]
414 --> []
415 --> []
416 (41.8466) --> [135]
417 (52.2946) --> [79]
418 --> []
419 (45.3087) --> [352]
420 (10.4726) --> [251]
421 (25.5382) --> [476]
422 --> []
423 (37.9761) --> [207]
424 (5.1591) --> [294]
425 (40.4471) --> [55]
426 (37.6213) --> [136, 324]
427 (53.6030) --> [285]
428 (33.1041) --> [453]
429 (63.8132) --> [460, 479]
430 (11.3697) --> [468]
431 (42.4761) --> [368]
432 (26.4017) --> [277, 172]
433 (26.8646) --> [18]
434 (58.2726) --> [164, 241]
435 (42.0449) --> [42]
436 (20.1199) --> [411, 312]
437 (42.3128) --> [220, 134]
438 (25.2323) --> [182]
439 --> []
440 (22.9602) --> [152, 420]
441 (18.0258) --> [296]
442 --> []
443 (22.7041) --> [36]
444 (19.1829) --> [491, 233]
445 (29.8178) --> [350, 466]
446 (33.5450) --> [445, 53]
447 (48.6103) --> [203, 288]
448 --> []
449 --> []
450 (32.3495) --> [147, 356]
451 (12.7344) --> [388]
452 --> []
453 (51.7986) --> [360, 351]
454 (46.8047) --> [117, 126, 92]
455 (60.0011) --> [76]
456 (25.3556) --> [480, 192]
457 (5.6754) --> [185]
458 (50.5801) --> [97, 244, 260]
459 (17.7199) --> [138]
460 (51.0630) --> [406]
461 --> []
462 --> []
463 (50.8618) --> [224, 239]
464 (12.4377) --> [114]
465 --> []
466 (34.8995) --> [402]
467 --> []
468 (16.6095) --> [28, 191]
469 --> []
470 (30.9235) --> [8, 451]
471 (29.3370) --> [180]
472 (28.2455) --> [481]
473 (21.1687) --> [202, 317]
474 (40.1958) --> [410]
475 --> []
476 (24.2088) --> [81, 155]
477 (30.5796) --> [287]
478 --> []
479 (39.6346) --> [470, 160]
480 (43.0969) --> [201, 273]
481 (34.3914) --> [106]
482 --> []
483 (42.4216) --> [121, 389]
484 --> []
485 (39.6867) --> [118]
486 (44.0024) --> [443]
487 (21.1512) --> [355]
488 (9.4982) --> [12]
489 (13.7185) --> [282]
490 (48.5786) --> [413, 223]
491 (32.0026) --> [304]
492 --> []
493 (21.9204) --> [13]
494 (26.5114) --> [276]
495 (20.8803) --> [290]
496 (35.9918) --> [115, 154]
497 (13.7184) --> [16]
498 (6.3427) --> [267]
499 (36.6474) --> [313, 378]

Solution energy from ACO: 2.231810191781879E7
trying to improve with local search...
final Solution:
0 (49.4754) --> [403, 236, 72]
1 (24.7447) --> [319]
2 (55.2769) --> [427, 452]
3 (38.5554) --> [24, 457]
4 --> []
5 (20.8450) --> [90, 433]
6 (39.7859) --> [149, 444]
7 (33.7214) --> [429]
8 --> []
9 --> []
10 --> []
11 --> []
12 (14.8063) --> [415]
13 (5.6851) --> [489]
14 (73.4450) --> [482, 91]
15 (42.6405) --> [143]
16 (29.0061) --> [375]
17 (21.4803) --> [364]
18 (40.4239) --> [110, 205]
19 (49.5346) --> [442]
20 (44.9605) --> [204]
21 --> []
22 (23.5447) --> [197]
23 (38.6642) --> [189]
24 --> []
25 (10.4453) --> [348]
26 (8.6174) --> [206]
27 (31.8810) --> [141]
28 --> []
29 (46.2194) --> [170]
30 --> []
31 (21.7947) --> [394]
32 (20.5905) --> [435]
33 (66.6353) --> [86, 142]
34 (38.3111) --> [473]
35 (22.7847) --> [132]
36 (16.6840) --> [430]
37 (35.8726) --> [354]
38 (34.5532) --> [331]
39 (39.5234) --> [295, 494]
40 (15.3423) --> [484]
41 (27.9797) --> [342, 284]
42 (32.0748) --> [261]
43 (68.8312) --> [455]
44 (22.6477) --> [171]
45 (25.6017) --> [425]
46 (11.5983) --> [39]
47 --> []
48 (20.5775) --> [229]
49 (47.5881) --> [249]
50 (26.7218) --> [211]
51 (17.3837) --> [158]
52 (33.9988) --> [264]
53 (9.7676) --> [162]
54 --> []
55 --> []
56 --> []
57 --> []
58 (44.4903) --> [271, 212]
59 (47.2745) --> [238]
60 (13.8910) --> [70]
61 (26.4630) --> [137]
62 --> []
63 (26.1205) --> [361, 419]
64 (51.9810) --> [74, 498]
65 (34.7365) --> [226]
66 (52.6709) --> [357, 488]
67 (16.2287) --> [66]
68 (15.0659) --> [231]
69 (22.9503) --> [120, 382]
70 (16.8687) --> [78, 163]
71 (20.8113) --> [151]
72 (15.7643) --> [305]
73 (17.2493) --> [253]
74 (11.0833) --> [64]
75 --> []
76 --> []
77 (17.5146) --> [486]
78 --> []
79 --> []
80 --> []
81 --> []
82 (69.0302) --> [184, 321]
83 (30.4531) --> [146, 441]
84 --> []
85 (23.4381) --> [255]
86 --> []
87 (17.8442) --> [373]
88 (46.2035) --> [417, 209]
89 (39.4924) --> [176, 107]
90 (48.6911) --> [483]
91 (28.3670) --> [346]
92 --> []
93 (20.1812) --> [347]
94 (46.6260) --> [426]
95 (47.1536) --> [87]
96 (52.6859) --> [73, 254]
97 (52.1873) --> [377, 85]
98 --> []
99 --> []
100 (49.4773) --> [98, 397]
101 --> []
102 (45.6514) --> [228]
103 (37.3484) --> [401]
104 (18.1290) --> [216, 370]
105 --> []
106 (50.8889) --> [366, 52]
107 (57.6205) --> [23, 25]
108 (54.3834) --> [343, 478]
109 --> []
110 --> []
111 (36.1860) --> [434]
112 (30.4741) --> [7]
113 (58.1406) --> [59, 130]
114 (33.5268) --> [100, 102]
115 --> []
116 --> []
117 (43.4868) --> [65]
118 (33.7729) --> [275, 280]
119 (53.4608) --> [166]
120 (25.5545) --> [5]
121 --> []
122 (2.5110) --> [58]
123 --> []
124 (6.6663) --> [167]
125 (26.8108) --> [299]
126 (27.6489) --> [200]
127 (62.0578) --> [391]
128 (39.5600) --> [449]
129 (31.9351) --> [111]
130 (39.4779) --> [93, 456, 469]
131 (10.8396) --> [371]
132 (52.5057) --> [407]
133 (49.1422) --> [95]
134 (28.3831) --> [262]
135 (33.3445) --> [230]
136 --> []
137 (47.6607) --> [323, 326]
138 (15.7647) --> [156]
139 (16.0824) --> [4]
140 --> []
141 (35.6279) --> [84]
142 (61.2568) --> [83, 270]
143 (27.3276) --> [471]
144 (21.3937) --> [381]
145 (7.4340) --> [490]
146 (29.1166) --> [248]
147 (36.5457) --> [34, 26]
148 --> []
149 (38.6053) --> [178, 88]
150 --> []
151 (16.8583) --> [396]
152 (34.7143) --> [330, 168]
153 (42.5219) --> [213]
154 --> []
155 (54.7574) --> [82]
156 (22.0088) --> [38]
157 (12.4058) --> [329]
158 (7.6794) --> [409]
159 (27.0230) --> [145, 390]
160 (69.4152) --> [47, 440]
161 (64.5086) --> [218]
162 (34.0954) --> [465]
163 (29.2237) --> [116]
164 (11.3262) --> [404]
165 (3.3328) --> [463]
166 --> []
167 (57.4438) --> [372, 362, 186]
168 --> []
169 (10.1926) --> [214]
170 --> []
171 (39.3421) --> [493, 400, 199]
172 (60.1788) --> [104, 332]
173 --> []
174 --> []
175 (47.1112) --> [140, 259]
176 (35.0863) --> [181]
177 (22.1976) --> [129]
178 (15.6633) --> [193]
179 (44.3463) --> [54, 315]
180 --> []
181 (61.9192) --> [431]
182 (34.8917) --> [300]
183 --> []
184 (30.1735) --> [408, 133]
185 (27.6758) --> [499]
186 (10.1362) --> [225]
187 (48.6913) --> [386]
188 --> []
189 (47.2953) --> [398]
190 --> []
191 --> []
192 (24.4518) --> [108]
193 (23.4837) --> [467]
194 (39.8430) --> [310]
195 (17.0793) --> [128]
196 (44.2375) --> [75]
197 (18.1831) --> [318]
198 (45.7242) --> [113, 418]
199 (39.5275) --> [96]
200 (39.5205) --> [307]
201 --> []
202 (11.3675) --> [68]
203 (39.9718) --> [349]
204 (25.7327) --> [303, 495]
205 (28.7141) --> [22]
206 (37.7541) --> [393]
207 --> []
208 (11.6259) --> [309]
209 --> []
210 (43.5116) --> [194, 383, 487]
211 (17.8626) --> [175]
212 (53.9488) --> [71, 258]
213 (37.9787) --> [387, 328]
214 (3.3700) --> [320]
215 --> []
216 --> []
217 (37.0157) --> [301]
218 (24.7335) --> [376, 421]
219 (18.1389) --> [240, 345]
220 --> []
221 --> []
222 (56.8012) --> [242]
223 (45.9451) --> [61]
224 --> []
225 (48.6163) --> [333]
226 (52.2312) --> [188]
227 (21.3960) --> [353]
228 (49.3515) --> [243]
229 (39.3626) --> [316]
230 (28.7170) --> [474]
231 (45.9766) --> [322]
232 (21.7437) --> [150]
233 --> []
234 (32.1675) --> [109, 439]
235 (24.6752) --> [169]
236 (17.9040) --> [33]
237 --> []
238 (52.5876) --> [105, 56]
239 (17.9253) --> [399]
240 --> []
241 (38.3659) --> [159]
242 (27.0700) --> [3]
243 (9.1519) --> [334]
244 (13.5490) --> [423, 339]
245 --> []
246 --> []
247 (49.2033) --> [2]
248 --> []
249 --> []
250 (29.7454) --> [289]
251 --> []
252 (54.9793) --> [461, 436]
253 (63.6432) --> [31]
254 (28.4703) --> [272]
255 (9.7846) --> [27]
256 (30.0422) --> [292]
257 --> []
258 (49.8943) --> [20]
259 --> []
260 (37.0270) --> [311, 9]
261 (11.4913) --> [139, 94]
262 --> []
263 (41.4704) --> [161, 62]
264 (55.3142) --> [89]
265 (61.2169) --> [112]
266 (20.9036) --> [475]
267 (27.0372) --> [177, 384]
268 --> []
269 (19.0588) --> [263]
270 (18.6568) --> [252]
271 (34.4940) --> [379]
272 (58.4621) --> [131, 101]
273 (32.2235) --> [497, 179]
274 --> []
275 --> []
276 (7.5911) --> [148]
277 (46.7163) --> [454]
278 --> []
279 (14.9374) --> [30]
280 (46.8984) --> [340, 374]
281 (51.0624) --> [46]
282 (23.7477) --> [395]
283 (26.5662) --> [32]
284 --> []
285 (35.9154) --> [385, 208]
286 --> []
287 (7.7234) --> [237]
288 (40.3635) --> [265, 80]
289 (34.1726) --> [217]
290 (34.1815) --> [221]
291 (64.7957) --> [69]
292 (31.1820) --> [257]
293 --> []
294 (15.2750) --> [119]
295 (28.1974) --> [496, 338]
296 (40.1091) --> [269, 291]
297 (39.8491) --> [247]
298 (7.9000) --> [165]
299 (31.5504) --> [21]
300 (24.6286) --> [286]
301 (34.7521) --> [359]
302 (51.7453) --> [458]
303 --> []
304 (30.0352) --> [10, 232]
305 (34.1806) --> [344]
306 (17.1605) --> [157]
307 (19.6692) --> [183]
308 --> []
309 (8.7476) --> [103]
310 (28.5265) --> [437, 293]
311 --> []
312 (11.9136) --> [367]
313 --> []
314 (7.1412) --> [124]
315 (35.8076) --> [6]
316 (51.4100) --> [298, 190]
317 (30.2662) --> [341]
318 (39.4248) --> [302]
319 (30.7061) --> [234]
320 --> []
321 (57.0869) --> [369]
322 (36.9214) --> [380, 256]
323 (28.6012) --> [222]
324 --> []
325 (35.0333) --> [196, 77]
326 (48.0920) --> [45]
327 (15.5829) --> [210]
328 (17.6096) --> [57]
329 (17.0193) --> [314]
330 (69.4596) --> [173]
331 --> []
332 (53.9755) --> [416]
333 (43.7448) --> [365, 215]
334 (13.7579) --> [363, 1]
335 (23.6364) --> [41]
336 (52.2723) --> [123]
337 --> []
338 (10.8607) --> [122]
339 (21.6941) --> [337]
340 (10.4760) --> [335]
341 (52.3975) --> [412, 37]
342 --> []
343 (35.2822) --> [127, 29]
344 (60.4494) --> [472]
345 (22.2289) --> [459]
346 (62.5286) --> [492]
347 (11.8083) --> [297]
348 (44.7786) --> [187]
349 (23.2511) --> [446, 15]
350 (44.0036) --> [99]
351 --> []
352 (4.5078) --> [485]
353 (37.2991) --> [281, 49]
354 (62.3751) --> [414]
355 (8.4547) --> [325]
356 --> []
357 (49.8247) --> [246]
358 (37.6938) --> [14, 462]
359 (45.6971) --> [432]
360 (44.4684) --> [235]
361 --> []
362 --> []
363 (12.0726) --> [306]
364 --> []
365 (28.1973) --> [67]
366 --> []
367 (13.8428) --> [174]
368 --> []
369 --> []
370 (29.5895) --> [153]
371 --> []
372 --> []
373 --> []
374 (34.3647) --> [450]
375 (18.3562) --> [40]
376 (17.8505) --> [35]
377 (43.1813) --> [219, 358]
378 --> []
379 (63.5043) --> [336]
380 (42.8216) --> [17]
381 (16.0323) --> [424]
382 --> []
383 (25.6871) --> [43]
384 (2.9816) --> [19]
385 (40.4269) --> [464]
386 (36.3142) --> [438, 477]
387 (38.7750) --> [266, 48]
388 --> []
389 (18.9938) --> [392]
390 (12.2201) --> [405]
391 --> []
392 (39.0626) --> [60]
393 --> []
394 (40.3013) --> [245]
395 (42.1189) --> [195, 422]
396 (12.0233) --> [44]
397 (22.0194) --> [227]
398 (37.4729) --> [327]
399 (26.6812) --> [308]
400 (20.7662) --> [283]
401 (8.7132) --> [274]
402 (32.2244) --> [198]
403 (17.2572) --> [447]
404 (24.1125) --> [51]
405 (26.2971) --> [11]
406 (45.0506) --> [144, 63]
407 (30.3419) --> [428]
408 (19.2944) --> [250]
409 (33.7891) --> [50]
410 (0.1513) --> [279]
411 (44.2553) --> [448]
412 (15.6819) --> [278]
413 (46.0671) --> [268, 125]
414 --> []
415 --> []
416 (41.8466) --> [135]
417 (52.2946) --> [79]
418 --> []
419 (45.3087) --> [352]
420 (10.4726) --> [251]
421 (25.5382) --> [476]
422 --> []
423 (37.9761) --> [207]
424 (5.1591) --> [294]
425 (40.4471) --> [55]
426 (37.6213) --> [136, 324]
427 (53.6030) --> [285]
428 (33.1041) --> [453]
429 (63.8132) --> [460, 479]
430 (11.3697) --> [468]
431 (42.4761) --> [368]
432 (26.4017) --> [277, 172]
433 (26.8646) --> [18]
434 (58.2726) --> [164, 241]
435 (42.0449) --> [42]
436 (20.1199) --> [411, 312]
437 (42.3128) --> [220, 134]
438 (25.2323) --> [182]
439 --> []
440 (22.9602) --> [152, 420]
441 (18.0258) --> [296]
442 --> []
443 (22.7041) --> [36]
444 (19.1829) --> [491, 233]
445 (29.8178) --> [350, 466]
446 (33.5450) --> [445, 53]
447 (48.6103) --> [203, 288]
448 --> []
449 --> []
450 (32.3495) --> [147, 356]
451 (12.7344) --> [388]
452 --> []
453 (51.7986) --> [360, 351]
454 (46.8047) --> [117, 126, 92]
455 (60.0011) --> [76]
456 (25.3556) --> [480, 192]
457 (5.6754) --> [185]
458 (50.5801) --> [97, 244, 260]
459 (17.7199) --> [138]
460 (51.0630) --> [406]
461 --> []
462 --> []
463 (50.8618) --> [224, 239]
464 (12.4377) --> [114]
465 --> []
466 (34.8995) --> [402]
467 --> []
468 (16.6095) --> [28, 191]
469 --> []
470 (30.9235) --> [8, 451]
471 (29.3370) --> [180]
472 (28.2455) --> [481]
473 (21.1687) --> [202, 317]
474 (40.1958) --> [410]
475 --> []
476 (24.2088) --> [81, 155]
477 (30.5796) --> [287]
478 --> []
479 (39.6346) --> [470, 160]
480 (43.0969) --> [201, 273]
481 (34.3914) --> [106]
482 --> []
483 (42.4216) --> [121, 389]
484 --> []
485 (39.6867) --> [118]
486 (44.0024) --> [443]
487 (21.1512) --> [355]
488 (9.4982) --> [12]
489 (13.7185) --> [282]
490 (48.5786) --> [413, 223]
491 (32.0026) --> [304]
492 --> []
493 (21.9204) --> [13]
494 (26.5114) --> [276]
495 (20.8803) --> [290]
496 (35.9918) --> [115, 154]
497 (13.7184) --> [16]
498 (6.3427) --> [267]
499 (36.6474) --> [313, 378]

final Solution energy: 2.2279948832650874E7
Calculated in 362505ms
Ants=1000, alpha=0.6, beta=3.0, evaporate factor=0.07
(for ../../mebp/mebp-11.dat)
