New best solution in iteration 0: 2.3114550436210513E9
New best solution in iteration 3: 2.0460741032500167E9
New best solution in iteration 9: 1.869308656951769E9
New best solution in iteration 10: 1.1676310898437448E9
AVG (iterations 0 to 20): 2.534101063514929E9
New best solution in iteration 24: 1.0995463991365352E9
AVG (iterations 20 to 40): 2.2522143161013684E9
AVG (iterations 40 to 60): 2.299535526127019E9
AVG (iterations 60 to 80): 2.220625861540368E9
AVG (iterations 80 to 100): 2.5441695002113166E9
New best solution in iteration 120: 1.094876433769129E9
AVG (iterations 100 to 120): 2.1085905606441326E9
AVG (iterations 120 to 140): 2.0978012355147216E9
New best solution in iteration 152: 1.0119447389288691E9
New best solution in iteration 157: 8.64671833530016E8
AVG (iterations 140 to 160): 1.6567621323936486E9
New best solution in iteration 164: 6.048847605624713E8
New best solution in iteration 166: 5.73116346579901E8
New best solution in iteration 168: 5.683383343385371E8
New best solution in iteration 171: 4.368980394682299E8
New best solution in iteration 172: 2.5503118725907952E8
New best solution in iteration 174: 1.7443966785911432E8
New best solution in iteration 179: 8.61483244565532E7
New best solution in iteration 180: 5.094336025507601E7
AVG (iterations 160 to 180): 5.729522371233164E8
New best solution in iteration 192: 4.571499389944649E7
New best solution in iteration 196: 4.157493633114131E7
New best solution in iteration 197: 4.084423154018134E7
AVG (iterations 180 to 200): 1.435336383724113E8
New best solution in iteration 201: 3.92426944895172E7
New best solution in iteration 211: 3.89665470534567E7
New best solution in iteration 214: 3.817075088468422E7
New best solution in iteration 216: 3.7979993689169414E7
New best solution in iteration 217: 3.603845031046183E7
AVG (iterations 200 to 220): 4.3957146551167704E7
AVG (iterations 220 to 240): 3.964234959193713E7
New best solution in iteration 256: 3.3660011393744424E7
AVG (iterations 240 to 260): 3.824259262392988E7
AVG (iterations 260 to 280): 3.735453202521187E7
New best solution in iteration 298: 3.3491828167168282E7
AVG (iterations 280 to 300): 3.628027945183123E7
AVG (iterations 300 to 320): 3.6549960089201055E7
AVG (iterations 320 to 340): 3.6945749780046456E7
New best solution in iteration 358: 3.3357523296582073E7
AVG (iterations 340 to 360): 3.640057833819897E7
AVG (iterations 360 to 380): 3.665885516795696E7
AVG (iterations 380 to 400): 3.6515950120246306E7
New best solution in iteration 416: 3.298389135699264E7
AVG (iterations 400 to 420): 3.61326819976234E7
AVG (iterations 420 to 440): 3.632872051628112E7
AVG (iterations 440 to 460): 3.601546067472357E7
AVG (iterations 460 to 480): 3.532777668092078E7
AVG (iterations 480 to 500): 3.645453485894814E7
AVG (iterations 500 to 520): 3.6134936793459766E7
AVG (iterations 520 to 540): 3.602219348631646E7
AVG (iterations 540 to 560): 3.58813730697801E7
AVG (iterations 560 to 580): 3.6473899128937304E7
AVG (iterations 580 to 600): 3.6103182570361435E7
AVG (iterations 600 to 620): 3.5739312686955914E7
AVG (iterations 620 to 640): 3.582911960180872E7
AVG (iterations 640 to 660): 3.61872746203153E7
AVG (iterations 660 to 680): 3.577561026670619E7
AVG (iterations 680 to 700): 3.5553704521683894E7
AVG (iterations 700 to 720): 3.548347399633767E7
AVG (iterations 720 to 740): 3.564657928867019E7
AVG (iterations 740 to 760): 3.5425274956943214E7
AVG (iterations 760 to 780): 3.543720852580719E7
AVG (iterations 780 to 800): 3.576654165642811E7
AVG (iterations 800 to 820): 3.580769724017077E7
AVG (iterations 820 to 840): 3.528570350304145E7
AVG (iterations 840 to 860): 3.539830161641881E7
AVG (iterations 860 to 880): 3.585326729762783E7
AVG (iterations 880 to 900): 3.531567748733076E7
AVG (iterations 900 to 920): 3.581571914341596E7
AVG (iterations 920 to 940): 3.555571006807824E7
AVG (iterations 940 to 960): 3.546697500060101E7
AVG (iterations 960 to 980): 3.5567049820860654E7
Solution from ACO:
0 (40.7285) --> [171, 69]
1 (21.3588) --> [130]
2 (39.8201) --> [185]
3 (30.9161) --> [198]
4 --> []
5 (55.3400) --> [51, 43]
6 (29.5525) --> [86]
7 (58.2813) --> [75]
8 (17.4676) --> [59]
9 (47.6466) --> [157, 164]
10 (25.9548) --> [184]
11 --> []
12 (38.1589) --> [55, 178]
13 (53.9854) --> [173]
14 (102.5429) --> [82, 91]
15 (67.5815) --> [179, 122]
16 (36.7000) --> [78]
17 (46.5378) --> [110]
18 (70.4914) --> [148]
19 (53.4736) --> [10]
20 --> []
21 --> []
22 --> []
23 (54.0568) --> [190, 97]
24 (60.5539) --> [154, 83]
25 --> []
26 --> []
27 (50.3562) --> [63]
28 (75.0707) --> [81, 79]
29 (104.6025) --> [170, 70]
30 (33.3021) --> [46]
31 (39.7530) --> [131]
32 (51.0494) --> [27]
33 --> []
34 (76.0014) --> [56, 98, 100]
35 --> []
36 (35.1801) --> [84]
37 (43.5310) --> [127, 47]
38 --> []
39 --> []
40 (55.9142) --> [117]
41 --> []
42 --> []
43 (54.4692) --> [142]
44 (65.8546) --> [151, 104]
45 --> []
46 (32.9081) --> [172]
47 (42.7071) --> [12]
48 (52.6862) --> [80, 77]
49 (8.4353) --> [13]
50 (54.9640) --> [76]
51 (15.3529) --> [102]
52 (68.1860) --> [175]
53 --> []
54 (72.8015) --> [62, 65]
55 (74.8431) --> [147]
56 (47.1746) --> [144]
57 (51.6092) --> [126]
58 (24.9277) --> [36]
59 (23.6109) --> [26]
60 (30.1852) --> [37]
61 (36.4333) --> [140]
62 (46.2369) --> [103]
63 (31.0617) --> [121]
64 (52.4356) --> [139]
65 --> []
66 (70.5424) --> [34]
67 (4.2715) --> [20]
68 --> []
69 (29.4563) --> [93, 52]
70 (61.7670) --> [161]
71 --> []
72 (72.1616) --> [99, 44]
73 (41.8461) --> [5]
74 (28.8107) --> [132]
75 (48.9242) --> [87, 23]
76 (37.5614) --> [35, 57]
77 (62.5016) --> [135, 193]
78 (82.8387) --> [129]
79 --> []
80 (27.8971) --> [101]
81 --> []
82 (16.9528) --> [114]
83 (24.0050) --> [195]
84 (82.4015) --> [125, 96]
85 (44.6462) --> [177]
86 (55.5411) --> [89]
87 (32.7910) --> [32]
88 (70.2979) --> [146]
89 (78.8202) --> [106, 160]
90 (70.5098) --> [111]
91 (27.4787) --> [94, 88]
92 (30.8374) --> [124]
93 (49.1196) --> [166, 162]
94 (45.0928) --> [108]
95 (47.3616) --> [134]
96 (21.7721) --> [2]
97 --> []
98 --> []
99 --> []
100 (126.5536) --> [189, 115]
101 --> []
102 (27.1809) --> [149]
103 (28.4072) --> [128]
104 (56.9492) --> [183]
105 (18.3288) --> [22]
106 (45.2002) --> [95]
107 (74.5503) --> [113, 74, 21]
108 --> []
109 (35.7073) --> [68, 4]
110 (71.5950) --> [58]
111 (90.3656) --> [6, 112]
112 (18.0722) --> [64]
113 --> []
114 --> []
115 (62.3650) --> [155]
116 (72.3381) --> [7, 109]
117 --> []
118 (30.9283) --> [45]
119 (71.0701) --> [153]
120 --> []
121 (31.9546) --> [29]
122 (52.7879) --> [1]
123 --> []
124 (62.7298) --> [17, 67]
125 (63.8251) --> [38, 24]
126 (37.8438) --> [39]
127 --> []
128 (60.6949) --> [192]
129 --> []
130 --> []
131 --> []
132 (30.1803) --> [54]
133 (26.4315) --> [156, 188]
134 (44.1641) --> [196]
135 (28.8693) --> [92]
136 --> []
137 --> []
138 (80.2244) --> [16, 163]
139 (32.5510) --> [168, 143]
140 (76.9992) --> [145, 150]
141 (52.6515) --> [182, 41]
142 --> []
143 (79.8324) --> [152]
144 --> []
145 (70.4235) --> [181]
146 --> []
147 (59.3458) --> [197, 48]
148 --> []
149 (49.4825) --> [9]
150 --> []
151 (68.6943) --> [33]
152 (113.7207) --> [199]
153 (66.3294) --> [138, 136]
154 (46.5086) --> [187]
155 --> []
156 (62.4667) --> [107]
157 (67.0019) --> [19]
158 (57.4306) --> [133]
159 (89.1078) --> [176]
160 (21.1872) --> [119]
161 (40.7840) --> [14]
162 (2.5724) --> [18]
163 (55.3090) --> [186, 66]
164 --> []
165 (60.6101) --> [50]
166 --> []
167 (57.0983) --> [49]
168 (35.3503) --> [72]
169 --> []
170 (80.9775) --> [123, 40]
171 (38.1331) --> [167, 8]
172 (33.7777) --> [15]
173 (78.9549) --> [116, 3]
174 (56.7737) --> [25]
175 (91.0139) --> [165]
176 (98.0784) --> [158, 120]
177 (57.6737) --> [90]
178 (49.8002) --> [194]
179 (78.7821) --> [174]
180 (59.2428) --> [85]
181 --> []
182 (48.0390) --> [42]
183 (68.6177) --> [61]
184 --> []
185 (37.1011) --> [71]
186 --> []
187 (50.9612) --> [11]
188 (60.3101) --> [73]
189 --> []
190 --> []
191 --> []
192 (75.3041) --> [169]
193 --> []
194 (73.3116) --> [118, 28]
195 (42.4112) --> [141, 191]
196 (44.2278) --> [60, 159]
197 (31.5191) --> [30]
198 (87.0037) --> [53, 31, 180]
199 (84.2159) --> [137, 105]

Solution energy from ACO: 3.298389135699264E7
trying to improve with local search...
final Solution:
0 (40.7285) --> [171, 69]
1 (21.3588) --> [130]
2 (39.8201) --> [185]
3 (30.9161) --> [198]
4 --> []
5 (55.3400) --> [51, 43]
6 (29.5525) --> [86]
7 (58.2813) --> [75]
8 (17.4676) --> [59]
9 (47.6466) --> [157, 164]
10 (25.9548) --> [184]
11 --> []
12 (38.1589) --> [55, 178]
13 (53.9854) --> [173]
14 (102.5429) --> [82, 91]
15 (67.5815) --> [179, 122]
16 (36.7000) --> [78]
17 (46.5378) --> [110]
18 (70.4914) --> [148]
19 (53.4736) --> [10]
20 --> []
21 --> []
22 --> []
23 (54.0568) --> [190, 97]
24 (60.5539) --> [154, 83]
25 --> []
26 --> []
27 (50.3562) --> [63]
28 (75.0707) --> [81, 79]
29 (104.6025) --> [170, 70]
30 (33.3021) --> [46]
31 (39.7530) --> [131]
32 (51.0494) --> [27]
33 --> []
34 (76.0014) --> [56, 98, 100]
35 --> []
36 (35.1801) --> [84]
37 (43.5310) --> [127, 47]
38 --> []
39 --> []
40 (55.9142) --> [117]
41 --> []
42 --> []
43 (54.4692) --> [142]
44 (65.8546) --> [151, 104]
45 --> []
46 (32.9081) --> [172]
47 (42.7071) --> [12]
48 (52.6862) --> [80, 77]
49 (8.4353) --> [13]
50 (54.9640) --> [76]
51 (15.3529) --> [102]
52 (68.1860) --> [175]
53 --> []
54 (72.8015) --> [62, 65]
55 (74.8431) --> [147]
56 (47.1746) --> [144]
57 (51.6092) --> [126]
58 (24.9277) --> [36]
59 (23.6109) --> [26]
60 (30.1852) --> [37]
61 (36.4333) --> [140]
62 (46.2369) --> [103]
63 (31.0617) --> [121]
64 (52.4356) --> [139]
65 --> []
66 (70.5424) --> [34]
67 (4.2715) --> [20]
68 --> []
69 (29.4563) --> [93, 52]
70 (61.7670) --> [161]
71 --> []
72 (72.1616) --> [99, 44]
73 (41.8461) --> [5]
74 (28.8107) --> [132]
75 (48.9242) --> [87, 23]
76 (37.5614) --> [35, 57]
77 (62.5016) --> [135, 193]
78 (82.8387) --> [129]
79 --> []
80 (27.8971) --> [101]
81 --> []
82 (16.9528) --> [114]
83 (24.0050) --> [195]
84 (82.4015) --> [125, 96]
85 (44.6462) --> [177]
86 (55.5411) --> [89]
87 (32.7910) --> [32]
88 (70.2979) --> [146]
89 (78.8202) --> [106, 160]
90 (70.5098) --> [111]
91 (27.4787) --> [94, 88]
92 (30.8374) --> [124]
93 (49.1196) --> [166, 162]
94 (45.0928) --> [108]
95 (47.3616) --> [134]
96 (21.7721) --> [2]
97 --> []
98 --> []
99 --> []
100 (126.5536) --> [189, 115]
101 --> []
102 (27.1809) --> [149]
103 (28.4072) --> [128]
104 (56.9492) --> [183]
105 (18.3288) --> [22]
106 (45.2002) --> [95]
107 (74.5503) --> [113, 74, 21]
108 --> []
109 (35.7073) --> [68, 4]
110 (71.5950) --> [58]
111 (90.3656) --> [6, 112]
112 (18.0722) --> [64]
113 --> []
114 --> []
115 (62.3650) --> [155]
116 (72.3381) --> [7, 109]
117 --> []
118 (30.9283) --> [45]
119 (71.0701) --> [153]
120 --> []
121 (31.9546) --> [29]
122 (52.7879) --> [1]
123 --> []
124 (62.7298) --> [17, 67]
125 (63.8251) --> [38, 24]
126 (37.8438) --> [39]
127 --> []
128 (60.6949) --> [192]
129 --> []
130 --> []
131 --> []
132 (30.1803) --> [54]
133 (26.4315) --> [156, 188]
134 (44.1641) --> [196]
135 (28.8693) --> [92]
136 --> []
137 --> []
138 (80.2244) --> [16, 163]
139 (32.5510) --> [168, 143]
140 (76.9992) --> [145, 150]
141 (52.6515) --> [182, 41]
142 --> []
143 (79.8324) --> [152]
144 --> []
145 (70.4235) --> [181]
146 --> []
147 (59.3458) --> [197, 48]
148 --> []
149 (49.4825) --> [9]
150 --> []
151 (68.6943) --> [33]
152 (113.7207) --> [199]
153 (66.3294) --> [138, 136]
154 (46.5086) --> [187]
155 --> []
156 (62.4667) --> [107]
157 (67.0019) --> [19]
158 (57.4306) --> [133]
159 (89.1078) --> [176]
160 (21.1872) --> [119]
161 (40.7840) --> [14]
162 (2.5724) --> [18]
163 (55.3090) --> [186, 66]
164 --> []
165 (60.6101) --> [50]
166 --> []
167 (57.0983) --> [49]
168 (35.3503) --> [72]
169 --> []
170 (80.9775) --> [123, 40]
171 (38.1331) --> [167, 8]
172 (33.7777) --> [15]
173 (78.9549) --> [116, 3]
174 (56.7737) --> [25]
175 (91.0139) --> [165]
176 (98.0784) --> [158, 120]
177 (57.6737) --> [90]
178 (49.8002) --> [194]
179 (78.7821) --> [174]
180 (59.2428) --> [85]
181 --> []
182 (48.0390) --> [42]
183 (68.6177) --> [61]
184 --> []
185 (37.1011) --> [71]
186 --> []
187 (50.9612) --> [11]
188 (60.3101) --> [73]
189 --> []
190 --> []
191 --> []
192 (75.3041) --> [169]
193 --> []
194 (73.3116) --> [118, 28]
195 (42.4112) --> [141, 191]
196 (44.2278) --> [60, 159]
197 (31.5191) --> [30]
198 (87.0037) --> [53, 31, 180]
199 (84.2159) --> [137, 105]

final Solution energy: 3.298389135699264E7
Calculated in 29058ms
Ants=1000, alpha=0.6, beta=3.0, evaporate factor=0.07
(for ../../mebp/mebp-09.dat)
