New best solution in iteration 0: 3.294592778248219E9
New best solution in iteration 1: 3.101793786167996E9
New best solution in iteration 3: 2.066055300280586E9
New best solution in iteration 9: 1.7110505008091695E9
AVG (iterations 0 to 20): 3.123869385891671E9
AVG (iterations 20 to 40): 3.354317187645276E9
AVG (iterations 40 to 60): 3.582561871904544E9
AVG (iterations 60 to 80): 3.2397947532352943E9
AVG (iterations 80 to 100): 3.146252906584392E9
AVG (iterations 100 to 120): 3.1455859836884313E9
AVG (iterations 120 to 140): 3.270993950403839E9
New best solution in iteration 141: 1.5709446357199938E9
AVG (iterations 140 to 160): 2.9168016164863305E9
New best solution in iteration 165: 8.235124566799765E8
New best solution in iteration 169: 6.478300252446735E8
New best solution in iteration 174: 2.512195648873248E8
AVG (iterations 160 to 180): 1.1678774096498466E9
New best solution in iteration 182: 1.4416860988710636E8
New best solution in iteration 186: 7.384352541084982E7
New best solution in iteration 187: 5.456832437263995E7
New best solution in iteration 190: 4.763018775060861E7
New best solution in iteration 191: 3.971462859835904E7
New best solution in iteration 195: 2.82980695058996E7
New best solution in iteration 197: 2.549356184643985E7
AVG (iterations 180 to 200): 2.1122745782691902E8
New best solution in iteration 213: 2.51071869744013E7
New best solution in iteration 219: 2.4358661317645483E7
AVG (iterations 200 to 220): 2.8894497013363797E7
New best solution in iteration 225: 2.3404646177309442E7
New best solution in iteration 239: 2.286246743658753E7
AVG (iterations 220 to 240): 2.5623767846975837E7
New best solution in iteration 259: 2.215801171703623E7
AVG (iterations 240 to 260): 2.4687902786492147E7
AVG (iterations 260 to 280): 2.3593584734802082E7
AVG (iterations 280 to 300): 2.3481451331626225E7
New best solution in iteration 308: 2.1760962140135307E7
AVG (iterations 300 to 320): 2.2923650429415993E7
AVG (iterations 320 to 340): 2.2876277592811152E7
AVG (iterations 340 to 360): 2.3041188307168894E7
AVG (iterations 360 to 380): 2.2892636484121107E7
New best solution in iteration 395: 2.163426272593059E7
AVG (iterations 380 to 400): 2.254721874026107E7
New best solution in iteration 420: 2.154213506241177E7
AVG (iterations 400 to 420): 2.2436565551511705E7
AVG (iterations 420 to 440): 2.258801673486396E7
AVG (iterations 440 to 460): 2.2600801476471085E7
New best solution in iteration 472: 2.145617848659861E7
AVG (iterations 460 to 480): 2.255651929977276E7
AVG (iterations 480 to 500): 2.2425391054124303E7
AVG (iterations 500 to 520): 2.252992499418864E7
AVG (iterations 520 to 540): 2.2602827010122012E7
AVG (iterations 540 to 560): 2.2465414091516994E7
New best solution in iteration 566: 2.142769952815005E7
AVG (iterations 560 to 580): 2.2505258062313348E7
AVG (iterations 580 to 600): 2.2603658046682026E7
AVG (iterations 600 to 620): 2.243532249287993E7
AVG (iterations 620 to 640): 2.2141452314195294E7
AVG (iterations 640 to 660): 2.225007704493434E7
AVG (iterations 660 to 680): 2.2250474149490323E7
AVG (iterations 680 to 700): 2.250976373798401E7
AVG (iterations 700 to 720): 2.2348711454179134E7
AVG (iterations 720 to 740): 2.2285724512602054E7
AVG (iterations 740 to 760): 2.2505587272732854E7
AVG (iterations 760 to 780): 2.2508961598760564E7
AVG (iterations 780 to 800): 2.234173193409314E7
AVG (iterations 800 to 820): 2.2453578505086854E7
AVG (iterations 820 to 840): 2.2322555075185888E7
AVG (iterations 840 to 860): 2.2600741523661125E7
New best solution in iteration 863: 2.1304479967478216E7
AVG (iterations 860 to 880): 2.234662918571209E7
AVG (iterations 880 to 900): 2.25183063054637E7
AVG (iterations 900 to 920): 2.2322924031276368E7
AVG (iterations 920 to 940): 2.2556609200866967E7
AVG (iterations 940 to 960): 2.266759134302867E7
AVG (iterations 960 to 980): 2.2328224482589506E7
Solution from ACO:
0 (76.8520) --> [365, 348, 286]
1 (20.8746) --> [274]
2 (28.0261) --> [466, 321]
3 (41.2576) --> [293]
4 (28.6599) --> [428, 300]
5 (20.7732) --> [453]
6 (27.8157) --> [400]
7 (35.6897) --> [450, 316]
8 (28.1325) --> [152, 423]
9 (13.5017) --> [384]
10 (20.0057) --> [305, 210]
11 --> []
12 (2.6634) --> [158]
13 (37.9759) --> [299, 471]
14 (35.7584) --> [144]
15 (7.2948) --> [474]
16 (10.3900) --> [361]
17 --> []
18 (42.7442) --> [208, 493]
19 (54.6486) --> [269]
20 (68.6058) --> [104]
21 (49.3298) --> [484]
22 (33.3909) --> [157]
23 (53.3104) --> [254, 426]
24 (44.8625) --> [375, 9]
25 (20.6404) --> [121]
26 (35.2555) --> [363]
27 (13.8842) --> [181]
28 --> []
29 (30.2369) --> [284]
30 --> []
31 (10.7201) --> [313]
32 --> []
33 --> []
34 (18.9936) --> [394]
35 (26.8023) --> [356, 95]
36 (63.1251) --> [84]
37 (14.1046) --> [465]
38 (22.5747) --> [411]
39 (38.7545) --> [308, 5]
40 (4.4736) --> [153]
41 (29.6594) --> [376, 69]
42 (28.5838) --> [472, 81]
43 (29.8639) --> [108, 161]
44 (24.5382) --> [218]
45 (77.3278) --> [272]
46 (21.5857) --> [159, 17]
47 --> []
48 --> []
49 (31.0729) --> [433]
50 (29.0847) --> [378, 219]
51 (34.5401) --> [33]
52 (30.6124) --> [366, 60]
53 (10.7409) --> [281]
54 (21.1802) --> [439]
55 --> []
56 (31.0887) --> [242, 236]
57 (13.8803) --> [288]
58 --> []
59 --> []
60 (13.2780) --> [362]
61 (31.6439) --> [494]
62 (19.3633) --> [190]
63 (14.5118) --> [497]
64 (30.8838) --> [13]
65 (16.7391) --> [163]
66 (40.1583) --> [53]
67 --> []
68 (20.8137) --> [96]
69 (5.7662) --> [496]
70 (21.7138) --> [338]
71 (32.6906) --> [18]
72 (41.5778) --> [212]
73 (14.9335) --> [200]
74 --> []
75 (35.6568) --> [101]
76 (8.7699) --> [136]
77 (25.1571) --> [399]
78 (47.8936) --> [372]
79 --> []
80 (20.4781) --> [222]
81 --> []
82 --> []
83 (25.7445) --> [85]
84 (28.1844) --> [168, 135]
85 (29.4288) --> [463]
86 (32.3439) --> [11, 283]
87 --> []
88 (17.8105) --> [164]
89 (53.0595) --> [27, 280]
90 (29.4874) --> [148]
91 (11.6990) --> [16]
92 (8.7733) --> [100]
93 --> []
94 (21.4311) --> [71]
95 --> []
96 (41.1026) --> [416]
97 (17.6668) --> [303, 28]
98 --> []
99 (21.6515) --> [204]
100 (36.0659) --> [14]
101 (55.6663) --> [43, 369]
102 (25.2874) --> [464]
103 (28.3115) --> [386, 353]
104 --> []
105 (19.3042) --> [63]
106 --> []
107 (17.9902) --> [146]
108 (35.5726) --> [243]
109 (17.0280) --> [103]
110 (51.4084) --> [142]
111 --> []
112 --> []
113 (45.3668) --> [462, 457]
114 --> []
115 (25.7184) --> [65, 113]
116 (38.5627) --> [250, 131]
117 (47.6646) --> [395]
118 (51.9274) --> [187]
119 --> []
120 (46.6382) --> [431]
121 (37.7562) --> [130]
122 --> []
123 --> []
124 (48.0600) --> [443, 205]
125 (44.4041) --> [446]
126 --> []
127 (42.5770) --> [179, 266]
128 (72.3688) --> [323, 149]
129 (16.4566) --> [476]
130 (53.5692) --> [23]
131 (18.4757) --> [139]
132 (23.1872) --> [73]
133 --> []
134 (66.6666) --> [240, 234]
135 --> []
136 (55.0762) --> [314, 360]
137 --> []
138 (45.1245) --> [364, 475]
139 (49.7480) --> [106, 255, 32]
140 (66.0855) --> [86, 268]
141 --> []
142 (40.2786) --> [368, 357]
143 (73.9487) --> [31]
144 (23.5694) --> [327, 352]
145 (11.9606) --> [270]
146 (39.9188) --> [252]
147 --> []
148 (22.9765) --> [38]
149 --> []
150 (52.7289) --> [246]
151 (23.1927) --> [225]
152 (13.3363) --> [374]
153 --> []
154 --> []
155 (30.4770) --> [294]
156 (42.9268) --> [490]
157 (45.2117) --> [199, 92, 424]
158 --> []
159 (43.0344) --> [194]
160 (63.5431) --> [489]
161 --> []
162 (36.7220) --> [404]
163 (17.2091) --> [122, 237]
164 (38.4645) --> [235, 320]
165 (57.0250) --> [332, 183]
166 --> []
167 (31.7048) --> [80]
168 (34.1208) --> [403]
169 (42.6123) --> [39, 330]
170 (16.8844) --> [304]
171 (30.1491) --> [230, 88]
172 --> []
173 (26.0793) --> [115]
174 (12.6094) --> [180]
175 (21.8941) --> [22]
176 (57.0105) --> [192]
177 --> []
178 (22.0453) --> [329]
179 (53.2425) --> [459, 26]
180 (37.5134) --> [52]
181 (44.6621) --> [116]
182 (22.4183) --> [396, 147]
183 (44.3279) --> [155]
184 (33.0191) --> [170, 216]
185 --> []
186 (46.3529) --> [10]
187 (63.0514) --> [67, 290]
188 (44.2244) --> [209, 370]
189 (36.9182) --> [448, 487]
190 (20.1785) --> [76]
191 (16.1213) --> [430]
192 (22.6007) --> [198]
193 (13.4732) --> [176, 265]
194 (23.5560) --> [169]
195 --> []
196 (27.1341) --> [64]
197 (30.7597) --> [118]
198 --> []
199 (23.0347) --> [94]
200 --> []
201 --> []
202 --> []
203 (22.7096) --> [371]
204 (30.0194) --> [408]
205 (33.1461) --> [182]
206 (54.7633) --> [125]
207 --> []
208 --> []
209 --> []
210 --> []
211 (29.0432) --> [45]
212 (62.6329) --> [264, 309, 15]
213 (14.5440) --> [297]
214 --> []
215 --> []
216 (33.8357) --> [207]
217 (45.5339) --> [355, 379]
218 (6.2673) --> [468]
219 --> []
220 (38.4760) --> [247]
221 (22.1947) --> [359]
222 (15.3389) --> [271]
223 (54.7673) --> [171]
224 --> []
225 (34.1068) --> [49]
226 (59.8723) --> [337]
227 (7.2281) --> [233]
228 (25.6769) --> [282, 48]
229 --> []
230 (20.6538) --> [89]
231 (51.5295) --> [260]
232 (30.6322) --> [345, 380]
233 --> []
234 (48.5167) --> [326]
235 (37.4263) --> [105]
236 --> []
237 (36.6163) --> [232]
238 (38.6602) --> [347]
239 (16.6147) --> [275]
240 (50.7472) --> [499, 324]
241 (45.3441) --> [256]
242 (31.5150) --> [458]
243 (45.7945) --> [83, 231]
244 --> []
245 --> []
246 --> []
247 --> []
248 (36.2117) --> [429, 66]
249 (36.1360) --> [253]
250 --> []
251 (50.1456) --> [427]
252 (3.1979) --> [397]
253 (47.4129) --> [392]
254 (31.7437) --> [197]
255 (47.4107) --> [201, 79]
256 (33.8289) --> [127]
257 --> []
258 --> []
259 (45.7788) --> [350, 341]
260 --> []
261 (23.6359) --> [120]
262 (25.9603) --> [278]
263 (30.0516) --> [36]
264 --> []
265 (35.7919) --> [42]
266 (48.4404) --> [387]
267 (57.9526) --> [444]
268 --> []
269 (45.7171) --> [111, 91, 436]
270 (43.4897) --> [440, 415]
271 (11.2533) --> [470]
272 --> []
273 (32.4374) --> [491]
274 --> []
275 (22.1408) --> [30, 318]
276 (23.0330) --> [109]
277 (7.2574) --> [59]
278 (6.3186) --> [77]
279 (33.0275) --> [277]
280 --> []
281 (14.7186) --> [21]
282 (25.3527) --> [4, 486]
283 (35.6863) --> [24]
284 (33.8644) --> [488]
285 --> []
286 (65.0528) --> [151, 452]
287 --> []
288 (17.3567) --> [409]
289 (20.9287) --> [20]
290 (33.4905) --> [289]
291 (24.0088) --> [261, 46]
292 (44.7097) --> [57, 211]
293 --> []
294 (53.0297) --> [258, 239]
295 (48.7954) --> [228, 382]
296 --> []
297 (42.2229) --> [165]
298 (51.8225) --> [441]
299 --> []
300 (28.9771) --> [74]
301 (28.9032) --> [172]
302 (40.6458) --> [35]
303 (28.5179) --> [93, 227]
304 (27.0089) --> [213]
305 --> []
306 (22.6362) --> [1, 336]
307 (7.4504) --> [51]
308 (27.7384) --> [334]
309 (16.1398) --> [311]
310 --> []
311 (8.3691) --> [102]
312 (17.3626) --> [58]
313 (48.5603) --> [402]
314 --> []
315 --> []
316 --> []
317 --> []
318 (30.9855) --> [331]
319 (56.8930) --> [460]
320 (29.2782) --> [56, 154]
321 (53.8816) --> [373, 435, 112]
322 (45.2174) --> [245, 417]
323 (60.4617) --> [215, 3]
324 (11.7929) --> [333]
325 (47.4722) --> [117]
326 (29.8974) --> [343, 495]
327 (8.1315) --> [354]
328 --> []
329 (38.1801) --> [70]
330 (4.2300) --> [249]
331 --> []
332 (27.8045) --> [68]
333 --> []
334 (6.0594) --> [12, 306]
335 --> []
336 (51.5224) --> [195, 442]
337 (23.0104) --> [292]
338 (13.1839) --> [383]
339 (53.1852) --> [322]
340 (32.5407) --> [202, 186]
341 (21.5552) --> [78]
342 --> []
343 (26.2201) --> [259]
344 --> []
345 (25.6013) --> [478, 54]
346 (19.6132) --> [407, 175]
347 (35.7960) --> [50]
348 (34.0160) --> [405]
349 (24.0079) --> [90]
350 (53.4975) --> [425]
351 (44.1644) --> [220, 467]
352 (17.7708) --> [422]
353 --> []
354 --> []
355 --> []
356 --> []
357 (15.0075) --> [244]
358 (47.7391) --> [162, 150]
359 (76.2445) --> [438, 40]
360 --> []
361 (30.7288) --> [301]
362 --> []
363 (37.3620) --> [217]
364 (29.6794) --> [479]
365 (61.2789) --> [107]
366 (55.6947) --> [55]
367 --> []
368 (36.6987) --> [97]
369 --> []
370 (13.9051) --> [203]
371 (38.9531) --> [8]
372 (38.9882) --> [129, 41]
373 (59.5411) --> [349, 61]
374 (33.5716) --> [132]
375 (59.1954) --> [124]
376 --> []
377 (16.4410) --> [393, 226]
378 (10.7263) --> [302]
379 (15.6321) --> [346]
380 --> []
381 (9.4248) --> [406, 385]
382 (36.2402) --> [377]
383 (28.8018) --> [451, 25]
384 (36.0750) --> [307]
385 (33.9681) --> [342, 482]
386 --> []
387 (35.4852) --> [298, 481]
388 (41.7239) --> [312, 37]
389 (10.5158) --> [82, 223]
390 (32.8123) --> [381]
391 (20.0531) --> [143, 469]
392 --> []
393 --> []
394 (42.3500) --> [123]
395 (38.9971) --> [140]
396 --> []
397 --> []
398 (33.7623) --> [263, 279]
399 (39.2691) --> [145]
400 (40.1292) --> [291]
401 (15.6510) --> [437]
402 (11.1112) --> [276]
403 --> []
404 (45.6981) --> [6]
405 (38.1505) --> [412, 339]
406 (39.2384) --> [156]
407 --> []
408 (27.0454) --> [273]
409 --> []
410 (42.9808) --> [251, 456]
411 (30.0880) --> [248]
412 (22.9739) --> [358]
413 (31.9486) --> [2, 317]
414 (39.3436) --> [173]
415 --> []
416 (22.8240) --> [160]
417 (43.9292) --> [19, 351]
418 (21.4224) --> [445, 188]
419 (25.6447) --> [177, 340]
420 (18.5122) --> [189]
421 (33.4713) --> [110, 449]
422 (15.3167) --> [477, 141]
423 (4.3449) --> [119]
424 (21.9271) --> [390]
425 (43.7106) --> [454, 498]
426 (35.8932) --> [285, 473]
427 (15.2052) --> [34]
428 (43.9872) --> [241]
429 (47.9985) --> [137, 238]
430 --> []
431 --> []
432 --> []
433 --> []
434 (40.4967) --> [413, 310]
435 --> []
436 (23.0409) --> [388]
437 --> []
438 --> []
439 --> []
440 (22.0123) --> [419]
441 (47.0483) --> [420]
442 (26.2502) --> [344, 75]
443 (25.7741) --> [62]
444 (48.9267) --> [315, 328]
445 --> []
446 (57.2054) --> [367, 196]
447 --> []
448 (47.0776) --> [206]
449 (26.2971) --> [257]
450 (29.4965) --> [480]
451 (21.2656) --> [47]
452 (20.9086) --> [295]
453 (50.1365) --> [72]
454 (11.2057) --> [414]
455 (45.5135) --> [483, 224]
456 (20.5230) --> [267]
457 (25.1384) --> [455]
458 (6.3713) --> [184]
459 (34.7926) --> [287, 398]
460 --> []
461 (26.7635) --> [410, 401]
462 --> []
463 --> []
464 (18.1913) --> [262]
465 (34.2874) --> [174]
466 (16.3321) --> [185]
467 (18.5052) --> [389]
468 (30.4415) --> [166, 99]
469 --> []
470 (39.9181) --> [229, 138]
471 (31.9680) --> [87, 133]
472 (50.4526) --> [485, 325]
473 (47.5506) --> [432]
474 (37.4080) --> [178]
475 (41.7744) --> [128, 447]
476 (29.6576) --> [126]
477 (43.6293) --> [461]
478 (22.9767) --> [214]
479 (31.6259) --> [7]
480 (37.7311) --> [29, 191]
481 (13.0605) --> [221]
482 (3.5691) --> [319]
483 (47.6564) --> [434]
484 (43.7617) --> [296]
485 --> []
486 (17.5357) --> [421]
487 (40.7083) --> [134]
488 --> []
489 (38.2180) --> [492]
490 --> []
491 (40.3226) --> [98, 335]
492 (37.7190) --> [418]
493 (18.1992) --> [167]
494 (15.1558) --> [44]
495 --> []
496 (32.2115) --> [391]
497 (10.8853) --> [114]
498 --> []
499 (5.9539) --> [193]

Solution energy from ACO: 2.1304479967478216E7
trying to improve with local search...
final Solution:
0 (76.8520) --> [365, 348, 286]
1 (20.8746) --> [274]
2 (28.0261) --> [466, 321]
3 (41.2576) --> [293]
4 (28.6599) --> [428, 300]
5 (20.7732) --> [453]
6 (27.8157) --> [400]
7 (35.6897) --> [450, 316]
8 (28.1325) --> [152, 423]
9 (13.5017) --> [384]
10 (20.0057) --> [305, 210]
11 --> []
12 (2.6634) --> [158]
13 (37.9759) --> [299, 471]
14 (35.7584) --> [144]
15 (7.2948) --> [474]
16 (10.3900) --> [361]
17 --> []
18 (42.7442) --> [208, 493]
19 (54.6486) --> [269]
20 (68.6058) --> [104]
21 (49.3298) --> [484]
22 (33.3909) --> [157]
23 (53.3104) --> [254, 426]
24 (44.8625) --> [375, 9]
25 (20.6404) --> [121]
26 (35.2555) --> [363]
27 (13.8842) --> [181]
28 --> []
29 (30.2369) --> [284]
30 --> []
31 (10.7201) --> [313]
32 --> []
33 --> []
34 (18.9936) --> [394]
35 (26.8023) --> [356, 95]
36 (63.1251) --> [84]
37 (14.1046) --> [465]
38 (22.5747) --> [411]
39 (38.7545) --> [308, 5]
40 (4.4736) --> [153]
41 (29.6594) --> [376, 69]
42 (28.5838) --> [472, 81]
43 (29.8639) --> [108, 161]
44 (24.5382) --> [218]
45 (77.3278) --> [272]
46 (21.5857) --> [159, 17]
47 --> []
48 --> []
49 (31.0729) --> [433]
50 (29.0847) --> [378, 219]
51 (34.5401) --> [33]
52 (30.6124) --> [366, 60]
53 (10.7409) --> [281]
54 (21.1802) --> [439]
55 --> []
56 (31.0887) --> [242, 236]
57 (13.8803) --> [288]
58 --> []
59 --> []
60 (13.2780) --> [362]
61 (31.6439) --> [494]
62 (19.3633) --> [190]
63 (14.5118) --> [497]
64 (30.8838) --> [13]
65 (16.7391) --> [163]
66 (40.1583) --> [53]
67 --> []
68 (20.8137) --> [96]
69 (5.7662) --> [496]
70 (21.7138) --> [338]
71 (32.6906) --> [18]
72 (41.5778) --> [212]
73 (14.9335) --> [200]
74 --> []
75 (35.6568) --> [101]
76 (8.7699) --> [136]
77 (25.1571) --> [399]
78 (47.8936) --> [372]
79 --> []
80 (20.4781) --> [222]
81 --> []
82 --> []
83 (25.7445) --> [85]
84 (28.1844) --> [168, 135]
85 (29.4288) --> [463]
86 (32.3439) --> [11, 283]
87 --> []
88 (17.8105) --> [164]
89 (53.0595) --> [27, 280]
90 (29.4874) --> [148]
91 (11.6990) --> [16]
92 (8.7733) --> [100]
93 --> []
94 (21.4311) --> [71]
95 --> []
96 (41.1026) --> [416]
97 (17.6668) --> [303, 28]
98 --> []
99 (21.6515) --> [204]
100 (36.0659) --> [14]
101 (55.6663) --> [43, 369]
102 (25.2874) --> [464]
103 (28.3115) --> [386, 353]
104 --> []
105 (19.3042) --> [63]
106 --> []
107 (17.9902) --> [146]
108 (35.5726) --> [243]
109 (17.0280) --> [103]
110 (51.4084) --> [142]
111 --> []
112 --> []
113 (45.3668) --> [462, 457]
114 --> []
115 (25.7184) --> [65, 113]
116 (38.5627) --> [250, 131]
117 (47.6646) --> [395]
118 (51.9274) --> [187]
119 --> []
120 (46.6382) --> [431]
121 (37.7562) --> [130]
122 --> []
123 --> []
124 (48.0600) --> [443, 205]
125 (44.4041) --> [446]
126 --> []
127 (42.5770) --> [179, 266]
128 (72.3688) --> [323, 149]
129 (16.4566) --> [476]
130 (53.5692) --> [23]
131 (18.4757) --> [139]
132 (23.1872) --> [73]
133 --> []
134 (66.6666) --> [240, 234]
135 --> []
136 (55.0762) --> [314, 360]
137 --> []
138 (45.1245) --> [364, 475]
139 (49.7480) --> [106, 255, 32]
140 (66.0855) --> [86, 268]
141 --> []
142 (40.2786) --> [368, 357]
143 (73.9487) --> [31]
144 (23.5694) --> [327, 352]
145 (11.9606) --> [270]
146 (39.9188) --> [252]
147 --> []
148 (22.9765) --> [38]
149 --> []
150 (52.7289) --> [246]
151 (23.1927) --> [225]
152 (13.3363) --> [374]
153 --> []
154 --> []
155 (30.4770) --> [294]
156 (42.9268) --> [490]
157 (45.2117) --> [199, 92, 424]
158 --> []
159 (43.0344) --> [194]
160 (63.5431) --> [489]
161 --> []
162 (36.7220) --> [404]
163 (17.2091) --> [122, 237]
164 (38.4645) --> [235, 320]
165 (57.0250) --> [332, 183]
166 --> []
167 (31.7048) --> [80]
168 (34.1208) --> [403]
169 (42.6123) --> [39, 330]
170 (16.8844) --> [304]
171 (30.1491) --> [230, 88]
172 --> []
173 (26.0793) --> [115]
174 (12.6094) --> [180]
175 (21.8941) --> [22]
176 (57.0105) --> [192]
177 --> []
178 (22.0453) --> [329]
179 (53.2425) --> [459, 26]
180 (37.5134) --> [52]
181 (44.6621) --> [116]
182 (22.4183) --> [396, 147]
183 (44.3279) --> [155]
184 (33.0191) --> [170, 216]
185 --> []
186 (46.3529) --> [10]
187 (63.0514) --> [67, 290]
188 (44.2244) --> [209, 370]
189 (36.9182) --> [448, 487]
190 (20.1785) --> [76]
191 (16.1213) --> [430]
192 (22.6007) --> [198]
193 (13.4732) --> [176, 265]
194 (23.5560) --> [169]
195 --> []
196 (27.1341) --> [64]
197 (30.7597) --> [118]
198 --> []
199 (23.0347) --> [94]
200 --> []
201 --> []
202 --> []
203 (22.7096) --> [371]
204 (30.0194) --> [408]
205 (33.1461) --> [182]
206 (54.7633) --> [125]
207 --> []
208 --> []
209 --> []
210 --> []
211 (29.0432) --> [45]
212 (62.6329) --> [264, 309, 15]
213 (14.5440) --> [297]
214 --> []
215 --> []
216 (33.8357) --> [207]
217 (45.5339) --> [355, 379]
218 (6.2673) --> [468]
219 --> []
220 (38.4760) --> [247]
221 (22.1947) --> [359]
222 (15.3389) --> [271]
223 (54.7673) --> [171]
224 --> []
225 (34.1068) --> [49]
226 (59.8723) --> [337]
227 (7.2281) --> [233]
228 (25.6769) --> [282, 48]
229 --> []
230 (20.6538) --> [89]
231 (51.5295) --> [260]
232 (30.6322) --> [345, 380]
233 --> []
234 (48.5167) --> [326]
235 (37.4263) --> [105]
236 --> []
237 (36.6163) --> [232]
238 (38.6602) --> [347]
239 (16.6147) --> [275]
240 (50.7472) --> [499, 324]
241 (45.3441) --> [256]
242 (31.5150) --> [458]
243 (45.7945) --> [83, 231]
244 --> []
245 --> []
246 --> []
247 --> []
248 (36.2117) --> [429, 66]
249 (36.1360) --> [253]
250 --> []
251 (50.1456) --> [427]
252 (3.1979) --> [397]
253 (47.4129) --> [392]
254 (31.7437) --> [197]
255 (47.4107) --> [201, 79]
256 (33.8289) --> [127]
257 --> []
258 --> []
259 (45.7788) --> [350, 341]
260 --> []
261 (23.6359) --> [120]
262 (25.9603) --> [278]
263 (30.0516) --> [36]
264 --> []
265 (35.7919) --> [42]
266 (48.4404) --> [387]
267 (57.9526) --> [444]
268 --> []
269 (45.7171) --> [111, 91, 436]
270 (43.4897) --> [440, 415]
271 (11.2533) --> [470]
272 --> []
273 (32.4374) --> [491]
274 --> []
275 (22.1408) --> [30, 318]
276 (23.0330) --> [109]
277 (7.2574) --> [59]
278 (6.3186) --> [77]
279 (33.0275) --> [277]
280 --> []
281 (14.7186) --> [21]
282 (25.3527) --> [4, 486]
283 (35.6863) --> [24]
284 (33.8644) --> [488]
285 --> []
286 (65.0528) --> [151, 452]
287 --> []
288 (17.3567) --> [409]
289 (20.9287) --> [20]
290 (33.4905) --> [289]
291 (24.0088) --> [261, 46]
292 (44.7097) --> [57, 211]
293 --> []
294 (53.0297) --> [258, 239]
295 (48.7954) --> [228, 382]
296 --> []
297 (42.2229) --> [165]
298 (51.8225) --> [441]
299 --> []
300 (28.9771) --> [74]
301 (28.9032) --> [172]
302 (40.6458) --> [35]
303 (28.5179) --> [93, 227]
304 (27.0089) --> [213]
305 --> []
306 (22.6362) --> [1, 336]
307 (7.4504) --> [51]
308 (27.7384) --> [334]
309 (16.1398) --> [311]
310 --> []
311 (8.3691) --> [102]
312 (17.3626) --> [58]
313 (48.5603) --> [402]
314 --> []
315 --> []
316 --> []
317 --> []
318 (30.9855) --> [331]
319 (56.8930) --> [460]
320 (29.2782) --> [56, 154]
321 (53.8816) --> [373, 435, 112]
322 (45.2174) --> [245, 417]
323 (60.4617) --> [215, 3]
324 (11.7929) --> [333]
325 (47.4722) --> [117]
326 (29.8974) --> [343, 495]
327 (8.1315) --> [354]
328 --> []
329 (38.1801) --> [70]
330 (4.2300) --> [249]
331 --> []
332 (27.8045) --> [68]
333 --> []
334 (6.0594) --> [12, 306]
335 --> []
336 (51.5224) --> [195, 442]
337 (23.0104) --> [292]
338 (13.1839) --> [383]
339 (53.1852) --> [322]
340 (32.5407) --> [202, 186]
341 (21.5552) --> [78]
342 --> []
343 (26.2201) --> [259]
344 --> []
345 (25.6013) --> [478, 54]
346 (19.6132) --> [407, 175]
347 (35.7960) --> [50]
348 (34.0160) --> [405]
349 (24.0079) --> [90]
350 (53.4975) --> [425]
351 (44.1644) --> [220, 467]
352 (17.7708) --> [422]
353 --> []
354 --> []
355 --> []
356 --> []
357 (15.0075) --> [244]
358 (47.7391) --> [162, 150]
359 (76.2445) --> [438, 40]
360 --> []
361 (30.7288) --> [301]
362 --> []
363 (37.3620) --> [217]
364 (29.6794) --> [479]
365 (61.2789) --> [107]
366 (55.6947) --> [55]
367 --> []
368 (36.6987) --> [97]
369 --> []
370 (13.9051) --> [203]
371 (38.9531) --> [8]
372 (38.9882) --> [129, 41]
373 (59.5411) --> [349, 61]
374 (33.5716) --> [132]
375 (59.1954) --> [124]
376 --> []
377 (16.4410) --> [393, 226]
378 (10.7263) --> [302]
379 (15.6321) --> [346]
380 --> []
381 (9.4248) --> [406, 385]
382 (36.2402) --> [377]
383 (28.8018) --> [451, 25]
384 (36.0750) --> [307]
385 (33.9681) --> [342, 482]
386 --> []
387 (35.4852) --> [298, 481]
388 (41.7239) --> [312, 37]
389 (10.5158) --> [82, 223]
390 (32.8123) --> [381]
391 (20.0531) --> [143, 469]
392 --> []
393 --> []
394 (42.3500) --> [123]
395 (38.9971) --> [140]
396 --> []
397 --> []
398 (33.7623) --> [263, 279]
399 (39.2691) --> [145]
400 (40.1292) --> [291]
401 (15.6510) --> [437]
402 (11.1112) --> [276]
403 --> []
404 (45.6981) --> [6]
405 (38.1505) --> [412, 339]
406 (39.2384) --> [156]
407 --> []
408 (27.0454) --> [273]
409 --> []
410 (42.9808) --> [251, 456]
411 (30.0880) --> [248]
412 (22.9739) --> [358]
413 (31.9486) --> [2, 317]
414 (39.3436) --> [173]
415 --> []
416 (22.8240) --> [160]
417 (43.9292) --> [19, 351]
418 (21.4224) --> [445, 188]
419 (25.6447) --> [177, 340]
420 (18.5122) --> [189]
421 (33.4713) --> [110, 449]
422 (15.3167) --> [477, 141]
423 (4.3449) --> [119]
424 (21.9271) --> [390]
425 (43.7106) --> [454, 498]
426 (35.8932) --> [285, 473]
427 (15.2052) --> [34]
428 (43.9872) --> [241]
429 (47.9985) --> [137, 238]
430 --> []
431 --> []
432 --> []
433 --> []
434 (40.4967) --> [413, 310]
435 --> []
436 (23.0409) --> [388]
437 --> []
438 --> []
439 --> []
440 (22.0123) --> [419]
441 (47.0483) --> [420]
442 (26.2502) --> [344, 75]
443 (25.7741) --> [62]
444 (48.9267) --> [315, 328]
445 --> []
446 (57.2054) --> [367, 196]
447 --> []
448 (47.0776) --> [206]
449 (26.2971) --> [257]
450 (29.4965) --> [480]
451 (21.2656) --> [47]
452 (20.9086) --> [295]
453 (50.1365) --> [72]
454 (11.2057) --> [414]
455 (45.5135) --> [483, 224]
456 (20.5230) --> [267]
457 (25.1384) --> [455]
458 (6.3713) --> [184]
459 (34.7926) --> [287, 398]
460 --> []
461 (26.7635) --> [410, 401]
462 --> []
463 --> []
464 (18.1913) --> [262]
465 (34.2874) --> [174]
466 (16.3321) --> [185]
467 (18.5052) --> [389]
468 (30.4415) --> [166, 99]
469 --> []
470 (39.9181) --> [229, 138]
471 (31.9680) --> [87, 133]
472 (50.4526) --> [485, 325]
473 (47.5506) --> [432]
474 (37.4080) --> [178]
475 (41.7744) --> [128, 447]
476 (29.6576) --> [126]
477 (43.6293) --> [461]
478 (22.9767) --> [214]
479 (31.6259) --> [7]
480 (37.7311) --> [29, 191]
481 (13.0605) --> [221]
482 (3.5691) --> [319]
483 (47.6564) --> [434]
484 (43.7617) --> [296]
485 --> []
486 (17.5357) --> [421]
487 (40.7083) --> [134]
488 --> []
489 (38.2180) --> [492]
490 --> []
491 (40.3226) --> [98, 335]
492 (37.7190) --> [418]
493 (18.1992) --> [167]
494 (15.1558) --> [44]
495 --> []
496 (32.2115) --> [391]
497 (10.8853) --> [114]
498 --> []
499 (5.9539) --> [193]

final Solution energy: 2.1304479967478216E7
Calculated in 365119ms
Ants=1000, alpha=0.6, beta=3.0, evaporate factor=0.07
(for ../../mebp/mebp-12.dat)
