New best solution in iteration 0: 3.249051946275775E9
New best solution in iteration 1: 3.216567649559186E9
New best solution in iteration 5: 1.8964587786899252E9
AVG (iterations 0 to 20): 3.249118512019928E9
New best solution in iteration 22: 1.4094006729322147E9
AVG (iterations 20 to 40): 3.1589997736542525E9
AVG (iterations 40 to 60): 3.43269191071716E9
AVG (iterations 60 to 80): 3.484040367470334E9
AVG (iterations 80 to 100): 3.632788611267081E9
AVG (iterations 100 to 120): 3.4932186452604127E9
AVG (iterations 120 to 140): 3.239517730200725E9
New best solution in iteration 151: 1.1493245733801224E9
AVG (iterations 140 to 160): 2.575079625542133E9
New best solution in iteration 161: 1.1225258722199602E9
New best solution in iteration 167: 1.0212569320849975E9
New best solution in iteration 169: 9.305481282083857E8
New best solution in iteration 171: 3.0600918370677084E8
New best solution in iteration 174: 2.861256126076703E8
New best solution in iteration 178: 2.2945103426172358E8
AVG (iterations 160 to 180): 1.0957141571080108E9
New best solution in iteration 181: 1.5013235758856797E8
New best solution in iteration 186: 9.314136381776278E7
New best solution in iteration 187: 6.539271105322715E7
New best solution in iteration 192: 6.063238282182139E7
New best solution in iteration 193: 4.4972058437978216E7
New best solution in iteration 194: 3.3095522213162515E7
New best solution in iteration 196: 3.154555209102376E7
New best solution in iteration 199: 2.513825419914853E7
AVG (iterations 180 to 200): 1.6550344509473425E8
New best solution in iteration 205: 2.43993236460899E7
New best solution in iteration 214: 2.3915374182150114E7
AVG (iterations 200 to 220): 2.6712319724916685E7
New best solution in iteration 240: 2.356338874814439E7
AVG (iterations 220 to 240): 2.568271139163869E7
New best solution in iteration 241: 2.302947481205653E7
New best solution in iteration 255: 2.2961252878403623E7
AVG (iterations 240 to 260): 2.4854858386302896E7
New best solution in iteration 266: 2.289565831340677E7
New best solution in iteration 279: 2.2882669273856997E7
AVG (iterations 260 to 280): 2.4197639252147548E7
AVG (iterations 280 to 300): 2.4210116480355274E7
New best solution in iteration 301: 2.2838675441737406E7
New best solution in iteration 303: 2.2350376265098665E7
New best solution in iteration 306: 2.227045433634393E7
AVG (iterations 300 to 320): 2.339316511986575E7
AVG (iterations 320 to 340): 2.3397149830463775E7
New best solution in iteration 342: 2.1885657926196206E7
AVG (iterations 340 to 360): 2.3087051429756943E7
AVG (iterations 360 to 380): 2.3127940895530544E7
AVG (iterations 380 to 400): 2.3417791610547554E7
AVG (iterations 400 to 420): 2.331388433609092E7
AVG (iterations 420 to 440): 2.2914476453843396E7
AVG (iterations 440 to 460): 2.307440170751745E7
New best solution in iteration 476: 2.158653723396306E7
AVG (iterations 460 to 480): 2.33855756079926E7
AVG (iterations 480 to 500): 2.312643894798289E7
AVG (iterations 500 to 520): 2.2878402565658145E7
AVG (iterations 520 to 540): 2.2965052808208324E7
AVG (iterations 540 to 560): 2.2863975496059723E7
AVG (iterations 560 to 580): 2.286803911098165E7
AVG (iterations 580 to 600): 2.295311200030064E7
AVG (iterations 600 to 620): 2.2557919245934386E7
AVG (iterations 620 to 640): 2.2690020222423278E7
AVG (iterations 640 to 660): 2.2593875143334426E7
AVG (iterations 660 to 680): 2.2954519426039137E7
AVG (iterations 680 to 700): 2.2844838245049365E7
AVG (iterations 700 to 720): 2.3090797215154685E7
New best solution in iteration 740: 2.1580119995543838E7
AVG (iterations 720 to 740): 2.264845289855677E7
AVG (iterations 740 to 760): 2.265940656264385E7
AVG (iterations 760 to 780): 2.2637353501759365E7
AVG (iterations 780 to 800): 2.2765729985372044E7
AVG (iterations 800 to 820): 2.2523484512964588E7
AVG (iterations 820 to 840): 2.254988022076018E7
New best solution in iteration 845: 2.129080604562127E7
AVG (iterations 840 to 860): 2.2158291017295815E7
AVG (iterations 860 to 880): 2.2533419532424424E7
AVG (iterations 880 to 900): 2.260604954062874E7
AVG (iterations 900 to 920): 2.2499083648884855E7
AVG (iterations 920 to 940): 2.2424423419377852E7
AVG (iterations 940 to 960): 2.228267105653717E7
AVG (iterations 960 to 980): 2.2260540193745267E7
Solution from ACO:
0 (29.7089) --> [348, 365]
1 (14.7663) --> [306]
2 (28.0261) --> [466, 321]
3 (41.2576) --> [293]
4 (24.5219) --> [428]
5 (20.7732) --> [453]
6 (27.8157) --> [400]
7 (35.6897) --> [316]
8 (28.1325) --> [423]
9 (13.5017) --> [384]
10 (20.0057) --> [305, 210]
11 --> []
12 (3.8906) --> [158, 334]
13 (15.7175) --> [299]
14 (35.7584) --> [144]
15 --> []
16 (46.6063) --> [361, 436]
17 (57.7140) --> [194, 397]
18 (42.7442) --> [208, 493]
19 (54.6486) --> [269]
20 --> []
21 (49.3298) --> [484]
22 (51.7549) --> [424, 157]
23 (16.3598) --> [426]
24 (44.8625) --> [375, 9]
25 (20.6404) --> [121]
26 --> []
27 (36.5409) --> [89]
28 (17.6668) --> [97]
29 (30.2369) --> [284]
30 --> []
31 --> []
32 --> []
33 --> []
34 (18.9936) --> [394]
35 (26.8023) --> [95, 356]
36 (63.1251) --> [84]
37 (14.1046) --> [465]
38 (22.5747) --> [411]
39 (13.7625) --> [308]
40 (4.4736) --> [153]
41 (33.4626) --> [496]
42 (28.5838) --> [472, 81]
43 (24.8412) --> [108, 101]
44 (24.5382) --> [218]
45 --> []
46 (21.5857) --> [159, 17]
47 (83.1580) --> [104]
48 (11.4845) --> [228]
49 (31.0729) --> [433]
50 (29.0847) --> [219, 378]
51 (34.5401) --> [33]
52 (30.5361) --> [366]
53 (10.7409) --> [281]
54 --> []
55 --> []
56 (31.0887) --> [236, 242]
57 (29.2457) --> [292]
58 --> []
59 --> []
60 (30.6124) --> [52]
61 (31.6439) --> [494]
62 (25.7741) --> [443, 190]
63 (19.3042) --> [105]
64 (30.8838) --> [13]
65 (23.6213) --> [115]
66 (40.1583) --> [53]
67 --> []
68 (20.8137) --> [96]
69 (31.5564) --> [391]
70 (38.1801) --> [329, 338]
71 (32.6906) --> [18]
72 (64.7556) --> [212, 409]
73 (14.9335) --> [200]
74 --> []
75 --> []
76 (8.7699) --> [136]
77 (25.1571) --> [278, 399]
78 (47.8936) --> [341, 372]
79 --> []
80 (20.4781) --> [222]
81 --> []
82 (56.7173) --> [116]
83 (25.7445) --> [85]
84 (28.1844) --> [168, 135]
85 (29.4288) --> [463]
86 (27.7436) --> [11]
87 (31.9680) --> [471]
88 (17.8105) --> [164]
89 (20.6538) --> [230]
90 (29.4874) --> [148]
91 (11.6990) --> [16]
92 (8.7733) --> [100]
93 (27.4818) --> [227]
94 (21.4311) --> [71]
95 --> []
96 (46.6996) --> [160]
97 (10.0200) --> [303]
98 (39.0457) --> [491]
99 --> []
100 (36.0659) --> [14]
101 (55.6663) --> [369]
102 --> []
103 (28.3115) --> [386, 353]
104 (73.5646) --> [272]
105 --> []
106 (53.0276) --> [32, 255]
107 --> []
108 (67.0184) --> [243, 83]
109 (17.0280) --> [103]
110 (51.4084) --> [142]
111 --> []
112 --> []
113 (15.1990) --> [462]
114 (10.8853) --> [497]
115 (26.0793) --> [173]
116 (44.6621) --> [250, 181]
117 (48.9179) --> [78]
118 (69.1152) --> [87, 187, 224]
119 --> []
120 (46.6382) --> [431]
121 (37.7562) --> [130]
122 (8.2194) --> [163]
123 --> []
124 --> []
125 (44.4041) --> [446]
126 (49.2223) --> [98]
127 (33.8289) --> [256]
128 (72.3688) --> [323, 149]
129 (36.7875) --> [476, 376]
130 (55.8414) --> [254, 23]
131 (18.4757) --> [139]
132 (33.5716) --> [374, 73]
133 --> []
134 (25.3214) --> [240]
135 --> []
136 (55.0762) --> [360, 314]
137 --> []
138 (30.6621) --> [364]
139 (11.8850) --> [106]
140 --> []
141 (44.6092) --> [401]
142 (43.3801) --> [368, 244]
143 --> []
144 (23.5694) --> [327, 352]
145 (11.9606) --> [270]
146 (17.9902) --> [107]
147 (57.6847) --> [62]
148 (22.9765) --> [38]
149 --> []
150 --> []
151 (21.2205) --> [286]
152 (8.4100) --> [8]
153 --> []
154 --> []
155 (30.4770) --> [294]
156 (42.9268) --> [490]
157 (21.4587) --> [199, 92]
158 --> []
159 --> []
160 (22.8240) --> [416]
161 (29.8639) --> [43]
162 --> []
163 (17.2091) --> [237, 65]
164 (38.4645) --> [235, 320]
165 (24.7640) --> [332]
166 --> []
167 (31.7048) --> [80]
168 (34.1208) --> [403]
169 (35.0217) --> [249]
170 (16.8844) --> [304]
171 (15.8934) --> [88]
172 --> []
173 (39.3436) --> [414]
174 (12.6094) --> [180]
175 (21.8941) --> [22]
176 --> []
177 --> []
178 (37.4080) --> [474]
179 (47.2914) --> [266]
180 (34.4008) --> [362]
181 (13.8842) --> [27]
182 (33.1461) --> [147, 205]
183 (44.3279) --> [155]
184 (33.0191) --> [216, 170]
185 (50.1199) --> [435]
186 (46.3529) --> [10]
187 (29.9289) --> [67]
188 (18.8430) --> [418]
189 (36.9182) --> [448, 487]
190 (20.1785) --> [76]
191 (16.1213) --> [430]
192 --> []
193 (13.4732) --> [499, 176, 265]
194 (35.2196) --> [169, 39]
195 (53.0184) --> [262]
196 (27.1341) --> [64]
197 (30.7597) --> [118]
198 (22.6007) --> [192]
199 (65.4305) --> [94, 40]
200 --> []
201 --> []
202 --> []
203 (13.9051) --> [370]
204 (21.6515) --> [99]
205 --> []
206 (54.7633) --> [125]
207 --> []
208 --> []
209 --> []
210 --> []
211 (29.0432) --> [45]
212 --> []
213 (14.5440) --> [297]
214 --> []
215 --> []
216 (33.8357) --> [207]
217 (45.5339) --> [379, 355]
218 (6.2673) --> [468]
219 --> []
220 (6.9641) --> [351]
221 (22.1947) --> [359]
222 (15.3389) --> [271]
223 --> []
224 (45.5135) --> [455]
225 (34.1068) --> [151, 49]
226 (16.4410) --> [377]
227 (7.2281) --> [233]
228 (25.6769) --> [282]
229 --> []
230 (60.5732) --> [171, 280]
231 (51.5295) --> [260]
232 (30.6322) --> [380, 345]
233 --> []
234 --> []
235 --> []
236 --> []
237 (36.6163) --> [232]
238 (38.6602) --> [347]
239 --> []
240 (52.2056) --> [324, 193]
241 --> []
242 (31.5150) --> [458]
243 (44.5870) --> [231]
244 (15.0075) --> [357]
245 (14.4267) --> [322]
246 --> []
247 (44.2099) --> [467]
248 (36.2117) --> [429, 66]
249 (36.1360) --> [330, 253]
250 (35.0009) --> [131]
251 (50.1456) --> [427]
252 (39.9188) --> [146]
253 (47.4129) --> [392]
254 (31.7437) --> [197]
255 (47.4107) --> [79, 201]
256 (45.3441) --> [241]
257 --> []
258 --> []
259 (27.2279) --> [343, 350]
260 --> []
261 (23.6359) --> [120]
262 (24.3106) --> [464, 77]
263 (30.0516) --> [36]
264 --> []
265 (35.7919) --> [42]
266 (48.4404) --> [127, 387]
267 --> []
268 --> []
269 (25.1525) --> [111, 91]
270 (43.4897) --> [440, 415]
271 (11.2533) --> [470]
272 --> []
273 (27.0454) --> [408]
274 (20.8746) --> [1]
275 (22.1408) --> [239, 318, 30]
276 (23.0330) --> [109]
277 (7.2574) --> [59]
278 --> []
279 (33.0275) --> [398, 277]
280 (29.1631) --> [275]
281 (14.7186) --> [21]
282 (25.3527) --> [486, 4]
283 (35.6863) --> [86, 24]
284 (33.8644) --> [488]
285 --> []
286 --> []
287 (61.2507) --> [363, 26]
288 (13.8803) --> [57]
289 (20.9287) --> [20]
290 (33.4905) --> [289]
291 (24.0088) --> [261, 46]
292 (44.7097) --> [337, 211]
293 (36.4775) --> [396]
294 (50.3890) --> [258]
295 (42.9774) --> [452, 48]
296 --> []
297 (63.4491) --> [165, 183]
298 (51.8225) --> [441]
299 (62.8323) --> [290]
300 (28.9771) --> [74]
301 (52.7212) --> [279, 172]
302 (40.6458) --> [35]
303 (7.0914) --> [93]
304 (27.0089) --> [213]
305 --> []
306 (22.6362) --> [12, 336]
307 (7.4504) --> [51]
308 (35.4951) --> [274, 5]
309 --> []
310 --> []
311 (16.1398) --> [309, 102]
312 (17.3626) --> [58]
313 (48.5603) --> [31, 402]
314 --> []
315 (48.9267) --> [444]
316 (37.3918) --> [447]
317 --> []
318 (30.9855) --> [331]
319 (56.8930) --> [482, 460]
320 (29.2782) --> [154, 56]
321 (32.2016) --> [373]
322 (45.2174) --> [417]
323 (60.4617) --> [3, 215]
324 (11.7929) --> [333]
325 (47.4722) --> [395, 117]
326 (48.5167) --> [495, 234]
327 (8.1315) --> [354]
328 --> []
329 (22.0453) --> [178]
330 --> []
331 --> []
332 (27.8045) --> [68]
333 --> []
334 --> []
335 --> []
336 (51.5224) --> [195, 442, 344]
337 (59.8723) --> [226]
338 (13.1839) --> [383]
339 (49.7158) --> [245]
340 (32.5407) --> [202, 186]
341 (45.7788) --> [259]
342 --> []
343 (14.2627) --> [326]
344 (38.9304) --> [161]
345 (28.7586) --> [439, 478, 54]
346 (19.6132) --> [407, 175]
347 (35.7960) --> [50]
348 (34.0160) --> [405]
349 (48.6622) --> [90, 61]
350 --> []
351 (42.0791) --> [247]
352 (17.7708) --> [422]
353 --> []
354 --> []
355 --> []
356 --> []
357 --> []
358 (61.9682) --> [162, 404, 246, 150]
359 (51.3296) --> [438]
360 --> []
361 (30.7288) --> [301]
362 (24.8996) --> [60, 114]
363 (37.3620) --> [217]
364 (29.6794) --> [479]
365 --> []
366 (55.6947) --> [55]
367 --> []
368 (38.5806) --> [28]
369 --> []
370 (44.2244) --> [188]
371 (22.7096) --> [203]
372 (10.0802) --> [129]
373 (42.6864) --> [349]
374 (33.4657) --> [152, 371]
375 --> []
376 (15.8829) --> [41]
377 (7.9837) --> [393]
378 (10.7263) --> [302]
379 (15.6321) --> [346]
380 --> []
381 (8.1745) --> [385]
382 (36.4851) --> [295]
383 (28.8018) --> [451, 25]
384 (36.0750) --> [307]
385 (35.7145) --> [342, 319]
386 --> []
387 (35.4852) --> [298, 481]
388 (41.7239) --> [312, 37]
389 (10.5158) --> [223, 82]
390 (38.9687) --> [406]
391 (20.0531) --> [143, 469]
392 --> []
393 (36.0028) --> [382]
394 (42.3500) --> [123]
395 (54.8621) --> [283, 140]
396 (13.4221) --> [182]
397 (3.1979) --> [252]
398 (34.7926) --> [459, 263]
399 (39.2691) --> [145]
400 (40.1292) --> [291]
401 (26.7635) --> [437, 461]
402 (11.1112) --> [276]
403 --> []
404 (45.6981) --> [6]
405 (38.1505) --> [412, 339]
406 (39.2384) --> [381, 156]
407 --> []
408 (30.0194) --> [204]
409 (72.0597) --> [288, 264]
410 (42.9808) --> [251, 456]
411 (30.0880) --> [248]
412 (22.9739) --> [358]
413 (31.9486) --> [434, 2, 317]
414 (43.1200) --> [454, 498]
415 (55.7140) --> [70]
416 --> []
417 (66.3177) --> [19, 220, 225]
418 (23.6187) --> [209, 445]
419 (25.6447) --> [177, 340]
420 (18.5122) --> [189]
421 (33.4713) --> [110, 449]
422 (11.0436) --> [477]
423 (4.3449) --> [119]
424 (21.9271) --> [390]
425 --> []
426 (35.8932) --> [285, 473]
427 (15.2052) --> [34]
428 (27.8203) --> [300]
429 (47.9985) --> [137, 238]
430 --> []
431 --> []
432 --> []
433 --> []
434 (40.4967) --> [310]
435 (39.1380) --> [112]
436 (23.0409) --> [388]
437 --> []
438 --> []
439 --> []
440 (22.0123) --> [419]
441 (47.0483) --> [420]
442 (26.2502) --> [75]
443 (44.2371) --> [124]
444 (47.8421) --> [328]
445 (36.8278) --> [492]
446 (57.2054) --> [367, 196]
447 (20.4373) --> [475]
448 (47.0776) --> [206]
449 (26.2971) --> [257]
450 (29.4965) --> [7, 480]
451 (21.2656) --> [47]
452 --> []
453 (50.1365) --> [72]
454 (20.3193) --> [425]
455 (25.1384) --> [483, 457]
456 (20.5230) --> [267]
457 (45.3668) --> [113]
458 (6.3713) --> [184]
459 (32.8087) --> [179, 287]
460 (54.6238) --> [132, 315]
461 (22.3033) --> [410]
462 (16.2265) --> [122]
463 --> []
464 (23.5144) --> [311]
465 (34.2874) --> [174]
466 (16.3321) --> [185]
467 (18.5052) --> [389]
468 (8.5306) --> [166]
469 (68.6267) --> [313]
470 (39.9181) --> [229, 138]
471 (13.4232) --> [133]
472 (50.4526) --> [325, 485]
473 (47.5506) --> [432]
474 (7.2948) --> [15]
475 (41.7744) --> [128]
476 (29.6576) --> [126]
477 (15.6051) --> [141]
478 (22.9767) --> [214]
479 (33.7127) --> [450]
480 (37.7311) --> [29, 191]
481 (13.0605) --> [221]
482 --> []
483 (45.1738) --> [413]
484 (43.7617) --> [296]
485 (50.5283) --> [198]
486 (17.5357) --> [421]
487 (40.7083) --> [134]
488 --> []
489 --> []
490 --> []
491 (40.3226) --> [335, 273]
492 (38.2180) --> [489]
493 (18.1992) --> [167]
494 (15.1558) --> [44]
495 --> []
496 (46.1159) --> [69, 268]
497 (14.5118) --> [63]
498 --> []
499 --> []

Solution energy from ACO: 2.129080604562127E7
trying to improve with local search...
final Solution:
0 (29.7089) --> [348, 365]
1 (14.7663) --> [306]
2 (28.0261) --> [466, 321]
3 (41.2576) --> [293]
4 (24.5219) --> [428]
5 (20.7732) --> [453]
6 (27.8157) --> [400]
7 (35.6897) --> [316]
8 (28.1325) --> [423]
9 (13.5017) --> [384]
10 (20.0057) --> [305, 210]
11 --> []
12 (3.8906) --> [158, 334]
13 (15.7175) --> [299]
14 (35.7584) --> [144]
15 --> []
16 (46.6063) --> [361, 436]
17 (57.7140) --> [194, 397]
18 (42.7442) --> [208, 493]
19 (54.6486) --> [269]
20 --> []
21 (49.3298) --> [484]
22 (51.7549) --> [424, 157]
23 (16.3598) --> [426]
24 (44.8625) --> [375, 9]
25 (20.6404) --> [121]
26 --> []
27 (36.5409) --> [89]
28 (17.6668) --> [97]
29 (30.2369) --> [284]
30 --> []
31 --> []
32 --> []
33 --> []
34 (18.9936) --> [394]
35 (26.8023) --> [95, 356]
36 (63.1251) --> [84]
37 (14.1046) --> [465]
38 (22.5747) --> [411]
39 (13.7625) --> [308]
40 (4.4736) --> [153]
41 (33.4626) --> [496]
42 (28.5838) --> [472, 81]
43 (24.8412) --> [108, 101]
44 (24.5382) --> [218]
45 --> []
46 (21.5857) --> [159, 17]
47 (83.1580) --> [104]
48 (11.4845) --> [228]
49 (31.0729) --> [433]
50 (29.0847) --> [219, 378]
51 (34.5401) --> [33]
52 (30.5361) --> [366]
53 (10.7409) --> [281]
54 --> []
55 --> []
56 (31.0887) --> [236, 242]
57 (29.2457) --> [292]
58 --> []
59 --> []
60 (30.6124) --> [52]
61 (31.6439) --> [494]
62 (25.7741) --> [443, 190]
63 (19.3042) --> [105]
64 (30.8838) --> [13]
65 (23.6213) --> [115]
66 (40.1583) --> [53]
67 --> []
68 (20.8137) --> [96]
69 (31.5564) --> [391]
70 (38.1801) --> [329, 338]
71 (32.6906) --> [18]
72 (64.7556) --> [212, 409]
73 (14.9335) --> [200]
74 --> []
75 --> []
76 (8.7699) --> [136]
77 (25.1571) --> [278, 399]
78 (47.8936) --> [341, 372]
79 --> []
80 (20.4781) --> [222]
81 --> []
82 (56.7173) --> [116]
83 (25.7445) --> [85]
84 (28.1844) --> [168, 135]
85 (29.4288) --> [463]
86 (27.7436) --> [11]
87 (31.9680) --> [471]
88 (17.8105) --> [164]
89 (20.6538) --> [230]
90 (29.4874) --> [148]
91 (11.6990) --> [16]
92 (8.7733) --> [100]
93 (27.4818) --> [227]
94 (21.4311) --> [71]
95 --> []
96 (46.6996) --> [160]
97 (10.0200) --> [303]
98 (39.0457) --> [491]
99 --> []
100 (36.0659) --> [14]
101 (55.6663) --> [369]
102 --> []
103 (28.3115) --> [386, 353]
104 (73.5646) --> [272]
105 --> []
106 (53.0276) --> [32, 255]
107 --> []
108 (67.0184) --> [243, 83]
109 (17.0280) --> [103]
110 (51.4084) --> [142]
111 --> []
112 --> []
113 (15.1990) --> [462]
114 (10.8853) --> [497]
115 (26.0793) --> [173]
116 (44.6621) --> [250, 181]
117 (48.9179) --> [78]
118 (69.1152) --> [87, 187, 224]
119 --> []
120 (46.6382) --> [431]
121 (37.7562) --> [130]
122 (8.2194) --> [163]
123 --> []
124 --> []
125 (44.4041) --> [446]
126 (49.2223) --> [98]
127 (33.8289) --> [256]
128 (72.3688) --> [323, 149]
129 (36.7875) --> [476, 376]
130 (55.8414) --> [254, 23]
131 (18.4757) --> [139]
132 (33.5716) --> [374, 73]
133 --> []
134 (25.3214) --> [240]
135 --> []
136 (55.0762) --> [360, 314]
137 --> []
138 (30.6621) --> [364]
139 (11.8850) --> [106]
140 --> []
141 (44.6092) --> [401]
142 (43.3801) --> [368, 244]
143 --> []
144 (23.5694) --> [327, 352]
145 (11.9606) --> [270]
146 (17.9902) --> [107]
147 (57.6847) --> [62]
148 (22.9765) --> [38]
149 --> []
150 --> []
151 (21.2205) --> [286]
152 (8.4100) --> [8]
153 --> []
154 --> []
155 (30.4770) --> [294]
156 (42.9268) --> [490]
157 (21.4587) --> [199, 92]
158 --> []
159 --> []
160 (22.8240) --> [416]
161 (29.8639) --> [43]
162 --> []
163 (17.2091) --> [237, 65]
164 (38.4645) --> [235, 320]
165 (24.7640) --> [332]
166 --> []
167 (31.7048) --> [80]
168 (34.1208) --> [403]
169 (35.0217) --> [249]
170 (16.8844) --> [304]
171 (15.8934) --> [88]
172 --> []
173 (39.3436) --> [414]
174 (12.6094) --> [180]
175 (21.8941) --> [22]
176 --> []
177 --> []
178 (37.4080) --> [474]
179 (47.2914) --> [266]
180 (34.4008) --> [362]
181 (13.8842) --> [27]
182 (33.1461) --> [147, 205]
183 (44.3279) --> [155]
184 (33.0191) --> [216, 170]
185 (50.1199) --> [435]
186 (46.3529) --> [10]
187 (29.9289) --> [67]
188 (18.8430) --> [418]
189 (36.9182) --> [448, 487]
190 (20.1785) --> [76]
191 (16.1213) --> [430]
192 --> []
193 (13.4732) --> [499, 176, 265]
194 (35.2196) --> [169, 39]
195 (53.0184) --> [262]
196 (27.1341) --> [64]
197 (30.7597) --> [118]
198 (22.6007) --> [192]
199 (65.4305) --> [94, 40]
200 --> []
201 --> []
202 --> []
203 (13.9051) --> [370]
204 (21.6515) --> [99]
205 --> []
206 (54.7633) --> [125]
207 --> []
208 --> []
209 --> []
210 --> []
211 (29.0432) --> [45]
212 --> []
213 (14.5440) --> [297]
214 --> []
215 --> []
216 (33.8357) --> [207]
217 (45.5339) --> [379, 355]
218 (6.2673) --> [468]
219 --> []
220 (6.9641) --> [351]
221 (22.1947) --> [359]
222 (15.3389) --> [271]
223 --> []
224 (45.5135) --> [455]
225 (34.1068) --> [151, 49]
226 (16.4410) --> [377]
227 (7.2281) --> [233]
228 (25.6769) --> [282]
229 --> []
230 (60.5732) --> [171, 280]
231 (51.5295) --> [260]
232 (30.6322) --> [380, 345]
233 --> []
234 --> []
235 --> []
236 --> []
237 (36.6163) --> [232]
238 (38.6602) --> [347]
239 --> []
240 (52.2056) --> [324, 193]
241 --> []
242 (31.5150) --> [458]
243 (44.5870) --> [231]
244 (15.0075) --> [357]
245 (14.4267) --> [322]
246 --> []
247 (44.2099) --> [467]
248 (36.2117) --> [429, 66]
249 (36.1360) --> [330, 253]
250 (35.0009) --> [131]
251 (50.1456) --> [427]
252 (39.9188) --> [146]
253 (47.4129) --> [392]
254 (31.7437) --> [197]
255 (47.4107) --> [79, 201]
256 (45.3441) --> [241]
257 --> []
258 --> []
259 (27.2279) --> [343, 350]
260 --> []
261 (23.6359) --> [120]
262 (24.3106) --> [464, 77]
263 (30.0516) --> [36]
264 --> []
265 (35.7919) --> [42]
266 (48.4404) --> [127, 387]
267 --> []
268 --> []
269 (25.1525) --> [111, 91]
270 (43.4897) --> [440, 415]
271 (11.2533) --> [470]
272 --> []
273 (27.0454) --> [408]
274 (20.8746) --> [1]
275 (22.1408) --> [239, 318, 30]
276 (23.0330) --> [109]
277 (7.2574) --> [59]
278 --> []
279 (33.0275) --> [398, 277]
280 (29.1631) --> [275]
281 (14.7186) --> [21]
282 (25.3527) --> [486, 4]
283 (35.6863) --> [86, 24]
284 (33.8644) --> [488]
285 --> []
286 --> []
287 (61.2507) --> [363, 26]
288 (13.8803) --> [57]
289 (20.9287) --> [20]
290 (33.4905) --> [289]
291 (24.0088) --> [261, 46]
292 (44.7097) --> [337, 211]
293 (36.4775) --> [396]
294 (50.3890) --> [258]
295 (42.9774) --> [452, 48]
296 --> []
297 (63.4491) --> [165, 183]
298 (51.8225) --> [441]
299 (62.8323) --> [290]
300 (28.9771) --> [74]
301 (52.7212) --> [279, 172]
302 (40.6458) --> [35]
303 (7.0914) --> [93]
304 (27.0089) --> [213]
305 --> []
306 (22.6362) --> [12, 336]
307 (7.4504) --> [51]
308 (35.4951) --> [274, 5]
309 --> []
310 --> []
311 (16.1398) --> [309, 102]
312 (17.3626) --> [58]
313 (48.5603) --> [31, 402]
314 --> []
315 (48.9267) --> [444]
316 (37.3918) --> [447]
317 --> []
318 (30.9855) --> [331]
319 (56.8930) --> [482, 460]
320 (29.2782) --> [154, 56]
321 (32.2016) --> [373]
322 (45.2174) --> [417]
323 (60.4617) --> [3, 215]
324 (11.7929) --> [333]
325 (47.4722) --> [395, 117]
326 (48.5167) --> [495, 234]
327 (8.1315) --> [354]
328 --> []
329 (22.0453) --> [178]
330 --> []
331 --> []
332 (27.8045) --> [68]
333 --> []
334 --> []
335 --> []
336 (51.5224) --> [195, 442, 344]
337 (59.8723) --> [226]
338 (13.1839) --> [383]
339 (49.7158) --> [245]
340 (32.5407) --> [202, 186]
341 (45.7788) --> [259]
342 --> []
343 (14.2627) --> [326]
344 (38.9304) --> [161]
345 (28.7586) --> [439, 478, 54]
346 (19.6132) --> [407, 175]
347 (35.7960) --> [50]
348 (34.0160) --> [405]
349 (48.6622) --> [90, 61]
350 --> []
351 (42.0791) --> [247]
352 (17.7708) --> [422]
353 --> []
354 --> []
355 --> []
356 --> []
357 --> []
358 (61.9682) --> [162, 404, 246, 150]
359 (51.3296) --> [438]
360 --> []
361 (30.7288) --> [301]
362 (24.8996) --> [60, 114]
363 (37.3620) --> [217]
364 (29.6794) --> [479]
365 --> []
366 (55.6947) --> [55]
367 --> []
368 (38.5806) --> [28]
369 --> []
370 (44.2244) --> [188]
371 (22.7096) --> [203]
372 (10.0802) --> [129]
373 (42.6864) --> [349]
374 (33.4657) --> [152, 371]
375 --> []
376 (15.8829) --> [41]
377 (7.9837) --> [393]
378 (10.7263) --> [302]
379 (15.6321) --> [346]
380 --> []
381 (8.1745) --> [385]
382 (36.4851) --> [295]
383 (28.8018) --> [451, 25]
384 (36.0750) --> [307]
385 (35.7145) --> [342, 319]
386 --> []
387 (35.4852) --> [298, 481]
388 (41.7239) --> [312, 37]
389 (10.5158) --> [223, 82]
390 (38.9687) --> [406]
391 (20.0531) --> [143, 469]
392 --> []
393 (36.0028) --> [382]
394 (42.3500) --> [123]
395 (54.8621) --> [283, 140]
396 (13.4221) --> [182]
397 (3.1979) --> [252]
398 (34.7926) --> [459, 263]
399 (39.2691) --> [145]
400 (40.1292) --> [291]
401 (26.7635) --> [437, 461]
402 (11.1112) --> [276]
403 --> []
404 (45.6981) --> [6]
405 (38.1505) --> [412, 339]
406 (39.2384) --> [381, 156]
407 --> []
408 (30.0194) --> [204]
409 (72.0597) --> [288, 264]
410 (42.9808) --> [251, 456]
411 (30.0880) --> [248]
412 (22.9739) --> [358]
413 (31.9486) --> [434, 2, 317]
414 (43.1200) --> [454, 498]
415 (55.7140) --> [70]
416 --> []
417 (66.3177) --> [19, 220, 225]
418 (23.6187) --> [209, 445]
419 (25.6447) --> [177, 340]
420 (18.5122) --> [189]
421 (33.4713) --> [110, 449]
422 (11.0436) --> [477]
423 (4.3449) --> [119]
424 (21.9271) --> [390]
425 --> []
426 (35.8932) --> [285, 473]
427 (15.2052) --> [34]
428 (27.8203) --> [300]
429 (47.9985) --> [137, 238]
430 --> []
431 --> []
432 --> []
433 --> []
434 (40.4967) --> [310]
435 (39.1380) --> [112]
436 (23.0409) --> [388]
437 --> []
438 --> []
439 --> []
440 (22.0123) --> [419]
441 (47.0483) --> [420]
442 (26.2502) --> [75]
443 (44.2371) --> [124]
444 (47.8421) --> [328]
445 (36.8278) --> [492]
446 (57.2054) --> [367, 196]
447 (20.4373) --> [475]
448 (47.0776) --> [206]
449 (26.2971) --> [257]
450 (29.4965) --> [7, 480]
451 (21.2656) --> [47]
452 --> []
453 (50.1365) --> [72]
454 (20.3193) --> [425]
455 (25.1384) --> [483, 457]
456 (20.5230) --> [267]
457 (45.3668) --> [113]
458 (6.3713) --> [184]
459 (32.8087) --> [179, 287]
460 (54.6238) --> [132, 315]
461 (22.3033) --> [410]
462 (16.2265) --> [122]
463 --> []
464 (23.5144) --> [311]
465 (34.2874) --> [174]
466 (16.3321) --> [185]
467 (18.5052) --> [389]
468 (8.5306) --> [166]
469 (68.6267) --> [313]
470 (39.9181) --> [229, 138]
471 (13.4232) --> [133]
472 (50.4526) --> [325, 485]
473 (47.5506) --> [432]
474 (7.2948) --> [15]
475 (41.7744) --> [128]
476 (29.6576) --> [126]
477 (15.6051) --> [141]
478 (22.9767) --> [214]
479 (33.7127) --> [450]
480 (37.7311) --> [29, 191]
481 (13.0605) --> [221]
482 --> []
483 (45.1738) --> [413]
484 (43.7617) --> [296]
485 (50.5283) --> [198]
486 (17.5357) --> [421]
487 (40.7083) --> [134]
488 --> []
489 --> []
490 --> []
491 (40.3226) --> [335, 273]
492 (38.2180) --> [489]
493 (18.1992) --> [167]
494 (15.1558) --> [44]
495 --> []
496 (46.1159) --> [69, 268]
497 (14.5118) --> [63]
498 --> []
499 --> []

final Solution energy: 2.129080604562127E7
Calculated in 364683ms
Ants=1000, alpha=0.6, beta=3.0, evaporate factor=0.07
(for ../../mebp/mebp-12.dat)
