New best solution in iteration 0: 2.381675238947264E9
New best solution in iteration 1: 2.1328592515477273E9
New best solution in iteration 18: 1.9386645351440318E9
AVG (iterations 0 to 20): 3.2605349419474587E9
AVG (iterations 20 to 40): 3.57931055177608E9
AVG (iterations 40 to 60): 3.798844844674685E9
New best solution in iteration 68: 1.6202859455958593E9
AVG (iterations 60 to 80): 3.4137885593228426E9
AVG (iterations 80 to 100): 3.7681447870215454E9
AVG (iterations 100 to 120): 3.6581354641271286E9
AVG (iterations 120 to 140): 3.245704676753368E9
AVG (iterations 140 to 160): 2.698507583899251E9
New best solution in iteration 164: 9.335193071295898E8
New best solution in iteration 167: 7.458674011988602E8
New best solution in iteration 168: 7.299704337115325E8
New best solution in iteration 173: 6.52332784293518E8
New best solution in iteration 177: 5.321944569240368E8
New best solution in iteration 180: 3.729044900956349E8
AVG (iterations 160 to 180): 1.2546600377797194E9
New best solution in iteration 187: 3.097006513307526E8
New best solution in iteration 189: 5.610245721291094E7
New best solution in iteration 191: 3.380309547546349E7
New best solution in iteration 198: 2.9205880991592832E7
AVG (iterations 180 to 200): 4.6595614070404786E8
New best solution in iteration 201: 2.616102562725461E7
New best solution in iteration 207: 2.599881871147705E7
New best solution in iteration 212: 2.5417140888490714E7
New best solution in iteration 219: 2.5407649876310714E7
AVG (iterations 200 to 220): 3.2161128710988425E7
New best solution in iteration 225: 2.476059527013852E7
New best solution in iteration 230: 2.4646736081404306E7
New best solution in iteration 234: 2.4587275711769234E7
AVG (iterations 220 to 240): 2.5584352951983444E7
New best solution in iteration 242: 2.4391634562182516E7
AVG (iterations 240 to 260): 2.554312674313978E7
New best solution in iteration 266: 2.3864151306099243E7
AVG (iterations 260 to 280): 2.511079875273817E7
New best solution in iteration 286: 2.3308745740318224E7
AVG (iterations 280 to 300): 2.4879767473678216E7
New best solution in iteration 317: 2.256943940353298E7
AVG (iterations 300 to 320): 2.4681428770744447E7
AVG (iterations 320 to 340): 2.453845818910586E7
AVG (iterations 340 to 360): 2.445513768368664E7
AVG (iterations 360 to 380): 2.4463521793122984E7
AVG (iterations 380 to 400): 2.4508862798267234E7
New best solution in iteration 406: 2.2431314911499217E7
AVG (iterations 400 to 420): 2.4121540576649718E7
AVG (iterations 420 to 440): 2.3913309443747263E7
AVG (iterations 440 to 460): 2.394774033995435E7
AVG (iterations 460 to 480): 2.3736137238439247E7
AVG (iterations 480 to 500): 2.384131908810974E7
AVG (iterations 500 to 520): 2.3894852486362882E7
AVG (iterations 520 to 540): 2.3762188217759985E7
AVG (iterations 540 to 560): 2.369891213901999E7
AVG (iterations 560 to 580): 2.3889547910580955E7
AVG (iterations 580 to 600): 2.3719030078441065E7
AVG (iterations 600 to 620): 2.3748250650244437E7
AVG (iterations 620 to 640): 2.3650255948645327E7
AVG (iterations 640 to 660): 2.381550079187164E7
AVG (iterations 660 to 680): 2.3812736366675563E7
AVG (iterations 680 to 700): 2.362957114372736E7
AVG (iterations 700 to 720): 2.38718047765378E7
AVG (iterations 720 to 740): 2.3557011712865125E7
AVG (iterations 740 to 760): 2.327659990535178E7
AVG (iterations 760 to 780): 2.359027249698948E7
AVG (iterations 780 to 800): 2.3547098121602856E7
AVG (iterations 800 to 820): 2.3494206724169225E7
AVG (iterations 820 to 840): 2.3657872800986797E7
AVG (iterations 840 to 860): 2.3684139741669007E7
AVG (iterations 860 to 880): 2.375400091682348E7
AVG (iterations 880 to 900): 2.363415849403161E7
AVG (iterations 900 to 920): 2.3759501056510817E7
AVG (iterations 920 to 940): 2.3735132357610043E7
AVG (iterations 940 to 960): 2.3501710319741208E7
AVG (iterations 960 to 980): 2.338841604984328E7
Solution from ACO:
0 (73.5450) --> [365, 348, 151]
1 (20.8746) --> [274]
2 (28.0261) --> [466, 321]
3 --> []
4 (28.6599) --> [300, 428]
5 (20.7732) --> [453]
6 (27.8157) --> [400]
7 --> []
8 (28.1325) --> [423]
9 (13.5017) --> [384]
10 (20.0057) --> [305, 210]
11 (57.4430) --> [124]
12 (3.8906) --> [334]
13 (37.9759) --> [299, 471]
14 (35.7584) --> [144]
15 --> []
16 (10.3900) --> [361]
17 (44.2141) --> [252]
18 (23.1496) --> [208]
19 (54.6486) --> [269]
20 --> []
21 --> []
22 (32.2309) --> [199]
23 (16.3598) --> [426]
24 (44.8625) --> [9, 375]
25 (20.6404) --> [121]
26 (35.2555) --> [363]
27 --> []
28 --> []
29 (30.2369) --> [284]
30 (55.1574) --> [294]
31 (10.7201) --> [313]
32 --> []
33 --> []
34 (18.9936) --> [394]
35 (26.8023) --> [356]
36 --> []
37 --> []
38 (22.5747) --> [411]
39 (13.7625) --> [308]
40 --> []
41 (29.6594) --> [69]
42 (28.5838) --> [81, 472]
43 (19.6179) --> [108]
44 (24.5382) --> [218]
45 (77.3278) --> [272]
46 (21.5857) --> [17, 159]
47 --> []
48 (11.4845) --> [228]
49 (31.0729) --> [433]
50 (29.0847) --> [378, 219]
51 (34.5401) --> [33]
52 (30.5361) --> [366]
53 --> []
54 (21.1802) --> [439]
55 --> []
56 (31.0887) --> [242, 236]
57 (18.6900) --> [409, 288]
58 --> []
59 --> []
60 --> []
61 (54.7113) --> [494, 310, 44]
62 (19.3633) --> [190]
63 (14.5118) --> [497]
64 (30.8838) --> [196, 13]
65 (23.6213) --> [115]
66 (44.2168) --> [281]
67 (74.7107) --> [187, 290]
68 (20.8137) --> [96]
69 (31.5564) --> [496, 391]
70 --> []
71 (71.4993) --> [18, 153]
72 (41.5778) --> [212]
73 (14.9335) --> [200]
74 --> []
75 (35.6568) --> [101]
76 (63.7953) --> [136, 360]
77 (6.3186) --> [278]
78 (57.9274) --> [129]
79 --> []
80 (20.4781) --> [222]
81 --> []
82 --> []
83 (25.7445) --> [85]
84 (19.8221) --> [168]
85 (29.4288) --> [463]
86 (32.3439) --> [11, 283]
87 (62.1600) --> [224]
88 (17.8105) --> [164, 171]
89 (53.0595) --> [280]
90 (29.4874) --> [148]
91 (11.6990) --> [16]
92 (8.7733) --> [100]
93 --> []
94 (21.4311) --> [71]
95 (20.3368) --> [35]
96 (41.1026) --> [416]
97 (17.6668) --> [28]
98 --> []
99 (21.6515) --> [204]
100 (36.0659) --> [14]
101 (55.6663) --> [43, 369]
102 --> []
103 (28.3115) --> [386, 353]
104 --> []
105 (19.3042) --> [63]
106 (11.8850) --> [139]
107 (66.7456) --> [337]
108 (35.5726) --> [243]
109 (17.0280) --> [103]
110 (34.4327) --> [449]
111 (46.8058) --> [91, 436]
112 (39.1380) --> [435]
113 (15.1990) --> [462]
114 (24.8996) --> [362]
115 (26.0793) --> [173]
116 (44.6621) --> [181]
117 --> []
118 --> []
119 --> []
120 (46.6382) --> [431]
121 (37.7562) --> [130]
122 (8.2194) --> [163]
123 --> []
124 (48.0600) --> [443, 205]
125 (44.4041) --> [446]
126 --> []
127 (33.8289) --> [266, 256]
128 (72.3688) --> [323, 149]
129 (36.7875) --> [476, 372, 376]
130 (68.5430) --> [23, 254, 67]
131 (54.3838) --> [255, 250]
132 (33.5716) --> [73, 374]
133 --> []
134 (66.6666) --> [240, 234]
135 (28.1844) --> [84]
136 (43.9734) --> [314]
137 --> []
138 (45.1245) --> [364, 475]
139 (23.7876) --> [131, 32]
140 (49.6363) --> [86]
141 (44.6092) --> [401]
142 (40.2786) --> [368, 357]
143 --> []
144 (23.5694) --> [352, 327]
145 (11.9606) --> [270]
146 (17.9902) --> [107]
147 (22.4183) --> [182]
148 (22.9765) --> [38]
149 --> []
150 --> []
151 (23.1927) --> [225, 286]
152 (8.4100) --> [8]
153 (4.4736) --> [40]
154 --> []
155 (51.1467) --> [183, 258]
156 (42.9268) --> [490]
157 (45.2117) --> [92, 424]
158 (2.6634) --> [12]
159 (43.0344) --> [194]
160 --> []
161 --> []
162 (36.7220) --> [404]
163 (17.2091) --> [65, 237]
164 (46.7327) --> [56, 235, 320]
165 (24.7640) --> [332]
166 --> []
167 (31.7048) --> [80]
168 (34.1208) --> [403]
169 (33.6301) --> [330]
170 (16.8844) --> [304]
171 (30.1491) --> [230]
172 --> []
173 (39.3436) --> [414]
174 (34.2874) --> [465]
175 (21.8941) --> [407, 22]
176 --> []
177 (33.9844) --> [419, 145]
178 (37.4080) --> [474]
179 (42.5770) --> [127]
180 (12.6094) --> [174]
181 (13.8842) --> [27]
182 (13.4221) --> [396]
183 --> []
184 (30.9129) --> [216]
185 --> []
186 (46.3529) --> [10]
187 --> []
188 (24.0024) --> [418, 209]
189 (36.9182) --> [420, 448, 487]
190 (20.1785) --> [76]
191 (16.1213) --> [430]
192 --> []
193 (10.2622) --> [499, 176]
194 (35.2196) --> [39, 169]
195 (56.0865) --> [311]
196 --> []
197 (30.7597) --> [118]
198 (22.6007) --> [192]
199 (23.0347) --> [157, 94]
200 --> []
201 --> []
202 (34.0701) --> [186]
203 (13.9051) --> [370]
204 (30.0194) --> [408]
205 (34.3770) --> [147]
206 (54.7633) --> [125]
207 --> []
208 --> []
209 --> []
210 --> []
211 (29.0432) --> [45]
212 (59.0241) --> [264]
213 (14.5440) --> [297]
214 --> []
215 --> []
216 (33.8357) --> [207]
217 (56.9791) --> [346, 355]
218 (6.2673) --> [468]
219 --> []
220 (38.4760) --> [351, 247]
221 (22.1947) --> [359]
222 (15.3389) --> [271]
223 (53.4896) --> [88]
224 (45.5135) --> [455]
225 (34.1068) --> [49]
226 --> []
227 (28.5179) --> [233, 303]
228 (25.6769) --> [282]
229 --> []
230 (20.6538) --> [89]
231 (51.5295) --> [260]
232 (30.6322) --> [380]
233 --> []
234 (48.5167) --> [326]
235 (37.4263) --> [105]
236 --> []
237 (37.3278) --> [478]
238 (38.6602) --> [347]
239 --> []
240 (59.5884) --> [265, 324]
241 --> []
242 (31.5150) --> [458]
243 (45.7945) --> [83, 231]
244 (46.8714) --> [189]
245 (47.7596) --> [322, 417]
246 --> []
247 --> []
248 (36.2117) --> [66, 429]
249 (36.1360) --> [253]
250 (6.4065) --> [116]
251 (50.1456) --> [427]
252 (39.9188) --> [397, 146]
253 (47.4129) --> [392]
254 (31.7437) --> [197]
255 (47.4107) --> [201, 79]
256 --> []
257 (61.8329) --> [142, 227]
258 --> []
259 (45.7788) --> [341, 350]
260 --> []
261 (28.7776) --> [120, 46]
262 (24.3106) --> [77]
263 (30.0516) --> [36]
264 --> []
265 (35.7919) --> [193, 42]
266 (59.2193) --> [26, 387]
267 --> []
268 --> []
269 (1.1390) --> [111]
270 (43.4897) --> [415]
271 (11.2533) --> [470]
272 (73.5646) --> [104]
273 (32.4374) --> [491]
274 --> []
275 (22.1408) --> [30, 239, 318]
276 (23.0330) --> [109, 402]
277 (7.2574) --> [59]
278 (25.2642) --> [399]
279 (33.0275) --> [277, 398]
280 (29.1631) --> [275]
281 (63.8878) --> [53, 21, 484]
282 (25.3527) --> [4, 486]
283 (35.6863) --> [24]
284 (33.8644) --> [488]
285 --> []
286 --> []
287 --> []
288 --> []
289 (20.9287) --> [20]
290 (33.4905) --> [289]
291 (24.0088) --> [261]
292 (44.7097) --> [57, 211]
293 (41.2576) --> [3]
294 (30.4770) --> [155]
295 (36.4851) --> [382]
296 --> []
297 (42.2229) --> [165]
298 --> []
299 --> []
300 (28.9771) --> [74]
301 (52.7212) --> [279]
302 --> []
303 (10.0200) --> [93, 97]
304 (27.0089) --> [213]
305 --> []
306 (22.6362) --> [1, 336]
307 (7.4504) --> [51]
308 (35.4951) --> [158, 5]
309 --> []
310 --> []
311 (23.5144) --> [309, 102, 464]
312 (17.3626) --> [58]
313 (53.0811) --> [276]
314 --> []
315 (48.9267) --> [444]
316 --> []
317 --> []
318 (30.9855) --> [331]
319 (56.8930) --> [460]
320 (10.1945) --> [154]
321 (49.1947) --> [373, 112]
322 (66.2750) --> [106]
323 (60.4617) --> [215]
324 (11.7929) --> [333]
325 (47.4722) --> [395, 117]
326 (29.8974) --> [343, 495]
327 (8.1315) --> [354]
328 --> []
329 (22.0453) --> [178]
330 (4.2300) --> [249]
331 --> []
332 (27.8045) --> [68]
333 --> []
334 (6.0594) --> [306]
335 --> []
336 (34.0180) --> [442]
337 (23.0104) --> [292]
338 (21.7138) --> [383, 70]
339 (49.7158) --> [245]
340 (16.3590) --> [202]
341 (21.5552) --> [78]
342 (21.4110) --> [385]
343 (26.2201) --> [259]
344 (51.8112) --> [195, 161]
345 (26.6402) --> [54, 232]
346 (19.6132) --> [379, 175]
347 (35.7960) --> [50]
348 (41.8445) --> [412]
349 (48.6622) --> [61, 90]
350 --> []
351 (44.1644) --> [467]
352 (17.7708) --> [422]
353 --> []
354 (41.8090) --> [493]
355 --> []
356 --> []
357 (15.0075) --> [244]
358 (61.9682) --> [162, 150, 246]
359 (51.3296) --> [438]
360 (78.6583) --> [31]
361 (35.4985) --> [301, 172]
362 (34.4008) --> [60, 52, 180]
363 (37.3620) --> [217]
364 (29.6794) --> [479]
365 --> []
366 (73.4864) --> [55, 135]
367 (63.2890) --> [64]
368 --> []
369 --> []
370 (44.2244) --> [188]
371 (22.7096) --> [203]
372 --> []
373 (42.6864) --> [349]
374 (33.4657) --> [152, 371]
375 --> []
376 (15.8829) --> [41]
377 (16.4410) --> [393, 226]
378 (10.7263) --> [302]
379 --> []
380 --> []
381 (32.8123) --> [406, 390]
382 (36.2402) --> [377]
383 (28.8018) --> [451, 25]
384 (36.0750) --> [307]
385 (33.9681) --> [381, 482]
386 --> []
387 (35.4852) --> [298, 481]
388 (20.9320) --> [312]
389 (10.5158) --> [223, 82]
390 --> []
391 (20.0531) --> [143, 469]
392 --> []
393 --> []
394 (42.3500) --> [123]
395 (38.9971) --> [140]
396 (36.4775) --> [293]
397 --> []
398 (34.7926) --> [459, 263]
399 (41.9481) --> [177]
400 (40.1292) --> [291]
401 (26.7635) --> [437, 461]
402 --> []
403 --> []
404 (45.6981) --> [6]
405 (38.1505) --> [339]
406 (39.2384) --> [156]
407 --> []
408 (27.0454) --> [273]
409 --> []
410 (42.9808) --> [456, 251]
411 (30.0880) --> [248]
412 (22.9739) --> [405, 358]
413 (31.9486) --> [434, 2, 317]
414 (43.1200) --> [454, 498]
415 (63.4482) --> [338]
416 (22.8240) --> [160]
417 (43.0718) --> [220, 19]
418 (37.7190) --> [492]
419 (25.1379) --> [440, 340]
420 (47.0483) --> [441]
421 (2.8438) --> [110]
422 (15.3167) --> [141, 477]
423 (4.3449) --> [119]
424 (41.5739) --> [342]
425 --> []
426 (35.8932) --> [473, 285]
427 (15.2052) --> [34]
428 (43.9872) --> [241]
429 (47.9985) --> [137, 238]
430 --> []
431 --> []
432 --> []
433 (47.6794) --> [452]
434 --> []
435 --> []
436 (23.0409) --> [388]
437 --> []
438 --> []
439 --> []
440 --> []
441 --> []
442 (26.2502) --> [344, 75]
443 (25.7741) --> [62]
444 (47.8421) --> [328]
445 --> []
446 (15.8488) --> [367]
447 (37.3918) --> [316]
448 (47.0776) --> [206]
449 (26.2971) --> [257]
450 (29.4965) --> [7, 480]
451 (38.1689) --> [47, 329]
452 (56.8478) --> [295, 48]
453 (50.1365) --> [72]
454 (20.3193) --> [425]
455 (25.1384) --> [483, 457]
456 (20.5230) --> [267]
457 (45.3668) --> [113]
458 (37.0681) --> [184, 170]
459 (32.8087) --> [287, 179]
460 (54.6238) --> [132, 315]
461 (22.3033) --> [410]
462 (16.2265) --> [122]
463 --> []
464 (18.1913) --> [262]
465 (14.1046) --> [37]
466 (16.3321) --> [185]
467 (18.5052) --> [389]
468 (30.4415) --> [166, 99]
469 --> []
470 (39.9181) --> [138, 229]
471 (31.9680) --> [133, 87]
472 (50.4526) --> [485, 325]
473 (47.5506) --> [432]
474 (7.2948) --> [15]
475 (41.7744) --> [128, 447]
476 (29.6576) --> [126]
477 --> []
478 (25.5911) --> [345, 214]
479 (33.7127) --> [450]
480 (37.7311) --> [29, 191]
481 (13.0605) --> [221]
482 (3.5691) --> [319]
483 (45.1738) --> [413]
484 (52.6384) --> [296, 95]
485 (50.5283) --> [198]
486 (17.5357) --> [421]
487 (40.7083) --> [134]
488 --> []
489 --> []
490 --> []
491 (40.3226) --> [98, 335]
492 (38.2180) --> [445, 489]
493 (18.1992) --> [167]
494 --> []
495 --> []
496 (46.1159) --> [268]
497 (10.8853) --> [114]
498 --> []
499 --> []

Solution energy from ACO: 2.2431314911499217E7
trying to improve with local search...
final Solution:
0 (73.5450) --> [365, 348, 151]
1 (18.0297) --> [334]
2 (28.0261) --> [466, 321]
3 --> []
4 (28.6599) --> [300, 428]
5 (20.7732) --> [453]
6 (27.8157) --> [400]
7 --> []
8 (28.1325) --> [423]
9 (13.5017) --> [384]
10 (20.0057) --> [305, 210]
11 (57.4430) --> [124]
12 (2.6634) --> [158]
13 (37.9759) --> [299, 471]
14 (35.7584) --> [144]
15 --> []
16 (10.3900) --> [361]
17 (44.2141) --> [252]
18 (23.1496) --> [208]
19 (54.6486) --> [269]
20 --> []
21 --> []
22 (32.2309) --> [199]
23 (16.3598) --> [426]
24 (44.8625) --> [9, 375]
25 (20.6404) --> [121]
26 (35.2555) --> [363]
27 --> []
28 --> []
29 (30.2369) --> [284]
30 (55.1574) --> [294]
31 (10.7201) --> [313]
32 --> []
33 --> []
34 (18.9936) --> [394]
35 (26.8023) --> [356]
36 --> []
37 --> []
38 (22.5747) --> [411]
39 (13.7625) --> [308]
40 --> []
41 (29.6594) --> [69]
42 (28.5838) --> [81, 472]
43 (19.6179) --> [108]
44 (24.5382) --> [218]
45 (77.3278) --> [272]
46 (21.5857) --> [17, 159]
47 --> []
48 (11.4845) --> [228]
49 (31.0729) --> [433]
50 (29.0847) --> [378, 219]
51 (34.5401) --> [33]
52 (30.5361) --> [366]
53 --> []
54 (21.1802) --> [439]
55 --> []
56 (31.0887) --> [242, 236]
57 (18.6900) --> [409, 288]
58 --> []
59 --> []
60 --> []
61 (54.7113) --> [494, 310, 44]
62 (19.3633) --> [190]
63 (14.5118) --> [497]
64 (30.8838) --> [196, 13]
65 (23.6213) --> [115]
66 (44.2168) --> [281]
67 (74.7107) --> [187, 290]
68 (20.8137) --> [96]
69 (31.5564) --> [496, 391]
70 --> []
71 (71.4993) --> [18, 153]
72 (41.5778) --> [212]
73 (14.9335) --> [200]
74 --> []
75 (35.6568) --> [101]
76 (63.7953) --> [136, 360]
77 (6.3186) --> [278]
78 (57.9274) --> [129]
79 --> []
80 (20.4781) --> [222]
81 --> []
82 --> []
83 (25.7445) --> [85]
84 (19.8221) --> [168]
85 (29.4288) --> [463]
86 (32.3439) --> [11, 283]
87 (62.1600) --> [224]
88 (17.8105) --> [164, 171]
89 (53.0595) --> [280]
90 (29.4874) --> [148]
91 (11.6990) --> [16]
92 (8.7733) --> [100]
93 --> []
94 (21.4311) --> [71]
95 (20.3368) --> [35]
96 (41.1026) --> [416]
97 (17.6668) --> [28]
98 --> []
99 (21.6515) --> [204]
100 (36.0659) --> [14]
101 (55.6663) --> [43, 369]
102 --> []
103 (28.3115) --> [386, 353]
104 --> []
105 (19.3042) --> [63]
106 (11.8850) --> [139]
107 (66.7456) --> [337]
108 (35.5726) --> [243]
109 (17.0280) --> [103]
110 (34.4327) --> [449]
111 (46.8058) --> [91, 436]
112 (39.1380) --> [435]
113 (15.1990) --> [462]
114 (24.8996) --> [362]
115 (26.0793) --> [173]
116 (44.6621) --> [181]
117 --> []
118 --> []
119 --> []
120 (46.6382) --> [431]
121 (37.7562) --> [130]
122 (8.2194) --> [163]
123 --> []
124 (48.0600) --> [443, 205]
125 (44.4041) --> [446]
126 --> []
127 (33.8289) --> [266, 256]
128 (72.3688) --> [323, 149]
129 (36.7875) --> [476, 372, 376]
130 (68.5430) --> [23, 254, 67]
131 (54.3838) --> [255, 250]
132 (33.5716) --> [73, 374]
133 --> []
134 (66.6666) --> [240, 234]
135 (28.1844) --> [84]
136 (43.9734) --> [314]
137 --> []
138 (45.1245) --> [364, 475]
139 (23.7876) --> [131, 32]
140 (49.6363) --> [86]
141 (44.6092) --> [401]
142 (40.2786) --> [368, 357]
143 --> []
144 (23.5694) --> [352, 327]
145 (11.9606) --> [270]
146 (17.9902) --> [107]
147 (22.4183) --> [182]
148 (22.9765) --> [38]
149 --> []
150 --> []
151 (23.1927) --> [225, 286]
152 (8.4100) --> [8]
153 (4.4736) --> [40]
154 --> []
155 (51.1467) --> [183, 258]
156 (42.9268) --> [490]
157 (45.2117) --> [92, 424]
158 (2.6634) --> [12]
159 (43.0344) --> [194]
160 --> []
161 --> []
162 (36.7220) --> [404]
163 (17.2091) --> [65, 237]
164 (46.7327) --> [56, 235, 320]
165 (24.7640) --> [332]
166 --> []
167 (31.7048) --> [80]
168 (34.1208) --> [403]
169 (33.6301) --> [330]
170 (16.8844) --> [304]
171 (30.1491) --> [230]
172 --> []
173 (39.3436) --> [414]
174 (34.2874) --> [465]
175 (21.8941) --> [407, 22]
176 --> []
177 (33.9844) --> [419, 145]
178 (37.4080) --> [474]
179 (42.5770) --> [127]
180 (12.6094) --> [174]
181 (13.8842) --> [27]
182 (13.4221) --> [396]
183 --> []
184 (30.9129) --> [216]
185 --> []
186 (46.3529) --> [10]
187 --> []
188 (24.0024) --> [418, 209]
189 (36.9182) --> [420, 448, 487]
190 (20.1785) --> [76]
191 (16.1213) --> [430]
192 --> []
193 (10.2622) --> [499, 176]
194 (35.2196) --> [39, 169]
195 (56.0865) --> [311]
196 --> []
197 (30.7597) --> [118]
198 (22.6007) --> [192]
199 (23.0347) --> [157, 94]
200 --> []
201 --> []
202 (34.0701) --> [186]
203 (13.9051) --> [370]
204 (30.0194) --> [408]
205 (34.3770) --> [147]
206 (54.7633) --> [125]
207 --> []
208 --> []
209 --> []
210 --> []
211 (29.0432) --> [45]
212 (59.0241) --> [264]
213 (14.5440) --> [297]
214 --> []
215 --> []
216 (33.8357) --> [207]
217 (56.9791) --> [346, 355]
218 (6.2673) --> [468]
219 --> []
220 (38.4760) --> [351, 247]
221 (22.1947) --> [359]
222 (15.3389) --> [271]
223 (53.4896) --> [88]
224 (45.5135) --> [455]
225 (34.1068) --> [49]
226 --> []
227 (28.5179) --> [233, 303]
228 (25.6769) --> [282]
229 --> []
230 (20.6538) --> [89]
231 (51.5295) --> [260]
232 (30.6322) --> [380]
233 --> []
234 (48.5167) --> [326]
235 (37.4263) --> [105]
236 --> []
237 (37.3278) --> [478]
238 (38.6602) --> [347]
239 --> []
240 (59.5884) --> [265, 324]
241 --> []
242 (31.5150) --> [458]
243 (45.7945) --> [83, 231]
244 (46.8714) --> [189]
245 (47.7596) --> [322, 417]
246 --> []
247 --> []
248 (36.2117) --> [66, 429]
249 (36.1360) --> [253]
250 (6.4065) --> [116]
251 (50.1456) --> [427]
252 (39.9188) --> [397, 146]
253 (47.4129) --> [392]
254 (31.7437) --> [197]
255 (47.4107) --> [201, 79]
256 --> []
257 (61.8329) --> [142, 227]
258 --> []
259 (45.7788) --> [341, 350]
260 --> []
261 (28.7776) --> [120, 46]
262 (24.3106) --> [77]
263 (30.0516) --> [36]
264 --> []
265 (35.7919) --> [193, 42]
266 (59.2193) --> [26, 387]
267 --> []
268 --> []
269 (1.1390) --> [111]
270 (43.4897) --> [415]
271 (11.2533) --> [470]
272 (73.5646) --> [104]
273 (32.4374) --> [491]
274 --> []
275 (22.1408) --> [30, 239, 318]
276 (23.0330) --> [109, 402]
277 (7.2574) --> [59]
278 (25.2642) --> [399]
279 (33.0275) --> [277, 398]
280 (29.1631) --> [275]
281 (63.8878) --> [53, 21, 484]
282 (25.3527) --> [4, 486]
283 (35.6863) --> [24]
284 (33.8644) --> [488]
285 --> []
286 --> []
287 --> []
288 --> []
289 (20.9287) --> [20]
290 (33.4905) --> [289]
291 (24.0088) --> [261]
292 (44.7097) --> [57, 211]
293 (41.2576) --> [3]
294 (30.4770) --> [155]
295 (36.4851) --> [382]
296 --> []
297 (42.2229) --> [165]
298 --> []
299 --> []
300 (28.9771) --> [74]
301 (52.7212) --> [279]
302 --> []
303 (10.0200) --> [93, 97]
304 (27.0089) --> [213]
305 --> []
306 (22.6362) --> [1, 336]
307 (7.4504) --> [51]
308 (35.4951) --> [5, 274]
309 --> []
310 --> []
311 (23.5144) --> [309, 102, 464]
312 (17.3626) --> [58]
313 (53.0811) --> [276]
314 --> []
315 (48.9267) --> [444]
316 --> []
317 --> []
318 (30.9855) --> [331]
319 (56.8930) --> [460]
320 (10.1945) --> [154]
321 (49.1947) --> [373, 112]
322 (66.2750) --> [106]
323 (60.4617) --> [215]
324 (11.7929) --> [333]
325 (47.4722) --> [395, 117]
326 (29.8974) --> [343, 495]
327 (8.1315) --> [354]
328 --> []
329 (22.0453) --> [178]
330 (4.2300) --> [249]
331 --> []
332 (27.8045) --> [68]
333 --> []
334 (6.0594) --> [306]
335 --> []
336 (34.0180) --> [442]
337 (23.0104) --> [292]
338 (21.7138) --> [383, 70]
339 (49.7158) --> [245]
340 (16.3590) --> [202]
341 (21.5552) --> [78]
342 (21.4110) --> [385]
343 (26.2201) --> [259]
344 (51.8112) --> [195, 161]
345 (26.6402) --> [54, 232]
346 (19.6132) --> [379, 175]
347 (35.7960) --> [50]
348 (41.8445) --> [412]
349 (48.6622) --> [61, 90]
350 --> []
351 (44.1644) --> [467]
352 (17.7708) --> [422]
353 --> []
354 (41.8090) --> [493]
355 --> []
356 --> []
357 (15.0075) --> [244]
358 (61.9682) --> [162, 150, 246]
359 (51.3296) --> [438]
360 (78.6583) --> [31]
361 (35.4985) --> [301, 172]
362 (34.4008) --> [60, 52, 180]
363 (37.3620) --> [217]
364 (29.6794) --> [479]
365 --> []
366 (73.4864) --> [55, 135]
367 (63.2890) --> [64]
368 --> []
369 --> []
370 (44.2244) --> [188]
371 (22.7096) --> [203]
372 --> []
373 (42.6864) --> [349]
374 (33.4657) --> [152, 371]
375 --> []
376 (15.8829) --> [41]
377 (16.4410) --> [393, 226]
378 (10.7263) --> [302]
379 --> []
380 --> []
381 (23.5362) --> [406, 342]
382 (36.2402) --> [377]
383 (28.8018) --> [451, 25]
384 (36.0750) --> [307]
385 (33.9681) --> [381, 482]
386 --> []
387 (35.4852) --> [298, 481]
388 (20.9320) --> [312]
389 (10.5158) --> [223, 82]
390 --> []
391 (20.0531) --> [143, 469]
392 --> []
393 --> []
394 (42.3500) --> [123]
395 (38.9971) --> [140]
396 (36.4775) --> [293]
397 --> []
398 (34.7926) --> [459, 263]
399 (41.9481) --> [177]
400 (40.1292) --> [291]
401 (26.7635) --> [437, 461]
402 --> []
403 --> []
404 (45.6981) --> [6]
405 (38.1505) --> [339]
406 (39.2384) --> [156]
407 --> []
408 (27.0454) --> [273]
409 --> []
410 (42.9808) --> [456, 251]
411 (30.0880) --> [248]
412 (22.9739) --> [405, 358]
413 (31.9486) --> [434, 2, 317]
414 (43.1200) --> [454, 498]
415 (63.4482) --> [338]
416 (22.8240) --> [160]
417 (43.0718) --> [220, 19]
418 (37.7190) --> [492]
419 (25.1379) --> [440, 340]
420 (47.0483) --> [441]
421 (2.8438) --> [110]
422 (15.3167) --> [141, 477]
423 (4.3449) --> [119]
424 (21.9271) --> [390]
425 --> []
426 (35.8932) --> [473, 285]
427 (15.2052) --> [34]
428 (43.9872) --> [241]
429 (47.9985) --> [137, 238]
430 --> []
431 --> []
432 --> []
433 (47.6794) --> [452]
434 --> []
435 --> []
436 (23.0409) --> [388]
437 --> []
438 --> []
439 --> []
440 --> []
441 --> []
442 (26.2502) --> [344, 75]
443 (25.7741) --> [62]
444 (47.8421) --> [328]
445 --> []
446 (15.8488) --> [367]
447 (37.3918) --> [316]
448 (47.0776) --> [206]
449 (26.2971) --> [257]
450 (29.4965) --> [7, 480]
451 (38.1689) --> [47, 329]
452 (56.8478) --> [295, 48]
453 (50.1365) --> [72]
454 (20.3193) --> [425]
455 (25.1384) --> [483, 457]
456 (20.5230) --> [267]
457 (45.3668) --> [113]
458 (37.0681) --> [184, 170]
459 (32.8087) --> [287, 179]
460 (54.6238) --> [132, 315]
461 (22.3033) --> [410]
462 (16.2265) --> [122]
463 --> []
464 (18.1913) --> [262]
465 (14.1046) --> [37]
466 (16.3321) --> [185]
467 (18.5052) --> [389]
468 (30.4415) --> [166, 99]
469 --> []
470 (39.9181) --> [138, 229]
471 (31.9680) --> [133, 87]
472 (50.4526) --> [485, 325]
473 (47.5506) --> [432]
474 (7.2948) --> [15]
475 (41.7744) --> [128, 447]
476 (29.6576) --> [126]
477 --> []
478 (25.5911) --> [345, 214]
479 (33.7127) --> [450]
480 (37.7311) --> [29, 191]
481 (13.0605) --> [221]
482 (3.5691) --> [319]
483 (45.1738) --> [413]
484 (52.6384) --> [296, 95]
485 (50.5283) --> [198]
486 (17.5357) --> [421]
487 (40.7083) --> [134]
488 --> []
489 --> []
490 --> []
491 (40.3226) --> [98, 335]
492 (38.2180) --> [445, 489]
493 (18.1992) --> [167]
494 --> []
495 --> []
496 (46.1159) --> [268]
497 (10.8853) --> [114]
498 --> []
499 --> []

final Solution energy: 2.23444369385769E7
Calculated in 365725ms
Ants=1000, alpha=0.6, beta=3.0, evaporate factor=0.07
(for ../../mebp/mebp-12.dat)
