New best solution in iteration 0: 1.9718920887777102E9
AVG (iterations 0 to 20): 3.773555251573237E9
New best solution in iteration 28: 1.4975794446461651E9
AVG (iterations 20 to 40): 3.3667964184457407E9
AVG (iterations 40 to 60): 3.1484942386372747E9
AVG (iterations 60 to 80): 3.713260758869439E9
New best solution in iteration 82: 1.4737155434118676E9
AVG (iterations 80 to 100): 3.433641793058701E9
AVG (iterations 100 to 120): 3.39004025271519E9
AVG (iterations 120 to 140): 3.4857512977021422E9
AVG (iterations 140 to 160): 2.593358764078491E9
New best solution in iteration 167: 9.307717032935473E8
New best solution in iteration 169: 9.112363644257934E8
New best solution in iteration 170: 8.399425977742529E8
New best solution in iteration 177: 7.415966546441851E8
New best solution in iteration 179: 4.46439475000641E8
AVG (iterations 160 to 180): 1.622861417513065E9
New best solution in iteration 184: 8.728446296049066E7
New best solution in iteration 185: 8.46660821817887E7
New best solution in iteration 192: 4.327047986877823E7
New best solution in iteration 193: 3.0862487690521397E7
New best solution in iteration 197: 2.9074143261373956E7
AVG (iterations 180 to 200): 2.1414622194930345E8
New best solution in iteration 201: 2.6875261970650814E7
New best solution in iteration 208: 2.6122231465403907E7
New best solution in iteration 211: 2.5614562741799273E7
New best solution in iteration 213: 2.4389998420172587E7
New best solution in iteration 217: 2.3042605692952022E7
AVG (iterations 200 to 220): 3.7855447165072635E7
New best solution in iteration 225: 2.2471339244937286E7
AVG (iterations 220 to 240): 2.4925778098037727E7
AVG (iterations 240 to 260): 2.5335739542906936E7
AVG (iterations 260 to 280): 2.51428369712881E7
AVG (iterations 280 to 300): 2.5015080953200337E7
AVG (iterations 300 to 320): 2.445318614699037E7
AVG (iterations 320 to 340): 2.44846296397839E7
AVG (iterations 340 to 360): 2.411175668570144E7
AVG (iterations 360 to 380): 2.426349198150356E7
New best solution in iteration 388: 2.232733176997676E7
AVG (iterations 380 to 400): 2.4042963901831895E7
AVG (iterations 400 to 420): 2.3940304807359483E7
New best solution in iteration 434: 2.2122735301912434E7
AVG (iterations 420 to 440): 2.3390924328918435E7
AVG (iterations 440 to 460): 2.3640721026589997E7
AVG (iterations 460 to 480): 2.3220475025885697E7
AVG (iterations 480 to 500): 2.345268266939262E7
AVG (iterations 500 to 520): 2.3449790077227946E7
New best solution in iteration 532: 2.1776281312844254E7
AVG (iterations 520 to 540): 2.3225196065818273E7
AVG (iterations 540 to 560): 2.3540551064289372E7
AVG (iterations 560 to 580): 2.290860159008223E7
AVG (iterations 580 to 600): 2.3239199984368768E7
AVG (iterations 600 to 620): 2.325456738102791E7
AVG (iterations 620 to 640): 2.3192345030862134E7
AVG (iterations 640 to 660): 2.301343303333488E7
AVG (iterations 660 to 680): 2.2920763156531174E7
New best solution in iteration 681: 2.176289434997152E7
AVG (iterations 680 to 700): 2.2942717361785945E7
AVG (iterations 700 to 720): 2.332375172029366E7
AVG (iterations 720 to 740): 2.3069886109078944E7
AVG (iterations 740 to 760): 2.30928090634278E7
AVG (iterations 760 to 780): 2.2926177217955053E7
AVG (iterations 780 to 800): 2.300916938758526E7
AVG (iterations 800 to 820): 2.3188347423185118E7
AVG (iterations 820 to 840): 2.2823131642964773E7
AVG (iterations 840 to 860): 2.2858666995658554E7
AVG (iterations 860 to 880): 2.319826600286817E7
AVG (iterations 880 to 900): 2.3036361410202347E7
AVG (iterations 900 to 920): 2.282292114894462E7
AVG (iterations 920 to 940): 2.3055925853954114E7
AVG (iterations 940 to 960): 2.287351965218389E7
AVG (iterations 960 to 980): 2.3001286378248118E7
Solution from ACO:
0 (76.8520) --> [365, 348, 286]
1 (20.8746) --> [274]
2 (28.0261) --> [321]
3 --> []
4 (28.6599) --> [428, 300]
5 (20.7732) --> [453]
6 (27.8157) --> [400]
7 (35.6897) --> [450, 316]
8 (31.9638) --> [152, 119]
9 (13.5017) --> [384]
10 (20.0057) --> [210, 305]
11 (57.4430) --> [124]
12 (2.6634) --> [158]
13 (30.8838) --> [299, 64]
14 (35.7584) --> [144]
15 (7.2948) --> [474]
16 (10.3900) --> [361]
17 --> []
18 (23.1496) --> [208]
19 --> []
20 (68.6058) --> [104]
21 --> []
22 (32.2309) --> [199]
23 (16.3598) --> [426]
24 (44.8625) --> [375, 9]
25 (20.6404) --> [121]
26 (35.2555) --> [363]
27 (36.5409) --> [89]
28 --> []
29 (30.2369) --> [284]
30 --> []
31 --> []
32 (23.7876) --> [139]
33 --> []
34 (18.9936) --> [394]
35 (26.8023) --> [356, 95]
36 (63.1251) --> [84]
37 (41.7239) --> [388]
38 (22.5747) --> [411]
39 (13.7625) --> [308]
40 (4.4736) --> [153]
41 (15.8829) --> [376]
42 (28.5838) --> [472, 81]
43 (19.6179) --> [108]
44 (24.5382) --> [218]
45 (82.3110) --> [264, 272]
46 (21.5857) --> [159, 17]
47 (21.2656) --> [451]
48 (11.4845) --> [228]
49 (31.0729) --> [433]
50 (29.0847) --> [378, 219]
51 (34.5401) --> [33]
52 (37.5134) --> [366, 180]
53 (10.7409) --> [281]
54 (21.1802) --> [439]
55 --> []
56 (31.0887) --> [236]
57 (18.6900) --> [288, 409]
58 --> []
59 --> []
60 (30.6124) --> [52]
61 (31.6439) --> [494]
62 (19.3633) --> [190]
63 (14.5118) --> [497]
64 (27.1341) --> [196]
65 --> []
66 (40.1583) --> [53]
67 --> []
68 (20.8137) --> [96]
69 (29.6594) --> [41]
70 --> []
71 (52.9285) --> [18, 493]
72 (41.5778) --> [212]
73 (14.9335) --> [200]
74 --> []
75 (35.6568) --> [101]
76 (8.7699) --> [136]
77 --> []
78 (47.8936) --> [372]
79 --> []
80 (20.4781) --> [222]
81 --> []
82 --> []
83 (25.7445) --> [85]
84 (28.1844) --> [135, 168]
85 (29.4288) --> [463]
86 (32.3439) --> [283, 11]
87 (31.9680) --> [471]
88 (17.8105) --> [164]
89 (20.6538) --> [230]
90 (29.4874) --> [148]
91 (11.6990) --> [16]
92 (8.7733) --> [100]
93 --> []
94 (21.4311) --> [71]
95 --> []
96 (41.1026) --> [416]
97 (17.6668) --> [303, 28]
98 (39.0457) --> [491]
99 --> []
100 (36.0659) --> [14]
101 (55.6663) --> [161, 369]
102 --> []
103 (28.3115) --> [386, 353]
104 --> []
105 (19.3042) --> [63]
106 --> []
107 (66.7456) --> [146, 337]
108 (35.5726) --> [243]
109 (17.0280) --> [103]
110 (51.4084) --> [142]
111 --> []
112 (39.1380) --> [435]
113 (25.7184) --> [462, 115]
114 (24.8996) --> [362]
115 (26.0793) --> [65, 173]
116 (44.6621) --> [250, 181]
117 (52.9653) --> [341]
118 (53.7114) --> [87]
119 (4.3449) --> [423]
120 (46.6382) --> [431]
121 (37.7562) --> [130]
122 (8.2194) --> [163]
123 --> []
124 (48.0600) --> [443, 205]
125 --> []
126 (49.2223) --> [98]
127 (42.5770) --> [266, 179]
128 (53.5231) --> [323]
129 (16.4566) --> [476]
130 (55.8414) --> [23, 254]
131 (54.3838) --> [116, 255]
132 (46.1790) --> [73, 460]
133 --> []
134 --> []
135 --> []
136 (55.0762) --> [314, 360]
137 --> []
138 (48.3354) --> [364, 447]
139 (18.4757) --> [106, 131]
140 (66.0855) --> [86, 268]
141 (15.6051) --> [477]
142 (40.2786) --> [368, 357]
143 --> []
144 (23.5694) --> [352, 327]
145 (33.2272) --> [270, 440, 419]
146 (39.9188) --> [252]
147 --> []
148 (22.9765) --> [38]
149 --> []
150 (52.7289) --> [246]
151 (23.1927) --> [225]
152 (13.3363) --> [374]
153 --> []
154 --> []
155 (30.4770) --> [294]
156 --> []
157 (45.2117) --> [92, 424]
158 --> []
159 (43.0344) --> [194]
160 (63.5431) --> [489]
161 (29.8639) --> [43]
162 --> []
163 (17.2091) --> [237]
164 (38.4645) --> [235, 320]
165 (57.0250) --> [332, 183]
166 --> []
167 (31.7048) --> [80]
168 (34.1208) --> [403]
169 (33.6301) --> [330]
170 (16.8844) --> [304]
171 (15.8934) --> [88]
172 --> []
173 (39.3436) --> [414]
174 (34.2874) --> [465]
175 (21.8941) --> [22]
176 (57.0105) --> [192]
177 --> []
178 (22.0453) --> [329]
179 (53.2425) --> [459, 26]
180 (12.6094) --> [174]
181 (13.8842) --> [27]
182 (22.4183) --> [396, 147]
183 (44.3279) --> [155]
184 (33.0191) --> [170, 216]
185 --> []
186 (46.3529) --> [10]
187 (29.9289) --> [67]
188 (44.2244) --> [370]
189 (36.9182) --> [487, 420]
190 (20.1785) --> [76]
191 (16.1213) --> [430]
192 (22.6007) --> [198]
193 (52.2056) --> [176, 265, 240]
194 (35.2196) --> [169, 39]
195 --> []
196 (57.2054) --> [446]
197 (54.7055) --> [118, 187]
198 (50.5283) --> [485]
199 (23.0347) --> [157, 94]
200 --> []
201 --> []
202 --> []
203 (36.6631) --> [371, 8]
204 (21.6515) --> [99]
205 (33.1461) --> [182]
206 --> []
207 --> []
208 --> []
209 (24.0024) --> [188]
210 --> []
211 (29.0432) --> [45]
212 (62.6329) --> [15, 309]
213 (14.5440) --> [297]
214 --> []
215 --> []
216 (33.8357) --> [207]
217 (60.4814) --> [379, 490]
218 (6.2673) --> [468]
219 --> []
220 (38.4760) --> [351, 247]
221 (22.1947) --> [359]
222 (38.3428) --> [271, 229]
223 --> []
224 (45.5135) --> [455]
225 (34.1068) --> [49]
226 --> []
227 (7.2281) --> [233]
228 (25.6769) --> [282]
229 --> []
230 (30.1491) --> [171]
231 (51.5295) --> [260]
232 (30.6322) --> [380]
233 --> []
234 --> []
235 (37.4263) --> [105, 242]
236 --> []
237 (37.3278) --> [478]
238 (38.6602) --> [347]
239 (16.6147) --> [275]
240 (40.4066) --> [324, 134]
241 (45.3441) --> [256]
242 (31.5150) --> [458, 56]
243 (45.7945) --> [83, 231]
244 (40.6735) --> [448]
245 (47.7596) --> [322, 417]
246 --> []
247 --> []
248 (42.1450) --> [429, 137, 66]
249 (36.1360) --> [253]
250 --> []
251 (50.1456) --> [427, 456]
252 (3.1979) --> [397]
253 (47.4129) --> [392]
254 (31.7437) --> [197]
255 (47.4107) --> [201, 79]
256 (33.8289) --> [127]
257 --> []
258 --> []
259 (27.2279) --> [350, 343]
260 --> []
261 (23.6359) --> [120]
262 (25.9603) --> [278]
263 (30.0516) --> [36]
264 --> []
265 (35.7919) --> [42]
266 (48.4404) --> [387]
267 (57.9526) --> [444]
268 (46.1159) --> [496]
269 (25.1525) --> [111, 91]
270 (43.4897) --> [415]
271 (11.2533) --> [470]
272 --> []
273 (27.0454) --> [408]
274 --> []
275 (29.1631) --> [318, 30, 280]
276 (23.0330) --> [109]
277 (7.2574) --> [59]
278 (25.2642) --> [77, 399]
279 --> []
280 --> []
281 (63.8878) --> [21, 484]
282 (25.3527) --> [486, 4]
283 (35.6863) --> [24]
284 (33.8644) --> [488]
285 --> []
286 (21.2205) --> [151]
287 --> []
288 --> []
289 (20.9287) --> [20]
290 (33.4905) --> [289]
291 (24.0088) --> [46, 261]
292 (44.7097) --> [57, 211]
293 (41.2576) --> [3]
294 (53.0297) --> [239, 258]
295 (42.9774) --> [48, 382]
296 --> []
297 (42.2229) --> [165]
298 --> []
299 (62.8323) --> [290]
300 (28.9771) --> [74]
301 (28.9032) --> [172]
302 (40.6458) --> [35]
303 (28.5179) --> [93, 227]
304 (27.0089) --> [213]
305 --> []
306 (22.6362) --> [1, 336]
307 (7.4504) --> [51]
308 (35.4951) --> [334, 5]
309 (16.1398) --> [311]
310 --> []
311 (23.5144) --> [102, 464]
312 (17.3626) --> [58]
313 (48.5603) --> [31, 402]
314 --> []
315 --> []
316 --> []
317 (33.4709) --> [413, 466]
318 (30.9855) --> [331]
319 (3.5691) --> [482]
320 (10.1945) --> [154]
321 (49.1947) --> [373, 112]
322 (64.8302) --> [32]
323 (60.4617) --> [215]
324 (11.7929) --> [333]
325 (47.4722) --> [117, 395]
326 (48.5167) --> [234]
327 (8.1315) --> [354]
328 --> []
329 (40.2541) --> [47]
330 (4.2300) --> [249]
331 --> []
332 (27.8045) --> [68]
333 --> []
334 (6.0594) --> [12, 306]
335 --> []
336 (51.5224) --> [442, 195]
337 (23.0104) --> [292]
338 (21.7138) --> [70]
339 (49.7158) --> [245]
340 (32.5407) --> [202, 186]
341 (45.7788) --> [78, 259]
342 --> []
343 (30.0283) --> [326, 495]
344 --> []
345 (26.6402) --> [232, 54]
346 (17.7767) --> [407]
347 (35.7960) --> [50]
348 (34.0160) --> [405]
349 (48.6622) --> [90, 61]
350 --> []
351 (44.1644) --> [467]
352 (17.7708) --> [422]
353 --> []
354 --> []
355 (36.3151) --> [217]
356 --> []
357 (15.0075) --> [244]
358 (36.1851) --> [162, 404]
359 (76.2445) --> [438, 40]
360 --> []
361 (30.7288) --> [301]
362 (13.2780) --> [60]
363 --> []
364 (29.6794) --> [479]
365 (61.2789) --> [107]
366 (55.6947) --> [55]
367 --> []
368 (36.6987) --> [97]
369 --> []
370 (13.9051) --> [203]
371 --> []
372 (10.0802) --> [129]
373 (42.6864) --> [349]
374 (33.5716) --> [132]
375 --> []
376 --> []
377 (16.4410) --> [393, 226]
378 (10.7263) --> [302]
379 (15.6321) --> [346]
380 --> []
381 (23.5362) --> [385, 406, 342]
382 (36.2402) --> [377]
383 (28.8018) --> [338, 25]
384 (36.0750) --> [307]
385 (35.7145) --> [319]
386 --> []
387 (35.4852) --> [298, 481]
388 (23.0409) --> [312, 436]
389 (10.5158) --> [223, 82]
390 (32.8123) --> [381]
391 (20.0531) --> [143, 469]
392 --> []
393 --> []
394 (42.3500) --> [123]
395 (38.9971) --> [140]
396 (36.4775) --> [293]
397 --> []
398 (33.7623) --> [279, 277, 263]
399 (39.2691) --> [145]
400 (40.1292) --> [291]
401 (15.6510) --> [437]
402 (11.1112) --> [276]
403 --> []
404 (45.8960) --> [6, 150]
405 (38.1505) --> [339, 412]
406 (39.2384) --> [156]
407 (15.0554) --> [175]
408 (30.0194) --> [204]
409 --> []
410 (42.1135) --> [251]
411 (30.0880) --> [248]
412 (22.9739) --> [358]
413 (31.9486) --> [434, 2]
414 (11.2057) --> [454]
415 --> []
416 (22.8240) --> [160]
417 (43.0718) --> [220, 19]
418 (23.6187) --> [209]
419 (25.6447) --> [340, 177]
420 (47.0483) --> [441]
421 (33.4713) --> [110, 449]
422 (15.3167) --> [141]
423 --> []
424 (21.9271) --> [390]
425 --> []
426 (35.8932) --> [473, 285]
427 (15.2052) --> [34]
428 (43.9872) --> [241]
429 (47.9985) --> [238]
430 (68.6502) --> [149]
431 --> []
432 --> []
433 (62.8669) --> [452, 269]
434 (40.4967) --> [310]
435 --> []
436 --> []
437 --> []
438 (63.3617) --> [499]
439 --> []
440 --> []
441 --> []
442 (26.2502) --> [344, 75]
443 (25.7741) --> [62]
444 (47.8421) --> [328]
445 (21.4224) --> [418]
446 (44.4041) --> [367, 125]
447 (20.4373) --> [475]
448 (47.0776) --> [189, 206]
449 (26.2971) --> [257]
450 (29.4965) --> [480]
451 (9.3714) --> [383]
452 (20.9086) --> [295]
453 (50.1365) --> [72]
454 (46.3852) --> [425, 498]
455 (25.1384) --> [457, 483]
456 (20.5230) --> [267]
457 (45.3668) --> [113]
458 (6.3713) --> [184]
459 (34.7926) --> [287, 398]
460 (54.6238) --> [315]
461 (26.7635) --> [401, 410]
462 (16.2265) --> [122]
463 --> []
464 (18.1913) --> [262]
465 (14.1046) --> [37]
466 (16.3321) --> [185]
467 (18.5052) --> [389]
468 (8.5306) --> [166]
469 (68.6267) --> [313]
470 (39.9181) --> [138]
471 (60.6512) --> [133, 13, 224]
472 (41.6154) --> [325]
473 (47.5506) --> [432]
474 (37.4080) --> [178]
475 (41.7744) --> [128]
476 (29.6576) --> [126]
477 (43.6293) --> [461]
478 (25.5911) --> [345, 214]
479 (31.6259) --> [7]
480 (37.7311) --> [191, 29]
481 (46.9933) --> [221, 355]
482 --> []
483 (55.4109) --> [317]
484 (43.7617) --> [296]
485 --> []
486 (17.5357) --> [421]
487 --> []
488 --> []
489 (38.2180) --> [492]
490 --> []
491 (40.3226) --> [335, 273]
492 (36.8278) --> [445]
493 (18.1992) --> [167]
494 (15.1558) --> [44]
495 --> []
496 (32.2115) --> [69, 391]
497 (10.8853) --> [114]
498 --> []
499 (5.9539) --> [193]

Solution energy from ACO: 2.176289434997152E7
trying to improve with local search...
final Solution:
0 (76.8520) --> [365, 348, 286]
1 (20.8746) --> [274]
2 (28.0261) --> [321]
3 --> []
4 (28.6599) --> [428, 300]
5 (20.7732) --> [453]
6 (27.8157) --> [400]
7 (35.6897) --> [450, 316]
8 (31.9638) --> [152, 119]
9 (13.5017) --> [384]
10 (20.0057) --> [210, 305]
11 (57.4430) --> [124]
12 (2.6634) --> [158]
13 (30.8838) --> [299, 64]
14 (35.7584) --> [144]
15 (7.2948) --> [474]
16 (10.3900) --> [361]
17 --> []
18 (23.1496) --> [208]
19 --> []
20 (68.6058) --> [104]
21 --> []
22 (32.2309) --> [199]
23 (16.3598) --> [426]
24 (44.8625) --> [375, 9]
25 (20.6404) --> [121]
26 (35.2555) --> [363]
27 (36.5409) --> [89]
28 --> []
29 (30.2369) --> [284]
30 --> []
31 --> []
32 (23.7876) --> [139]
33 --> []
34 (18.9936) --> [394]
35 (26.8023) --> [356, 95]
36 (63.1251) --> [84]
37 (41.7239) --> [388]
38 (22.5747) --> [411]
39 (13.7625) --> [308]
40 (4.4736) --> [153]
41 (15.8829) --> [376]
42 (28.5838) --> [472, 81]
43 (19.6179) --> [108]
44 (24.5382) --> [218]
45 (82.3110) --> [264, 272]
46 (21.5857) --> [159, 17]
47 (21.2656) --> [451]
48 (11.4845) --> [228]
49 (31.0729) --> [433]
50 (29.0847) --> [378, 219]
51 (34.5401) --> [33]
52 (37.5134) --> [366, 180]
53 (10.7409) --> [281]
54 (21.1802) --> [439]
55 --> []
56 (31.0887) --> [236]
57 (18.6900) --> [288, 409]
58 --> []
59 --> []
60 (30.6124) --> [52]
61 (31.6439) --> [494]
62 (19.3633) --> [190]
63 (14.5118) --> [497]
64 (27.1341) --> [196]
65 --> []
66 (40.1583) --> [53]
67 --> []
68 (20.8137) --> [96]
69 (29.6594) --> [41]
70 --> []
71 (52.9285) --> [18, 493]
72 (41.5778) --> [212]
73 (14.9335) --> [200]
74 --> []
75 (35.6568) --> [101]
76 (8.7699) --> [136]
77 --> []
78 (47.8936) --> [372]
79 --> []
80 (20.4781) --> [222]
81 --> []
82 --> []
83 (25.7445) --> [85]
84 (28.1844) --> [135, 168]
85 (29.4288) --> [463]
86 (32.3439) --> [283, 11]
87 (31.9680) --> [471]
88 (17.8105) --> [164]
89 (20.6538) --> [230]
90 (29.4874) --> [148]
91 (11.6990) --> [16]
92 (8.7733) --> [100]
93 --> []
94 (21.4311) --> [71]
95 --> []
96 (41.1026) --> [416]
97 (17.6668) --> [303, 28]
98 (39.0457) --> [491]
99 --> []
100 (36.0659) --> [14]
101 (55.6663) --> [161, 369]
102 --> []
103 (28.3115) --> [386, 353]
104 --> []
105 (19.3042) --> [63]
106 --> []
107 (66.7456) --> [146, 337]
108 (35.5726) --> [243]
109 (17.0280) --> [103]
110 (51.4084) --> [142]
111 --> []
112 (39.1380) --> [435]
113 (25.7184) --> [462, 115]
114 (24.8996) --> [362]
115 (26.0793) --> [65, 173]
116 (44.6621) --> [250, 181]
117 (52.9653) --> [341]
118 (53.7114) --> [87]
119 (4.3449) --> [423]
120 (46.6382) --> [431]
121 (37.7562) --> [130]
122 (8.2194) --> [163]
123 --> []
124 (48.0600) --> [443, 205]
125 --> []
126 (49.2223) --> [98]
127 (42.5770) --> [266, 179]
128 (53.5231) --> [323]
129 (16.4566) --> [476]
130 (55.8414) --> [23, 254]
131 (54.3838) --> [116, 255]
132 (46.1790) --> [73, 460]
133 --> []
134 --> []
135 --> []
136 (55.0762) --> [314, 360]
137 --> []
138 (48.3354) --> [364, 447]
139 (18.4757) --> [106, 131]
140 (66.0855) --> [86, 268]
141 (15.6051) --> [477]
142 (40.2786) --> [368, 357]
143 --> []
144 (23.5694) --> [352, 327]
145 (33.2272) --> [270, 440, 419]
146 (39.9188) --> [252]
147 --> []
148 (22.9765) --> [38]
149 --> []
150 (52.7289) --> [246]
151 (23.1927) --> [225]
152 (13.3363) --> [374]
153 --> []
154 --> []
155 (30.4770) --> [294]
156 --> []
157 (45.2117) --> [92, 424]
158 --> []
159 (43.0344) --> [194]
160 (63.5431) --> [489]
161 (29.8639) --> [43]
162 --> []
163 (17.2091) --> [237]
164 (38.4645) --> [235, 320]
165 (57.0250) --> [332, 183]
166 --> []
167 (31.7048) --> [80]
168 (34.1208) --> [403]
169 (33.6301) --> [330]
170 (16.8844) --> [304]
171 (15.8934) --> [88]
172 --> []
173 (39.3436) --> [414]
174 (34.2874) --> [465]
175 (21.8941) --> [22]
176 (57.0105) --> [192]
177 --> []
178 (22.0453) --> [329]
179 (53.2425) --> [459, 26]
180 (12.6094) --> [174]
181 (13.8842) --> [27]
182 (22.4183) --> [396, 147]
183 (44.3279) --> [155]
184 (33.0191) --> [170, 216]
185 --> []
186 (46.3529) --> [10]
187 (29.9289) --> [67]
188 (44.2244) --> [370]
189 (36.9182) --> [487, 420]
190 (20.1785) --> [76]
191 (16.1213) --> [430]
192 (22.6007) --> [198]
193 (52.2056) --> [176, 265, 240]
194 (35.2196) --> [169, 39]
195 --> []
196 (57.2054) --> [446]
197 (54.7055) --> [118, 187]
198 (50.5283) --> [485]
199 (23.0347) --> [157, 94]
200 --> []
201 --> []
202 --> []
203 (36.6631) --> [371, 8]
204 (21.6515) --> [99]
205 (33.1461) --> [182]
206 --> []
207 --> []
208 --> []
209 (24.0024) --> [188]
210 --> []
211 (29.0432) --> [45]
212 (62.6329) --> [15, 309]
213 (14.5440) --> [297]
214 --> []
215 --> []
216 (33.8357) --> [207]
217 (60.4814) --> [379, 490]
218 (6.2673) --> [468]
219 --> []
220 (38.4760) --> [351, 247]
221 (22.1947) --> [359]
222 (38.3428) --> [271, 229]
223 --> []
224 (45.5135) --> [455]
225 (34.1068) --> [49]
226 --> []
227 (7.2281) --> [233]
228 (25.6769) --> [282]
229 --> []
230 (30.1491) --> [171]
231 (51.5295) --> [260]
232 (30.6322) --> [380]
233 --> []
234 --> []
235 (37.4263) --> [105, 242]
236 --> []
237 (37.3278) --> [478]
238 (38.6602) --> [347]
239 (16.6147) --> [275]
240 (40.4066) --> [324, 134]
241 (45.3441) --> [256]
242 (31.5150) --> [458, 56]
243 (45.7945) --> [83, 231]
244 (40.6735) --> [448]
245 (47.7596) --> [322, 417]
246 --> []
247 --> []
248 (42.1450) --> [429, 137, 66]
249 (36.1360) --> [253]
250 --> []
251 (50.1456) --> [427, 456]
252 (3.1979) --> [397]
253 (47.4129) --> [392]
254 (31.7437) --> [197]
255 (47.4107) --> [201, 79]
256 (33.8289) --> [127]
257 --> []
258 --> []
259 (27.2279) --> [350, 343]
260 --> []
261 (23.6359) --> [120]
262 (25.9603) --> [278]
263 (30.0516) --> [36]
264 --> []
265 (35.7919) --> [42]
266 (48.4404) --> [387]
267 (57.9526) --> [444]
268 (46.1159) --> [496]
269 (25.1525) --> [111, 91]
270 (43.4897) --> [415]
271 (11.2533) --> [470]
272 --> []
273 (27.0454) --> [408]
274 --> []
275 (29.1631) --> [318, 30, 280]
276 (23.0330) --> [109]
277 (7.2574) --> [59]
278 (25.2642) --> [77, 399]
279 --> []
280 --> []
281 (63.8878) --> [21, 484]
282 (25.3527) --> [486, 4]
283 (35.6863) --> [24]
284 (33.8644) --> [488]
285 --> []
286 (21.2205) --> [151]
287 --> []
288 --> []
289 (20.9287) --> [20]
290 (33.4905) --> [289]
291 (24.0088) --> [46, 261]
292 (44.7097) --> [57, 211]
293 (41.2576) --> [3]
294 (53.0297) --> [239, 258]
295 (42.9774) --> [48, 382]
296 --> []
297 (42.2229) --> [165]
298 --> []
299 (62.8323) --> [290]
300 (28.9771) --> [74]
301 (28.9032) --> [172]
302 (40.6458) --> [35]
303 (28.5179) --> [93, 227]
304 (27.0089) --> [213]
305 --> []
306 (22.6362) --> [1, 336]
307 (7.4504) --> [51]
308 (35.4951) --> [334, 5]
309 (16.1398) --> [311]
310 --> []
311 (23.5144) --> [102, 464]
312 (17.3626) --> [58]
313 (48.5603) --> [31, 402]
314 --> []
315 --> []
316 --> []
317 (33.4709) --> [413, 466]
318 (30.9855) --> [331]
319 (3.5691) --> [482]
320 (10.1945) --> [154]
321 (49.1947) --> [373, 112]
322 (64.8302) --> [32]
323 (60.4617) --> [215]
324 (11.7929) --> [333]
325 (47.4722) --> [117, 395]
326 (48.5167) --> [234]
327 (8.1315) --> [354]
328 --> []
329 (40.2541) --> [47]
330 (4.2300) --> [249]
331 --> []
332 (27.8045) --> [68]
333 --> []
334 (6.0594) --> [12, 306]
335 --> []
336 (51.5224) --> [442, 195]
337 (23.0104) --> [292]
338 (21.7138) --> [70]
339 (49.7158) --> [245]
340 (32.5407) --> [202, 186]
341 (45.7788) --> [78, 259]
342 --> []
343 (30.0283) --> [326, 495]
344 --> []
345 (26.6402) --> [232, 54]
346 (17.7767) --> [407]
347 (35.7960) --> [50]
348 (34.0160) --> [405]
349 (48.6622) --> [90, 61]
350 --> []
351 (44.1644) --> [467]
352 (17.7708) --> [422]
353 --> []
354 --> []
355 (36.3151) --> [217]
356 --> []
357 (15.0075) --> [244]
358 (36.1851) --> [162, 404]
359 (76.2445) --> [438, 40]
360 --> []
361 (30.7288) --> [301]
362 (13.2780) --> [60]
363 --> []
364 (29.6794) --> [479]
365 (61.2789) --> [107]
366 (55.6947) --> [55]
367 --> []
368 (36.6987) --> [97]
369 --> []
370 (13.9051) --> [203]
371 --> []
372 (10.0802) --> [129]
373 (42.6864) --> [349]
374 (33.5716) --> [132]
375 --> []
376 --> []
377 (16.4410) --> [393, 226]
378 (10.7263) --> [302]
379 (15.6321) --> [346]
380 --> []
381 (23.5362) --> [385, 406, 342]
382 (36.2402) --> [377]
383 (28.8018) --> [338, 25]
384 (36.0750) --> [307]
385 (35.7145) --> [319]
386 --> []
387 (35.4852) --> [298, 481]
388 (23.0409) --> [312, 436]
389 (10.5158) --> [223, 82]
390 (32.8123) --> [381]
391 (20.0531) --> [143, 469]
392 --> []
393 --> []
394 (42.3500) --> [123]
395 (38.9971) --> [140]
396 (36.4775) --> [293]
397 --> []
398 (33.7623) --> [279, 277, 263]
399 (39.2691) --> [145]
400 (40.1292) --> [291]
401 (15.6510) --> [437]
402 (11.1112) --> [276]
403 --> []
404 (45.8960) --> [6, 150]
405 (38.1505) --> [339, 412]
406 (39.2384) --> [156]
407 (15.0554) --> [175]
408 (30.0194) --> [204]
409 --> []
410 (42.1135) --> [251]
411 (30.0880) --> [248]
412 (22.9739) --> [358]
413 (31.9486) --> [434, 2]
414 (11.2057) --> [454]
415 --> []
416 (22.8240) --> [160]
417 (43.0718) --> [220, 19]
418 (23.6187) --> [209]
419 (25.6447) --> [340, 177]
420 (47.0483) --> [441]
421 (33.4713) --> [110, 449]
422 (15.3167) --> [141]
423 --> []
424 (21.9271) --> [390]
425 --> []
426 (35.8932) --> [473, 285]
427 (15.2052) --> [34]
428 (43.9872) --> [241]
429 (47.9985) --> [238]
430 (68.6502) --> [149]
431 --> []
432 --> []
433 (62.8669) --> [452, 269]
434 (40.4967) --> [310]
435 --> []
436 --> []
437 --> []
438 (63.3617) --> [499]
439 --> []
440 --> []
441 --> []
442 (26.2502) --> [344, 75]
443 (25.7741) --> [62]
444 (47.8421) --> [328]
445 (21.4224) --> [418]
446 (44.4041) --> [367, 125]
447 (20.4373) --> [475]
448 (47.0776) --> [189, 206]
449 (26.2971) --> [257]
450 (29.4965) --> [480]
451 (9.3714) --> [383]
452 (20.9086) --> [295]
453 (50.1365) --> [72]
454 (46.3852) --> [425, 498]
455 (25.1384) --> [457, 483]
456 (20.5230) --> [267]
457 (45.3668) --> [113]
458 (6.3713) --> [184]
459 (34.7926) --> [287, 398]
460 (54.6238) --> [315]
461 (26.7635) --> [401, 410]
462 (16.2265) --> [122]
463 --> []
464 (18.1913) --> [262]
465 (14.1046) --> [37]
466 (16.3321) --> [185]
467 (18.5052) --> [389]
468 (8.5306) --> [166]
469 (68.6267) --> [313]
470 (39.9181) --> [138]
471 (60.6512) --> [133, 13, 224]
472 (41.6154) --> [325]
473 (47.5506) --> [432]
474 (37.4080) --> [178]
475 (41.7744) --> [128]
476 (29.6576) --> [126]
477 (43.6293) --> [461]
478 (25.5911) --> [345, 214]
479 (31.6259) --> [7]
480 (37.7311) --> [191, 29]
481 (46.9933) --> [221, 355]
482 --> []
483 (55.4109) --> [317]
484 (43.7617) --> [296]
485 --> []
486 (17.5357) --> [421]
487 --> []
488 --> []
489 (38.2180) --> [492]
490 --> []
491 (40.3226) --> [335, 273]
492 (36.8278) --> [445]
493 (18.1992) --> [167]
494 (15.1558) --> [44]
495 --> []
496 (32.2115) --> [69, 391]
497 (10.8853) --> [114]
498 --> []
499 (5.9539) --> [193]

final Solution energy: 2.176289434997152E7
Calculated in 364476ms
Ants=1000, alpha=0.6, beta=3.0, evaporate factor=0.07
(for ../../mebp/mebp-12.dat)
