New best solution in iteration 0: 566040.4907980505
New best solution in iteration 1: 208059.53088941972
New best solution in iteration 3: 176510.81363752516
New best solution in iteration 7: 173135.81363752516
AVG (iterations 0 to 20): 554218.0703483389
AVG (iterations 20 to 40): 711617.9744327546
AVG (iterations 40 to 60): 620423.7873348915
AVG (iterations 60 to 80): 665356.323767775
AVG (iterations 80 to 100): 526440.1081225197
AVG (iterations 100 to 120): 323543.01217882364
AVG (iterations 120 to 140): 226478.2258384487
New best solution in iteration 145: 160885.81363752516
AVG (iterations 140 to 160): 176596.7034193002
AVG (iterations 160 to 180): 172479.5636375252
AVG (iterations 180 to 200): 172754.5636375252
AVG (iterations 200 to 220): 173873.3136375252
AVG (iterations 220 to 240): 174042.0636375252
AVG (iterations 240 to 260): 174885.8136375252
AVG (iterations 260 to 280): 173092.0636375252
AVG (iterations 280 to 300): 173092.0636375252
AVG (iterations 300 to 320): 171698.3136375252
AVG (iterations 320 to 340): 174042.0636375252
AVG (iterations 340 to 360): 172817.0636375252
AVG (iterations 360 to 380): 170748.3136375252
AVG (iterations 380 to 400): 174548.3136375252
AVG (iterations 400 to 420): 172692.0636375252
AVG (iterations 420 to 440): 172523.3136375252
AVG (iterations 440 to 460): 173135.8136375252
AVG (iterations 460 to 480): 173135.8136375252
AVG (iterations 480 to 500): 173135.8136375252
AVG (iterations 500 to 520): 173135.8136375252
AVG (iterations 520 to 540): 173135.8136375252
AVG (iterations 540 to 560): 173135.8136375252
AVG (iterations 560 to 580): 173135.8136375252
AVG (iterations 580 to 600): 173135.8136375252
AVG (iterations 600 to 620): 173135.8136375252
AVG (iterations 620 to 640): 173135.8136375252
AVG (iterations 640 to 660): 173135.8136375252
AVG (iterations 660 to 680): 173135.8136375252
AVG (iterations 680 to 700): 173135.8136375252
AVG (iterations 700 to 720): 173135.8136375252
AVG (iterations 720 to 740): 173135.8136375252
AVG (iterations 740 to 760): 173135.8136375252
AVG (iterations 760 to 780): 173135.8136375252
AVG (iterations 780 to 800): 173135.8136375252
AVG (iterations 800 to 820): 173135.8136375252
AVG (iterations 820 to 840): 173135.8136375252
AVG (iterations 840 to 860): 173135.8136375252
AVG (iterations 860 to 880): 173135.8136375252
AVG (iterations 880 to 900): 173135.8136375252
AVG (iterations 900 to 920): 173135.8136375252
AVG (iterations 920 to 940): 173135.8136375252
AVG (iterations 940 to 960): 173135.8136375252
AVG (iterations 960 to 980): 173135.8136375252
Solution from ACO:
0 (46.0977) --> [1, 3, 4]
1 (15.0000) --> [2]
2 --> []
3 --> []
4 (39.0512) --> [6, 5]
5 --> []
6 --> []

Solution energy from ACO: 160885.81363752516
trying to improve with local search...
final Solution:
0 (46.0977) --> [1, 3, 4]
1 (15.0000) --> [2]
2 --> []
3 --> []
4 (39.0512) --> [6, 5]
5 --> []
6 --> []

final Solution energy: 160885.81363752516
Calculated in 774ms
Ants=1000, alpha=0.6, beta=3.0, evaporate factor=0.07
(for ../../mebp/mebp-00.dat)
