New best solution in iteration 0: 1.6229969702623332E9
New best solution in iteration 3: 9.246454235341871E8
New best solution in iteration 6: 8.273409530450319E8
New best solution in iteration 11: 6.514452904347067E8
New best solution in iteration 13: 5.982911560244185E8
AVG (iterations 0 to 20): 1.3048029874827898E9
New best solution in iteration 28: 4.139846487490652E8
AVG (iterations 20 to 40): 1.2187683342098022E9
AVG (iterations 40 to 60): 1.2418515678606315E9
New best solution in iteration 72: 3.3316860384380865E8
AVG (iterations 60 to 80): 9.224849539033501E8
AVG (iterations 80 to 100): 1.2851603582533474E9
AVG (iterations 100 to 120): 1.3595884113724432E9
AVG (iterations 120 to 140): 1.0183950713314806E9
New best solution in iteration 153: 2.3596827937392244E8
New best solution in iteration 155: 1.4116037068677366E8
New best solution in iteration 157: 1.3644266173401305E8
AVG (iterations 140 to 160): 6.220271489031155E8
New best solution in iteration 171: 1.3032158071439534E8
New best solution in iteration 180: 1.2675804454813357E8
AVG (iterations 160 to 180): 2.5922046741460794E8
New best solution in iteration 182: 1.1443931239678645E8
New best solution in iteration 185: 9.779200957448047E7
New best solution in iteration 188: 9.604919471593241E7
AVG (iterations 180 to 200): 1.7654606368407184E8
AVG (iterations 200 to 220): 1.1614894745008855E8
New best solution in iteration 223: 8.681752467462276E7
AVG (iterations 220 to 240): 1.085129358094372E8
AVG (iterations 240 to 260): 1.0279903549390769E8
AVG (iterations 260 to 280): 1.0379603386715439E8
AVG (iterations 280 to 300): 1.0092959561959071E8
AVG (iterations 300 to 320): 1.0138501163799466E8
AVG (iterations 320 to 340): 9.94433206776884E7
New best solution in iteration 347: 8.347894921231441E7
AVG (iterations 340 to 360): 9.648006083394143E7
AVG (iterations 360 to 380): 9.443871243571177E7
New best solution in iteration 388: 8.24812423521409E7
AVG (iterations 380 to 400): 9.767232081735641E7
AVG (iterations 400 to 420): 9.905718574524315E7
AVG (iterations 420 to 440): 9.664846357143508E7
New best solution in iteration 449: 8.147679850826156E7
AVG (iterations 440 to 460): 9.566673736642969E7
AVG (iterations 460 to 480): 9.825142907021098E7
AVG (iterations 480 to 500): 1.0017263614381608E8
AVG (iterations 500 to 520): 9.985509641404502E7
AVG (iterations 520 to 540): 9.832368985681245E7
AVG (iterations 540 to 560): 9.59152800071929E7
AVG (iterations 560 to 580): 1.0100482749915454E8
AVG (iterations 580 to 600): 9.8119610289197E7
AVG (iterations 600 to 620): 9.674175229466346E7
AVG (iterations 620 to 640): 9.628638241810827E7
AVG (iterations 640 to 660): 9.624363113312006E7
AVG (iterations 660 to 680): 9.944908513775511E7
AVG (iterations 680 to 700): 9.920088770246933E7
AVG (iterations 700 to 720): 9.764842803093095E7
AVG (iterations 720 to 740): 9.701505858837071E7
AVG (iterations 740 to 760): 9.739250847064355E7
AVG (iterations 760 to 780): 9.924435415130946E7
AVG (iterations 780 to 800): 9.930761358498259E7
AVG (iterations 800 to 820): 9.615623434116893E7
New best solution in iteration 832: 8.12952248011593E7
AVG (iterations 820 to 840): 9.57858897203273E7
AVG (iterations 840 to 860): 9.743794286286154E7
AVG (iterations 860 to 880): 9.576487130636421E7
AVG (iterations 880 to 900): 9.975649701253507E7
AVG (iterations 900 to 920): 9.614643357445005E7
AVG (iterations 920 to 940): 9.458103962487586E7
AVG (iterations 940 to 960): 9.97078377654751E7
AVG (iterations 960 to 980): 9.674229877673976E7
Solution from ACO:
0 (169.9639) --> [3, 11, 13]
1 (48.5878) --> [23]
2 (116.0373) --> [42]
3 (109.5562) --> [41]
4 (83.4416) --> [38, 32]
5 (103.1818) --> [18, 33]
6 --> []
7 (162.1235) --> [27]
8 --> []
9 (166.9317) --> [10]
10 --> []
11 (166.1663) --> [28, 26]
12 (143.9814) --> [9, 24]
13 --> []
14 --> []
15 (146.9264) --> [17]
16 (109.3714) --> [8, 20]
17 (76.7730) --> [40]
18 --> []
19 --> []
20 (18.0854) --> [34]
21 (122.4118) --> [46, 4]
22 (81.8189) --> [19]
23 (309.7533) --> [7, 14]
24 --> []
25 --> []
26 (51.5190) --> [30]
27 (70.3416) --> [44]
28 --> []
29 --> []
30 --> []
31 (48.2017) --> [37]
32 (119.5027) --> [22, 12]
33 (89.7049) --> [6]
34 (112.7181) --> [35, 21]
35 (148.5170) --> [5, 45]
36 (27.8657) --> [29]
37 --> []
38 --> []
39 --> []
40 (103.4176) --> [1]
41 (126.7247) --> [15, 36]
42 (159.0254) --> [31, 48]
43 --> []
44 (120.3865) --> [2]
45 --> []
46 (77.2109) --> [49, 47]
47 (56.9242) --> [43]
48 (88.1778) --> [39, 16]
49 (57.9581) --> [25]

Solution energy from ACO: 8.12952248011593E7
trying to improve with local search...
final Solution:
0 (169.9639) --> [3, 11, 13]
1 (48.5878) --> [23]
2 (116.0373) --> [42]
3 (109.5562) --> [41]
4 (83.4416) --> [38, 32]
5 (103.1818) --> [18, 33]
6 --> []
7 (162.1235) --> [27]
8 --> []
9 (166.9317) --> [10]
10 --> []
11 (166.1663) --> [28, 26]
12 (143.9814) --> [9, 24]
13 --> []
14 --> []
15 (146.9264) --> [17]
16 (109.3714) --> [8, 20]
17 (76.7730) --> [40]
18 --> []
19 --> []
20 (18.0854) --> [34]
21 (122.4118) --> [46, 4]
22 (81.8189) --> [19]
23 (309.7533) --> [7, 14]
24 --> []
25 --> []
26 (51.5190) --> [30]
27 (70.3416) --> [44]
28 --> []
29 --> []
30 --> []
31 (48.2017) --> [37]
32 (119.5027) --> [22, 12]
33 (89.7049) --> [6]
34 (112.7181) --> [35, 21]
35 (148.5170) --> [5, 45]
36 (27.8657) --> [29]
37 --> []
38 --> []
39 --> []
40 (103.4176) --> [1]
41 (126.7247) --> [15, 36]
42 (159.0254) --> [31, 48]
43 --> []
44 (120.3865) --> [2]
45 --> []
46 (77.2109) --> [49, 47]
47 (56.9242) --> [43]
48 (88.1778) --> [39, 16]
49 (57.9581) --> [25]

final Solution energy: 8.12952248011593E7
Calculated in 1926ms
Ants=1000, alpha=0.6, beta=3.0, evaporate factor=0.07
(for ../../mebp/mebp-04.dat)
