New best solution in iteration 0: 3.528361804563334E9
New best solution in iteration 1: 1.944209144565433E9
New best solution in iteration 3: 1.3576539899102612E9
AVG (iterations 0 to 20): 2.4770834817770424E9
New best solution in iteration 28: 1.1649593721199143E9
AVG (iterations 20 to 40): 2.628139852348132E9
New best solution in iteration 42: 1.090611732518462E9
AVG (iterations 40 to 60): 2.2672786571645913E9
AVG (iterations 60 to 80): 2.385056510295625E9
AVG (iterations 80 to 100): 2.4870766052578297E9
AVG (iterations 100 to 120): 2.36961842834752E9
AVG (iterations 120 to 140): 2.622802048560201E9
New best solution in iteration 149: 1.017767950032587E9
New best solution in iteration 157: 1.0098115862166647E9
AVG (iterations 140 to 160): 1.9364119742877617E9
New best solution in iteration 164: 6.373126951225458E8
New best solution in iteration 167: 5.718347848986243E8
New best solution in iteration 168: 5.0275489288876253E8
New best solution in iteration 173: 1.548671494508394E8
New best solution in iteration 178: 1.2128755865143557E8
AVG (iterations 160 to 180): 7.084118843916396E8
New best solution in iteration 182: 7.132552497184275E7
New best solution in iteration 184: 5.193136620534222E7
New best solution in iteration 193: 4.862067085311934E7
New best solution in iteration 194: 4.741010708472325E7
New best solution in iteration 195: 4.5880131600739546E7
AVG (iterations 180 to 200): 9.418777045850395E7
New best solution in iteration 208: 4.384942303284573E7
New best solution in iteration 211: 4.114783997174036E7
AVG (iterations 200 to 220): 8.918964167945397E7
New best solution in iteration 223: 3.689284054980576E7
AVG (iterations 220 to 240): 4.223562640445219E7
AVG (iterations 240 to 260): 4.2086894415333524E7
AVG (iterations 260 to 280): 4.196212588119055E7
AVG (iterations 280 to 300): 4.0802229735181764E7
AVG (iterations 300 to 320): 4.076178927614087E7
New best solution in iteration 334: 3.497927159141218E7
AVG (iterations 320 to 340): 3.890400352329639E7
AVG (iterations 340 to 360): 3.892888815434857E7
AVG (iterations 360 to 380): 3.821642846628165E7
AVG (iterations 380 to 400): 3.7883264849735186E7
AVG (iterations 400 to 420): 3.743807255124251E7
AVG (iterations 420 to 440): 3.759501557997387E7
AVG (iterations 440 to 460): 3.818058644326214E7
AVG (iterations 460 to 480): 3.735182341640142E7
New best solution in iteration 495: 3.476735305970033E7
AVG (iterations 480 to 500): 3.6225164699706316E7
New best solution in iteration 502: 3.4617757420951515E7
New best solution in iteration 503: 3.4214675027214065E7
AVG (iterations 500 to 520): 3.622222040179082E7
AVG (iterations 520 to 540): 3.6607025354004875E7
AVG (iterations 540 to 560): 3.6383253547235906E7
AVG (iterations 560 to 580): 3.625500129689823E7
AVG (iterations 580 to 600): 3.582823717329042E7
AVG (iterations 600 to 620): 3.701323066144662E7
New best solution in iteration 633: 3.373986200303179E7
AVG (iterations 620 to 640): 3.610874413652293E7
AVG (iterations 640 to 660): 3.655984127847302E7
AVG (iterations 660 to 680): 3.677302456900094E7
AVG (iterations 680 to 700): 3.6865592064591706E7
AVG (iterations 700 to 720): 3.650859287640108E7
AVG (iterations 720 to 740): 3.680434645789078E7
AVG (iterations 740 to 760): 3.704509424356439E7
AVG (iterations 760 to 780): 3.650874133162393E7
AVG (iterations 780 to 800): 3.6286785822667554E7
AVG (iterations 800 to 820): 3.685460476952634E7
AVG (iterations 820 to 840): 3.7010604532593474E7
AVG (iterations 840 to 860): 3.69276229935288E7
AVG (iterations 860 to 880): 3.6976789627461195E7
AVG (iterations 880 to 900): 3.679172080062721E7
AVG (iterations 900 to 920): 3.696241060009897E7
AVG (iterations 920 to 940): 3.624914191172689E7
AVG (iterations 940 to 960): 3.598907003822022E7
AVG (iterations 960 to 980): 3.645462838440065E7
Solution from ACO:
0 (62.8506) --> [3, 49, 185]
1 (68.3521) --> [169, 181]
2 (77.0372) --> [4]
3 (61.9340) --> [83]
4 (26.6805) --> [199]
5 --> []
6 (87.8758) --> [124]
7 (14.9736) --> [98]
8 --> []
9 (30.1402) --> [59, 43]
10 --> []
11 (65.2901) --> [50]
12 (68.7508) --> [189]
13 (26.4194) --> [108, 178]
14 (83.6962) --> [131]
15 (70.2932) --> [183, 21]
16 (32.6103) --> [45, 44]
17 --> []
18 --> []
19 (60.6747) --> [172, 95]
20 (48.1023) --> [117]
21 (33.5808) --> [197]
22 (80.4276) --> [191, 160, 28]
23 (20.6238) --> [180]
24 (93.3240) --> [96]
25 (86.1299) --> [35, 75]
26 (95.9713) --> [12, 65, 177]
27 (78.4846) --> [116, 161]
28 (40.0808) --> [166]
29 --> []
30 (24.5645) --> [76]
31 (43.5924) --> [81]
32 --> []
33 (39.9518) --> [16]
34 (20.9457) --> [132]
35 --> []
36 (16.9226) --> [192]
37 (31.9127) --> [31]
38 --> []
39 --> []
40 (9.4817) --> [174]
41 (75.0929) --> [159, 52]
42 (55.8543) --> [153, 165, 18]
43 (76.9432) --> [70, 187]
44 (25.2678) --> [113]
45 --> []
46 (35.4028) --> [94]
47 (60.7587) --> [110]
48 (29.6354) --> [84]
49 --> []
50 (92.5933) --> [143, 90]
51 (73.3506) --> [77]
52 (54.3099) --> [33]
53 (59.2817) --> [93]
54 (32.4217) --> [154]
55 (69.6264) --> [85]
56 --> []
57 --> []
58 --> []
59 (37.0027) --> [121]
60 (47.2470) --> [54]
61 --> []
62 (24.4448) --> [32]
63 (35.7406) --> [71]
64 (41.8593) --> [152]
65 (23.9829) --> [140]
66 (95.4418) --> [72, 144]
67 (75.7365) --> [114]
68 (51.6449) --> [156]
69 --> []
70 --> []
71 (46.3836) --> [68]
72 --> []
73 (16.1811) --> [39]
74 (36.0538) --> [78]
75 (110.5025) --> [29]
76 (31.7485) --> [73]
77 (54.0959) --> [64]
78 (70.7475) --> [60]
79 (83.5959) --> [184, 119]
80 (24.7345) --> [133]
81 --> []
82 --> []
83 (64.9849) --> [130]
84 --> []
85 (26.4004) --> [62]
86 (38.5806) --> [150]
87 (43.3600) --> [142]
88 (68.5425) --> [80, 20]
89 (30.2027) --> [190]
90 (58.7170) --> [123, 55]
91 --> []
92 --> []
93 --> []
94 (49.4191) --> [147]
95 --> []
96 (73.4327) --> [118]
97 (84.3798) --> [139, 112]
98 --> []
99 (66.6574) --> [26, 48]
100 (21.1606) --> [188]
101 (62.0123) --> [23, 57]
102 (43.2679) --> [164]
103 (62.5719) --> [37, 175]
104 (41.4763) --> [1]
105 (41.1877) --> [125, 129]
106 --> []
107 (58.8280) --> [56, 22]
108 (26.8486) --> [126]
109 (49.8789) --> [170]
110 (38.7727) --> [79]
111 (86.2289) --> [27, 106, 176]
112 (33.6610) --> [99]
113 --> []
114 (53.3229) --> [25]
115 --> []
116 --> []
117 --> []
118 (72.4755) --> [7, 146]
119 (68.8368) --> [40, 128]
120 (84.8203) --> [82, 86]
121 (24.2936) --> [137]
122 (60.7313) --> [11, 162]
123 --> []
124 (72.0200) --> [157, 53, 67]
125 (56.4451) --> [88, 10]
126 (25.5583) --> [115, 107]
127 (39.6311) --> [198]
128 (70.8028) --> [51, 193]
129 --> []
130 (113.0407) --> [155]
131 (11.1609) --> [173]
132 (72.2928) --> [122]
133 --> []
134 (60.4072) --> [148]
135 (38.8939) --> [136]
136 (46.1352) --> [30]
137 --> []
138 (32.2916) --> [145, 111]
139 --> []
140 (38.8511) --> [168]
141 (58.2641) --> [58]
142 (26.1135) --> [6]
143 --> []
144 (64.7644) --> [167]
145 --> []
146 --> []
147 (34.5598) --> [24]
148 (55.6577) --> [149]
149 (52.7059) --> [182, 171]
150 (59.2291) --> [63]
151 --> []
152 (31.2195) --> [109]
153 (67.6998) --> [196]
154 (48.1583) --> [92]
155 (103.6425) --> [97]
156 (76.6428) --> [34, 74, 69]
157 --> []
158 (19.7268) --> [141]
159 (15.9291) --> [127]
160 (81.4615) --> [100]
161 (10.9966) --> [17]
162 (47.3471) --> [15]
163 (40.9782) --> [105]
164 (48.3496) --> [101]
165 (61.0175) --> [134]
166 (107.2763) --> [186, 158]
167 --> []
168 (45.6776) --> [151]
169 (47.5302) --> [195]
170 (59.7545) --> [163, 102, 179]
171 (38.2644) --> [8]
172 (50.7679) --> [120]
173 --> []
174 --> []
175 (40.4707) --> [13]
176 --> []
177 (86.7849) --> [135]
178 --> []
179 (36.1528) --> [2]
180 --> []
181 (50.2694) --> [103, 66]
182 (71.7808) --> [41]
183 (81.7474) --> [14, 5]
184 (24.1206) --> [138]
185 (60.7455) --> [104]
186 --> []
187 (48.2443) --> [194]
188 (56.6149) --> [19]
189 (71.8133) --> [89, 47]
190 --> []
191 --> []
192 (36.1101) --> [87]
193 (12.1663) --> [91, 9]
194 (10.4776) --> [38]
195 --> []
196 --> []
197 (72.3605) --> [42]
198 (17.1868) --> [36]
199 (55.8941) --> [46, 61]

Solution energy from ACO: 3.373986200303179E7
trying to improve with local search...
final Solution:
0 (62.8506) --> [3, 49, 185]
1 (68.3521) --> [169, 181]
2 (77.0372) --> [4]
3 (61.9340) --> [83]
4 (26.6805) --> [199]
5 --> []
6 (87.8758) --> [124]
7 (14.9736) --> [98]
8 --> []
9 (30.1402) --> [59, 43]
10 --> []
11 (65.2901) --> [50]
12 (46.7128) --> [84]
13 (26.4194) --> [108, 178]
14 (83.6962) --> [131]
15 (70.2932) --> [183, 21]
16 (32.6103) --> [45, 44]
17 --> []
18 --> []
19 (60.6747) --> [172, 95]
20 (48.1023) --> [117]
21 (33.5808) --> [197]
22 (80.4276) --> [191, 160, 28]
23 (20.6238) --> [180]
24 (93.3240) --> [96]
25 (86.1299) --> [35, 75]
26 (95.9713) --> [12, 65, 177]
27 (78.4846) --> [116, 161]
28 (40.0808) --> [166]
29 --> []
30 (24.5645) --> [76]
31 (43.5924) --> [81]
32 --> []
33 (39.9518) --> [16]
34 (20.9457) --> [132]
35 --> []
36 (16.9226) --> [192]
37 (31.9127) --> [31]
38 --> []
39 --> []
40 (9.4817) --> [174]
41 (75.0929) --> [159, 52]
42 (55.8543) --> [153, 165, 18]
43 (76.9432) --> [70, 187]
44 (25.2678) --> [113]
45 --> []
46 (35.4028) --> [94]
47 (60.7587) --> [110]
48 (59.9521) --> [189]
49 --> []
50 (92.5933) --> [143, 90]
51 (73.3506) --> [77]
52 (54.3099) --> [33]
53 (59.2817) --> [93]
54 (32.4217) --> [154]
55 (69.6264) --> [85]
56 --> []
57 --> []
58 --> []
59 (37.0027) --> [121]
60 (47.2470) --> [54]
61 --> []
62 (24.4448) --> [32]
63 (35.7406) --> [71]
64 (41.8593) --> [152]
65 (23.9829) --> [140]
66 (95.4418) --> [72, 144]
67 (75.7365) --> [114]
68 (51.6449) --> [156]
69 --> []
70 --> []
71 (46.3836) --> [68]
72 --> []
73 (16.1811) --> [39]
74 (36.0538) --> [78]
75 (110.5025) --> [29]
76 (31.7485) --> [73]
77 (54.0959) --> [64]
78 (70.7475) --> [60]
79 (83.5959) --> [184, 119]
80 (24.7345) --> [133]
81 --> []
82 --> []
83 (64.9849) --> [130]
84 --> []
85 (26.4004) --> [62]
86 (38.5806) --> [150]
87 (43.3600) --> [142]
88 (68.5425) --> [80, 20]
89 (30.2027) --> [190]
90 (58.7170) --> [123, 55]
91 --> []
92 --> []
93 --> []
94 (49.4191) --> [147]
95 --> []
96 (73.4327) --> [118]
97 (84.3798) --> [139, 112]
98 --> []
99 (66.6574) --> [26, 48]
100 (21.1606) --> [188]
101 (62.0123) --> [23, 57]
102 (43.2679) --> [164]
103 (62.5719) --> [37, 175]
104 (41.4763) --> [1]
105 (41.1877) --> [125, 129]
106 --> []
107 (58.8280) --> [56, 22]
108 (26.8486) --> [126]
109 (49.8789) --> [170]
110 (38.7727) --> [79]
111 (86.2289) --> [27, 106, 176]
112 (33.6610) --> [99]
113 --> []
114 (53.3229) --> [25]
115 --> []
116 --> []
117 --> []
118 (72.4755) --> [7, 146]
119 (68.8368) --> [40, 128]
120 (84.8203) --> [82, 86]
121 (24.2936) --> [137]
122 (60.7313) --> [11, 162]
123 --> []
124 (72.0200) --> [157, 53, 67]
125 (56.4451) --> [88, 10]
126 (25.5583) --> [115, 107]
127 (39.6311) --> [198]
128 (70.8028) --> [51, 193]
129 --> []
130 (113.0407) --> [155]
131 (11.1609) --> [173]
132 (72.2928) --> [122]
133 --> []
134 (60.4072) --> [148]
135 (38.8939) --> [136]
136 (46.1352) --> [30]
137 --> []
138 (32.2916) --> [145, 111]
139 --> []
140 (38.8511) --> [168]
141 (58.2641) --> [58]
142 (26.1135) --> [6]
143 --> []
144 (64.7644) --> [167]
145 --> []
146 --> []
147 (34.5598) --> [24]
148 (55.6577) --> [149]
149 (52.7059) --> [182, 171]
150 (59.2291) --> [63]
151 --> []
152 (31.2195) --> [109]
153 (67.6998) --> [196]
154 (48.1583) --> [92]
155 (103.6425) --> [97]
156 (76.6428) --> [34, 74, 69]
157 --> []
158 (19.7268) --> [141]
159 (15.9291) --> [127]
160 (81.4615) --> [100]
161 (10.9966) --> [17]
162 (47.3471) --> [15]
163 (40.9782) --> [105]
164 (48.3496) --> [101]
165 (61.0175) --> [134]
166 (107.2763) --> [186, 158]
167 --> []
168 (45.6776) --> [151]
169 (47.5302) --> [195]
170 (59.7545) --> [163, 102, 179]
171 (38.2644) --> [8]
172 (50.7679) --> [120]
173 --> []
174 --> []
175 (40.4707) --> [13]
176 --> []
177 (86.7849) --> [135]
178 --> []
179 (36.1528) --> [2]
180 --> []
181 (50.2694) --> [103, 66]
182 (71.7808) --> [41]
183 (81.7474) --> [14, 5]
184 (24.1206) --> [138]
185 (60.7455) --> [104]
186 --> []
187 (48.2443) --> [194]
188 (56.6149) --> [19]
189 (71.8133) --> [89, 47]
190 --> []
191 --> []
192 (36.1101) --> [87]
193 (12.1663) --> [91, 9]
194 (10.4776) --> [38]
195 --> []
196 --> []
197 (72.3605) --> [42]
198 (17.1868) --> [36]
199 (55.8941) --> [46, 61]

final Solution energy: 3.37062867302303E7
Calculated in 31213ms
Ants=1000, alpha=0.6, beta=3.0, evaporate factor=0.07
(for ../../mebp/mebp-07.dat)
