New best solution in iteration 0: 9.67932086721267E8
New best solution in iteration 6: 9.249893257719836E8
New best solution in iteration 7: 8.826282545741456E8
New best solution in iteration 8: 7.037352979972116E8
AVG (iterations 0 to 20): 1.3253875307262294E9
New best solution in iteration 26: 6.783621492651159E8
New best solution in iteration 34: 4.80441534645435E8
AVG (iterations 20 to 40): 1.3841203669573262E9
AVG (iterations 40 to 60): 1.1131815221235404E9
AVG (iterations 60 to 80): 1.1657054881876273E9
New best solution in iteration 98: 4.4807540221378464E8
AVG (iterations 80 to 100): 1.3696959135875404E9
AVG (iterations 100 to 120): 1.1865762677848425E9
AVG (iterations 120 to 140): 1.0102784392836393E9
New best solution in iteration 152: 3.2152196884896356E8
New best solution in iteration 154: 2.6110066013952196E8
New best solution in iteration 157: 1.6412861910687563E8
AVG (iterations 140 to 160): 5.856627226734587E8
New best solution in iteration 164: 1.6186065817548025E8
New best solution in iteration 166: 1.431334514119999E8
AVG (iterations 160 to 180): 3.01384399930445E8
New best solution in iteration 182: 1.0526050090012419E8
New best solution in iteration 189: 8.418212994830605E7
AVG (iterations 180 to 200): 1.2886097369559458E8
New best solution in iteration 216: 8.179989316284204E7
New best solution in iteration 220: 7.796594415691818E7
AVG (iterations 200 to 220): 9.800113705235748E7
AVG (iterations 220 to 240): 9.357708990233117E7
New best solution in iteration 242: 7.614865535655493E7
AVG (iterations 240 to 260): 8.979227617239329E7
AVG (iterations 260 to 280): 8.609915333796746E7
AVG (iterations 280 to 300): 8.521299014465502E7
New best solution in iteration 312: 7.547785596728382E7
AVG (iterations 300 to 320): 8.219479117093344E7
AVG (iterations 320 to 340): 8.352079037191376E7
AVG (iterations 340 to 360): 8.326718446413608E7
AVG (iterations 360 to 380): 8.004266460641788E7
AVG (iterations 380 to 400): 7.903116003375497E7
AVG (iterations 400 to 420): 7.922166530844812E7
New best solution in iteration 427: 7.535814439349024E7
AVG (iterations 420 to 440): 7.875227524080473E7
New best solution in iteration 450: 7.486082035791422E7
AVG (iterations 440 to 460): 7.905240345559046E7
AVG (iterations 460 to 480): 7.815646030174431E7
AVG (iterations 480 to 500): 7.775694114357634E7
AVG (iterations 500 to 520): 7.869844672727248E7
AVG (iterations 520 to 540): 7.805655655601753E7
AVG (iterations 540 to 560): 7.749334289592414E7
AVG (iterations 560 to 580): 7.784424085012154E7
AVG (iterations 580 to 600): 7.757049282720795E7
AVG (iterations 600 to 620): 7.776128661200708E7
AVG (iterations 620 to 640): 7.810515074306779E7
AVG (iterations 640 to 660): 7.813838898236242E7
AVG (iterations 660 to 680): 7.71368948975817E7
AVG (iterations 680 to 700): 7.736959998279795E7
AVG (iterations 700 to 720): 7.760098518720165E7
AVG (iterations 720 to 740): 7.807013922048545E7
AVG (iterations 740 to 760): 7.795669095462814E7
AVG (iterations 760 to 780): 7.850391640649572E7
AVG (iterations 780 to 800): 7.889573120761624E7
AVG (iterations 800 to 820): 7.827419500116253E7
AVG (iterations 820 to 840): 7.779778318831089E7
AVG (iterations 840 to 860): 7.726262512825489E7
AVG (iterations 860 to 880): 7.770626431129971E7
AVG (iterations 880 to 900): 7.766754532285295E7
AVG (iterations 900 to 920): 7.83482638096649E7
AVG (iterations 920 to 940): 7.799056480935761E7
AVG (iterations 940 to 960): 7.783920745862049E7
AVG (iterations 960 to 980): 7.842854443741082E7
Solution from ACO:
0 (181.8040) --> [3, 14]
1 --> []
2 --> []
3 (77.7078) --> [49]
4 (192.2625) --> [40]
5 (66.6012) --> [19, 26]
6 (96.5555) --> [21, 47]
7 (141.3560) --> [38, 41]
8 (142.6103) --> [34]
9 (121.9949) --> [44]
10 (131.5587) --> [45]
11 --> []
12 --> []
13 (92.4554) --> [23]
14 (156.6540) --> [18, 42]
15 (148.9989) --> [20, 7]
16 (197.9815) --> [11]
17 (119.3596) --> [32]
18 (106.4422) --> [27]
19 (25.5548) --> [6]
20 (154.0292) --> [35]
21 (36.7212) --> [28]
22 --> []
23 (78.7153) --> [17]
24 (23.6237) --> [30]
25 (102.5095) --> [48]
26 (154.9756) --> [22, 4, 13]
27 (89.2170) --> [36, 12, 24]
28 (53.1161) --> [37]
29 (64.6994) --> [39]
30 (146.3334) --> [10]
31 (97.5443) --> [5]
32 --> []
33 --> []
34 --> []
35 (113.3180) --> [31]
36 --> []
37 --> []
38 --> []
39 --> []
40 --> []
41 (151.7103) --> [8]
42 --> []
43 (117.4312) --> [33, 1]
44 --> []
45 (169.6529) --> [25, 16]
46 (97.0348) --> [43]
47 (127.2066) --> [29]
48 (142.6162) --> [15, 2, 9]
49 (49.0433) --> [46]

Solution energy from ACO: 7.486082035791422E7
trying to improve with local search...
final Solution:
0 (181.8040) --> [3, 14]
1 --> []
2 --> []
3 (77.7078) --> [49]
4 (192.2625) --> [40]
5 (66.6012) --> [19, 26]
6 (96.5555) --> [47, 37]
7 (141.3560) --> [38, 41]
8 (142.6103) --> [34]
9 (121.9949) --> [44]
10 (131.5587) --> [45]
11 --> []
12 --> []
13 (92.4554) --> [23]
14 (156.6540) --> [18, 42]
15 (148.9989) --> [20, 7]
16 (197.9815) --> [11]
17 (119.3596) --> [32]
18 (106.4422) --> [27]
19 (25.5548) --> [6]
20 (154.0292) --> [35]
21 (36.7212) --> [28]
22 --> []
23 (78.7153) --> [17]
24 (23.6237) --> [30]
25 (102.5095) --> [48]
26 (154.9756) --> [22, 4, 13]
27 (89.2170) --> [36, 12, 24]
28 (36.7212) --> [21]
29 (64.6994) --> [39]
30 (146.3334) --> [10]
31 (97.5443) --> [5]
32 --> []
33 --> []
34 --> []
35 (113.3180) --> [31]
36 --> []
37 --> []
38 --> []
39 --> []
40 --> []
41 (151.7103) --> [8]
42 --> []
43 (117.4312) --> [33, 1]
44 --> []
45 (169.6529) --> [25, 16]
46 (97.0348) --> [43]
47 (127.2066) --> [29]
48 (142.6162) --> [15, 2, 9]
49 (49.0433) --> [46]

final Solution energy: 7.476047961062758E7
Calculated in 2015ms
Ants=1000, alpha=0.6, beta=3.0, evaporate factor=0.07
(for ../../mebp/mebp-06.dat)
