New best solution in iteration 0: 173135.81363752516
AVG (iterations 0 to 20): 671827.6324118302
New best solution in iteration 27: 160885.81363752516
AVG (iterations 20 to 40): 712609.2127352948
AVG (iterations 40 to 60): 647724.6472223384
AVG (iterations 60 to 80): 768311.9157156667
AVG (iterations 80 to 100): 343155.13222277537
AVG (iterations 100 to 120): 251294.19149981736
AVG (iterations 120 to 140): 226069.07951617203
AVG (iterations 140 to 160): 205698.22003712348
AVG (iterations 160 to 180): 187071.58791759814
AVG (iterations 180 to 200): 173029.5636375252
AVG (iterations 200 to 220): 211218.86097962604
AVG (iterations 220 to 240): 201525.7853112068
AVG (iterations 240 to 260): 181666.2725397193
AVG (iterations 260 to 280): 173198.3136375252
AVG (iterations 280 to 300): 183481.43022865875
AVG (iterations 300 to 320): 177792.65081452983
AVG (iterations 320 to 340): 181560.0225397193
AVG (iterations 340 to 360): 185823.33154306863
AVG (iterations 360 to 380): 172585.8136375252
AVG (iterations 380 to 400): 181499.4879915345
AVG (iterations 400 to 420): 181903.994366064
AVG (iterations 420 to 440): 183564.42385412924
AVG (iterations 440 to 460): 173873.31363752522
AVG (iterations 460 to 480): 173367.0636375252
AVG (iterations 480 to 500): 172585.8136375252
AVG (iterations 500 to 520): 171467.0636375252
AVG (iterations 520 to 540): 173260.8136375252
AVG (iterations 540 to 560): 172523.3136375252
AVG (iterations 560 to 580): 173135.8136375252
AVG (iterations 580 to 600): 173135.8136375252
AVG (iterations 600 to 620): 173135.8136375252
AVG (iterations 620 to 640): 173135.8136375252
AVG (iterations 640 to 660): 173135.8136375252
AVG (iterations 660 to 680): 173135.8136375252
AVG (iterations 680 to 700): 173135.8136375252
AVG (iterations 700 to 720): 173135.8136375252
AVG (iterations 720 to 740): 173135.8136375252
AVG (iterations 740 to 760): 173135.8136375252
AVG (iterations 760 to 780): 173135.8136375252
AVG (iterations 780 to 800): 173135.8136375252
AVG (iterations 800 to 820): 173135.8136375252
AVG (iterations 820 to 840): 173135.8136375252
AVG (iterations 840 to 860): 173135.8136375252
AVG (iterations 860 to 880): 173135.8136375252
AVG (iterations 880 to 900): 173135.8136375252
AVG (iterations 900 to 920): 173135.8136375252
AVG (iterations 920 to 940): 173135.8136375252
AVG (iterations 940 to 960): 173135.8136375252
AVG (iterations 960 to 980): 173135.8136375252
Solution from ACO:
0 (46.0977) --> [3, 1, 4]
1 (15.0000) --> [2]
2 --> []
3 --> []
4 (39.0512) --> [5, 6]
5 --> []
6 --> []

Solution energy from ACO: 160885.81363752516
trying to improve with local search...
final Solution:
0 (46.0977) --> [3, 1, 4]
1 (15.0000) --> [2]
2 --> []
3 --> []
4 (39.0512) --> [5, 6]
5 --> []
6 --> []

final Solution energy: 160885.81363752516
Calculated in 667ms
Ants=1000, alpha=0.6, beta=3.0, evaporate factor=0.07
(for ../../mebp/mebp-00.dat)
