New best solution in iteration 0: 2.9978207860413456E9
New best solution in iteration 8: 2.4159253867660832E9
New best solution in iteration 13: 1.705737053542525E9
AVG (iterations 0 to 20): 3.86354832182083E9
AVG (iterations 20 to 40): 3.5286923259291244E9
AVG (iterations 40 to 60): 3.7966859163671827E9
New best solution in iteration 69: 1.6471535838870077E9
AVG (iterations 60 to 80): 3.552168170413822E9
AVG (iterations 80 to 100): 3.4878798771162977E9
AVG (iterations 100 to 120): 3.505219507847394E9
AVG (iterations 120 to 140): 3.1986797969060044E9
New best solution in iteration 155: 1.4535100974951046E9
New best solution in iteration 160: 9.978442141585046E8
AVG (iterations 140 to 160): 2.747211411995691E9
New best solution in iteration 171: 8.989346333015413E8
New best solution in iteration 173: 4.9475275487304556E8
New best solution in iteration 175: 4.117234586343983E8
New best solution in iteration 178: 3.396408400673446E8
AVG (iterations 160 to 180): 1.232915179793703E9
New best solution in iteration 182: 2.2844256951070184E8
New best solution in iteration 188: 7.310451310621092E7
New best solution in iteration 193: 3.700282593589394E7
New best solution in iteration 197: 3.332641801734781E7
AVG (iterations 180 to 200): 4.472759231925605E8
New best solution in iteration 203: 3.2633192236378964E7
New best solution in iteration 204: 3.188627632082225E7
New best solution in iteration 205: 3.104219640869571E7
New best solution in iteration 207: 3.067083105730929E7
New best solution in iteration 209: 2.9371403528103046E7
New best solution in iteration 214: 2.7814520051207934E7
AVG (iterations 200 to 220): 3.3411957451456867E7
New best solution in iteration 221: 2.7718872878493417E7
New best solution in iteration 225: 2.6083882228744447E7
AVG (iterations 220 to 240): 2.8431922320349902E7
New best solution in iteration 252: 2.533340339166771E7
AVG (iterations 240 to 260): 2.7393635496374466E7
New best solution in iteration 264: 2.443065190173215E7
New best solution in iteration 272: 2.4370020536048554E7
AVG (iterations 260 to 280): 2.6711785327435873E7
AVG (iterations 280 to 300): 2.6389409087431543E7
New best solution in iteration 313: 2.426663025504645E7
AVG (iterations 300 to 320): 2.6211113928759992E7
AVG (iterations 320 to 340): 2.6357193213826206E7
AVG (iterations 340 to 360): 2.5933914028477572E7
AVG (iterations 360 to 380): 2.5465724151602842E7
New best solution in iteration 389: 2.418335707625021E7
AVG (iterations 380 to 400): 2.5567016142246556E7
New best solution in iteration 420: 2.4051889068801325E7
AVG (iterations 400 to 420): 2.5317596790006302E7
AVG (iterations 420 to 440): 2.546063132367412E7
New best solution in iteration 451: 2.396959566140915E7
AVG (iterations 440 to 460): 2.5412661908050545E7
AVG (iterations 460 to 480): 2.5122494350995637E7
AVG (iterations 480 to 500): 2.4956859245089673E7
New best solution in iteration 501: 2.3767938911464058E7
AVG (iterations 500 to 520): 2.4688735932162277E7
New best solution in iteration 531: 2.3475213348549042E7
AVG (iterations 520 to 540): 2.466629729328911E7
AVG (iterations 540 to 560): 2.5074193934407882E7
AVG (iterations 560 to 580): 2.5159148339176103E7
AVG (iterations 580 to 600): 2.484799157466281E7
AVG (iterations 600 to 620): 2.4744327214475915E7
AVG (iterations 620 to 640): 2.502363504648897E7
AVG (iterations 640 to 660): 2.4853475289612684E7
AVG (iterations 660 to 680): 2.4638865810553804E7
AVG (iterations 680 to 700): 2.4862334775893793E7
AVG (iterations 700 to 720): 2.4755675187911864E7
AVG (iterations 720 to 740): 2.4929464168415867E7
AVG (iterations 740 to 760): 2.4897245595489915E7
AVG (iterations 760 to 780): 2.457201987232298E7
AVG (iterations 780 to 800): 2.460823743528651E7
AVG (iterations 800 to 820): 2.4663954736866828E7
AVG (iterations 820 to 840): 2.4547892793732684E7
New best solution in iteration 841: 2.3460305001102097E7
AVG (iterations 840 to 860): 2.4427522720860273E7
AVG (iterations 860 to 880): 2.466179687163121E7
AVG (iterations 880 to 900): 2.4755130058050465E7
AVG (iterations 900 to 920): 2.4521192267922096E7
AVG (iterations 920 to 940): 2.431041792422813E7
AVG (iterations 940 to 960): 2.463969561797162E7
AVG (iterations 960 to 980): 2.4682691001840867E7
Solution from ACO:
0 (57.6697) --> [3, 395]
1 (42.1234) --> [49]
2 (26.5090) --> [282]
3 (28.3563) --> [279, 466]
4 (43.5359) --> [192]
5 (27.9633) --> [449]
6 (20.3847) --> [68]
7 (24.3208) --> [499]
8 (20.7335) --> [178]
9 (58.9411) --> [140]
10 (59.1663) --> [67]
11 --> []
12 --> []
13 (22.4788) --> [14]
14 --> []
15 (44.8793) --> [323]
16 --> []
17 (34.7839) --> [137]
18 --> []
19 (29.5574) --> [357]
20 --> []
21 (48.3580) --> [142, 274]
22 (38.2720) --> [487]
23 (70.2501) --> [101]
24 (31.1814) --> [207]
25 (42.0786) --> [474]
26 --> []
27 (17.5477) --> [167, 202]
28 --> []
29 (23.3376) --> [481]
30 (44.0930) --> [451, 181]
31 (66.2526) --> [448, 106]
32 --> []
33 (2.1060) --> [422]
34 --> []
35 (57.8030) --> [427]
36 (34.2640) --> [141]
37 (16.9001) --> [473]
38 (41.4123) --> [304]
39 (34.9365) --> [358]
40 (18.3260) --> [436]
41 --> []
42 --> []
43 (34.0871) --> [177, 159]
44 (18.0590) --> [212]
45 (20.7799) --> [317]
46 (16.8037) --> [379]
47 (30.9065) --> [285]
48 (18.7255) --> [480]
49 (28.1599) --> [249, 425]
50 (17.2642) --> [220]
51 (19.5887) --> [388]
52 --> []
53 --> []
54 (33.9513) --> [315]
55 (41.3990) --> [376, 319]
56 (59.6487) --> [412, 314]
57 (56.2549) --> [373]
58 (15.5512) --> [125]
59 (32.6759) --> [444]
60 (49.1180) --> [438, 113]
61 (26.4968) --> [172]
62 --> []
63 --> []
64 (22.6269) --> [293, 442]
65 (49.5326) --> [335, 278]
66 (19.8117) --> [27]
67 (7.0654) --> [96]
68 --> []
69 (12.0030) --> [431]
70 (28.1315) --> [456, 16]
71 (46.3763) --> [83]
72 (29.1928) --> [296]
73 (30.4790) --> [35]
74 (24.7473) --> [114, 84]
75 (38.2462) --> [104, 366]
76 --> []
77 (21.3920) --> [254]
78 --> []
79 --> []
80 (43.3977) --> [469]
81 (11.6615) --> [374, 383]
82 --> []
83 (40.0392) --> [160, 208]
84 --> []
85 (25.0236) --> [61, 204]
86 (12.2390) --> [385]
87 (55.1797) --> [145, 392]
88 (43.3646) --> [396, 200]
89 (13.8609) --> [365]
90 --> []
91 (60.5837) --> [129]
92 (5.9469) --> [262]
93 (34.8390) --> [169]
94 (45.3455) --> [22, 155]
95 (30.0268) --> [267, 322]
96 --> []
97 (65.5946) --> [387]
98 (39.1358) --> [162]
99 (59.6205) --> [87]
100 --> []
101 (49.6472) --> [424]
102 (40.3197) --> [88, 491]
103 (39.2305) --> [216, 13]
104 (24.6065) --> [372]
105 (27.7047) --> [404]
106 (23.9405) --> [413]
107 (54.1890) --> [497, 24]
108 (22.9921) --> [382, 91]
109 (47.3347) --> [380]
110 (26.6047) --> [82, 198]
111 (10.4282) --> [2]
112 (42.2776) --> [122]
113 (23.4853) --> [340, 146]
114 (39.0500) --> [28]
115 --> []
116 (46.9861) --> [112, 498]
117 (35.4868) --> [275]
118 (30.8362) --> [184, 346]
119 --> []
120 (42.3800) --> [253, 472]
121 --> []
122 (45.2671) --> [124]
123 --> []
124 (58.9898) --> [227, 435]
125 --> []
126 (43.9683) --> [32]
127 (62.1003) --> [37, 260]
128 --> []
129 --> []
130 (27.6814) --> [150]
131 (23.6890) --> [302]
132 (57.9797) --> [144, 62]
133 (37.7579) --> [232, 151]
134 (22.0112) --> [163]
135 (39.8860) --> [299]
136 (35.1625) --> [320, 164]
137 (36.0694) --> [247]
138 (36.0360) --> [443]
139 (6.8373) --> [215]
140 --> []
141 (26.9298) --> [418, 419]
142 (11.5748) --> [168]
143 (19.9626) --> [118]
144 (54.6290) --> [391]
145 (22.8842) --> [10]
146 (35.1518) --> [490, 370]
147 (34.4372) --> [33]
148 --> []
149 (22.2595) --> [156]
150 (48.7665) --> [339]
151 (57.9784) --> [190]
152 (32.7010) --> [221]
153 --> []
154 (16.0577) --> [211]
155 (30.9356) --> [343]
156 (49.8350) --> [45, 399]
157 (2.0180) --> [85]
158 --> []
159 (19.9264) --> [284, 21]
160 --> []
161 (53.6028) --> [439, 486]
162 --> []
163 (26.9217) --> [213, 234]
164 --> []
165 (47.4312) --> [327, 485]
166 (27.2402) --> [180]
167 (23.4340) --> [269]
168 (11.9593) --> [411, 236]
169 (20.8254) --> [454]
170 (29.0732) --> [476, 367]
171 --> []
172 (17.8264) --> [64]
173 (21.8066) --> [176]
174 --> []
175 (50.1423) --> [410, 248]
176 (19.0450) --> [352]
177 --> []
178 (37.4846) --> [81, 166]
179 --> []
180 (27.1781) --> [429]
181 --> []
182 (68.0812) --> [170]
183 --> []
184 (43.6201) --> [103, 23]
185 --> []
186 --> []
187 (31.9739) --> [225]
188 --> []
189 (40.6730) --> [134, 464]
190 (44.4926) --> [226]
191 (34.1332) --> [97, 295]
192 (12.1790) --> [77]
193 (44.0476) --> [41]
194 --> []
195 (6.3450) --> [330]
196 (36.4672) --> [56, 199]
197 (16.0126) --> [182]
198 --> []
199 (19.3435) --> [29]
200 (37.6345) --> [390]
201 --> []
202 --> []
203 (39.3262) --> [120, 173]
204 --> []
205 (33.4214) --> [397, 148]
206 (31.2873) --> [222]
207 (63.0169) --> [189]
208 (44.5904) --> [39, 349]
209 (40.8909) --> [214]
210 --> []
211 (26.2746) --> [378]
212 (95.1243) --> [63]
213 (60.1044) --> [345]
214 (41.7320) --> [268, 70]
215 (34.3776) --> [414]
216 --> []
217 (6.6914) --> [245]
218 --> []
219 (24.8441) --> [65]
220 (28.4939) --> [130]
221 --> []
222 --> []
223 (43.2285) --> [31, 258]
224 --> []
225 (33.9930) --> [55, 48]
226 --> []
227 (22.4707) --> [460]
228 (4.2679) --> [40]
229 (60.7534) --> [359, 458]
230 (48.2557) --> [347]
231 (40.1186) --> [38, 461]
232 (36.8987) --> [465]
233 (18.1669) --> [126, 243]
234 (32.0154) --> [408]
235 (46.4539) --> [42, 195]
236 (55.0576) --> [4, 331]
237 (25.9446) --> [239]
238 --> []
239 (25.3180) --> [209, 272]
240 (39.7643) --> [108]
241 (44.2845) --> [203]
242 (21.9549) --> [318]
243 (62.1286) --> [484, 237]
244 (62.8341) --> [305, 201]
245 (19.7404) --> [147]
246 (18.5623) --> [46]
247 (51.4054) --> [321]
248 (23.6232) --> [58]
249 (18.4502) --> [402]
250 (32.3985) --> [477, 470]
251 (40.1898) --> [76, 188]
252 --> []
253 --> []
254 (45.7049) --> [462, 74]
255 (52.4679) --> [313]
256 (23.1515) --> [230, 415]
257 (18.4872) --> [53]
258 (36.3956) --> [445]
259 (19.3791) --> [157]
260 --> []
261 --> []
262 (27.3971) --> [312]
263 (37.4654) --> [298, 291]
264 (52.1683) --> [136, 342]
265 --> []
266 (21.9003) --> [356]
267 (37.5004) --> [420]
268 (38.8136) --> [80]
269 (36.0455) --> [400, 111]
270 (44.3857) --> [475, 386]
271 (25.2369) --> [255]
272 (45.1750) --> [371]
273 --> []
274 (17.6538) --> [492]
275 (78.3801) --> [138, 132]
276 (17.3676) --> [152]
277 (53.0511) --> [251]
278 (18.3676) --> [326]
279 (26.6340) --> [483]
280 --> []
281 --> []
282 (52.7249) --> [8]
283 (6.3742) --> [355]
284 --> []
285 (9.2146) --> [283]
286 (31.2010) --> [18, 100]
287 (9.4960) --> [233]
288 (34.6957) --> [196]
289 (29.3247) --> [240]
290 --> []
291 --> []
292 (56.7355) --> [116]
293 (21.8066) --> [95]
294 (14.2987) --> [467]
295 (49.4754) --> [224]
296 --> []
297 --> []
298 (7.9428) --> [341]
299 (11.4422) --> [57]
300 (48.0680) --> [223, 265]
301 (60.6077) --> [51, 193]
302 --> []
303 (23.6783) --> [139]
304 --> []
305 (46.8765) --> [287, 494]
306 (19.0598) --> [403]
307 (12.5542) --> [50]
308 --> []
309 (46.2610) --> [428, 478]
310 (14.2395) --> [15]
311 (36.8712) --> [250]
312 (39.3626) --> [261]
313 (41.1666) --> [361, 495]
314 (53.5034) --> [281]
315 (20.1839) --> [417]
316 --> []
317 (14.2557) --> [369]
318 (35.7783) --> [17]
319 (40.6727) --> [109, 350]
320 (24.5649) --> [252, 434]
321 (41.8348) --> [450, 229]
322 (37.3818) --> [30]
323 --> []
324 (22.3223) --> [117]
325 (35.0917) --> [128]
326 --> []
327 (32.0481) --> [197, 405]
328 (52.6300) --> [338, 447]
329 (36.7893) --> [36, 174]
330 (0.3041) --> [26]
331 --> []
332 (23.6726) --> [479]
333 (28.3982) --> [489, 463]
334 (16.8393) --> [179]
335 (30.5501) --> [210]
336 --> []
337 (25.2333) --> [336]
338 (47.7449) --> [47]
339 --> []
340 --> []
341 --> []
342 --> []
343 (23.9363) --> [457]
344 (42.0344) --> [432, 446]
345 (42.2191) --> [183, 271]
346 --> []
347 (55.6405) --> [307]
348 (11.8615) --> [206]
349 --> []
350 (20.5016) --> [175]
351 (34.9225) --> [324]
352 --> []
353 --> []
354 (33.3615) --> [452]
355 (37.5254) --> [468]
356 --> []
357 (32.6841) --> [377]
358 --> []
359 --> []
360 (37.3724) --> [25]
361 --> []
362 (6.2326) --> [384]
363 (28.3236) --> [393]
364 (31.1093) --> [19, 453]
365 (30.1914) --> [301]
366 (35.7184) --> [311, 407]
367 (23.6120) --> [308]
368 (51.8551) --> [266, 99]
369 (15.3047) --> [241]
370 (31.9044) --> [12, 105, 337]
371 (9.7915) --> [368]
372 (40.6506) --> [406]
373 (21.7464) --> [273]
374 (58.2786) --> [309]
375 (23.4090) --> [52, 488]
376 (14.2717) --> [228, 78]
377 (33.1113) --> [44]
378 (33.0129) --> [20]
379 --> []
380 (21.9066) --> [54]
381 (31.9085) --> [102]
382 --> []
383 (49.8669) --> [482]
384 --> []
385 --> []
386 --> []
387 (44.0217) --> [143, 244]
388 (24.7533) --> [9]
389 --> []
390 (50.4373) --> [43, 354]
391 (78.7257) --> [242, 153]
392 (30.4340) --> [270, 165]
393 (44.5422) --> [219]
394 (9.9617) --> [34]
395 (21.2524) --> [430]
396 --> []
397 --> []
398 (35.2420) --> [158]
399 (53.9112) --> [6]
400 (32.4341) --> [329]
401 (65.1906) --> [286]
402 (12.6383) --> [89]
403 (21.6630) --> [344]
404 (19.3648) --> [187]
405 (11.0208) --> [1]
406 (34.2023) --> [416]
407 --> []
408 (16.6030) --> [276]
409 (32.3485) --> [290]
410 (54.4634) --> [297, 440]
411 --> []
412 --> []
413 (37.4932) --> [264]
414 (51.6819) --> [79, 110]
415 --> []
416 --> []
417 (29.1342) --> [375]
418 (33.2571) --> [294]
419 (11.8780) --> [364]
420 (14.6975) --> [154]
421 (49.0731) --> [107, 426]
422 (43.2400) --> [259, 394]
423 (22.6022) --> [7]
424 --> []
425 (32.6336) --> [306]
426 (44.0474) --> [360, 246]
427 (45.1992) --> [459, 351, 288]
428 --> []
429 (43.2692) --> [409, 257]
430 (40.3944) --> [238, 191]
431 (49.2631) --> [362, 231]
432 (36.2032) --> [437]
433 (20.1963) --> [69]
434 (21.5707) --> [205, 433]
435 (11.8826) --> [86]
436 (53.1493) --> [328]
437 (41.0580) --> [218, 94, 59]
438 (48.2607) --> [310, 93]
439 --> []
440 (68.0175) --> [217, 256]
441 --> []
442 (24.1916) --> [333, 115]
443 (6.7737) --> [292]
444 (26.8182) --> [471]
445 --> []
446 (33.8706) --> [5, 11]
447 --> []
448 (3.9373) --> [277]
449 --> []
450 (45.1485) --> [493]
451 --> []
452 --> []
453 (51.4707) --> [119]
454 (36.9258) --> [92, 401]
455 (19.2941) --> [421]
456 --> []
457 --> []
458 (59.0583) --> [149, 325]
459 --> []
460 --> []
461 (36.5863) --> [455, 263]
462 (31.5344) --> [363, 316]
463 (6.7902) --> [131]
464 (43.2298) --> [303, 90]
465 (23.1952) --> [398]
466 (29.6202) --> [60, 98]
467 (14.9267) --> [194]
468 (18.6032) --> [135, 332]
469 (13.3839) --> [123]
470 (66.7355) --> [280]
471 (35.2694) --> [348, 496]
472 (48.8788) --> [441, 121]
473 --> []
474 (21.0910) --> [334, 161]
475 --> []
476 (52.3799) --> [423, 171]
477 --> []
478 --> []
479 (42.7187) --> [71, 389]
480 --> []
481 (10.3964) --> [289]
482 --> []
483 (45.4316) --> [353, 127]
484 --> []
485 (24.7565) --> [235]
486 (31.5568) --> [186]
487 --> []
488 (16.7009) --> [73]
489 (32.5606) --> [300]
490 --> []
491 --> []
492 (35.8904) --> [66]
493 (22.9172) --> [185]
494 --> []
495 (19.5491) --> [75]
496 (22.6341) --> [133]
497 (69.3955) --> [72]
498 --> []
499 (35.7300) --> [381]

Solution energy from ACO: 2.3460305001102097E7
trying to improve with local search...
final Solution:
0 (57.6697) --> [3, 395]
1 (42.1234) --> [49]
2 (26.5090) --> [282]
3 (28.3563) --> [279, 466]
4 (39.9214) --> [254]
5 (27.9633) --> [449]
6 (20.3847) --> [68]
7 (24.3208) --> [499]
8 (20.7335) --> [178]
9 (58.9411) --> [140]
10 (59.1663) --> [67]
11 --> []
12 --> []
13 (22.4788) --> [14]
14 --> []
15 (44.8793) --> [323]
16 --> []
17 (34.7839) --> [137]
18 --> []
19 (29.5574) --> [357]
20 --> []
21 (48.3580) --> [142, 274]
22 (38.2720) --> [487]
23 (70.2501) --> [101]
24 (31.1814) --> [207]
25 (42.0786) --> [474]
26 --> []
27 (17.5477) --> [167, 202]
28 --> []
29 (23.3376) --> [481]
30 (44.0930) --> [451, 181]
31 (66.2526) --> [448, 106]
32 --> []
33 (2.1060) --> [422]
34 --> []
35 (57.8030) --> [427]
36 (34.2640) --> [141]
37 (16.9001) --> [473]
38 (41.4123) --> [304]
39 (34.9365) --> [358]
40 (18.3260) --> [436]
41 --> []
42 --> []
43 (34.0871) --> [177, 159]
44 (18.0590) --> [212]
45 (20.7799) --> [317]
46 (16.8037) --> [379]
47 (30.9065) --> [285]
48 (18.7255) --> [480]
49 (28.1599) --> [249, 425]
50 (17.2642) --> [220]
51 (19.5887) --> [388]
52 --> []
53 --> []
54 (33.9513) --> [315]
55 (41.3990) --> [376, 319]
56 (59.6487) --> [412, 314]
57 (56.2549) --> [373]
58 (15.5512) --> [125]
59 (32.6759) --> [444]
60 (49.1180) --> [438, 113]
61 (26.4968) --> [172]
62 --> []
63 --> []
64 (22.6269) --> [293, 442]
65 (49.5326) --> [335, 278]
66 (19.8117) --> [27]
67 (7.0654) --> [96]
68 --> []
69 (12.0030) --> [431]
70 (28.1315) --> [456, 16]
71 (46.3763) --> [83]
72 (29.1928) --> [296]
73 (30.4790) --> [35]
74 (24.7473) --> [114, 84]
75 (38.2462) --> [104, 366]
76 --> []
77 (12.1790) --> [192]
78 --> []
79 --> []
80 (43.3977) --> [469]
81 (11.6615) --> [374, 383]
82 --> []
83 (40.0392) --> [160, 208]
84 --> []
85 (25.0236) --> [61, 204]
86 (12.2390) --> [385]
87 (55.1797) --> [145, 392]
88 (43.3646) --> [396, 200]
89 (13.8609) --> [365]
90 --> []
91 (60.5837) --> [129]
92 (5.9469) --> [262]
93 (34.8390) --> [169]
94 (45.3455) --> [22, 155]
95 (30.0268) --> [267, 322]
96 --> []
97 (65.5946) --> [387]
98 (39.1358) --> [162]
99 (59.6205) --> [87]
100 --> []
101 (49.6472) --> [424]
102 (40.3197) --> [88, 491]
103 (39.2305) --> [216, 13]
104 (24.6065) --> [372]
105 (27.7047) --> [404]
106 (23.9405) --> [413]
107 (54.1890) --> [497, 24]
108 (22.9921) --> [382, 91]
109 (47.3347) --> [380]
110 (26.6047) --> [82, 198]
111 (10.4282) --> [2]
112 (42.2776) --> [122]
113 (23.4853) --> [340, 146]
114 (39.0500) --> [28]
115 --> []
116 (46.9861) --> [112, 498]
117 (35.4868) --> [275]
118 (30.8362) --> [184, 346]
119 --> []
120 (42.3800) --> [253, 472]
121 --> []
122 (45.2671) --> [124]
123 --> []
124 (58.9898) --> [227, 435]
125 --> []
126 (43.9683) --> [32]
127 (62.1003) --> [37, 260]
128 --> []
129 --> []
130 (27.6814) --> [150]
131 (23.6890) --> [302]
132 (57.9797) --> [144, 62]
133 (37.7579) --> [232, 151]
134 (22.0112) --> [163]
135 (39.8860) --> [299]
136 (35.1625) --> [320, 164]
137 (36.0694) --> [247]
138 (36.0360) --> [443]
139 (6.8373) --> [215]
140 --> []
141 (26.9298) --> [418, 419]
142 (11.5748) --> [168]
143 (19.9626) --> [118]
144 (54.6290) --> [391]
145 (22.8842) --> [10]
146 (35.1518) --> [490, 370]
147 (34.4372) --> [33]
148 --> []
149 (22.2595) --> [156]
150 (48.7665) --> [339]
151 (57.9784) --> [190]
152 (32.7010) --> [221]
153 --> []
154 (16.0577) --> [211]
155 (30.9356) --> [343]
156 (49.8350) --> [45, 399]
157 (2.0180) --> [85]
158 --> []
159 (19.9264) --> [284, 21]
160 --> []
161 (53.6028) --> [439, 486]
162 --> []
163 (26.9217) --> [213, 234]
164 --> []
165 (47.4312) --> [327, 485]
166 (27.2402) --> [180]
167 (23.4340) --> [269]
168 (11.9593) --> [411, 236]
169 (20.8254) --> [454]
170 (29.0732) --> [476, 367]
171 --> []
172 (17.8264) --> [64]
173 (21.8066) --> [176]
174 --> []
175 (50.1423) --> [410, 248]
176 (19.0450) --> [352]
177 --> []
178 (37.4846) --> [81, 166]
179 --> []
180 (27.1781) --> [429]
181 --> []
182 (68.0812) --> [170]
183 --> []
184 (43.6201) --> [103, 23]
185 --> []
186 --> []
187 (31.9739) --> [225]
188 --> []
189 (40.6730) --> [134, 464]
190 (44.4926) --> [226]
191 (34.1332) --> [97, 295]
192 (12.1790) --> [77]
193 (44.0476) --> [41]
194 --> []
195 (6.3450) --> [330]
196 (36.4672) --> [56, 199]
197 (16.0126) --> [182]
198 --> []
199 (19.3435) --> [29]
200 (37.6345) --> [390]
201 --> []
202 --> []
203 (39.3262) --> [120, 173]
204 --> []
205 (33.4214) --> [397, 148]
206 (31.2873) --> [222]
207 (63.0169) --> [189]
208 (44.5904) --> [39, 349]
209 (40.8909) --> [214]
210 --> []
211 (26.2746) --> [378]
212 (95.1243) --> [63]
213 (60.1044) --> [345]
214 (41.7320) --> [268, 70]
215 (34.3776) --> [414]
216 --> []
217 (6.6914) --> [245]
218 --> []
219 (24.8441) --> [65]
220 (28.4939) --> [130]
221 --> []
222 --> []
223 (43.2285) --> [31, 258]
224 --> []
225 (33.9930) --> [55, 48]
226 --> []
227 (22.4707) --> [460]
228 (4.2679) --> [40]
229 (60.7534) --> [359, 458]
230 (48.2557) --> [347]
231 (40.1186) --> [38, 461]
232 (36.8987) --> [465]
233 (18.1669) --> [126, 243]
234 (32.0154) --> [408]
235 (46.4539) --> [42, 195]
236 (55.0576) --> [4, 331]
237 (25.9446) --> [239]
238 --> []
239 (25.3180) --> [209, 272]
240 (39.7643) --> [108]
241 (44.2845) --> [203]
242 (21.9549) --> [318]
243 (62.1286) --> [484, 237]
244 (62.8341) --> [305, 201]
245 (19.7404) --> [147]
246 (18.5623) --> [46]
247 (51.4054) --> [321]
248 (23.6232) --> [58]
249 (18.4502) --> [402]
250 (32.3985) --> [477, 470]
251 (40.1898) --> [76, 188]
252 --> []
253 --> []
254 (45.7049) --> [462, 74]
255 (52.4679) --> [313]
256 (23.1515) --> [230, 415]
257 (18.4872) --> [53]
258 (36.3956) --> [445]
259 (19.3791) --> [157]
260 --> []
261 --> []
262 (27.3971) --> [312]
263 (37.4654) --> [298, 291]
264 (52.1683) --> [136, 342]
265 --> []
266 (21.9003) --> [356]
267 (37.5004) --> [420]
268 (38.8136) --> [80]
269 (36.0455) --> [400, 111]
270 (44.3857) --> [475, 386]
271 (25.2369) --> [255]
272 (45.1750) --> [371]
273 --> []
274 (17.6538) --> [492]
275 (78.3801) --> [138, 132]
276 (17.3676) --> [152]
277 (53.0511) --> [251]
278 (18.3676) --> [326]
279 (26.6340) --> [483]
280 --> []
281 --> []
282 (52.7249) --> [8]
283 (6.3742) --> [355]
284 --> []
285 (9.2146) --> [283]
286 (31.2010) --> [18, 100]
287 (9.4960) --> [233]
288 (34.6957) --> [196]
289 (29.3247) --> [240]
290 --> []
291 --> []
292 (56.7355) --> [116]
293 (21.8066) --> [95]
294 (14.2987) --> [467]
295 (49.4754) --> [224]
296 --> []
297 --> []
298 (7.9428) --> [341]
299 (11.4422) --> [57]
300 (48.0680) --> [223, 265]
301 (60.6077) --> [51, 193]
302 --> []
303 (23.6783) --> [139]
304 --> []
305 (46.8765) --> [287, 494]
306 (19.0598) --> [403]
307 (12.5542) --> [50]
308 --> []
309 (46.2610) --> [428, 478]
310 (14.2395) --> [15]
311 (36.8712) --> [250]
312 (39.3626) --> [261]
313 (41.1666) --> [361, 495]
314 (53.5034) --> [281]
315 (20.1839) --> [417]
316 --> []
317 (14.2557) --> [369]
318 (35.7783) --> [17]
319 (40.6727) --> [109, 350]
320 (24.5649) --> [252, 434]
321 (41.8348) --> [450, 229]
322 (37.3818) --> [30]
323 --> []
324 (22.3223) --> [117]
325 (35.0917) --> [128]
326 --> []
327 (32.0481) --> [197, 405]
328 (52.6300) --> [338, 447]
329 (36.7893) --> [36, 174]
330 (0.3041) --> [26]
331 --> []
332 (23.6726) --> [479]
333 (28.3982) --> [489, 463]
334 (16.8393) --> [179]
335 (30.5501) --> [210]
336 --> []
337 (25.2333) --> [336]
338 (47.7449) --> [47]
339 --> []
340 --> []
341 --> []
342 --> []
343 (23.9363) --> [457]
344 (42.0344) --> [432, 446]
345 (42.2191) --> [183, 271]
346 --> []
347 (55.6405) --> [307]
348 (11.8615) --> [206]
349 --> []
350 (20.5016) --> [175]
351 (34.9225) --> [324]
352 --> []
353 --> []
354 (33.3615) --> [452]
355 (37.5254) --> [468]
356 --> []
357 (32.6841) --> [377]
358 --> []
359 --> []
360 (37.3724) --> [25]
361 --> []
362 (6.2326) --> [384]
363 (28.3236) --> [393]
364 (31.1093) --> [19, 453]
365 (30.1914) --> [301]
366 (35.7184) --> [311, 407]
367 (23.6120) --> [308]
368 (51.8551) --> [266, 99]
369 (15.3047) --> [241]
370 (31.9044) --> [12, 105, 337]
371 (9.7915) --> [368]
372 (40.6506) --> [406]
373 (21.7464) --> [273]
374 (58.2786) --> [309]
375 (23.4090) --> [52, 488]
376 (14.2717) --> [228, 78]
377 (33.1113) --> [44]
378 (33.0129) --> [20]
379 --> []
380 (21.9066) --> [54]
381 (31.9085) --> [102]
382 --> []
383 (49.8669) --> [482]
384 --> []
385 --> []
386 --> []
387 (44.0217) --> [143, 244]
388 (24.7533) --> [9]
389 --> []
390 (50.4373) --> [43, 354]
391 (78.7257) --> [242, 153]
392 (30.4340) --> [270, 165]
393 (44.5422) --> [219]
394 (9.9617) --> [34]
395 (21.2524) --> [430]
396 --> []
397 --> []
398 (35.2420) --> [158]
399 (53.9112) --> [6]
400 (32.4341) --> [329]
401 (65.1906) --> [286]
402 (12.6383) --> [89]
403 (21.6630) --> [344]
404 (19.3648) --> [187]
405 (11.0208) --> [1]
406 (34.2023) --> [416]
407 --> []
408 (16.6030) --> [276]
409 (32.3485) --> [290]
410 (54.4634) --> [297, 440]
411 --> []
412 --> []
413 (37.4932) --> [264]
414 (51.6819) --> [79, 110]
415 --> []
416 --> []
417 (29.1342) --> [375]
418 (33.2571) --> [294]
419 (11.8780) --> [364]
420 (14.6975) --> [154]
421 (49.0731) --> [107, 426]
422 (43.2400) --> [259, 394]
423 (22.6022) --> [7]
424 --> []
425 (32.6336) --> [306]
426 (44.0474) --> [360, 246]
427 (45.1992) --> [459, 351, 288]
428 --> []
429 (43.2692) --> [409, 257]
430 (40.3944) --> [238, 191]
431 (49.2631) --> [362, 231]
432 (36.2032) --> [437]
433 (20.1963) --> [69]
434 (21.5707) --> [205, 433]
435 (11.8826) --> [86]
436 (53.1493) --> [328]
437 (41.0580) --> [218, 94, 59]
438 (48.2607) --> [310, 93]
439 --> []
440 (68.0175) --> [217, 256]
441 --> []
442 (24.1916) --> [333, 115]
443 (6.7737) --> [292]
444 (26.8182) --> [471]
445 --> []
446 (33.8706) --> [5, 11]
447 --> []
448 (3.9373) --> [277]
449 --> []
450 (45.1485) --> [493]
451 --> []
452 --> []
453 (51.4707) --> [119]
454 (36.9258) --> [92, 401]
455 (19.2941) --> [421]
456 --> []
457 --> []
458 (59.0583) --> [149, 325]
459 --> []
460 --> []
461 (36.5863) --> [455, 263]
462 (31.5344) --> [363, 316]
463 (6.7902) --> [131]
464 (43.2298) --> [303, 90]
465 (23.1952) --> [398]
466 (29.6202) --> [60, 98]
467 (14.9267) --> [194]
468 (18.6032) --> [135, 332]
469 (13.3839) --> [123]
470 (66.7355) --> [280]
471 (35.2694) --> [348, 496]
472 (48.8788) --> [441, 121]
473 --> []
474 (21.0910) --> [334, 161]
475 --> []
476 (52.3799) --> [423, 171]
477 --> []
478 --> []
479 (42.7187) --> [71, 389]
480 --> []
481 (10.3964) --> [289]
482 --> []
483 (45.4316) --> [353, 127]
484 --> []
485 (24.7565) --> [235]
486 (31.5568) --> [186]
487 --> []
488 (16.7009) --> [73]
489 (32.5606) --> [300]
490 --> []
491 --> []
492 (35.8904) --> [66]
493 (22.9172) --> [185]
494 --> []
495 (19.5491) --> [75]
496 (22.6341) --> [133]
497 (69.3955) --> [72]
498 --> []
499 (35.7300) --> [381]

final Solution energy: 2.3433429067011014E7
Calculated in 369362ms
Ants=1000, alpha=0.6, beta=3.0, evaporate factor=0.07
(for ../../mebp/mebp-10.dat)
