New best solution in iteration 0: 1.4832778677522464E9
New best solution in iteration 1: 8.423954712343918E8
New best solution in iteration 8: 5.721430681588473E8
New best solution in iteration 13: 5.500302109901451E8
AVG (iterations 0 to 20): 1.1311784725416005E9
New best solution in iteration 33: 3.4775045260946065E8
AVG (iterations 20 to 40): 1.0984906080441709E9
AVG (iterations 40 to 60): 1.162031340116035E9
New best solution in iteration 77: 2.888960054341245E8
AVG (iterations 60 to 80): 1.251039142168404E9
AVG (iterations 80 to 100): 9.95246679596077E8
AVG (iterations 100 to 120): 1.3593945370259507E9
AVG (iterations 120 to 140): 1.1196793289330108E9
New best solution in iteration 149: 2.220864992574803E8
AVG (iterations 140 to 160): 6.307222319370186E8
New best solution in iteration 162: 1.7836491083074033E8
New best solution in iteration 168: 1.6025335221047568E8
New best solution in iteration 169: 1.5667525833027622E8
New best solution in iteration 172: 1.3088476196824756E8
New best solution in iteration 177: 9.761980434099197E7
AVG (iterations 160 to 180): 2.4773574287476373E8
New best solution in iteration 186: 9.753906024655853E7
New best solution in iteration 190: 9.393487901806098E7
New best solution in iteration 194: 8.087196595471074E7
AVG (iterations 180 to 200): 1.632684520283487E8
AVG (iterations 200 to 220): 1.2576350590272793E8
New best solution in iteration 224: 8.024416874511549E7
New best solution in iteration 226: 7.618302605151178E7
AVG (iterations 220 to 240): 9.431952149343021E7
AVG (iterations 240 to 260): 9.541811956344879E7
AVG (iterations 260 to 280): 9.178655144319762E7
AVG (iterations 280 to 300): 8.932491190734683E7
New best solution in iteration 312: 7.59070373073223E7
AVG (iterations 300 to 320): 8.525437403423798E7
AVG (iterations 320 to 340): 8.770862151875204E7
AVG (iterations 340 to 360): 8.711972779552902E7
AVG (iterations 360 to 380): 8.795749197209775E7
AVG (iterations 380 to 400): 8.700335921605825E7
AVG (iterations 400 to 420): 8.610517561086565E7
AVG (iterations 420 to 440): 8.480477905302484E7
AVG (iterations 440 to 460): 8.799556023552486E7
AVG (iterations 460 to 480): 8.388957879641601E7
AVG (iterations 480 to 500): 8.450829420711823E7
AVG (iterations 500 to 520): 9.187040958954397E7
AVG (iterations 520 to 540): 8.57751631222655E7
New best solution in iteration 541: 7.586104275459078E7
AVG (iterations 540 to 560): 8.351388586807576E7
New best solution in iteration 577: 7.54798082902038E7
AVG (iterations 560 to 580): 8.571806390552658E7
AVG (iterations 580 to 600): 8.524741955999807E7
AVG (iterations 600 to 620): 8.633770852387716E7
AVG (iterations 620 to 640): 8.453113700828937E7
AVG (iterations 640 to 660): 8.678708886321679E7
AVG (iterations 660 to 680): 8.615606664568739E7
AVG (iterations 680 to 700): 9.055156629874867E7
AVG (iterations 700 to 720): 8.528822776582876E7
AVG (iterations 720 to 740): 9.117907002366658E7
AVG (iterations 740 to 760): 8.709094867861734E7
New best solution in iteration 777: 7.54197642613207E7
AVG (iterations 760 to 780): 8.721359441044262E7
New best solution in iteration 787: 7.536960254636475E7
AVG (iterations 780 to 800): 8.257984941004924E7
AVG (iterations 800 to 820): 9.033719922888967E7
AVG (iterations 820 to 840): 8.99134577999188E7
AVG (iterations 840 to 860): 8.776441682142094E7
AVG (iterations 860 to 880): 8.431612081862345E7
AVG (iterations 880 to 900): 8.617366924159873E7
AVG (iterations 900 to 920): 8.3727626234859E7
AVG (iterations 920 to 940): 8.14307911844926E7
AVG (iterations 940 to 960): 8.24507624381349E7
AVG (iterations 960 to 980): 8.56484147325892E7
Solution from ACO:
0 (181.8040) --> [3, 14]
1 --> []
2 --> []
3 (77.7078) --> [49]
4 --> []
5 (97.5443) --> [22, 19, 31]
6 (96.5555) --> [21, 47]
7 (141.3560) --> [38, 41]
8 (142.6103) --> [34]
9 (148.3433) --> [2, 44]
10 (131.5587) --> [45]
11 --> []
12 --> []
13 (92.4554) --> [23]
14 (156.6540) --> [42, 18]
15 (148.9989) --> [7, 20]
16 (197.9815) --> [11]
17 (119.3596) --> [32]
18 (106.4422) --> [27]
19 (25.5548) --> [6]
20 (154.0292) --> [35]
21 (36.7212) --> [28]
22 (165.5070) --> [26, 4, 13]
23 (78.7153) --> [17]
24 (23.6237) --> [30]
25 (102.5095) --> [48]
26 --> []
27 (89.2170) --> [24, 36, 12]
28 (53.1161) --> [37]
29 (64.6994) --> [39]
30 (146.3334) --> [10]
31 --> []
32 --> []
33 (107.9216) --> [1]
34 --> []
35 (125.2709) --> [5]
36 --> []
37 --> []
38 --> []
39 --> []
40 --> []
41 (151.7103) --> [8]
42 --> []
43 (89.0600) --> [33]
44 --> []
45 (169.6529) --> [25, 16]
46 (97.0348) --> [43]
47 (202.7207) --> [29, 40]
48 (112.5121) --> [15, 9]
49 (49.0433) --> [46]

Solution energy from ACO: 7.536960254636475E7
trying to improve with local search...
final Solution:
0 (181.8040) --> [3, 14]
1 --> []
2 --> []
3 (77.7078) --> [49]
4 --> []
5 (97.5443) --> [22, 19, 31]
6 (96.5555) --> [47, 37]
7 (141.3560) --> [38, 41]
8 (142.6103) --> [34]
9 (148.3433) --> [2, 44]
10 (131.5587) --> [45]
11 --> []
12 --> []
13 (92.4554) --> [23]
14 (156.6540) --> [42, 18]
15 (148.9989) --> [7, 20]
16 (197.9815) --> [11]
17 (119.3596) --> [32]
18 (106.4422) --> [27]
19 (25.5548) --> [6]
20 (154.0292) --> [35]
21 (36.7212) --> [28]
22 (165.5070) --> [26, 4, 13]
23 (78.7153) --> [17]
24 (23.6237) --> [30]
25 (102.5095) --> [48]
26 --> []
27 (89.2170) --> [24, 36, 12]
28 (36.7212) --> [21]
29 (64.6994) --> [39]
30 (146.3334) --> [10]
31 --> []
32 --> []
33 (107.9216) --> [1]
34 --> []
35 (125.2709) --> [5]
36 --> []
37 --> []
38 --> []
39 --> []
40 --> []
41 (151.7103) --> [8]
42 --> []
43 (89.0600) --> [33]
44 --> []
45 (169.6529) --> [16, 9]
46 (97.0348) --> [43]
47 (202.7207) --> [29, 40]
48 (104.6767) --> [15, 25]
49 (49.0433) --> [46]

final Solution energy: 7.499194072386986E7
Calculated in 1911ms
Ants=1000, alpha=0.6, beta=3.0, evaporate factor=0.07
(for ../../mebp/mebp-06.dat)
