New best solution in iteration 0: 3.492374075591738E9
New best solution in iteration 1: 2.291383379484946E9
New best solution in iteration 3: 2.0092188594309707E9
AVG (iterations 0 to 20): 3.9876152538005915E9
AVG (iterations 20 to 40): 3.6433015463624244E9
New best solution in iteration 56: 1.960206107683513E9
AVG (iterations 40 to 60): 3.477006678468158E9
New best solution in iteration 70: 1.9536575201445985E9
AVG (iterations 60 to 80): 3.4947492643718705E9
New best solution in iteration 93: 1.5866616199388697E9
AVG (iterations 80 to 100): 3.4935404640082335E9
AVG (iterations 100 to 120): 3.9144561858996224E9
AVG (iterations 120 to 140): 3.7583497902061806E9
AVG (iterations 140 to 160): 3.168223527463827E9
New best solution in iteration 163: 1.1373630600778842E9
New best solution in iteration 169: 1.0168006676644635E9
New best solution in iteration 170: 9.659374623256403E8
New best solution in iteration 171: 7.769238265162127E8
New best solution in iteration 172: 2.5375089768369165E8
New best solution in iteration 178: 1.65431688314667E8
AVG (iterations 160 to 180): 1.1669083324228802E9
New best solution in iteration 182: 1.495180174622108E8
New best solution in iteration 185: 1.1093919427813162E8
New best solution in iteration 190: 6.578056363519589E7
New best solution in iteration 193: 6.4520756203363724E7
New best solution in iteration 194: 3.3205066214612916E7
New best solution in iteration 195: 3.1916528643585507E7
New best solution in iteration 198: 3.0393518352004908E7
AVG (iterations 180 to 200): 2.0173392218508872E8
New best solution in iteration 202: 2.92270291040027E7
New best solution in iteration 206: 2.843683938697129E7
New best solution in iteration 208: 2.8293705168713287E7
New best solution in iteration 214: 2.603678805335573E7
AVG (iterations 200 to 220): 4.8973127331243955E7
AVG (iterations 220 to 240): 2.933516165586124E7
AVG (iterations 240 to 260): 2.704797061920966E7
New best solution in iteration 262: 2.5961396754332E7
AVG (iterations 260 to 280): 2.689575788230998E7
New best solution in iteration 283: 2.5952600240295514E7
New best solution in iteration 284: 2.5680957172465865E7
New best solution in iteration 286: 2.5641944995067395E7
New best solution in iteration 297: 2.529928710268331E7
AVG (iterations 280 to 300): 2.645583506166089E7
New best solution in iteration 312: 2.5148565430729438E7
AVG (iterations 300 to 320): 2.6500801281468533E7
AVG (iterations 320 to 340): 2.666855776632016E7
New best solution in iteration 349: 2.4915595998787083E7
New best solution in iteration 360: 2.4697185467932902E7
AVG (iterations 340 to 360): 2.626249811777345E7
AVG (iterations 360 to 380): 2.6771790377477225E7
AVG (iterations 380 to 400): 2.6451283827775232E7
AVG (iterations 400 to 420): 2.6310580793974716E7
AVG (iterations 420 to 440): 2.612030444706146E7
AVG (iterations 440 to 460): 2.6601233319291078E7
AVG (iterations 460 to 480): 2.6309977409830827E7
New best solution in iteration 497: 2.4613643734315794E7
AVG (iterations 480 to 500): 2.621616260780432E7
AVG (iterations 500 to 520): 2.586459501453394E7
AVG (iterations 520 to 540): 2.63533368208083E7
AVG (iterations 540 to 560): 2.6212643030325755E7
AVG (iterations 560 to 580): 2.603033098473652E7
AVG (iterations 580 to 600): 2.6224386564677987E7
AVG (iterations 600 to 620): 2.6329228395219453E7
AVG (iterations 620 to 640): 2.6286144747802816E7
AVG (iterations 640 to 660): 2.619066833050678E7
New best solution in iteration 663: 2.42598746713387E7
AVG (iterations 660 to 680): 2.582398839933107E7
AVG (iterations 680 to 700): 2.5916035814305723E7
AVG (iterations 700 to 720): 2.609201589163216E7
New best solution in iteration 738: 2.4193093155446354E7
AVG (iterations 720 to 740): 2.5654457201204125E7
New best solution in iteration 749: 2.407434438895594E7
AVG (iterations 740 to 760): 2.5981648025396075E7
AVG (iterations 760 to 780): 2.6423852976229765E7
AVG (iterations 780 to 800): 2.59571079483942E7
AVG (iterations 800 to 820): 2.6246781769926675E7
AVG (iterations 820 to 840): 2.5667701642986953E7
AVG (iterations 840 to 860): 2.5805019927317392E7
AVG (iterations 860 to 880): 2.5847210474766623E7
AVG (iterations 880 to 900): 2.624957385380923E7
AVG (iterations 900 to 920): 2.551541382875735E7
New best solution in iteration 938: 2.406202363850974E7
AVG (iterations 920 to 940): 2.568198689743329E7
AVG (iterations 940 to 960): 2.591831276371378E7
AVG (iterations 960 to 980): 2.616443753893694E7
Solution from ACO:
0 (38.8185) --> [279, 98]
1 --> []
2 (26.5090) --> [111, 282]
3 (28.3563) --> [466]
4 (55.0576) --> [236]
5 (27.9633) --> [449]
6 (20.3847) --> [68]
7 (22.6022) --> [423]
8 --> []
9 --> []
10 (59.1663) --> [87, 67]
11 --> []
12 --> []
13 (65.0499) --> [14, 123]
14 (17.5338) --> [23]
15 (44.8793) --> [323]
16 (24.6583) --> [456]
17 (34.7839) --> [137]
18 --> []
19 (29.5574) --> [357]
20 (69.5063) --> [341]
21 (19.9264) --> [284, 159]
22 --> []
23 (70.2501) --> [101]
24 (31.1814) --> [207]
25 (46.6723) --> [246, 161]
26 (6.1353) --> [330, 195]
27 (17.5477) --> [167, 202]
28 --> []
29 (23.3376) --> [481]
30 (61.9892) --> [451, 498]
31 (66.2526) --> [277, 106]
32 (59.8093) --> [347, 230]
33 (42.9633) --> [422, 394]
34 --> []
35 --> []
36 (34.2640) --> [141]
37 (16.9001) --> [473]
38 (41.4123) --> [304]
39 (34.9365) --> [358]
40 (18.3260) --> [436]
41 --> []
42 --> []
43 (50.4373) --> [390]
44 (18.0590) --> [212]
45 --> []
46 (49.6451) --> [379, 176]
47 (30.9065) --> [285]
48 (18.7255) --> [480]
49 (24.3836) --> [249]
50 (12.5542) --> [307]
51 (19.5887) --> [388]
52 --> []
53 --> []
54 (33.9513) --> [315]
55 (41.3990) --> [376, 319]
56 (59.6487) --> [314, 412]
57 --> []
58 (15.5512) --> [125]
59 --> []
60 (49.1180) --> [438, 340]
61 (26.4968) --> [172]
62 --> []
63 --> []
64 (39.5870) --> [442, 420]
65 (49.5326) --> [335]
66 (19.8117) --> [27]
67 (7.0654) --> [96]
68 --> []
69 (20.1963) --> [431, 433]
70 (19.5701) --> [16]
71 --> []
72 (57.9090) --> [303]
73 (30.4790) --> [35]
74 (24.7473) --> [114, 84]
75 (43.9364) --> [104, 407]
76 (43.2501) --> [188]
77 (21.3920) --> [254]
78 --> []
79 --> []
80 (38.8136) --> [268]
81 (11.4444) --> [178, 374]
82 --> []
83 --> []
84 --> []
85 (25.0236) --> [157, 204]
86 (12.2390) --> [385]
87 (58.5083) --> [475]
88 (19.5462) --> [102, 396]
89 --> []
90 --> []
91 (60.5837) --> [129]
92 (24.7539) --> [312]
93 (34.8390) --> [169]
94 (31.9053) --> [218, 155]
95 (30.0268) --> [322, 267]
96 (66.3007) --> [151]
97 --> []
98 (48.6328) --> [395, 162]
99 --> []
100 --> []
101 (49.6472) --> [424]
102 (31.9085) --> [381]
103 (39.2305) --> [216, 13]
104 (24.6065) --> [372]
105 (27.7047) --> [337, 404]
106 (23.9405) --> [413]
107 (70.9271) --> [497, 296]
108 (22.9921) --> [382, 91]
109 (47.3347) --> [175, 380]
110 (26.6047) --> [198, 82]
111 --> []
112 (42.2776) --> [122]
113 (23.4853) --> [146]
114 (39.0500) --> [28]
115 --> []
116 --> []
117 (35.4868) --> [275]
118 (30.8362) --> [184, 346]
119 (51.3955) --> [140]
120 (30.1345) --> [472]
121 (61.7299) --> [6]
122 (45.2671) --> [124]
123 (13.3839) --> [469]
124 (8.9846) --> [227]
125 (59.5966) --> [494]
126 (43.9683) --> [32]
127 (37.4191) --> [37]
128 --> []
129 (62.4579) --> [144]
130 --> []
131 (23.6890) --> [302]
132 (42.9024) --> [62]
133 (22.6341) --> [232, 496]
134 (22.0112) --> [163]
135 (39.8860) --> [299]
136 (35.1625) --> [164]
137 (36.0694) --> [247]
138 (36.0360) --> [443]
139 (6.8373) --> [215]
140 --> []
141 (26.9298) --> [418, 419]
142 (17.7615) --> [21]
143 (19.9626) --> [118]
144 (57.9797) --> [391, 132]
145 (22.8842) --> [10]
146 (35.1518) --> [490, 370]
147 (34.4372) --> [33]
148 (24.2915) --> [205]
149 --> []
150 (31.3600) --> [220, 130]
151 (57.9784) --> [133, 190]
152 (32.7010) --> [221]
153 --> []
154 (16.0577) --> [211]
155 (30.9356) --> [343]
156 (22.2595) --> [149]
157 (21.9848) --> [61]
158 --> []
159 --> []
160 (41.4841) --> [83, 208]
161 (31.2311) --> [474, 439]
162 --> []
163 (26.1649) --> [213]
164 --> []
165 (25.9575) --> [327]
166 (27.2402) --> [180]
167 (38.7845) --> [269, 2]
168 (26.6761) --> [411, 142, 331]
169 (20.8254) --> [454]
170 (27.9104) --> [367]
171 (45.1717) --> [491]
172 (20.2595) --> [64, 293]
173 (39.3262) --> [203]
174 --> []
175 (33.5498) --> [350, 410]
176 (21.8066) --> [352, 173]
177 (23.4394) --> [43]
178 (37.4846) --> [8, 166]
179 --> []
180 (27.5271) --> [409]
181 --> []
182 (41.7218) --> [26]
183 --> []
184 (14.3945) --> [103]
185 --> []
186 (31.5568) --> [486]
187 (31.9739) --> [225]
188 (58.4971) --> [339]
189 (14.3563) --> [134]
190 (44.4926) --> [226]
191 (34.1332) --> [97, 295]
192 (43.5359) --> [77, 4]
193 (44.0476) --> [41]
194 --> []
195 --> []
196 (36.4672) --> [56, 199]
197 (38.3668) --> [182, 485]
198 --> []
199 (19.3435) --> [29]
200 (43.3646) --> [88]
201 --> []
202 (56.1908) --> [383]
203 (52.7838) --> [120, 241, 253]
204 --> []
205 (33.4214) --> [397]
206 (31.2873) --> [222]
207 --> []
208 (28.9593) --> [349]
209 --> []
210 --> []
211 (26.2746) --> [378]
212 --> []
213 (20.3760) --> [234]
214 (41.7320) --> [70]
215 (34.3776) --> [414]
216 --> []
217 (6.6914) --> [245]
218 --> []
219 (24.8441) --> [65]
220 (17.2642) --> [50]
221 --> []
222 --> []
223 (11.9921) --> [31]
224 --> []
225 (33.9930) --> [48, 55]
226 --> []
227 (63.7583) --> [460, 435]
228 (4.2679) --> [40]
229 (60.7534) --> [359, 458]
230 (18.9764) --> [256]
231 (55.1669) --> [38, 69]
232 (36.8987) --> [465]
233 (18.1669) --> [287, 126, 243]
234 (32.0154) --> [408]
235 (46.4539) --> [42]
236 (11.9593) --> [168]
237 (25.9446) --> [239]
238 (55.4856) --> [201]
239 (25.3180) --> [272, 209]
240 (39.7643) --> [108]
241 (15.3047) --> [369]
242 (21.9549) --> [318]
243 (62.1286) --> [484, 237]
244 (44.0217) --> [387]
245 (19.7404) --> [147]
246 (18.5623) --> [46]
247 (51.4054) --> [321]
248 (23.6232) --> [58]
249 (18.4502) --> [402]
250 (32.3985) --> [470, 477]
251 (4.7831) --> [76]
252 (24.5649) --> [320]
253 (36.5684) --> [399]
254 (47.1259) --> [74, 363]
255 (25.2369) --> [271]
256 (23.1515) --> [415]
257 (86.6927) --> [53, 63]
258 (43.2285) --> [445, 223]
259 (20.8440) --> [85]
260 --> []
261 --> []
262 (5.9469) --> [92]
263 (27.6284) --> [291, 461]
264 (52.1683) --> [342]
265 --> []
266 (26.0428) --> [368, 356]
267 (38.9529) --> [181]
268 (39.2751) --> [214]
269 (29.0604) --> [400]
270 --> []
271 (42.2191) --> [345]
272 (41.4858) --> [266]
273 --> []
274 --> []
275 (47.5817) --> [138]
276 (17.3676) --> [152]
277 (53.0511) --> [448, 251]
278 (18.3676) --> [326]
279 (26.6340) --> [3, 483]
280 --> []
281 --> []
282 --> []
283 (40.8851) --> [355, 468]
284 --> []
285 (9.2146) --> [283]
286 (31.2010) --> [18, 100]
287 --> []
288 (34.6957) --> [196]
289 --> []
290 (57.2377) --> [428]
291 --> []
292 (54.3721) --> [112]
293 (21.8066) --> [95]
294 (14.2987) --> [467]
295 (49.4754) --> [224]
296 (29.1928) --> [72]
297 (52.2838) --> [440]
298 (46.9846) --> [360, 263]
299 (45.2886) --> [57, 373]
300 (46.9776) --> [265]
301 (60.6077) --> [193, 51]
302 --> []
303 (31.6896) --> [139, 464]
304 (51.2651) --> [24]
305 (55.1563) --> [244, 233]
306 (19.0598) --> [403]
307 --> []
308 --> []
309 --> []
310 (14.2395) --> [15]
311 (36.8712) --> [250]
312 (39.3626) --> [261]
313 (52.4679) --> [495, 255]
314 (53.5034) --> [281]
315 (20.1839) --> [417]
316 (54.5903) --> [278]
317 (20.7799) --> [45]
318 (66.1019) --> [153, 17]
319 (32.0788) --> [109]
320 (27.8056) --> [136]
321 (41.8348) --> [450, 229]
322 (37.3818) --> [30]
323 (54.2509) --> [160, 39]
324 (22.3223) --> [117]
325 (35.0917) --> [128]
326 (33.7732) --> [210]
327 (32.0481) --> [197, 405]
328 (52.6300) --> [447]
329 (36.2814) --> [36]
330 --> []
331 (50.2653) --> [492]
332 (23.6726) --> [479]
333 (28.3982) --> [463, 489]
334 (16.8393) --> [179]
335 (65.8235) --> [361]
336 (48.8163) --> [338, 47]
337 (25.2333) --> [336]
338 (43.2089) --> [328]
339 (48.7665) --> [150]
340 (10.6461) --> [113]
341 (7.9428) --> [298]
342 --> []
343 (23.9363) --> [457]
344 (42.0344) --> [446]
345 (21.0647) --> [183]
346 --> []
347 --> []
348 (45.0423) --> [206, 22]
349 --> []
350 (48.0927) --> [248]
351 (34.9225) --> [324]
352 (31.6437) --> [186]
353 (66.6847) --> [260]
354 (33.3615) --> [452]
355 --> []
356 (43.0650) --> [145]
357 (32.6841) --> [377]
358 --> []
359 --> []
360 (37.3724) --> [25, 426]
361 (24.5866) --> [313]
362 (6.2326) --> [384]
363 (28.3236) --> [462, 393]
364 (31.1093) --> [19, 453]
365 (30.1914) --> [301]
366 (35.7184) --> [311]
367 (23.6120) --> [308]
368 (51.8551) --> [371, 99]
369 (14.2557) --> [317]
370 (31.9044) --> [105, 12]
371 --> []
372 (40.6506) --> [406]
373 (21.7464) --> [273]
374 --> []
375 (23.4090) --> [488, 52]
376 (14.2717) --> [228, 78]
377 (33.1113) --> [44]
378 (33.0129) --> [20]
379 --> []
380 (21.9066) --> [54]
381 (35.7300) --> [499]
382 --> []
383 (49.8669) --> [81, 482]
384 (42.2916) --> [192]
385 --> []
386 (46.5035) --> [425]
387 (40.2885) --> [143]
388 (24.7533) --> [9]
389 --> []
390 (46.0338) --> [200, 354]
391 (56.6811) --> [242]
392 (30.4340) --> [165]
393 (44.5422) --> [219]
394 (57.0959) --> [34, 258]
395 (21.2524) --> [430]
396 --> []
397 --> []
398 (35.2420) --> [158]
399 (43.6443) --> [156]
400 (44.1419) --> [329, 174]
401 (65.1906) --> [286]
402 (17.0226) --> [89, 365]
403 (21.6630) --> [344]
404 (19.3648) --> [187]
405 (11.0208) --> [1]
406 (34.2023) --> [416]
407 (26.5353) --> [366]
408 (16.6030) --> [276]
409 (32.3485) --> [429, 290]
410 (16.0330) --> [297]
411 (33.3613) --> [177]
412 --> []
413 (37.4932) --> [264]
414 (51.6819) --> [79, 110]
415 --> []
416 --> []
417 (29.1342) --> [375]
418 (33.2571) --> [294]
419 (11.8780) --> [364]
420 (14.6975) --> [154]
421 (33.2540) --> [107]
422 (31.7364) --> [259]
423 (48.1713) --> [476, 171]
424 --> []
425 (32.6336) --> [49, 306]
426 --> []
427 (38.0268) --> [459, 351]
428 (40.6538) --> [478]
429 (43.2692) --> [257]
430 (40.3944) --> [191, 238]
431 (24.5457) --> [362]
432 (36.2032) --> [437]
433 (27.5772) --> [148, 434, 252]
434 --> []
435 (11.8826) --> [86]
436 --> []
437 (29.8014) --> [94]
438 (48.2607) --> [310, 93]
439 --> []
440 (50.7645) --> [217]
441 --> []
442 (24.1916) --> [333, 115]
443 (6.7737) --> [292]
444 (32.6759) --> [59]
445 --> []
446 (38.3854) --> [432, 11, 5]
447 (62.6395) --> [427]
448 --> []
449 --> []
450 (45.1485) --> [493]
451 --> []
452 --> []
453 (51.4707) --> [119]
454 (36.9258) --> [262, 401]
455 (19.2941) --> [421]
456 --> []
457 (25.8799) --> [487]
458 (50.1707) --> [325]
459 (40.1630) --> [288]
460 --> []
461 (36.5863) --> [231, 455]
462 (31.5344) --> [316]
463 (6.7902) --> [131]
464 (43.2298) --> [189, 90]
465 (23.1952) --> [398]
466 (23.7577) --> [60]
467 (14.9267) --> [194]
468 (18.6032) --> [135, 332]
469 (43.3977) --> [80]
470 (66.7355) --> [280]
471 (35.2694) --> [444, 348]
472 (48.8788) --> [441, 121]
473 --> []
474 (17.4476) --> [334]
475 (42.1143) --> [270, 392, 386]
476 (29.0732) --> [170]
477 --> []
478 (46.2610) --> [309]
479 (42.7187) --> [389, 71]
480 --> []
481 (28.0274) --> [289, 240]
482 --> []
483 (45.4316) --> [353, 127]
484 --> []
485 (24.7565) --> [235]
486 --> []
487 --> []
488 (16.7009) --> [73]
489 (32.5606) --> [300]
490 --> []
491 --> []
492 (35.8904) --> [274, 66]
493 (22.9172) --> [185]
494 (38.1835) --> [305]
495 (19.5491) --> [75]
496 (29.7562) --> [471]
497 --> []
498 (46.9861) --> [116]
499 (24.3208) --> [7]

Solution energy from ACO: 2.406202363850974E7
trying to improve with local search...
final Solution:
0 (43.2066) --> [98, 466]
1 --> []
2 (26.5090) --> [111, 282]
3 (5.7998) --> [279]
4 (55.0576) --> [236]
5 (27.9633) --> [449]
6 (20.3847) --> [68]
7 (22.6022) --> [423]
8 --> []
9 --> []
10 (59.1663) --> [87, 67]
11 --> []
12 --> []
13 (65.0499) --> [14, 123]
14 (17.5338) --> [23]
15 (44.8793) --> [323]
16 (24.6583) --> [456]
17 (34.7839) --> [137]
18 --> []
19 (29.5574) --> [357]
20 (69.5063) --> [341]
21 (19.9264) --> [284, 159]
22 --> []
23 (70.2501) --> [101]
24 (31.1814) --> [207]
25 (46.6723) --> [246, 161]
26 (6.1353) --> [330, 195]
27 (17.5477) --> [167, 202]
28 --> []
29 (23.3376) --> [481]
30 (61.9892) --> [451, 498]
31 (66.2526) --> [277, 106]
32 (59.8093) --> [347, 230]
33 (42.9633) --> [422, 394]
34 --> []
35 --> []
36 (34.2640) --> [141]
37 (16.9001) --> [473]
38 (41.4123) --> [304]
39 (34.9365) --> [358]
40 (18.3260) --> [436]
41 --> []
42 --> []
43 (50.4373) --> [390]
44 (18.0590) --> [212]
45 --> []
46 (49.6451) --> [379, 176]
47 (30.9065) --> [285]
48 (18.7255) --> [480]
49 (24.3836) --> [249]
50 (12.5542) --> [307]
51 (19.5887) --> [388]
52 --> []
53 --> []
54 (33.9513) --> [315]
55 (41.3990) --> [376, 319]
56 (59.6487) --> [314, 412]
57 --> []
58 (15.5512) --> [125]
59 --> []
60 (49.1180) --> [438, 340]
61 (26.4968) --> [172]
62 --> []
63 --> []
64 (39.5870) --> [442, 420]
65 (49.5326) --> [335]
66 (19.8117) --> [27]
67 (7.0654) --> [96]
68 --> []
69 (20.1963) --> [431, 433]
70 (19.5701) --> [16]
71 --> []
72 (57.9090) --> [303]
73 (30.4790) --> [35]
74 (24.7473) --> [114, 84]
75 (43.9364) --> [104, 407]
76 (43.2501) --> [188]
77 (21.3920) --> [254]
78 --> []
79 --> []
80 (38.8136) --> [268]
81 (11.4444) --> [178, 374]
82 --> []
83 --> []
84 --> []
85 (25.0236) --> [157, 204]
86 (12.2390) --> [385]
87 (58.5083) --> [475]
88 (19.5462) --> [102, 396]
89 --> []
90 --> []
91 (60.5837) --> [129]
92 (24.7539) --> [312]
93 (34.8390) --> [169]
94 (31.9053) --> [218, 155]
95 (30.0268) --> [322, 267]
96 (66.3007) --> [151]
97 --> []
98 (48.6328) --> [395, 162]
99 --> []
100 --> []
101 (49.6472) --> [424]
102 (31.9085) --> [381]
103 (39.2305) --> [216, 13]
104 (24.6065) --> [372]
105 (27.7047) --> [337, 404]
106 (23.9405) --> [413]
107 (70.9271) --> [497, 296]
108 (22.9921) --> [382, 91]
109 (47.3347) --> [175, 380]
110 (26.6047) --> [198, 82]
111 --> []
112 (42.2776) --> [122]
113 (23.4853) --> [146]
114 (39.0500) --> [28]
115 --> []
116 --> []
117 (35.4868) --> [275]
118 (30.8362) --> [184, 346]
119 (51.3955) --> [140]
120 (30.1345) --> [472]
121 (61.7299) --> [6]
122 (45.2671) --> [124]
123 (13.3839) --> [469]
124 (8.9846) --> [227]
125 (59.5966) --> [494]
126 (43.9683) --> [32]
127 (37.4191) --> [37]
128 --> []
129 (62.4579) --> [144]
130 --> []
131 (23.6890) --> [302]
132 (42.9024) --> [62]
133 (22.6341) --> [232, 496]
134 (22.0112) --> [163]
135 (39.8860) --> [299]
136 (35.1625) --> [164]
137 (36.0694) --> [247]
138 (36.0360) --> [443]
139 (6.8373) --> [215]
140 --> []
141 (26.9298) --> [418, 419]
142 (17.7615) --> [21]
143 (19.9626) --> [118]
144 (57.9797) --> [391, 132]
145 (22.8842) --> [10]
146 (35.1518) --> [490, 370]
147 (34.4372) --> [33]
148 (24.2915) --> [205]
149 --> []
150 (31.3600) --> [220, 130]
151 (57.9784) --> [133, 190]
152 (32.7010) --> [221]
153 --> []
154 (16.0577) --> [211]
155 (30.9356) --> [343]
156 (22.2595) --> [149]
157 (21.9848) --> [61]
158 --> []
159 --> []
160 (41.4841) --> [83, 208]
161 (31.2311) --> [474, 439]
162 --> []
163 (26.1649) --> [213]
164 --> []
165 (25.9575) --> [327]
166 (27.2402) --> [180]
167 (38.7845) --> [269, 2]
168 (26.6761) --> [411, 142, 331]
169 (20.8254) --> [454]
170 (27.9104) --> [367]
171 (45.1717) --> [491]
172 (20.2595) --> [64, 293]
173 (39.3262) --> [203]
174 --> []
175 (33.5498) --> [350, 410]
176 (21.8066) --> [352, 173]
177 (23.4394) --> [43]
178 (37.4846) --> [8, 166]
179 --> []
180 (27.5271) --> [409]
181 --> []
182 (41.7218) --> [26]
183 --> []
184 (14.3945) --> [103]
185 --> []
186 (31.5568) --> [486]
187 (31.9739) --> [225]
188 (58.4971) --> [339]
189 (14.3563) --> [134]
190 (44.4926) --> [226]
191 (34.1332) --> [97, 295]
192 (43.5359) --> [77, 4]
193 (44.0476) --> [41]
194 --> []
195 --> []
196 (36.4672) --> [56, 199]
197 (38.3668) --> [182, 485]
198 --> []
199 (19.3435) --> [29]
200 (43.3646) --> [88]
201 --> []
202 (56.1908) --> [383]
203 (52.7838) --> [120, 241, 253]
204 --> []
205 (33.4214) --> [397]
206 (31.2873) --> [222]
207 --> []
208 (28.9593) --> [349]
209 --> []
210 --> []
211 (26.2746) --> [378]
212 --> []
213 (20.3760) --> [234]
214 (41.7320) --> [70]
215 (34.3776) --> [414]
216 --> []
217 (6.6914) --> [245]
218 --> []
219 (24.8441) --> [65]
220 (17.2642) --> [50]
221 --> []
222 --> []
223 (11.9921) --> [31]
224 --> []
225 (33.9930) --> [48, 55]
226 --> []
227 (63.7583) --> [460, 435]
228 (4.2679) --> [40]
229 (60.7534) --> [359, 458]
230 (18.9764) --> [256]
231 (55.1669) --> [38, 69]
232 (36.8987) --> [465]
233 (18.1669) --> [287, 126, 243]
234 (32.0154) --> [408]
235 (46.4539) --> [42]
236 (11.9593) --> [168]
237 (25.9446) --> [239]
238 (55.4856) --> [201]
239 (25.3180) --> [272, 209]
240 (39.7643) --> [108]
241 (15.3047) --> [369]
242 (21.9549) --> [318]
243 (62.1286) --> [484, 237]
244 (44.0217) --> [387]
245 (19.7404) --> [147]
246 (18.5623) --> [46]
247 (51.4054) --> [321]
248 (23.6232) --> [58]
249 (18.4502) --> [402]
250 (32.3985) --> [470, 477]
251 (4.7831) --> [76]
252 (24.5649) --> [320]
253 (36.5684) --> [399]
254 (47.1259) --> [74, 363]
255 (25.2369) --> [271]
256 (23.1515) --> [415]
257 (86.6927) --> [53, 63]
258 (43.2285) --> [445, 223]
259 (20.8440) --> [85]
260 --> []
261 --> []
262 (5.9469) --> [92]
263 (27.6284) --> [291, 461]
264 (52.1683) --> [342]
265 --> []
266 (26.0428) --> [368, 356]
267 (38.9529) --> [181]
268 (39.2751) --> [214]
269 (29.0604) --> [400]
270 --> []
271 (42.2191) --> [345]
272 (41.4858) --> [266]
273 --> []
274 --> []
275 (47.5817) --> [138]
276 (17.3676) --> [152]
277 (53.0511) --> [448, 251]
278 (18.3676) --> [326]
279 (26.6340) --> [3, 483]
280 --> []
281 --> []
282 --> []
283 (40.8851) --> [355, 468]
284 --> []
285 (9.2146) --> [283]
286 (31.2010) --> [18, 100]
287 --> []
288 (34.6957) --> [196]
289 --> []
290 (57.2377) --> [428]
291 --> []
292 (54.3721) --> [112]
293 (21.8066) --> [95]
294 (14.2987) --> [467]
295 (49.4754) --> [224]
296 (29.1928) --> [72]
297 (52.2838) --> [440]
298 (46.9846) --> [360, 263]
299 (45.2886) --> [57, 373]
300 (46.9776) --> [265]
301 (60.6077) --> [193, 51]
302 --> []
303 (31.6896) --> [139, 464]
304 (51.2651) --> [24]
305 (55.1563) --> [244, 233]
306 (19.0598) --> [403]
307 --> []
308 --> []
309 --> []
310 (14.2395) --> [15]
311 (36.8712) --> [250]
312 (39.3626) --> [261]
313 (52.4679) --> [495, 255]
314 (53.5034) --> [281]
315 (20.1839) --> [417]
316 (54.5903) --> [278]
317 (20.7799) --> [45]
318 (66.1019) --> [153, 17]
319 (32.0788) --> [109]
320 (27.8056) --> [136]
321 (41.8348) --> [450, 229]
322 (37.3818) --> [30]
323 (54.2509) --> [160, 39]
324 (22.3223) --> [117]
325 (35.0917) --> [128]
326 (33.7732) --> [210]
327 (32.0481) --> [197, 405]
328 (52.6300) --> [447]
329 (36.2814) --> [36]
330 --> []
331 (50.2653) --> [492]
332 (23.6726) --> [479]
333 (28.3982) --> [463, 489]
334 (16.8393) --> [179]
335 (65.8235) --> [361]
336 (48.8163) --> [338, 47]
337 (25.2333) --> [336]
338 (43.2089) --> [328]
339 (48.7665) --> [150]
340 (10.6461) --> [113]
341 (7.9428) --> [298]
342 --> []
343 (23.9363) --> [457]
344 (42.0344) --> [446]
345 (21.0647) --> [183]
346 --> []
347 --> []
348 (45.0423) --> [206, 22]
349 --> []
350 (48.0927) --> [248]
351 (34.9225) --> [324]
352 (31.6437) --> [186]
353 (66.6847) --> [260]
354 (33.3615) --> [452]
355 --> []
356 (43.0650) --> [145]
357 (32.6841) --> [377]
358 --> []
359 --> []
360 (37.3724) --> [25, 426]
361 (24.5866) --> [313]
362 (6.2326) --> [384]
363 (28.3236) --> [462, 393]
364 (31.1093) --> [19, 453]
365 (30.1914) --> [301]
366 (35.7184) --> [311]
367 (23.6120) --> [308]
368 (51.8551) --> [371, 99]
369 (14.2557) --> [317]
370 (31.9044) --> [105, 12]
371 --> []
372 (40.6506) --> [406]
373 (21.7464) --> [273]
374 --> []
375 (23.4090) --> [488, 52]
376 (14.2717) --> [228, 78]
377 (33.1113) --> [44]
378 (33.0129) --> [20]
379 --> []
380 (21.9066) --> [54]
381 (35.7300) --> [499]
382 --> []
383 (49.8669) --> [81, 482]
384 (42.2916) --> [192]
385 --> []
386 (46.5035) --> [425]
387 (40.2885) --> [143]
388 (24.7533) --> [9]
389 --> []
390 (46.0338) --> [200, 354]
391 (56.6811) --> [242]
392 (11.0674) --> [270]
393 (44.5422) --> [219]
394 (57.0959) --> [34, 258]
395 (21.2524) --> [430]
396 --> []
397 --> []
398 (35.2420) --> [158]
399 (43.6443) --> [156]
400 (44.1419) --> [329, 174]
401 (65.1906) --> [286]
402 (17.0226) --> [89, 365]
403 (21.6630) --> [344]
404 (19.3648) --> [187]
405 (11.0208) --> [1]
406 (34.2023) --> [416]
407 (26.5353) --> [366]
408 (16.6030) --> [276]
409 (32.3485) --> [429, 290]
410 (16.0330) --> [297]
411 (33.3613) --> [177]
412 --> []
413 (37.4932) --> [264]
414 (51.6819) --> [79, 110]
415 --> []
416 --> []
417 (29.1342) --> [375]
418 (33.2571) --> [294]
419 (11.8780) --> [364]
420 (14.6975) --> [154]
421 (33.2540) --> [107]
422 (31.7364) --> [259]
423 (48.1713) --> [476, 171]
424 --> []
425 (32.6336) --> [49, 306]
426 --> []
427 (38.0268) --> [459, 351]
428 (40.6538) --> [478]
429 (43.2692) --> [257]
430 (40.3944) --> [191, 238]
431 (24.5457) --> [362]
432 (36.2032) --> [437]
433 (27.5772) --> [148, 434, 252]
434 --> []
435 (11.8826) --> [86]
436 --> []
437 (29.8014) --> [94]
438 (48.2607) --> [310, 93]
439 --> []
440 (50.7645) --> [217]
441 --> []
442 (24.1916) --> [333, 115]
443 (6.7737) --> [292]
444 (32.6759) --> [59]
445 --> []
446 (38.3854) --> [432, 11, 5]
447 (62.6395) --> [427]
448 --> []
449 --> []
450 (45.1485) --> [493]
451 --> []
452 --> []
453 (51.4707) --> [119]
454 (36.9258) --> [262, 401]
455 (19.2941) --> [421]
456 --> []
457 (25.8799) --> [487]
458 (50.1707) --> [325]
459 (40.1630) --> [288]
460 --> []
461 (36.5863) --> [231, 455]
462 (31.5344) --> [316]
463 (6.7902) --> [131]
464 (43.2298) --> [189, 90]
465 (23.1952) --> [398]
466 (23.7577) --> [60]
467 (14.9267) --> [194]
468 (18.6032) --> [135, 332]
469 (43.3977) --> [80]
470 (66.7355) --> [280]
471 (35.2694) --> [444, 348]
472 (48.8788) --> [441, 121]
473 --> []
474 (17.4476) --> [334]
475 (42.1143) --> [392, 386, 165]
476 (29.0732) --> [170]
477 --> []
478 (46.2610) --> [309]
479 (42.7187) --> [389, 71]
480 --> []
481 (28.0274) --> [289, 240]
482 --> []
483 (45.4316) --> [353, 127]
484 --> []
485 (24.7565) --> [235]
486 --> []
487 --> []
488 (16.7009) --> [73]
489 (32.5606) --> [300]
490 --> []
491 --> []
492 (35.8904) --> [274, 66]
493 (22.9172) --> [185]
494 (38.1835) --> [305]
495 (19.5491) --> [75]
496 (29.7562) --> [471]
497 --> []
498 (46.9861) --> [116]
499 (24.3208) --> [7]

final Solution energy: 2.4034749201945886E7
Calculated in 376813ms
Ants=1000, alpha=0.6, beta=3.0, evaporate factor=0.07
(for ../../mebp/mebp-10.dat)
