New best solution in iteration 0: 2.1957501275153003E9
New best solution in iteration 1: 6.595918079994549E8
New best solution in iteration 15: 4.067973258336979E8
AVG (iterations 0 to 20): 1.5176819250548806E9
New best solution in iteration 26: 2.6194321805877435E8
AVG (iterations 20 to 40): 1.2738539671251864E9
AVG (iterations 40 to 60): 1.1219320146581087E9
AVG (iterations 60 to 80): 1.0139584326286806E9
AVG (iterations 80 to 100): 1.1577307549576197E9
AVG (iterations 100 to 120): 1.0774317680414805E9
AVG (iterations 120 to 140): 9.568241027407064E8
New best solution in iteration 156: 1.776712056052768E8
AVG (iterations 140 to 160): 5.765055328820693E8
New best solution in iteration 165: 1.6272870095624474E8
New best solution in iteration 166: 1.4647818033548343E8
New best solution in iteration 170: 1.230921641185274E8
New best solution in iteration 178: 1.2151312827403332E8
New best solution in iteration 179: 9.71276120893289E7
AVG (iterations 160 to 180): 2.2262597123401037E8
New best solution in iteration 185: 9.700550727558269E7
New best solution in iteration 189: 8.88554959857116E7
AVG (iterations 180 to 200): 1.1484233983158389E8
New best solution in iteration 209: 8.564252946155028E7
New best solution in iteration 218: 8.383742360032232E7
AVG (iterations 200 to 220): 1.0569616013975397E8
New best solution in iteration 227: 7.739349764761992E7
AVG (iterations 220 to 240): 9.529650819522151E7
AVG (iterations 240 to 260): 9.78630821821541E7
AVG (iterations 260 to 280): 9.414471244254209E7
New best solution in iteration 286: 7.700339239679542E7
AVG (iterations 280 to 300): 8.891029274831921E7
New best solution in iteration 315: 7.651972486948143E7
AVG (iterations 300 to 320): 9.065699701376072E7
AVG (iterations 320 to 340): 8.755810292060944E7
AVG (iterations 340 to 360): 8.685973972068468E7
AVG (iterations 360 to 380): 8.985151036805822E7
AVG (iterations 380 to 400): 8.468761805035184E7
New best solution in iteration 419: 7.602356140233381E7
AVG (iterations 400 to 420): 8.404299835564011E7
New best solution in iteration 435: 7.584014962534124E7
AVG (iterations 420 to 440): 8.604125916702645E7
AVG (iterations 440 to 460): 8.89566927446257E7
New best solution in iteration 475: 7.495591081093486E7
AVG (iterations 460 to 480): 8.477331089766088E7
AVG (iterations 480 to 500): 8.806825862535077E7
AVG (iterations 500 to 520): 8.779444795944826E7
AVG (iterations 520 to 540): 8.862896383692987E7
AVG (iterations 540 to 560): 8.515887570640275E7
AVG (iterations 560 to 580): 8.999357973664299E7
AVG (iterations 580 to 600): 9.026483584127197E7
AVG (iterations 600 to 620): 9.163880300215857E7
AVG (iterations 620 to 640): 8.790931976843184E7
AVG (iterations 640 to 660): 9.075884058442722E7
AVG (iterations 660 to 680): 8.331456965845631E7
AVG (iterations 680 to 700): 8.398848244948058E7
AVG (iterations 700 to 720): 8.766932713213763E7
AVG (iterations 720 to 740): 8.942695014799702E7
AVG (iterations 740 to 760): 8.863117509323679E7
AVG (iterations 760 to 780): 8.85563122214449E7
AVG (iterations 780 to 800): 8.78535413763059E7
AVG (iterations 800 to 820): 8.965264985334124E7
AVG (iterations 820 to 840): 8.545523442389633E7
AVG (iterations 840 to 860): 8.659456336535913E7
AVG (iterations 860 to 880): 8.346098165606192E7
AVG (iterations 880 to 900): 8.709519941166759E7
AVG (iterations 900 to 920): 8.929308979227662E7
AVG (iterations 920 to 940): 9.059202892151365E7
AVG (iterations 940 to 960): 8.769700058582906E7
AVG (iterations 960 to 980): 8.632989409186114E7
Solution from ACO:
0 (181.8040) --> [3, 14]
1 --> []
2 --> []
3 (77.7078) --> [49]
4 --> []
5 (66.6012) --> [26, 19]
6 (96.5555) --> [21, 47]
7 (28.5112) --> [38]
8 (142.6103) --> [34]
9 (148.3433) --> [44, 2]
10 (131.5587) --> [45]
11 --> []
12 --> []
13 (92.4554) --> [23]
14 (156.6540) --> [18, 42]
15 (148.9989) --> [20, 7]
16 (197.9815) --> [11]
17 (119.3596) --> [32]
18 (106.4422) --> [27]
19 (25.5548) --> [6]
20 (154.0292) --> [35]
21 (36.7212) --> [28]
22 --> []
23 (78.7153) --> [17]
24 (23.6237) --> [30]
25 (123.4820) --> [9, 48]
26 (154.9756) --> [22, 13, 4]
27 (89.2170) --> [36, 24, 12]
28 (53.1161) --> [37]
29 (64.6994) --> [39]
30 (146.3334) --> [10]
31 (97.5443) --> [5]
32 --> []
33 --> []
34 --> []
35 (113.3180) --> [31]
36 --> []
37 --> []
38 (147.8228) --> [41]
39 --> []
40 --> []
41 (151.7103) --> [8]
42 --> []
43 (117.4312) --> [1, 33]
44 --> []
45 (169.6529) --> [25, 16]
46 (97.0348) --> [43]
47 (202.7207) --> [29, 40]
48 (104.6767) --> [15]
49 (49.0433) --> [46]

Solution energy from ACO: 7.495591081093486E7
trying to improve with local search...
final Solution:
0 (181.8040) --> [3, 14]
1 --> []
2 --> []
3 (77.7078) --> [49]
4 --> []
5 (66.6012) --> [26, 19]
6 (96.5555) --> [47, 37]
7 (28.5112) --> [38]
8 (142.6103) --> [34]
9 (148.3433) --> [44, 2]
10 (131.5587) --> [45]
11 --> []
12 --> []
13 (92.4554) --> [23]
14 (156.6540) --> [18, 42]
15 (148.9989) --> [20, 7]
16 (197.9815) --> [11]
17 (119.3596) --> [32]
18 (106.4422) --> [27]
19 (25.5548) --> [6]
20 (154.0292) --> [35]
21 (36.7212) --> [28]
22 --> []
23 (78.7153) --> [17]
24 (23.6237) --> [30]
25 (123.4820) --> [9, 48]
26 (154.9756) --> [22, 13, 4]
27 (89.2170) --> [36, 24, 12]
28 (36.7212) --> [21]
29 (64.6994) --> [39]
30 (146.3334) --> [10]
31 (97.5443) --> [5]
32 --> []
33 --> []
34 --> []
35 (113.3180) --> [31]
36 --> []
37 --> []
38 (147.8228) --> [41]
39 --> []
40 --> []
41 (151.7103) --> [8]
42 --> []
43 (117.4312) --> [1, 33]
44 --> []
45 (169.6529) --> [25, 16]
46 (97.0348) --> [43]
47 (202.7207) --> [29, 40]
48 (104.6767) --> [15]
49 (49.0433) --> [46]

final Solution energy: 7.485557006364821E7
Calculated in 1975ms
Ants=1000, alpha=0.6, beta=3.0, evaporate factor=0.07
(for ../../mebp/mebp-06.dat)
