New best solution in iteration 0: 8.229000325900273E8
New best solution in iteration 1: 3.691385392900862E8
New best solution in iteration 17: 3.072969292086677E8
AVG (iterations 0 to 20): 8.424927949139526E8
AVG (iterations 20 to 40): 8.389761127676532E8
New best solution in iteration 48: 1.9717461989033934E8
AVG (iterations 40 to 60): 7.65502950853481E8
AVG (iterations 60 to 80): 7.300111376236455E8
AVG (iterations 80 to 100): 6.182381928804164E8
AVG (iterations 100 to 120): 5.897896731119697E8
AVG (iterations 120 to 140): 6.492844104964249E8
New best solution in iteration 150: 1.4457140068564263E8
AVG (iterations 140 to 160): 5.2582445259687746E8
AVG (iterations 160 to 180): 1.954130838974481E8
AVG (iterations 180 to 200): 1.9030013773601702E8
New best solution in iteration 207: 1.3462468741047397E8
AVG (iterations 200 to 220): 1.5531948077448434E8
AVG (iterations 220 to 240): 1.633528265165543E8
AVG (iterations 240 to 260): 1.5806925838249534E8
AVG (iterations 260 to 280): 1.6182185196344393E8
New best solution in iteration 283: 1.3449139874887642E8
AVG (iterations 280 to 300): 1.505623642628087E8
AVG (iterations 300 to 320): 1.5641178894602266E8
AVG (iterations 320 to 340): 1.6158477078434417E8
AVG (iterations 340 to 360): 1.5901842853269237E8
AVG (iterations 360 to 380): 1.5331492222166985E8
New best solution in iteration 385: 1.3412013597853535E8
AVG (iterations 380 to 400): 1.5028501775043067E8
AVG (iterations 400 to 420): 1.6049337922680426E8
AVG (iterations 420 to 440): 1.5919899160466892E8
AVG (iterations 440 to 460): 1.562848827166204E8
AVG (iterations 460 to 480): 1.4986578055489334E8
AVG (iterations 480 to 500): 1.5510907768428704E8
AVG (iterations 500 to 520): 1.5410344372677594E8
AVG (iterations 520 to 540): 1.5634709637969798E8
AVG (iterations 540 to 560): 1.5201699578365958E8
AVG (iterations 560 to 580): 1.5392078760539508E8
AVG (iterations 580 to 600): 1.4898181481231505E8
AVG (iterations 600 to 620): 1.5157353245799935E8
AVG (iterations 620 to 640): 1.501284592138246E8
AVG (iterations 640 to 660): 1.5271239591718146E8
AVG (iterations 660 to 680): 1.456999364739983E8
AVG (iterations 680 to 700): 1.5220327482233572E8
AVG (iterations 700 to 720): 1.5126400674965212E8
AVG (iterations 720 to 740): 1.5395765021105248E8
AVG (iterations 740 to 760): 1.534328237409142E8
AVG (iterations 760 to 780): 1.4884411992514503E8
AVG (iterations 780 to 800): 1.5210080322244853E8
AVG (iterations 800 to 820): 1.5160969696678463E8
AVG (iterations 820 to 840): 1.5631149114277396E8
AVG (iterations 840 to 860): 1.5276172566098174E8
AVG (iterations 860 to 880): 1.5047925474967724E8
AVG (iterations 880 to 900): 1.4935065260255134E8
AVG (iterations 900 to 920): 1.5243526786339182E8
AVG (iterations 920 to 940): 1.5756438628911734E8
AVG (iterations 940 to 960): 1.5356770828307083E8
AVG (iterations 960 to 980): 1.5221316275195327E8
Solution from ACO:
0 (175.6497) --> [15, 1]
1 (357.9623) --> [7, 14]
2 --> []
3 (203.1160) --> [11]
4 (205.1274) --> [6, 18]
5 (33.8309) --> [17]
6 (215.6800) --> [5, 19]
7 (287.8773) --> [2]
8 --> []
9 (88.2022) --> [12]
10 (166.9317) --> [9]
11 (158.1732) --> [13]
12 (126.3377) --> [4]
13 (235.2859) --> [10]
14 --> []
15 (178.9016) --> [3]
16 (80.4861) --> [8]
17 --> []
18 --> []
19 (109.3714) --> [16]

Solution energy from ACO: 1.3412013597853535E8
trying to improve with local search...
final Solution:
0 (175.6497) --> [15, 1]
1 (357.9623) --> [7, 14]
2 --> []
3 (203.1160) --> [11]
4 (205.1274) --> [6, 18]
5 (33.8309) --> [17]
6 (215.6800) --> [5, 19]
7 (287.8773) --> [2]
8 --> []
9 (88.2022) --> [12]
10 (166.9317) --> [9]
11 (158.1732) --> [13]
12 (126.3377) --> [4]
13 (235.2859) --> [10]
14 --> []
15 (178.9016) --> [3]
16 (80.4861) --> [8]
17 --> []
18 --> []
19 (109.3714) --> [16]

final Solution energy: 1.3412013597853535E8
Calculated in 846ms
Ants=1000, alpha=0.6, beta=3.0, evaporate factor=0.07
(for ../../mebp/mebp-01.dat)
