New best solution in iteration 0: 3.0367408825497055E9
New best solution in iteration 4: 1.8494769938668072E9
New best solution in iteration 19: 1.8130252889684842E9
AVG (iterations 0 to 20): 3.2069609022756042E9
New best solution in iteration 29: 1.4034573209442406E9
AVG (iterations 20 to 40): 3.389816462244388E9
New best solution in iteration 46: 1.2052929137637424E9
AVG (iterations 40 to 60): 2.7622713728817983E9
AVG (iterations 60 to 80): 3.2146947626291018E9
AVG (iterations 80 to 100): 2.89995428403715E9
AVG (iterations 100 to 120): 2.8202543161166534E9
AVG (iterations 120 to 140): 3.0163388438054304E9
New best solution in iteration 158: 1.1699424393494458E9
AVG (iterations 140 to 160): 2.3057140324733605E9
New best solution in iteration 166: 8.072683159505069E8
New best solution in iteration 168: 8.00956532529026E8
New best solution in iteration 170: 6.667499933883091E8
New best solution in iteration 173: 6.624951912790328E8
New best solution in iteration 174: 3.396467993403355E8
New best solution in iteration 180: 2.021628285393231E8
AVG (iterations 160 to 180): 9.770563095057528E8
New best solution in iteration 181: 1.1686916839267455E8
New best solution in iteration 191: 8.336124503030363E7
New best solution in iteration 195: 3.8985847607840925E7
New best solution in iteration 196: 3.442508334743366E7
New best solution in iteration 197: 3.1696884297143828E7
New best solution in iteration 200: 2.9802953017224193E7
AVG (iterations 180 to 200): 2.8925281768045944E8
New best solution in iteration 205: 2.8805507785388336E7
New best solution in iteration 207: 2.7690537462365348E7
AVG (iterations 200 to 220): 4.299296160512942E7
New best solution in iteration 226: 2.6796266258653738E7
New best solution in iteration 234: 2.6362953884658687E7
AVG (iterations 220 to 240): 2.8877703467846453E7
New best solution in iteration 250: 2.5403126197448898E7
AVG (iterations 240 to 260): 2.7423702957616262E7
New best solution in iteration 267: 2.4935610221495785E7
AVG (iterations 260 to 280): 2.709982643436455E7
New best solution in iteration 299: 2.4919286497019168E7
AVG (iterations 280 to 300): 2.681934919450183E7
AVG (iterations 300 to 320): 2.6621763769706942E7
New best solution in iteration 339: 2.4238743331828482E7
AVG (iterations 320 to 340): 2.613483186705879E7
AVG (iterations 340 to 360): 2.628221622468289E7
AVG (iterations 360 to 380): 2.6489745955569305E7
AVG (iterations 380 to 400): 2.6038604993937008E7
AVG (iterations 400 to 420): 2.61694850928026E7
AVG (iterations 420 to 440): 2.609578612887583E7
AVG (iterations 440 to 460): 2.564021286968261E7
AVG (iterations 460 to 480): 2.5959358101693757E7
AVG (iterations 480 to 500): 2.5784047486156445E7
AVG (iterations 500 to 520): 2.565342192432231E7
AVG (iterations 520 to 540): 2.563530354777786E7
AVG (iterations 540 to 560): 2.5731726481472187E7
AVG (iterations 560 to 580): 2.5406914268993802E7
New best solution in iteration 595: 2.41745676554338E7
AVG (iterations 580 to 600): 2.5351368234596618E7
AVG (iterations 600 to 620): 2.551329972483044E7
New best solution in iteration 639: 2.416887957886955E7
AVG (iterations 620 to 640): 2.5457549188804902E7
New best solution in iteration 660: 2.3361510779835086E7
AVG (iterations 640 to 660): 2.5910309633844133E7
AVG (iterations 660 to 680): 2.5540673513594978E7
AVG (iterations 680 to 700): 2.544083434990292E7
AVG (iterations 700 to 720): 2.547034700941877E7
AVG (iterations 720 to 740): 2.5480111300289676E7
AVG (iterations 740 to 760): 2.566973888702213E7
AVG (iterations 760 to 780): 2.5271169134481017E7
AVG (iterations 780 to 800): 2.566455884206424E7
AVG (iterations 800 to 820): 2.5547332302466016E7
AVG (iterations 820 to 840): 2.5411204294637863E7
AVG (iterations 840 to 860): 2.5340183769139163E7
AVG (iterations 860 to 880): 2.5471512732656594E7
AVG (iterations 880 to 900): 2.558745509371887E7
AVG (iterations 900 to 920): 2.561829081076085E7
AVG (iterations 920 to 940): 2.5234779533048015E7
AVG (iterations 940 to 960): 2.5118449203605507E7
AVG (iterations 960 to 980): 2.4960946939520944E7
Solution from ACO:
0 (51.3952) --> [72, 447]
1 (24.7447) --> [319]
2 (55.2769) --> [452, 247]
3 (21.6133) --> [24]
4 (51.9321) --> [324]
5 (20.8450) --> [90, 433]
6 (43.1278) --> [193, 149]
7 (55.0085) --> [429, 406]
8 --> []
9 (50.4405) --> [141, 97]
10 --> []
11 --> []
12 (14.8063) --> [415, 488]
13 (5.6851) --> [489]
14 (22.8928) --> [482]
15 (20.1271) --> [350]
16 (13.7184) --> [497]
17 (21.4803) --> [364]
18 (40.4239) --> [110, 205]
19 (49.5346) --> [442]
20 (47.6789) --> [336, 204]
21 --> []
22 (23.5447) --> [197]
23 (38.6642) --> [189]
24 (41.0264) --> [313]
25 (20.2885) --> [107]
26 (8.6174) --> [206]
27 (9.7846) --> [255]
28 --> []
29 (55.4756) --> [375, 391]
30 (14.9374) --> [279]
31 (21.7947) --> [394]
32 (20.5905) --> [435]
33 (66.6353) --> [236, 142]
34 (9.4210) --> [147]
35 (17.8505) --> [376]
36 (16.6840) --> [430]
37 (35.8726) --> [354]
38 (34.5532) --> [331]
39 (20.8416) --> [494]
40 (15.3423) --> [484]
41 (27.9797) --> [342, 284]
42 (32.0748) --> [261]
43 (68.8312) --> [455]
44 (22.6477) --> [396, 171]
45 (25.6017) --> [425]
46 (11.5983) --> [39]
47 --> []
48 (20.5775) --> [229]
49 (47.5881) --> [249]
50 (33.7891) --> [409]
51 (24.1125) --> [404]
52 (64.1137) --> [264, 287]
53 (33.1892) --> [465]
54 (51.6242) --> [233]
55 --> []
56 --> []
57 (50.0033) --> [48]
58 (44.4903) --> [212]
59 (47.2745) --> [238]
60 (13.8910) --> [70]
61 (50.4290) --> [137, 323]
62 --> []
63 (26.1205) --> [419]
64 (30.9094) --> [346]
65 (43.4868) --> [117]
66 (5.1945) --> [357]
67 (59.1960) --> [66, 246, 12]
68 (37.1111) --> [231, 34]
69 (1.9562) --> [120]
70 (16.8687) --> [78, 163]
71 (20.8113) --> [151]
72 (17.7025) --> [305, 33, 86]
73 (17.2493) --> [253]
74 (63.3685) --> [64, 492]
75 --> []
76 --> []
77 (17.5146) --> [486]
78 --> []
79 --> []
80 (30.0892) --> [446, 162]
81 (22.2247) --> [155]
82 --> []
83 (30.4531) --> [441]
84 --> []
85 --> []
86 (64.3596) --> [472]
87 --> []
88 (60.2471) --> [209, 79]
89 (39.4924) --> [176]
90 (44.0861) --> [121]
91 --> []
92 --> []
93 (20.1812) --> [347]
94 (10.0920) --> [139]
95 --> []
96 (47.9939) --> [272, 73]
97 (53.1349) --> [240]
98 --> []
99 --> []
100 (49.4773) --> [98, 397]
101 --> []
102 (45.6514) --> [228]
103 (37.3484) --> [309, 401]
104 (43.2264) --> [328, 370]
105 (61.4897) --> [412, 56]
106 (50.8889) --> [366, 52]
107 (57.6205) --> [89, 23]
108 (19.8484) --> [343]
109 (54.7307) --> [226, 188]
110 --> []
111 (31.9351) --> [129]
112 (76.6606) --> [7, 47]
113 (58.1406) --> [130]
114 (33.5268) --> [100, 102]
115 (11.8114) --> [496]
116 (69.3034) --> [373]
117 (47.9996) --> [92, 454]
118 (33.7729) --> [280]
119 (53.4608) --> [166]
120 (25.5545) --> [5]
121 --> []
122 (35.8591) --> [58, 271]
123 --> []
124 (24.3477) --> [167, 362]
125 (46.0671) --> [413]
126 (27.6489) --> [200]
127 --> []
128 (39.5600) --> [449]
129 (22.1976) --> [177]
130 (39.4779) --> [456, 469]
131 (10.8396) --> [371]
132 (22.7847) --> [35]
133 (52.2705) --> [95, 82]
134 (28.3831) --> [262]
135 (33.3445) --> [230]
136 --> []
137 --> []
138 (15.7647) --> [156]
139 (16.0824) --> [4]
140 (24.6231) --> [175]
141 (35.6279) --> [27, 84]
142 (51.2315) --> [270]
143 --> []
144 (21.3937) --> [381]
145 (41.3232) --> [159, 490, 241]
146 (11.7807) --> [83]
147 (36.5457) --> [450, 26]
148 (7.5911) --> [276]
149 --> []
150 --> []
151 (15.6599) --> [44]
152 (33.8625) --> [330, 440]
153 --> []
154 --> []
155 --> []
156 (22.0088) --> [38]
157 (12.4058) --> [329]
158 (17.3837) --> [51]
159 (27.0230) --> [390]
160 --> []
161 (43.4445) --> [62]
162 (9.7676) --> [53]
163 (29.2237) --> [116]
164 (28.5755) --> [434]
165 (3.3328) --> [463]
166 (53.1331) --> [388]
167 (58.6090) --> [372, 225]
168 (34.7143) --> [152]
169 (10.1926) --> [214]
170 --> []
171 (27.5913) --> [400, 493]
172 (56.2492) --> [332, 216]
173 --> []
174 --> []
175 (47.1112) --> [211, 259]
176 (35.0863) --> [181]
177 (27.0372) --> [267]
178 --> []
179 (44.3463) --> [54, 315]
180 (29.3370) --> [471]
181 (61.9192) --> [431]
182 (34.8917) --> [438, 300]
183 --> []
184 (30.1735) --> [133]
185 (5.6754) --> [457]
186 (45.2594) --> [333]
187 (44.7786) --> [348]
188 --> []
189 (47.2953) --> [398]
190 --> []
191 --> []
192 (24.4518) --> [108]
193 (23.4837) --> [178, 467]
194 (39.8430) --> [383, 487, 310]
195 (17.0793) --> [128]
196 --> []
197 (18.1831) --> [318]
198 (45.7242) --> [418, 113]
199 (39.5275) --> [96]
200 (51.2321) --> [369, 307]
201 --> []
202 (11.3675) --> [68]
203 (45.0116) --> [288]
204 (25.7327) --> [303, 495]
205 (28.7141) --> [22]
206 (37.7541) --> [393]
207 --> []
208 (41.9683) --> [285, 385]
209 --> []
210 (34.4609) --> [194]
211 (26.7218) --> [50]
212 (53.9488) --> [258]
213 (18.1921) --> [387]
214 (53.9310) --> [320, 321]
215 (57.5274) --> [101]
216 (17.2305) --> [104]
217 (34.1726) --> [289]
218 (24.7335) --> [421]
219 (30.5179) --> [345, 377]
220 --> []
221 --> []
222 (56.8012) --> [242]
223 (49.5045) --> [145]
224 --> []
225 (10.1362) --> [186]
226 (34.7365) --> [65]
227 (21.3960) --> [353]
228 (58.4862) --> [334]
229 (39.3626) --> [316]
230 --> []
231 (45.9766) --> [322]
232 (21.7437) --> [150]
233 (17.8061) --> [444]
234 (32.1675) --> [109]
235 (24.6752) --> [169]
236 (58.7284) --> [180]
237 --> []
238 (23.1659) --> [105]
239 (17.9253) --> [399]
240 (9.1282) --> [219]
241 --> []
242 (27.0700) --> [3]
243 --> []
244 --> []
245 (74.1772) --> [30]
246 --> []
247 --> []
248 (29.1166) --> [146]
249 --> []
250 (19.2944) --> [408]
251 --> []
252 (16.7781) --> [461]
253 (63.6432) --> [31]
254 --> []
255 (23.4381) --> [85]
256 (30.0422) --> [292]
257 --> []
258 (49.8943) --> [20]
259 --> []
260 (37.1394) --> [458, 9]
261 (9.3612) --> [94]
262 --> []
263 (4.8676) --> [161]
264 --> []
265 (42.3095) --> [80]
266 (20.9036) --> [475]
267 (22.7703) --> [498, 384]
268 (65.0805) --> [61, 223]
269 (19.0588) --> [263]
270 (18.6568) --> [252]
271 (34.4940) --> [379]
272 (1.7210) --> [131]
273 (27.8989) --> [179]
274 (69.1552) --> [448]
275 (11.4760) --> [118]
276 (25.2023) --> [115]
277 --> []
278 (50.4243) --> [341, 37, 478]
279 (0.1513) --> [410]
280 (18.9298) --> [340]
281 (51.0624) --> [46]
282 (23.7477) --> [395]
283 (26.5662) --> [32]
284 --> []
285 --> []
286 --> []
287 (30.5796) --> [237, 477]
288 (3.5396) --> [265]
289 (29.7454) --> [250]
290 (34.1815) --> [221]
291 (53.8974) --> [382]
292 (31.1820) --> [257]
293 --> []
294 (42.9387) --> [119, 361]
295 --> []
296 (28.0427) --> [269]
297 --> []
298 (7.9000) --> [165]
299 (31.5504) --> [125, 21]
300 (24.6286) --> [286]
301 (37.0157) --> [217]
302 --> []
303 (20.7475) --> [123]
304 (37.9043) --> [232, 10, 417]
305 (34.1806) --> [344]
306 (17.1605) --> [157]
307 (19.6692) --> [183]
308 (57.8771) --> [140]
309 (11.6259) --> [208]
310 (28.5265) --> [437, 293]
311 (37.0270) --> [260]
312 (11.9136) --> [367]
313 (36.6474) --> [499]
314 (7.1412) --> [124]
315 (35.8076) --> [6]
316 (51.4100) --> [190, 298]
317 (18.6937) --> [473]
318 (39.4248) --> [302]
319 (26.9823) --> [439]
320 --> []
321 --> []
322 (36.9214) --> [380, 256]
323 (46.7230) --> [222, 326]
324 (37.6213) --> [426]
325 (35.0333) --> [355, 196]
326 (48.0920) --> [45]
327 (15.5829) --> [210]
328 (37.9787) --> [57, 213]
329 (17.0193) --> [314]
330 (69.4596) --> [173]
331 (26.0848) --> [358]
332 (53.9755) --> [416]
333 (43.7448) --> [365, 215]
334 (13.7579) --> [243, 363, 1]
335 (23.6364) --> [41]
336 --> []
337 --> []
338 (66.7023) --> [122, 71]
339 (21.6941) --> [244, 423, 337]
340 (10.4760) --> [335]
341 (30.2662) --> [317]
342 --> []
343 (35.2822) --> [127, 29]
344 --> []
345 (22.2289) --> [459]
346 (28.3670) --> [91]
347 (11.8083) --> [297]
348 (10.4453) --> [25]
349 (23.2511) --> [15]
350 (44.0036) --> [445, 99]
351 --> []
352 (4.5078) --> [485]
353 (37.2991) --> [49, 281]
354 (62.3751) --> [414]
355 (35.6399) --> [77]
356 --> []
357 --> []
358 (31.1315) --> [14]
359 (34.7521) --> [301]
360 (44.4684) --> [235]
361 (15.5394) --> [63]
362 --> []
363 (12.0726) --> [306]
364 --> []
365 (28.1973) --> [67]
366 (49.6514) --> [248, 291]
367 (13.8428) --> [174]
368 (64.5473) --> [75]
369 --> []
370 (29.5895) --> [153]
371 (27.4005) --> [254]
372 --> []
373 (17.8442) --> [87]
374 --> []
375 (29.0061) --> [40, 16]
376 (13.2054) --> [218]
377 --> []
378 --> []
379 --> []
380 (42.8216) --> [17]
381 (16.0323) --> [424]
382 (22.9503) --> [69]
383 (25.6871) --> [43]
384 (2.9816) --> [19]
385 (40.4269) --> [464]
386 (48.6913) --> [182, 187]
387 (37.1775) --> [266]
388 (12.7344) --> [451]
389 (18.9938) --> [392]
390 (12.2201) --> [405]
391 --> []
392 (39.0626) --> [60]
393 --> []
394 (40.3013) --> [245]
395 (42.1189) --> [195, 422]
396 (39.4637) --> [199]
397 (22.0194) --> [227]
398 (37.4729) --> [327]
399 (58.5203) --> [308, 299]
400 (20.7662) --> [283]
401 (8.7132) --> [274]
402 (45.2572) --> [198, 59]
403 (62.5147) --> [112]
404 (11.3262) --> [164]
405 (26.2971) --> [11]
406 (30.4247) --> [144]
407 (30.3419) --> [428]
408 (8.8641) --> [184]
409 (7.6794) --> [158]
410 (40.1958) --> [474]
411 (20.1199) --> [436]
412 (15.6819) --> [278]
413 (11.3833) --> [268]
414 --> []
415 --> []
416 (41.8466) --> [135]
417 (39.2981) --> [88]
418 (53.9039) --> [427]
419 (45.3087) --> [352]
420 (10.4726) --> [251]
421 (25.5382) --> [476]
422 --> []
423 (37.9761) --> [207]
424 (5.1591) --> [294]
425 (40.4471) --> [55]
426 (23.4328) --> [136]
427 (56.6378) --> [2, 103]
428 (53.8254) --> [132, 453]
429 (9.7509) --> [460]
430 (12.6659) --> [468, 191]
431 (62.0698) --> [368, 311]
432 (45.6971) --> [277, 359, 172]
433 (46.4201) --> [18, 483]
434 (36.1860) --> [111]
435 (42.0449) --> [42]
436 (17.5678) --> [312]
437 (42.3128) --> [220, 134]
438 (59.1283) --> [168]
439 (22.6187) --> [234]
440 (16.6791) --> [420]
441 (18.0258) --> [296]
442 --> []
443 (22.7041) --> [36]
444 (19.1829) --> [491]
445 (29.8178) --> [466]
446 (21.2483) --> [349]
447 (20.5685) --> [203, 403]
448 (44.2553) --> [411]
449 --> []
450 (34.3647) --> [374, 356]
451 (30.9235) --> [470]
452 --> []
453 (51.7986) --> [360, 351]
454 (49.9965) --> [126, 432]
455 (60.0011) --> [76]
456 (25.3556) --> [480, 93, 192]
457 --> []
458 (50.0816) --> [339]
459 (17.7199) --> [138]
460 --> []
461 (65.3979) --> [407]
462 --> []
463 (50.8618) --> [224, 239]
464 (12.4377) --> [114]
465 --> []
466 (34.8995) --> [402]
467 --> []
468 (16.6095) --> [28]
469 --> []
470 (33.5933) --> [8, 479]
471 (27.3276) --> [143]
472 (28.2455) --> [481]
473 (21.1687) --> [202]
474 --> []
475 --> []
476 (20.1454) --> [81]
477 (36.3142) --> [386]
478 --> []
479 (39.6346) --> [160]
480 (25.8960) --> [201]
481 (34.3914) --> [106]
482 (27.2153) --> [462]
483 (11.4745) --> [389]
484 (40.2085) --> [170]
485 (41.7586) --> [275]
486 (44.0024) --> [443]
487 (20.2396) --> [325]
488 --> []
489 (13.7185) --> [282]
490 --> []
491 (32.0026) --> [304]
492 --> []
493 (21.9204) --> [13]
494 (28.5586) --> [148]
495 (20.8803) --> [290]
496 (35.9918) --> [295, 154, 338]
497 (32.2235) --> [273]
498 (47.7243) --> [74]
499 (27.6758) --> [185, 378]

Solution energy from ACO: 2.3361510779835086E7
trying to improve with local search...
final Solution:
0 (51.3952) --> [72, 447]
1 (24.7447) --> [319]
2 (55.2769) --> [452, 247]
3 (21.6133) --> [24]
4 (51.9321) --> [324]
5 (20.8450) --> [90, 433]
6 (43.1278) --> [193, 149]
7 (55.0085) --> [429, 406]
8 --> []
9 (50.4405) --> [141, 97]
10 --> []
11 --> []
12 (14.8063) --> [415, 488]
13 (5.6851) --> [489]
14 (22.8928) --> [482]
15 (20.1271) --> [350]
16 (13.7184) --> [497]
17 (21.4803) --> [364]
18 (40.4239) --> [110, 205]
19 (49.5346) --> [442]
20 (47.6789) --> [336, 204]
21 --> []
22 (23.5447) --> [197]
23 (38.6642) --> [189]
24 (41.0264) --> [313]
25 (20.2885) --> [107]
26 (8.6174) --> [206]
27 (9.7846) --> [255]
28 --> []
29 (55.4756) --> [375, 391]
30 (14.9374) --> [279]
31 (21.7947) --> [394]
32 (20.5905) --> [435]
33 (78.0026) --> [142, 472]
34 (9.4210) --> [147]
35 (17.8505) --> [376]
36 (16.6840) --> [430]
37 (35.8726) --> [354]
38 (34.5532) --> [331]
39 (20.8416) --> [494]
40 (15.3423) --> [484]
41 (27.9797) --> [342, 284]
42 (32.0748) --> [261]
43 (68.8312) --> [455]
44 (22.6477) --> [396, 171]
45 (25.6017) --> [425]
46 (11.5983) --> [39]
47 --> []
48 (20.5775) --> [229]
49 (47.5881) --> [249]
50 (33.7891) --> [409]
51 (24.1125) --> [404]
52 (64.1137) --> [264, 287]
53 (33.1892) --> [465]
54 (51.6242) --> [233]
55 --> []
56 --> []
57 (50.0033) --> [48]
58 (44.4903) --> [212]
59 (47.2745) --> [238]
60 (13.8910) --> [70]
61 (50.4290) --> [137, 323]
62 --> []
63 (26.1205) --> [419]
64 (30.9094) --> [346]
65 (43.4868) --> [117]
66 (5.1945) --> [357]
67 (59.1960) --> [66, 246, 12]
68 (37.1111) --> [231, 34]
69 (1.9562) --> [120]
70 (16.8687) --> [78, 163]
71 (20.8113) --> [151]
72 (17.7025) --> [305, 33, 86]
73 (17.2493) --> [253]
74 (63.3685) --> [64, 492]
75 --> []
76 --> []
77 (17.5146) --> [486]
78 --> []
79 --> []
80 (30.0892) --> [446, 162]
81 (22.2247) --> [155]
82 --> []
83 (11.7807) --> [146]
84 --> []
85 --> []
86 (34.2261) --> [236]
87 --> []
88 (60.2471) --> [209, 79]
89 (39.4924) --> [176]
90 (44.0861) --> [121]
91 --> []
92 --> []
93 (20.1812) --> [347]
94 (10.0920) --> [139]
95 --> []
96 (47.9939) --> [272, 73]
97 (53.1349) --> [240]
98 --> []
99 --> []
100 (49.4773) --> [98, 397]
101 --> []
102 (45.6514) --> [228]
103 (37.3484) --> [309, 401]
104 (43.2264) --> [328, 370]
105 (61.4897) --> [412, 56]
106 (50.8889) --> [366, 52]
107 (57.6205) --> [89, 23]
108 (19.8484) --> [343]
109 (54.7307) --> [226, 188]
110 --> []
111 (31.9351) --> [129]
112 (76.6606) --> [7, 47]
113 (58.1406) --> [130]
114 (33.5268) --> [100, 102]
115 (11.8114) --> [496]
116 (69.3034) --> [373]
117 (47.9996) --> [92, 454]
118 (33.7729) --> [280]
119 (53.4608) --> [166]
120 (25.5545) --> [5]
121 --> []
122 (35.8591) --> [58, 271]
123 --> []
124 (24.3477) --> [167, 362]
125 (46.0671) --> [413]
126 (27.6489) --> [200]
127 --> []
128 (39.5600) --> [449]
129 (22.1976) --> [177]
130 (39.4779) --> [456, 469]
131 (10.8396) --> [371]
132 (22.7847) --> [35]
133 (52.2705) --> [95, 82]
134 (28.3831) --> [262]
135 (33.3445) --> [230]
136 --> []
137 --> []
138 (15.7647) --> [156]
139 (16.0824) --> [4]
140 (24.6231) --> [175]
141 (35.6279) --> [27, 84]
142 (51.2315) --> [270]
143 --> []
144 (21.3937) --> [381]
145 (41.3232) --> [159, 490, 241]
146 (11.7807) --> [83]
147 (36.5457) --> [450, 26]
148 (7.5911) --> [276]
149 --> []
150 --> []
151 (15.6599) --> [44]
152 (33.8625) --> [330, 440]
153 --> []
154 --> []
155 --> []
156 (22.0088) --> [38]
157 (12.4058) --> [329]
158 (17.3837) --> [51]
159 (27.0230) --> [390]
160 --> []
161 (43.4445) --> [62]
162 (9.7676) --> [53]
163 (29.2237) --> [116]
164 (28.5755) --> [434]
165 (3.3328) --> [463]
166 (53.1331) --> [388]
167 (58.6090) --> [372, 225]
168 (34.7143) --> [152]
169 (10.1926) --> [214]
170 --> []
171 (27.5913) --> [400, 493]
172 (56.2492) --> [332, 216]
173 --> []
174 --> []
175 (47.1112) --> [211, 259]
176 (35.0863) --> [181]
177 (27.0372) --> [267]
178 --> []
179 (44.3463) --> [54, 315]
180 (29.3370) --> [471]
181 (61.9192) --> [431]
182 (34.8917) --> [438, 300]
183 --> []
184 (30.1735) --> [133]
185 (5.6754) --> [457]
186 (45.2594) --> [333]
187 (44.7786) --> [348]
188 --> []
189 (47.2953) --> [398]
190 --> []
191 --> []
192 (24.4518) --> [108]
193 (23.4837) --> [178, 467]
194 (39.8430) --> [383, 487, 310]
195 (17.0793) --> [128]
196 --> []
197 (18.1831) --> [318]
198 (45.7242) --> [418, 113]
199 (39.5275) --> [96]
200 (51.2321) --> [369, 307]
201 --> []
202 (11.3675) --> [68]
203 (45.0116) --> [288]
204 (25.7327) --> [303, 495]
205 (28.7141) --> [22]
206 (37.7541) --> [393]
207 --> []
208 (41.9683) --> [285, 385]
209 --> []
210 (34.4609) --> [194]
211 (26.7218) --> [50]
212 (53.9488) --> [258]
213 (18.1921) --> [387]
214 (53.9310) --> [320, 321]
215 (57.5274) --> [101]
216 (17.2305) --> [104]
217 (34.1726) --> [289]
218 (24.7335) --> [421]
219 (30.5179) --> [345, 377]
220 --> []
221 --> []
222 (56.8012) --> [242]
223 (49.5045) --> [145]
224 --> []
225 (10.1362) --> [186]
226 (34.7365) --> [65]
227 (21.3960) --> [353]
228 (58.4862) --> [334]
229 (39.3626) --> [316]
230 --> []
231 (45.9766) --> [322]
232 (21.7437) --> [150]
233 (17.8061) --> [444]
234 (32.1675) --> [109]
235 (24.6752) --> [169]
236 (58.7284) --> [180]
237 --> []
238 (23.1659) --> [105]
239 (17.9253) --> [399]
240 (9.1282) --> [219]
241 --> []
242 (27.0700) --> [3]
243 --> []
244 --> []
245 (74.1772) --> [30]
246 --> []
247 --> []
248 (27.0650) --> [441]
249 --> []
250 (19.2944) --> [408]
251 --> []
252 (16.7781) --> [461]
253 (63.6432) --> [31]
254 --> []
255 (23.4381) --> [85]
256 (30.0422) --> [292]
257 --> []
258 (49.8943) --> [20]
259 --> []
260 (37.1394) --> [458, 9]
261 (9.3612) --> [94]
262 --> []
263 (4.8676) --> [161]
264 --> []
265 (42.3095) --> [80]
266 (20.9036) --> [475]
267 (22.7703) --> [498, 384]
268 (65.0805) --> [61, 223]
269 (19.0588) --> [263]
270 (18.6568) --> [252]
271 (34.4940) --> [379]
272 (1.7210) --> [131]
273 (27.8989) --> [179]
274 (69.1552) --> [448]
275 (11.4760) --> [118]
276 (25.2023) --> [115]
277 --> []
278 (50.4243) --> [341, 37, 478]
279 (0.1513) --> [410]
280 (18.9298) --> [340]
281 (51.0624) --> [46]
282 (23.7477) --> [395]
283 (26.5662) --> [32]
284 --> []
285 --> []
286 --> []
287 (30.5796) --> [237, 477]
288 (3.5396) --> [265]
289 (29.7454) --> [250]
290 (34.1815) --> [221]
291 (53.8974) --> [382]
292 (31.1820) --> [257]
293 --> []
294 (42.9387) --> [119, 361]
295 --> []
296 (28.0427) --> [269]
297 --> []
298 (7.9000) --> [165]
299 (31.5504) --> [125, 21]
300 (24.6286) --> [286]
301 (37.0157) --> [217]
302 --> []
303 (20.7475) --> [123]
304 (37.9043) --> [232, 10, 417]
305 (34.1806) --> [344]
306 (17.1605) --> [157]
307 (19.6692) --> [183]
308 (57.8771) --> [140]
309 (11.6259) --> [208]
310 (28.5265) --> [437, 293]
311 (37.0270) --> [260]
312 (11.9136) --> [367]
313 (36.6474) --> [499]
314 (7.1412) --> [124]
315 (35.8076) --> [6]
316 (51.4100) --> [190, 298]
317 (18.6937) --> [473]
318 (39.4248) --> [302]
319 (26.9823) --> [439]
320 --> []
321 --> []
322 (36.9214) --> [380, 256]
323 (46.7230) --> [222, 326]
324 (37.6213) --> [426]
325 (35.0333) --> [355, 196]
326 (48.0920) --> [45]
327 (15.5829) --> [210]
328 (37.9787) --> [57, 213]
329 (17.0193) --> [314]
330 (69.4596) --> [173]
331 (26.0848) --> [358]
332 (53.9755) --> [416]
333 (43.7448) --> [365, 215]
334 (13.7579) --> [243, 363, 1]
335 (23.6364) --> [41]
336 --> []
337 --> []
338 (66.7023) --> [122, 71]
339 (21.6941) --> [244, 423, 337]
340 (10.4760) --> [335]
341 (30.2662) --> [317]
342 --> []
343 (35.2822) --> [127, 29]
344 --> []
345 (22.2289) --> [459]
346 (28.3670) --> [91]
347 (11.8083) --> [297]
348 (10.4453) --> [25]
349 (23.2511) --> [15]
350 (44.0036) --> [445, 99]
351 --> []
352 (4.5078) --> [485]
353 (37.2991) --> [49, 281]
354 (62.3751) --> [414]
355 (35.6399) --> [77]
356 --> []
357 --> []
358 (31.1315) --> [14]
359 (34.7521) --> [301]
360 (44.4684) --> [235]
361 (15.5394) --> [63]
362 --> []
363 (12.0726) --> [306]
364 --> []
365 (28.1973) --> [67]
366 (49.6514) --> [248, 291]
367 (13.8428) --> [174]
368 (64.5473) --> [75]
369 --> []
370 (29.5895) --> [153]
371 (27.4005) --> [254]
372 --> []
373 (17.8442) --> [87]
374 --> []
375 (29.0061) --> [40, 16]
376 (13.2054) --> [218]
377 --> []
378 --> []
379 --> []
380 (42.8216) --> [17]
381 (16.0323) --> [424]
382 (22.9503) --> [69]
383 (25.6871) --> [43]
384 (2.9816) --> [19]
385 (40.4269) --> [464]
386 (48.6913) --> [182, 187]
387 (37.1775) --> [266]
388 (12.7344) --> [451]
389 (18.9938) --> [392]
390 (12.2201) --> [405]
391 --> []
392 (39.0626) --> [60]
393 --> []
394 (40.3013) --> [245]
395 (42.1189) --> [195, 422]
396 (39.4637) --> [199]
397 (22.0194) --> [227]
398 (37.4729) --> [327]
399 (58.5203) --> [308, 299]
400 (20.7662) --> [283]
401 (8.7132) --> [274]
402 (45.2572) --> [198, 59]
403 (62.5147) --> [112]
404 (11.3262) --> [164]
405 (26.2971) --> [11]
406 (30.4247) --> [144]
407 (30.3419) --> [428]
408 (8.8641) --> [184]
409 (7.6794) --> [158]
410 (40.1958) --> [474]
411 (20.1199) --> [436]
412 (15.6819) --> [278]
413 (11.3833) --> [268]
414 --> []
415 --> []
416 (41.8466) --> [135]
417 (39.2981) --> [88]
418 (53.9039) --> [427]
419 (45.3087) --> [352]
420 (10.4726) --> [251]
421 (25.5382) --> [476]
422 --> []
423 (37.9761) --> [207]
424 (5.1591) --> [294]
425 (40.4471) --> [55]
426 (23.4328) --> [136]
427 (56.6378) --> [2, 103]
428 (53.8254) --> [132, 453]
429 (9.7509) --> [460]
430 (12.6659) --> [468, 191]
431 (62.0698) --> [368, 311]
432 (45.6971) --> [277, 359, 172]
433 (46.4201) --> [18, 483]
434 (36.1860) --> [111]
435 (42.0449) --> [42]
436 (17.5678) --> [312]
437 (42.3128) --> [220, 134]
438 (59.1283) --> [168]
439 (22.6187) --> [234]
440 (16.6791) --> [420]
441 (18.0258) --> [296]
442 --> []
443 (22.7041) --> [36]
444 (19.1829) --> [491]
445 (29.8178) --> [466]
446 (21.2483) --> [349]
447 (20.5685) --> [203, 403]
448 (44.2553) --> [411]
449 --> []
450 (34.3647) --> [374, 356]
451 (30.9235) --> [470]
452 --> []
453 (51.7986) --> [360, 351]
454 (49.9965) --> [126, 432]
455 (60.0011) --> [76]
456 (25.3556) --> [480, 93, 192]
457 --> []
458 (50.0816) --> [339]
459 (17.7199) --> [138]
460 --> []
461 (65.3979) --> [407]
462 --> []
463 (50.8618) --> [224, 239]
464 (12.4377) --> [114]
465 --> []
466 (34.8995) --> [402]
467 --> []
468 (16.6095) --> [28]
469 --> []
470 (33.5933) --> [8, 479]
471 (27.3276) --> [143]
472 (28.2455) --> [481]
473 (21.1687) --> [202]
474 --> []
475 --> []
476 (20.1454) --> [81]
477 (36.3142) --> [386]
478 --> []
479 (39.6346) --> [160]
480 (25.8960) --> [201]
481 (34.3914) --> [106]
482 (27.2153) --> [462]
483 (11.4745) --> [389]
484 (40.2085) --> [170]
485 (41.7586) --> [275]
486 (44.0024) --> [443]
487 (20.2396) --> [325]
488 --> []
489 (13.7185) --> [282]
490 --> []
491 (32.0026) --> [304]
492 --> []
493 (21.9204) --> [13]
494 (28.5586) --> [148]
495 (20.8803) --> [290]
496 (35.9918) --> [295, 154, 338]
497 (32.2235) --> [273]
498 (47.7243) --> [74]
499 (27.6758) --> [185, 378]

final Solution energy: 2.3282271790830527E7
Calculated in 361094ms
Ants=1000, alpha=0.6, beta=3.0, evaporate factor=0.07
(for ../../mebp/mebp-11.dat)
