New best solution in iteration 0: 4.2533030805785317E9
New best solution in iteration 1: 1.8772095153468585E9
New best solution in iteration 5: 1.5171100021399622E9
AVG (iterations 0 to 20): 2.5710650535492253E9
New best solution in iteration 23: 8.326584945794531E8
AVG (iterations 20 to 40): 2.77360742501083E9
AVG (iterations 40 to 60): 2.2268938439229918E9
AVG (iterations 60 to 80): 2.4521798170779085E9
AVG (iterations 80 to 100): 2.308780004506511E9
AVG (iterations 100 to 120): 2.292808054566968E9
AVG (iterations 120 to 140): 2.2457676144843564E9
New best solution in iteration 155: 5.836635444794037E8
AVG (iterations 140 to 160): 1.5786721416941056E9
New best solution in iteration 161: 3.440617060882362E8
New best solution in iteration 162: 2.497264203046549E8
New best solution in iteration 169: 1.2197164340936945E8
New best solution in iteration 175: 1.0093271826373889E8
New best solution in iteration 178: 4.996144320837374E7
AVG (iterations 160 to 180): 4.526118762573845E8
New best solution in iteration 181: 4.8330295326867156E7
New best solution in iteration 183: 4.6266656293107025E7
New best solution in iteration 185: 4.403734141482398E7
New best solution in iteration 195: 4.194235691756927E7
New best solution in iteration 199: 4.063313910732144E7
AVG (iterations 180 to 200): 6.184064751333866E7
New best solution in iteration 203: 4.0133776460634135E7
New best solution in iteration 204: 3.965644073178038E7
New best solution in iteration 205: 3.858139013893501E7
AVG (iterations 200 to 220): 4.248534391335178E7
New best solution in iteration 222: 3.694205900433546E7
New best solution in iteration 234: 3.6105600165377095E7
New best solution in iteration 236: 3.5640561617863335E7
AVG (iterations 220 to 240): 3.989551744002444E7
New best solution in iteration 253: 3.5469072379299894E7
New best solution in iteration 260: 3.5460180466708004E7
AVG (iterations 240 to 260): 3.8545309869005345E7
New best solution in iteration 262: 3.444920208918247E7
AVG (iterations 260 to 280): 3.8941517858525746E7
New best solution in iteration 287: 3.378013360852926E7
AVG (iterations 280 to 300): 3.81064261117753E7
AVG (iterations 300 to 320): 3.879798499394553E7
AVG (iterations 320 to 340): 3.823725135901045E7
AVG (iterations 340 to 360): 3.683852281836227E7
AVG (iterations 360 to 380): 3.693266101133801E7
AVG (iterations 380 to 400): 3.79094663574861E7
AVG (iterations 400 to 420): 3.6564857434730016E7
New best solution in iteration 424: 3.331770973581576E7
AVG (iterations 420 to 440): 3.590392255780238E7
AVG (iterations 440 to 460): 3.641745636077472E7
AVG (iterations 460 to 480): 3.674995535861999E7
AVG (iterations 480 to 500): 3.7019851580138616E7
AVG (iterations 500 to 520): 3.6051107575109005E7
AVG (iterations 520 to 540): 3.628091670749343E7
AVG (iterations 540 to 560): 3.657463272577207E7
AVG (iterations 560 to 580): 3.744276310965807E7
AVG (iterations 580 to 600): 3.700609535659009E7
AVG (iterations 600 to 620): 3.637794984779222E7
AVG (iterations 620 to 640): 3.631258079378068E7
AVG (iterations 640 to 660): 3.604926833999109E7
AVG (iterations 660 to 680): 3.628785711029324E7
AVG (iterations 680 to 700): 3.551872345803212E7
AVG (iterations 700 to 720): 3.5509953026316956E7
AVG (iterations 720 to 740): 3.555266144689244E7
AVG (iterations 740 to 760): 3.561857220448078E7
AVG (iterations 760 to 780): 3.5811591027273506E7
AVG (iterations 780 to 800): 3.568760655975686E7
New best solution in iteration 807: 3.3216275176899288E7
New best solution in iteration 813: 3.2959169005316243E7
AVG (iterations 800 to 820): 3.539590715105758E7
New best solution in iteration 822: 3.2377187438188203E7
AVG (iterations 820 to 840): 3.489144026245366E7
AVG (iterations 840 to 860): 3.50887629047463E7
AVG (iterations 860 to 880): 3.5635414758156024E7
AVG (iterations 880 to 900): 3.564582910969903E7
AVG (iterations 900 to 920): 3.5844737793444164E7
AVG (iterations 920 to 940): 3.511926132979677E7
AVG (iterations 940 to 960): 3.524419802999409E7
AVG (iterations 960 to 980): 3.515956234151898E7
Solution from ACO:
0 (40.7285) --> [171, 69]
1 (21.3588) --> [130]
2 (39.8201) --> [185]
3 (30.9161) --> [198]
4 (32.6285) --> [68]
5 (55.3400) --> [51, 43]
6 (29.5525) --> [111, 86]
7 (58.2813) --> [75]
8 (17.4676) --> [59]
9 (47.6466) --> [157]
10 (25.9548) --> [184]
11 (57.9809) --> [42]
12 (38.1589) --> [55]
13 (53.9854) --> [173]
14 (40.7840) --> [161]
15 (67.5815) --> [179, 122]
16 (66.5082) --> [78, 186]
17 (46.5378) --> [110]
18 (70.4914) --> [148]
19 (53.4736) --> [10]
20 --> []
21 --> []
22 --> []
23 (54.0568) --> [190, 97]
24 (60.5539) --> [154, 83]
25 --> []
26 --> []
27 (50.3562) --> [63]
28 (75.0707) --> [79, 81]
29 (73.1099) --> [123]
30 (33.3021) --> [46]
31 (39.7530) --> [131]
32 (51.0494) --> [27]
33 --> []
34 (59.7157) --> [56, 98]
35 --> []
36 (35.1801) --> [84]
37 (43.5310) --> [127, 47]
38 (57.9326) --> [125]
39 --> []
40 --> []
41 (63.7999) --> [169]
42 (48.0390) --> [182]
43 (54.4692) --> [142]
44 (65.8546) --> [104, 151]
45 (30.9283) --> [118]
46 (32.9081) --> [172]
47 (46.9167) --> [178]
48 (44.3948) --> [80]
49 (8.4353) --> [13]
50 --> []
51 (15.3529) --> [102]
52 (68.1860) --> [175]
53 (82.3160) --> [31, 180]
54 (72.8015) --> [62, 65]
55 (73.6201) --> [197]
56 (78.2812) --> [144, 100]
57 (51.6092) --> [126]
58 (24.9277) --> [36]
59 (23.6109) --> [26]
60 (30.1852) --> [37]
61 (36.4333) --> [140]
62 (46.2369) --> [103]
63 (31.0617) --> [121]
64 (52.4356) --> [139]
65 --> []
66 (70.5424) --> [34]
67 (4.2715) --> [20]
68 --> []
69 (29.4563) --> [93, 52]
70 --> []
71 --> []
72 (72.1616) --> [99, 44]
73 (41.8461) --> [5]
74 (28.8107) --> [132]
75 (48.9242) --> [87, 23]
76 (54.9640) --> [35, 57, 50]
77 (45.9289) --> [135]
78 (115.2467) --> [199, 129]
79 --> []
80 (27.8971) --> [101]
81 --> []
82 (16.9528) --> [114]
83 (24.0050) --> [195]
84 (82.4015) --> [96]
85 (44.6462) --> [177]
86 (55.5411) --> [89]
87 (74.2967) --> [32, 117]
88 (98.5318) --> [146, 82]
89 (78.8202) --> [106, 160]
90 (67.3823) --> [6]
91 (64.9405) --> [88, 14]
92 (30.8374) --> [124]
93 (49.1196) --> [162, 166]
94 (15.2533) --> [91]
95 (47.3616) --> [134]
96 (21.7721) --> [2]
97 --> []
98 --> []
99 --> []
100 (126.5536) --> [189, 115]
101 --> []
102 (27.1809) --> [149]
103 (28.4072) --> [128]
104 (56.9492) --> [183]
105 (18.3288) --> [22]
106 (45.2002) --> [95]
107 (74.5503) --> [21, 113, 74]
108 (45.0928) --> [94]
109 --> []
110 (71.5950) --> [67, 58]
111 (90.3656) --> [112]
112 (18.0722) --> [64]
113 --> []
114 --> []
115 (62.3650) --> [155]
116 (72.3381) --> [7, 4, 109]
117 (55.9142) --> [40]
118 --> []
119 (71.0701) --> [153]
120 --> []
121 (31.6402) --> [170]
122 (52.7879) --> [1]
123 (69.7416) --> [108]
124 (46.3759) --> [17]
125 (63.8251) --> [24]
126 (37.8438) --> [39]
127 --> []
128 (60.6949) --> [192]
129 --> []
130 --> []
131 --> []
132 (30.1803) --> [54]
133 (26.4315) --> [156, 188]
134 (44.1641) --> [196]
135 (65.4487) --> [92, 193]
136 --> []
137 --> []
138 (52.0436) --> [16]
139 (32.5510) --> [168, 143]
140 (76.9992) --> [150, 145]
141 --> []
142 --> []
143 (79.8324) --> [152]
144 --> []
145 (70.4235) --> [181]
146 --> []
147 (62.1588) --> [48, 77]
148 --> []
149 (47.4287) --> [164]
150 --> []
151 (68.6943) --> [33]
152 --> []
153 (66.3294) --> [138, 136]
154 (46.5086) --> [187]
155 --> []
156 (62.4667) --> [107]
157 (67.0019) --> [19]
158 (57.4306) --> [133]
159 (89.1078) --> [176]
160 (63.5724) --> [119, 120]
161 (61.7670) --> [70]
162 (2.5724) --> [18]
163 --> []
164 (37.1180) --> [9]
165 (64.4980) --> [76]
166 --> []
167 (57.0983) --> [49]
168 (35.3503) --> [72]
169 --> []
170 (11.7408) --> [29]
171 (38.1331) --> [167, 8]
172 (33.7777) --> [15]
173 (78.9549) --> [116, 3]
174 (56.7737) --> [25]
175 (91.0139) --> [165]
176 (60.7789) --> [158]
177 (57.6737) --> [90]
178 (62.4655) --> [12, 194, 45]
179 (78.7821) --> [174]
180 (59.2428) --> [85]
181 --> []
182 --> []
183 (68.6177) --> [61]
184 --> []
185 (37.1011) --> [71]
186 (53.2967) --> [163, 66]
187 (50.9612) --> [11]
188 (60.3101) --> [73]
189 --> []
190 --> []
191 (65.4858) --> [41]
192 --> []
193 (88.2505) --> [38]
194 (73.3116) --> [28]
195 (42.4112) --> [191, 141]
196 (44.2278) --> [60, 159]
197 (59.3458) --> [30, 147]
198 (8.7938) --> [53]
199 (84.2159) --> [137, 105]

Solution energy from ACO: 3.2377187438188203E7
trying to improve with local search...
final Solution:
0 (40.7285) --> [171, 69]
1 (21.3588) --> [130]
2 (39.8201) --> [185]
3 (30.9161) --> [198]
4 (32.6285) --> [68]
5 (55.3400) --> [51, 43]
6 (29.5525) --> [111, 86]
7 (58.2813) --> [75]
8 (17.4676) --> [59]
9 (47.6466) --> [157]
10 (25.9548) --> [184]
11 (57.9809) --> [42]
12 (38.1589) --> [55]
13 (53.9854) --> [173]
14 (40.7840) --> [161]
15 (67.5815) --> [179, 122]
16 (66.5082) --> [78, 186]
17 (46.5378) --> [110]
18 (70.4914) --> [148]
19 (53.4736) --> [10]
20 --> []
21 --> []
22 --> []
23 (54.0568) --> [190, 97]
24 (60.5539) --> [154, 83]
25 --> []
26 --> []
27 (50.3562) --> [63]
28 (75.0707) --> [79, 81]
29 (73.1099) --> [123]
30 (33.3021) --> [46]
31 (39.7530) --> [131]
32 (51.0494) --> [27]
33 --> []
34 (59.7157) --> [56, 98]
35 --> []
36 (35.1801) --> [84]
37 (43.5310) --> [127, 47]
38 (57.9326) --> [125]
39 --> []
40 --> []
41 (63.7999) --> [169]
42 (48.0390) --> [182]
43 (54.4692) --> [142]
44 (65.8546) --> [104, 151]
45 (30.9283) --> [118]
46 (32.9081) --> [172]
47 (46.9167) --> [178]
48 (44.3948) --> [80]
49 (8.4353) --> [13]
50 --> []
51 (15.3529) --> [102]
52 (68.1860) --> [175]
53 (82.3160) --> [31, 180]
54 (72.8015) --> [62, 65]
55 (73.6201) --> [197]
56 (78.2812) --> [144, 100]
57 (51.6092) --> [126]
58 (24.9277) --> [36]
59 (23.6109) --> [26]
60 (30.1852) --> [37]
61 (36.4333) --> [140]
62 (46.2369) --> [103]
63 (31.0617) --> [121]
64 (52.4356) --> [139]
65 --> []
66 (70.5424) --> [34]
67 (4.2715) --> [20]
68 --> []
69 (29.4563) --> [93, 52]
70 --> []
71 --> []
72 (72.1616) --> [99, 44]
73 (41.8461) --> [5]
74 (28.8107) --> [132]
75 (46.6474) --> [87, 32]
76 (54.9640) --> [35, 57, 50]
77 (45.9289) --> [135]
78 (115.2467) --> [199, 129]
79 --> []
80 (27.8971) --> [101]
81 --> []
82 (16.9528) --> [114]
83 (24.0050) --> [195]
84 (82.4015) --> [96]
85 (44.6462) --> [177]
86 (55.5411) --> [89]
87 (74.2967) --> [117, 23]
88 (98.5318) --> [146, 82]
89 (78.8202) --> [106, 160]
90 (67.3823) --> [6]
91 (64.9405) --> [88, 14]
92 (30.8374) --> [124]
93 (49.1196) --> [162, 166]
94 (15.2533) --> [91]
95 (47.3616) --> [134]
96 (21.7721) --> [2]
97 --> []
98 --> []
99 --> []
100 (126.5536) --> [189, 115]
101 --> []
102 (27.1809) --> [149]
103 (28.4072) --> [128]
104 (56.9492) --> [183]
105 (18.3288) --> [22]
106 (45.2002) --> [95]
107 (74.5503) --> [21, 113, 74]
108 (45.0928) --> [94]
109 --> []
110 (71.5950) --> [67, 58]
111 (90.3656) --> [112]
112 (18.0722) --> [64]
113 --> []
114 --> []
115 (62.3650) --> [155]
116 (72.3381) --> [7, 4, 109]
117 (55.9142) --> [40]
118 --> []
119 (71.0701) --> [153]
120 --> []
121 (31.6402) --> [170]
122 (52.7879) --> [1]
123 (69.7416) --> [108]
124 (46.3759) --> [17]
125 (63.8251) --> [24]
126 (37.8438) --> [39]
127 --> []
128 (60.6949) --> [192]
129 --> []
130 --> []
131 --> []
132 (30.1803) --> [54]
133 (26.4315) --> [156, 188]
134 (44.1641) --> [196]
135 (65.4487) --> [92, 193]
136 --> []
137 --> []
138 (52.0436) --> [16]
139 (32.5510) --> [168, 143]
140 (76.9992) --> [150, 145]
141 --> []
142 --> []
143 (79.8324) --> [152]
144 --> []
145 (70.4235) --> [181]
146 --> []
147 (62.1588) --> [48, 77]
148 --> []
149 (47.4287) --> [164]
150 --> []
151 (68.6943) --> [33]
152 --> []
153 (66.3294) --> [138, 136]
154 (46.5086) --> [187]
155 --> []
156 (62.4667) --> [107]
157 (67.0019) --> [19]
158 (57.4306) --> [133]
159 (89.1078) --> [176]
160 (63.5724) --> [119, 120]
161 (61.7670) --> [70]
162 (2.5724) --> [18]
163 --> []
164 (37.1180) --> [9]
165 (64.4980) --> [76]
166 --> []
167 (57.0983) --> [49]
168 (35.3503) --> [72]
169 --> []
170 (11.7408) --> [29]
171 (38.1331) --> [167, 8]
172 (33.7777) --> [15]
173 (78.9549) --> [116, 3]
174 (56.7737) --> [25]
175 (91.0139) --> [165]
176 (60.7789) --> [158]
177 (57.6737) --> [90]
178 (62.4655) --> [12, 194, 45]
179 (78.7821) --> [174]
180 (59.2428) --> [85]
181 --> []
182 --> []
183 (68.6177) --> [61]
184 --> []
185 (37.1011) --> [71]
186 (53.2967) --> [163, 66]
187 (50.9612) --> [11]
188 (60.3101) --> [73]
189 --> []
190 --> []
191 (65.4858) --> [41]
192 --> []
193 (88.2505) --> [38]
194 (73.3116) --> [28]
195 (42.4112) --> [191, 141]
196 (44.2278) --> [60, 159]
197 (59.3458) --> [30, 147]
198 (8.7938) --> [53]
199 (84.2159) --> [137, 105]

final Solution energy: 3.236158702711834E7
Calculated in 29050ms
Ants=1000, alpha=0.6, beta=3.0, evaporate factor=0.07
(for ../../mebp/mebp-09.dat)
