New best solution in iteration 0: 1.9948139770225928E9
New best solution in iteration 4: 1.696319013679987E9
AVG (iterations 0 to 20): 2.4806635977950187E9
New best solution in iteration 27: 1.0504780189979414E9
AVG (iterations 20 to 40): 2.371319730523468E9
AVG (iterations 40 to 60): 2.5779257866820507E9
AVG (iterations 60 to 80): 2.316770337426375E9
AVG (iterations 80 to 100): 2.326985465228679E9
AVG (iterations 100 to 120): 2.322289341719318E9
AVG (iterations 120 to 140): 2.1903352983028407E9
New best solution in iteration 156: 9.976787311651679E8
New best solution in iteration 159: 6.70095366421875E8
AVG (iterations 140 to 160): 1.807190462154323E9
New best solution in iteration 168: 6.586544527706825E8
New best solution in iteration 169: 4.9054414570978844E8
New best solution in iteration 170: 3.3973012306350815E8
New best solution in iteration 173: 1.8151747725282186E8
New best solution in iteration 175: 1.4889746206414896E8
AVG (iterations 160 to 180): 7.724232602917261E8
New best solution in iteration 182: 7.69530734984756E7
New best solution in iteration 184: 7.011769155439022E7
New best solution in iteration 189: 4.8040971064318456E7
New best solution in iteration 193: 4.588728965835297E7
New best solution in iteration 194: 4.499998618934152E7
AVG (iterations 180 to 200): 1.0348696918682839E8
New best solution in iteration 201: 4.016588431443575E7
New best solution in iteration 204: 4.0143423812654294E7
New best solution in iteration 213: 3.909602793942288E7
New best solution in iteration 220: 3.655372658266743E7
AVG (iterations 200 to 220): 4.812891446450425E7
New best solution in iteration 224: 3.525455132519676E7
AVG (iterations 220 to 240): 4.202893027940112E7
New best solution in iteration 249: 3.4305127504854225E7
AVG (iterations 240 to 260): 4.075862757694508E7
AVG (iterations 260 to 280): 3.9484104404216476E7
AVG (iterations 280 to 300): 4.000030613338255E7
AVG (iterations 300 to 320): 3.8976997382678606E7
AVG (iterations 320 to 340): 3.807145014815886E7
AVG (iterations 340 to 360): 3.7355415422714464E7
AVG (iterations 360 to 380): 3.889517705421302E7
New best solution in iteration 389: 3.430236192102416E7
AVG (iterations 380 to 400): 3.791765303666499E7
AVG (iterations 400 to 420): 3.774607267016332E7
AVG (iterations 420 to 440): 3.8225743995638E7
AVG (iterations 440 to 460): 3.869717984033304E7
New best solution in iteration 477: 3.404156561835877E7
AVG (iterations 460 to 480): 3.673958167815029E7
New best solution in iteration 481: 3.3662133130263515E7
AVG (iterations 480 to 500): 3.677395604859527E7
AVG (iterations 500 to 520): 3.763335808690408E7
AVG (iterations 520 to 540): 3.740575638874576E7
AVG (iterations 540 to 560): 3.6817542582262054E7
AVG (iterations 560 to 580): 3.814573541383648E7
AVG (iterations 580 to 600): 3.827215154815422E7
AVG (iterations 600 to 620): 3.748290614187221E7
AVG (iterations 620 to 640): 3.682696321577645E7
AVG (iterations 640 to 660): 3.6630475796255454E7
AVG (iterations 660 to 680): 3.7463752230636016E7
AVG (iterations 680 to 700): 3.784146931964254E7
AVG (iterations 700 to 720): 3.73070722569397E7
AVG (iterations 720 to 740): 3.691761722000783E7
AVG (iterations 740 to 760): 3.670411273957409E7
AVG (iterations 760 to 780): 3.7423986773099765E7
AVG (iterations 780 to 800): 3.665817483248211E7
New best solution in iteration 814: 3.359252766727698E7
AVG (iterations 800 to 820): 3.688512387861016E7
AVG (iterations 820 to 840): 3.814570681376046E7
AVG (iterations 840 to 860): 3.813683877627093E7
AVG (iterations 860 to 880): 3.780103738487104E7
New best solution in iteration 885: 3.3479960285488278E7
AVG (iterations 880 to 900): 3.701337548478001E7
AVG (iterations 900 to 920): 3.8393747187763944E7
AVG (iterations 920 to 940): 3.77222152643878E7
AVG (iterations 940 to 960): 3.749225568592795E7
AVG (iterations 960 to 980): 3.713480703465585E7
Solution from ACO:
0 (40.7285) --> [171, 69]
1 (21.3588) --> [130]
2 (39.8201) --> [185]
3 (30.9161) --> [198]
4 (35.7073) --> [68, 109]
5 (55.3400) --> [73, 43]
6 (29.5525) --> [111, 86]
7 (58.2813) --> [116, 75]
8 (17.4676) --> [59]
9 (47.6466) --> [157]
10 (53.4736) --> [19]
11 (57.9809) --> [42, 187]
12 (42.7071) --> [47, 55]
13 (53.9854) --> [173]
14 (40.7840) --> [161]
15 (33.7777) --> [172]
16 (36.7000) --> [78]
17 --> []
18 (70.4914) --> [148]
19 --> []
20 (4.2715) --> [67]
21 (78.6646) --> [74]
22 (18.3288) --> [105]
23 (20.6407) --> [190]
24 (63.8251) --> [125]
25 --> []
26 --> []
27 (50.3562) --> [63]
28 (73.3116) --> [81, 194]
29 (73.1099) --> [123]
30 (31.5191) --> [197]
31 (39.7530) --> [131]
32 (58.7201) --> [4, 27]
33 --> []
34 (76.0014) --> [56, 98, 100]
35 --> []
36 (35.1801) --> [84]
37 (28.1413) --> [127]
38 --> []
39 --> []
40 --> []
41 (63.7999) --> [169]
42 (48.0390) --> [182]
43 --> []
44 (65.8546) --> [104, 151]
45 --> []
46 (105.6102) --> [30, 174]
47 --> []
48 (44.3948) --> [80]
49 (8.4353) --> [13]
50 --> []
51 (49.0231) --> [5]
52 (68.1860) --> [175]
53 (56.5622) --> [31]
54 (72.8015) --> [62, 65]
55 --> []
56 (47.1746) --> [144]
57 (51.6092) --> [126]
58 (24.9277) --> [36]
59 (23.6109) --> [26]
60 (30.1852) --> [37]
61 (36.4333) --> [140]
62 (46.2369) --> [103]
63 (31.0617) --> [121]
64 (52.4356) --> [139]
65 (90.6045) --> [11]
66 (70.5424) --> [34]
67 --> []
68 --> []
69 (29.4563) --> [52, 93]
70 --> []
71 --> []
72 (72.1616) --> [99, 44]
73 (60.3101) --> [188]
74 (28.8107) --> [132]
75 (48.9242) --> [87, 23]
76 (54.9640) --> [35, 57, 50]
77 (62.5016) --> [193]
78 --> []
79 (75.0707) --> [28]
80 (36.9411) --> [101, 92]
81 (74.6682) --> [122]
82 --> []
83 --> []
84 (82.4015) --> [96]
85 (44.6462) --> [177]
86 (55.5411) --> [89]
87 (74.2967) --> [32, 117]
88 (98.9088) --> [146, 114]
89 (80.0846) --> [160, 95]
90 (67.3823) --> [6]
91 (64.9405) --> [88, 14]
92 (30.8374) --> [135, 124]
93 (49.1196) --> [166, 162]
94 (15.2533) --> [91]
95 (47.3616) --> [106, 134]
96 (21.7721) --> [2]
97 (96.8174) --> [180, 79]
98 --> []
99 --> []
100 (126.5536) --> [189, 115]
101 --> []
102 (27.1809) --> [51, 149]
103 (28.4072) --> [128]
104 (56.9492) --> [183]
105 --> []
106 --> []
107 (64.9879) --> [21, 113]
108 (45.0928) --> [94]
109 --> []
110 (71.5950) --> [58]
111 (90.3656) --> [112]
112 (18.0722) --> [64]
113 --> []
114 (16.9528) --> [82]
115 (62.3650) --> [155]
116 --> []
117 (55.9142) --> [40]
118 (30.9283) --> [45]
119 (71.0701) --> [153]
120 --> []
121 (31.6402) --> [170]
122 (64.7444) --> [1, 179]
123 (91.0619) --> [108, 70]
124 (60.2840) --> [17, 110, 20]
125 (57.9326) --> [38]
126 (37.8438) --> [39]
127 --> []
128 (60.6949) --> [192]
129 --> []
130 --> []
131 --> []
132 (30.1803) --> [54]
133 (57.4306) --> [158, 156]
134 (44.1641) --> [196]
135 --> []
136 (80.2992) --> [102]
137 (100.5063) --> [22]
138 (76.9822) --> [16, 186]
139 (32.5510) --> [143, 168]
140 (76.9992) --> [145, 150]
141 (52.6515) --> [195, 41]
142 --> []
143 (79.8324) --> [152]
144 --> []
145 (70.4235) --> [181]
146 --> []
147 (62.1588) --> [48, 77]
148 --> []
149 (49.4825) --> [9, 164]
150 --> []
151 (68.6943) --> [33]
152 (114.3154) --> [129, 199]
153 (66.3294) --> [138, 136]
154 (27.4194) --> [24]
155 --> []
156 (62.4667) --> [107]
157 (69.0185) --> [142, 184]
158 (60.7789) --> [176]
159 --> []
160 (63.5724) --> [119, 120]
161 --> []
162 (2.5724) --> [18]
163 (55.3090) --> [66]
164 --> []
165 (64.4980) --> [76]
166 --> []
167 (57.0983) --> [49]
168 (35.3503) --> [72]
169 --> []
170 (11.7408) --> [29]
171 (38.1331) --> [167, 8]
172 (32.9081) --> [46]
173 (86.5515) --> [7]
174 (56.7737) --> [25]
175 (91.0139) --> [165]
176 --> []
177 (57.6737) --> [90]
178 (30.3192) --> [12]
179 (35.5397) --> [15]
180 (59.2428) --> [85]
181 --> []
182 (50.6223) --> [141]
183 (68.6177) --> [61]
184 (25.9548) --> [10]
185 (37.1011) --> [71]
186 (18.2451) --> [163]
187 (46.5086) --> [154]
188 (26.4315) --> [133]
189 --> []
190 (74.5029) --> [97, 3]
191 --> []
192 --> []
193 --> []
194 (59.6399) --> [118, 178]
195 (24.3165) --> [83, 191]
196 (44.2278) --> [60, 159]
197 (59.3458) --> [147]
198 (8.7938) --> [53]
199 (1.7514) --> [137]

Solution energy from ACO: 3.3479960285488278E7
trying to improve with local search...
final Solution:
0 (40.7285) --> [171, 69]
1 (21.3588) --> [130]
2 (39.8201) --> [185]
3 (30.9161) --> [198]
4 (35.7073) --> [68, 109]
5 (55.3400) --> [73, 43]
6 (29.5525) --> [111, 86]
7 (58.2813) --> [116, 75]
8 (17.4676) --> [59]
9 (47.6466) --> [157]
10 (53.4736) --> [19]
11 (57.9809) --> [42, 187]
12 (42.7071) --> [47, 55]
13 (53.9854) --> [173]
14 (40.7840) --> [161]
15 (33.7777) --> [172]
16 (36.7000) --> [78]
17 --> []
18 (70.4914) --> [148]
19 --> []
20 (4.2715) --> [67]
21 (78.6646) --> [74]
22 (18.3288) --> [105]
23 (20.6407) --> [190]
24 (63.8251) --> [125]
25 --> []
26 --> []
27 (50.3562) --> [63]
28 (73.3116) --> [81, 194]
29 (73.1099) --> [123]
30 (31.5191) --> [197]
31 (39.7530) --> [131]
32 (58.7201) --> [4, 27]
33 --> []
34 (76.0014) --> [56, 98, 100]
35 --> []
36 (35.1801) --> [84]
37 (28.1413) --> [127]
38 --> []
39 --> []
40 --> []
41 (63.7999) --> [169]
42 (48.0390) --> [182]
43 --> []
44 (65.8546) --> [104, 151]
45 --> []
46 (105.6102) --> [174, 147]
47 --> []
48 (44.3948) --> [80]
49 (8.4353) --> [13]
50 --> []
51 (49.0231) --> [5]
52 (68.1860) --> [175]
53 (56.5622) --> [31]
54 (72.8015) --> [62, 65]
55 --> []
56 (47.1746) --> [144]
57 (51.6092) --> [126]
58 (24.9277) --> [36]
59 (23.6109) --> [26]
60 (30.1852) --> [37]
61 (36.4333) --> [140]
62 (46.2369) --> [103]
63 (31.0617) --> [121]
64 (52.4356) --> [139]
65 (90.6045) --> [11]
66 (70.5424) --> [34]
67 --> []
68 --> []
69 (29.4563) --> [52, 93]
70 --> []
71 --> []
72 (72.1616) --> [99, 44]
73 (60.3101) --> [188]
74 (28.8107) --> [132]
75 (48.9242) --> [87, 23]
76 (54.9640) --> [35, 57, 50]
77 (62.5016) --> [193]
78 --> []
79 (75.0707) --> [28]
80 (36.9411) --> [101, 92]
81 (74.6682) --> [122]
82 --> []
83 --> []
84 (82.4015) --> [96]
85 (44.6462) --> [177]
86 (55.5411) --> [89]
87 (74.2967) --> [32, 117]
88 (98.9088) --> [146, 114]
89 (80.0846) --> [160, 95]
90 (67.3823) --> [6]
91 (64.9405) --> [88, 14]
92 (30.8374) --> [135, 124]
93 (49.1196) --> [166, 162]
94 (15.2533) --> [91]
95 (47.3616) --> [106, 134]
96 (21.7721) --> [2]
97 (96.8174) --> [180, 79]
98 --> []
99 --> []
100 (126.5536) --> [189, 115]
101 --> []
102 (27.1809) --> [51, 149]
103 (28.4072) --> [128]
104 (56.9492) --> [183]
105 --> []
106 --> []
107 (64.9879) --> [21, 113]
108 (45.0928) --> [94]
109 --> []
110 (71.5950) --> [58]
111 (90.3656) --> [112]
112 (18.0722) --> [64]
113 --> []
114 (16.9528) --> [82]
115 (62.3650) --> [155]
116 --> []
117 (55.9142) --> [40]
118 (30.9283) --> [45]
119 (71.0701) --> [153]
120 --> []
121 (31.6402) --> [170]
122 (64.7444) --> [1, 179]
123 (91.0619) --> [108, 70]
124 (60.2840) --> [17, 110, 20]
125 (57.9326) --> [38]
126 (37.8438) --> [39]
127 --> []
128 (60.6949) --> [192]
129 --> []
130 --> []
131 --> []
132 (30.1803) --> [54]
133 (57.4306) --> [158, 156]
134 (44.1641) --> [196]
135 --> []
136 (80.2992) --> [102]
137 (100.5063) --> [22]
138 (76.9822) --> [16, 186]
139 (32.5510) --> [143, 168]
140 (76.9992) --> [145, 150]
141 (52.6515) --> [195, 41]
142 --> []
143 (79.8324) --> [152]
144 --> []
145 (70.4235) --> [181]
146 --> []
147 (62.1588) --> [48, 77]
148 --> []
149 (49.4825) --> [9, 164]
150 --> []
151 (68.6943) --> [33]
152 (114.3154) --> [129, 199]
153 (66.3294) --> [138, 136]
154 (27.4194) --> [24]
155 --> []
156 (62.4667) --> [107]
157 (69.0185) --> [142, 184]
158 (60.7789) --> [176]
159 --> []
160 (63.5724) --> [119, 120]
161 --> []
162 (2.5724) --> [18]
163 (55.3090) --> [66]
164 --> []
165 (64.4980) --> [76]
166 --> []
167 (57.0983) --> [49]
168 (35.3503) --> [72]
169 --> []
170 (11.7408) --> [29]
171 (38.1331) --> [167, 8]
172 (32.9081) --> [46]
173 (86.5515) --> [7]
174 (56.7737) --> [25]
175 (91.0139) --> [165]
176 --> []
177 (57.6737) --> [90]
178 (30.3192) --> [12]
179 (35.5397) --> [15]
180 (59.2428) --> [85]
181 --> []
182 (50.6223) --> [141]
183 (68.6177) --> [61]
184 (25.9548) --> [10]
185 (37.1011) --> [71]
186 (18.2451) --> [163]
187 (46.5086) --> [154]
188 (26.4315) --> [133]
189 --> []
190 (74.5029) --> [97, 3]
191 --> []
192 --> []
193 --> []
194 (59.6399) --> [118, 178]
195 (24.3165) --> [83, 191]
196 (44.2278) --> [60, 159]
197 (31.5191) --> [30]
198 (8.7938) --> [53]
199 (1.7514) --> [137]

final Solution energy: 3.3302261553332124E7
Calculated in 28904ms
Ants=1000, alpha=0.6, beta=3.0, evaporate factor=0.07
(for ../../mebp/mebp-09.dat)
