New best solution in iteration 0: 2.551221682317992E9
New best solution in iteration 2: 1.6410897973526819E9
New best solution in iteration 3: 1.4966105476984146E9
New best solution in iteration 5: 1.0840244232975888E9
AVG (iterations 0 to 20): 2.0717362288261948E9
New best solution in iteration 30: 8.583764233382574E8
New best solution in iteration 33: 6.803377788339419E8
AVG (iterations 20 to 40): 1.8484162921436775E9
AVG (iterations 40 to 60): 2.1770807952553205E9
AVG (iterations 60 to 80): 2.3710073406878996E9
AVG (iterations 80 to 100): 2.288819571047949E9
AVG (iterations 100 to 120): 2.0586730579800732E9
AVG (iterations 120 to 140): 2.0298870243075519E9
AVG (iterations 140 to 160): 1.5684826667307458E9
New best solution in iteration 167: 3.745742610583265E8
New best solution in iteration 169: 3.273424168858815E8
New best solution in iteration 174: 2.4286769445587993E8
New best solution in iteration 177: 1.87147338253159E8
New best solution in iteration 180: 1.305063299697176E8
AVG (iterations 160 to 180): 7.656596841571689E8
New best solution in iteration 183: 7.214712374034841E7
New best solution in iteration 187: 5.057685575810899E7
New best solution in iteration 195: 4.85556015992377E7
New best solution in iteration 196: 4.29562713752441E7
New best solution in iteration 198: 3.928570407571327E7
AVG (iterations 180 to 200): 9.016416551003408E7
AVG (iterations 200 to 220): 4.838223373479564E7
New best solution in iteration 224: 3.8720432833057344E7
AVG (iterations 220 to 240): 4.277073037049548E7
New best solution in iteration 242: 3.786584005859012E7
AVG (iterations 240 to 260): 4.164701523643282E7
New best solution in iteration 262: 3.773171067337714E7
New best solution in iteration 265: 3.7313063824108705E7
AVG (iterations 260 to 280): 4.011173783181732E7
New best solution in iteration 290: 3.6345387370835856E7
AVG (iterations 280 to 300): 3.9962072086655885E7
AVG (iterations 300 to 320): 4.068699922226073E7
New best solution in iteration 333: 3.613907434947348E7
AVG (iterations 320 to 340): 3.9292255111471795E7
AVG (iterations 340 to 360): 4.0437408985065706E7
AVG (iterations 360 to 380): 3.952526009515261E7
AVG (iterations 380 to 400): 3.998459767846258E7
AVG (iterations 400 to 420): 4.053818690078498E7
AVG (iterations 420 to 440): 3.966841274632187E7
AVG (iterations 440 to 460): 3.949442591458194E7
AVG (iterations 460 to 480): 4.0134998418782726E7
AVG (iterations 480 to 500): 3.9303064803329766E7
AVG (iterations 500 to 520): 3.9941126967856705E7
AVG (iterations 520 to 540): 3.994185821222129E7
AVG (iterations 540 to 560): 3.938872340757826E7
AVG (iterations 560 to 580): 4.033551147290644E7
AVG (iterations 580 to 600): 3.952224013307019E7
AVG (iterations 600 to 620): 3.947166387586296E7
AVG (iterations 620 to 640): 3.992855144368823E7
AVG (iterations 640 to 660): 3.965745575654839E7
AVG (iterations 660 to 680): 3.932583989842157E7
AVG (iterations 680 to 700): 3.9435562276457675E7
AVG (iterations 700 to 720): 3.937768915327328E7
AVG (iterations 720 to 740): 4.011553099336844E7
AVG (iterations 740 to 760): 3.954963867952213E7
AVG (iterations 760 to 780): 3.896546373739171E7
New best solution in iteration 790: 3.554465836166662E7
AVG (iterations 780 to 800): 3.875321404663466E7
AVG (iterations 800 to 820): 3.8821955171685874E7
AVG (iterations 820 to 840): 4.004353403435476E7
AVG (iterations 840 to 860): 3.963338518580007E7
AVG (iterations 860 to 880): 3.892019729211016E7
AVG (iterations 880 to 900): 3.9285491081026725E7
AVG (iterations 900 to 920): 3.939463411913441E7
AVG (iterations 920 to 940): 3.861541710067727E7
AVG (iterations 940 to 960): 3.875908553195647E7
AVG (iterations 960 to 980): 3.878900713889193E7
Solution from ACO:
0 (79.8935) --> [60, 88]
1 --> []
2 (74.1257) --> [174, 149]
3 (46.8948) --> [94]
4 (100.7868) --> [126, 71]
5 --> []
6 (35.8099) --> [183, 40]
7 (139.6811) --> [59, 98, 134]
8 (47.1830) --> [7]
9 (66.1330) --> [188]
10 (87.3771) --> [195, 120, 158]
11 (48.8867) --> [161, 31]
12 (64.5945) --> [27, 124]
13 (24.5868) --> [83]
14 (59.4371) --> [125, 13]
15 (51.3034) --> [118]
16 --> []
17 (69.4470) --> [23]
18 (73.5893) --> [128]
19 (15.8589) --> [80]
20 (54.2274) --> [29]
21 (86.9096) --> [12]
22 (46.4393) --> [198]
23 (68.8339) --> [72, 4]
24 (50.5707) --> [35, 101]
25 (62.2530) --> [38]
26 --> []
27 (24.3551) --> [155, 160]
28 (90.7262) --> [76]
29 (57.0992) --> [122]
30 (14.4783) --> [78]
31 --> []
32 (68.4825) --> [48]
33 (79.4878) --> [57]
34 (47.3489) --> [189]
35 (55.9677) --> [100]
36 --> []
37 --> []
38 --> []
39 (42.5508) --> [165]
40 (20.4670) --> [115]
41 (37.4534) --> [82]
42 (64.0796) --> [148]
43 (71.3434) --> [41, 16]
44 (68.8528) --> [123]
45 (89.9774) --> [30, 146]
46 (33.7098) --> [177]
47 --> []
48 (21.0803) --> [62]
49 (33.0435) --> [42]
50 (47.9093) --> [191]
51 (54.0073) --> [43]
52 --> []
53 (117.8933) --> [58, 141]
54 (50.2577) --> [108]
55 --> []
56 (90.1731) --> [143]
57 (83.0220) --> [119]
58 (82.2080) --> [81]
59 --> []
60 (50.7539) --> [56, 135]
61 --> []
62 (44.0440) --> [95]
63 (61.9207) --> [131, 2]
64 (50.3146) --> [77]
65 --> []
66 (65.3760) --> [111]
67 --> []
68 (106.5386) --> [154, 65]
69 (59.8496) --> [91, 109]
70 (25.9903) --> [75]
71 (68.3174) --> [196]
72 (108.5354) --> [153, 67]
73 (38.8995) --> [173, 64]
74 (65.3835) --> [107]
75 (65.5632) --> [150, 186]
76 --> []
77 (51.1638) --> [181]
78 (74.0648) --> [144, 140]
79 --> []
80 (76.2024) --> [28, 93]
81 (70.3255) --> [178, 9]
82 (55.4588) --> [10]
83 --> []
84 --> []
85 --> []
86 (66.0961) --> [104, 151]
87 (22.8446) --> [34]
88 (44.2907) --> [33]
89 (73.9264) --> [8]
90 --> []
91 (63.9965) --> [166, 170]
92 (26.2529) --> [138]
93 --> []
94 (31.8831) --> [32, 157]
95 --> []
96 (20.6043) --> [14]
97 --> []
98 --> []
99 (40.2091) --> [199]
100 --> []
101 (13.6428) --> [187]
102 --> []
103 --> []
104 (39.5994) --> [145]
105 (32.0778) --> [163]
106 (46.7667) --> [3]
107 (64.9524) --> [11]
108 --> []
109 (55.9466) --> [159, 53]
110 (60.2494) --> [89]
111 (47.5241) --> [51, 92]
112 --> []
113 (40.5663) --> [156]
114 (66.0287) --> [49]
115 (70.4361) --> [17, 44]
116 (24.3799) --> [74]
117 (50.1890) --> [22]
118 (77.2884) --> [103]
119 (43.1406) --> [129]
120 --> []
121 --> []
122 (73.5834) --> [73]
123 (16.6104) --> [5]
124 (19.7954) --> [52]
125 (57.1592) --> [55, 152]
126 --> []
127 (6.3597) --> [84]
128 (60.8322) --> [136, 190]
129 (35.2396) --> [69]
130 (100.7948) --> [167, 105]
131 (51.7020) --> [90]
132 (24.9399) --> [79]
133 --> []
134 --> []
135 (54.3552) --> [68]
136 (12.5483) --> [87]
137 (10.9882) --> [179]
138 (72.0424) --> [63]
139 (62.2339) --> [66, 147]
140 (91.2328) --> [182, 113, 172]
141 --> []
142 (43.2417) --> [169]
143 --> []
144 --> []
145 (30.5363) --> [19]
146 (83.4053) --> [25, 127]
147 --> []
148 --> []
149 (9.5867) --> [1]
150 (71.1385) --> [130, 192]
151 --> []
152 --> []
153 --> []
154 (58.0984) --> [194]
155 (60.5927) --> [176]
156 (50.9969) --> [132]
157 (47.5557) --> [142]
158 (39.1291) --> [15]
159 (62.4364) --> [162]
160 (57.7324) --> [168]
161 --> []
162 (51.1143) --> [114]
163 (26.2115) --> [197]
164 (43.7316) --> [37, 117]
165 (31.7030) --> [133, 185, 70]
166 --> []
167 (62.5631) --> [97]
168 (63.5472) --> [54]
169 (22.0641) --> [99]
170 (9.7939) --> [121]
171 (57.1881) --> [85, 36]
172 (63.8684) --> [18]
173 (52.3414) --> [96, 46]
174 --> []
175 (65.3408) --> [180, 184, 50]
176 (69.2774) --> [47, 110]
177 --> []
178 --> []
179 (44.4657) --> [171]
180 --> []
181 --> []
182 --> []
183 --> []
184 (24.9379) --> [6]
185 --> []
186 --> []
187 (39.6079) --> [139]
188 (44.1699) --> [20]
189 (36.9040) --> [102, 164]
190 (29.0837) --> [86]
191 (51.0900) --> [24]
192 (31.9595) --> [106]
193 (75.6153) --> [116, 175]
194 (59.7647) --> [45, 137]
195 (35.6416) --> [61, 112]
196 (27.9495) --> [21]
197 (40.9359) --> [26]
198 (38.2585) --> [39]
199 (38.8271) --> [193]

Solution energy from ACO: 3.554465836166662E7
trying to improve with local search...
final Solution:
0 (79.8935) --> [60, 88]
1 --> []
2 (74.1257) --> [174, 149]
3 (46.8948) --> [94]
4 (100.7868) --> [126, 71]
5 --> []
6 (35.8099) --> [183, 40]
7 (139.6811) --> [59, 98, 134]
8 (47.1830) --> [7]
9 (66.1330) --> [188]
10 (87.3771) --> [195, 120, 158]
11 (48.8867) --> [161, 31]
12 (64.5945) --> [27, 124]
13 (24.5868) --> [83]
14 (59.4371) --> [125, 13]
15 (51.3034) --> [118]
16 --> []
17 (69.4470) --> [23]
18 (73.5893) --> [128]
19 (15.8589) --> [80]
20 (54.2274) --> [29]
21 (86.9096) --> [12]
22 (46.4393) --> [198]
23 (68.8339) --> [72, 4]
24 (50.5707) --> [35, 101]
25 (62.2530) --> [38]
26 --> []
27 (24.3551) --> [155, 160]
28 (90.7262) --> [76]
29 (57.0992) --> [122]
30 (14.4783) --> [78]
31 --> []
32 (69.7924) --> [95]
33 (79.4878) --> [57]
34 (47.3489) --> [189]
35 (55.9677) --> [100]
36 --> []
37 --> []
38 --> []
39 (42.5508) --> [165]
40 (20.4670) --> [115]
41 (37.4534) --> [82]
42 (64.0796) --> [148]
43 (71.3434) --> [41, 16]
44 (68.8528) --> [123]
45 (89.9774) --> [30, 146]
46 (33.7098) --> [177]
47 --> []
48 (21.0803) --> [62]
49 (33.0435) --> [42]
50 (47.9093) --> [191]
51 (54.0073) --> [43]
52 --> []
53 (117.8933) --> [58, 141]
54 (50.2577) --> [108]
55 --> []
56 (90.1731) --> [143]
57 (83.0220) --> [119]
58 (82.2080) --> [81]
59 --> []
60 (50.7539) --> [56, 135]
61 --> []
62 (21.0803) --> [48]
63 (61.9207) --> [131, 2]
64 (50.3146) --> [77]
65 --> []
66 (65.3760) --> [111]
67 --> []
68 (106.5386) --> [154, 65]
69 (59.8496) --> [91, 109]
70 (25.9903) --> [75]
71 (68.3174) --> [196]
72 (108.5354) --> [153, 67]
73 (21.1585) --> [173, 96]
74 (65.3835) --> [107]
75 (65.5632) --> [150, 186]
76 --> []
77 (51.1638) --> [181]
78 (74.0648) --> [144, 140]
79 --> []
80 (76.2024) --> [28, 93]
81 (70.3255) --> [178, 9]
82 (55.4588) --> [10]
83 --> []
84 --> []
85 --> []
86 (66.0961) --> [104, 151]
87 (22.8446) --> [34]
88 (44.2907) --> [33]
89 (73.9264) --> [8]
90 --> []
91 (63.9965) --> [166, 170]
92 (26.2529) --> [138]
93 --> []
94 (31.8831) --> [32, 157]
95 --> []
96 (20.6043) --> [14]
97 --> []
98 --> []
99 (40.2091) --> [199]
100 --> []
101 (13.6428) --> [187]
102 --> []
103 --> []
104 (39.5994) --> [145]
105 (32.0778) --> [163]
106 (46.7667) --> [3]
107 (64.9524) --> [11]
108 --> []
109 (55.9466) --> [159, 53]
110 (60.2494) --> [89]
111 (47.5241) --> [51, 92]
112 --> []
113 (40.5663) --> [156]
114 (66.0287) --> [49]
115 (70.4361) --> [17, 44]
116 (24.3799) --> [74]
117 (50.1890) --> [22]
118 (77.2884) --> [103]
119 (43.1406) --> [129]
120 --> []
121 --> []
122 (73.5834) --> [73]
123 (16.6104) --> [5]
124 (19.7954) --> [52]
125 (57.1592) --> [55, 152]
126 --> []
127 (6.3597) --> [84]
128 (60.8322) --> [136, 190]
129 (35.2396) --> [69]
130 (100.7948) --> [167, 105]
131 (51.7020) --> [90]
132 (24.9399) --> [79]
133 --> []
134 --> []
135 (54.3552) --> [68]
136 (12.5483) --> [87]
137 (10.9882) --> [179]
138 (72.0424) --> [63]
139 (62.2339) --> [66, 147]
140 (91.2328) --> [182, 113, 172]
141 --> []
142 (43.2417) --> [169]
143 --> []
144 --> []
145 (30.5363) --> [19]
146 (83.4053) --> [25, 127]
147 --> []
148 --> []
149 (9.5867) --> [1]
150 (71.1385) --> [130, 192]
151 --> []
152 --> []
153 --> []
154 (58.0984) --> [194]
155 (60.5927) --> [176]
156 (50.9969) --> [132]
157 (47.5557) --> [142]
158 (39.1291) --> [15]
159 (62.4364) --> [162]
160 (57.7324) --> [168]
161 --> []
162 (51.1143) --> [114]
163 (26.2115) --> [197]
164 (43.7316) --> [37, 117]
165 (31.7030) --> [133, 185, 70]
166 --> []
167 (62.5631) --> [97]
168 (63.5472) --> [54]
169 (22.0641) --> [99]
170 (9.7939) --> [121]
171 (57.1881) --> [85, 36]
172 (63.8684) --> [18]
173 (52.3414) --> [46, 64]
174 --> []
175 (65.3408) --> [180, 184, 50]
176 (69.2774) --> [47, 110]
177 --> []
178 --> []
179 (44.4657) --> [171]
180 --> []
181 --> []
182 --> []
183 --> []
184 (24.9379) --> [6]
185 --> []
186 --> []
187 (39.6079) --> [139]
188 (44.1699) --> [20]
189 (36.9040) --> [102, 164]
190 (29.0837) --> [86]
191 (51.0900) --> [24]
192 (31.9595) --> [106]
193 (75.6153) --> [116, 175]
194 (59.7647) --> [45, 137]
195 (35.6416) --> [61, 112]
196 (27.9495) --> [21]
197 (40.9359) --> [26]
198 (38.2585) --> [39]
199 (38.8271) --> [193]

final Solution energy: 3.543798177595915E7
Calculated in 29235ms
Ants=1000, alpha=0.6, beta=3.0, evaporate factor=0.07
(for ../../mebp/mebp-08.dat)
