New best solution in iteration 0: 2.4605527274283633E9
New best solution in iteration 1: 2.110152275008081E9
New best solution in iteration 5: 2.0692828852678788E9
New best solution in iteration 9: 1.876278843123918E9
AVG (iterations 0 to 20): 2.9513145644764977E9
New best solution in iteration 22: 1.6267650470850322E9
AVG (iterations 20 to 40): 3.0515129531507926E9
AVG (iterations 40 to 60): 3.131443060567096E9
New best solution in iteration 76: 1.551052629657273E9
AVG (iterations 60 to 80): 2.925930642418183E9
New best solution in iteration 86: 1.5152445301972613E9
AVG (iterations 80 to 100): 3.323882753815159E9
AVG (iterations 100 to 120): 3.448363295333383E9
AVG (iterations 120 to 140): 3.2235805328015776E9
New best solution in iteration 155: 1.3607162323766143E9
New best solution in iteration 157: 1.3317419195315177E9
New best solution in iteration 159: 9.504851128949966E8
AVG (iterations 140 to 160): 2.115174084387946E9
New best solution in iteration 163: 9.169658391459728E8
New best solution in iteration 173: 6.267805058672137E8
New best solution in iteration 177: 6.200185086381993E8
New best solution in iteration 179: 3.2495948794823015E8
New best solution in iteration 180: 2.0372931231971186E8
AVG (iterations 160 to 180): 1.3701592751102529E9
New best solution in iteration 183: 1.6471137915548697E8
New best solution in iteration 184: 8.473689468403198E7
New best solution in iteration 188: 5.400412089910826E7
New best solution in iteration 197: 4.539726361335728E7
New best solution in iteration 198: 3.896215022361658E7
New best solution in iteration 200: 3.8948613768910505E7
AVG (iterations 180 to 200): 1.903549712432184E8
New best solution in iteration 202: 3.5440686023529105E7
New best solution in iteration 203: 3.010279824433525E7
New best solution in iteration 204: 2.9992781601645734E7
New best solution in iteration 206: 2.72009985085443E7
New best solution in iteration 208: 2.7063113051703002E7
New best solution in iteration 216: 2.6483311165285088E7
AVG (iterations 200 to 220): 3.207620343330306E7
New best solution in iteration 228: 2.4793374006894358E7
AVG (iterations 220 to 240): 2.755717251688751E7
New best solution in iteration 255: 2.4593080384197284E7
New best solution in iteration 259: 2.4055795178135928E7
AVG (iterations 240 to 260): 2.6473438093611784E7
New best solution in iteration 279: 2.301944572181209E7
AVG (iterations 260 to 280): 2.5137689986447692E7
New best solution in iteration 296: 2.2701851905816242E7
AVG (iterations 280 to 300): 2.5011585922987644E7
AVG (iterations 300 to 320): 2.5052014552962877E7
AVG (iterations 320 to 340): 2.4695016708592646E7
AVG (iterations 340 to 360): 2.4978740361254845E7
AVG (iterations 360 to 380): 2.4778747738776065E7
AVG (iterations 380 to 400): 2.5052365693823386E7
AVG (iterations 400 to 420): 2.5249225266137548E7
AVG (iterations 420 to 440): 2.480198946767362E7
AVG (iterations 440 to 460): 2.453265093784132E7
AVG (iterations 460 to 480): 2.4153097426375546E7
AVG (iterations 480 to 500): 2.429858388743281E7
AVG (iterations 500 to 520): 2.4155484086467873E7
AVG (iterations 520 to 540): 2.452486950190802E7
AVG (iterations 540 to 560): 2.4442246492583882E7
AVG (iterations 560 to 580): 2.4249008211242635E7
AVG (iterations 580 to 600): 2.4364708190325513E7
AVG (iterations 600 to 620): 2.3999562077346213E7
AVG (iterations 620 to 640): 2.407188374501749E7
AVG (iterations 640 to 660): 2.412425941151435E7
AVG (iterations 660 to 680): 2.4293266193333477E7
AVG (iterations 680 to 700): 2.421754285069795E7
AVG (iterations 700 to 720): 2.3769176480431348E7
AVG (iterations 720 to 740): 2.419766610507408E7
AVG (iterations 740 to 760): 2.416540642212488E7
AVG (iterations 760 to 780): 2.4286667285219196E7
AVG (iterations 780 to 800): 2.3830328146063108E7
AVG (iterations 800 to 820): 2.4170215650635146E7
AVG (iterations 820 to 840): 2.4232250007793985E7
AVG (iterations 840 to 860): 2.4086542116975047E7
AVG (iterations 860 to 880): 2.4258495043406576E7
AVG (iterations 880 to 900): 2.405197751228602E7
AVG (iterations 900 to 920): 2.3969603996515267E7
AVG (iterations 920 to 940): 2.4306443405132305E7
AVG (iterations 940 to 960): 2.3965559980242766E7
AVG (iterations 960 to 980): 2.4107576998425175E7
Solution from ACO:
0 (49.4754) --> [236, 72, 403]
1 (24.7447) --> [319]
2 (55.2769) --> [427, 452]
3 (38.5554) --> [24, 457]
4 --> []
5 (49.3517) --> [90, 433, 483]
6 (39.7859) --> [444, 149]
7 (33.7214) --> [429]
8 (35.3644) --> [451]
9 (50.4405) --> [97, 141]
10 (29.8526) --> [232]
11 (26.2971) --> [405]
12 (9.4982) --> [488]
13 (5.6851) --> [489]
14 --> []
15 (48.4276) --> [350, 99, 143]
16 (63.6188) --> [315]
17 (21.4803) --> [364]
18 (20.7382) --> [110]
19 --> []
20 (47.6789) --> [204, 336]
21 --> []
22 (23.5447) --> [197]
23 (38.6642) --> [189]
24 --> []
25 (10.4453) --> [348]
26 (39.9192) --> [206, 393]
27 (9.7846) --> [255]
28 --> []
29 (55.4756) --> [391, 170]
30 --> []
31 (21.7947) --> [394]
32 (20.5905) --> [435]
33 --> []
34 (39.8733) --> [147, 356]
35 (22.7847) --> [132]
36 (16.6840) --> [430]
37 (35.8726) --> [354]
38 (34.5532) --> [331]
39 (20.8416) --> [494]
40 (18.3562) --> [375]
41 (27.9797) --> [342, 284]
42 (32.0748) --> [261]
43 (68.8312) --> [455]
44 (22.6477) --> [171]
45 (25.6017) --> [425]
46 (11.5983) --> [39]
47 --> []
48 (42.3961) --> [229, 316]
49 (47.5881) --> [249]
50 (33.7891) --> [409]
51 (24.1125) --> [404]
52 (33.9988) --> [264]
53 (33.1892) --> [465]
54 --> []
55 --> []
56 --> []
57 --> []
58 (44.4903) --> [212]
59 (47.2745) --> [238]
60 --> []
61 (26.4630) --> [137]
62 --> []
63 (26.1205) --> [419]
64 (30.9094) --> [346]
65 --> []
66 (5.1945) --> [357]
67 (16.2287) --> [66]
68 (15.0659) --> [231]
69 (27.2084) --> [120, 5]
70 (16.8687) --> [60, 163]
71 (20.8113) --> [151]
72 (16.9356) --> [305, 86]
73 (17.2493) --> [253]
74 (11.0833) --> [64]
75 --> []
76 --> []
77 (17.5146) --> [486]
78 (10.8624) --> [70]
79 --> []
80 (32.4322) --> [349]
81 (22.2247) --> [155, 476]
82 (52.2705) --> [133]
83 (61.2568) --> [146, 142]
84 --> []
85 --> []
86 (17.2799) --> [33]
87 --> []
88 (46.2035) --> [209]
89 (61.8375) --> [107, 176, 23]
90 --> []
91 --> []
92 --> []
93 (20.5606) --> [480]
94 (46.6260) --> [139, 426]
95 (51.7313) --> [373]
96 (37.1531) --> [73]
97 --> []
98 (49.6971) --> [397]
99 (57.6006) --> [401]
100 (25.5911) --> [98]
101 --> []
102 (45.6514) --> [228]
103 (8.7476) --> [309]
104 (18.1290) --> [370]
105 (38.3408) --> [412]
106 (50.8889) --> [366, 52]
107 (20.2885) --> [25]
108 (20.6960) --> [127]
109 --> []
110 (72.9482) --> [337]
111 (31.9351) --> [129]
112 (30.4741) --> [7]
113 (55.4719) --> [297]
114 (33.5268) --> [100, 102]
115 (11.8114) --> [496]
116 --> []
117 (54.5374) --> [65, 415]
118 (33.7729) --> [275, 280]
119 (38.9336) --> [361]
120 --> []
121 --> []
122 (35.8591) --> [58, 271]
123 --> []
124 (6.6663) --> [167]
125 (26.8108) --> [299]
126 (47.6724) --> [454, 117]
127 (11.7074) --> [343]
128 (39.5600) --> [449]
129 (22.1976) --> [177]
130 --> []
131 --> []
132 (53.8254) --> [428]
133 (49.1422) --> [408, 95]
134 (28.3831) --> [262]
135 (33.3445) --> [230]
136 --> []
137 (47.6607) --> [323, 326]
138 (15.7647) --> [156]
139 (16.0824) --> [4]
140 (57.8771) --> [11, 308]
141 (35.6279) --> [27, 84]
142 --> []
143 (27.3276) --> [471]
144 --> []
145 (7.4340) --> [490]
146 --> []
147 (36.5457) --> [450, 26]
148 --> []
149 (38.6053) --> [178, 88]
150 --> []
151 (16.8583) --> [396]
152 (22.9602) --> [440]
153 (42.5219) --> [213]
154 --> []
155 (54.7574) --> [82]
156 (22.0088) --> [38]
157 (12.4058) --> [329]
158 (17.3837) --> [51]
159 (57.5285) --> [145, 413]
160 --> []
161 (43.4445) --> [62]
162 (9.7676) --> [53]
163 (54.7821) --> [116, 81]
164 (28.5755) --> [434]
165 (7.9000) --> [298]
166 --> []
167 (1.7401) --> [372]
168 (34.7143) --> [152]
169 (10.1926) --> [214]
170 (40.2085) --> [484]
171 (27.5913) --> [400, 493]
172 (56.2492) --> [332]
173 --> []
174 --> []
175 (24.6231) --> [211, 140]
176 (35.0863) --> [181]
177 (27.0372) --> [267]
178 (15.6633) --> [193]
179 (40.3695) --> [54]
180 --> []
181 --> []
182 (34.8917) --> [438, 300]
183 (19.6692) --> [307]
184 --> []
185 (27.6758) --> [499]
186 (45.2594) --> [225, 333]
187 (80.1947) --> [76]
188 (52.2312) --> [226]
189 (47.2953) --> [398]
190 --> []
191 (37.6403) --> [75]
192 (24.4518) --> [108]
193 (23.4837) --> [467]
194 (39.8430) --> [310, 487]
195 (17.0793) --> [128]
196 --> []
197 (18.1831) --> [318]
198 (45.7242) --> [418]
199 (39.5275) --> [96]
200 (27.6489) --> [126]
201 (39.0282) --> [192, 497]
202 (11.3675) --> [68]
203 (37.6260) --> [80]
204 (25.7327) --> [303, 495]
205 (28.7141) --> [22]
206 --> []
207 --> []
208 --> []
209 --> []
210 (36.8877) --> [194, 383]
211 (26.7218) --> [50]
212 (53.9488) --> [71, 258]
213 (18.1921) --> [387]
214 (53.9310) --> [320, 321]
215 --> []
216 (50.5312) --> [104, 328]
217 (37.0157) --> [301]
218 (13.2054) --> [376]
219 (18.1389) --> [240, 345]
220 --> []
221 --> []
222 (56.8012) --> [242]
223 (45.9451) --> [61]
224 --> []
225 --> []
226 --> []
227 (21.3960) --> [353]
228 (58.4862) --> [334]
229 --> []
230 (28.7170) --> [474]
231 (45.9766) --> [322]
232 (21.7437) --> [150]
233 --> []
234 (32.1675) --> [109]
235 (24.6752) --> [169]
236 --> []
237 (7.7234) --> [287]
238 (52.5876) --> [56, 105]
239 (50.8618) --> [224, 463]
240 --> []
241 --> []
242 (27.0700) --> [3]
243 --> []
244 (47.2715) --> [423, 260]
245 --> []
246 --> []
247 (49.2033) --> [2]
248 (27.0650) --> [441]
249 --> []
250 (29.7454) --> [289]
251 (33.9320) --> [330]
252 (18.6568) --> [270]
253 (63.6432) --> [31]
254 (28.4703) --> [371, 272]
255 (23.4381) --> [85]
256 (30.0422) --> [292]
257 (35.2264) --> [17]
258 (49.8943) --> [20]
259 (47.1112) --> [175]
260 (37.1394) --> [9, 311, 458]
261 (9.3612) --> [94]
262 --> []
263 (4.8676) --> [161]
264 (55.3142) --> [89]
265 --> []
266 (20.9036) --> [475]
267 (22.7703) --> [498, 384]
268 (43.3436) --> [223]
269 (19.0588) --> [263]
270 --> []
271 (34.4940) --> [379]
272 (58.4621) --> [131, 101]
273 (27.8989) --> [179]
274 (31.6148) --> [103]
275 --> []
276 (7.5911) --> [148]
277 --> []
278 (50.4243) --> [37, 341, 478]
279 --> []
280 (18.9298) --> [340]
281 --> []
282 (23.7477) --> [395]
283 (26.5662) --> [32]
284 --> []
285 (35.9154) --> [385]
286 --> []
287 (30.5796) --> [477]
288 (3.5396) --> [265]
289 (34.1726) --> [217]
290 (34.1815) --> [221]
291 (53.8974) --> [382]
292 (31.1820) --> [257]
293 --> []
294 (15.2750) --> [119, 424]
295 --> []
296 (40.1091) --> [291, 269]
297 (39.8491) --> [347, 247]
298 --> []
299 (31.5504) --> [21]
300 (24.6286) --> [286]
301 (81.1603) --> [259]
302 (59.6738) --> [377]
303 (20.7475) --> [123]
304 (37.9043) --> [10, 417]
305 (34.1806) --> [344]
306 (17.1605) --> [157]
307 (49.5849) --> [369]
308 (26.6812) --> [399]
309 (31.9136) --> [208, 285]
310 (28.5265) --> [293, 437]
311 (62.0698) --> [431]
312 (11.9136) --> [367]
313 --> []
314 (7.1412) --> [124]
315 (35.8076) --> [6]
316 (26.5375) --> [190]
317 --> []
318 (39.4248) --> [302]
319 (26.9823) --> [439]
320 --> []
321 --> []
322 (36.9214) --> [380, 256]
323 (28.6012) --> [222]
324 --> []
325 (35.0333) --> [196, 77]
326 (48.0920) --> [45]
327 (15.5829) --> [210]
328 (17.6096) --> [57]
329 (17.0193) --> [314]
330 (69.4596) --> [173]
331 (26.0848) --> [358]
332 (53.9755) --> [416]
333 (43.7448) --> [365, 215]
334 (13.7579) --> [363, 243, 1]
335 (23.6364) --> [41]
336 --> []
337 (21.6941) --> [339]
338 (10.8607) --> [122]
339 (13.5490) --> [244]
340 (10.4760) --> [335]
341 (32.3844) --> [473]
342 --> []
343 (35.2822) --> [29]
344 (60.4494) --> [472]
345 (22.2289) --> [459]
346 (62.5286) --> [91, 492]
347 (20.1812) --> [93]
348 (44.7786) --> [187]
349 (23.2511) --> [15, 446]
350 --> []
351 --> []
352 --> []
353 (37.2991) --> [281, 49]
354 (62.3751) --> [414]
355 (8.4547) --> [325]
356 --> []
357 (49.8247) --> [246]
358 (37.6938) --> [14, 462]
359 --> []
360 (64.3473) --> [235, 183, 188]
361 (15.5394) --> [63]
362 (46.2540) --> [46]
363 (12.0726) --> [306]
364 --> []
365 (28.1973) --> [67]
366 (49.6514) --> [248]
367 (65.4505) --> [174, 461]
368 --> []
369 (51.2321) --> [200]
370 (29.5895) --> [153]
371 --> []
372 (55.7766) --> [362, 186]
373 (17.8442) --> [87]
374 --> []
375 --> []
376 (17.8505) --> [35]
377 (30.5179) --> [219]
378 --> []
379 --> []
380 --> []
381 (21.3937) --> [144, 294]
382 (22.9503) --> [69]
383 (25.6871) --> [43]
384 (49.4473) --> [19, 442]
385 (48.7223) --> [448, 464]
386 (23.0855) --> [182]
387 (38.7750) --> [266, 48]
388 --> []
389 (43.6443) --> [392, 78, 121]
390 (44.0575) --> [159, 241]
391 --> []
392 --> []
393 --> []
394 (40.3013) --> [245]
395 (20.8265) --> [195]
396 (41.8571) --> [44, 199, 254]
397 (22.0194) --> [227]
398 (37.4729) --> [327]
399 (17.9253) --> [239]
400 (20.7662) --> [283]
401 (8.7132) --> [274]
402 (45.2572) --> [198, 113, 59]
403 (62.5147) --> [447, 288, 112]
404 (11.3262) --> [164]
405 (12.2201) --> [390]
406 --> []
407 --> []
408 (19.2944) --> [184, 250]
409 (7.6794) --> [158]
410 (15.0802) --> [279, 30]
411 (20.1199) --> [436]
412 (15.6819) --> [278]
413 (46.0671) --> [268, 125]
414 --> []
415 (14.8063) --> [12]
416 (41.8466) --> [135]
417 (52.2946) --> [79]
418 --> []
419 (48.7525) --> [485]
420 (10.4726) --> [251]
421 (24.7335) --> [218]
422 --> []
423 (37.9761) --> [207]
424 (57.5520) --> [166]
425 (40.4471) --> [55]
426 (37.6213) --> [136, 324]
427 --> []
428 (33.1041) --> [453, 407]
429 (61.0507) --> [460, 406, 47]
430 (11.3697) --> [468]
431 (42.4761) --> [368]
432 (72.6818) --> [277, 359, 172, 216]
433 (26.8646) --> [18]
434 (36.1860) --> [111]
435 (42.0449) --> [42]
436 (17.5678) --> [312]
437 (42.3128) --> [220, 134]
438 (59.1283) --> [168]
439 (22.6187) --> [234]
440 (16.6791) --> [420]
441 (30.4531) --> [296, 83]
442 --> []
443 (22.7041) --> [36]
444 (19.1829) --> [233, 491]
445 (29.8178) --> [466]
446 (33.2997) --> [162, 445]
447 (20.5685) --> [203]
448 (44.2553) --> [411]
449 --> []
450 (34.3647) --> [374]
451 (12.7344) --> [388]
452 --> []
453 (51.7986) --> [360, 351]
454 (49.9965) --> [432, 92]
455 --> []
456 (41.5447) --> [130, 469]
457 (5.6754) --> [185]
458 --> []
459 (17.7199) --> [138]
460 (61.3666) --> [381, 479]
461 (16.7781) --> [252]
462 (27.2153) --> [482]
463 (3.3328) --> [165]
464 (12.4377) --> [114]
465 --> []
466 (34.8995) --> [402]
467 --> []
468 (16.6095) --> [191, 28]
469 --> []
470 (8.4801) --> [8]
471 (29.3370) --> [180]
472 (28.2455) --> [481]
473 (38.3111) --> [317, 202, 34]
474 (40.1958) --> [410]
475 --> []
476 (25.5382) --> [421]
477 (36.3142) --> [386]
478 --> []
479 (39.6346) --> [470, 160]
480 (25.8960) --> [201, 456]
481 (59.6496) --> [106, 237]
482 --> []
483 (38.8808) --> [389, 205]
484 (15.3423) --> [40]
485 (39.6867) --> [352, 118]
486 (44.0024) --> [443]
487 (21.1512) --> [355]
488 --> []
489 (51.2686) --> [282, 422]
490 --> []
491 (32.0026) --> [304]
492 --> []
493 (21.9204) --> [13]
494 (30.1238) --> [276, 115]
495 (20.8803) --> [290]
496 (35.9918) --> [295, 338, 154]
497 (32.2235) --> [16, 273]
498 (47.7243) --> [74]
499 (36.6474) --> [378, 313]

Solution energy from ACO: 2.2701851905816242E7
trying to improve with local search...
final Solution:
0 (49.4754) --> [236, 72, 403]
1 (24.7447) --> [319]
2 (55.2769) --> [427, 452]
3 (38.5554) --> [24, 457]
4 --> []
5 (49.3517) --> [90, 433, 483]
6 (39.7859) --> [444, 149]
7 (33.7214) --> [429]
8 (35.3644) --> [451]
9 (50.4405) --> [97, 141]
10 (29.8526) --> [232]
11 (26.2971) --> [405]
12 (9.4982) --> [488]
13 (5.6851) --> [489]
14 --> []
15 (48.4276) --> [350, 99, 143]
16 (63.6188) --> [315]
17 (21.4803) --> [364]
18 (20.7382) --> [110]
19 --> []
20 (47.6789) --> [204, 336]
21 --> []
22 (23.5447) --> [197]
23 (38.6642) --> [189]
24 --> []
25 (10.4453) --> [348]
26 (39.9192) --> [206, 393]
27 (9.7846) --> [255]
28 --> []
29 (55.4756) --> [391, 170]
30 --> []
31 (21.7947) --> [394]
32 (20.5905) --> [435]
33 --> []
34 (39.8733) --> [147, 356]
35 (22.7847) --> [132]
36 (16.6840) --> [430]
37 (35.8726) --> [354]
38 (34.5532) --> [331]
39 (20.8416) --> [494]
40 (18.3562) --> [375]
41 (27.9797) --> [342, 284]
42 (32.0748) --> [261]
43 (68.8312) --> [455]
44 (22.6477) --> [171]
45 (25.6017) --> [425]
46 (11.5983) --> [39]
47 --> []
48 (42.3961) --> [229, 316]
49 (47.5881) --> [249]
50 (33.7891) --> [409]
51 (24.1125) --> [404]
52 (33.9988) --> [264]
53 (33.1892) --> [465]
54 --> []
55 --> []
56 --> []
57 --> []
58 (44.4903) --> [212]
59 (47.2745) --> [238]
60 --> []
61 (26.4630) --> [137]
62 --> []
63 (26.1205) --> [419]
64 (30.9094) --> [346]
65 --> []
66 (5.1945) --> [357]
67 (16.2287) --> [66]
68 (15.0659) --> [231]
69 (27.2084) --> [120, 5]
70 (16.8687) --> [60, 163]
71 (20.8113) --> [151]
72 (16.9356) --> [305, 86]
73 (17.2493) --> [253]
74 (11.0833) --> [64]
75 --> []
76 --> []
77 (17.5146) --> [486]
78 (10.8624) --> [70]
79 --> []
80 (32.4322) --> [349]
81 (22.2247) --> [155, 476]
82 (52.2705) --> [133]
83 (61.2568) --> [146, 142]
84 --> []
85 --> []
86 (17.2799) --> [33]
87 --> []
88 (46.2035) --> [209]
89 (61.8375) --> [107, 176, 23]
90 --> []
91 --> []
92 --> []
93 (20.5606) --> [480]
94 (46.6260) --> [139, 426]
95 (51.7313) --> [373]
96 (37.1531) --> [73]
97 --> []
98 (49.6971) --> [397]
99 (57.6006) --> [401]
100 (25.5911) --> [98]
101 --> []
102 (45.6514) --> [228]
103 (8.7476) --> [309]
104 (18.1290) --> [370]
105 (38.3408) --> [412]
106 (50.8889) --> [366, 52]
107 (20.2885) --> [25]
108 (20.6960) --> [127]
109 --> []
110 (72.9482) --> [337]
111 (31.9351) --> [129]
112 (30.4741) --> [7]
113 (55.4719) --> [297]
114 (33.5268) --> [100, 102]
115 (11.8114) --> [496]
116 --> []
117 (54.5374) --> [65, 415]
118 (33.7729) --> [275, 280]
119 (38.9336) --> [361]
120 --> []
121 --> []
122 (35.8591) --> [58, 271]
123 --> []
124 (6.6663) --> [167]
125 (26.8108) --> [299]
126 (47.6724) --> [454, 117]
127 (11.7074) --> [343]
128 (39.5600) --> [449]
129 (22.1976) --> [177]
130 --> []
131 --> []
132 (53.8254) --> [428]
133 (49.1422) --> [408, 95]
134 (28.3831) --> [262]
135 (33.3445) --> [230]
136 --> []
137 (47.6607) --> [323, 326]
138 (15.7647) --> [156]
139 (16.0824) --> [4]
140 (57.8771) --> [11, 308]
141 (35.6279) --> [27, 84]
142 --> []
143 (27.3276) --> [471]
144 --> []
145 (7.4340) --> [490]
146 --> []
147 (36.5457) --> [450, 26]
148 --> []
149 (38.6053) --> [178, 88]
150 --> []
151 (16.8583) --> [396]
152 (33.8625) --> [330]
153 (42.5219) --> [213]
154 --> []
155 (54.7574) --> [82]
156 (22.0088) --> [38]
157 (12.4058) --> [329]
158 (17.3837) --> [51]
159 (54.5833) --> [145, 223]
160 --> []
161 (43.4445) --> [62]
162 (9.7676) --> [53]
163 (54.7821) --> [116, 81]
164 (28.5755) --> [434]
165 (7.9000) --> [298]
166 --> []
167 (1.7401) --> [372]
168 (34.7143) --> [152]
169 (10.1926) --> [214]
170 (40.2085) --> [484]
171 (27.5913) --> [400, 493]
172 (56.2492) --> [332]
173 --> []
174 --> []
175 (24.6231) --> [211, 140]
176 (35.0863) --> [181]
177 (27.0372) --> [267]
178 (15.6633) --> [193]
179 (40.3695) --> [54]
180 --> []
181 --> []
182 (34.8917) --> [438, 300]
183 (19.6692) --> [307]
184 --> []
185 (27.6758) --> [499]
186 (45.2594) --> [225, 333]
187 (80.1947) --> [76]
188 (52.2312) --> [226]
189 (47.2953) --> [398]
190 --> []
191 (37.6403) --> [75]
192 (24.4518) --> [108]
193 (23.4837) --> [467]
194 (39.8430) --> [310, 487]
195 (17.0793) --> [128]
196 --> []
197 (18.1831) --> [318]
198 (45.7242) --> [418]
199 (39.5275) --> [96]
200 (27.6489) --> [126]
201 (39.0282) --> [192, 497]
202 (11.3675) --> [68]
203 (37.6260) --> [80]
204 (25.7327) --> [303, 495]
205 (28.7141) --> [22]
206 --> []
207 --> []
208 --> []
209 --> []
210 (36.8877) --> [194, 383]
211 (26.7218) --> [50]
212 (53.9488) --> [71, 258]
213 (18.1921) --> [387]
214 (53.9310) --> [320, 321]
215 --> []
216 (50.5312) --> [104, 328]
217 (37.0157) --> [301]
218 (13.2054) --> [376]
219 (18.1389) --> [240, 345]
220 --> []
221 --> []
222 (56.8012) --> [242]
223 (45.9451) --> [61]
224 --> []
225 --> []
226 --> []
227 (21.3960) --> [353]
228 (58.4862) --> [334]
229 --> []
230 (28.7170) --> [474]
231 (45.9766) --> [322]
232 (21.7437) --> [150]
233 --> []
234 (32.1675) --> [109]
235 (24.6752) --> [169]
236 --> []
237 (7.7234) --> [287]
238 (52.5876) --> [56, 105]
239 (50.8618) --> [224, 463]
240 --> []
241 --> []
242 (27.0700) --> [3]
243 --> []
244 (47.2715) --> [423, 260]
245 --> []
246 --> []
247 (49.2033) --> [2]
248 (27.0650) --> [441]
249 --> []
250 (29.7454) --> [289]
251 (19.4212) --> [440]
252 (18.6568) --> [270]
253 (63.6432) --> [31]
254 (28.4703) --> [371, 272]
255 (23.4381) --> [85]
256 (30.0422) --> [292]
257 (35.2264) --> [17]
258 (49.8943) --> [20]
259 (47.1112) --> [175]
260 (37.1394) --> [9, 311, 458]
261 (9.3612) --> [94]
262 --> []
263 (4.8676) --> [161]
264 (55.3142) --> [89]
265 --> []
266 (20.9036) --> [475]
267 (22.7703) --> [498, 384]
268 (11.3833) --> [413]
269 (19.0588) --> [263]
270 --> []
271 (34.4940) --> [379]
272 (58.4621) --> [131, 101]
273 (27.8989) --> [179]
274 (31.6148) --> [103]
275 --> []
276 (7.5911) --> [148]
277 --> []
278 (50.4243) --> [37, 341, 478]
279 --> []
280 (18.9298) --> [340]
281 --> []
282 (23.7477) --> [395]
283 (26.5662) --> [32]
284 --> []
285 (35.9154) --> [385]
286 --> []
287 (30.5796) --> [477]
288 (3.5396) --> [265]
289 (34.1726) --> [217]
290 (34.1815) --> [221]
291 (53.8974) --> [382]
292 (31.1820) --> [257]
293 --> []
294 (15.2750) --> [119, 424]
295 --> []
296 (40.1091) --> [291, 269]
297 (39.8491) --> [347, 247]
298 --> []
299 (31.5504) --> [21]
300 (24.6286) --> [286]
301 (81.1603) --> [259]
302 (59.6738) --> [377]
303 (20.7475) --> [123]
304 (37.9043) --> [10, 417]
305 (34.1806) --> [344]
306 (17.1605) --> [157]
307 (49.5849) --> [369]
308 (26.6812) --> [399]
309 (31.9136) --> [208, 285]
310 (28.5265) --> [293, 437]
311 (62.0698) --> [431]
312 (11.9136) --> [367]
313 --> []
314 (7.1412) --> [124]
315 (35.8076) --> [6]
316 (26.5375) --> [190]
317 --> []
318 (39.4248) --> [302]
319 (26.9823) --> [439]
320 --> []
321 --> []
322 (36.9214) --> [380, 256]
323 (28.6012) --> [222]
324 --> []
325 (35.0333) --> [196, 77]
326 (48.0920) --> [45]
327 (15.5829) --> [210]
328 (17.6096) --> [57]
329 (17.0193) --> [314]
330 (69.4596) --> [173]
331 (26.0848) --> [358]
332 (53.9755) --> [416]
333 (43.7448) --> [365, 215]
334 (13.7579) --> [363, 243, 1]
335 (23.6364) --> [41]
336 --> []
337 (21.6941) --> [339]
338 (10.8607) --> [122]
339 (13.5490) --> [244]
340 (10.4760) --> [335]
341 (32.3844) --> [473]
342 --> []
343 (35.2822) --> [29]
344 (60.4494) --> [472]
345 (22.2289) --> [459]
346 (62.5286) --> [91, 492]
347 (20.1812) --> [93]
348 (44.7786) --> [187]
349 (23.2511) --> [15, 446]
350 --> []
351 --> []
352 --> []
353 (37.2991) --> [281, 49]
354 (62.3751) --> [414]
355 (8.4547) --> [325]
356 --> []
357 (49.8247) --> [246]
358 (37.6938) --> [14, 462]
359 --> []
360 (64.3473) --> [235, 183, 188]
361 (15.5394) --> [63]
362 (46.2540) --> [46]
363 (12.0726) --> [306]
364 --> []
365 (28.1973) --> [67]
366 (49.6514) --> [248]
367 (65.4505) --> [174, 461]
368 --> []
369 (51.2321) --> [200]
370 (29.5895) --> [153]
371 --> []
372 (55.7766) --> [362, 186]
373 (17.8442) --> [87]
374 --> []
375 --> []
376 (17.8505) --> [35]
377 (30.5179) --> [219]
378 --> []
379 --> []
380 --> []
381 (21.3937) --> [144, 294]
382 (22.9503) --> [69]
383 (25.6871) --> [43]
384 (49.4473) --> [19, 442]
385 (48.7223) --> [448, 464]
386 (23.0855) --> [182]
387 (38.7750) --> [266, 48]
388 --> []
389 (43.6443) --> [392, 78, 121]
390 (44.0575) --> [159, 241]
391 --> []
392 --> []
393 --> []
394 (40.3013) --> [245]
395 (20.8265) --> [195]
396 (41.8571) --> [44, 199, 254]
397 (22.0194) --> [227]
398 (37.4729) --> [327]
399 (17.9253) --> [239]
400 (20.7662) --> [283]
401 (8.7132) --> [274]
402 (45.2572) --> [198, 113, 59]
403 (62.5147) --> [447, 288, 112]
404 (11.3262) --> [164]
405 (12.2201) --> [390]
406 --> []
407 --> []
408 (19.2944) --> [184, 250]
409 (7.6794) --> [158]
410 (15.0802) --> [279, 30]
411 (20.1199) --> [436]
412 (15.6819) --> [278]
413 (46.0671) --> [268, 125]
414 --> []
415 (14.8063) --> [12]
416 (41.8466) --> [135]
417 (52.2946) --> [79]
418 --> []
419 (48.7525) --> [485]
420 (10.4726) --> [251]
421 (24.7335) --> [218]
422 --> []
423 (37.9761) --> [207]
424 (57.5520) --> [166]
425 (40.4471) --> [55]
426 (37.6213) --> [136, 324]
427 --> []
428 (33.1041) --> [453, 407]
429 (61.0507) --> [460, 406, 47]
430 (11.3697) --> [468]
431 (42.4761) --> [368]
432 (72.6818) --> [277, 359, 172, 216]
433 (26.8646) --> [18]
434 (36.1860) --> [111]
435 (42.0449) --> [42]
436 (17.5678) --> [312]
437 (42.3128) --> [220, 134]
438 (59.1283) --> [168]
439 (22.6187) --> [234]
440 (16.6791) --> [420]
441 (30.4531) --> [296, 83]
442 --> []
443 (22.7041) --> [36]
444 (19.1829) --> [233, 491]
445 (29.8178) --> [466]
446 (33.2997) --> [162, 445]
447 (20.5685) --> [203]
448 (44.2553) --> [411]
449 --> []
450 (34.3647) --> [374]
451 (12.7344) --> [388]
452 --> []
453 (51.7986) --> [360, 351]
454 (49.9965) --> [432, 92]
455 --> []
456 (41.5447) --> [130, 469]
457 (5.6754) --> [185]
458 --> []
459 (17.7199) --> [138]
460 (61.3666) --> [381, 479]
461 (16.7781) --> [252]
462 (27.2153) --> [482]
463 (3.3328) --> [165]
464 (12.4377) --> [114]
465 --> []
466 (34.8995) --> [402]
467 --> []
468 (16.6095) --> [191, 28]
469 --> []
470 (8.4801) --> [8]
471 (29.3370) --> [180]
472 (28.2455) --> [481]
473 (38.3111) --> [317, 202, 34]
474 (40.1958) --> [410]
475 --> []
476 (25.5382) --> [421]
477 (36.3142) --> [386]
478 --> []
479 (39.6346) --> [470, 160]
480 (25.8960) --> [201, 456]
481 (59.6496) --> [106, 237]
482 --> []
483 (38.8808) --> [389, 205]
484 (15.3423) --> [40]
485 (39.6867) --> [352, 118]
486 (44.0024) --> [443]
487 (21.1512) --> [355]
488 --> []
489 (51.2686) --> [282, 422]
490 --> []
491 (32.0026) --> [304]
492 --> []
493 (21.9204) --> [13]
494 (30.1238) --> [276, 115]
495 (20.8803) --> [290]
496 (35.9918) --> [295, 338, 154]
497 (32.2235) --> [16, 273]
498 (47.7243) --> [74]
499 (36.6474) --> [378, 313]

final Solution energy: 2.258910968054734E7
Calculated in 362686ms
Ants=1000, alpha=0.6, beta=3.0, evaporate factor=0.07
(for ../../mebp/mebp-11.dat)
