New best solution in iteration 0: 4.2396136029831305E9
New best solution in iteration 1: 2.1247322889930809E9
New best solution in iteration 2: 1.6191353426481776E9
New best solution in iteration 12: 9.118703281813928E8
AVG (iterations 0 to 20): 2.334131398222042E9
AVG (iterations 20 to 40): 2.1457619337403655E9
AVG (iterations 40 to 60): 1.8949982423707047E9
AVG (iterations 60 to 80): 2.522486628234591E9
AVG (iterations 80 to 100): 2.1124027793959897E9
AVG (iterations 100 to 120): 2.1611002529272156E9
New best solution in iteration 125: 7.976660330763366E8
AVG (iterations 120 to 140): 2.124336609083105E9
New best solution in iteration 149: 6.58229943621927E8
New best solution in iteration 157: 5.041181896507428E8
AVG (iterations 140 to 160): 1.3102089531727087E9
New best solution in iteration 166: 4.517711854282123E8
New best solution in iteration 168: 1.5490572093828976E8
New best solution in iteration 172: 1.4235044283820242E8
New best solution in iteration 179: 1.0041902265969968E8
AVG (iterations 160 to 180): 5.100935490852579E8
New best solution in iteration 186: 5.248988817500789E7
New best solution in iteration 192: 5.204012765418586E7
New best solution in iteration 195: 5.1844989772510536E7
New best solution in iteration 196: 4.509996408895635E7
AVG (iterations 180 to 200): 1.635475385077533E8
New best solution in iteration 206: 4.4188365684721656E7
New best solution in iteration 207: 4.4113017787373245E7
New best solution in iteration 209: 4.30844055170207E7
New best solution in iteration 211: 4.194616435277272E7
New best solution in iteration 214: 4.097564104999078E7
New best solution in iteration 216: 3.817601038060614E7
AVG (iterations 200 to 220): 4.7615672175182246E7
AVG (iterations 220 to 240): 4.261963155061211E7
New best solution in iteration 241: 3.7972497389512226E7
New best solution in iteration 260: 3.5261810061859526E7
AVG (iterations 240 to 260): 3.9546503138757594E7
AVG (iterations 260 to 280): 3.8434248134064235E7
AVG (iterations 280 to 300): 3.917808316643768E7
AVG (iterations 300 to 320): 3.920191796910737E7
AVG (iterations 320 to 340): 3.902573338330974E7
AVG (iterations 340 to 360): 3.952342724816509E7
AVG (iterations 360 to 380): 3.9028366154177554E7
AVG (iterations 380 to 400): 3.8356861981607206E7
AVG (iterations 400 to 420): 3.822603475485243E7
AVG (iterations 420 to 440): 3.802925983628453E7
AVG (iterations 440 to 460): 3.732600012720932E7
AVG (iterations 460 to 480): 3.724214547133241E7
AVG (iterations 480 to 500): 3.747241402451204E7
New best solution in iteration 513: 3.516922532245899E7
AVG (iterations 500 to 520): 3.7682151972113185E7
New best solution in iteration 531: 3.37653511612627E7
AVG (iterations 520 to 540): 3.737245057266553E7
AVG (iterations 540 to 560): 3.721404801200013E7
AVG (iterations 560 to 580): 3.719729166895241E7
AVG (iterations 580 to 600): 3.754599893854435E7
AVG (iterations 600 to 620): 3.783174052279852E7
AVG (iterations 620 to 640): 3.74691770871786E7
AVG (iterations 640 to 660): 3.8018353631482586E7
AVG (iterations 660 to 680): 3.734769745735196E7
AVG (iterations 680 to 700): 3.681750675878459E7
AVG (iterations 700 to 720): 3.737857018300974E7
AVG (iterations 720 to 740): 3.663655676862921E7
AVG (iterations 740 to 760): 3.634909436779376E7
AVG (iterations 760 to 780): 3.652568969635035E7
AVG (iterations 780 to 800): 3.6793313691949524E7
AVG (iterations 800 to 820): 3.7339724316829726E7
AVG (iterations 820 to 840): 3.743306323384968E7
AVG (iterations 840 to 860): 3.682861169435797E7
AVG (iterations 860 to 880): 3.651690353262631E7
AVG (iterations 880 to 900): 3.686490740137641E7
AVG (iterations 900 to 920): 3.6032422069303975E7
New best solution in iteration 923: 3.372840007757017E7
AVG (iterations 920 to 940): 3.565956249520612E7
AVG (iterations 940 to 960): 3.638981094452948E7
AVG (iterations 960 to 980): 3.669709852579917E7
Solution from ACO:
0 (79.8935) --> [56, 60, 88]
1 --> []
2 (74.1257) --> [149, 174]
3 (46.7667) --> [106]
4 (100.7868) --> [23, 71]
5 --> []
6 (35.8099) --> [184, 40]
7 (3.1793) --> [59]
8 (134.9275) --> [89, 134]
9 (66.1330) --> [188]
10 (44.5012) --> [61]
11 (48.8867) --> [31, 161]
12 (75.5855) --> [124, 54]
13 (43.4920) --> [103, 83]
14 (59.4371) --> [13, 125]
15 (39.1291) --> [158]
16 --> []
17 (77.9776) --> [123, 153]
18 (77.5505) --> [136, 132]
19 (15.8589) --> [80]
20 (54.2274) --> [29]
21 --> []
22 (46.4393) --> [198]
23 --> []
24 (59.1295) --> [35, 101, 100]
25 (62.2530) --> [38]
26 --> []
27 (58.2978) --> [160, 12, 168]
28 (90.7262) --> [76]
29 (57.0992) --> [122]
30 (14.4783) --> [78]
31 --> []
32 (24.2387) --> [94]
33 (79.4878) --> [57]
34 (47.3489) --> [189]
35 (48.5605) --> [183]
36 --> []
37 --> []
38 --> []
39 (42.5508) --> [165]
40 (20.4670) --> [115]
41 (37.4534) --> [82]
42 (64.0796) --> [148]
43 (71.3434) --> [41, 16]
44 --> []
45 (89.9774) --> [30, 146]
46 (49.6252) --> [177, 181]
47 --> []
48 (68.4825) --> [32]
49 (33.0435) --> [42]
50 (47.9093) --> [191]
51 (54.0073) --> [43]
52 --> []
53 (38.5809) --> [58]
54 (50.2577) --> [108]
55 --> []
56 (90.1731) --> [143]
57 (83.0220) --> [119]
58 (97.4076) --> [141, 81]
59 (44.3164) --> [8]
60 (50.7539) --> [135]
61 (22.3227) --> [195]
62 (21.0803) --> [48]
63 (61.9207) --> [2, 131]
64 (50.3146) --> [77]
65 --> []
66 (65.3760) --> [111]
67 --> []
68 (106.5386) --> [154, 65]
69 (58.8866) --> [91, 159]
70 (28.1902) --> [186]
71 (68.3174) --> [196]
72 --> []
73 (38.8995) --> [64, 173]
74 (65.3835) --> [107]
75 (65.5632) --> [150]
76 --> []
77 --> []
78 (93.8780) --> [144, 182, 140]
79 --> []
80 (76.2024) --> [93]
81 (70.3255) --> [178, 9]
82 --> []
83 --> []
84 --> []
85 --> []
86 (66.0961) --> [104, 151]
87 --> []
88 (44.2907) --> [33]
89 (60.2494) --> [110]
90 --> []
91 (44.2302) --> [166]
92 (26.2529) --> [138]
93 --> []
94 (46.8948) --> [157, 3]
95 (44.0440) --> [62]
96 (20.6043) --> [14]
97 --> []
98 (47.4935) --> [7]
99 (40.2091) --> [199]
100 --> []
101 (13.6428) --> [187]
102 --> []
103 (77.2884) --> [118]
104 (47.5087) --> [145, 28]
105 (32.0778) --> [163]
106 (31.9595) --> [192]
107 (64.9524) --> [11]
108 --> []
109 (55.9466) --> [53]
110 (46.8118) --> [176]
111 (47.5241) --> [92, 51]
112 --> []
113 (40.5663) --> [156]
114 (66.0287) --> [49]
115 (70.4361) --> [44, 17]
116 (24.3799) --> [74]
117 (50.1890) --> [22]
118 (51.3034) --> [15]
119 (43.1406) --> [129]
120 (81.9689) --> [10]
121 --> []
122 (73.5834) --> [73]
123 (16.6104) --> [5]
124 (19.7954) --> [52]
125 (57.1592) --> [55, 152]
126 (53.5081) --> [4]
127 (6.3597) --> [84]
128 (60.8322) --> [190]
129 (35.2396) --> [69]
130 (100.7948) --> [167, 105]
131 (60.1896) --> [90, 126]
132 (24.9399) --> [79]
133 --> []
134 --> []
135 (54.3552) --> [68]
136 (21.6463) --> [128, 87, 34]
137 (10.9882) --> [179]
138 (72.0424) --> [63]
139 (62.2339) --> [66, 147]
140 (84.3818) --> [172, 113]
141 --> []
142 (43.2417) --> [169]
143 --> []
144 --> []
145 (30.5363) --> [19]
146 (83.4053) --> [25, 127]
147 --> []
148 --> []
149 (110.3514) --> [1, 98]
150 (25.9810) --> [130]
151 (70.9014) --> [95]
152 --> []
153 (53.4510) --> [72]
154 (58.0984) --> [194]
155 (24.3551) --> [27]
156 --> []
157 (47.5557) --> [142]
158 (72.6992) --> [120]
159 (62.4364) --> [109, 170, 162]
160 --> []
161 --> []
162 (51.1143) --> [114]
163 (26.2115) --> [197]
164 (43.7316) --> [117, 37]
165 (31.7030) --> [185, 133, 70]
166 --> []
167 (62.5631) --> [97]
168 --> []
169 (22.0641) --> [99]
170 (9.7939) --> [121]
171 (57.1881) --> [36, 85]
172 (63.8684) --> [18]
173 (52.3414) --> [96, 46]
174 --> []
175 (34.8910) --> [50]
176 (69.2774) --> [47, 155]
177 --> []
178 --> []
179 (44.4657) --> [171]
180 (15.7677) --> [175]
181 --> []
182 --> []
183 (19.6471) --> [6]
184 --> []
185 --> []
186 (17.7046) --> [75]
187 (39.6079) --> [139]
188 (44.1699) --> [20]
189 (36.9040) --> [164, 102]
190 (29.0837) --> [86]
191 (51.0900) --> [24]
192 --> []
193 (73.5749) --> [116, 180]
194 (59.7647) --> [45, 137]
195 (35.6416) --> [112]
196 (97.0617) --> [21, 67]
197 (40.9359) --> [26]
198 (38.2585) --> [39]
199 (38.8271) --> [193]

Solution energy from ACO: 3.372840007757017E7
trying to improve with local search...
final Solution:
0 (79.8935) --> [56, 60, 88]
1 --> []
2 (76.3773) --> [149, 131]
3 (46.7667) --> [106]
4 (100.7868) --> [23, 71]
5 --> []
6 (35.8099) --> [184, 40]
7 (3.1793) --> [59]
8 (134.9275) --> [89, 134]
9 (66.1330) --> [188]
10 (44.5012) --> [61]
11 (48.8867) --> [31, 161]
12 (75.5855) --> [124, 54]
13 (43.4920) --> [103, 83]
14 (59.4371) --> [13, 125]
15 (39.1291) --> [158]
16 --> []
17 (77.9776) --> [123, 153]
18 (77.5505) --> [136, 132]
19 (15.8589) --> [80]
20 (54.2274) --> [29]
21 --> []
22 (46.4393) --> [198]
23 --> []
24 (59.1295) --> [35, 101, 100]
25 (62.2530) --> [38]
26 --> []
27 (58.2978) --> [160, 12, 168]
28 (90.7262) --> [76]
29 (57.0992) --> [122]
30 (14.4783) --> [78]
31 --> []
32 (24.2387) --> [94]
33 (79.4878) --> [57]
34 (47.3489) --> [189]
35 (48.5605) --> [183]
36 --> []
37 --> []
38 --> []
39 (42.5508) --> [165]
40 (20.4670) --> [115]
41 (37.4534) --> [82]
42 (64.0796) --> [148]
43 (71.3434) --> [41, 16]
44 --> []
45 (89.9774) --> [30, 146]
46 (49.6252) --> [177, 181]
47 --> []
48 (21.0803) --> [62]
49 (33.0435) --> [42]
50 (47.9093) --> [191]
51 (54.0073) --> [43]
52 --> []
53 (38.5809) --> [58]
54 (50.2577) --> [108]
55 --> []
56 (90.1731) --> [143]
57 (83.0220) --> [119]
58 (97.4076) --> [141, 81]
59 (44.3164) --> [8]
60 (50.7539) --> [135]
61 (22.3227) --> [195]
62 (21.0803) --> [48]
63 (53.4379) --> [2, 174]
64 (50.3146) --> [77]
65 --> []
66 (65.3760) --> [111]
67 --> []
68 (106.5386) --> [154, 65]
69 (58.8866) --> [91, 159]
70 (28.1902) --> [186]
71 (68.3174) --> [196]
72 --> []
73 (38.8995) --> [64, 173]
74 (65.3835) --> [107]
75 (65.5632) --> [150]
76 --> []
77 --> []
78 (93.8780) --> [144, 182, 140]
79 --> []
80 (76.2024) --> [93]
81 (70.3255) --> [178, 9]
82 --> []
83 --> []
84 --> []
85 --> []
86 (66.0961) --> [104, 151]
87 --> []
88 (44.2907) --> [33]
89 (60.2494) --> [110]
90 --> []
91 (44.2302) --> [166]
92 (26.2529) --> [138]
93 --> []
94 (46.8948) --> [157, 3]
95 (69.7924) --> [32]
96 (20.6043) --> [14]
97 --> []
98 (47.4935) --> [7]
99 (40.2091) --> [199]
100 --> []
101 (13.6428) --> [187]
102 --> []
103 (77.2884) --> [118]
104 (47.5087) --> [145, 28]
105 (32.0778) --> [163]
106 (31.9595) --> [192]
107 (64.9524) --> [11]
108 --> []
109 (55.9466) --> [53]
110 (46.8118) --> [176]
111 (47.5241) --> [92, 51]
112 --> []
113 (40.5663) --> [156]
114 (66.0287) --> [49]
115 (70.4361) --> [44, 17]
116 (24.3799) --> [74]
117 (50.1890) --> [22]
118 (51.3034) --> [15]
119 (43.1406) --> [129]
120 (81.9689) --> [10]
121 --> []
122 (73.5834) --> [73]
123 (16.6104) --> [5]
124 (19.7954) --> [52]
125 (57.1592) --> [55, 152]
126 (53.5081) --> [4]
127 (6.3597) --> [84]
128 (60.8322) --> [190]
129 (35.2396) --> [69]
130 (100.7948) --> [167, 105]
131 (60.1896) --> [90, 126]
132 (24.9399) --> [79]
133 --> []
134 --> []
135 (54.3552) --> [68]
136 (21.6463) --> [128, 87, 34]
137 (10.9882) --> [179]
138 (72.0424) --> [63]
139 (62.2339) --> [66, 147]
140 (84.3818) --> [172, 113]
141 --> []
142 (43.2417) --> [169]
143 --> []
144 --> []
145 (30.5363) --> [19]
146 (83.4053) --> [25, 127]
147 --> []
148 --> []
149 (110.3514) --> [1, 98]
150 (25.9810) --> [130]
151 (70.9014) --> [95]
152 --> []
153 (53.4510) --> [72]
154 (58.0984) --> [194]
155 (24.3551) --> [27]
156 --> []
157 (47.5557) --> [142]
158 (72.6992) --> [120]
159 (62.4364) --> [109, 170, 162]
160 --> []
161 --> []
162 (51.1143) --> [114]
163 (26.2115) --> [197]
164 (43.7316) --> [117, 37]
165 (31.7030) --> [185, 133, 70]
166 --> []
167 (62.5631) --> [97]
168 --> []
169 (22.0641) --> [99]
170 (9.7939) --> [121]
171 (57.1881) --> [36, 85]
172 (63.8684) --> [18]
173 (52.3414) --> [96, 46]
174 --> []
175 (34.8910) --> [50]
176 (69.2774) --> [47, 155]
177 --> []
178 --> []
179 (44.4657) --> [171]
180 (15.7677) --> [175]
181 --> []
182 --> []
183 (19.6471) --> [6]
184 --> []
185 --> []
186 (17.7046) --> [75]
187 (39.6079) --> [139]
188 (44.1699) --> [20]
189 (36.9040) --> [164, 102]
190 (29.0837) --> [86]
191 (51.0900) --> [24]
192 --> []
193 (73.5749) --> [116, 180]
194 (59.7647) --> [45, 137]
195 (35.6416) --> [112]
196 (97.0617) --> [21, 67]
197 (40.9359) --> [26]
198 (38.2585) --> [39]
199 (38.8271) --> [193]

final Solution energy: 3.3624548811690666E7
Calculated in 31693ms
Ants=1000, alpha=0.6, beta=3.0, evaporate factor=0.07
(for ../../mebp/mebp-08.dat)
