New best solution in iteration 0: 3.767242562986448E9
New best solution in iteration 1: 3.4937605657534714E9
New best solution in iteration 2: 3.087042865312745E9
New best solution in iteration 4: 3.061268414847936E9
New best solution in iteration 6: 2.799488396474776E9
New best solution in iteration 19: 2.7771420587907524E9
New best solution in iteration 20: 1.9593697878873215E9
AVG (iterations 0 to 20): 3.5253437678270307E9
AVG (iterations 20 to 40): 3.463111897999714E9
AVG (iterations 40 to 60): 4.254428467671653E9
AVG (iterations 60 to 80): 3.9776983140317664E9
AVG (iterations 80 to 100): 3.288520647469818E9
AVG (iterations 100 to 120): 3.8059341134822106E9
New best solution in iteration 130: 1.9330337690408318E9
AVG (iterations 120 to 140): 3.452398823875847E9
New best solution in iteration 148: 1.3551222713074398E9
AVG (iterations 140 to 160): 2.9334505692383385E9
New best solution in iteration 164: 1.2210462779935215E9
New best solution in iteration 165: 8.637153091398842E8
New best solution in iteration 168: 6.414891229034982E8
New best solution in iteration 175: 3.0616376491633886E8
New best solution in iteration 180: 2.8692635678188205E8
AVG (iterations 160 to 180): 1.146181310376758E9
New best solution in iteration 181: 1.6502236069557467E8
New best solution in iteration 183: 8.374433604845434E7
New best solution in iteration 185: 6.402750580799357E7
New best solution in iteration 190: 3.5454011094529875E7
New best solution in iteration 194: 3.511800337751523E7
AVG (iterations 180 to 200): 1.515419574844727E8
New best solution in iteration 202: 3.169196324730654E7
New best solution in iteration 208: 3.1260370903048135E7
New best solution in iteration 213: 2.9132680487066273E7
New best solution in iteration 218: 2.822514504117159E7
AVG (iterations 200 to 220): 6.696981751629926E7
New best solution in iteration 224: 2.783708330186844E7
New best solution in iteration 226: 2.7287291470166225E7
New best solution in iteration 230: 2.638443687795724E7
AVG (iterations 220 to 240): 2.8021871478967078E7
New best solution in iteration 245: 2.5108118600483466E7
AVG (iterations 240 to 260): 2.8545203849022478E7
AVG (iterations 260 to 280): 2.7114325804609615E7
New best solution in iteration 289: 2.5002543471825127E7
New best solution in iteration 297: 2.4544141141570445E7
AVG (iterations 280 to 300): 2.6312289683802985E7
AVG (iterations 300 to 320): 2.6431366760888062E7
AVG (iterations 320 to 340): 2.668319598114522E7
AVG (iterations 340 to 360): 2.6381158015945535E7
New best solution in iteration 369: 2.4175446157660794E7
AVG (iterations 360 to 380): 2.607099030798021E7
AVG (iterations 380 to 400): 2.63500273221176E7
AVG (iterations 400 to 420): 2.600097771570488E7
New best solution in iteration 421: 2.371792516645003E7
AVG (iterations 420 to 440): 2.573365697408569E7
AVG (iterations 440 to 460): 2.5753764310288653E7
AVG (iterations 460 to 480): 2.5787671770695455E7
AVG (iterations 480 to 500): 2.532977561863435E7
AVG (iterations 500 to 520): 2.5446968444122378E7
AVG (iterations 520 to 540): 2.549867177491888E7
AVG (iterations 540 to 560): 2.560954629192285E7
AVG (iterations 560 to 580): 2.5148774619062446E7
AVG (iterations 580 to 600): 2.5195281683968928E7
AVG (iterations 600 to 620): 2.547228869592052E7
AVG (iterations 620 to 640): 2.538553032726171E7
New best solution in iteration 643: 2.346187044364659E7
AVG (iterations 640 to 660): 2.499220949840321E7
AVG (iterations 660 to 680): 2.5307610035891023E7
AVG (iterations 680 to 700): 2.5343770634083156E7
AVG (iterations 700 to 720): 2.5134070454249363E7
AVG (iterations 720 to 740): 2.5000029126199543E7
AVG (iterations 740 to 760): 2.4745705466278262E7
AVG (iterations 760 to 780): 2.496312679456237E7
AVG (iterations 780 to 800): 2.5210349548919387E7
AVG (iterations 800 to 820): 2.5088534988581203E7
AVG (iterations 820 to 840): 2.5200857132397376E7
AVG (iterations 840 to 860): 2.499673839213326E7
AVG (iterations 860 to 880): 2.4868475670306258E7
AVG (iterations 880 to 900): 2.4849412971680976E7
AVG (iterations 900 to 920): 2.4699052521485023E7
AVG (iterations 920 to 940): 2.469829184424259E7
AVG (iterations 940 to 960): 2.4899159451466024E7
AVG (iterations 960 to 980): 2.4567258659335636E7
Solution from ACO:
0 (17.8077) --> [279]
1 (42.1234) --> [49]
2 (26.5090) --> [111, 282]
3 (28.3563) --> [466]
4 --> []
5 (27.9633) --> [449]
6 (20.3847) --> [68]
7 (24.3208) --> [423, 499]
8 (44.5198) --> [202, 166]
9 --> []
10 --> []
11 --> []
12 --> []
13 (22.4788) --> [14]
14 (17.5338) --> [23]
15 (44.8793) --> [323]
16 (61.6500) --> [67]
17 (34.7839) --> [137]
18 (18.4380) --> [286]
19 (30.1789) --> [453, 357]
20 (69.5063) --> [341]
21 (19.7917) --> [284, 142]
22 --> []
23 (70.2501) --> [101]
24 (69.3925) --> [207, 72]
25 (42.0786) --> [246, 474]
26 (0.3041) --> [330]
27 (19.8117) --> [66, 167]
28 --> []
29 (23.3376) --> [481]
30 --> []
31 (25.5536) --> [448]
32 (59.8093) --> [230, 347]
33 (42.9633) --> [422, 259, 394]
34 --> []
35 --> []
36 (34.2640) --> [141]
37 (16.9001) --> [473]
38 (41.4123) --> [304]
39 (44.5904) --> [208, 358]
40 (69.6779) --> [436, 315]
41 (44.0476) --> [193]
42 --> []
43 --> []
44 (18.0590) --> [212]
45 (49.8350) --> [156]
46 (41.4637) --> [379, 352]
47 (30.9065) --> [285]
48 (18.7255) --> [480]
49 (28.1599) --> [249, 425]
50 (12.5542) --> [307]
51 (52.1560) --> [388, 41]
52 --> []
53 (88.3253) --> [63]
54 (21.9066) --> [380]
55 (41.3990) --> [319, 376]
56 (59.6487) --> [196, 412]
57 (78.0134) --> [299, 281]
58 (15.5512) --> [125]
59 (41.0580) --> [437]
60 (49.1180) --> [340, 438]
61 (26.4968) --> [172]
62 --> []
63 --> []
64 (22.6269) --> [442]
65 (43.1411) --> [278]
66 (35.8904) --> [492]
67 (60.5034) --> [96, 151]
68 --> []
69 (12.0030) --> [431]
70 (28.1315) --> [456, 16]
71 --> []
72 (57.9090) --> [296, 303]
73 (30.4790) --> [35]
74 (24.7473) --> [114, 84]
75 (38.2462) --> [366, 104]
76 (4.7831) --> [251]
77 (21.3920) --> [254]
78 --> []
79 --> []
80 (43.3977) --> [469]
81 (11.6615) --> [383, 178, 374]
82 (13.2636) --> [110]
83 --> []
84 --> []
85 (25.0236) --> [204, 61]
86 (12.2390) --> [385, 435]
87 (55.1797) --> [392]
88 (43.3646) --> [102, 200]
89 (13.8609) --> [365]
90 --> []
91 (60.5837) --> [129]
92 (24.7539) --> [262, 312]
93 (34.8390) --> [169]
94 (31.9053) --> [218, 155]
95 (30.0268) --> [267, 322]
96 --> []
97 --> []
98 (48.6328) --> [162, 395]
99 --> []
100 --> []
101 (49.6472) --> [424]
102 (40.3197) --> [491, 381]
103 (39.2305) --> [216, 13]
104 (24.6065) --> [372]
105 (27.7047) --> [337, 404]
106 (23.9405) --> [413]
107 (54.1890) --> [24]
108 (15.6686) --> [382]
109 (72.2495) --> [175, 440]
110 --> []
111 --> []
112 (42.2776) --> [122]
113 (23.4853) --> [146]
114 (39.0500) --> [28]
115 --> []
116 (46.9861) --> [112, 498]
117 (35.4868) --> [275]
118 (30.8362) --> [184, 346]
119 --> []
120 (42.3800) --> [472, 253]
121 --> []
122 (45.2671) --> [124]
123 --> []
124 (63.4894) --> [227, 86]
125 (59.5966) --> [494]
126 (14.3129) --> [233]
127 (62.1003) --> [37, 260]
128 --> []
129 (62.4579) --> [144]
130 (28.4939) --> [220]
131 (23.6890) --> [302]
132 --> []
133 (56.2307) --> [232, 496, 226]
134 (14.3563) --> [189]
135 (41.5253) --> [57]
136 (27.8056) --> [320]
137 (36.0694) --> [247]
138 (36.0360) --> [443]
139 (6.8373) --> [215]
140 (51.3955) --> [119]
141 (26.9298) --> [419, 418]
142 (11.5748) --> [168]
143 (19.9626) --> [118]
144 (57.9797) --> [62, 132, 391]
145 (48.2001) --> [10, 87]
146 (35.1518) --> [370, 490]
147 (34.4372) --> [33]
148 --> []
149 --> []
150 (48.7665) --> [130, 339]
151 (37.7579) --> [133]
152 (32.7010) --> [221]
153 --> []
154 (16.0577) --> [211]
155 (30.9356) --> [343]
156 (22.2595) --> [149]
157 (2.0180) --> [85]
158 --> []
159 --> []
160 (40.0392) --> [83]
161 --> []
162 --> []
163 (22.0112) --> [134]
164 --> []
165 (25.9575) --> [327]
166 (27.2402) --> [180]
167 (23.4340) --> [269]
168 (26.6761) --> [411, 331]
169 (20.8254) --> [454]
170 (27.9104) --> [367]
171 --> []
172 (20.2595) --> [64, 293]
173 (39.3262) --> [203]
174 (40.6183) --> [36, 44]
175 (33.5498) --> [350, 410]
176 (21.8066) --> [173]
177 (23.4394) --> [43]
178 (20.7335) --> [8]
179 (34.6075) --> [439]
180 (27.5271) --> [429, 409]
181 --> []
182 (42.1634) --> [195, 485]
183 --> []
184 (14.3945) --> [103]
185 --> []
186 (31.5568) --> [486]
187 (31.9739) --> [225]
188 --> []
189 (40.6730) --> [464]
190 --> []
191 (34.1332) --> [97, 295]
192 (12.1790) --> [77]
193 --> []
194 --> []
195 (6.1353) --> [26]
196 (36.4672) --> [199, 288]
197 (16.0126) --> [182]
198 (27.2586) --> [82]
199 (19.3435) --> [29]
200 (47.6923) --> [390, 354]
201 --> []
202 (17.5477) --> [27]
203 (44.2845) --> [120, 241]
204 --> []
205 (33.4214) --> [397]
206 (31.2873) --> [222]
207 --> []
208 (28.9593) --> [349]
209 (40.8909) --> [214]
210 (30.5501) --> [335]
211 (26.2746) --> [378]
212 --> []
213 (26.1649) --> [163, 234]
214 (41.7320) --> [70, 268]
215 (34.3776) --> [414]
216 --> []
217 (6.6914) --> [245]
218 --> []
219 (24.8441) --> [65]
220 (17.2642) --> [50]
221 --> []
222 --> []
223 (43.2285) --> [31, 258]
224 --> []
225 (33.9930) --> [48, 55]
226 (44.4926) --> [190]
227 (22.4707) --> [460]
228 (4.2679) --> [40]
229 (34.6716) --> [359]
230 (25.8647) --> [256, 415]
231 (40.1186) --> [38]
232 (36.8987) --> [465]
233 (18.1669) --> [243, 287]
234 (32.0154) --> [408]
235 (46.4539) --> [42]
236 --> []
237 (25.9446) --> [239]
238 (55.4856) --> [201]
239 (25.3180) --> [209, 272]
240 (44.8729) --> [108, 91]
241 (15.3047) --> [369]
242 (21.9549) --> [318]
243 (62.1286) --> [484, 237]
244 (44.0217) --> [387]
245 (19.7404) --> [147]
246 (18.5623) --> [46]
247 (48.0579) --> [450]
248 (23.6232) --> [58]
249 (18.4502) --> [402]
250 (32.3985) --> [477, 470]
251 (40.1898) --> [188]
252 --> []
253 (47.5346) --> [121, 399]
254 (45.7049) --> [74, 462, 4]
255 (25.2369) --> [271]
256 --> []
257 (18.4872) --> [53]
258 (36.3956) --> [445]
259 (19.3791) --> [157]
260 --> []
261 --> []
262 --> []
263 (27.6284) --> [461, 291]
264 (52.1683) --> [342, 136]
265 --> []
266 (21.9003) --> [356]
267 (38.9529) --> [420, 181]
268 (38.8136) --> [80]
269 (41.9187) --> [400, 2]
270 --> []
271 (42.2191) --> [345]
272 (51.3724) --> [368]
273 --> []
274 (48.3580) --> [21]
275 (47.5817) --> [138]
276 (17.3676) --> [152]
277 --> []
278 (18.3676) --> [326]
279 (26.6340) --> [3, 483]
280 --> []
281 (53.5034) --> [314]
282 --> []
283 (40.8851) --> [355, 468]
284 (53.9987) --> [159, 396]
285 (9.2146) --> [283]
286 (31.2010) --> [100]
287 --> []
288 (35.4329) --> [351]
289 --> []
290 (57.2377) --> [428]
291 --> []
292 (56.7355) --> [116]
293 (21.8066) --> [95]
294 (14.2987) --> [467]
295 (49.4754) --> [224]
296 --> []
297 --> []
298 (46.9846) --> [360]
299 (45.2886) --> [373]
300 (48.0680) --> [223, 265]
301 (26.3853) --> [51]
302 --> []
303 (23.6783) --> [139]
304 --> []
305 (51.1655) --> [244]
306 (19.0598) --> [403]
307 --> []
308 --> []
309 --> []
310 (14.2395) --> [15]
311 (36.8712) --> [250]
312 (39.3626) --> [261]
313 (52.4679) --> [495, 255]
314 (55.1486) --> [56]
315 (38.3260) --> [417, 375, 54]
316 --> []
317 (20.7799) --> [45]
318 (35.7783) --> [17]
319 (32.0788) --> [109]
320 (41.7856) --> [434, 252, 164]
321 (41.8348) --> [229]
322 (39.3250) --> [451]
323 (54.2509) --> [160, 39]
324 (22.3223) --> [117]
325 (35.0917) --> [128]
326 (33.7732) --> [210]
327 (32.0481) --> [197, 405]
328 (52.6300) --> [447]
329 (36.7893) --> [174]
330 --> []
331 --> []
332 (23.6726) --> [479]
333 (28.3982) --> [489, 463]
334 (16.8393) --> [179]
335 (65.8235) --> [361]
336 (48.8163) --> [338, 47]
337 (25.2333) --> [336]
338 (43.2089) --> [328]
339 --> []
340 (10.6461) --> [113]
341 (42.2405) --> [298, 263]
342 --> []
343 (23.9363) --> [457]
344 (42.0344) --> [432, 446]
345 (60.1044) --> [183, 213]
346 --> []
347 --> []
348 (11.8615) --> [206]
349 --> []
350 (48.0927) --> [248]
351 (38.0268) --> [324, 427]
352 (31.6437) --> [176, 186]
353 --> []
354 (33.3615) --> [452]
355 --> []
356 (43.0650) --> [145]
357 (32.6841) --> [377]
358 --> []
359 (56.8247) --> [458]
360 (37.3724) --> [426, 25]
361 (24.5866) --> [313]
362 (6.2326) --> [384]
363 (28.3236) --> [393]
364 (6.6324) --> [19]
365 (30.1914) --> [301]
366 (35.7184) --> [407, 311]
367 (23.6120) --> [308]
368 (62.1061) --> [371, 266, 150]
369 (14.2557) --> [317]
370 (31.9044) --> [105, 12]
371 (61.2831) --> [99]
372 (40.6506) --> [406]
373 (21.7464) --> [273]
374 --> []
375 (23.4090) --> [52, 488]
376 (14.2717) --> [78, 228]
377 --> []
378 (33.0129) --> [20]
379 --> []
380 --> []
381 --> []
382 --> []
383 --> []
384 (42.2916) --> [192]
385 --> []
386 --> []
387 (40.2885) --> [143]
388 (24.7533) --> [9]
389 --> []
390 --> []
391 (78.7257) --> [153, 242]
392 (30.4340) --> [475, 165]
393 (58.4409) --> [219, 482]
394 (9.9617) --> [34]
395 (21.2524) --> [430]
396 (19.5462) --> [88]
397 --> []
398 (35.2420) --> [158]
399 (53.9112) --> [6]
400 (32.4341) --> [329]
401 (62.0606) --> [18]
402 (12.6383) --> [89]
403 (21.6630) --> [344]
404 (19.3648) --> [187]
405 (11.0208) --> [1]
406 (34.2023) --> [416]
407 --> []
408 (16.6030) --> [276]
409 (32.3485) --> [290]
410 (16.0330) --> [297]
411 (33.3613) --> [236, 177]
412 --> []
413 (37.4932) --> [264]
414 (43.5765) --> [79]
415 --> []
416 --> []
417 --> []
418 (33.2571) --> [294]
419 (11.8780) --> [364]
420 (14.6975) --> [154]
421 (34.7195) --> [497]
422 --> []
423 (48.1713) --> [476, 171]
424 --> []
425 (32.6336) --> [306]
426 --> []
427 (17.7943) --> [459]
428 (41.7440) --> [309, 478]
429 (43.2692) --> [257]
430 (40.3944) --> [238, 191]
431 (24.5457) --> [362]
432 --> []
433 (20.1963) --> [69]
434 (23.5891) --> [205, 433, 148]
435 --> []
436 --> []
437 (29.8014) --> [94]
438 (39.5845) --> [310]
439 --> []
440 (50.7645) --> [217]
441 (52.3949) --> [198]
442 (24.1916) --> [115, 333]
443 (6.7737) --> [292]
444 (32.6759) --> [59]
445 --> []
446 (33.8706) --> [11, 5]
447 --> []
448 (56.2608) --> [277, 106, 76]
449 --> []
450 (45.1485) --> [321, 493]
451 (7.7806) --> [30]
452 --> []
453 --> []
454 (36.9258) --> [401, 92]
455 (19.2941) --> [421]
456 --> []
457 (25.8799) --> [487]
458 (50.1707) --> [325]
459 --> []
460 --> []
461 (36.5863) --> [231, 455]
462 (31.5344) --> [316, 363]
463 (6.7902) --> [131]
464 (43.2298) --> [90]
465 (23.1952) --> [398]
466 (29.6202) --> [60, 98]
467 (65.9469) --> [194, 140]
468 (18.6032) --> [135, 332]
469 (13.3839) --> [123]
470 (66.7355) --> [280]
471 (35.2694) --> [348, 444]
472 (23.2754) --> [441]
473 --> []
474 (21.0910) --> [161, 334]
475 (42.1143) --> [270, 386]
476 (29.0732) --> [170]
477 --> []
478 --> []
479 (42.7187) --> [71, 389]
480 --> []
481 (28.0274) --> [289, 240]
482 (54.6419) --> [81]
483 (54.7696) --> [353, 127, 93]
484 --> []
485 (24.7565) --> [235]
486 --> []
487 (38.2720) --> [22]
488 (16.7009) --> [73]
489 (32.5606) --> [300]
490 --> []
491 (39.5221) --> [7]
492 (17.6538) --> [274]
493 (22.9172) --> [185]
494 (57.3152) --> [305, 126, 32]
495 (19.5491) --> [75]
496 (29.7562) --> [471]
497 (2.4377) --> [107]
498 --> []
499 --> []

Solution energy from ACO: 2.346187044364659E7
trying to improve with local search...
final Solution:
0 (17.8077) --> [279]
1 (42.1234) --> [49]
2 (26.5090) --> [111, 282]
3 (28.3563) --> [466]
4 --> []
5 (27.9633) --> [449]
6 (20.3847) --> [68]
7 (24.3208) --> [423, 499]
8 (44.5198) --> [202, 166]
9 --> []
10 --> []
11 --> []
12 --> []
13 (22.4788) --> [14]
14 (17.5338) --> [23]
15 (44.8793) --> [323]
16 (61.6500) --> [67]
17 (34.7839) --> [137]
18 (18.4380) --> [286]
19 (30.1789) --> [453, 357]
20 (69.5063) --> [341]
21 (19.7917) --> [284, 142]
22 --> []
23 (70.2501) --> [101]
24 (69.3925) --> [207, 72]
25 (42.0786) --> [246, 474]
26 (0.3041) --> [330]
27 (19.8117) --> [66, 167]
28 --> []
29 (23.3376) --> [481]
30 --> []
31 (25.5536) --> [448]
32 (59.8093) --> [230, 347]
33 (42.9633) --> [422, 259, 394]
34 --> []
35 --> []
36 (34.2640) --> [141]
37 (16.9001) --> [473]
38 (41.4123) --> [304]
39 (44.5904) --> [208, 358]
40 (69.6779) --> [436, 315]
41 (44.0476) --> [193]
42 --> []
43 --> []
44 (18.0590) --> [212]
45 (49.8350) --> [156]
46 (41.4637) --> [379, 352]
47 (30.9065) --> [285]
48 (18.7255) --> [480]
49 (28.1599) --> [249, 425]
50 (12.5542) --> [307]
51 (52.1560) --> [388, 41]
52 --> []
53 (88.3253) --> [63]
54 (21.9066) --> [380]
55 (41.3990) --> [319, 376]
56 (59.6487) --> [196, 412]
57 (78.0134) --> [299, 281]
58 (15.5512) --> [125]
59 (41.0580) --> [437]
60 (49.1180) --> [340, 438]
61 (26.4968) --> [172]
62 --> []
63 --> []
64 (22.6269) --> [442]
65 (43.1411) --> [278]
66 (35.8904) --> [492]
67 (60.5034) --> [96, 151]
68 --> []
69 (12.0030) --> [431]
70 (28.1315) --> [456, 16]
71 --> []
72 (57.9090) --> [296, 303]
73 (30.4790) --> [35]
74 (24.7473) --> [114, 84]
75 (38.2462) --> [366, 104]
76 (4.7831) --> [251]
77 (21.3920) --> [254]
78 --> []
79 --> []
80 (43.3977) --> [469]
81 (11.6615) --> [383, 178, 374]
82 (13.2636) --> [110]
83 --> []
84 --> []
85 (25.0236) --> [204, 61]
86 (12.2390) --> [385, 435]
87 (55.1797) --> [392]
88 (43.3646) --> [102, 200]
89 (13.8609) --> [365]
90 --> []
91 (60.5837) --> [129]
92 (24.7539) --> [262, 312]
93 (34.8390) --> [169]
94 (31.9053) --> [218, 155]
95 (30.0268) --> [267, 322]
96 --> []
97 --> []
98 (48.6328) --> [162, 395]
99 --> []
100 --> []
101 (49.6472) --> [424]
102 (40.3197) --> [491, 381]
103 (39.2305) --> [216, 13]
104 (24.6065) --> [372]
105 (27.7047) --> [337, 404]
106 (23.9405) --> [413]
107 (54.1890) --> [24]
108 (15.6686) --> [382]
109 (72.2495) --> [175, 440]
110 --> []
111 --> []
112 (42.2776) --> [122]
113 (23.4853) --> [146]
114 (39.0500) --> [28]
115 --> []
116 (46.9861) --> [112, 498]
117 (35.4868) --> [275]
118 (30.8362) --> [184, 346]
119 --> []
120 (42.3800) --> [472, 253]
121 --> []
122 (45.2671) --> [124]
123 --> []
124 (63.4894) --> [227, 86]
125 (59.5966) --> [494]
126 (14.3129) --> [233]
127 (62.1003) --> [37, 260]
128 --> []
129 (62.4579) --> [144]
130 (28.4939) --> [220]
131 (23.6890) --> [302]
132 --> []
133 (56.2307) --> [232, 496, 226]
134 (14.3563) --> [189]
135 (41.5253) --> [57]
136 (27.8056) --> [320]
137 (36.0694) --> [247]
138 (36.0360) --> [443]
139 (6.8373) --> [215]
140 (51.3955) --> [119]
141 (26.9298) --> [419, 418]
142 (11.5748) --> [168]
143 (19.9626) --> [118]
144 (57.9797) --> [62, 132, 391]
145 (48.2001) --> [10, 87]
146 (35.1518) --> [370, 490]
147 (34.4372) --> [33]
148 --> []
149 --> []
150 (48.7665) --> [130, 339]
151 (37.7579) --> [133]
152 (32.7010) --> [221]
153 --> []
154 (16.0577) --> [211]
155 (30.9356) --> [343]
156 (22.2595) --> [149]
157 (2.0180) --> [85]
158 --> []
159 --> []
160 (40.0392) --> [83]
161 --> []
162 --> []
163 (22.0112) --> [134]
164 --> []
165 (25.9575) --> [327]
166 (27.2402) --> [180]
167 (23.4340) --> [269]
168 (26.6761) --> [411, 331]
169 (20.8254) --> [454]
170 (27.9104) --> [367]
171 --> []
172 (20.2595) --> [64, 293]
173 (39.3262) --> [203]
174 (40.6183) --> [36, 44]
175 (33.5498) --> [350, 410]
176 (21.8066) --> [173]
177 (23.4394) --> [43]
178 (20.7335) --> [8]
179 (34.6075) --> [439]
180 (27.5271) --> [429, 409]
181 --> []
182 (42.1634) --> [195, 485]
183 --> []
184 (14.3945) --> [103]
185 --> []
186 (31.5568) --> [486]
187 (31.9739) --> [225]
188 --> []
189 (40.6730) --> [464]
190 --> []
191 (34.1332) --> [97, 295]
192 (12.1790) --> [77]
193 --> []
194 --> []
195 (6.1353) --> [26]
196 (36.4672) --> [199, 288]
197 (16.0126) --> [182]
198 (27.2586) --> [82]
199 (19.3435) --> [29]
200 (47.6923) --> [390, 354]
201 --> []
202 (17.5477) --> [27]
203 (44.2845) --> [120, 241]
204 --> []
205 (33.4214) --> [397]
206 (31.2873) --> [222]
207 --> []
208 (28.9593) --> [349]
209 (40.8909) --> [214]
210 (30.5501) --> [335]
211 (26.2746) --> [378]
212 --> []
213 (26.1649) --> [163, 234]
214 (41.7320) --> [70, 268]
215 (34.3776) --> [414]
216 --> []
217 (6.6914) --> [245]
218 --> []
219 (24.8441) --> [65]
220 (17.2642) --> [50]
221 --> []
222 --> []
223 (43.2285) --> [31, 258]
224 --> []
225 (33.9930) --> [48, 55]
226 (44.4926) --> [190]
227 (22.4707) --> [460]
228 (4.2679) --> [40]
229 (34.6716) --> [359]
230 (25.8647) --> [256, 415]
231 (40.1186) --> [38]
232 (36.8987) --> [465]
233 (18.1669) --> [243, 287]
234 (32.0154) --> [408]
235 (46.4539) --> [42]
236 --> []
237 (25.9446) --> [239]
238 (55.4856) --> [201]
239 (25.3180) --> [209, 272]
240 (44.8729) --> [108, 91]
241 (15.3047) --> [369]
242 (21.9549) --> [318]
243 (62.1286) --> [484, 237]
244 (44.0217) --> [387]
245 (19.7404) --> [147]
246 (18.5623) --> [46]
247 (48.0579) --> [450]
248 (23.6232) --> [58]
249 (18.4502) --> [402]
250 (32.3985) --> [477, 470]
251 (40.1898) --> [188]
252 --> []
253 (47.5346) --> [121, 399]
254 (45.7049) --> [74, 462, 4]
255 (25.2369) --> [271]
256 --> []
257 (18.4872) --> [53]
258 (36.3956) --> [445]
259 (19.3791) --> [157]
260 --> []
261 --> []
262 --> []
263 (27.6284) --> [461, 291]
264 (52.1683) --> [342, 136]
265 --> []
266 (21.9003) --> [356]
267 (38.9529) --> [420, 181]
268 (38.8136) --> [80]
269 (41.9187) --> [400, 2]
270 --> []
271 (42.2191) --> [345]
272 (51.3724) --> [368]
273 --> []
274 (48.3580) --> [21]
275 (47.5817) --> [138]
276 (17.3676) --> [152]
277 --> []
278 (18.3676) --> [326]
279 (26.6340) --> [3, 483]
280 --> []
281 (53.5034) --> [314]
282 --> []
283 (40.8851) --> [355, 468]
284 (53.9987) --> [159, 396]
285 (9.2146) --> [283]
286 (31.2010) --> [100]
287 --> []
288 (35.4329) --> [351]
289 --> []
290 (57.2377) --> [428]
291 --> []
292 (56.7355) --> [116]
293 (21.8066) --> [95]
294 (14.2987) --> [467]
295 (49.4754) --> [224]
296 --> []
297 --> []
298 (46.9846) --> [360]
299 (45.2886) --> [373]
300 (48.0680) --> [223, 265]
301 (26.3853) --> [51]
302 --> []
303 (23.6783) --> [139]
304 --> []
305 (51.1655) --> [244]
306 (19.0598) --> [403]
307 --> []
308 --> []
309 --> []
310 (14.2395) --> [15]
311 (36.8712) --> [250]
312 (39.3626) --> [261]
313 (52.4679) --> [495, 255]
314 (55.1486) --> [56]
315 (38.3260) --> [417, 375, 54]
316 --> []
317 (20.7799) --> [45]
318 (35.7783) --> [17]
319 (32.0788) --> [109]
320 (41.7856) --> [434, 252, 164]
321 (41.8348) --> [229]
322 (39.3250) --> [451]
323 (54.2509) --> [160, 39]
324 (22.3223) --> [117]
325 (35.0917) --> [128]
326 (33.7732) --> [210]
327 (32.0481) --> [197, 405]
328 (52.6300) --> [447]
329 (36.7893) --> [174]
330 --> []
331 --> []
332 (23.6726) --> [479]
333 (28.3982) --> [489, 463]
334 (16.8393) --> [179]
335 (65.8235) --> [361]
336 (48.8163) --> [338, 47]
337 (25.2333) --> [336]
338 (43.2089) --> [328]
339 --> []
340 (10.6461) --> [113]
341 (42.2405) --> [298, 263]
342 --> []
343 (23.9363) --> [457]
344 (42.0344) --> [432, 446]
345 (60.1044) --> [183, 213]
346 --> []
347 --> []
348 (11.8615) --> [206]
349 --> []
350 (48.0927) --> [248]
351 (38.0268) --> [324, 427]
352 (31.6437) --> [176, 186]
353 --> []
354 (33.3615) --> [452]
355 --> []
356 (43.0650) --> [145]
357 (32.6841) --> [377]
358 --> []
359 (56.8247) --> [458]
360 (37.3724) --> [426, 25]
361 (24.5866) --> [313]
362 (6.2326) --> [384]
363 (28.3236) --> [393]
364 (6.6324) --> [19]
365 (30.1914) --> [301]
366 (35.7184) --> [407, 311]
367 (23.6120) --> [308]
368 (51.8551) --> [371, 266, 99]
369 (14.2557) --> [317]
370 (31.9044) --> [105, 12]
371 (54.4005) --> [150]
372 (40.6506) --> [406]
373 (21.7464) --> [273]
374 --> []
375 (23.4090) --> [52, 488]
376 (14.2717) --> [78, 228]
377 --> []
378 (33.0129) --> [20]
379 --> []
380 --> []
381 --> []
382 --> []
383 --> []
384 (42.2916) --> [192]
385 --> []
386 --> []
387 (40.2885) --> [143]
388 (24.7533) --> [9]
389 --> []
390 --> []
391 (78.7257) --> [153, 242]
392 (30.4340) --> [475, 165]
393 (58.4409) --> [219, 482]
394 (9.9617) --> [34]
395 (21.2524) --> [430]
396 (19.5462) --> [88]
397 --> []
398 (35.2420) --> [158]
399 (53.9112) --> [6]
400 (32.4341) --> [329]
401 (62.0606) --> [18]
402 (12.6383) --> [89]
403 (21.6630) --> [344]
404 (19.3648) --> [187]
405 (11.0208) --> [1]
406 (34.2023) --> [416]
407 --> []
408 (16.6030) --> [276]
409 (32.3485) --> [290]
410 (16.0330) --> [297]
411 (33.3613) --> [236, 177]
412 --> []
413 (37.4932) --> [264]
414 (43.5765) --> [79]
415 --> []
416 --> []
417 --> []
418 (33.2571) --> [294]
419 (11.8780) --> [364]
420 (14.6975) --> [154]
421 (34.7195) --> [497]
422 --> []
423 (48.1713) --> [476, 171]
424 --> []
425 (32.6336) --> [306]
426 --> []
427 (17.7943) --> [459]
428 (41.7440) --> [309, 478]
429 (43.2692) --> [257]
430 (40.3944) --> [238, 191]
431 (24.5457) --> [362]
432 --> []
433 (20.1963) --> [69]
434 (23.5891) --> [205, 433, 148]
435 --> []
436 --> []
437 (29.8014) --> [94]
438 (39.5845) --> [310]
439 --> []
440 (50.7645) --> [217]
441 (52.3949) --> [198]
442 (24.1916) --> [115, 333]
443 (6.7737) --> [292]
444 (32.6759) --> [59]
445 --> []
446 (33.8706) --> [11, 5]
447 --> []
448 (56.2608) --> [277, 106, 76]
449 --> []
450 (45.1485) --> [321, 493]
451 (7.7806) --> [30]
452 --> []
453 --> []
454 (36.9258) --> [401, 92]
455 (19.2941) --> [421]
456 --> []
457 (25.8799) --> [487]
458 (50.1707) --> [325]
459 --> []
460 --> []
461 (36.5863) --> [231, 455]
462 (31.5344) --> [316, 363]
463 (6.7902) --> [131]
464 (43.2298) --> [90]
465 (23.1952) --> [398]
466 (29.6202) --> [60, 98]
467 (65.9469) --> [194, 140]
468 (18.6032) --> [135, 332]
469 (13.3839) --> [123]
470 (66.7355) --> [280]
471 (35.2694) --> [348, 444]
472 (23.2754) --> [441]
473 --> []
474 (21.0910) --> [161, 334]
475 (42.1143) --> [270, 386]
476 (29.0732) --> [170]
477 --> []
478 --> []
479 (42.7187) --> [71, 389]
480 --> []
481 (28.0274) --> [289, 240]
482 (54.6419) --> [81]
483 (54.7696) --> [353, 127, 93]
484 --> []
485 (24.7565) --> [235]
486 --> []
487 (38.2720) --> [22]
488 (16.7009) --> [73]
489 (32.5606) --> [300]
490 --> []
491 (39.5221) --> [7]
492 (17.6538) --> [274]
493 (22.9172) --> [185]
494 (57.3152) --> [305, 126, 32]
495 (19.5491) --> [75]
496 (29.7562) --> [471]
497 (2.4377) --> [107]
498 --> []
499 --> []

final Solution energy: 2.3292590296633888E7
Calculated in 366744ms
Ants=1000, alpha=0.6, beta=3.0, evaporate factor=0.07
(for ../../mebp/mebp-10.dat)
