New best solution in iteration 0: 1.069866460249633E9
New best solution in iteration 1: 9.566164342555835E8
New best solution in iteration 3: 6.808534602358394E8
New best solution in iteration 6: 6.513874770658486E8
New best solution in iteration 9: 5.104116781153059E8
New best solution in iteration 20: 4.760332892899839E8
AVG (iterations 0 to 20): 9.260367623257589E8
New best solution in iteration 24: 3.7796772006975424E8
New best solution in iteration 34: 3.305709182212677E8
AVG (iterations 20 to 40): 1.0092423413144563E9
New best solution in iteration 60: 2.5149203931042197E8
AVG (iterations 40 to 60): 1.148342699031941E9
New best solution in iteration 75: 2.488748075179794E8
AVG (iterations 60 to 80): 9.441672728509117E8
AVG (iterations 80 to 100): 1.077119223482421E9
AVG (iterations 100 to 120): 1.1916392633524065E9
AVG (iterations 120 to 140): 8.806662009946693E8
New best solution in iteration 152: 1.894333679489216E8
New best solution in iteration 160: 1.7552917932110932E8
AVG (iterations 140 to 160): 4.4449825722849196E8
New best solution in iteration 177: 1.753337952556123E8
AVG (iterations 160 to 180): 2.902316445248539E8
New best solution in iteration 195: 1.6826982709986812E8
AVG (iterations 180 to 200): 2.133412637142761E8
AVG (iterations 200 to 220): 2.1520206677735606E8
New best solution in iteration 223: 1.652940824040272E8
AVG (iterations 220 to 240): 1.8800605065974063E8
AVG (iterations 240 to 260): 1.9096468645299453E8
New best solution in iteration 267: 1.631384822303638E8
AVG (iterations 260 to 280): 1.850617217287486E8
New best solution in iteration 282: 1.6294011195451808E8
AVG (iterations 280 to 300): 1.9873144026690707E8
AVG (iterations 300 to 320): 1.939509699383598E8
New best solution in iteration 339: 1.6294011195451805E8
AVG (iterations 320 to 340): 1.8689806336355585E8
New best solution in iteration 353: 1.5715992747676027E8
AVG (iterations 340 to 360): 1.8412133534971625E8
AVG (iterations 360 to 380): 1.9653959360753673E8
AVG (iterations 380 to 400): 1.814625056312132E8
New best solution in iteration 409: 1.5714887262160498E8
AVG (iterations 400 to 420): 1.879845495164153E8
AVG (iterations 420 to 440): 1.8989053816177574E8
AVG (iterations 440 to 460): 1.877814798378999E8
AVG (iterations 460 to 480): 1.801736782053057E8
AVG (iterations 480 to 500): 1.8025293319818252E8
AVG (iterations 500 to 520): 1.7109456789058688E8
AVG (iterations 520 to 540): 1.775701507757221E8
AVG (iterations 540 to 560): 1.7791357153116113E8
AVG (iterations 560 to 580): 1.7748944989910862E8
AVG (iterations 580 to 600): 1.803434595742709E8
AVG (iterations 600 to 620): 1.913884826067582E8
AVG (iterations 620 to 640): 1.742260701543527E8
AVG (iterations 640 to 660): 1.7056338714125383E8
AVG (iterations 660 to 680): 1.7128280008498955E8
AVG (iterations 680 to 700): 1.7238803139696586E8
AVG (iterations 700 to 720): 1.7044817078666896E8
AVG (iterations 720 to 740): 1.7374347495225558E8
AVG (iterations 740 to 760): 1.685823308399423E8
AVG (iterations 760 to 780): 1.694904466735223E8
AVG (iterations 780 to 800): 1.6688391122751766E8
AVG (iterations 800 to 820): 1.6882173178426346E8
AVG (iterations 820 to 840): 1.7187938505229518E8
AVG (iterations 840 to 860): 1.7137746164669284E8
AVG (iterations 860 to 880): 1.7305079289265266E8
AVG (iterations 880 to 900): 1.7260959358441797E8
AVG (iterations 900 to 920): 1.726856886265913E8
AVG (iterations 920 to 940): 1.7166647087058076E8
AVG (iterations 940 to 960): 1.7195548009446868E8
AVG (iterations 960 to 980): 1.685327225603756E8
Solution from ACO:
0 (370.3213) --> [1, 10, 3]
1 (133.6589) --> [13]
2 (398.1973) --> [18, 9, 8]
3 (116.4812) --> [11]
4 --> []
5 --> []
6 (144.1451) --> [12]
7 --> []
8 --> []
9 (77.6379) --> [15, 5]
10 (169.8409) --> [4]
11 (133.0112) --> [16]
12 (188.0342) --> [2]
13 (165.5522) --> [17, 14]
14 --> []
15 --> []
16 --> []
17 (118.9643) --> [6]
18 (250.2520) --> [19, 7]
19 --> []

Solution energy from ACO: 1.5714887262160498E8
trying to improve with local search...
final Solution:
0 (370.3213) --> [10, 3, 14]
1 (133.6589) --> [13]
2 (398.1973) --> [18, 9, 8]
3 (116.4812) --> [11]
4 --> []
5 --> []
6 (144.1451) --> [12]
7 --> []
8 --> []
9 (77.6379) --> [15, 5]
10 (169.8409) --> [4]
11 (133.0112) --> [16]
12 (188.0342) --> [2]
13 (133.6589) --> [17, 1]
14 --> []
15 --> []
16 --> []
17 (118.9643) --> [6]
18 (250.2520) --> [19, 7]
19 --> []

final Solution energy: 1.5499926736922446E8
Calculated in 831ms
Ants=1000, alpha=0.6, beta=3.0, evaporate factor=0.07
(for ../../mebp/mebp-02.dat)
