New best solution in iteration 0: 3.747672029167184E9
New best solution in iteration 1: 3.034296039808698E9
New best solution in iteration 3: 2.6146707021205955E9
New best solution in iteration 8: 1.977258039670173E9
New best solution in iteration 13: 1.7568384962217932E9
AVG (iterations 0 to 20): 3.3923255173177156E9
AVG (iterations 20 to 40): 3.488990884581394E9
AVG (iterations 40 to 60): 3.806262771793775E9
AVG (iterations 60 to 80): 3.2373341058575206E9
AVG (iterations 80 to 100): 3.1222646790978336E9
AVG (iterations 100 to 120): 3.568239471961852E9
AVG (iterations 120 to 140): 3.232766001219612E9
New best solution in iteration 155: 1.5952936347797348E9
AVG (iterations 140 to 160): 2.8780984398030653E9
New best solution in iteration 161: 1.3656485411550343E9
New best solution in iteration 165: 1.2254618185686073E9
New best solution in iteration 167: 9.839234581333132E8
New best solution in iteration 168: 6.604499471743168E8
New best solution in iteration 171: 6.519437053513827E8
New best solution in iteration 178: 4.260139261608923E8
New best solution in iteration 179: 3.583971176629173E8
AVG (iterations 160 to 180): 1.093724480620482E9
New best solution in iteration 183: 3.363904229799783E8
New best solution in iteration 184: 7.46410373264654E7
New best solution in iteration 189: 3.798167472030089E7
New best solution in iteration 190: 3.614665903445365E7
New best solution in iteration 191: 3.2953235900212E7
New best solution in iteration 194: 2.8008450601077545E7
AVG (iterations 180 to 200): 1.779570130721321E8
New best solution in iteration 208: 2.725369405703019E7
New best solution in iteration 212: 2.596144647505436E7
New best solution in iteration 219: 2.5796685477058686E7
AVG (iterations 200 to 220): 4.665495216899277E7
New best solution in iteration 222: 2.5688862127210747E7
New best solution in iteration 227: 2.5287718946522146E7
New best solution in iteration 234: 2.4907549024916776E7
New best solution in iteration 235: 2.4850926068731423E7
AVG (iterations 220 to 240): 2.657614135303102E7
New best solution in iteration 241: 2.3392002594507035E7
AVG (iterations 240 to 260): 2.510161223386372E7
AVG (iterations 260 to 280): 2.5572596018936716E7
AVG (iterations 280 to 300): 2.507358602477584E7
AVG (iterations 300 to 320): 2.489943546063126E7
AVG (iterations 320 to 340): 2.4369397078847263E7
New best solution in iteration 344: 2.3309783461831205E7
New best solution in iteration 354: 2.3188362247229803E7
AVG (iterations 340 to 360): 2.4527618370942626E7
New best solution in iteration 368: 2.2934080106632665E7
AVG (iterations 360 to 380): 2.4345786973465882E7
New best solution in iteration 400: 2.2057051102886073E7
AVG (iterations 380 to 400): 2.4138326643462773E7
AVG (iterations 400 to 420): 2.3993528867555697E7
AVG (iterations 420 to 440): 2.375949266355545E7
AVG (iterations 440 to 460): 2.355078535328748E7
AVG (iterations 460 to 480): 2.3678000915597297E7
AVG (iterations 480 to 500): 2.350314550322703E7
AVG (iterations 500 to 520): 2.37899916204632E7
AVG (iterations 520 to 540): 2.346692840355087E7
AVG (iterations 540 to 560): 2.4002402436323863E7
AVG (iterations 560 to 580): 2.3636565728119686E7
AVG (iterations 580 to 600): 2.3609355466688037E7
AVG (iterations 600 to 620): 2.3516910750498187E7
AVG (iterations 620 to 640): 2.372975416121231E7
AVG (iterations 640 to 660): 2.3957197161690433E7
AVG (iterations 660 to 680): 2.3654674497098424E7
AVG (iterations 680 to 700): 2.35458162182088E7
AVG (iterations 700 to 720): 2.344534075075447E7
AVG (iterations 720 to 740): 2.369811983344377E7
AVG (iterations 740 to 760): 2.3651813964612387E7
AVG (iterations 760 to 780): 2.360397862631347E7
AVG (iterations 780 to 800): 2.343977558652225E7
AVG (iterations 800 to 820): 2.3186354141575303E7
AVG (iterations 820 to 840): 2.3530733104177676E7
AVG (iterations 840 to 860): 2.3641321545440894E7
AVG (iterations 860 to 880): 2.33149856895457E7
AVG (iterations 880 to 900): 2.355454463262832E7
AVG (iterations 900 to 920): 2.3245783826911785E7
AVG (iterations 920 to 940): 2.348976793943432E7
AVG (iterations 940 to 960): 2.357512364475651E7
AVG (iterations 960 to 980): 2.33063652466246E7
Solution from ACO:
0 (73.5450) --> [348, 365, 151]
1 (20.8746) --> [274]
2 (28.0261) --> [321, 466]
3 --> []
4 (28.6599) --> [300, 428]
5 (20.7732) --> [453]
6 (27.8157) --> [400]
7 (35.6897) --> [316]
8 (36.6631) --> [203, 423]
9 (13.5017) --> [384]
10 (20.0057) --> [305, 210]
11 (57.4430) --> [124]
12 (3.8906) --> [334, 158]
13 (15.7175) --> [299]
14 (35.7584) --> [144]
15 --> []
16 (10.3900) --> [361]
17 (44.2141) --> [252]
18 (42.7442) --> [208, 493]
19 --> []
20 (68.6058) --> [104]
21 (49.3298) --> [484]
22 (33.3909) --> [157]
23 (16.3598) --> [426]
24 (44.8625) --> [9, 375]
25 (20.6404) --> [121]
26 (35.2555) --> [363]
27 (13.8842) --> [181]
28 --> []
29 (30.2369) --> [284]
30 (55.1574) --> [294]
31 (10.7201) --> [313]
32 --> []
33 --> []
34 (18.9936) --> [394]
35 (40.6458) --> [95, 302]
36 --> []
37 (14.1046) --> [465]
38 (22.5747) --> [411]
39 (38.7545) --> [308, 5]
40 (4.4736) --> [153]
41 (29.6594) --> [376, 69]
42 (28.5838) --> [472, 81]
43 (24.8412) --> [108, 101]
44 (24.5382) --> [218, 494]
45 (77.3278) --> [272]
46 (21.5857) --> [17, 159]
47 --> []
48 (11.4845) --> [228]
49 (31.0729) --> [433]
50 (35.7960) --> [347]
51 (34.5401) --> [33]
52 (30.5361) --> [366]
53 (10.7409) --> [281]
54 (21.1802) --> [439]
55 --> []
56 (31.0887) --> [236, 320]
57 (18.6900) --> [288, 409]
58 --> []
59 --> []
60 (30.6124) --> [52]
61 (32.6244) --> [44]
62 (19.3633) --> [190]
63 (14.5118) --> [497]
64 (27.1341) --> [196]
65 (16.7391) --> [163]
66 (40.1583) --> [53]
67 --> []
68 (20.8137) --> [96]
69 (31.5564) --> [496, 391]
70 --> []
71 (32.6906) --> [18]
72 (41.5778) --> [212]
73 (14.9335) --> [200]
74 --> []
75 (26.2502) --> [442]
76 (8.7699) --> [136]
77 (6.3186) --> [278]
78 (57.9274) --> [341, 129]
79 --> []
80 (20.4781) --> [222]
81 (41.9982) --> [325]
82 --> []
83 (25.7445) --> [85]
84 (19.8221) --> [168]
85 (29.4288) --> [463]
86 (27.7436) --> [11]
87 (31.9680) --> [471]
88 (17.8105) --> [164]
89 (53.0595) --> [27, 280]
90 (29.4874) --> [148]
91 (25.1525) --> [16, 269]
92 (8.7733) --> [100]
93 (27.4818) --> [227]
94 (21.4311) --> [71]
95 --> []
96 (41.1026) --> [416]
97 (17.6668) --> [303, 28]
98 (39.0457) --> [491]
99 (21.6515) --> [204]
100 (36.0659) --> [14]
101 (55.6663) --> [369]
102 --> []
103 (28.3115) --> [353]
104 --> []
105 (19.3042) --> [63]
106 (11.8850) --> [139]
107 --> []
108 (35.5726) --> [243]
109 (18.9318) --> [386]
110 --> []
111 (46.8058) --> [436]
112 (39.1380) --> [435]
113 --> []
114 (24.8996) --> [362]
115 (23.6213) --> [65]
116 --> []
117 (48.9179) --> [78]
118 (53.7114) --> [187, 87]
119 --> []
120 --> []
121 (37.7562) --> [130]
122 (16.2265) --> [462]
123 --> []
124 (48.0600) --> [205, 443]
125 (44.4041) --> [446]
126 (49.2223) --> [98]
127 (33.8289) --> [256]
128 (72.3688) --> [149, 323]
129 (36.2125) --> [372, 476, 41]
130 (55.8414) --> [254]
131 (35.0009) --> [250]
132 (33.5716) --> [73, 374]
133 (57.8395) --> [224]
134 (66.6666) --> [240, 234]
135 (28.1844) --> [84]
136 (55.0762) --> [314, 360]
137 --> []
138 (30.6621) --> [364]
139 (49.7480) --> [131, 32, 255]
140 --> []
141 --> []
142 (43.3801) --> [244]
143 --> []
144 (23.5694) --> [327, 352]
145 (11.9606) --> [270]
146 (17.9902) --> [107]
147 (22.4183) --> [182]
148 (22.9765) --> [38]
149 --> []
150 --> []
151 (23.1927) --> [286, 225]
152 (8.4100) --> [8]
153 --> []
154 --> []
155 (51.1467) --> [183, 258]
156 (39.2384) --> [406]
157 (21.4587) --> [92, 199]
158 --> []
159 (43.0344) --> [194]
160 --> []
161 (29.8639) --> [43]
162 (27.7098) --> [358]
163 (17.2091) --> [122, 237]
164 (27.1070) --> [235]
165 (24.7640) --> [332]
166 --> []
167 (31.7048) --> [80]
168 (34.1208) --> [403]
169 (33.6301) --> [330]
170 (16.8844) --> [304]
171 (30.1491) --> [88, 230]
172 --> []
173 (26.0793) --> [115]
174 --> []
175 (21.8941) --> [22, 407]
176 (57.0105) --> [192]
177 (33.9844) --> [419, 145]
178 (22.0453) --> [329]
179 (53.2425) --> [266, 26]
180 (12.6094) --> [174]
181 --> []
182 (13.4221) --> [396]
183 --> []
184 (33.0191) --> [216, 170]
185 --> []
186 (46.3529) --> [10]
187 (29.9289) --> [67]
188 (24.0024) --> [418, 209]
189 (36.9182) --> [420, 487]
190 (20.1785) --> [76]
191 (16.1213) --> [430]
192 (22.6007) --> [198]
193 (13.4732) --> [265]
194 (35.2196) --> [169, 39]
195 --> []
196 (73.8001) --> [414]
197 (30.7597) --> [118]
198 --> []
199 (65.4305) --> [94, 40]
200 --> []
201 --> []
202 (34.0701) --> [186]
203 (13.9051) --> [370]
204 (30.0194) --> [408]
205 (34.3770) --> [147]
206 (54.7633) --> [125]
207 --> []
208 --> []
209 --> []
210 --> []
211 (29.0432) --> [45]
212 (69.2685) --> [474, 309, 264]
213 (14.5440) --> [297]
214 --> []
215 --> []
216 (33.8357) --> [207]
217 (45.5339) --> [379, 355]
218 (6.2673) --> [468]
219 (27.8683) --> [50]
220 (38.4760) --> [351, 247]
221 (13.0605) --> [481]
222 (15.3389) --> [271]
223 (54.7673) --> [171]
224 (45.5135) --> [455]
225 (34.1068) --> [49]
226 (59.8723) --> [337]
227 (7.2281) --> [233]
228 (25.6769) --> [282]
229 --> []
230 (20.6538) --> [89]
231 (51.5295) --> [260]
232 (30.6322) --> [345, 380]
233 --> []
234 (48.5167) --> [326]
235 (37.4263) --> [105, 242]
236 --> []
237 (36.6163) --> [232]
238 --> []
239 --> []
240 (50.7472) --> [499, 333]
241 --> []
242 (31.5150) --> [56, 458]
243 (45.7945) --> [231, 83]
244 (40.6735) --> [357, 448]
245 --> []
246 --> []
247 --> []
248 (36.2117) --> [429, 66]
249 (50.2123) --> [253, 431]
250 (6.4065) --> [116]
251 (50.1456) --> [427]
252 (39.9188) --> [397, 146]
253 (47.4129) --> [392]
254 (51.0939) --> [197, 285]
255 (47.4107) --> [201, 79]
256 --> []
257 --> []
258 --> []
259 --> []
260 --> []
261 (23.6359) --> [120]
262 (24.3106) --> [77]
263 (30.0516) --> [36]
264 --> []
265 (35.7919) --> [42]
266 (16.5167) --> [127]
267 (57.9526) --> [444]
268 --> []
269 (1.1390) --> [111]
270 (43.4897) --> [415]
271 (11.2533) --> [470]
272 --> []
273 --> []
274 --> []
275 (18.8485) --> [239, 318]
276 (23.0330) --> [109]
277 (7.2574) --> [59]
278 (25.2642) --> [399]
279 (33.0275) --> [398, 277]
280 (29.1631) --> [275]
281 (14.7186) --> [21]
282 (25.3527) --> [486, 4]
283 (35.6863) --> [86, 24]
284 (33.8644) --> [488]
285 (40.4902) --> [23]
286 --> []
287 --> []
288 --> []
289 (20.9287) --> [20]
290 (33.4905) --> [289]
291 (24.0088) --> [46, 261]
292 (44.7097) --> [57, 211]
293 (41.2576) --> [3]
294 (30.4770) --> [155]
295 (42.9774) --> [48, 382]
296 --> []
297 (42.2229) --> [165]
298 --> []
299 (62.8323) --> [290, 64]
300 (28.9771) --> [74]
301 (52.7212) --> [172, 279]
302 (10.7263) --> [378]
303 (7.0914) --> [93]
304 (27.0089) --> [213]
305 --> []
306 (22.6362) --> [1, 336]
307 (7.4504) --> [51]
308 (28.5403) --> [12]
309 (16.1398) --> [311]
310 --> []
311 (23.5144) --> [102, 464]
312 (17.3626) --> [58]
313 (48.5603) --> [402]
314 --> []
315 --> []
316 (37.3918) --> [447]
317 --> []
318 (30.9855) --> [30, 331]
319 (56.8930) --> [460]
320 (10.1945) --> [154]
321 (49.1947) --> [373, 112]
322 (45.2174) --> [245, 417]
323 --> []
324 (60.7036) --> [438]
325 (47.4722) --> [117, 395]
326 (29.8974) --> [343, 495]
327 (8.1315) --> [354]
328 --> []
329 (38.1801) --> [70, 451]
330 (4.2300) --> [249]
331 --> []
332 (27.8045) --> [68]
333 (11.7929) --> [324]
334 (6.0594) --> [306]
335 --> []
336 --> []
337 (23.0104) --> [292]
338 --> []
339 (80.2266) --> [322, 106]
340 (16.3590) --> [202]
341 --> []
342 --> []
343 (33.2928) --> [350, 259]
344 (38.9304) --> [161]
345 (25.6013) --> [54, 478]
346 (19.6132) --> [175]
347 (38.6602) --> [238]
348 (40.8640) --> [162]
349 (24.0079) --> [90]
350 --> []
351 (44.1644) --> [467]
352 (17.7708) --> [422]
353 --> []
354 --> []
355 --> []
356 (26.8023) --> [35]
357 --> []
358 (61.9682) --> [404, 412, 246]
359 (22.1947) --> [221]
360 --> []
361 (30.7288) --> [301]
362 (34.4008) --> [60, 180]
363 (37.3620) --> [217]
364 (29.6794) --> [479]
365 --> []
366 (73.4864) --> [135, 55]
367 --> []
368 (36.6987) --> [142, 97]
369 --> []
370 (44.2244) --> [188]
371 --> []
372 --> []
373 (59.5411) --> [61, 349]
374 (33.4657) --> [371, 152]
375 --> []
376 --> []
377 (16.4410) --> [393, 226]
378 (34.5087) --> [219]
379 (15.6321) --> [346]
380 --> []
381 (32.8123) --> [385, 390]
382 (36.2402) --> [377]
383 (28.8018) --> [338, 25]
384 (36.0750) --> [307]
385 (33.9681) --> [342, 482]
386 (3.1247) --> [103]
387 (33.6639) --> [298]
388 (41.7239) --> [312, 37]
389 (10.5158) --> [82, 223]
390 (21.9271) --> [424]
391 (20.0531) --> [143, 469]
392 (57.8249) --> [75]
393 --> []
394 (42.3500) --> [123]
395 (54.8621) --> [283, 140]
396 (36.4775) --> [293]
397 --> []
398 (34.7926) --> [459, 263]
399 --> []
400 (40.1292) --> [291]
401 (26.7635) --> [461, 437]
402 (11.1112) --> [276]
403 (60.1026) --> [490]
404 (45.8960) --> [150, 6]
405 (38.1505) --> [339]
406 (9.4248) --> [381]
407 --> []
408 (50.0513) --> [335, 273]
409 --> []
410 (42.9808) --> [456, 251]
411 (30.0880) --> [248]
412 (16.7035) --> [405]
413 (31.9486) --> [317, 2]
414 (43.1200) --> [454, 498, 173]
415 --> []
416 (22.8240) --> [160]
417 (43.0718) --> [19, 220]
418 (37.7190) --> [445, 492]
419 (25.1379) --> [440, 340]
420 (47.0483) --> [441]
421 (33.4713) --> [110, 449]
422 (15.3167) --> [477, 141]
423 (4.3449) --> [119]
424 --> []
425 --> []
426 (22.1026) --> [473]
427 (15.2052) --> [34]
428 (43.9872) --> [241]
429 (33.8386) --> [137]
430 --> []
431 --> []
432 --> []
433 (55.7966) --> [452, 91]
434 (40.4967) --> [310]
435 --> []
436 (23.0409) --> [388]
437 --> []
438 (51.3296) --> [359]
439 --> []
440 --> []
441 --> []
442 (61.9016) --> [344, 195]
443 (25.7741) --> [62]
444 (47.8421) --> [328]
445 --> []
446 (15.8488) --> [367]
447 (20.4373) --> [475]
448 (47.0776) --> [206, 189]
449 (54.5512) --> [257, 368]
450 (29.4965) --> [7, 480]
451 (21.2656) --> [383, 47]
452 (20.9086) --> [295]
453 (50.1365) --> [72]
454 (20.3193) --> [425]
455 (25.1384) --> [483, 457]
456 (20.5230) --> [267]
457 --> []
458 (6.3713) --> [184]
459 (32.8087) --> [287, 179]
460 (54.6238) --> [315, 132]
461 (22.3033) --> [410]
462 (15.1990) --> [113]
463 (55.7234) --> [177]
464 (18.1913) --> [262]
465 --> []
466 (16.3321) --> [185]
467 (18.5052) --> [389]
468 (30.4415) --> [166, 99]
469 (62.0900) --> [31]
470 (39.9181) --> [138, 229]
471 (37.9759) --> [133, 13]
472 (50.4526) --> [485]
473 (47.5506) --> [432]
474 (37.4080) --> [15, 178]
475 (88.3317) --> [215, 128]
476 (29.6576) --> [126]
477 (47.5217) --> [401]
478 (22.9767) --> [214]
479 (33.7127) --> [450]
480 (37.7311) --> [191, 29]
481 (35.4852) --> [387]
482 (3.5691) --> [319]
483 (47.6564) --> [434, 413]
484 (54.3843) --> [296, 356]
485 --> []
486 (17.5357) --> [421]
487 (40.7083) --> [134]
488 --> []
489 --> []
490 (42.9268) --> [156]
491 --> []
492 (38.2180) --> [489]
493 (18.1992) --> [167]
494 --> []
495 --> []
496 (46.1159) --> [268]
497 (10.8853) --> [114]
498 --> []
499 (11.3624) --> [193, 176]

Solution energy from ACO: 2.2057051102886073E7
trying to improve with local search...
final Solution:
0 (73.5450) --> [348, 365, 151]
1 (20.8746) --> [274]
2 (28.0261) --> [321, 466]
3 --> []
4 (28.6599) --> [300, 428]
5 (20.7732) --> [453]
6 (27.8157) --> [400]
7 (35.6897) --> [316]
8 (36.6631) --> [203, 423]
9 (13.5017) --> [384]
10 (20.0057) --> [305, 210]
11 (57.4430) --> [124]
12 (3.8906) --> [334, 158]
13 (15.7175) --> [299]
14 (35.7584) --> [144]
15 --> []
16 (10.3900) --> [361]
17 (44.2141) --> [252]
18 (42.7442) --> [208, 493]
19 --> []
20 (68.6058) --> [104]
21 (49.3298) --> [484]
22 (33.3909) --> [157]
23 (16.3598) --> [426]
24 (44.8625) --> [9, 375]
25 (20.6404) --> [121]
26 (35.2555) --> [363]
27 (13.8842) --> [181]
28 --> []
29 (30.2369) --> [284]
30 (55.1574) --> [294]
31 (10.7201) --> [313]
32 --> []
33 --> []
34 (18.9936) --> [394]
35 (40.6458) --> [95, 302]
36 --> []
37 (14.1046) --> [465]
38 (22.5747) --> [411]
39 (38.7545) --> [308, 5]
40 (4.4736) --> [153]
41 (29.6594) --> [376, 69]
42 (28.5838) --> [472, 81]
43 (24.8412) --> [108, 101]
44 (24.5382) --> [218, 494]
45 (77.3278) --> [272]
46 (21.5857) --> [17, 159]
47 --> []
48 (11.4845) --> [228]
49 (31.0729) --> [433]
50 (35.7960) --> [347]
51 (34.5401) --> [33]
52 (30.5361) --> [366]
53 (10.7409) --> [281]
54 (21.1802) --> [439]
55 --> []
56 (31.0887) --> [236, 320]
57 (18.6900) --> [288, 409]
58 --> []
59 --> []
60 (30.6124) --> [52]
61 (32.6244) --> [44]
62 (19.3633) --> [190]
63 (14.5118) --> [497]
64 (27.1341) --> [196]
65 (16.7391) --> [163]
66 (40.1583) --> [53]
67 --> []
68 (20.8137) --> [96]
69 (31.5564) --> [496, 391]
70 --> []
71 (32.6906) --> [18]
72 (41.5778) --> [212]
73 (14.9335) --> [200]
74 --> []
75 (26.2502) --> [442]
76 (8.7699) --> [136]
77 (6.3186) --> [278]
78 (57.9274) --> [341, 129]
79 --> []
80 (20.4781) --> [222]
81 (41.9982) --> [325]
82 --> []
83 (25.7445) --> [85]
84 (19.8221) --> [168]
85 (29.4288) --> [463]
86 (27.7436) --> [11]
87 (31.9680) --> [471]
88 (17.8105) --> [164]
89 (53.0595) --> [27, 280]
90 (29.4874) --> [148]
91 (25.1525) --> [16, 269]
92 (8.7733) --> [100]
93 (27.4818) --> [227]
94 (21.4311) --> [71]
95 --> []
96 (41.1026) --> [416]
97 (17.6668) --> [303, 28]
98 (39.0457) --> [491]
99 (21.6515) --> [204]
100 (36.0659) --> [14]
101 (55.6663) --> [369]
102 --> []
103 (28.3115) --> [353]
104 --> []
105 (19.3042) --> [63]
106 (11.8850) --> [139]
107 --> []
108 (35.5726) --> [243]
109 (18.9318) --> [386]
110 --> []
111 (46.8058) --> [436]
112 (39.1380) --> [435]
113 --> []
114 (24.8996) --> [362]
115 (23.6213) --> [65]
116 --> []
117 (48.9179) --> [78]
118 (53.7114) --> [187, 87]
119 --> []
120 --> []
121 (37.7562) --> [130]
122 (16.2265) --> [462]
123 --> []
124 (48.0600) --> [205, 443]
125 (44.4041) --> [446]
126 (49.2223) --> [98]
127 (33.8289) --> [256]
128 (72.3688) --> [149, 323]
129 (36.2125) --> [372, 476, 41]
130 (55.8414) --> [254]
131 (35.0009) --> [250]
132 (33.5716) --> [73, 374]
133 (57.8395) --> [224]
134 (66.6666) --> [240, 234]
135 (28.1844) --> [84]
136 (55.0762) --> [314, 360]
137 --> []
138 (30.6621) --> [364]
139 (49.7480) --> [131, 32, 255]
140 --> []
141 --> []
142 (43.3801) --> [244]
143 --> []
144 (23.5694) --> [327, 352]
145 (11.9606) --> [270]
146 (17.9902) --> [107]
147 (22.4183) --> [182]
148 (22.9765) --> [38]
149 --> []
150 --> []
151 (23.1927) --> [286, 225]
152 (8.4100) --> [8]
153 --> []
154 --> []
155 (51.1467) --> [183, 258]
156 (39.2384) --> [406]
157 (21.4587) --> [92, 199]
158 --> []
159 (43.0344) --> [194]
160 --> []
161 (29.8639) --> [43]
162 (27.7098) --> [358]
163 (17.2091) --> [122, 237]
164 (27.1070) --> [235]
165 (24.7640) --> [332]
166 --> []
167 (31.7048) --> [80]
168 (34.1208) --> [403]
169 (33.6301) --> [330]
170 (16.8844) --> [304]
171 (30.1491) --> [88, 230]
172 --> []
173 (26.0793) --> [115]
174 --> []
175 (21.8941) --> [22, 407]
176 (57.0105) --> [192]
177 (33.9844) --> [419, 145]
178 (22.0453) --> [329]
179 (53.2425) --> [266, 26]
180 (12.6094) --> [174]
181 --> []
182 (13.4221) --> [396]
183 --> []
184 (33.0191) --> [216, 170]
185 --> []
186 (46.3529) --> [10]
187 (29.9289) --> [67]
188 (24.0024) --> [418, 209]
189 (36.9182) --> [420, 487]
190 (20.1785) --> [76]
191 (16.1213) --> [430]
192 (22.6007) --> [198]
193 (13.4732) --> [265]
194 (35.2196) --> [169, 39]
195 --> []
196 (73.8001) --> [414]
197 (30.7597) --> [118]
198 --> []
199 (65.4305) --> [94, 40]
200 --> []
201 --> []
202 (34.0701) --> [186]
203 (13.9051) --> [370]
204 (30.0194) --> [408]
205 (34.3770) --> [147]
206 (54.7633) --> [125]
207 --> []
208 --> []
209 --> []
210 --> []
211 (29.0432) --> [45]
212 (69.2685) --> [474, 309, 264]
213 (14.5440) --> [297]
214 --> []
215 --> []
216 (33.8357) --> [207]
217 (45.5339) --> [379, 355]
218 (6.2673) --> [468]
219 (27.8683) --> [50]
220 (38.4760) --> [351, 247]
221 (13.0605) --> [481]
222 (15.3389) --> [271]
223 (54.7673) --> [171]
224 (45.5135) --> [455]
225 (34.1068) --> [49]
226 (59.8723) --> [337]
227 (7.2281) --> [233]
228 (25.6769) --> [282]
229 --> []
230 (20.6538) --> [89]
231 (51.5295) --> [260]
232 (30.6322) --> [345, 380]
233 --> []
234 (48.5167) --> [326]
235 (37.4263) --> [105, 242]
236 --> []
237 (36.6163) --> [232]
238 --> []
239 --> []
240 (50.7472) --> [499, 333]
241 --> []
242 (31.5150) --> [56, 458]
243 (45.7945) --> [231, 83]
244 (40.6735) --> [357, 448]
245 --> []
246 --> []
247 --> []
248 (36.2117) --> [429, 66]
249 (50.2123) --> [253, 431]
250 (6.4065) --> [116]
251 (50.1456) --> [427]
252 (39.9188) --> [397, 146]
253 (47.4129) --> [392]
254 (51.0939) --> [197, 285]
255 (47.4107) --> [201, 79]
256 --> []
257 --> []
258 --> []
259 --> []
260 --> []
261 (23.6359) --> [120]
262 (24.3106) --> [77]
263 (30.0516) --> [36]
264 --> []
265 (35.7919) --> [42]
266 (16.5167) --> [127]
267 (57.9526) --> [444]
268 --> []
269 (1.1390) --> [111]
270 (43.4897) --> [415]
271 (11.2533) --> [470]
272 --> []
273 --> []
274 --> []
275 (18.8485) --> [239, 318]
276 (23.0330) --> [109]
277 (7.2574) --> [59]
278 (25.2642) --> [399]
279 (33.0275) --> [398, 277]
280 (29.1631) --> [275]
281 (14.7186) --> [21]
282 (25.3527) --> [486, 4]
283 (35.6863) --> [86, 24]
284 (33.8644) --> [488]
285 (40.4902) --> [23]
286 --> []
287 --> []
288 --> []
289 (20.9287) --> [20]
290 (33.4905) --> [289]
291 (24.0088) --> [46, 261]
292 (44.7097) --> [57, 211]
293 (41.2576) --> [3]
294 (30.4770) --> [155]
295 (42.9774) --> [48, 382]
296 --> []
297 (42.2229) --> [165]
298 --> []
299 (62.8323) --> [290, 64]
300 (28.9771) --> [74]
301 (52.7212) --> [172, 279]
302 (10.7263) --> [378]
303 (7.0914) --> [93]
304 (27.0089) --> [213]
305 --> []
306 (22.6362) --> [1, 336]
307 (7.4504) --> [51]
308 (28.5403) --> [12]
309 (16.1398) --> [311]
310 --> []
311 (23.5144) --> [102, 464]
312 (17.3626) --> [58]
313 (48.5603) --> [402]
314 --> []
315 --> []
316 (37.3918) --> [447]
317 --> []
318 (30.9855) --> [30, 331]
319 (56.8930) --> [460]
320 (10.1945) --> [154]
321 (49.1947) --> [373, 112]
322 (45.2174) --> [245, 417]
323 --> []
324 (60.7036) --> [438]
325 (47.4722) --> [117, 395]
326 (29.8974) --> [343, 495]
327 (8.1315) --> [354]
328 --> []
329 (38.1801) --> [70, 451]
330 (4.2300) --> [249]
331 --> []
332 (27.8045) --> [68]
333 (11.7929) --> [324]
334 (6.0594) --> [306]
335 --> []
336 --> []
337 (23.0104) --> [292]
338 --> []
339 (80.2266) --> [322, 106]
340 (16.3590) --> [202]
341 --> []
342 --> []
343 (33.2928) --> [350, 259]
344 (38.9304) --> [161]
345 (25.6013) --> [54, 478]
346 (19.6132) --> [175]
347 (38.6602) --> [238]
348 (40.8640) --> [162]
349 (24.0079) --> [90]
350 --> []
351 (44.1644) --> [467]
352 (17.7708) --> [422]
353 --> []
354 --> []
355 --> []
356 (26.8023) --> [35]
357 --> []
358 (61.9682) --> [404, 412, 246]
359 (22.1947) --> [221]
360 --> []
361 (30.7288) --> [301]
362 (34.4008) --> [60, 180]
363 (37.3620) --> [217]
364 (29.6794) --> [479]
365 --> []
366 (73.4864) --> [135, 55]
367 --> []
368 (36.6987) --> [142, 97]
369 --> []
370 (44.2244) --> [188]
371 --> []
372 --> []
373 (59.5411) --> [61, 349]
374 (33.4657) --> [371, 152]
375 --> []
376 --> []
377 (16.4410) --> [393, 226]
378 (34.5087) --> [219]
379 (15.6321) --> [346]
380 --> []
381 (32.8123) --> [385, 390]
382 (36.2402) --> [377]
383 (28.8018) --> [338, 25]
384 (36.0750) --> [307]
385 (33.9681) --> [342, 482]
386 (3.1247) --> [103]
387 (33.6639) --> [298]
388 (41.7239) --> [312, 37]
389 (10.5158) --> [82, 223]
390 (21.9271) --> [424]
391 (20.0531) --> [143, 469]
392 (57.8249) --> [75]
393 --> []
394 (42.3500) --> [123]
395 (54.8621) --> [283, 140]
396 (36.4775) --> [293]
397 --> []
398 (34.7926) --> [459, 263]
399 --> []
400 (40.1292) --> [291]
401 (26.7635) --> [461, 437]
402 (11.1112) --> [276]
403 (60.1026) --> [490]
404 (45.8960) --> [150, 6]
405 (38.1505) --> [339]
406 (9.4248) --> [381]
407 --> []
408 (50.0513) --> [335, 273]
409 --> []
410 (42.9808) --> [456, 251]
411 (30.0880) --> [248]
412 (16.7035) --> [405]
413 (31.9486) --> [317, 2]
414 (43.1200) --> [454, 498, 173]
415 --> []
416 (22.8240) --> [160]
417 (43.0718) --> [19, 220]
418 (37.7190) --> [445, 492]
419 (25.1379) --> [440, 340]
420 (47.0483) --> [441]
421 (33.4713) --> [110, 449]
422 (15.3167) --> [477, 141]
423 (4.3449) --> [119]
424 --> []
425 --> []
426 (22.1026) --> [473]
427 (15.2052) --> [34]
428 (43.9872) --> [241]
429 (33.8386) --> [137]
430 --> []
431 --> []
432 --> []
433 (55.7966) --> [452, 91]
434 (40.4967) --> [310]
435 --> []
436 (23.0409) --> [388]
437 --> []
438 (51.3296) --> [359]
439 --> []
440 --> []
441 --> []
442 (61.9016) --> [344, 195]
443 (25.7741) --> [62]
444 (47.8421) --> [328]
445 --> []
446 (15.8488) --> [367]
447 (20.4373) --> [475]
448 (47.0776) --> [206, 189]
449 (54.5512) --> [257, 368]
450 (29.4965) --> [7, 480]
451 (21.2656) --> [383, 47]
452 (20.9086) --> [295]
453 (50.1365) --> [72]
454 (20.3193) --> [425]
455 (25.1384) --> [483, 457]
456 (20.5230) --> [267]
457 --> []
458 (6.3713) --> [184]
459 (32.8087) --> [287, 179]
460 (54.6238) --> [315, 132]
461 (22.3033) --> [410]
462 (15.1990) --> [113]
463 (55.7234) --> [177]
464 (18.1913) --> [262]
465 --> []
466 (16.3321) --> [185]
467 (18.5052) --> [389]
468 (30.4415) --> [166, 99]
469 (62.0900) --> [31]
470 (39.9181) --> [138, 229]
471 (37.9759) --> [133, 13]
472 (50.4526) --> [485]
473 (47.5506) --> [432]
474 (37.4080) --> [15, 178]
475 (88.3317) --> [215, 128]
476 (29.6576) --> [126]
477 (47.5217) --> [401]
478 (22.9767) --> [214]
479 (33.7127) --> [450]
480 (37.7311) --> [191, 29]
481 (35.4852) --> [387]
482 (3.5691) --> [319]
483 (47.6564) --> [434, 413]
484 (54.3843) --> [296, 356]
485 --> []
486 (17.5357) --> [421]
487 (40.7083) --> [134]
488 --> []
489 --> []
490 (42.9268) --> [156]
491 --> []
492 (38.2180) --> [489]
493 (18.1992) --> [167]
494 --> []
495 --> []
496 (46.1159) --> [268]
497 (10.8853) --> [114]
498 --> []
499 (11.3624) --> [193, 176]

final Solution energy: 2.2057051102886073E7
Calculated in 365079ms
Ants=1000, alpha=0.6, beta=3.0, evaporate factor=0.07
(for ../../mebp/mebp-12.dat)
