New best solution in iteration 0: 5.663695785651489E9
New best solution in iteration 1: 3.67498762631261E9
New best solution in iteration 3: 3.4870596028594275E9
New best solution in iteration 7: 1.9104273535578253E9
AVG (iterations 0 to 20): 3.8692670248643727E9
AVG (iterations 20 to 40): 3.4033990151962214E9
New best solution in iteration 53: 1.7285104028831034E9
AVG (iterations 40 to 60): 3.329079921890704E9
New best solution in iteration 62: 1.724891802517251E9
AVG (iterations 60 to 80): 3.3862573013950567E9
AVG (iterations 80 to 100): 3.4415728498325295E9
AVG (iterations 100 to 120): 3.460932917371169E9
AVG (iterations 120 to 140): 3.4209235735691404E9
New best solution in iteration 154: 1.6994047836556127E9
AVG (iterations 140 to 160): 2.8833145742876105E9
New best solution in iteration 168: 4.2140273780475765E8
New best solution in iteration 170: 3.462239614018864E8
New best solution in iteration 177: 1.986104377206056E8
AVG (iterations 160 to 180): 1.3182160414914322E9
New best solution in iteration 187: 1.3113417261324878E8
New best solution in iteration 189: 5.802868605608976E7
New best solution in iteration 190: 4.805418901555947E7
New best solution in iteration 192: 3.4731966087229244E7
New best solution in iteration 194: 2.8175406084456954E7
New best solution in iteration 195: 2.7197932321344234E7
New best solution in iteration 197: 2.517738118767663E7
AVG (iterations 180 to 200): 2.0063277053724808E8
New best solution in iteration 204: 2.459010880068759E7
New best solution in iteration 212: 2.455460728998182E7
New best solution in iteration 213: 2.448603069483351E7
New best solution in iteration 217: 2.4265582814228565E7
AVG (iterations 200 to 220): 2.7158719086009275E7
AVG (iterations 220 to 240): 2.6163796179117E7
New best solution in iteration 246: 2.399986503958126E7
New best solution in iteration 256: 2.347902890079657E7
New best solution in iteration 257: 2.3238009321229566E7
AVG (iterations 240 to 260): 2.488328452043245E7
New best solution in iteration 266: 2.305280501493817E7
New best solution in iteration 268: 2.2361031504212435E7
AVG (iterations 260 to 280): 2.429295244510779E7
AVG (iterations 280 to 300): 2.4225044871056285E7
New best solution in iteration 311: 2.228858644301266E7
AVG (iterations 300 to 320): 2.4222183694610048E7
AVG (iterations 320 to 340): 2.423155849292269E7
AVG (iterations 340 to 360): 2.3733481940374695E7
New best solution in iteration 367: 2.2178131063418478E7
AVG (iterations 360 to 380): 2.335263961470131E7
AVG (iterations 380 to 400): 2.3466766929249607E7
AVG (iterations 400 to 420): 2.3423760991929535E7
AVG (iterations 420 to 440): 2.3560478331055332E7
AVG (iterations 440 to 460): 2.343448871034173E7
AVG (iterations 460 to 480): 2.3364584964062344E7
AVG (iterations 480 to 500): 2.3244262980112758E7
AVG (iterations 500 to 520): 2.3358759643969126E7
New best solution in iteration 531: 2.2160599567008294E7
New best solution in iteration 538: 2.1824639505706754E7
AVG (iterations 520 to 540): 2.29424073451633E7
AVG (iterations 540 to 560): 2.298352078958956E7
AVG (iterations 560 to 580): 2.2862163126376726E7
AVG (iterations 580 to 600): 2.2934122551695347E7
AVG (iterations 600 to 620): 2.3050764194479432E7
AVG (iterations 620 to 640): 2.2938627232580144E7
AVG (iterations 640 to 660): 2.2973260582239795E7
AVG (iterations 660 to 680): 2.327704704494032E7
AVG (iterations 680 to 700): 2.2903544091211803E7
New best solution in iteration 713: 2.1756745066853482E7
AVG (iterations 700 to 720): 2.2735644271084696E7
AVG (iterations 720 to 740): 2.2834624879953854E7
AVG (iterations 740 to 760): 2.282004887696906E7
AVG (iterations 760 to 780): 2.2776053713190377E7
AVG (iterations 780 to 800): 2.2622843577082537E7
AVG (iterations 800 to 820): 2.2775579573124476E7
AVG (iterations 820 to 840): 2.268243947277641E7
New best solution in iteration 852: 2.1642837822689462E7
AVG (iterations 840 to 860): 2.268667899544768E7
New best solution in iteration 865: 2.1477623660494257E7
AVG (iterations 860 to 880): 2.2603545266599942E7
AVG (iterations 880 to 900): 2.275165598189048E7
AVG (iterations 900 to 920): 2.2809747367920913E7
AVG (iterations 920 to 940): 2.2716709102491543E7
AVG (iterations 940 to 960): 2.271052762421442E7
AVG (iterations 960 to 980): 2.286530172569152E7
Solution from ACO:
0 (29.7089) --> [348, 365]
1 (20.8746) --> [274]
2 (28.0261) --> [466, 321]
3 (41.2576) --> [293]
4 (28.6599) --> [428, 300]
5 (20.7732) --> [453]
6 (27.8157) --> [400]
7 (22.2447) --> [450]
8 (31.9638) --> [119]
9 (13.5017) --> [384]
10 (20.0057) --> [305, 210]
11 --> []
12 (2.6634) --> [158]
13 (30.8838) --> [299, 64]
14 (35.7584) --> [144]
15 (7.2948) --> [474]
16 (40.6335) --> [361, 301]
17 (44.2141) --> [252]
18 (42.7442) --> [208, 493]
19 (59.3056) --> [49, 111]
20 --> []
21 --> []
22 (32.2309) --> [199]
23 (16.3598) --> [426]
24 (24.4420) --> [375]
25 (20.6404) --> [121]
26 (35.2555) --> [363]
27 (36.5409) --> [89]
28 --> []
29 (30.2369) --> [284]
30 --> []
31 (10.7201) --> [313]
32 --> []
33 --> []
34 (18.9936) --> [394]
35 (26.8023) --> [95, 356]
36 --> []
37 --> []
38 (22.5747) --> [411]
39 (13.7625) --> [308]
40 --> []
41 (29.6594) --> [69]
42 (28.5838) --> [472, 81]
43 (19.6179) --> [108]
44 (24.5382) --> [218]
45 --> []
46 (14.9003) --> [159]
47 --> []
48 (11.4845) --> [228]
49 (34.1068) --> [433, 225]
50 (29.0847) --> [378, 219]
51 (34.5401) --> [307, 33]
52 (30.5361) --> [366]
53 (10.7409) --> [281]
54 (21.1802) --> [439]
55 --> []
56 (31.0887) --> [236]
57 (29.2457) --> [292]
58 --> []
59 (34.9489) --> [263]
60 (30.6124) --> [52]
61 (31.6439) --> [494]
62 (19.3633) --> [190]
63 (14.5118) --> [497]
64 (27.1341) --> [196]
65 (16.7391) --> [163]
66 (40.1583) --> [53]
67 (29.9289) --> [187]
68 (20.8137) --> [96]
69 (5.7662) --> [496]
70 --> []
71 (32.6906) --> [18]
72 (41.5778) --> [212]
73 (14.9335) --> [200]
74 --> []
75 (35.6568) --> [101]
76 (47.9396) --> [136, 314]
77 (25.1571) --> [278, 399]
78 (47.8936) --> [372]
79 --> []
80 (20.4781) --> [222]
81 --> []
82 (10.5158) --> [389]
83 (25.7445) --> [85]
84 (19.8221) --> [168]
85 (29.4288) --> [463]
86 (27.7436) --> [11]
87 (31.9680) --> [471]
88 (17.8105) --> [164]
89 (53.0595) --> [230, 280]
90 (29.4874) --> [148]
91 (11.6990) --> [16]
92 (8.7733) --> [100]
93 (7.0914) --> [303]
94 (21.4311) --> [71]
95 (52.6384) --> [484]
96 (41.1026) --> [416]
97 (17.6668) --> [28]
98 --> []
99 (21.6515) --> [204]
100 (36.0659) --> [14]
101 (55.6663) --> [43, 369]
102 (47.9932) --> [195]
103 (28.3115) --> [353]
104 --> []
105 (19.3042) --> [63]
106 (11.8850) --> [139]
107 --> []
108 (35.5726) --> [243]
109 (18.9318) --> [386]
110 (34.4327) --> [449]
111 (25.3294) --> [269, 91]
112 --> []
113 (45.3668) --> [462, 457]
114 (24.8996) --> [362]
115 (25.7184) --> [65, 113]
116 (44.6621) --> [181]
117 --> []
118 (69.1152) --> [87, 224]
119 (4.3449) --> [423]
120 (46.6382) --> [431]
121 (37.7562) --> [130]
122 --> []
123 --> []
124 (44.2371) --> [443]
125 (44.4041) --> [446]
126 --> []
127 (42.5770) --> [266, 179]
128 (53.5231) --> [323]
129 (36.7875) --> [476, 376]
130 (68.5430) --> [67, 23, 254]
131 (35.0009) --> [250]
132 (46.1790) --> [73, 460]
133 --> []
134 (66.6666) --> [240, 234]
135 (28.1844) --> [84]
136 (55.0762) --> [360]
137 --> []
138 (45.1245) --> [364, 475]
139 (49.7480) --> [131, 32, 255]
140 (56.5769) --> [283]
141 --> []
142 (40.2786) --> [368, 357]
143 --> []
144 (23.5694) --> [352, 327]
145 (32.0669) --> [419, 270]
146 (17.9902) --> [107]
147 (34.3770) --> [205]
148 (22.9765) --> [38]
149 --> []
150 (52.7289) --> [246]
151 (21.2205) --> [286]
152 (8.4100) --> [8]
153 (4.4736) --> [40]
154 --> []
155 (51.1467) --> [258, 183]
156 --> []
157 (45.2117) --> [92, 424]
158 --> []
159 (43.0344) --> [17, 194]
160 (63.5431) --> [489]
161 --> []
162 --> []
163 (17.2091) --> [122, 237]
164 (38.4645) --> [235, 320]
165 (24.7640) --> [332]
166 --> []
167 (31.7048) --> [80]
168 (34.1208) --> [403]
169 (33.6301) --> [330]
170 (16.8844) --> [304]
171 (15.8934) --> [88]
172 --> []
173 (26.0793) --> [115]
174 (34.2874) --> [465]
175 (21.8941) --> [22]
176 (57.0105) --> [192]
177 --> []
178 (22.0453) --> [329]
179 --> []
180 (12.6094) --> [174]
181 (13.8842) --> [27]
182 (22.4183) --> [147]
183 --> []
184 (33.0191) --> [216, 170]
185 (50.1199) --> [435]
186 (46.3529) --> [10]
187 (63.0514) --> [118, 290]
188 (44.2244) --> [370]
189 (18.5122) --> [420]
190 (20.1785) --> [76]
191 (16.1213) --> [430]
192 (22.6007) --> [198]
193 (13.4732) --> [265, 499, 176]
194 (35.2196) --> [169, 39]
195 --> []
196 --> []
197 --> []
198 --> []
199 (23.0347) --> [157, 94]
200 --> []
201 --> []
202 (34.0701) --> [186]
203 (22.7096) --> [371]
204 (30.0194) --> [408]
205 (48.0600) --> [124]
206 (54.7633) --> [125]
207 --> []
208 --> []
209 (23.6187) --> [418]
210 --> []
211 (29.0432) --> [45]
212 (59.0241) --> [309, 264]
213 (14.5440) --> [297]
214 --> []
215 --> []
216 (33.8357) --> [207]
217 (60.4814) --> [379, 355, 490]
218 (6.2673) --> [468]
219 --> []
220 --> []
221 (13.0605) --> [481]
222 (15.3389) --> [271]
223 --> []
224 --> []
225 (23.1927) --> [151]
226 --> []
227 --> []
228 (25.6769) --> [282]
229 --> []
230 (30.1491) --> [171]
231 (51.5295) --> [260]
232 (30.6322) --> [380, 345]
233 (7.2281) --> [227]
234 (48.5167) --> [326]
235 (37.4263) --> [242, 105]
236 --> []
237 (36.6163) --> [232]
238 (38.6602) --> [347]
239 (53.0297) --> [294]
240 (52.2056) --> [324, 193]
241 (45.3441) --> [256]
242 (31.5150) --> [56, 458]
243 (45.7945) --> [83, 231]
244 (40.6735) --> [448]
245 (47.7596) --> [322, 417]
246 --> []
247 --> []
248 (36.2117) --> [66, 429]
249 --> []
250 (50.9202) --> [116, 82]
251 (50.1456) --> [427]
252 (3.1979) --> [397]
253 (47.4129) --> [392]
254 (31.7437) --> [197]
255 (47.4107) --> [201, 79]
256 (33.8289) --> [127]
257 (53.1075) --> [233]
258 --> []
259 (45.7788) --> [350, 341]
260 --> []
261 (23.6359) --> [120]
262 (24.3106) --> [77]
263 (30.0516) --> [36]
264 (83.1224) --> [15, 409, 272]
265 (35.7919) --> [42]
266 (48.4404) --> [387]
267 --> []
268 --> []
269 (45.7171) --> [436]
270 (43.4897) --> [415]
271 (36.3873) --> [470, 229]
272 (73.5646) --> [104]
273 (32.4374) --> [491]
274 --> []
275 (22.1408) --> [318, 239, 30]
276 (23.0330) --> [109]
277 (32.9643) --> [59, 398]
278 --> []
279 --> []
280 (29.1631) --> [275]
281 (14.7186) --> [21]
282 (25.3527) --> [486, 4]
283 (35.6863) --> [86, 24]
284 (33.8644) --> [488]
285 --> []
286 --> []
287 (54.6696) --> [26]
288 (13.8803) --> [57]
289 (20.9287) --> [20]
290 (33.4905) --> [289]
291 (24.0088) --> [261, 46]
292 (44.7097) --> [337, 211]
293 (36.4775) --> [396]
294 (30.4770) --> [155]
295 (42.9774) --> [48, 382]
296 --> []
297 (42.2229) --> [165]
298 --> []
299 --> []
300 (28.9771) --> [74]
301 (28.9032) --> [172]
302 (40.6458) --> [35]
303 (10.0200) --> [97]
304 (27.0089) --> [213]
305 --> []
306 (22.6362) --> [1, 336]
307 --> []
308 (35.4951) --> [5, 334]
309 (16.1398) --> [311]
310 --> []
311 (23.5144) --> [102, 464]
312 (17.3626) --> [58]
313 (48.5603) --> [402]
314 --> []
315 --> []
316 --> []
317 --> []
318 (30.9855) --> [331]
319 --> []
320 (10.1945) --> [154]
321 (32.2016) --> [373]
322 (66.2750) --> [106]
323 (60.4617) --> [3, 215]
324 (60.7036) --> [333, 438]
325 (47.4722) --> [117, 395]
326 (14.2627) --> [343]
327 (8.1315) --> [354]
328 (53.6704) --> [444, 456]
329 (38.1801) --> [70, 451]
330 (38.8111) --> [249, 253]
331 --> []
332 (27.8045) --> [68]
333 --> []
334 (6.0594) --> [306, 12]
335 --> []
336 (34.0180) --> [442]
337 --> []
338 --> []
339 (49.7158) --> [245]
340 (16.3590) --> [202]
341 (21.5552) --> [78]
342 (21.4110) --> [385]
343 (30.0283) --> [259, 495]
344 (38.9304) --> [161]
345 (25.6013) --> [54, 478]
346 (19.6132) --> [175, 407]
347 (35.7960) --> [50]
348 (34.0160) --> [405]
349 (24.0079) --> [90]
350 (53.4975) --> [425]
351 (6.9641) --> [220]
352 (17.7708) --> [422]
353 --> []
354 --> []
355 --> []
356 --> []
357 (15.0075) --> [244]
358 (47.7391) --> [162, 150, 404]
359 (72.3179) --> [221, 153]
360 --> []
361 --> []
362 (34.4008) --> [60, 180]
363 (37.3620) --> [217]
364 (29.6794) --> [479]
365 --> []
366 (73.4864) --> [135, 55]
367 --> []
368 (34.5651) --> [93]
369 --> []
370 (13.9051) --> [203]
371 (33.4657) --> [374]
372 (10.0802) --> [129]
373 (59.5411) --> [61, 349]
374 (33.5716) --> [152, 132]
375 (48.3830) --> [9]
376 (15.8829) --> [41]
377 (16.4410) --> [393, 226]
378 (10.7263) --> [302]
379 (15.6321) --> [346]
380 --> []
381 (9.4248) --> [406]
382 (36.2402) --> [377]
383 (28.8018) --> [338, 25]
384 (40.6016) --> [51]
385 (33.9681) --> [381, 482]
386 (3.1247) --> [103]
387 (33.6639) --> [298]
388 (61.1588) --> [312, 277]
389 (18.5052) --> [223, 467]
390 (34.3570) --> [342]
391 (78.4063) --> [143, 469, 31]
392 --> []
393 --> []
394 (42.3500) --> [123]
395 (38.9971) --> [140]
396 (13.4221) --> [182]
397 (41.5980) --> [146]
398 (34.7926) --> [279, 459]
399 (39.2691) --> [145]
400 (40.1292) --> [291]
401 --> []
402 (11.1112) --> [276]
403 --> []
404 (45.6981) --> [6]
405 (38.1505) --> [412, 339]
406 --> []
407 --> []
408 (27.0454) --> [273]
409 (17.3567) --> [288]
410 (25.2149) --> [437]
411 (30.0880) --> [248]
412 (22.9739) --> [358]
413 (31.9486) --> [434, 2, 317]
414 (43.1200) --> [173, 498]
415 --> []
416 (22.8240) --> [160]
417 (43.9292) --> [19, 351]
418 (18.8430) --> [188]
419 (25.6447) --> [440, 340, 177]
420 (47.0483) --> [441]
421 (53.3978) --> [110, 142]
422 (15.3167) --> [477, 141]
423 --> []
424 (21.9271) --> [390]
425 (20.3193) --> [454]
426 (35.8932) --> [285, 473]
427 (15.2052) --> [34]
428 (43.9872) --> [241]
429 (47.9985) --> [238, 137]
430 (68.6502) --> [149]
431 --> []
432 --> []
433 (47.6794) --> [452]
434 (40.4967) --> [310]
435 (39.1380) --> [112]
436 (23.0409) --> [388]
437 (53.1198) --> [401, 251]
438 (51.3296) --> [359]
439 --> []
440 --> []
441 --> []
442 (26.2502) --> [344, 75]
443 (25.7741) --> [62]
444 (48.9267) --> [315]
445 --> []
446 (15.8488) --> [367]
447 (37.3918) --> [316]
448 (47.3360) --> [189, 487, 206]
449 (26.2971) --> [257]
450 (29.4965) --> [480]
451 (21.2656) --> [383, 47]
452 (20.9086) --> [295]
453 (50.1365) --> [72]
454 (11.2057) --> [414]
455 (18.4104) --> [483]
456 (20.5230) --> [267]
457 (40.9363) --> [455, 214]
458 (6.3713) --> [184]
459 (17.5292) --> [287]
460 --> []
461 (58.4005) --> [410, 328]
462 --> []
463 --> []
464 (18.1913) --> [262]
465 (14.1046) --> [37]
466 (16.3321) --> [185]
467 (44.2099) --> [247]
468 (30.4415) --> [166, 99]
469 --> []
470 (39.9181) --> [138]
471 (37.9759) --> [133, 13]
472 (50.4526) --> [325, 485]
473 (47.5506) --> [432]
474 (37.4080) --> [178]
475 (41.7744) --> [447, 128]
476 (29.6576) --> [126]
477 (43.6293) --> [461]
478 --> []
479 (31.6259) --> [7]
480 (37.7311) --> [29, 191]
481 --> []
482 (3.5691) --> [319]
483 (45.1738) --> [413]
484 (43.7617) --> [296]
485 --> []
486 (17.5357) --> [421]
487 (40.7083) --> [134]
488 --> []
489 (38.2180) --> [492]
490 (42.9268) --> [156]
491 (40.3226) --> [98, 335]
492 (40.7532) --> [209, 445]
493 (18.1992) --> [167]
494 (15.1558) --> [44]
495 --> []
496 (46.1159) --> [268, 391]
497 (10.8853) --> [114]
498 --> []
499 --> []

Solution energy from ACO: 2.1477623660494257E7
trying to improve with local search...
final Solution:
0 (29.7089) --> [348, 365]
1 (20.8746) --> [274]
2 (28.0261) --> [466, 321]
3 (41.2576) --> [293]
4 (28.6599) --> [428, 300]
5 (20.7732) --> [453]
6 (27.8157) --> [400]
7 (22.2447) --> [450]
8 (31.9638) --> [119]
9 (13.5017) --> [384]
10 (20.0057) --> [305, 210]
11 --> []
12 (2.6634) --> [158]
13 (30.8838) --> [299, 64]
14 (35.7584) --> [144]
15 (7.2948) --> [474]
16 (40.6335) --> [361, 301]
17 (44.2141) --> [252]
18 (42.7442) --> [208, 493]
19 (59.3056) --> [49, 111]
20 --> []
21 --> []
22 (32.2309) --> [199]
23 (16.3598) --> [426]
24 (24.4420) --> [375]
25 (20.6404) --> [121]
26 (35.2555) --> [363]
27 (36.5409) --> [89]
28 --> []
29 (30.2369) --> [284]
30 --> []
31 (10.7201) --> [313]
32 --> []
33 --> []
34 (18.9936) --> [394]
35 (26.8023) --> [95, 356]
36 --> []
37 --> []
38 (22.5747) --> [411]
39 (13.7625) --> [308]
40 --> []
41 (29.6594) --> [69]
42 (28.5838) --> [472, 81]
43 (19.6179) --> [108]
44 (24.5382) --> [218]
45 --> []
46 (14.9003) --> [159]
47 --> []
48 (11.4845) --> [228]
49 (34.1068) --> [433, 225]
50 (29.0847) --> [378, 219]
51 (34.5401) --> [307, 33]
52 (30.5361) --> [366]
53 (10.7409) --> [281]
54 (21.1802) --> [439]
55 --> []
56 (31.0887) --> [236]
57 (29.2457) --> [292]
58 --> []
59 (34.9489) --> [263]
60 (30.6124) --> [52]
61 (31.6439) --> [494]
62 (19.3633) --> [190]
63 (14.5118) --> [497]
64 (27.1341) --> [196]
65 (16.7391) --> [163]
66 (40.1583) --> [53]
67 (29.9289) --> [187]
68 (20.8137) --> [96]
69 (5.7662) --> [496]
70 --> []
71 (32.6906) --> [18]
72 (41.5778) --> [212]
73 (14.9335) --> [200]
74 --> []
75 (35.6568) --> [101]
76 (47.9396) --> [136, 314]
77 (25.1571) --> [278, 399]
78 (47.8936) --> [372]
79 --> []
80 (20.4781) --> [222]
81 --> []
82 (10.5158) --> [389]
83 (25.7445) --> [85]
84 (19.8221) --> [168]
85 (29.4288) --> [463]
86 (27.7436) --> [11]
87 (31.9680) --> [471]
88 (17.8105) --> [164]
89 (53.0595) --> [230, 280]
90 (29.4874) --> [148]
91 (11.6990) --> [16]
92 (8.7733) --> [100]
93 (7.0914) --> [303]
94 (21.4311) --> [71]
95 (52.6384) --> [484]
96 (41.1026) --> [416]
97 (17.6668) --> [28]
98 --> []
99 (21.6515) --> [204]
100 (36.0659) --> [14]
101 (55.6663) --> [43, 369]
102 (47.9932) --> [195]
103 (28.3115) --> [353]
104 --> []
105 (19.3042) --> [63]
106 (11.8850) --> [139]
107 --> []
108 (35.5726) --> [243]
109 (18.9318) --> [386]
110 (34.4327) --> [449]
111 (25.3294) --> [269, 91]
112 --> []
113 (45.3668) --> [462, 457]
114 (24.8996) --> [362]
115 (25.7184) --> [65, 113]
116 (44.6621) --> [181]
117 --> []
118 (69.1152) --> [87, 224]
119 (4.3449) --> [423]
120 (46.6382) --> [431]
121 (37.7562) --> [130]
122 --> []
123 --> []
124 (44.2371) --> [443]
125 (44.4041) --> [446]
126 --> []
127 (42.5770) --> [266, 179]
128 (53.5231) --> [323]
129 (36.7875) --> [476, 376]
130 (68.5430) --> [67, 23, 254]
131 (35.0009) --> [250]
132 (46.1790) --> [73, 460]
133 --> []
134 (66.6666) --> [240, 234]
135 (28.1844) --> [84]
136 (55.0762) --> [360]
137 --> []
138 (45.1245) --> [364, 475]
139 (49.7480) --> [131, 32, 255]
140 (56.5769) --> [283]
141 --> []
142 (40.2786) --> [368, 357]
143 --> []
144 (23.5694) --> [352, 327]
145 (32.0669) --> [419, 270]
146 (17.9902) --> [107]
147 (34.3770) --> [205]
148 (22.9765) --> [38]
149 --> []
150 (52.7289) --> [246]
151 (21.2205) --> [286]
152 (8.4100) --> [8]
153 (4.4736) --> [40]
154 --> []
155 (51.1467) --> [258, 183]
156 --> []
157 (45.2117) --> [92, 424]
158 --> []
159 (43.0344) --> [17, 194]
160 (63.5431) --> [489]
161 --> []
162 --> []
163 (17.2091) --> [122, 237]
164 (38.4645) --> [235, 320]
165 (24.7640) --> [332]
166 --> []
167 (31.7048) --> [80]
168 (34.1208) --> [403]
169 (33.6301) --> [330]
170 (16.8844) --> [304]
171 (15.8934) --> [88]
172 --> []
173 (26.0793) --> [115]
174 (34.2874) --> [465]
175 (21.8941) --> [22]
176 (57.0105) --> [192]
177 --> []
178 (22.0453) --> [329]
179 --> []
180 (12.6094) --> [174]
181 (13.8842) --> [27]
182 (22.4183) --> [147]
183 --> []
184 (33.0191) --> [216, 170]
185 (50.1199) --> [435]
186 (46.3529) --> [10]
187 (63.0514) --> [118, 290]
188 (44.2244) --> [370]
189 (18.5122) --> [420]
190 (20.1785) --> [76]
191 (16.1213) --> [430]
192 (22.6007) --> [198]
193 (13.4732) --> [265, 499, 176]
194 (35.2196) --> [169, 39]
195 --> []
196 --> []
197 --> []
198 --> []
199 (23.0347) --> [157, 94]
200 --> []
201 --> []
202 (34.0701) --> [186]
203 (22.7096) --> [371]
204 (30.0194) --> [408]
205 (48.0600) --> [124]
206 (54.7633) --> [125]
207 --> []
208 --> []
209 (23.6187) --> [418]
210 --> []
211 (29.0432) --> [45]
212 (59.0241) --> [309, 264]
213 (14.5440) --> [297]
214 --> []
215 --> []
216 (33.8357) --> [207]
217 (60.4814) --> [379, 355, 490]
218 (6.2673) --> [468]
219 --> []
220 --> []
221 (13.0605) --> [481]
222 (15.3389) --> [271]
223 --> []
224 --> []
225 (23.1927) --> [151]
226 --> []
227 --> []
228 (25.6769) --> [282]
229 --> []
230 (30.1491) --> [171]
231 (51.5295) --> [260]
232 (30.6322) --> [380, 345]
233 (7.2281) --> [227]
234 (48.5167) --> [326]
235 (37.4263) --> [242, 105]
236 --> []
237 (36.6163) --> [232]
238 (38.6602) --> [347]
239 (53.0297) --> [294]
240 (52.2056) --> [324, 193]
241 (45.3441) --> [256]
242 (31.5150) --> [56, 458]
243 (45.7945) --> [83, 231]
244 (40.6735) --> [448]
245 (47.7596) --> [322, 417]
246 --> []
247 --> []
248 (36.2117) --> [66, 429]
249 --> []
250 (50.9202) --> [116, 82]
251 (50.1456) --> [427]
252 (3.1979) --> [397]
253 (47.4129) --> [392]
254 (31.7437) --> [197]
255 (47.4107) --> [201, 79]
256 (33.8289) --> [127]
257 (53.1075) --> [233]
258 --> []
259 (45.7788) --> [350, 341]
260 --> []
261 (23.6359) --> [120]
262 (24.3106) --> [77]
263 (30.0516) --> [36]
264 (83.1224) --> [15, 409, 272]
265 (35.7919) --> [42]
266 (48.4404) --> [387]
267 --> []
268 --> []
269 (45.7171) --> [436]
270 (43.4897) --> [415]
271 (36.3873) --> [470, 229]
272 (73.5646) --> [104]
273 (32.4374) --> [491]
274 --> []
275 (22.1408) --> [318, 239, 30]
276 (23.0330) --> [109]
277 (32.9643) --> [59, 398]
278 --> []
279 --> []
280 (29.1631) --> [275]
281 (14.7186) --> [21]
282 (25.3527) --> [486, 4]
283 (35.6863) --> [86, 24]
284 (33.8644) --> [488]
285 --> []
286 --> []
287 (54.6696) --> [26]
288 (13.8803) --> [57]
289 (20.9287) --> [20]
290 (33.4905) --> [289]
291 (24.0088) --> [261, 46]
292 (44.7097) --> [337, 211]
293 (36.4775) --> [396]
294 (30.4770) --> [155]
295 (42.9774) --> [48, 382]
296 --> []
297 (42.2229) --> [165]
298 --> []
299 --> []
300 (28.9771) --> [74]
301 (28.9032) --> [172]
302 (40.6458) --> [35]
303 (10.0200) --> [97]
304 (27.0089) --> [213]
305 --> []
306 (22.6362) --> [1, 336]
307 --> []
308 (35.4951) --> [5, 334]
309 (16.1398) --> [311]
310 --> []
311 (23.5144) --> [102, 464]
312 (17.3626) --> [58]
313 (48.5603) --> [402]
314 --> []
315 --> []
316 --> []
317 --> []
318 (30.9855) --> [331]
319 --> []
320 (10.1945) --> [154]
321 (32.2016) --> [373]
322 (66.2750) --> [106]
323 (60.4617) --> [3, 215]
324 (60.7036) --> [333, 438]
325 (47.4722) --> [117, 395]
326 (14.2627) --> [343]
327 (8.1315) --> [354]
328 (53.6704) --> [444, 456]
329 (38.1801) --> [70, 451]
330 (38.8111) --> [249, 253]
331 --> []
332 (27.8045) --> [68]
333 --> []
334 (6.0594) --> [306, 12]
335 --> []
336 (34.0180) --> [442]
337 --> []
338 --> []
339 (49.7158) --> [245]
340 (16.3590) --> [202]
341 (21.5552) --> [78]
342 (21.4110) --> [385]
343 (30.0283) --> [259, 495]
344 (38.9304) --> [161]
345 (25.6013) --> [54, 478]
346 (19.6132) --> [175, 407]
347 (35.7960) --> [50]
348 (34.0160) --> [405]
349 (24.0079) --> [90]
350 (53.4975) --> [425]
351 (6.9641) --> [220]
352 (17.7708) --> [422]
353 --> []
354 --> []
355 --> []
356 --> []
357 (15.0075) --> [244]
358 (47.7391) --> [162, 150, 404]
359 (72.3179) --> [221, 153]
360 --> []
361 --> []
362 (34.4008) --> [60, 180]
363 (37.3620) --> [217]
364 (29.6794) --> [479]
365 --> []
366 (73.4864) --> [135, 55]
367 --> []
368 (34.5651) --> [93]
369 --> []
370 (13.9051) --> [203]
371 (33.4657) --> [374]
372 (10.0802) --> [129]
373 (59.5411) --> [61, 349]
374 (33.5716) --> [152, 132]
375 (48.3830) --> [9]
376 (15.8829) --> [41]
377 (16.4410) --> [393, 226]
378 (10.7263) --> [302]
379 (15.6321) --> [346]
380 --> []
381 (9.4248) --> [406]
382 (36.2402) --> [377]
383 (28.8018) --> [338, 25]
384 (40.6016) --> [51]
385 (33.9681) --> [381, 482]
386 (3.1247) --> [103]
387 (33.6639) --> [298]
388 (61.1588) --> [312, 277]
389 (18.5052) --> [223, 467]
390 (34.3570) --> [342]
391 (78.4063) --> [143, 469, 31]
392 --> []
393 --> []
394 (42.3500) --> [123]
395 (38.9971) --> [140]
396 (13.4221) --> [182]
397 (41.5980) --> [146]
398 (34.7926) --> [279, 459]
399 (39.2691) --> [145]
400 (40.1292) --> [291]
401 --> []
402 (11.1112) --> [276]
403 --> []
404 (45.6981) --> [6]
405 (38.1505) --> [412, 339]
406 --> []
407 --> []
408 (27.0454) --> [273]
409 (17.3567) --> [288]
410 (25.2149) --> [437]
411 (30.0880) --> [248]
412 (22.9739) --> [358]
413 (31.9486) --> [434, 2, 317]
414 (43.1200) --> [173, 498]
415 --> []
416 (22.8240) --> [160]
417 (43.9292) --> [19, 351]
418 (18.8430) --> [188]
419 (25.6447) --> [440, 340, 177]
420 (47.0483) --> [441]
421 (53.3978) --> [110, 142]
422 (15.3167) --> [477, 141]
423 --> []
424 (21.9271) --> [390]
425 (20.3193) --> [454]
426 (35.8932) --> [285, 473]
427 (15.2052) --> [34]
428 (43.9872) --> [241]
429 (47.9985) --> [238, 137]
430 (68.6502) --> [149]
431 --> []
432 --> []
433 (47.6794) --> [452]
434 (40.4967) --> [310]
435 (39.1380) --> [112]
436 (23.0409) --> [388]
437 (53.1198) --> [401, 251]
438 (51.3296) --> [359]
439 --> []
440 --> []
441 --> []
442 (26.2502) --> [344, 75]
443 (25.7741) --> [62]
444 (48.9267) --> [315]
445 --> []
446 (15.8488) --> [367]
447 (37.3918) --> [316]
448 (47.3360) --> [189, 487, 206]
449 (26.2971) --> [257]
450 (29.4965) --> [480]
451 (21.2656) --> [383, 47]
452 (20.9086) --> [295]
453 (50.1365) --> [72]
454 (11.2057) --> [414]
455 (18.4104) --> [483]
456 (20.5230) --> [267]
457 (40.9363) --> [455, 214]
458 (6.3713) --> [184]
459 (17.5292) --> [287]
460 --> []
461 (58.4005) --> [410, 328]
462 --> []
463 --> []
464 (18.1913) --> [262]
465 (14.1046) --> [37]
466 (16.3321) --> [185]
467 (44.2099) --> [247]
468 (30.4415) --> [166, 99]
469 --> []
470 (39.9181) --> [138]
471 (37.9759) --> [133, 13]
472 (50.4526) --> [325, 485]
473 (47.5506) --> [432]
474 (37.4080) --> [178]
475 (41.7744) --> [447, 128]
476 (29.6576) --> [126]
477 (43.6293) --> [461]
478 --> []
479 (31.6259) --> [7]
480 (37.7311) --> [29, 191]
481 --> []
482 (3.5691) --> [319]
483 (45.1738) --> [413]
484 (43.7617) --> [296]
485 --> []
486 (17.5357) --> [421]
487 (40.7083) --> [134]
488 --> []
489 (38.2180) --> [492]
490 (42.9268) --> [156]
491 (40.3226) --> [98, 335]
492 (40.7532) --> [209, 445]
493 (18.1992) --> [167]
494 (15.1558) --> [44]
495 --> []
496 (46.1159) --> [268, 391]
497 (10.8853) --> [114]
498 --> []
499 --> []

final Solution energy: 2.1477623660494257E7
Calculated in 366348ms
Ants=1000, alpha=0.6, beta=3.0, evaporate factor=0.07
(for ../../mebp/mebp-12.dat)
