New best solution in iteration 0: 2.2658945724736714E9
New best solution in iteration 1: 6.679667580522697E8
AVG (iterations 0 to 20): 1.2674173777397566E9
New best solution in iteration 21: 4.073547086570023E8
AVG (iterations 20 to 40): 1.4333126706792083E9
AVG (iterations 40 to 60): 1.490269271345362E9
AVG (iterations 60 to 80): 1.2959192981331604E9
AVG (iterations 80 to 100): 9.888370595246369E8
AVG (iterations 100 to 120): 1.4305389693992584E9
AVG (iterations 120 to 140): 1.3935384398399737E9
New best solution in iteration 149: 3.8159336336764884E8
New best solution in iteration 155: 3.52548820443561E8
New best solution in iteration 157: 3.181403140977321E8
New best solution in iteration 158: 2.2507691444076335E8
AVG (iterations 140 to 160): 6.358211740648568E8
New best solution in iteration 161: 1.9079961930953655E8
New best solution in iteration 164: 1.360982827527558E8
New best solution in iteration 178: 1.2838470338767505E8
New best solution in iteration 179: 1.2115559348723651E8
AVG (iterations 160 to 180): 2.784744501299286E8
New best solution in iteration 181: 1.2071135267616808E8
New best solution in iteration 194: 1.0845074296382125E8
AVG (iterations 180 to 200): 2.079301380806768E8
New best solution in iteration 201: 1.0046586529792342E8
New best solution in iteration 202: 9.34420191483975E7
AVG (iterations 200 to 220): 1.3312528672679798E8
AVG (iterations 220 to 240): 1.1684200882825065E8
AVG (iterations 240 to 260): 1.0967510050663106E8
AVG (iterations 260 to 280): 1.0839785511330394E8
AVG (iterations 280 to 300): 1.0596374582233049E8
AVG (iterations 300 to 320): 1.0693493717651954E8
AVG (iterations 320 to 340): 1.0507893371777037E8
AVG (iterations 340 to 360): 1.0652415388410753E8
AVG (iterations 360 to 380): 1.0790713732220916E8
AVG (iterations 380 to 400): 1.0689777687371671E8
AVG (iterations 400 to 420): 1.0653079881367493E8
New best solution in iteration 422: 9.264220921760689E7
AVG (iterations 420 to 440): 1.0581829710870337E8
AVG (iterations 440 to 460): 1.059642012531797E8
AVG (iterations 460 to 480): 1.0818945062018673E8
AVG (iterations 480 to 500): 1.0852095431306939E8
AVG (iterations 500 to 520): 1.0643749172633083E8
AVG (iterations 520 to 540): 1.0624791799927148E8
AVG (iterations 540 to 560): 1.0698091592703885E8
New best solution in iteration 579: 9.250627246541643E7
AVG (iterations 560 to 580): 1.0490500938168988E8
AVG (iterations 580 to 600): 1.0374947388792759E8
AVG (iterations 600 to 620): 1.0466345463224903E8
AVG (iterations 620 to 640): 1.0628302943912287E8
AVG (iterations 640 to 660): 1.0830503704508702E8
AVG (iterations 660 to 680): 1.0508037146985523E8
AVG (iterations 680 to 700): 1.0628649333744529E8
AVG (iterations 700 to 720): 1.0535163356429908E8
AVG (iterations 720 to 740): 1.0595738225071114E8
AVG (iterations 740 to 760): 1.0655139541553912E8
New best solution in iteration 779: 9.210135801554288E7
AVG (iterations 760 to 780): 1.061850867868811E8
AVG (iterations 780 to 800): 1.0736487863617308E8
AVG (iterations 800 to 820): 1.07344103002156E8
AVG (iterations 820 to 840): 1.0684727679283217E8
AVG (iterations 840 to 860): 1.0816965921787119E8
AVG (iterations 860 to 880): 1.0396397512431625E8
AVG (iterations 880 to 900): 1.0819066006287475E8
AVG (iterations 900 to 920): 1.0568058862034157E8
New best solution in iteration 939: 9.207114731263185E7
AVG (iterations 920 to 940): 1.0532688838493045E8
AVG (iterations 940 to 960): 1.0303722479192387E8
AVG (iterations 960 to 980): 1.0510217485173705E8
Solution from ACO:
0 (169.9639) --> [3, 11, 13]
1 (206.7748) --> [23, 7]
2 (116.0373) --> [42]
3 (109.5562) --> [41]
4 (126.3377) --> [38, 12]
5 (103.1818) --> [18, 33]
6 --> []
7 (173.3533) --> [44]
8 --> []
9 (166.9317) --> [10]
10 --> []
11 (166.1663) --> [26]
12 (143.9814) --> [9, 24]
13 (83.7100) --> [28]
14 --> []
15 (146.9264) --> [17]
16 (109.3714) --> [8, 20]
17 (76.7730) --> [40]
18 --> []
19 --> []
20 (18.0854) --> [34]
21 (97.1483) --> [46]
22 (81.8189) --> [19, 32]
23 (309.7533) --> [14]
24 --> []
25 --> []
26 (51.5190) --> [30]
27 (136.8832) --> [2]
28 --> []
29 --> []
30 --> []
31 --> []
32 (83.4416) --> [4]
33 (89.7049) --> [6]
34 (112.7181) --> [21, 35]
35 (148.5170) --> [45, 5]
36 (27.8657) --> [29]
37 (48.2017) --> [31]
38 --> []
39 --> []
40 (103.4176) --> [1]
41 (126.7247) --> [15, 36]
42 (159.0254) --> [48, 37]
43 (67.1269) --> [22]
44 (70.3416) --> [27]
45 --> []
46 (77.2109) --> [49, 47]
47 (56.9242) --> [43]
48 (88.1778) --> [16, 39]
49 (57.9581) --> [25]

Solution energy from ACO: 9.207114731263185E7
trying to improve with local search...
final Solution:
0 (169.9639) --> [3, 11, 13]
1 (206.7748) --> [23, 7]
2 (116.0373) --> [42]
3 (109.5562) --> [41]
4 (126.3377) --> [38, 12]
5 (103.1818) --> [18, 33]
6 --> []
7 (173.3533) --> [44]
8 --> []
9 (166.9317) --> [10]
10 --> []
11 (166.1663) --> [26]
12 (143.9814) --> [9, 24]
13 (83.7100) --> [28]
14 --> []
15 (146.9264) --> [17]
16 (109.3714) --> [8, 20]
17 (76.7730) --> [40]
18 --> []
19 --> []
20 (18.0854) --> [34]
21 (97.1483) --> [46]
22 (81.8189) --> [19, 32]
23 (309.7533) --> [14]
24 --> []
25 --> []
26 (51.5190) --> [30]
27 (136.8832) --> [2]
28 --> []
29 --> []
30 --> []
31 --> []
32 (83.4416) --> [4]
33 (89.7049) --> [6]
34 (112.7181) --> [21, 35]
35 (148.5170) --> [45, 5]
36 (27.8657) --> [29]
37 (48.2017) --> [31]
38 --> []
39 --> []
40 (103.4176) --> [1]
41 (126.7247) --> [15, 36]
42 (159.0254) --> [48, 37]
43 (67.1269) --> [22]
44 (70.3416) --> [27]
45 --> []
46 (77.2109) --> [49, 47]
47 (56.9242) --> [43]
48 (88.1778) --> [16, 39]
49 (57.9581) --> [25]

final Solution energy: 9.207114731263185E7
Calculated in 1893ms
Ants=1000, alpha=0.6, beta=3.0, evaporate factor=0.07
(for ../../mebp/mebp-04.dat)
