New best solution in iteration 0: 4.616448544222731E9
New best solution in iteration 2: 4.487452868032441E9
New best solution in iteration 3: 2.645674684652679E9
New best solution in iteration 16: 2.258266640463095E9
AVG (iterations 0 to 20): 3.761747738053518E9
New best solution in iteration 37: 1.5660842865376184E9
AVG (iterations 20 to 40): 3.4635847272868376E9
AVG (iterations 40 to 60): 3.1768931639069986E9
AVG (iterations 60 to 80): 3.536935858918092E9
AVG (iterations 80 to 100): 3.6078868828782525E9
AVG (iterations 100 to 120): 3.5456642787324004E9
AVG (iterations 120 to 140): 3.8584596533511987E9
AVG (iterations 140 to 160): 3.145010872178429E9
New best solution in iteration 161: 1.1571657656887982E9
New best solution in iteration 164: 8.853003361658918E8
New best solution in iteration 172: 5.766401603891764E8
New best solution in iteration 175: 4.519788128894289E8
New best solution in iteration 180: 2.2991212016404575E8
AVG (iterations 160 to 180): 1.0371252973463913E9
New best solution in iteration 181: 1.559961663657708E8
New best solution in iteration 187: 9.52260360494468E7
New best solution in iteration 189: 4.664198191105718E7
New best solution in iteration 190: 3.270185561464987E7
New best solution in iteration 193: 2.9657363875839498E7
AVG (iterations 180 to 200): 1.7523233084180588E8
New best solution in iteration 205: 2.7350212486199144E7
New best solution in iteration 211: 2.641009506053684E7
New best solution in iteration 213: 2.5881672390235394E7
New best solution in iteration 215: 2.586143281229301E7
AVG (iterations 200 to 220): 4.5088203015423514E7
New best solution in iteration 223: 2.4955504718871024E7
AVG (iterations 220 to 240): 2.848049708101552E7
AVG (iterations 240 to 260): 2.659372970744411E7
AVG (iterations 260 to 280): 2.6641726177947458E7
New best solution in iteration 290: 2.479301283756093E7
AVG (iterations 280 to 300): 2.587389916716691E7
New best solution in iteration 303: 2.472031506067769E7
New best solution in iteration 311: 2.4624882954684563E7
New best solution in iteration 315: 2.456557923560432E7
AVG (iterations 300 to 320): 2.579060673649964E7
AVG (iterations 320 to 340): 2.6468463227908082E7
AVG (iterations 340 to 360): 2.572625649414701E7
New best solution in iteration 362: 2.418847729723108E7
AVG (iterations 360 to 380): 2.565266435266713E7
AVG (iterations 380 to 400): 2.579253509054368E7
AVG (iterations 400 to 420): 2.561029539870433E7
AVG (iterations 420 to 440): 2.5583635799182635E7
AVG (iterations 440 to 460): 2.5568192377661567E7
New best solution in iteration 475: 2.376681830642412E7
AVG (iterations 460 to 480): 2.5446221990904108E7
AVG (iterations 480 to 500): 2.545241635413838E7
AVG (iterations 500 to 520): 2.564346900116418E7
AVG (iterations 520 to 540): 2.5639579773858868E7
AVG (iterations 540 to 560): 2.5426582712947153E7
AVG (iterations 560 to 580): 2.5374390244046204E7
AVG (iterations 580 to 600): 2.5299366360483225E7
AVG (iterations 600 to 620): 2.5103540914080523E7
AVG (iterations 620 to 640): 2.5475868435861096E7
AVG (iterations 640 to 660): 2.5490072867027096E7
AVG (iterations 660 to 680): 2.5352578318266757E7
AVG (iterations 680 to 700): 2.5311108729750395E7
AVG (iterations 700 to 720): 2.5316366213644274E7
AVG (iterations 720 to 740): 2.5188728730398107E7
AVG (iterations 740 to 760): 2.551159084747942E7
AVG (iterations 760 to 780): 2.5329949058470983E7
AVG (iterations 780 to 800): 2.5363534267477293E7
New best solution in iteration 806: 2.356162604937999E7
AVG (iterations 800 to 820): 2.5060061158582233E7
AVG (iterations 820 to 840): 2.528462986049003E7
AVG (iterations 840 to 860): 2.538502705135921E7
AVG (iterations 860 to 880): 2.538662465933002E7
AVG (iterations 880 to 900): 2.525935643049213E7
AVG (iterations 900 to 920): 2.5252764417187348E7
AVG (iterations 920 to 940): 2.520884479229451E7
AVG (iterations 940 to 960): 2.5257345869179275E7
AVG (iterations 960 to 980): 2.5272615242126003E7
Solution from ACO:
0 (17.8077) --> [279]
1 --> []
2 (26.5090) --> [282]
3 (28.3563) --> [466]
4 (55.0576) --> [236]
5 (27.9633) --> [449]
6 (20.3847) --> [68]
7 (39.5221) --> [423, 491]
8 (20.7335) --> [178]
9 (58.9411) --> [140]
10 (22.8842) --> [145]
11 --> []
12 (51.5530) --> [47]
13 --> []
14 (22.4788) --> [23, 13]
15 (14.2395) --> [310]
16 (64.3469) --> [96]
17 (34.7839) --> [137]
18 --> []
19 (30.1789) --> [453, 357]
20 --> []
21 (48.3580) --> [274, 284]
22 (45.0423) --> [348]
23 (70.2501) --> [101]
24 (31.1814) --> [207]
25 (42.0786) --> [246, 474]
26 (0.3041) --> [330]
27 (17.5477) --> [167, 202]
28 --> []
29 (23.3376) --> [481]
30 (7.7806) --> [451]
31 (25.5536) --> [448]
32 (51.3402) --> [347]
33 (2.1060) --> [422]
34 --> []
35 (57.8030) --> [427]
36 (41.8928) --> [141, 174, 377]
37 (16.9001) --> [473]
38 (41.4123) --> [304]
39 (34.9365) --> [358]
40 (18.3260) --> [436]
41 (44.0476) --> [193]
42 --> []
43 (23.4394) --> [177]
44 (18.0590) --> [212]
45 --> []
46 (41.4637) --> [379, 352]
47 (30.9065) --> [285]
48 (18.7255) --> [480]
49 (24.3836) --> [249]
50 (12.5542) --> [307]
51 (52.1560) --> [388, 41]
52 --> []
53 --> []
54 (33.9513) --> [315]
55 (41.3990) --> [319, 376]
56 (59.6487) --> [412]
57 --> []
58 (15.5512) --> [125]
59 (32.6759) --> [444]
60 (36.9759) --> [113]
61 (26.4968) --> [172]
62 --> []
63 --> []
64 (22.6269) --> [442]
65 --> []
66 (19.8117) --> [27]
67 --> []
68 --> []
69 (53.7579) --> [431, 291]
70 (28.1315) --> [456, 16]
71 (46.3763) --> [83]
72 --> []
73 (30.4790) --> [35]
74 (24.7473) --> [114, 84]
75 (38.2462) --> [366, 104]
76 --> []
77 (35.4987) --> [254, 74]
78 --> []
79 --> []
80 (43.3977) --> [469]
81 (9.0574) --> [374]
82 (13.2636) --> [110]
83 (40.0392) --> [160, 208]
84 --> []
85 (25.0236) --> [61, 204]
86 (12.2390) --> [385]
87 (55.1797) --> [392]
88 (43.3646) --> [102, 200]
89 (13.8609) --> [365]
90 (37.1164) --> [221]
91 (60.5837) --> [129]
92 (24.7539) --> [312]
93 (34.8390) --> [169]
94 (31.9053) --> [155]
95 (30.0268) --> [267, 322]
96 (53.5635) --> [67, 10]
97 (65.5946) --> [387]
98 (48.6328) --> [162, 395]
99 --> []
100 --> []
101 (49.6472) --> [424]
102 (31.9085) --> [381]
103 (22.7215) --> [216]
104 (24.6065) --> [372]
105 (27.7047) --> [337, 404]
106 (23.9405) --> [413]
107 (70.9271) --> [497, 296]
108 (22.9921) --> [91]
109 (47.3347) --> [380]
110 (26.6047) --> [198]
111 (10.4282) --> [2]
112 (42.2776) --> [116, 122]
113 (23.4853) --> [340, 146]
114 (39.0500) --> [28]
115 --> []
116 (46.9861) --> [498]
117 (35.4868) --> [275]
118 (30.8362) --> [184, 346]
119 --> []
120 (42.3800) --> [472, 253]
121 --> []
122 (45.2671) --> [124]
123 --> []
124 (58.9898) --> [227, 435]
125 --> []
126 --> []
127 (62.1003) --> [37, 260]
128 (35.0917) --> [325]
129 (62.4579) --> [144]
130 (27.6814) --> [150]
131 (23.6890) --> [302]
132 (42.9024) --> [62]
133 (56.2307) --> [232, 226, 151]
134 (49.9520) --> [163, 464]
135 (39.8860) --> [299]
136 (35.1625) --> [320, 164]
137 (36.0694) --> [247]
138 --> []
139 (6.8373) --> [215]
140 (51.3955) --> [119]
141 (26.9298) --> [418, 419]
142 (17.7615) --> [21]
143 (19.9626) --> [118]
144 (57.9797) --> [132, 391]
145 (48.2001) --> [87]
146 (35.1518) --> [370, 490]
147 (34.4372) --> [33]
148 (29.0249) --> [362]
149 --> []
150 (31.3600) --> [220]
151 --> []
152 (17.3676) --> [276]
153 --> []
154 (16.0577) --> [420, 211]
155 (30.9356) --> [343]
156 (22.2595) --> [149]
157 (2.0180) --> [85]
158 --> []
159 (34.0871) --> [43]
160 (38.1582) --> [323]
161 (31.2311) --> [439]
162 --> []
163 (26.9217) --> [234]
164 --> []
165 (25.9575) --> [327]
166 (27.2402) --> [180]
167 (23.4340) --> [269]
168 (26.6761) --> [411, 142, 331]
169 (20.8254) --> [454]
170 (27.9104) --> [367]
171 --> []
172 (20.2595) --> [293, 64]
173 (39.3262) --> [203]
174 --> []
175 (33.5498) --> [410]
176 (21.8066) --> [173]
177 --> []
178 (37.4846) --> [81, 383, 166]
179 --> []
180 (27.5271) --> [429, 409]
181 --> []
182 --> []
183 --> []
184 (42.3136) --> [103, 14]
185 --> []
186 (31.5568) --> [486]
187 (31.9739) --> [225]
188 (58.4971) --> [339]
189 (14.3563) --> [134]
190 --> []
191 (34.1332) --> [295, 97]
192 (12.1790) --> [77]
193 --> []
194 --> []
195 (6.1353) --> [26]
196 (36.4672) --> [199, 56]
197 (38.3668) --> [182, 485]
198 --> []
199 (19.3435) --> [29]
200 (47.6923) --> [390, 354]
201 --> []
202 (44.5198) --> [8]
203 (44.2845) --> [120, 241]
204 --> []
205 (33.4214) --> [397]
206 (31.2873) --> [222]
207 (63.0169) --> [189]
208 (44.5904) --> [349, 39]
209 (25.3180) --> [239]
210 (30.5501) --> [335]
211 (26.2746) --> [378]
212 (95.1243) --> [63]
213 --> []
214 (41.7320) --> [209, 70]
215 (34.3776) --> [414]
216 --> []
217 --> []
218 (14.3542) --> [94]
219 (24.8441) --> [65]
220 (17.2642) --> [50]
221 --> []
222 --> []
223 (43.2285) --> [31, 258]
224 --> []
225 (33.9930) --> [48, 55]
226 (44.4926) --> [190]
227 (22.4707) --> [460]
228 (4.2679) --> [40]
229 (34.6716) --> [359]
230 (25.8647) --> [256, 415]
231 (40.1186) --> [38]
232 --> []
233 (18.1669) --> [126, 243]
234 (32.0154) --> [213, 408]
235 (46.4539) --> [195, 42]
236 (11.9593) --> [168]
237 --> []
238 (55.4856) --> [201]
239 (25.9446) --> [237, 272]
240 --> []
241 (15.3047) --> [369]
242 (21.9549) --> [318]
243 (36.2577) --> [484]
244 (51.1655) --> [305]
245 (19.7404) --> [217, 147]
246 (18.5623) --> [46]
247 (48.0579) --> [450]
248 (23.6232) --> [58]
249 (18.4502) --> [402]
250 (78.2137) --> [477, 470, 280]
251 (40.1898) --> [76, 188]
252 --> []
253 (47.5346) --> [399, 121]
254 (47.1259) --> [363, 4]
255 (52.4679) --> [313]
256 --> []
257 (18.4872) --> [53]
258 (36.3956) --> [445]
259 (19.3791) --> [157]
260 --> []
261 --> []
262 (5.9469) --> [92]
263 (37.4654) --> [461, 298]
264 (52.1683) --> [342, 136]
265 --> []
266 (26.0428) --> [368]
267 (38.9529) --> [181]
268 (39.2751) --> [80, 214]
269 (36.0455) --> [111, 400]
270 --> []
271 (25.2369) --> [255]
272 (57.7244) --> [130, 356]
273 --> []
274 (17.6538) --> [492]
275 (49.8597) --> [443]
276 (63.6028) --> [345]
277 (53.0511) --> [251]
278 (18.3676) --> [326]
279 (33.5821) --> [3, 483, 353]
280 --> []
281 --> []
282 --> []
283 (6.3742) --> [355]
284 (53.9987) --> [159, 396]
285 (9.2146) --> [283]
286 (31.2010) --> [100, 18]
287 (9.4960) --> [233]
288 (34.6957) --> [196]
289 --> []
290 --> []
291 (18.7424) --> [263]
292 (54.3721) --> [138, 112]
293 (21.8066) --> [95]
294 (14.2987) --> [467]
295 (49.4754) --> [224]
296 (29.1928) --> [72]
297 (52.2838) --> [440]
298 (7.9428) --> [341]
299 (67.5392) --> [57, 373, 314]
300 (48.0680) --> [223, 265]
301 (26.3853) --> [51]
302 (38.4978) --> [154]
303 (23.6783) --> [139]
304 --> []
305 (46.8765) --> [494, 287]
306 (19.0598) --> [403]
307 --> []
308 --> []
309 (41.7440) --> [428]
310 (39.5845) --> [438]
311 (36.8712) --> [250]
312 (39.3626) --> [261]
313 (41.1666) --> [495, 361]
314 (53.5034) --> [281]
315 (20.1839) --> [417]
316 (54.5903) --> [278]
317 (20.7799) --> [45]
318 (66.1019) --> [17, 153]
319 (40.6727) --> [350, 109]
320 (24.5649) --> [252, 434]
321 (41.8348) --> [229]
322 (37.3818) --> [30]
323 (44.8793) --> [15]
324 (22.3223) --> [117]
325 --> []
326 (33.7732) --> [210]
327 (32.0481) --> [197, 405]
328 (52.6300) --> [447]
329 (36.2814) --> [36]
330 --> []
331 --> []
332 (23.6726) --> [479]
333 (28.3982) --> [489, 463]
334 (16.8393) --> [179]
335 --> []
336 (48.8163) --> [338]
337 (25.2333) --> [336]
338 (43.2089) --> [328]
339 --> []
340 --> []
341 --> []
342 --> []
343 (30.0464) --> [487, 457]
344 (30.5963) --> [432]
345 (42.2191) --> [183, 271]
346 --> []
347 (48.2557) --> [230]
348 (35.2694) --> [206, 471]
349 --> []
350 (48.0927) --> [175, 248]
351 (34.9225) --> [324]
352 (31.6437) --> [176, 186]
353 (46.5562) --> [127]
354 (33.3615) --> [452]
355 (37.5254) --> [468]
356 (21.9003) --> [266]
357 --> []
358 --> []
359 (56.8247) --> [458]
360 (37.3724) --> [25]
361 --> []
362 (6.2326) --> [384]
363 (28.3236) --> [462, 393]
364 (6.6324) --> [19]
365 --> []
366 (35.7184) --> [407, 311]
367 (23.6120) --> [308]
368 (51.8551) --> [371, 99]
369 (14.2557) --> [317]
370 (31.9044) --> [12, 105]
371 --> []
372 (40.6506) --> [406]
373 (21.7464) --> [273]
374 (58.2786) --> [309]
375 (23.4090) --> [52, 488]
376 (14.2717) --> [78, 228]
377 (33.1113) --> [44]
378 (33.0129) --> [20]
379 --> []
380 (21.9066) --> [54]
381 (35.7300) --> [499]
382 (15.6686) --> [108]
383 (49.8669) --> [482]
384 (42.2916) --> [192]
385 (69.1628) --> [128]
386 (46.5035) --> [425]
387 (44.0217) --> [143, 244]
388 (24.7533) --> [9]
389 --> []
390 --> []
391 (56.6811) --> [242]
392 (30.4340) --> [475, 165]
393 (44.5422) --> [219]
394 (9.9617) --> [34]
395 (21.2524) --> [430]
396 (19.5462) --> [88]
397 --> []
398 (35.2420) --> [158]
399 (53.9112) --> [6, 156]
400 (32.4341) --> [329]
401 (65.1906) --> [286]
402 (36.9470) --> [89, 301]
403 (21.6630) --> [344]
404 (19.3648) --> [187]
405 (11.0208) --> [1]
406 (34.2023) --> [416]
407 --> []
408 (22.7702) --> [152]
409 (32.3485) --> [290]
410 (16.0330) --> [297]
411 --> []
412 (58.3920) --> [382]
413 (37.4932) --> [264]
414 (62.9156) --> [79, 82]
415 --> []
416 --> []
417 (29.1342) --> [375]
418 (33.2571) --> [294]
419 (11.8780) --> [364]
420 --> []
421 (33.2540) --> [107]
422 (43.2400) --> [259, 394]
423 (14.8749) --> [476]
424 --> []
425 (32.6336) --> [49, 306]
426 (26.6094) --> [360]
427 (38.0268) --> [459, 351]
428 (40.6538) --> [478]
429 (43.2692) --> [257]
430 (40.3944) --> [238, 191]
431 --> []
432 (38.3854) --> [446, 437]
433 (20.1963) --> [69]
434 (23.5891) --> [205, 148, 433]
435 (11.8826) --> [86]
436 --> []
437 (52.1833) --> [218, 59, 22]
438 --> []
439 --> []
440 (57.3568) --> [245]
441 --> []
442 (24.1916) --> [333, 115]
443 (6.7737) --> [292]
444 (34.9783) --> [465]
445 --> []
446 (33.8706) --> [11, 5]
447 --> []
448 (56.2608) --> [277, 106]
449 --> []
450 (45.1485) --> [321, 493]
451 --> []
452 --> []
453 --> []
454 (36.9258) --> [262, 401]
455 (55.8728) --> [421, 426]
456 --> []
457 --> []
458 --> []
459 (40.1630) --> [288]
460 --> []
461 (36.5863) --> [455, 231]
462 (31.5344) --> [316]
463 (6.7902) --> [131]
464 (43.2298) --> [303, 90]
465 (23.1952) --> [398]
466 (29.6202) --> [98, 60]
467 (14.9267) --> [194]
468 (18.6032) --> [332, 135]
469 (13.3839) --> [123]
470 --> []
471 (29.7562) --> [496]
472 (23.2754) --> [441]
473 --> []
474 (21.0910) --> [161, 334]
475 (42.1143) --> [270, 386]
476 (29.0732) --> [170]
477 --> []
478 --> []
479 (42.7187) --> [389, 71]
480 --> []
481 (28.0274) --> [289, 240]
482 --> []
483 (54.7696) --> [93]
484 (52.9694) --> [268]
485 (24.7565) --> [235]
486 --> []
487 --> []
488 (16.7009) --> [73]
489 (32.5606) --> [300]
490 --> []
491 (45.1717) --> [171]
492 (35.8904) --> [66]
493 (22.9172) --> [185]
494 (47.0178) --> [32]
495 (19.5491) --> [75]
496 (22.6341) --> [133]
497 (52.2202) --> [24]
498 --> []
499 (24.3208) --> [7]

Solution energy from ACO: 2.356162604937999E7
trying to improve with local search...
final Solution:
0 (17.8077) --> [279]
1 --> []
2 (26.5090) --> [282]
3 (28.3563) --> [466]
4 (55.0576) --> [236]
5 (27.9633) --> [449]
6 (20.3847) --> [68]
7 (39.5221) --> [423, 491]
8 (20.7335) --> [178]
9 (58.9411) --> [140]
10 (22.8842) --> [145]
11 --> []
12 (51.5530) --> [47]
13 --> []
14 (22.4788) --> [23, 13]
15 (14.2395) --> [310]
16 (64.3469) --> [96]
17 (34.7839) --> [137]
18 --> []
19 (30.1789) --> [453, 357]
20 --> []
21 (48.3580) --> [274, 284]
22 (45.0423) --> [348]
23 (70.2501) --> [101]
24 (31.1814) --> [207]
25 (42.0786) --> [246, 474]
26 (0.3041) --> [330]
27 (17.5477) --> [167, 202]
28 --> []
29 (23.3376) --> [481]
30 (7.7806) --> [451]
31 (25.5536) --> [448]
32 (51.3402) --> [347]
33 (2.1060) --> [422]
34 --> []
35 (57.8030) --> [427]
36 (41.8928) --> [141, 174, 377]
37 (16.9001) --> [473]
38 (41.4123) --> [304]
39 (34.9365) --> [358]
40 (18.3260) --> [436]
41 (44.0476) --> [193]
42 --> []
43 (23.4394) --> [177]
44 (18.0590) --> [212]
45 --> []
46 (41.4637) --> [379, 352]
47 (30.9065) --> [285]
48 (18.7255) --> [480]
49 (24.3836) --> [249]
50 (12.5542) --> [307]
51 (52.1560) --> [388, 41]
52 --> []
53 --> []
54 (33.9513) --> [315]
55 (41.3990) --> [319, 376]
56 (59.6487) --> [412]
57 --> []
58 (15.5512) --> [125]
59 (32.6759) --> [444]
60 (36.9759) --> [113]
61 (26.4968) --> [172]
62 --> []
63 --> []
64 (22.6269) --> [442]
65 --> []
66 (19.8117) --> [27]
67 --> []
68 --> []
69 (53.7579) --> [431, 291]
70 (28.1315) --> [456, 16]
71 (46.3763) --> [83]
72 --> []
73 (30.4790) --> [35]
74 (24.7473) --> [114, 84]
75 (38.2462) --> [366, 104]
76 --> []
77 (35.4987) --> [254, 74]
78 --> []
79 --> []
80 (43.3977) --> [469]
81 (9.0574) --> [374]
82 (13.2636) --> [110]
83 (40.0392) --> [160, 208]
84 --> []
85 (25.0236) --> [61, 204]
86 (12.2390) --> [385]
87 (55.1797) --> [392]
88 (43.3646) --> [102, 200]
89 (13.8609) --> [365]
90 (37.1164) --> [221]
91 (60.5837) --> [129]
92 (24.7539) --> [312]
93 (34.8390) --> [169]
94 (31.9053) --> [155]
95 (30.0268) --> [267, 322]
96 (53.5635) --> [67, 10]
97 (65.5946) --> [387]
98 (48.6328) --> [162, 395]
99 --> []
100 --> []
101 (49.6472) --> [424]
102 (31.9085) --> [381]
103 (22.7215) --> [216]
104 (24.6065) --> [372]
105 (27.7047) --> [337, 404]
106 (23.9405) --> [413]
107 (70.9271) --> [497, 296]
108 (22.9921) --> [91]
109 (47.3347) --> [380]
110 (26.6047) --> [198]
111 (10.4282) --> [2]
112 (42.2776) --> [116, 122]
113 (23.4853) --> [340, 146]
114 (39.0500) --> [28]
115 --> []
116 (46.9861) --> [498]
117 (35.4868) --> [275]
118 (30.8362) --> [184, 346]
119 --> []
120 (42.3800) --> [472, 253]
121 --> []
122 (45.2671) --> [124]
123 --> []
124 (58.9898) --> [227, 435]
125 --> []
126 --> []
127 (62.1003) --> [37, 260]
128 (35.0917) --> [325]
129 (62.4579) --> [144]
130 (27.6814) --> [150]
131 (23.6890) --> [302]
132 (42.9024) --> [62]
133 (56.2307) --> [232, 226, 151]
134 (49.9520) --> [163, 464]
135 (39.8860) --> [299]
136 (35.1625) --> [320, 164]
137 (36.0694) --> [247]
138 --> []
139 (6.8373) --> [215]
140 (51.3955) --> [119]
141 (26.9298) --> [418, 419]
142 (17.7615) --> [21]
143 (19.9626) --> [118]
144 (57.9797) --> [132, 391]
145 (48.2001) --> [87]
146 (35.1518) --> [370, 490]
147 (34.4372) --> [33]
148 (29.0249) --> [362]
149 --> []
150 (31.3600) --> [220]
151 --> []
152 (17.3676) --> [276]
153 --> []
154 (16.0577) --> [420, 211]
155 (30.9356) --> [343]
156 (22.2595) --> [149]
157 (2.0180) --> [85]
158 --> []
159 (34.0871) --> [43]
160 (38.1582) --> [323]
161 (31.2311) --> [439]
162 --> []
163 (26.9217) --> [234]
164 --> []
165 (25.9575) --> [327]
166 (27.2402) --> [180]
167 (23.4340) --> [269]
168 (26.6761) --> [411, 142, 331]
169 (20.8254) --> [454]
170 (27.9104) --> [367]
171 --> []
172 (20.2595) --> [293, 64]
173 (39.3262) --> [203]
174 --> []
175 (33.5498) --> [410]
176 (21.8066) --> [173]
177 --> []
178 (37.4846) --> [81, 383, 166]
179 --> []
180 (27.5271) --> [429, 409]
181 --> []
182 --> []
183 --> []
184 (42.3136) --> [103, 14]
185 --> []
186 (31.5568) --> [486]
187 (31.9739) --> [225]
188 (58.4971) --> [339]
189 (14.3563) --> [134]
190 --> []
191 (34.1332) --> [295, 97]
192 (12.1790) --> [77]
193 --> []
194 --> []
195 (6.1353) --> [26]
196 (36.4672) --> [199, 56]
197 (38.3668) --> [182, 485]
198 --> []
199 (19.3435) --> [29]
200 (47.6923) --> [390, 354]
201 --> []
202 (44.5198) --> [8]
203 (44.2845) --> [120, 241]
204 --> []
205 (33.4214) --> [397]
206 (31.2873) --> [222]
207 (63.0169) --> [189]
208 (44.5904) --> [349, 39]
209 (25.3180) --> [239]
210 (30.5501) --> [335]
211 (26.2746) --> [378]
212 (95.1243) --> [63]
213 --> []
214 (41.7320) --> [209, 70]
215 (34.3776) --> [414]
216 --> []
217 --> []
218 (14.3542) --> [94]
219 (24.8441) --> [65]
220 (17.2642) --> [50]
221 --> []
222 --> []
223 (43.2285) --> [31, 258]
224 --> []
225 (33.9930) --> [48, 55]
226 (44.4926) --> [190]
227 (22.4707) --> [460]
228 (4.2679) --> [40]
229 (34.6716) --> [359]
230 (25.8647) --> [256, 415]
231 (40.1186) --> [38]
232 --> []
233 (18.1669) --> [126, 243]
234 (32.0154) --> [213, 408]
235 (46.4539) --> [195, 42]
236 (11.9593) --> [168]
237 --> []
238 (55.4856) --> [201]
239 (25.9446) --> [237, 272]
240 --> []
241 (15.3047) --> [369]
242 (21.9549) --> [318]
243 (36.2577) --> [484]
244 (51.1655) --> [305]
245 (19.7404) --> [217, 147]
246 (18.5623) --> [46]
247 (48.0579) --> [450]
248 (23.6232) --> [58]
249 (18.4502) --> [402]
250 (78.2137) --> [477, 470, 280]
251 (40.1898) --> [76, 188]
252 --> []
253 (47.5346) --> [399, 121]
254 (47.1259) --> [363, 4]
255 (52.4679) --> [313]
256 --> []
257 (18.4872) --> [53]
258 (36.3956) --> [445]
259 (19.3791) --> [157]
260 --> []
261 --> []
262 (5.9469) --> [92]
263 (37.4654) --> [461, 298]
264 (52.1683) --> [342, 136]
265 --> []
266 (21.9003) --> [356]
267 (38.9529) --> [181]
268 (39.2751) --> [80, 214]
269 (36.0455) --> [111, 400]
270 --> []
271 (25.2369) --> [255]
272 (57.7244) --> [130, 368]
273 --> []
274 (17.6538) --> [492]
275 (49.8597) --> [443]
276 (63.6028) --> [345]
277 (53.0511) --> [251]
278 (18.3676) --> [326]
279 (33.5821) --> [3, 483, 353]
280 --> []
281 --> []
282 --> []
283 (6.3742) --> [355]
284 (53.9987) --> [159, 396]
285 (9.2146) --> [283]
286 (31.2010) --> [100, 18]
287 (9.4960) --> [233]
288 (34.6957) --> [196]
289 --> []
290 --> []
291 (18.7424) --> [263]
292 (54.3721) --> [138, 112]
293 (21.8066) --> [95]
294 (14.2987) --> [467]
295 (49.4754) --> [224]
296 (29.1928) --> [72]
297 (52.2838) --> [440]
298 (7.9428) --> [341]
299 (67.5392) --> [57, 373, 314]
300 (48.0680) --> [223, 265]
301 (26.3853) --> [51]
302 (38.4978) --> [154]
303 (23.6783) --> [139]
304 --> []
305 (46.8765) --> [494, 287]
306 (19.0598) --> [403]
307 --> []
308 --> []
309 (41.7440) --> [428]
310 (39.5845) --> [438]
311 (36.8712) --> [250]
312 (39.3626) --> [261]
313 (41.1666) --> [495, 361]
314 (53.5034) --> [281]
315 (20.1839) --> [417]
316 (54.5903) --> [278]
317 (20.7799) --> [45]
318 (66.1019) --> [17, 153]
319 (40.6727) --> [350, 109]
320 (24.5649) --> [252, 434]
321 (41.8348) --> [229]
322 (37.3818) --> [30]
323 (44.8793) --> [15]
324 (22.3223) --> [117]
325 --> []
326 (33.7732) --> [210]
327 (32.0481) --> [197, 405]
328 (52.6300) --> [447]
329 (36.2814) --> [36]
330 --> []
331 --> []
332 (23.6726) --> [479]
333 (28.3982) --> [489, 463]
334 (16.8393) --> [179]
335 --> []
336 (48.8163) --> [338]
337 (25.2333) --> [336]
338 (43.2089) --> [328]
339 --> []
340 --> []
341 --> []
342 --> []
343 (30.0464) --> [487, 457]
344 (30.5963) --> [432]
345 (42.2191) --> [183, 271]
346 --> []
347 (48.2557) --> [230]
348 (35.2694) --> [206, 471]
349 --> []
350 (48.0927) --> [175, 248]
351 (34.9225) --> [324]
352 (31.6437) --> [176, 186]
353 (46.5562) --> [127]
354 (33.3615) --> [452]
355 (37.5254) --> [468]
356 (21.9003) --> [266]
357 --> []
358 --> []
359 (56.8247) --> [458]
360 (37.3724) --> [25]
361 --> []
362 (6.2326) --> [384]
363 (28.3236) --> [462, 393]
364 (6.6324) --> [19]
365 --> []
366 (35.7184) --> [407, 311]
367 (23.6120) --> [308]
368 (51.8551) --> [371, 99]
369 (14.2557) --> [317]
370 (31.9044) --> [12, 105]
371 --> []
372 (40.6506) --> [406]
373 (21.7464) --> [273]
374 (58.2786) --> [309]
375 (23.4090) --> [52, 488]
376 (14.2717) --> [78, 228]
377 (33.1113) --> [44]
378 (33.0129) --> [20]
379 --> []
380 (21.9066) --> [54]
381 (35.7300) --> [499]
382 (15.6686) --> [108]
383 (49.8669) --> [482]
384 (42.2916) --> [192]
385 (69.1628) --> [128]
386 (46.5035) --> [425]
387 (44.0217) --> [143, 244]
388 (24.7533) --> [9]
389 --> []
390 --> []
391 (56.6811) --> [242]
392 (30.4340) --> [475, 165]
393 (44.5422) --> [219]
394 (9.9617) --> [34]
395 (21.2524) --> [430]
396 (19.5462) --> [88]
397 --> []
398 (35.2420) --> [158]
399 (53.9112) --> [6, 156]
400 (32.4341) --> [329]
401 (65.1906) --> [286]
402 (36.9470) --> [89, 301]
403 (21.6630) --> [344]
404 (19.3648) --> [187]
405 (11.0208) --> [1]
406 (34.2023) --> [416]
407 --> []
408 (22.7702) --> [152]
409 (32.3485) --> [290]
410 (16.0330) --> [297]
411 --> []
412 (58.3920) --> [382]
413 (37.4932) --> [264]
414 (62.9156) --> [79, 82]
415 --> []
416 --> []
417 (29.1342) --> [375]
418 (33.2571) --> [294]
419 (11.8780) --> [364]
420 --> []
421 (33.2540) --> [107]
422 (43.2400) --> [259, 394]
423 (14.8749) --> [476]
424 --> []
425 (32.6336) --> [49, 306]
426 (26.6094) --> [360]
427 (38.0268) --> [459, 351]
428 (40.6538) --> [478]
429 (43.2692) --> [257]
430 (40.3944) --> [238, 191]
431 --> []
432 (38.3854) --> [446, 437]
433 (20.1963) --> [69]
434 (23.5891) --> [205, 148, 433]
435 (11.8826) --> [86]
436 --> []
437 (52.1833) --> [218, 59, 22]
438 --> []
439 --> []
440 (57.3568) --> [245]
441 --> []
442 (24.1916) --> [333, 115]
443 (6.7737) --> [292]
444 (34.9783) --> [465]
445 --> []
446 (33.8706) --> [11, 5]
447 --> []
448 (56.2608) --> [277, 106]
449 --> []
450 (45.1485) --> [321, 493]
451 --> []
452 --> []
453 --> []
454 (36.9258) --> [262, 401]
455 (55.8728) --> [421, 426]
456 --> []
457 --> []
458 --> []
459 (40.1630) --> [288]
460 --> []
461 (36.5863) --> [455, 231]
462 (31.5344) --> [316]
463 (6.7902) --> [131]
464 (43.2298) --> [303, 90]
465 (23.1952) --> [398]
466 (29.6202) --> [98, 60]
467 (14.9267) --> [194]
468 (18.6032) --> [332, 135]
469 (13.3839) --> [123]
470 --> []
471 (29.7562) --> [496]
472 (23.2754) --> [441]
473 --> []
474 (21.0910) --> [161, 334]
475 (42.1143) --> [270, 386]
476 (29.0732) --> [170]
477 --> []
478 --> []
479 (42.7187) --> [389, 71]
480 --> []
481 (28.0274) --> [289, 240]
482 --> []
483 (54.7696) --> [93]
484 (52.9694) --> [268]
485 (24.7565) --> [235]
486 --> []
487 --> []
488 (16.7009) --> [73]
489 (32.5606) --> [300]
490 --> []
491 (45.1717) --> [171]
492 (35.8904) --> [66]
493 (22.9172) --> [185]
494 (47.0178) --> [32]
495 (19.5491) --> [75]
496 (22.6341) --> [133]
497 (52.2202) --> [24]
498 --> []
499 (24.3208) --> [7]

final Solution energy: 2.355446688557865E7
Calculated in 414278ms
Ants=1000, alpha=0.6, beta=3.0, evaporate factor=0.07
(for ../../mebp/mebp-10.dat)
