New best solution in iteration 0: 2.998837766933763E9
New best solution in iteration 1: 1.7489797502069995E9
New best solution in iteration 2: 1.3156851884455323E9
New best solution in iteration 3: 1.1123123812121048E9
New best solution in iteration 5: 9.147564014962549E8
New best solution in iteration 7: 8.651967760055382E8
New best solution in iteration 16: 7.841792910657933E8
AVG (iterations 0 to 20): 1.4097043431855001E9
New best solution in iteration 26: 4.3677482831921893E8
AVG (iterations 20 to 40): 1.3063196139850295E9
New best solution in iteration 43: 4.095139573187333E8
New best solution in iteration 51: 3.2569831351955307E8
AVG (iterations 40 to 60): 1.1905539241604574E9
AVG (iterations 60 to 80): 1.0249653754948461E9
AVG (iterations 80 to 100): 1.0793314032250328E9
AVG (iterations 100 to 120): 1.0699469886958784E9
AVG (iterations 120 to 140): 1.2025321301063495E9
New best solution in iteration 145: 1.865688549968528E8
AVG (iterations 140 to 160): 6.214534469124922E8
New best solution in iteration 175: 1.1632392956090638E8
New best solution in iteration 179: 1.1529657881700161E8
AVG (iterations 160 to 180): 3.4364404763415855E8
New best solution in iteration 188: 1.1109231981831983E8
New best solution in iteration 194: 1.0475288040811679E8
AVG (iterations 180 to 200): 1.5992373701429197E8
New best solution in iteration 213: 9.55051412788702E7
AVG (iterations 200 to 220): 1.3832202834193814E8
New best solution in iteration 231: 9.512234674803506E7
AVG (iterations 220 to 240): 1.2644446883477202E8
New best solution in iteration 258: 9.360809347601074E7
AVG (iterations 240 to 260): 1.113811094538177E8
New best solution in iteration 271: 9.1213042787242E7
AVG (iterations 260 to 280): 1.0421275659483768E8
New best solution in iteration 287: 8.845248693437803E7
AVG (iterations 280 to 300): 1.0188810046354333E8
AVG (iterations 300 to 320): 9.745699044953975E7
AVG (iterations 320 to 340): 9.759185611005278E7
AVG (iterations 340 to 360): 9.995684068340078E7
AVG (iterations 360 to 380): 9.901567274825892E7
AVG (iterations 380 to 400): 9.786922448230313E7
AVG (iterations 400 to 420): 9.690624080973682E7
AVG (iterations 420 to 440): 9.926620463397802E7
AVG (iterations 440 to 460): 9.916541811207168E7
AVG (iterations 460 to 480): 9.731286822421685E7
AVG (iterations 480 to 500): 9.780104701457599E7
AVG (iterations 500 to 520): 9.555554836695498E7
AVG (iterations 520 to 540): 9.82127056995125E7
AVG (iterations 540 to 560): 9.832484128919569E7
AVG (iterations 560 to 580): 9.59128014460345E7
AVG (iterations 580 to 600): 9.644658070640072E7
AVG (iterations 600 to 620): 9.580170074146262E7
AVG (iterations 620 to 640): 9.740008925621352E7
AVG (iterations 640 to 660): 9.590500649115789E7
AVG (iterations 660 to 680): 9.807597681336391E7
AVG (iterations 680 to 700): 9.750754457155874E7
AVG (iterations 700 to 720): 9.503695583636194E7
AVG (iterations 720 to 740): 9.754930498524888E7
AVG (iterations 740 to 760): 9.53922320322111E7
AVG (iterations 760 to 780): 9.44355101842626E7
AVG (iterations 780 to 800): 9.578483991931936E7
AVG (iterations 800 to 820): 9.890692640945312E7
AVG (iterations 820 to 840): 9.725049755982068E7
AVG (iterations 840 to 860): 9.750278098530355E7
AVG (iterations 860 to 880): 9.861515794194318E7
AVG (iterations 880 to 900): 9.66456959653106E7
AVG (iterations 900 to 920): 9.579181122633359E7
AVG (iterations 920 to 940): 9.522354614862785E7
AVG (iterations 940 to 960): 9.674699132165916E7
AVG (iterations 960 to 980): 9.756167539405306E7
Solution from ACO:
0 (68.2689) --> [42, 28]
1 (37.5800) --> [11]
2 (100.5944) --> [17, 19]
3 (65.2406) --> [40, 12]
4 (50.7829) --> [15]
5 --> []
6 (152.9257) --> [14]
7 (118.0492) --> [21, 37]
8 --> []
9 (33.7654) --> [2]
10 --> []
11 --> []
12 (120.9275) --> [13, 4]
13 (71.1047) --> [5]
14 (115.3781) --> [7]
15 (138.7124) --> [36, 6]
16 --> []
17 (101.0272) --> [18, 46]
18 (17.4897) --> [16]
19 (75.3066) --> [35]
20 --> []
21 (112.0395) --> [27]
22 (144.3608) --> [38]
23 --> []
24 (169.8162) --> [45]
25 (47.4865) --> [10, 30]
26 --> []
27 (73.6817) --> [25]
28 (233.3167) --> [43]
29 (66.3268) --> [24]
30 --> []
31 --> []
32 (135.3124) --> [31]
33 --> []
34 (128.5944) --> [32, 33]
35 --> []
36 (126.0021) --> [26, 41]
37 (253.5205) --> [20, 39]
38 (107.1049) --> [48, 49, 1]
39 --> []
40 (42.8043) --> [8]
41 (185.1240) --> [34]
42 (128.8663) --> [29, 44]
43 (159.4906) --> [9]
44 (120.0008) --> [23]
45 (223.9520) --> [22, 3]
46 --> []
47 --> []
48 (102.5640) --> [47]
49 --> []

Solution energy from ACO: 8.845248693437803E7
trying to improve with local search...
final Solution:
0 (68.2689) --> [42, 28]
1 (37.5800) --> [11]
2 (100.5944) --> [17, 19]
3 (65.2406) --> [40, 12]
4 (50.7829) --> [15]
5 --> []
6 (152.9257) --> [14]
7 (118.0492) --> [21, 37]
8 --> []
9 (33.7654) --> [2]
10 --> []
11 --> []
12 (120.9275) --> [13, 4]
13 (71.1047) --> [5]
14 (115.3781) --> [7]
15 (138.7124) --> [36, 6]
16 --> []
17 (101.0272) --> [18, 46]
18 (17.4897) --> [16]
19 (75.3066) --> [35]
20 --> []
21 (112.0395) --> [27]
22 (144.3608) --> [38]
23 --> []
24 (169.8162) --> [45]
25 (47.4865) --> [10, 30]
26 --> []
27 (73.6817) --> [25]
28 (233.3167) --> [43]
29 (66.3268) --> [24]
30 --> []
31 --> []
32 (135.3124) --> [31]
33 --> []
34 (128.5944) --> [32, 33]
35 --> []
36 (126.0021) --> [26, 41]
37 (253.5205) --> [20, 39]
38 (107.1049) --> [48, 49, 1]
39 --> []
40 (42.8043) --> [8]
41 (185.1240) --> [34]
42 (128.8663) --> [29, 44]
43 (159.4906) --> [9]
44 (120.0008) --> [23]
45 (223.9520) --> [22, 3]
46 --> []
47 --> []
48 (102.5640) --> [47]
49 --> []

final Solution energy: 8.845248693437803E7
Calculated in 2038ms
Ants=1000, alpha=0.6, beta=3.0, evaporate factor=0.07
(for ../../mebp/mebp-05.dat)
