New best solution in iteration 0: 2.2871229762100735E9
New best solution in iteration 1: 2.1591257027938304E9
New best solution in iteration 4: 1.7599305446817508E9
New best solution in iteration 6: 9.262353981676204E8
AVG (iterations 0 to 20): 2.521848495496923E9
AVG (iterations 20 to 40): 2.18927574967052E9
AVG (iterations 40 to 60): 2.3923186606369896E9
AVG (iterations 60 to 80): 2.3022403628850207E9
AVG (iterations 80 to 100): 2.061994845833083E9
AVG (iterations 100 to 120): 2.365389428268118E9
AVG (iterations 120 to 140): 2.254336723890235E9
New best solution in iteration 144: 6.114120428659141E8
AVG (iterations 140 to 160): 1.546925359296774E9
New best solution in iteration 163: 4.784131857894958E8
New best solution in iteration 165: 4.420800699569768E8
New best solution in iteration 167: 2.1518649564761618E8
New best solution in iteration 171: 1.7173780774718338E8
New best solution in iteration 173: 9.371545107638432E7
AVG (iterations 160 to 180): 3.952344837169771E8
New best solution in iteration 182: 6.783273818737777E7
New best solution in iteration 185: 5.977923644191581E7
New best solution in iteration 188: 5.2973965080951504E7
New best solution in iteration 189: 4.979665781219785E7
New best solution in iteration 191: 4.807393190115712E7
New best solution in iteration 194: 3.934006389562069E7
AVG (iterations 180 to 200): 9.404766298775287E7
New best solution in iteration 209: 3.915818001218317E7
New best solution in iteration 213: 3.828674388432649E7
New best solution in iteration 220: 3.79631144503239E7
AVG (iterations 200 to 220): 4.543662783768796E7
New best solution in iteration 222: 3.534315068477996E7
AVG (iterations 220 to 240): 4.170927037248944E7
AVG (iterations 240 to 260): 3.9351526468554474E7
AVG (iterations 260 to 280): 3.8885247673226014E7
AVG (iterations 280 to 300): 3.803632719036817E7
New best solution in iteration 317: 3.466356464543396E7
AVG (iterations 300 to 320): 3.767146876537402E7
AVG (iterations 320 to 340): 3.683722768502292E7
AVG (iterations 340 to 360): 3.745408967477088E7
New best solution in iteration 364: 3.454208345482709E7
AVG (iterations 360 to 380): 3.662994483047038E7
AVG (iterations 380 to 400): 3.70147358787795E7
AVG (iterations 400 to 420): 3.712438189981298E7
AVG (iterations 420 to 440): 3.7124192196727954E7
AVG (iterations 440 to 460): 3.6341762198244885E7
AVG (iterations 460 to 480): 3.651829800692601E7
AVG (iterations 480 to 500): 3.7200349114705995E7
AVG (iterations 500 to 520): 3.674802328420591E7
New best solution in iteration 522: 3.359874327350813E7
AVG (iterations 520 to 540): 3.620035533033911E7
AVG (iterations 540 to 560): 3.596089319365909E7
AVG (iterations 560 to 580): 3.584673922467785E7
AVG (iterations 580 to 600): 3.578109696928559E7
AVG (iterations 600 to 620): 3.591143534565632E7
AVG (iterations 620 to 640): 3.6475740542455815E7
AVG (iterations 640 to 660): 3.639647469733473E7
AVG (iterations 660 to 680): 3.648776288873892E7
AVG (iterations 680 to 700): 3.6211287295961425E7
AVG (iterations 700 to 720): 3.644771962435209E7
AVG (iterations 720 to 740): 3.655637000315599E7
AVG (iterations 740 to 760): 3.6027251301231675E7
AVG (iterations 760 to 780): 3.593453007601272E7
AVG (iterations 780 to 800): 3.625258051000427E7
AVG (iterations 800 to 820): 3.6136685168216534E7
New best solution in iteration 823: 3.297771362909665E7
AVG (iterations 820 to 840): 3.644739847391386E7
AVG (iterations 840 to 860): 3.625508540126428E7
AVG (iterations 860 to 880): 3.6526660422654785E7
AVG (iterations 880 to 900): 3.637922705237685E7
AVG (iterations 900 to 920): 3.646836550105034E7
AVG (iterations 920 to 940): 3.567517806646315E7
AVG (iterations 940 to 960): 3.5936782189036466E7
AVG (iterations 960 to 980): 3.6713509598574296E7
Solution from ACO:
0 (40.7285) --> [171, 69]
1 (21.3588) --> [130]
2 (21.7721) --> [96]
3 --> []
4 --> []
5 (73.7879) --> [43, 73, 113]
6 (29.5525) --> [111, 86]
7 (58.2813) --> [75]
8 (17.4676) --> [59]
9 (47.6466) --> [157]
10 --> []
11 (57.9809) --> [42]
12 (38.1589) --> [55, 178]
13 (53.9854) --> [49, 173]
14 (40.7840) --> [161]
15 (35.5397) --> [179]
16 (66.5082) --> [78, 186]
17 (46.5378) --> [110]
18 (2.5724) --> [162]
19 --> []
20 (4.2715) --> [67]
21 --> []
22 --> []
23 (54.0568) --> [190, 97]
24 (27.4194) --> [154]
25 --> []
26 --> []
27 (50.3562) --> [63]
28 (46.3819) --> [81]
29 (73.1099) --> [170, 123]
30 (33.3021) --> [46]
31 (39.7530) --> [131]
32 (51.0494) --> [27]
33 --> []
34 (76.0014) --> [98, 56, 100]
35 --> []
36 (35.1801) --> [84]
37 (43.5310) --> [127, 47]
38 --> []
39 --> []
40 --> []
41 --> []
42 (48.0390) --> [182]
43 (54.4692) --> [142]
44 (65.8546) --> [104, 151]
45 (63.8104) --> [118, 194]
46 (32.9081) --> [172]
47 (42.7071) --> [12]
48 --> []
49 --> []
50 --> []
51 (49.0231) --> [5]
52 (68.1860) --> [175]
53 (56.5622) --> [198, 31]
54 (72.8015) --> [62, 65]
55 (74.8431) --> [147]
56 (47.1746) --> [144]
57 (51.6092) --> [126]
58 (24.9277) --> [36]
59 (23.6109) --> [26]
60 (30.1852) --> [37]
61 (36.4333) --> [140]
62 (46.2369) --> [103]
63 (31.0617) --> [121]
64 (18.0722) --> [112]
65 --> []
66 (70.5424) --> [34]
67 --> []
68 --> []
69 (29.4563) --> [93, 52]
70 --> []
71 (37.1011) --> [185]
72 (35.3503) --> [168]
73 --> []
74 (28.8107) --> [132]
75 (48.9242) --> [87, 23]
76 (37.5614) --> [35, 57]
77 (62.5016) --> [135, 193]
78 (82.8387) --> [129]
79 --> []
80 (27.8971) --> [101]
81 --> []
82 --> []
83 --> []
84 (84.1688) --> [24]
85 (44.6462) --> [177]
86 (55.5411) --> [89]
87 (74.2967) --> [32, 117]
88 (98.9088) --> [146, 114, 14]
89 (80.0846) --> [95, 160]
90 (67.3823) --> [6]
91 (27.4787) --> [88]
92 (36.9411) --> [80, 124]
93 (51.6437) --> [166, 18]
94 (15.2533) --> [91]
95 (47.3616) --> [106, 134]
96 --> []
97 (96.8174) --> [180, 79]
98 --> []
99 (32.5190) --> [72]
100 (126.5536) --> [189, 115]
101 --> []
102 (27.1809) --> [51, 149]
103 (28.4072) --> [128]
104 (56.9492) --> [183]
105 (18.3288) --> [22]
106 --> []
107 (74.5503) --> [156, 74, 21]
108 (45.0928) --> [94]
109 (35.7073) --> [68, 4]
110 (71.5950) --> [20, 58]
111 --> []
112 --> []
113 (45.8416) --> [107]
114 (16.9528) --> [82]
115 (62.3650) --> [155]
116 (72.3381) --> [7, 109]
117 (55.9142) --> [40]
118 --> []
119 (71.0701) --> [153]
120 --> []
121 (31.9546) --> [29]
122 (52.7879) --> [1]
123 (69.7416) --> [108]
124 (46.3759) --> [17]
125 (57.9326) --> [38]
126 (37.8438) --> [39]
127 --> []
128 (60.6949) --> [192]
129 --> []
130 --> []
131 (102.6542) --> [99]
132 (30.1803) --> [54]
133 (57.4306) --> [188, 158]
134 (66.4004) --> [196, 45]
135 (28.8693) --> [92]
136 (80.2992) --> [102]
137 (83.7552) --> [105]
138 (52.0436) --> [16]
139 (52.4356) --> [143, 64]
140 (76.9992) --> [145, 150]
141 (52.6515) --> [195, 41]
142 --> []
143 (79.8324) --> [152]
144 --> []
145 (70.4235) --> [181]
146 --> []
147 (62.1588) --> [77, 197, 48]
148 --> []
149 (47.4287) --> [164]
150 --> []
151 (68.6943) --> [33]
152 (113.7207) --> [199]
153 (66.3294) --> [136, 138]
154 (65.1601) --> [187, 125]
155 --> []
156 (21.6555) --> [133]
157 (69.0185) --> [19, 184]
158 (60.7789) --> [176]
159 --> []
160 (63.5724) --> [119, 120]
161 (61.7670) --> [70]
162 (72.3754) --> [148]
163 (55.3090) --> [66]
164 (37.1180) --> [9]
165 (64.4980) --> [76, 50]
166 --> []
167 (64.6997) --> [13]
168 (95.3970) --> [139, 44]
169 --> []
170 --> []
171 (38.1331) --> [8, 167]
172 (33.7777) --> [15]
173 (78.9549) --> [116]
174 (56.7737) --> [25]
175 (91.0139) --> [165]
176 --> []
177 (57.6737) --> [90]
178 --> []
179 (78.7821) --> [122, 174]
180 (82.3160) --> [53, 85]
181 --> []
182 (50.6223) --> [141]
183 (68.6177) --> [61]
184 (25.9548) --> [10]
185 (39.8201) --> [2]
186 (18.2451) --> [163]
187 (50.9612) --> [11]
188 --> []
189 --> []
190 --> []
191 (93.2219) --> [71]
192 (75.3041) --> [169]
193 --> []
194 (73.3116) --> [28]
195 (24.3165) --> [191, 83]
196 (44.2278) --> [159, 60]
197 (31.5191) --> [30]
198 (30.9161) --> [3]
199 (1.7514) --> [137]

Solution energy from ACO: 3.297771362909665E7
trying to improve with local search...
final Solution:
0 (35.0359) --> [171, 8]
1 (21.3588) --> [130]
2 (21.7721) --> [96]
3 --> []
4 --> []
5 (73.7879) --> [43, 73, 113]
6 (29.5525) --> [111, 86]
7 (58.2813) --> [75]
8 (17.4676) --> [59]
9 (47.6466) --> [157]
10 --> []
11 (57.9809) --> [42]
12 (38.1589) --> [55, 178]
13 (53.9854) --> [49, 173]
14 (40.7840) --> [161]
15 (35.5397) --> [179]
16 (66.5082) --> [78, 186]
17 (46.5378) --> [110]
18 (2.5724) --> [162]
19 --> []
20 (4.2715) --> [67]
21 --> []
22 --> []
23 (54.0568) --> [190, 97]
24 (27.4194) --> [154]
25 --> []
26 --> []
27 (50.3562) --> [63]
28 (46.3819) --> [81]
29 (73.1099) --> [170, 123]
30 (33.3021) --> [46]
31 (39.7530) --> [131]
32 (51.0494) --> [27]
33 --> []
34 (76.0014) --> [98, 56, 100]
35 --> []
36 (35.1801) --> [84]
37 (43.5310) --> [127, 47]
38 --> []
39 --> []
40 --> []
41 --> []
42 (48.0390) --> [182]
43 (54.4692) --> [142]
44 (65.8546) --> [104, 151]
45 (63.8104) --> [118, 194]
46 (32.9081) --> [172]
47 (42.7071) --> [12]
48 --> []
49 --> []
50 --> []
51 (49.0231) --> [5]
52 (68.1860) --> [175]
53 (56.5622) --> [198, 31]
54 (72.8015) --> [62, 65]
55 (74.8431) --> [147]
56 (47.1746) --> [144]
57 (51.6092) --> [126]
58 (24.9277) --> [36]
59 (23.6109) --> [26]
60 (30.1852) --> [37]
61 (36.4333) --> [140]
62 (46.2369) --> [103]
63 (31.0617) --> [121]
64 (18.0722) --> [112]
65 --> []
66 (70.5424) --> [34]
67 --> []
68 --> []
69 (29.4563) --> [93, 52]
70 --> []
71 (37.1011) --> [185]
72 (35.3503) --> [168]
73 --> []
74 (28.8107) --> [132]
75 (48.9242) --> [87, 23]
76 (37.5614) --> [35, 57]
77 (62.5016) --> [135, 193]
78 (82.8387) --> [129]
79 --> []
80 (27.8971) --> [101]
81 --> []
82 --> []
83 --> []
84 (84.1688) --> [24]
85 (44.6462) --> [177]
86 (55.5411) --> [89]
87 (74.2967) --> [32, 117]
88 (98.9088) --> [146, 114, 14]
89 (80.0846) --> [95, 160]
90 (67.3823) --> [6]
91 (27.4787) --> [88]
92 (36.9411) --> [80, 124]
93 (51.6437) --> [166, 18]
94 (15.2533) --> [91]
95 (47.3616) --> [106, 134]
96 --> []
97 (96.8174) --> [180, 79]
98 --> []
99 (75.9063) --> [44]
100 (126.5536) --> [189, 115]
101 --> []
102 (27.1809) --> [51, 149]
103 (28.4072) --> [128]
104 (56.9492) --> [183]
105 (18.3288) --> [22]
106 --> []
107 (74.5503) --> [156, 74, 21]
108 (45.0928) --> [94]
109 (35.7073) --> [68, 4]
110 (71.5950) --> [20, 58]
111 --> []
112 --> []
113 (45.8416) --> [107]
114 (16.9528) --> [82]
115 (62.3650) --> [155]
116 (72.3381) --> [7, 109]
117 (55.9142) --> [40]
118 --> []
119 (71.0701) --> [153]
120 --> []
121 (31.9546) --> [29]
122 (52.7879) --> [1]
123 (69.7416) --> [108]
124 (46.3759) --> [17]
125 (57.9326) --> [38]
126 (37.8438) --> [39]
127 --> []
128 (60.6949) --> [192]
129 --> []
130 --> []
131 (102.6542) --> [99]
132 (30.1803) --> [54]
133 (57.4306) --> [188, 158]
134 (66.4004) --> [196, 45]
135 (28.8693) --> [92]
136 (80.2992) --> [102]
137 (83.7552) --> [105]
138 (52.0436) --> [16]
139 (52.4356) --> [143, 64]
140 (76.9992) --> [145, 150]
141 (52.6515) --> [195, 41]
142 --> []
143 (79.8324) --> [152]
144 --> []
145 (70.4235) --> [181]
146 --> []
147 (62.1588) --> [77, 197, 48]
148 --> []
149 (47.4287) --> [164]
150 --> []
151 (68.6943) --> [33]
152 (113.7207) --> [199]
153 (66.3294) --> [136, 138]
154 (65.1601) --> [187, 125]
155 --> []
156 (21.6555) --> [133]
157 (69.0185) --> [19, 184]
158 (60.7789) --> [176]
159 --> []
160 (63.5724) --> [119, 120]
161 (61.7670) --> [70]
162 (72.3754) --> [148]
163 (55.3090) --> [66]
164 (37.1180) --> [9]
165 (64.4980) --> [76, 50]
166 --> []
167 (64.6997) --> [13]
168 (35.3503) --> [139, 72]
169 --> []
170 --> []
171 (42.9450) --> [167, 69]
172 (33.7777) --> [15]
173 (78.9549) --> [116]
174 (56.7737) --> [25]
175 (91.0139) --> [165]
176 --> []
177 (57.6737) --> [90]
178 --> []
179 (78.7821) --> [122, 174]
180 (82.3160) --> [53, 85]
181 --> []
182 (50.6223) --> [141]
183 (68.6177) --> [61]
184 (25.9548) --> [10]
185 (39.8201) --> [2]
186 (18.2451) --> [163]
187 (50.9612) --> [11]
188 --> []
189 --> []
190 --> []
191 (93.2219) --> [71]
192 (75.3041) --> [169]
193 --> []
194 (73.3116) --> [28]
195 (24.3165) --> [191, 83]
196 (44.2278) --> [159, 60]
197 (31.5191) --> [30]
198 (30.9161) --> [3]
199 (1.7514) --> [137]

final Solution energy: 3.2555885738888774E7
Calculated in 29859ms
Ants=1000, alpha=0.6, beta=3.0, evaporate factor=0.07
(for ../../mebp/mebp-09.dat)
