New best solution in iteration 0: 2.227021413496948E9
New best solution in iteration 1: 1.7140422975300288E9
New best solution in iteration 10: 1.6746011663077886E9
New best solution in iteration 16: 1.3670592015726979E9
New best solution in iteration 18: 1.1969562491773229E9
AVG (iterations 0 to 20): 2.286004472104432E9
AVG (iterations 20 to 40): 2.5125657457657313E9
New best solution in iteration 48: 1.1545801878170989E9
New best solution in iteration 56: 1.09030409033715E9
AVG (iterations 40 to 60): 2.1928661587027597E9
New best solution in iteration 72: 9.104389438015367E8
AVG (iterations 60 to 80): 2.2829210574355903E9
AVG (iterations 80 to 100): 2.4887744196862955E9
AVG (iterations 100 to 120): 2.1819917908332167E9
New best solution in iteration 122: 8.406171547019815E8
New best solution in iteration 139: 5.615370546653073E8
AVG (iterations 120 to 140): 1.97052086376716E9
New best solution in iteration 159: 5.507435078706819E8
AVG (iterations 140 to 160): 1.410433503038835E9
New best solution in iteration 161: 5.377950090793929E8
New best solution in iteration 163: 4.130016741385879E8
New best solution in iteration 170: 3.0447874660141706E8
New best solution in iteration 173: 1.4139104837896338E8
New best solution in iteration 178: 9.429924056669654E7
New best solution in iteration 180: 8.207260782950237E7
AVG (iterations 160 to 180): 5.976978742861538E8
New best solution in iteration 182: 5.3847903156823605E7
New best solution in iteration 184: 5.1712782511492066E7
New best solution in iteration 188: 4.570835903612067E7
New best solution in iteration 189: 4.472971340820335E7
New best solution in iteration 194: 4.3552344256360985E7
New best solution in iteration 196: 3.848016364352898E7
AVG (iterations 180 to 200): 9.108093280106474E7
AVG (iterations 200 to 220): 5.084170570556934E7
New best solution in iteration 233: 3.772882389175189E7
New best solution in iteration 236: 3.4832357150371075E7
AVG (iterations 220 to 240): 4.142169125952671E7
AVG (iterations 240 to 260): 3.86093418694181E7
AVG (iterations 260 to 280): 3.8956162095262334E7
AVG (iterations 280 to 300): 3.832164019325873E7
AVG (iterations 300 to 320): 3.908577397317977E7
AVG (iterations 320 to 340): 3.797515703152268E7
AVG (iterations 340 to 360): 3.7995818379814304E7
New best solution in iteration 370: 3.3050601087077882E7
AVG (iterations 360 to 380): 3.718654100296281E7
AVG (iterations 380 to 400): 3.598253595264414E7
AVG (iterations 400 to 420): 3.65237229311762E7
AVG (iterations 420 to 440): 3.598496838612664E7
AVG (iterations 440 to 460): 3.639848714149342E7
AVG (iterations 460 to 480): 3.630887921637801E7
AVG (iterations 480 to 500): 3.634013204232838E7
AVG (iterations 500 to 520): 3.5524183091327615E7
AVG (iterations 520 to 540): 3.600700432784835E7
AVG (iterations 540 to 560): 3.636845788786692E7
AVG (iterations 560 to 580): 3.6456045135129556E7
AVG (iterations 580 to 600): 3.668273033554394E7
AVG (iterations 600 to 620): 3.625797121550596E7
AVG (iterations 620 to 640): 3.645173494754863E7
AVG (iterations 640 to 660): 3.5996360215655744E7
AVG (iterations 660 to 680): 3.641491902977912E7
AVG (iterations 680 to 700): 3.560381288431601E7
AVG (iterations 700 to 720): 3.552473080318193E7
AVG (iterations 720 to 740): 3.603024891903078E7
AVG (iterations 740 to 760): 3.590876081492664E7
AVG (iterations 760 to 780): 3.575228344317175E7
AVG (iterations 780 to 800): 3.617514872603269E7
AVG (iterations 800 to 820): 3.5773497612149775E7
AVG (iterations 820 to 840): 3.5703405845494784E7
AVG (iterations 840 to 860): 3.556080357215403E7
AVG (iterations 860 to 880): 3.624253651434011E7
AVG (iterations 880 to 900): 3.590677627177402E7
AVG (iterations 900 to 920): 3.570935968132206E7
AVG (iterations 920 to 940): 3.5708305122440256E7
AVG (iterations 940 to 960): 3.57492907391804E7
AVG (iterations 960 to 980): 3.571242237623433E7
Solution from ACO:
0 (40.7285) --> [171, 69]
1 (21.3588) --> [130]
2 (39.8201) --> [185]
3 (30.9161) --> [198]
4 (32.6285) --> [68]
5 (55.3400) --> [43, 51]
6 (29.5525) --> [86]
7 (58.2813) --> [75]
8 (17.4676) --> [59]
9 (47.6466) --> [164, 157]
10 --> []
11 (57.9809) --> [187, 42]
12 (38.1589) --> [178, 55]
13 (53.9854) --> [49, 173]
14 (40.7840) --> [161]
15 (35.5397) --> [179]
16 (52.0436) --> [138]
17 --> []
18 (70.4914) --> [148]
19 --> []
20 (85.9694) --> [36]
21 --> []
22 --> []
23 (20.6407) --> [190]
24 (60.5539) --> [83]
25 --> []
26 --> []
27 (50.3562) --> [63]
28 (75.0707) --> [81, 79]
29 (73.1099) --> [123]
30 (33.3021) --> [46, 197]
31 (39.7530) --> [131]
32 (58.7201) --> [4, 27]
33 --> []
34 (59.7157) --> [56, 98]
35 --> []
36 (35.1801) --> [58, 84]
37 (43.5310) --> [47, 127]
38 --> []
39 --> []
40 --> []
41 (63.7999) --> [169]
42 (48.0390) --> [182]
43 (54.4692) --> [142]
44 (65.8546) --> [104, 151]
45 --> []
46 (32.9081) --> [172]
47 (42.7071) --> [12]
48 (52.6862) --> [77, 80]
49 --> []
50 --> []
51 (29.9855) --> [102, 149]
52 (68.1860) --> [175]
53 (56.5622) --> [31]
54 (84.3599) --> [62, 65, 11]
55 (74.8431) --> [147]
56 (78.2812) --> [100, 144]
57 (51.6092) --> [126]
58 --> []
59 (23.6109) --> [26]
60 (30.1852) --> [37]
61 (36.4333) --> [140]
62 (46.2369) --> [103]
63 (31.0617) --> [121]
64 --> []
65 --> []
66 (70.5424) --> [34]
67 (4.2715) --> [20]
68 (33.9514) --> [109]
69 (29.4563) --> [93, 52]
70 --> []
71 --> []
72 (72.1616) --> [99, 44]
73 (41.8461) --> [5]
74 (28.8107) --> [132]
75 (48.9242) --> [87, 23]
76 (37.5614) --> [57, 35]
77 (62.5016) --> [193]
78 (36.7000) --> [16]
79 --> []
80 (36.9411) --> [101, 92]
81 (75.5467) --> [1]
82 --> []
83 (24.0050) --> [195]
84 (82.4015) --> [96]
85 (44.6462) --> [177]
86 (55.5411) --> [89]
87 (32.7910) --> [32]
88 (98.9088) --> [146, 114]
89 (80.0846) --> [95]
90 (70.5098) --> [111]
91 (64.9405) --> [88, 14]
92 (30.8374) --> [124, 135]
93 (49.1196) --> [166, 162]
94 (15.2533) --> [91]
95 (47.3616) --> [106, 134]
96 (21.7721) --> [2]
97 --> []
98 --> []
99 --> []
100 (126.5536) --> [189, 115]
101 --> []
102 --> []
103 (28.4072) --> [128]
104 (56.9492) --> [183]
105 (84.2159) --> [22, 199]
106 --> []
107 (74.5503) --> [74, 113, 21]
108 (45.0928) --> [94]
109 --> []
110 --> []
111 (90.3656) --> [6, 112]
112 (91.0167) --> [64, 129, 139]
113 --> []
114 (16.9528) --> [82]
115 (62.3650) --> [155]
116 (52.0688) --> [7]
117 (55.9142) --> [40]
118 (30.9283) --> [45]
119 (21.1872) --> [160]
120 --> []
121 (31.6402) --> [170]
122 --> []
123 (69.7416) --> [108]
124 (62.7298) --> [17, 110, 67]
125 --> []
126 (37.8438) --> [39]
127 --> []
128 (60.6949) --> [192]
129 (82.8387) --> [78]
130 --> []
131 --> []
132 (30.1803) --> [54]
133 (84.0588) --> [107, 188, 156]
134 (44.1641) --> [196]
135 --> []
136 --> []
137 --> []
138 (76.9822) --> [186, 153]
139 (32.5510) --> [143, 168]
140 (76.9992) --> [150, 145]
141 --> []
142 --> []
143 (79.8324) --> [152]
144 (115.8613) --> [105]
145 (70.4235) --> [181]
146 --> []
147 (72.2133) --> [48, 30]
148 --> []
149 (49.4825) --> [9]
150 --> []
151 (68.6943) --> [33]
152 --> []
153 (71.0701) --> [119, 136]
154 (27.4194) --> [24]
155 --> []
156 --> []
157 (69.0185) --> [184, 19]
158 (57.4306) --> [133]
159 (89.1078) --> [176]
160 (63.5724) --> [120]
161 (61.7670) --> [70]
162 (2.5724) --> [18]
163 --> []
164 --> []
165 (64.4980) --> [50, 76]
166 --> []
167 (64.6997) --> [13]
168 (35.3503) --> [72]
169 --> []
170 (68.3709) --> [29, 117]
171 (38.1331) --> [167, 8]
172 (33.7777) --> [15]
173 (78.9549) --> [116, 3]
174 (56.7737) --> [25]
175 (91.0139) --> [165]
176 (60.7789) --> [158]
177 (57.6737) --> [90]
178 (49.8002) --> [194]
179 (78.7821) --> [122, 174]
180 (59.2428) --> [85]
181 --> []
182 (66.2285) --> [141, 41]
183 (68.6177) --> [61]
184 (25.9548) --> [10]
185 (37.1011) --> [71]
186 (53.2967) --> [163, 66]
187 (76.3610) --> [154, 38, 125]
188 (60.3101) --> [73]
189 --> []
190 (52.6760) --> [97]
191 --> []
192 --> []
193 --> []
194 (73.3116) --> [118, 28]
195 (24.3165) --> [191]
196 (44.2278) --> [60, 159]
197 --> []
198 (87.0037) --> [53, 180]
199 (1.7514) --> [137]

Solution energy from ACO: 3.3050601087077882E7
trying to improve with local search...
final Solution:
0 (35.0359) --> [171, 8]
1 (21.3588) --> [130]
2 (39.8201) --> [185]
3 (30.9161) --> [198]
4 (32.6285) --> [68]
5 (55.3400) --> [43, 51]
6 (29.5525) --> [86]
7 (58.2813) --> [75]
8 (17.4676) --> [59]
9 (47.6466) --> [164, 157]
10 --> []
11 (57.9809) --> [187, 42]
12 (38.1589) --> [178, 55]
13 (53.9854) --> [49, 173]
14 (40.7840) --> [161]
15 (35.5397) --> [179]
16 (52.0436) --> [138]
17 --> []
18 (70.4914) --> [148]
19 --> []
20 (85.9694) --> [36]
21 --> []
22 --> []
23 (20.6407) --> [190]
24 (60.5539) --> [83]
25 --> []
26 --> []
27 (50.3562) --> [63]
28 (75.0707) --> [81, 79]
29 (73.1099) --> [123]
30 (33.3021) --> [46, 197]
31 (39.7530) --> [131]
32 (58.7201) --> [4, 27]
33 --> []
34 (59.7157) --> [56, 98]
35 --> []
36 (35.1801) --> [58, 84]
37 (43.5310) --> [47, 127]
38 --> []
39 --> []
40 --> []
41 (63.7999) --> [169]
42 (48.0390) --> [182]
43 (54.4692) --> [142]
44 (65.8546) --> [104, 151]
45 --> []
46 (32.9081) --> [172]
47 (42.7071) --> [12]
48 (52.6862) --> [77, 80]
49 --> []
50 --> []
51 (29.9855) --> [102, 149]
52 (68.1860) --> [175]
53 (56.5622) --> [31]
54 (84.3599) --> [62, 65, 11]
55 (74.8431) --> [147]
56 (78.2812) --> [100, 144]
57 (51.6092) --> [126]
58 --> []
59 (23.6109) --> [26]
60 (30.1852) --> [37]
61 (36.4333) --> [140]
62 (46.2369) --> [103]
63 (31.0617) --> [121]
64 --> []
65 --> []
66 (70.5424) --> [34]
67 (4.2715) --> [20]
68 (33.9514) --> [109]
69 (29.4563) --> [93, 52]
70 --> []
71 --> []
72 (72.1616) --> [99, 44]
73 (41.8461) --> [5]
74 (28.8107) --> [132]
75 (48.9242) --> [87, 23]
76 (37.5614) --> [57, 35]
77 (62.5016) --> [193]
78 (36.7000) --> [16]
79 --> []
80 (36.9411) --> [101, 92]
81 (75.5467) --> [1]
82 --> []
83 (24.0050) --> [195]
84 (82.4015) --> [96]
85 (44.6462) --> [177]
86 (55.5411) --> [89]
87 (32.7910) --> [32]
88 (98.9088) --> [146, 114]
89 (80.0846) --> [95]
90 (70.5098) --> [111]
91 (64.9405) --> [88, 14]
92 (30.8374) --> [124, 135]
93 (49.1196) --> [166, 162]
94 (15.2533) --> [91]
95 (47.3616) --> [106, 134]
96 (21.7721) --> [2]
97 --> []
98 --> []
99 --> []
100 (126.5536) --> [189, 115]
101 --> []
102 --> []
103 (28.4072) --> [128]
104 (56.9492) --> [183]
105 (84.2159) --> [22, 199]
106 --> []
107 (74.5503) --> [74, 113, 21]
108 (45.0928) --> [94]
109 --> []
110 --> []
111 (90.3656) --> [6, 112]
112 (91.0167) --> [64, 129, 139]
113 --> []
114 (16.9528) --> [82]
115 (62.3650) --> [155]
116 (52.0688) --> [7]
117 (55.9142) --> [40]
118 (30.9283) --> [45]
119 (21.1872) --> [160]
120 --> []
121 (31.6402) --> [170]
122 --> []
123 (69.7416) --> [108]
124 (62.7298) --> [17, 110, 67]
125 --> []
126 (37.8438) --> [39]
127 --> []
128 (60.6949) --> [192]
129 (82.8387) --> [78]
130 --> []
131 --> []
132 (30.1803) --> [54]
133 (84.0588) --> [107, 188, 156]
134 (44.1641) --> [196]
135 --> []
136 --> []
137 --> []
138 (76.9822) --> [186, 153]
139 (32.5510) --> [143, 168]
140 (76.9992) --> [150, 145]
141 --> []
142 --> []
143 (79.8324) --> [152]
144 (115.8613) --> [105]
145 (70.4235) --> [181]
146 --> []
147 (72.2133) --> [48, 30]
148 --> []
149 (49.4825) --> [9]
150 --> []
151 (68.6943) --> [33]
152 --> []
153 (71.0701) --> [119, 136]
154 (27.4194) --> [24]
155 --> []
156 --> []
157 (69.0185) --> [184, 19]
158 (57.4306) --> [133]
159 (89.1078) --> [176]
160 (63.5724) --> [120]
161 (61.7670) --> [70]
162 (2.5724) --> [18]
163 --> []
164 --> []
165 (64.4980) --> [50, 76]
166 --> []
167 (64.6997) --> [13]
168 (35.3503) --> [72]
169 --> []
170 (68.3709) --> [29, 117]
171 (42.9450) --> [167, 69]
172 (33.7777) --> [15]
173 (78.9549) --> [116, 3]
174 (56.7737) --> [25]
175 (91.0139) --> [165]
176 (60.7789) --> [158]
177 (57.6737) --> [90]
178 (49.8002) --> [194]
179 (78.7821) --> [122, 174]
180 (59.2428) --> [85]
181 --> []
182 (66.2285) --> [141, 41]
183 (68.6177) --> [61]
184 (25.9548) --> [10]
185 (37.1011) --> [71]
186 (53.2967) --> [163, 66]
187 (76.3610) --> [154, 38, 125]
188 (60.3101) --> [73]
189 --> []
190 (52.6760) --> [97]
191 --> []
192 --> []
193 --> []
194 (73.3116) --> [118, 28]
195 (24.3165) --> [191]
196 (44.2278) --> [60, 159]
197 --> []
198 (87.0037) --> [53, 180]
199 (1.7514) --> [137]

final Solution energy: 3.3049799246196702E7
Calculated in 29005ms
Ants=1000, alpha=0.6, beta=3.0, evaporate factor=0.07
(for ../../mebp/mebp-09.dat)
