New best solution in iteration 0: 3.174910241591581E9
New best solution in iteration 1: 2.5183636136469946E9
New best solution in iteration 2: 1.984193022387543E9
New best solution in iteration 6: 1.5880334970557125E9
New best solution in iteration 7: 1.239871165859799E9
AVG (iterations 0 to 20): 2.21025807228032E9
New best solution in iteration 23: 1.0603145466973543E9
AVG (iterations 20 to 40): 2.1634519591233954E9
New best solution in iteration 41: 9.023739367730038E8
AVG (iterations 40 to 60): 2.0940121434326065E9
AVG (iterations 60 to 80): 2.2544977860587816E9
New best solution in iteration 88: 6.929860547589397E8
AVG (iterations 80 to 100): 1.926706049982576E9
AVG (iterations 100 to 120): 2.0552978822799911E9
AVG (iterations 120 to 140): 2.042811268710242E9
New best solution in iteration 157: 4.242905386454036E8
New best solution in iteration 159: 2.6514506202850372E8
AVG (iterations 140 to 160): 1.3075747367233365E9
New best solution in iteration 167: 1.5316380810956728E8
New best solution in iteration 177: 9.127970330738921E7
New best solution in iteration 180: 5.969988793870072E7
AVG (iterations 160 to 180): 3.997891119924719E8
New best solution in iteration 182: 5.503470505195994E7
New best solution in iteration 186: 4.6089595541816436E7
New best solution in iteration 188: 4.5086225798888676E7
New best solution in iteration 193: 4.427576156927597E7
New best solution in iteration 197: 4.257794415115271E7
New best solution in iteration 198: 4.250753775430096E7
AVG (iterations 180 to 200): 1.05425378127613E8
New best solution in iteration 210: 4.0306306522280134E7
New best solution in iteration 213: 3.798468486485464E7
AVG (iterations 200 to 220): 4.887042732803196E7
New best solution in iteration 237: 3.7423163113414235E7
AVG (iterations 220 to 240): 4.97913801930719E7
AVG (iterations 240 to 260): 4.289121205363797E7
AVG (iterations 260 to 280): 4.225205853457564E7
AVG (iterations 280 to 300): 4.14381689454682E7
AVG (iterations 300 to 320): 4.105802171537236E7
AVG (iterations 320 to 340): 4.02279637805817E7
AVG (iterations 340 to 360): 4.0886061805688895E7
New best solution in iteration 378: 3.72144613114459E7
AVG (iterations 360 to 380): 3.985561474421368E7
AVG (iterations 380 to 400): 4.030435456428689E7
AVG (iterations 400 to 420): 3.999531966479108E7
AVG (iterations 420 to 440): 4.059349965307891E7
AVG (iterations 440 to 460): 3.9801648049128726E7
AVG (iterations 460 to 480): 3.953964327483787E7
New best solution in iteration 484: 3.693642575965393E7
New best solution in iteration 499: 3.6025748213959605E7
AVG (iterations 480 to 500): 3.904184788784692E7
AVG (iterations 500 to 520): 3.9204509808858715E7
AVG (iterations 520 to 540): 3.893457419554574E7
AVG (iterations 540 to 560): 3.87139796849932E7
AVG (iterations 560 to 580): 3.930344788723922E7
AVG (iterations 580 to 600): 3.898240983639155E7
AVG (iterations 600 to 620): 3.843450772704327E7
AVG (iterations 620 to 640): 3.912111058750513E7
New best solution in iteration 641: 3.564956253664411E7
AVG (iterations 640 to 660): 3.912536028244515E7
AVG (iterations 660 to 680): 3.958426469380627E7
AVG (iterations 680 to 700): 3.86372564434852E7
AVG (iterations 700 to 720): 3.923202466633992E7
AVG (iterations 720 to 740): 3.873981810738913E7
AVG (iterations 740 to 760): 3.917405186394534E7
AVG (iterations 760 to 780): 3.939809195406932E7
AVG (iterations 780 to 800): 3.830490640173074E7
AVG (iterations 800 to 820): 3.8682660213862695E7
AVG (iterations 820 to 840): 3.9761778299616255E7
AVG (iterations 840 to 860): 3.9140925322683364E7
AVG (iterations 860 to 880): 3.853248954639037E7
AVG (iterations 880 to 900): 3.783232577738975E7
AVG (iterations 900 to 920): 3.816049637457298E7
New best solution in iteration 928: 3.559197024251037E7
AVG (iterations 920 to 940): 3.75107542403186E7
AVG (iterations 940 to 960): 3.787203753045871E7
AVG (iterations 960 to 980): 3.910005846690491E7
Solution from ACO:
0 (79.8935) --> [56, 60, 88]
1 (100.7649) --> [149, 98]
2 (76.8526) --> [174, 1]
3 (46.7667) --> [106]
4 (53.5081) --> [126]
5 (74.8493) --> [153]
6 (35.8099) --> [184, 40]
7 --> []
8 (134.9275) --> [89, 134]
9 (66.1330) --> [188]
10 (44.5012) --> [61]
11 (48.8867) --> [161, 31]
12 (86.9096) --> [124, 21]
13 (43.4920) --> [103]
14 (50.4661) --> [125]
15 (51.3034) --> [118]
16 --> []
17 --> []
18 (73.5893) --> [132, 128]
19 (15.8589) --> [80]
20 (72.0951) --> [122, 29]
21 (27.9495) --> [196]
22 (46.4393) --> [198]
23 (48.2812) --> [4]
24 (50.5707) --> [35, 101]
25 (62.2530) --> [38]
26 --> []
27 (58.2978) --> [160, 168, 12]
28 (90.7262) --> [76]
29 --> []
30 (14.4783) --> [78]
31 --> []
32 (24.2387) --> [94]
33 (79.4878) --> [57]
34 (47.3489) --> [189]
35 (55.9677) --> [183, 100]
36 (97.5382) --> [182]
37 --> []
38 --> []
39 (42.5508) --> [165]
40 (20.4670) --> [115]
41 (37.4534) --> [82]
42 (64.0796) --> [148]
43 (71.3434) --> [16, 41]
44 (68.8528) --> [123]
45 (86.6401) --> [30, 84]
46 (49.6252) --> [177, 181]
47 --> []
48 --> []
49 (33.0435) --> [42]
50 (47.9093) --> [175, 191]
51 (54.0073) --> [43]
52 --> []
53 (38.5809) --> [58]
54 (50.2577) --> [108]
55 --> []
56 (90.1731) --> [143]
57 (83.0220) --> [119]
58 (97.4076) --> [81, 141]
59 (44.3164) --> [7, 8]
60 (50.7539) --> [135]
61 (85.8921) --> [195, 120]
62 (21.0803) --> [48]
63 (35.0790) --> [2]
64 (50.3146) --> [77]
65 --> []
66 (65.3760) --> [111]
67 --> []
68 (106.5386) --> [154, 65]
69 --> []
70 (25.9903) --> [75]
71 --> []
72 (108.5354) --> [23, 67]
73 (38.8995) --> [64, 173]
74 (65.3835) --> [107]
75 (17.7046) --> [186]
76 (92.9166) --> [147]
77 --> []
78 (74.0648) --> [144, 140]
79 --> []
80 (76.2024) --> [93]
81 (70.3255) --> [178, 9]
82 (55.4588) --> [10]
83 (24.5868) --> [13]
84 (6.3597) --> [127]
85 --> []
86 (63.3932) --> [104]
87 (85.8742) --> [151]
88 (44.2907) --> [33]
89 (60.2494) --> [110]
90 (64.6070) --> [131, 63]
91 (61.6083) --> [69, 121, 159, 166]
92 (26.2529) --> [138]
93 --> []
94 (46.8948) --> [157, 3]
95 (69.7924) --> [62, 32]
96 (20.6043) --> [14]
97 --> []
98 (50.4339) --> [59]
99 (40.2091) --> [169, 199]
100 --> []
101 (13.6428) --> [187]
102 --> []
103 --> []
104 (47.5087) --> [145, 28]
105 (32.0778) --> [163]
106 (31.9595) --> [192]
107 (64.9524) --> [11]
108 --> []
109 (55.9466) --> [53]
110 (46.8118) --> [176]
111 (47.5241) --> [51, 92]
112 --> []
113 --> []
114 (66.0287) --> [49]
115 (70.4361) --> [44, 17]
116 (24.3799) --> [74]
117 (50.1890) --> [22]
118 --> []
119 (43.1406) --> [129]
120 (72.6992) --> [158]
121 (9.7939) --> [170]
122 (73.5834) --> [73]
123 (16.6104) --> [5]
124 (19.7954) --> [52]
125 (57.1592) --> [55, 152]
126 --> []
127 (74.7673) --> [146]
128 (14.1887) --> [136]
129 (39.7410) --> [91]
130 (100.7948) --> [167, 105]
131 --> []
132 (50.9969) --> [79, 156]
133 --> []
134 --> []
135 (54.3552) --> [68]
136 (71.0689) --> [34, 87, 190]
137 (10.9882) --> [179]
138 (69.2897) --> [90]
139 (21.5870) --> [66]
140 (63.0678) --> [172]
141 --> []
142 (46.1760) --> [99]
143 --> []
144 --> []
145 (30.5363) --> [19]
146 (83.4053) --> [25]
147 --> []
148 --> []
149 --> []
150 (25.9810) --> [130]
151 (70.9014) --> [95]
152 --> []
153 (53.4510) --> [72]
154 (58.0984) --> [194]
155 (24.3551) --> [27]
156 (40.5663) --> [113]
157 (47.5557) --> [142]
158 (39.1291) --> [15]
159 (62.4364) --> [109, 162]
160 --> []
161 --> []
162 (51.1143) --> [114]
163 (26.2115) --> [197]
164 (43.7316) --> [37, 117]
165 (31.7030) --> [133, 185, 70]
166 --> []
167 (62.5631) --> [97]
168 (63.5472) --> [54]
169 --> []
170 --> []
171 (57.1881) --> [85, 36]
172 (63.8684) --> [18]
173 (52.3414) --> [96, 46]
174 --> []
175 (15.7677) --> [180]
176 (69.2774) --> [47, 155]
177 (59.0599) --> [83]
178 --> []
179 (44.4657) --> [171]
180 --> []
181 --> []
182 --> []
183 (19.6471) --> [6]
184 --> []
185 --> []
186 --> []
187 (39.6079) --> [139]
188 (44.1699) --> [20]
189 (36.9040) --> [164, 102]
190 (29.0837) --> [86]
191 (51.0900) --> [24]
192 (71.1385) --> [150]
193 (91.1673) --> [50]
194 (59.7647) --> [45, 137]
195 (35.6416) --> [112]
196 (68.3174) --> [71]
197 (40.9359) --> [26]
198 (38.2585) --> [39]
199 (39.7958) --> [193, 116]

Solution energy from ACO: 3.559197024251037E7
trying to improve with local search...
final Solution:
0 (79.8935) --> [56, 60, 88]
1 (100.7649) --> [149, 98]
2 (76.8526) --> [174, 1]
3 (46.7667) --> [106]
4 (53.5081) --> [126]
5 (74.8493) --> [153]
6 (35.8099) --> [184, 40]
7 --> []
8 (134.9275) --> [89, 134]
9 (66.1330) --> [188]
10 (44.5012) --> [61]
11 (48.8867) --> [161, 31]
12 (86.9096) --> [124, 21]
13 (43.4920) --> [103]
14 (50.4661) --> [125]
15 (51.3034) --> [118]
16 --> []
17 --> []
18 (73.5893) --> [132, 128]
19 (15.8589) --> [80]
20 (72.0951) --> [122, 29]
21 (27.9495) --> [196]
22 (46.4393) --> [198]
23 (48.2812) --> [4]
24 (50.5707) --> [35, 101]
25 (62.2530) --> [38]
26 --> []
27 (58.2978) --> [160, 168, 12]
28 (90.7262) --> [76]
29 --> []
30 (14.4783) --> [78]
31 --> []
32 (24.2387) --> [94]
33 (79.4878) --> [57]
34 (47.3489) --> [189]
35 (55.9677) --> [183, 100]
36 (97.5382) --> [182]
37 --> []
38 --> []
39 (42.5508) --> [165]
40 (20.4670) --> [115]
41 (37.4534) --> [82]
42 (64.0796) --> [148]
43 (71.3434) --> [16, 41]
44 (68.8528) --> [123]
45 (61.7886) --> [30, 144]
46 (49.6252) --> [177, 181]
47 --> []
48 --> []
49 (33.0435) --> [42]
50 (47.9093) --> [175, 191]
51 (54.0073) --> [43]
52 --> []
53 (38.5809) --> [58]
54 (50.2577) --> [108]
55 --> []
56 (90.1731) --> [143]
57 (83.0220) --> [119]
58 (97.4076) --> [81, 141]
59 (44.3164) --> [7, 8]
60 (50.7539) --> [135]
61 (85.8921) --> [195, 120]
62 (21.0803) --> [48]
63 (35.0790) --> [2]
64 (50.3146) --> [77]
65 --> []
66 (65.3760) --> [111]
67 --> []
68 (106.5386) --> [154, 65]
69 --> []
70 (25.9903) --> [75]
71 --> []
72 (108.5354) --> [23, 67]
73 (38.8995) --> [64, 173]
74 (65.3835) --> [107]
75 (17.7046) --> [186]
76 (92.9166) --> [147]
77 --> []
78 (87.2176) --> [140, 84]
79 --> []
80 (76.2024) --> [93]
81 (70.3255) --> [178, 9]
82 (55.4588) --> [10]
83 (24.5868) --> [13]
84 (6.3597) --> [127]
85 --> []
86 (63.3932) --> [104]
87 (85.8742) --> [151]
88 (44.2907) --> [33]
89 (60.2494) --> [110]
90 (64.6070) --> [131, 63]
91 (61.6083) --> [69, 121, 159, 166]
92 (26.2529) --> [138]
93 --> []
94 (46.8948) --> [157, 3]
95 (69.7924) --> [62, 32]
96 (20.6043) --> [14]
97 --> []
98 (50.4339) --> [59]
99 (40.2091) --> [169, 199]
100 --> []
101 (13.6428) --> [187]
102 --> []
103 --> []
104 (47.5087) --> [145, 28]
105 (32.0778) --> [163]
106 (31.9595) --> [192]
107 (64.9524) --> [11]
108 --> []
109 (55.9466) --> [53]
110 (46.8118) --> [176]
111 (47.5241) --> [51, 92]
112 --> []
113 --> []
114 (66.0287) --> [49]
115 (70.4361) --> [44, 17]
116 (24.3799) --> [74]
117 (50.1890) --> [22]
118 --> []
119 (43.1406) --> [129]
120 (72.6992) --> [158]
121 (9.7939) --> [170]
122 (73.5834) --> [73]
123 (16.6104) --> [5]
124 (19.7954) --> [52]
125 (57.1592) --> [55, 152]
126 --> []
127 (74.7673) --> [146]
128 (14.1887) --> [136]
129 (39.7410) --> [91]
130 (100.7948) --> [167, 105]
131 --> []
132 (50.9969) --> [79, 156]
133 --> []
134 --> []
135 (54.3552) --> [68]
136 (71.0689) --> [34, 87, 190]
137 (10.9882) --> [179]
138 (69.2897) --> [90]
139 (21.5870) --> [66]
140 (63.0678) --> [172]
141 --> []
142 (46.1760) --> [99]
143 --> []
144 --> []
145 (30.5363) --> [19]
146 (83.4053) --> [25]
147 --> []
148 --> []
149 --> []
150 (25.9810) --> [130]
151 (70.9014) --> [95]
152 --> []
153 (53.4510) --> [72]
154 (58.0984) --> [194]
155 (24.3551) --> [27]
156 (40.5663) --> [113]
157 (47.5557) --> [142]
158 (39.1291) --> [15]
159 (62.4364) --> [109, 162]
160 --> []
161 --> []
162 (51.1143) --> [114]
163 (26.2115) --> [197]
164 (43.7316) --> [37, 117]
165 (31.7030) --> [133, 185, 70]
166 --> []
167 (62.5631) --> [97]
168 (63.5472) --> [54]
169 --> []
170 --> []
171 (57.1881) --> [85, 36]
172 (63.8684) --> [18]
173 (52.3414) --> [96, 46]
174 --> []
175 (34.8910) --> [50]
176 (69.2774) --> [47, 155]
177 (59.0599) --> [83]
178 --> []
179 (44.4657) --> [171]
180 --> []
181 --> []
182 --> []
183 (19.6471) --> [6]
184 --> []
185 --> []
186 --> []
187 (39.6079) --> [139]
188 (44.1699) --> [20]
189 (36.9040) --> [164, 102]
190 (29.0837) --> [86]
191 (51.0900) --> [24]
192 (71.1385) --> [150]
193 (73.5749) --> [180]
194 (59.7647) --> [45, 137]
195 (35.6416) --> [112]
196 (68.3174) --> [71]
197 (40.9359) --> [26]
198 (38.2585) --> [39]
199 (39.7958) --> [193, 116]

final Solution energy: 3.511377304022763E7
Calculated in 34391ms
Ants=1000, alpha=0.6, beta=3.0, evaporate factor=0.07
(for ../../mebp/mebp-08.dat)
