New best solution in iteration 0: 3.1682542999568067E9
New best solution in iteration 2: 3.1286318849361606E9
New best solution in iteration 3: 2.574691183702331E9
New best solution in iteration 16: 2.170771722833068E9
AVG (iterations 0 to 20): 3.4830790152500734E9
New best solution in iteration 25: 1.8791613892312493E9
AVG (iterations 20 to 40): 3.405407045284821E9
New best solution in iteration 51: 1.8695053681825383E9
AVG (iterations 40 to 60): 4.0267615030341597E9
AVG (iterations 60 to 80): 3.6225583215850244E9
AVG (iterations 80 to 100): 3.14634444448841E9
AVG (iterations 100 to 120): 3.624297791024848E9
AVG (iterations 120 to 140): 3.4536827622348394E9
New best solution in iteration 151: 1.7052260852663496E9
New best solution in iteration 158: 9.180607339145805E8
AVG (iterations 140 to 160): 2.590944230580428E9
New best solution in iteration 172: 5.275931217749253E8
New best solution in iteration 176: 2.838369503232523E8
AVG (iterations 160 to 180): 1.4236450905939267E9
New best solution in iteration 182: 1.2537424554487437E8
New best solution in iteration 189: 1.1532149280890793E8
New best solution in iteration 194: 4.315827774645792E7
New best solution in iteration 196: 3.8531426413125925E7
New best solution in iteration 198: 3.2050303920870464E7
AVG (iterations 180 to 200): 2.08364862153171E8
New best solution in iteration 203: 2.7764879436090037E7
New best solution in iteration 206: 2.7031538138741575E7
New best solution in iteration 208: 2.650692533194257E7
AVG (iterations 200 to 220): 6.3762632827568494E7
New best solution in iteration 221: 2.528065541920119E7
New best solution in iteration 231: 2.4704569687432583E7
AVG (iterations 220 to 240): 2.704960517396351E7
New best solution in iteration 242: 2.449335455679071E7
New best solution in iteration 248: 2.4056422864756986E7
New best solution in iteration 249: 2.383500212192183E7
New best solution in iteration 251: 2.359249973132692E7
AVG (iterations 240 to 260): 2.6012506477261074E7
New best solution in iteration 276: 2.3476671601218957E7
AVG (iterations 260 to 280): 2.5272608390401162E7
AVG (iterations 280 to 300): 2.487138932245616E7
New best solution in iteration 314: 2.340258430701653E7
AVG (iterations 300 to 320): 2.4505963854337607E7
AVG (iterations 320 to 340): 2.44729958234488E7
New best solution in iteration 345: 2.3247319252581034E7
AVG (iterations 340 to 360): 2.404152508600184E7
AVG (iterations 360 to 380): 2.423550479591494E7
New best solution in iteration 390: 2.3194855479210246E7
AVG (iterations 380 to 400): 2.4322040127292078E7
AVG (iterations 400 to 420): 2.4362217073630117E7
New best solution in iteration 430: 2.3164163197954517E7
New best solution in iteration 431: 2.298903776477763E7
New best solution in iteration 440: 2.2803194541220278E7
AVG (iterations 420 to 440): 2.393343125620053E7
AVG (iterations 440 to 460): 2.419709074423238E7
New best solution in iteration 466: 2.263453585908376E7
AVG (iterations 460 to 480): 2.3908451120838467E7
AVG (iterations 480 to 500): 2.3786520485673446E7
AVG (iterations 500 to 520): 2.3787265418176048E7
AVG (iterations 520 to 540): 2.369130192194529E7
AVG (iterations 540 to 560): 2.3624475578917585E7
AVG (iterations 560 to 580): 2.3729265514143493E7
AVG (iterations 580 to 600): 2.35646144972355E7
AVG (iterations 600 to 620): 2.349311505314104E7
AVG (iterations 620 to 640): 2.3372883348663017E7
New best solution in iteration 654: 2.2530050310842287E7
New best solution in iteration 657: 2.2484657824189857E7
AVG (iterations 640 to 660): 2.33065509860039E7
AVG (iterations 660 to 680): 2.3448729808155823E7
AVG (iterations 680 to 700): 2.3562247800339893E7
New best solution in iteration 704: 2.2443498839123722E7
New best solution in iteration 708: 2.2410979449645832E7
New best solution in iteration 709: 2.211085718354463E7
AVG (iterations 700 to 720): 2.316320837339037E7
AVG (iterations 720 to 740): 2.312734182478946E7
AVG (iterations 740 to 760): 2.3263623672722764E7
AVG (iterations 760 to 780): 2.3297015388468053E7
AVG (iterations 780 to 800): 2.3259069284385897E7
AVG (iterations 800 to 820): 2.3379828951167025E7
AVG (iterations 820 to 840): 2.3252159764139324E7
AVG (iterations 840 to 860): 2.324186851807784E7
AVG (iterations 860 to 880): 2.3185156098974507E7
AVG (iterations 880 to 900): 2.317559554584053E7
AVG (iterations 900 to 920): 2.3053980830678716E7
AVG (iterations 920 to 940): 2.3074888182468127E7
AVG (iterations 940 to 960): 2.318315813418613E7
AVG (iterations 960 to 980): 2.3096778194012113E7
Solution from ACO:
0 (29.7089) --> [365, 348]
1 (20.8746) --> [274]
2 (28.0261) --> [466, 321]
3 (41.2576) --> [293]
4 (28.6599) --> [428, 300]
5 (20.7732) --> [453]
6 (27.8157) --> [400]
7 (35.6897) --> [316]
8 (28.1325) --> [423]
9 (13.5017) --> [384]
10 (20.0057) --> [210]
11 --> []
12 (2.6634) --> [158]
13 (30.8838) --> [299, 64]
14 (35.7584) --> [144]
15 --> []
16 (46.6063) --> [361, 436]
17 (21.5857) --> [46]
18 (42.7442) --> [208, 493]
19 (53.7838) --> [111]
20 --> []
21 (49.3298) --> [484]
22 (33.3909) --> [157]
23 (16.3598) --> [426]
24 (44.8625) --> [283, 9]
25 (20.6404) --> [121]
26 --> []
27 (13.8842) --> [181]
28 --> []
29 (30.2369) --> [284]
30 --> []
31 (10.7201) --> [313]
32 --> []
33 --> []
34 (18.9936) --> [394]
35 (40.6458) --> [302, 356]
36 --> []
37 (14.1046) --> [465]
38 (22.5747) --> [411]
39 (13.7625) --> [308]
40 (4.4736) --> [153]
41 (29.6594) --> [69]
42 (28.5838) --> [472, 81]
43 (19.6179) --> [108]
44 (32.6244) --> [494, 61]
45 (77.3278) --> [272]
46 (20.9906) --> [159, 291]
47 (83.1580) --> [104]
48 (11.4845) --> [228]
49 (59.1220) --> [225, 452]
50 (35.7960) --> [219, 347]
51 (34.5401) --> [33]
52 (63.8338) --> [55, 366]
53 (10.7409) --> [281]
54 --> []
55 --> []
56 (31.0887) --> [242, 236]
57 (18.6900) --> [288, 409]
58 --> []
59 (34.9489) --> [277, 263]
60 --> []
61 (54.7113) --> [310]
62 (19.3633) --> [190]
63 (19.3042) --> [105]
64 (27.1341) --> [196]
65 (16.7391) --> [163]
66 (40.1583) --> [53]
67 --> []
68 (20.8137) --> [96]
69 (5.7662) --> [496]
70 --> []
71 (32.6906) --> [18]
72 (41.5778) --> [212]
73 (14.9335) --> [200]
74 --> []
75 (35.6568) --> [101]
76 (47.9396) --> [314]
77 (25.1571) --> [278, 399]
78 (47.8936) --> [341, 372]
79 --> []
80 (20.4781) --> [222]
81 (58.8802) --> [234]
82 (61.2933) --> [131, 171]
83 (25.7445) --> [85]
84 (28.1844) --> [168, 135]
85 (29.4288) --> [463]
86 (27.7436) --> [11]
87 (31.9680) --> [471]
88 (17.8105) --> [164]
89 (53.0595) --> [27, 280]
90 (29.4874) --> [148]
91 (55.7966) --> [16, 433]
92 (8.7733) --> [100]
93 (27.4818) --> [303, 227]
94 (21.4311) --> [71]
95 (20.3368) --> [35]
96 (41.1026) --> [416]
97 (17.6668) --> [28]
98 (39.0457) --> [491]
99 (30.4415) --> [468]
100 (36.0659) --> [14]
101 (55.6663) --> [43, 369]
102 (25.2874) --> [464]
103 (28.3115) --> [386, 353]
104 --> []
105 --> []
106 (53.0276) --> [255]
107 (66.7456) --> [337]
108 (35.5726) --> [243]
109 (17.0280) --> [103]
110 (51.4084) --> [142]
111 (25.3294) --> [269, 91]
112 (39.1380) --> [435]
113 (45.3668) --> [457]
114 (10.8853) --> [497]
115 (26.0793) --> [65, 173]
116 --> []
117 (48.9179) --> [78]
118 (53.7114) --> [187, 87]
119 --> []
120 (46.6382) --> [431]
121 (37.7562) --> [130]
122 (16.2265) --> [462]
123 --> []
124 (59.1954) --> [375]
125 (44.4041) --> [446]
126 (49.2223) --> [98]
127 (33.8289) --> [266, 256]
128 (53.5231) --> [323]
129 (36.7875) --> [476, 376]
130 (55.8414) --> [254, 23]
131 (35.0009) --> [139, 250]
132 (33.5716) --> [73, 374]
133 (66.3246) --> [115]
134 (25.3214) --> [240]
135 --> []
136 (55.0762) --> [76, 360]
137 --> []
138 (48.3354) --> [447, 364]
139 (23.7876) --> [106, 32]
140 --> []
141 --> []
142 (40.2786) --> [368, 357]
143 --> []
144 (23.5694) --> [352, 327]
145 (32.0669) --> [270, 419]
146 (41.5980) --> [107, 397]
147 (54.0084) --> [205, 443]
148 (22.9765) --> [38]
149 --> []
150 (52.7289) --> [246]
151 (21.2205) --> [286]
152 (8.4100) --> [8]
153 --> []
154 --> []
155 (44.3279) --> [183]
156 --> []
157 (45.2117) --> [199, 92, 424]
158 --> []
159 (43.0344) --> [194]
160 (63.5431) --> [489]
161 --> []
162 --> []
163 (17.2091) --> [237, 122]
164 (38.4645) --> [235, 320]
165 (24.7640) --> [332]
166 (28.9032) --> [44]
167 (31.7048) --> [80]
168 (34.1208) --> [403]
169 (33.6301) --> [330]
170 (16.8844) --> [304]
171 (30.1491) --> [88, 230]
172 --> []
173 (39.3436) --> [414]
174 (12.6094) --> [180]
175 (21.8941) --> [22]
176 --> []
177 --> []
178 (37.4080) --> [474]
179 (42.5770) --> [127]
180 (37.5134) --> [52, 362]
181 --> []
182 (22.4183) --> [147]
183 --> []
184 (33.0191) --> [170, 216]
185 --> []
186 (48.4445) --> [305]
187 (63.0514) --> [67, 290]
188 (18.8430) --> [418]
189 (36.9182) --> [420, 487]
190 (21.9767) --> [136]
191 (16.1213) --> [430]
192 (22.6007) --> [198]
193 (13.4732) --> [265, 176]
194 (35.2196) --> [169, 39]
195 --> []
196 --> []
197 (30.7597) --> [118]
198 --> []
199 (23.0347) --> [94]
200 --> []
201 --> []
202 (34.0701) --> [186]
203 (13.9051) --> [370]
204 (21.6515) --> [99]
205 --> []
206 (54.7633) --> [125]
207 --> []
208 --> []
209 (24.0024) --> [188]
210 --> []
211 (29.0432) --> [45]
212 (59.0241) --> [309, 264]
213 (14.5440) --> [297]
214 --> []
215 --> []
216 (33.8357) --> [207]
217 (60.4814) --> [490, 379, 363]
218 --> []
219 --> []
220 (38.4760) --> [247]
221 (22.1947) --> [359]
222 (38.3428) --> [271, 229]
223 --> []
224 --> []
225 (23.1927) --> [151]
226 --> []
227 (7.2281) --> [233]
228 (25.6769) --> [282]
229 --> []
230 (20.6538) --> [89]
231 (51.5295) --> [260]
232 (30.6322) --> [380]
233 --> []
234 (48.5167) --> [326]
235 --> []
236 --> []
237 (37.3278) --> [478]
238 --> []
239 (53.0297) --> [294]
240 (50.7472) --> [499, 333]
241 --> []
242 (31.5150) --> [458]
243 (45.7945) --> [231, 83]
244 (40.6735) --> [448]
245 (14.4267) --> [322]
246 --> []
247 --> []
248 (36.2117) --> [66, 429]
249 (36.1360) --> [253]
250 (6.4065) --> [116]
251 (50.1456) --> [427]
252 (44.2141) --> [17]
253 (47.4129) --> [392]
254 (31.7437) --> [197]
255 (47.4107) --> [79, 201]
256 (45.3441) --> [241]
257 --> []
258 --> []
259 (27.2279) --> [350]
260 --> []
261 (23.6359) --> [120]
262 (24.3106) --> [77]
263 (82.0076) --> [36, 459, 84]
264 --> []
265 (35.7919) --> [42]
266 (48.4404) --> [387]
267 --> []
268 --> []
269 --> []
270 (43.4897) --> [415]
271 (11.2533) --> [470]
272 --> []
273 (27.0454) --> [408]
274 --> []
275 (22.1408) --> [30, 318, 239]
276 (23.0330) --> [109]
277 (33.0275) --> [279]
278 (45.6526) --> [145]
279 (21.3918) --> [398]
280 (29.1631) --> [275]
281 (14.7186) --> [21]
282 (25.3527) --> [4, 486]
283 (32.3439) --> [86]
284 (33.8644) --> [488]
285 --> []
286 --> []
287 --> []
288 --> []
289 (20.9287) --> [20]
290 (33.4905) --> [289]
291 (24.0088) --> [261]
292 (44.7097) --> [57, 211]
293 (36.4775) --> [396]
294 (50.3890) --> [155, 258]
295 (42.9774) --> [382, 48]
296 --> []
297 (42.2229) --> [165]
298 (51.8225) --> [441]
299 --> []
300 (28.9771) --> [74]
301 --> []
302 (10.7263) --> [378]
303 (10.0200) --> [97]
304 (27.0089) --> [213]
305 (14.4273) --> [10]
306 (22.6362) --> [1, 336]
307 (7.4504) --> [51]
308 (35.4951) --> [334, 5]
309 (16.1398) --> [311]
310 (40.4967) --> [434]
311 (8.3691) --> [102]
312 (17.3626) --> [58]
313 (48.5603) --> [402]
314 --> []
315 (48.9267) --> [444]
316 --> []
317 --> []
318 (30.9855) --> [331]
319 (56.8930) --> [482, 460]
320 (29.2782) --> [154, 56]
321 (49.1947) --> [373, 112]
322 (45.2174) --> [417]
323 (60.4617) --> [215, 3]
324 --> []
325 (47.4722) --> [117, 395]
326 (14.2627) --> [343]
327 (8.1315) --> [354]
328 --> []
329 (22.0453) --> [178]
330 (4.2300) --> [249]
331 --> []
332 (27.8045) --> [68]
333 (11.7929) --> [324]
334 (6.0594) --> [12, 306]
335 --> []
336 (51.5224) --> [442, 195]
337 (23.0104) --> [292]
338 (21.7138) --> [383, 70]
339 (49.7158) --> [245]
340 (16.3590) --> [202]
341 --> []
342 (21.4110) --> [385]
343 (30.0283) --> [259, 495]
344 (38.9304) --> [161]
345 (28.7586) --> [232, 439, 54]
346 (17.7767) --> [407]
347 (38.6602) --> [238]
348 (34.0160) --> [405]
349 (24.0079) --> [90]
350 --> []
351 (44.1644) --> [220, 467]
352 (17.7708) --> [422]
353 --> []
354 --> []
355 (36.3151) --> [217]
356 --> []
357 (15.0075) --> [244]
358 (47.7391) --> [404, 150, 162]
359 (76.2445) --> [438, 40]
360 --> []
361 (35.4985) --> [301, 172]
362 (24.8996) --> [60, 114]
363 (35.2555) --> [26]
364 (29.6794) --> [479]
365 (61.9081) --> [146]
366 --> []
367 --> []
368 (34.5651) --> [93]
369 --> []
370 --> []
371 (22.7096) --> [203]
372 (10.0802) --> [129]
373 (42.6864) --> [349]
374 (33.4657) --> [152, 371]
375 (24.4420) --> [24]
376 (15.8829) --> [41]
377 (16.4410) --> [393, 226]
378 (29.0847) --> [50]
379 (15.6321) --> [346]
380 --> []
381 (9.4248) --> [406]
382 (36.2402) --> [377]
383 (28.8018) --> [451, 25]
384 (36.0750) --> [307]
385 (35.7145) --> [381, 319]
386 --> []
387 (35.4852) --> [481, 298]
388 (63.7695) --> [312, 37, 59]
389 (10.5158) --> [223, 82]
390 (34.3570) --> [342]
391 (78.4063) --> [469, 143, 31]
392 --> []
393 --> []
394 (42.3500) --> [123]
395 (38.9971) --> [140]
396 (13.4221) --> [182]
397 (3.1979) --> [252]
398 --> []
399 --> []
400 --> []
401 (26.7635) --> [437, 461]
402 (11.1112) --> [276]
403 --> []
404 (45.6981) --> [6]
405 (38.1505) --> [412, 339]
406 --> []
407 (15.0554) --> [175]
408 (30.0194) --> [204]
409 --> []
410 (42.9808) --> [456, 251]
411 (30.0880) --> [248]
412 (22.9739) --> [358]
413 (31.9486) --> [2, 317]
414 (43.1200) --> [454, 498]
415 (63.4482) --> [338]
416 (22.8240) --> [160]
417 (43.9292) --> [351, 19]
418 (21.4224) --> [445]
419 (25.6447) --> [177, 440, 340]
420 --> []
421 (2.8438) --> [110]
422 (15.3167) --> [477, 141]
423 (4.3449) --> [119]
424 (21.9271) --> [390]
425 --> []
426 (35.8932) --> [285, 473]
427 (15.2052) --> [34]
428 --> []
429 (33.8386) --> [137]
430 (68.6502) --> [149]
431 --> []
432 --> []
433 (31.0729) --> [49]
434 (20.2036) --> [413]
435 --> []
436 (23.0409) --> [388]
437 --> []
438 --> []
439 --> []
440 --> []
441 --> []
442 (26.2502) --> [344, 75]
443 (44.2371) --> [62, 124]
444 --> []
445 --> []
446 (15.8488) --> [367]
447 (20.4373) --> [475]
448 (47.0776) --> [189, 206]
449 (26.2971) --> [257]
450 (29.4965) --> [480, 7]
451 (38.1689) --> [47, 329]
452 (20.9086) --> [295]
453 (50.1365) --> [72]
454 (20.3193) --> [425]
455 (18.4104) --> [483]
456 (53.6704) --> [267, 328]
457 (25.1384) --> [455]
458 (6.3713) --> [184]
459 (32.8087) --> [287, 179]
460 (54.6238) --> [132, 315]
461 (22.3033) --> [410]
462 (15.1990) --> [113]
463 --> []
464 (18.1913) --> [262]
465 (34.2874) --> [174]
466 (16.3321) --> [185]
467 (18.5052) --> [389]
468 (8.5306) --> [218, 166]
469 --> []
470 (39.9181) --> [138]
471 (60.6512) --> [13, 133, 224]
472 (50.4526) --> [325, 485]
473 (47.5506) --> [432]
474 (7.2948) --> [15]
475 (41.7744) --> [128]
476 (29.6576) --> [126]
477 (47.5217) --> [401]
478 (25.5911) --> [345, 214]
479 (33.7127) --> [450]
480 (37.7311) --> [29, 191]
481 (46.9933) --> [221, 355]
482 --> []
483 --> []
484 (52.6384) --> [296, 95]
485 (67.2230) --> [192]
486 (36.6509) --> [421, 449]
487 (40.7083) --> [134]
488 --> []
489 (38.2180) --> [492]
490 (42.9268) --> [156]
491 (40.3226) --> [273, 335]
492 (40.7532) --> [209]
493 (18.1992) --> [167]
494 --> []
495 --> []
496 (46.1159) --> [268, 391]
497 (14.5118) --> [63]
498 --> []
499 (5.9539) --> [193]

Solution energy from ACO: 2.211085718354463E7
trying to improve with local search...
final Solution:
0 (29.7089) --> [365, 348]
1 (20.8746) --> [274]
2 (28.0261) --> [466, 321]
3 (41.2576) --> [293]
4 (28.6599) --> [428, 300]
5 (20.7732) --> [453]
6 (27.8157) --> [400]
7 (35.6897) --> [316]
8 (28.1325) --> [423]
9 (13.5017) --> [384]
10 (20.0057) --> [210]
11 --> []
12 (2.6634) --> [158]
13 (30.8838) --> [299, 64]
14 (35.7584) --> [144]
15 --> []
16 (46.6063) --> [361, 436]
17 (21.5857) --> [46]
18 (42.7442) --> [208, 493]
19 (53.7838) --> [111]
20 --> []
21 (49.3298) --> [484]
22 (33.3909) --> [157]
23 (16.3598) --> [426]
24 (44.8625) --> [283, 9]
25 (20.6404) --> [121]
26 --> []
27 (13.8842) --> [181]
28 --> []
29 (30.2369) --> [284]
30 --> []
31 (10.7201) --> [313]
32 --> []
33 --> []
34 (18.9936) --> [394]
35 (40.6458) --> [302, 356]
36 --> []
37 (14.1046) --> [465]
38 (22.5747) --> [411]
39 (13.7625) --> [308]
40 (4.4736) --> [153]
41 (29.6594) --> [69]
42 (28.5838) --> [472, 81]
43 (19.6179) --> [108]
44 (32.6244) --> [494, 61]
45 (77.3278) --> [272]
46 (20.9906) --> [159, 291]
47 (83.1580) --> [104]
48 (11.4845) --> [228]
49 (59.1220) --> [225, 452]
50 (35.7960) --> [219, 347]
51 (34.5401) --> [33]
52 (63.8338) --> [55, 366]
53 (10.7409) --> [281]
54 --> []
55 --> []
56 (31.0887) --> [242, 236]
57 (18.6900) --> [288, 409]
58 --> []
59 (34.9489) --> [277, 263]
60 --> []
61 (54.7113) --> [310]
62 (19.3633) --> [190]
63 (19.3042) --> [105]
64 (27.1341) --> [196]
65 (16.7391) --> [163]
66 (40.1583) --> [53]
67 --> []
68 (20.8137) --> [96]
69 (5.7662) --> [496]
70 --> []
71 (32.6906) --> [18]
72 (41.5778) --> [212]
73 (14.9335) --> [200]
74 --> []
75 (35.6568) --> [101]
76 (47.9396) --> [314]
77 (25.1571) --> [278, 399]
78 (47.8936) --> [341, 372]
79 --> []
80 (20.4781) --> [222]
81 (58.8802) --> [234]
82 (61.2933) --> [131, 171]
83 (25.7445) --> [85]
84 (28.1844) --> [168, 135]
85 (29.4288) --> [463]
86 (27.7436) --> [11]
87 (31.9680) --> [471]
88 (17.8105) --> [164]
89 (53.0595) --> [27, 280]
90 (29.4874) --> [148]
91 (55.7966) --> [16, 433]
92 (8.7733) --> [100]
93 (27.4818) --> [303, 227]
94 (21.4311) --> [71]
95 (20.3368) --> [35]
96 (41.1026) --> [416]
97 (17.6668) --> [28]
98 (39.0457) --> [491]
99 (30.4415) --> [468]
100 (36.0659) --> [14]
101 (55.6663) --> [43, 369]
102 (25.2874) --> [464]
103 (28.3115) --> [386, 353]
104 --> []
105 --> []
106 (53.0276) --> [255]
107 (66.7456) --> [337]
108 (35.5726) --> [243]
109 (17.0280) --> [103]
110 (51.4084) --> [142]
111 (25.3294) --> [269, 91]
112 (39.1380) --> [435]
113 (45.3668) --> [457]
114 (10.8853) --> [497]
115 (26.0793) --> [65, 173]
116 --> []
117 (48.9179) --> [78]
118 (53.7114) --> [187, 87]
119 --> []
120 (46.6382) --> [431]
121 (37.7562) --> [130]
122 (16.2265) --> [462]
123 --> []
124 (59.1954) --> [375]
125 (44.4041) --> [446]
126 (49.2223) --> [98]
127 (33.8289) --> [266, 256]
128 (53.5231) --> [323]
129 (36.7875) --> [476, 376]
130 (55.8414) --> [254, 23]
131 (35.0009) --> [139, 250]
132 (33.5716) --> [73, 374]
133 (66.3246) --> [115]
134 (25.3214) --> [240]
135 --> []
136 (55.0762) --> [76, 360]
137 --> []
138 (48.3354) --> [447, 364]
139 (23.7876) --> [106, 32]
140 --> []
141 --> []
142 (40.2786) --> [368, 357]
143 --> []
144 (23.5694) --> [352, 327]
145 (32.0669) --> [270, 419]
146 (41.5980) --> [107, 397]
147 (54.0084) --> [205, 443]
148 (22.9765) --> [38]
149 --> []
150 (52.7289) --> [246]
151 (21.2205) --> [286]
152 (8.4100) --> [8]
153 --> []
154 --> []
155 (44.3279) --> [183]
156 --> []
157 (45.2117) --> [199, 92, 424]
158 --> []
159 (43.0344) --> [194]
160 (63.5431) --> [489]
161 --> []
162 --> []
163 (17.2091) --> [237, 122]
164 (38.4645) --> [235, 320]
165 (24.7640) --> [332]
166 (28.9032) --> [44]
167 (31.7048) --> [80]
168 (34.1208) --> [403]
169 (33.6301) --> [330]
170 (16.8844) --> [304]
171 (30.1491) --> [88, 230]
172 --> []
173 (39.3436) --> [414]
174 (12.6094) --> [180]
175 (21.8941) --> [22]
176 --> []
177 --> []
178 (37.4080) --> [474]
179 (42.5770) --> [127]
180 (37.5134) --> [52, 362]
181 --> []
182 (22.4183) --> [147]
183 --> []
184 (33.0191) --> [170, 216]
185 --> []
186 (48.4445) --> [305]
187 (63.0514) --> [67, 290]
188 (18.8430) --> [418]
189 (36.9182) --> [420, 487]
190 (21.9767) --> [136]
191 (16.1213) --> [430]
192 (22.6007) --> [198]
193 (13.4732) --> [265, 176]
194 (35.2196) --> [169, 39]
195 --> []
196 --> []
197 (30.7597) --> [118]
198 --> []
199 (23.0347) --> [94]
200 --> []
201 --> []
202 (34.0701) --> [186]
203 (13.9051) --> [370]
204 (21.6515) --> [99]
205 --> []
206 (54.7633) --> [125]
207 --> []
208 --> []
209 (24.0024) --> [188]
210 --> []
211 (29.0432) --> [45]
212 (59.0241) --> [309, 264]
213 (14.5440) --> [297]
214 --> []
215 --> []
216 (33.8357) --> [207]
217 (60.4814) --> [490, 379, 363]
218 --> []
219 --> []
220 (38.4760) --> [247]
221 (22.1947) --> [359]
222 (38.3428) --> [271, 229]
223 --> []
224 --> []
225 (23.1927) --> [151]
226 --> []
227 (7.2281) --> [233]
228 (25.6769) --> [282]
229 --> []
230 (20.6538) --> [89]
231 (51.5295) --> [260]
232 (30.6322) --> [380]
233 --> []
234 (48.5167) --> [326]
235 --> []
236 --> []
237 (37.3278) --> [478]
238 --> []
239 (53.0297) --> [294]
240 (50.7472) --> [499, 333]
241 --> []
242 (31.5150) --> [458]
243 (45.7945) --> [231, 83]
244 (40.6735) --> [448]
245 (14.4267) --> [322]
246 --> []
247 --> []
248 (36.2117) --> [66, 429]
249 (36.1360) --> [253]
250 (6.4065) --> [116]
251 (50.1456) --> [427]
252 (44.2141) --> [17]
253 (47.4129) --> [392]
254 (31.7437) --> [197]
255 (47.4107) --> [79, 201]
256 (45.3441) --> [241]
257 --> []
258 --> []
259 (27.2279) --> [350]
260 --> []
261 (23.6359) --> [120]
262 (24.3106) --> [77]
263 (82.0076) --> [36, 459, 84]
264 --> []
265 (35.7919) --> [42]
266 (48.4404) --> [387]
267 --> []
268 --> []
269 --> []
270 (43.4897) --> [415]
271 (11.2533) --> [470]
272 --> []
273 (27.0454) --> [408]
274 --> []
275 (22.1408) --> [30, 318, 239]
276 (23.0330) --> [109]
277 (33.0275) --> [279]
278 (45.6526) --> [145]
279 (21.3918) --> [398]
280 (29.1631) --> [275]
281 (14.7186) --> [21]
282 (25.3527) --> [4, 486]
283 (32.3439) --> [86]
284 (33.8644) --> [488]
285 --> []
286 --> []
287 --> []
288 --> []
289 (20.9287) --> [20]
290 (33.4905) --> [289]
291 (24.0088) --> [261]
292 (44.7097) --> [57, 211]
293 (36.4775) --> [396]
294 (50.3890) --> [155, 258]
295 (42.9774) --> [382, 48]
296 --> []
297 (42.2229) --> [165]
298 (51.8225) --> [441]
299 --> []
300 (28.9771) --> [74]
301 --> []
302 (10.7263) --> [378]
303 (10.0200) --> [97]
304 (27.0089) --> [213]
305 (14.4273) --> [10]
306 (22.6362) --> [1, 336]
307 (7.4504) --> [51]
308 (35.4951) --> [334, 5]
309 (16.1398) --> [311]
310 (40.4967) --> [434]
311 (8.3691) --> [102]
312 (17.3626) --> [58]
313 (48.5603) --> [402]
314 --> []
315 (48.9267) --> [444]
316 --> []
317 --> []
318 (30.9855) --> [331]
319 (56.8930) --> [482, 460]
320 (29.2782) --> [154, 56]
321 (49.1947) --> [373, 112]
322 (45.2174) --> [417]
323 (60.4617) --> [215, 3]
324 --> []
325 (47.4722) --> [117, 395]
326 (14.2627) --> [343]
327 (8.1315) --> [354]
328 --> []
329 (22.0453) --> [178]
330 (4.2300) --> [249]
331 --> []
332 (27.8045) --> [68]
333 (11.7929) --> [324]
334 (6.0594) --> [12, 306]
335 --> []
336 (51.5224) --> [442, 195]
337 (23.0104) --> [292]
338 (21.7138) --> [383, 70]
339 (49.7158) --> [245]
340 (16.3590) --> [202]
341 --> []
342 (21.4110) --> [385]
343 (30.0283) --> [259, 495]
344 (38.9304) --> [161]
345 (28.7586) --> [232, 439, 54]
346 (17.7767) --> [407]
347 (38.6602) --> [238]
348 (34.0160) --> [405]
349 (24.0079) --> [90]
350 --> []
351 (44.1644) --> [220, 467]
352 (17.7708) --> [422]
353 --> []
354 --> []
355 (36.3151) --> [217]
356 --> []
357 (15.0075) --> [244]
358 (47.7391) --> [404, 150, 162]
359 (76.2445) --> [438, 40]
360 --> []
361 (35.4985) --> [301, 172]
362 (24.8996) --> [60, 114]
363 (35.2555) --> [26]
364 (29.6794) --> [479]
365 (61.9081) --> [146]
366 --> []
367 --> []
368 (34.5651) --> [93]
369 --> []
370 --> []
371 (22.7096) --> [203]
372 (10.0802) --> [129]
373 (42.6864) --> [349]
374 (33.4657) --> [152, 371]
375 (24.4420) --> [24]
376 (15.8829) --> [41]
377 (16.4410) --> [393, 226]
378 (29.0847) --> [50]
379 (15.6321) --> [346]
380 --> []
381 (9.4248) --> [406]
382 (36.2402) --> [377]
383 (28.8018) --> [451, 25]
384 (36.0750) --> [307]
385 (35.7145) --> [381, 319]
386 --> []
387 (35.4852) --> [481, 298]
388 (63.7695) --> [312, 37, 59]
389 (10.5158) --> [223, 82]
390 (34.3570) --> [342]
391 (78.4063) --> [469, 143, 31]
392 --> []
393 --> []
394 (42.3500) --> [123]
395 (38.9971) --> [140]
396 (13.4221) --> [182]
397 (3.1979) --> [252]
398 --> []
399 --> []
400 --> []
401 (26.7635) --> [437, 461]
402 (11.1112) --> [276]
403 --> []
404 (45.6981) --> [6]
405 (38.1505) --> [412, 339]
406 --> []
407 (15.0554) --> [175]
408 (30.0194) --> [204]
409 --> []
410 (42.9808) --> [456, 251]
411 (30.0880) --> [248]
412 (22.9739) --> [358]
413 (31.9486) --> [2, 317]
414 (43.1200) --> [454, 498]
415 (63.4482) --> [338]
416 (22.8240) --> [160]
417 (43.9292) --> [351, 19]
418 (21.4224) --> [445]
419 (25.6447) --> [177, 440, 340]
420 --> []
421 (2.8438) --> [110]
422 (15.3167) --> [477, 141]
423 (4.3449) --> [119]
424 (21.9271) --> [390]
425 --> []
426 (35.8932) --> [285, 473]
427 (15.2052) --> [34]
428 --> []
429 (33.8386) --> [137]
430 (68.6502) --> [149]
431 --> []
432 --> []
433 (31.0729) --> [49]
434 (20.2036) --> [413]
435 --> []
436 (23.0409) --> [388]
437 --> []
438 --> []
439 --> []
440 --> []
441 --> []
442 (26.2502) --> [344, 75]
443 (44.2371) --> [62, 124]
444 --> []
445 --> []
446 (15.8488) --> [367]
447 (20.4373) --> [475]
448 (47.0776) --> [189, 206]
449 (26.2971) --> [257]
450 (29.4965) --> [480, 7]
451 (38.1689) --> [47, 329]
452 (20.9086) --> [295]
453 (50.1365) --> [72]
454 (20.3193) --> [425]
455 (18.4104) --> [483]
456 (53.6704) --> [267, 328]
457 (25.1384) --> [455]
458 (6.3713) --> [184]
459 (32.8087) --> [287, 179]
460 (54.6238) --> [132, 315]
461 (22.3033) --> [410]
462 (15.1990) --> [113]
463 --> []
464 (18.1913) --> [262]
465 (34.2874) --> [174]
466 (16.3321) --> [185]
467 (18.5052) --> [389]
468 (8.5306) --> [218, 166]
469 --> []
470 (39.9181) --> [138]
471 (60.6512) --> [13, 133, 224]
472 (50.4526) --> [325, 485]
473 (47.5506) --> [432]
474 (7.2948) --> [15]
475 (41.7744) --> [128]
476 (29.6576) --> [126]
477 (47.5217) --> [401]
478 (25.5911) --> [345, 214]
479 (33.7127) --> [450]
480 (37.7311) --> [29, 191]
481 (46.9933) --> [221, 355]
482 --> []
483 --> []
484 (52.6384) --> [296, 95]
485 (67.2230) --> [192]
486 (36.6509) --> [421, 449]
487 (40.7083) --> [134]
488 --> []
489 (38.2180) --> [492]
490 (42.9268) --> [156]
491 (40.3226) --> [273, 335]
492 (40.7532) --> [209]
493 (18.1992) --> [167]
494 --> []
495 --> []
496 (46.1159) --> [268, 391]
497 (14.5118) --> [63]
498 --> []
499 (5.9539) --> [193]

final Solution energy: 2.211085718354463E7
Calculated in 365072ms
Ants=1000, alpha=0.6, beta=3.0, evaporate factor=0.07
(for ../../mebp/mebp-12.dat)
