New best solution in iteration 0: 1.7820140391907678E9
New best solution in iteration 2: 1.2742880654857974E9
New best solution in iteration 4: 9.61779841898783E8
AVG (iterations 0 to 20): 2.3016182835606513E9
AVG (iterations 20 to 40): 2.144656538202048E9
AVG (iterations 40 to 60): 2.2752147791280518E9
AVG (iterations 60 to 80): 2.3858529684845023E9
AVG (iterations 80 to 100): 2.537875210604581E9
AVG (iterations 100 to 120): 2.0095271664298623E9
AVG (iterations 120 to 140): 2.0029235724512E9
New best solution in iteration 148: 6.134373786982092E8
AVG (iterations 140 to 160): 1.5719599269555626E9
New best solution in iteration 163: 4.8539726854640967E8
New best solution in iteration 166: 3.4303803939745986E8
New best solution in iteration 172: 2.418077459809539E8
New best solution in iteration 174: 1.5617709268574968E8
New best solution in iteration 178: 1.534932893567481E8
New best solution in iteration 180: 9.824623334074637E7
AVG (iterations 160 to 180): 6.062814831212736E8
New best solution in iteration 181: 9.24830412430161E7
New best solution in iteration 182: 6.86002750506009E7
New best solution in iteration 185: 6.556377374802996E7
New best solution in iteration 186: 4.8313109719223075E7
New best solution in iteration 196: 4.161975296476007E7
New best solution in iteration 198: 3.751369455575959E7
AVG (iterations 180 to 200): 9.95592172687209E7
New best solution in iteration 206: 3.679708071979559E7
New best solution in iteration 219: 3.559517989007519E7
AVG (iterations 200 to 220): 5.068138365528532E7
New best solution in iteration 228: 3.527371534218166E7
New best solution in iteration 236: 3.5127196664928064E7
New best solution in iteration 239: 3.456039631587694E7
AVG (iterations 220 to 240): 3.749295286120412E7
AVG (iterations 240 to 260): 3.72057838263924E7
AVG (iterations 260 to 280): 3.75588210893681E7
New best solution in iteration 291: 3.4394565015401326E7
AVG (iterations 280 to 300): 3.679479097805489E7
AVG (iterations 300 to 320): 3.664526564166326E7
AVG (iterations 320 to 340): 3.641333989419493E7
AVG (iterations 340 to 360): 3.609374713425638E7
New best solution in iteration 365: 3.360911994081225E7
AVG (iterations 360 to 380): 3.57079685713401E7
AVG (iterations 380 to 400): 3.628928232140218E7
AVG (iterations 400 to 420): 3.554109929598295E7
AVG (iterations 420 to 440): 3.544608108237513E7
New best solution in iteration 452: 3.332598036747799E7
AVG (iterations 440 to 460): 3.5564541578142986E7
AVG (iterations 460 to 480): 3.5663679486477196E7
AVG (iterations 480 to 500): 3.5774271679889455E7
AVG (iterations 500 to 520): 3.5696021552089855E7
AVG (iterations 520 to 540): 3.473056892523132E7
AVG (iterations 540 to 560): 3.453709937748565E7
New best solution in iteration 571: 3.213594291027093E7
AVG (iterations 560 to 580): 3.439441577898461E7
AVG (iterations 580 to 600): 3.4857712793876484E7
AVG (iterations 600 to 620): 3.466689875328828E7
AVG (iterations 620 to 640): 3.4727949905051075E7
AVG (iterations 640 to 660): 3.450135110241161E7
AVG (iterations 660 to 680): 3.4453128295150995E7
AVG (iterations 680 to 700): 3.434728395597254E7
AVG (iterations 700 to 720): 3.492543747151342E7
AVG (iterations 720 to 740): 3.462204723791827E7
AVG (iterations 740 to 760): 3.438852016133648E7
AVG (iterations 760 to 780): 3.485025260715527E7
AVG (iterations 780 to 800): 3.4390475046091855E7
AVG (iterations 800 to 820): 3.4612745161586195E7
AVG (iterations 820 to 840): 3.4415392089533664E7
AVG (iterations 840 to 860): 3.429437872310361E7
AVG (iterations 860 to 880): 3.445941153580006E7
AVG (iterations 880 to 900): 3.475047389767255E7
AVG (iterations 900 to 920): 3.453781600932671E7
AVG (iterations 920 to 940): 3.4546218413510576E7
AVG (iterations 940 to 960): 3.4261415428440705E7
AVG (iterations 960 to 980): 3.435605297361122E7
Solution from ACO:
0 (40.7285) --> [171, 69]
1 (21.3588) --> [130]
2 (39.8201) --> [185]
3 (30.9161) --> [198]
4 (35.7073) --> [109, 68]
5 (55.3400) --> [51, 43]
6 (29.5525) --> [86]
7 (58.2813) --> [116, 75]
8 (17.4676) --> [59]
9 (47.6466) --> [157]
10 --> []
11 --> []
12 (38.1589) --> [178, 55]
13 (53.9854) --> [173]
14 (40.7840) --> [161]
15 (35.5397) --> [179]
16 (36.7000) --> [78]
17 (46.5378) --> [110]
18 --> []
19 --> []
20 (4.2715) --> [67]
21 --> []
22 --> []
23 (20.6407) --> [190]
24 (60.5539) --> [83]
25 --> []
26 --> []
27 (50.3562) --> [63]
28 (46.3819) --> [81]
29 (73.1099) --> [123]
30 (33.3021) --> [46]
31 (39.7530) --> [131]
32 (58.7201) --> [27, 4]
33 (113.9902) --> [137]
34 (76.0014) --> [56, 98, 100]
35 --> []
36 (35.1801) --> [84]
37 (43.5310) --> [127, 47]
38 (57.9326) --> [125]
39 --> []
40 --> []
41 (63.7999) --> [169]
42 --> []
43 (54.4692) --> [142]
44 (65.8546) --> [151]
45 (30.9283) --> [118]
46 (32.9081) --> [172]
47 (42.7071) --> [12]
48 --> []
49 (8.4353) --> [13]
50 --> []
51 (15.3529) --> [102]
52 (68.1860) --> [175]
53 (82.3160) --> [31, 180]
54 (72.8015) --> [62, 65]
55 (74.8431) --> [197, 147]
56 (47.1746) --> [144]
57 (51.6092) --> [126]
58 (24.9277) --> [36]
59 (23.6109) --> [26]
60 (30.1852) --> [37]
61 (36.4333) --> [140]
62 (46.2369) --> [103]
63 (31.0617) --> [121]
64 (18.0722) --> [112]
65 --> []
66 (70.5424) --> [34]
67 (73.1284) --> [58]
68 --> []
69 (29.4563) --> [93, 52]
70 --> []
71 --> []
72 (35.3503) --> [168]
73 (41.8461) --> [5]
74 (28.8107) --> [132]
75 (48.9242) --> [23, 87]
76 (37.5614) --> [35, 57]
77 (62.5016) --> [135, 193, 48]
78 (82.8387) --> [129]
79 --> []
80 (27.8971) --> [101]
81 --> []
82 --> []
83 (24.0050) --> [195]
84 (82.4015) --> [96]
85 (44.6462) --> [177]
86 (55.5411) --> [89]
87 (32.7910) --> [32]
88 (98.9088) --> [146, 14, 114]
89 (78.8202) --> [160, 106]
90 (70.5098) --> [111]
91 (27.4787) --> [88]
92 (36.9411) --> [80]
93 (49.1196) --> [166, 162]
94 (15.2533) --> [91]
95 (47.3616) --> [134]
96 (21.7721) --> [2]
97 (96.8174) --> [117, 79]
98 --> []
99 (82.9371) --> [72, 104]
100 (126.5536) --> [189, 115]
101 --> []
102 (27.1809) --> [149]
103 (28.4072) --> [128]
104 (56.9492) --> [44, 183]
105 (18.3288) --> [22]
106 (45.2002) --> [95]
107 (74.5503) --> [113, 21, 74]
108 (45.0928) --> [94]
109 --> []
110 --> []
111 (13.9654) --> [6]
112 --> []
113 --> []
114 (16.9528) --> [82]
115 (62.3650) --> [155]
116 --> []
117 (55.9142) --> [40]
118 --> []
119 (71.0701) --> [153]
120 (88.8831) --> [188]
121 (31.6402) --> [170]
122 (52.7879) --> [1]
123 (69.7416) --> [108]
124 (60.2840) --> [17, 20]
125 (68.1901) --> [187]
126 (37.8438) --> [39]
127 --> []
128 (60.6949) --> [192]
129 --> []
130 --> []
131 (102.6542) --> [99]
132 (30.1803) --> [54]
133 (57.4306) --> [156, 158]
134 (66.4004) --> [196, 45]
135 (37.2369) --> [124, 92]
136 --> []
137 (83.7552) --> [199, 105]
138 (80.2244) --> [16, 163]
139 (52.4356) --> [143, 64]
140 (76.9992) --> [145, 150]
141 (52.6515) --> [41, 182]
142 --> []
143 (79.8324) --> [152]
144 --> []
145 (70.4235) --> [181]
146 --> []
147 (62.1588) --> [77]
148 --> []
149 (47.4287) --> [164]
150 --> []
151 (76.1740) --> [33, 61]
152 --> []
153 (66.3294) --> [138, 136]
154 (27.4194) --> [24]
155 --> []
156 (62.4667) --> [107]
157 (69.0185) --> [184, 19]
158 (60.7789) --> [176]
159 --> []
160 (63.5724) --> [119, 120]
161 (61.7670) --> [70]
162 (72.3754) --> [18, 148]
163 (55.3090) --> [186, 66]
164 (37.1180) --> [9]
165 (64.4980) --> [50, 76]
166 --> []
167 (57.0983) --> [49]
168 (31.6985) --> [139]
169 --> []
170 (11.7408) --> [29]
171 (38.1331) --> [8, 167]
172 (33.7777) --> [15]
173 (86.5515) --> [7, 3]
174 (56.7737) --> [25]
175 (91.0139) --> [165]
176 --> []
177 (57.6737) --> [90]
178 (49.8002) --> [194]
179 (78.7821) --> [122, 174]
180 (59.2428) --> [85]
181 --> []
182 (48.0390) --> [42]
183 --> []
184 (25.9548) --> [10]
185 (37.1011) --> [71]
186 --> []
187 (50.9612) --> [11, 154]
188 (60.3101) --> [133, 73]
189 --> []
190 (52.6760) --> [97]
191 --> []
192 --> []
193 (88.2505) --> [38]
194 (73.3116) --> [28]
195 (42.4112) --> [191, 141]
196 (44.2278) --> [60, 159]
197 (31.5191) --> [30]
198 (8.7938) --> [53]
199 --> []

Solution energy from ACO: 3.213594291027093E7
trying to improve with local search...
final Solution:
0 (40.7285) --> [171, 69]
1 (21.3588) --> [130]
2 (39.8201) --> [185]
3 (30.9161) --> [198]
4 (35.7073) --> [109, 68]
5 (55.3400) --> [51, 43]
6 (29.5525) --> [86]
7 (58.2813) --> [116, 75]
8 (17.4676) --> [59]
9 (47.6466) --> [157]
10 --> []
11 --> []
12 (38.1589) --> [178, 55]
13 (53.9854) --> [173]
14 (40.7840) --> [161]
15 (35.5397) --> [179]
16 (36.7000) --> [78]
17 (46.5378) --> [110]
18 --> []
19 --> []
20 (4.2715) --> [67]
21 --> []
22 --> []
23 (20.6407) --> [190]
24 (60.5539) --> [83]
25 --> []
26 --> []
27 (50.3562) --> [63]
28 (46.3819) --> [81]
29 (73.1099) --> [123]
30 (33.3021) --> [46]
31 (39.7530) --> [131]
32 (58.7201) --> [27, 4]
33 (113.9902) --> [137]
34 (76.0014) --> [56, 98, 100]
35 --> []
36 (35.1801) --> [84]
37 (43.5310) --> [127, 47]
38 (57.9326) --> [125]
39 --> []
40 --> []
41 (63.7999) --> [169]
42 --> []
43 (54.4692) --> [142]
44 (65.8546) --> [151]
45 (30.9283) --> [118]
46 (32.9081) --> [172]
47 (42.7071) --> [12]
48 --> []
49 (8.4353) --> [13]
50 --> []
51 (15.3529) --> [102]
52 (68.1860) --> [175]
53 (82.3160) --> [31, 180]
54 (72.8015) --> [62, 65]
55 (74.8431) --> [197, 147]
56 (47.1746) --> [144]
57 (51.6092) --> [126]
58 (24.9277) --> [36]
59 (23.6109) --> [26]
60 (30.1852) --> [37]
61 (36.4333) --> [140]
62 (46.2369) --> [103]
63 (31.0617) --> [121]
64 (18.0722) --> [112]
65 --> []
66 (70.5424) --> [34]
67 (73.1284) --> [58]
68 --> []
69 (29.4563) --> [93, 52]
70 --> []
71 --> []
72 (35.3503) --> [168]
73 (41.8461) --> [5]
74 (28.8107) --> [132]
75 (48.9242) --> [23, 87]
76 (37.5614) --> [35, 57]
77 (62.5016) --> [135, 193, 48]
78 (82.8387) --> [129]
79 --> []
80 (27.8971) --> [101]
81 --> []
82 --> []
83 (24.0050) --> [195]
84 (82.4015) --> [96]
85 (44.6462) --> [177]
86 (55.5411) --> [89]
87 (32.7910) --> [32]
88 (98.9088) --> [146, 14, 114]
89 (78.8202) --> [160, 106]
90 (70.5098) --> [111]
91 (27.4787) --> [88]
92 (36.9411) --> [80]
93 (49.1196) --> [166, 162]
94 (15.2533) --> [91]
95 (47.3616) --> [134]
96 (21.7721) --> [2]
97 (96.8174) --> [117, 79]
98 --> []
99 (82.9371) --> [72, 104]
100 (126.5536) --> [189, 115]
101 --> []
102 (27.1809) --> [149]
103 (28.4072) --> [128]
104 (56.9492) --> [44, 183]
105 (18.3288) --> [22]
106 (45.2002) --> [95]
107 (74.5503) --> [113, 21, 74]
108 (45.0928) --> [94]
109 --> []
110 --> []
111 (13.9654) --> [6]
112 --> []
113 --> []
114 (16.9528) --> [82]
115 (62.3650) --> [155]
116 --> []
117 (55.9142) --> [40]
118 --> []
119 (71.0701) --> [153]
120 (88.8831) --> [188]
121 (31.6402) --> [170]
122 (52.7879) --> [1]
123 (69.7416) --> [108]
124 (60.2840) --> [17, 20]
125 (68.1901) --> [187]
126 (37.8438) --> [39]
127 --> []
128 (60.6949) --> [192]
129 --> []
130 --> []
131 (102.6542) --> [99]
132 (30.1803) --> [54]
133 (57.4306) --> [156, 158]
134 (66.4004) --> [196, 45]
135 (37.2369) --> [124, 92]
136 --> []
137 (83.7552) --> [199, 105]
138 (80.2244) --> [16, 163]
139 (52.4356) --> [143, 64]
140 (76.9992) --> [145, 150]
141 (52.6515) --> [41, 182]
142 --> []
143 (79.8324) --> [152]
144 --> []
145 (70.4235) --> [181]
146 --> []
147 (62.1588) --> [77]
148 --> []
149 (47.4287) --> [164]
150 --> []
151 (76.1740) --> [33, 61]
152 --> []
153 (66.3294) --> [138, 136]
154 (27.4194) --> [24]
155 --> []
156 (62.4667) --> [107]
157 (69.0185) --> [184, 19]
158 (60.7789) --> [176]
159 --> []
160 (63.5724) --> [119, 120]
161 (61.7670) --> [70]
162 (72.3754) --> [18, 148]
163 (55.3090) --> [186, 66]
164 (37.1180) --> [9]
165 (64.4980) --> [50, 76]
166 --> []
167 (57.0983) --> [49]
168 (31.6985) --> [139]
169 --> []
170 (11.7408) --> [29]
171 (38.1331) --> [8, 167]
172 (33.7777) --> [15]
173 (86.5515) --> [7, 3]
174 (56.7737) --> [25]
175 (91.0139) --> [165]
176 --> []
177 (57.6737) --> [90]
178 (49.8002) --> [194]
179 (78.7821) --> [122, 174]
180 (59.2428) --> [85]
181 --> []
182 (48.0390) --> [42]
183 --> []
184 (25.9548) --> [10]
185 (37.1011) --> [71]
186 --> []
187 (50.9612) --> [11, 154]
188 (60.3101) --> [133, 73]
189 --> []
190 (52.6760) --> [97]
191 --> []
192 --> []
193 (88.2505) --> [38]
194 (73.3116) --> [28]
195 (42.4112) --> [191, 141]
196 (44.2278) --> [60, 159]
197 (31.5191) --> [30]
198 (8.7938) --> [53]
199 --> []

final Solution energy: 3.213594291027093E7
Calculated in 29093ms
Ants=1000, alpha=0.6, beta=3.0, evaporate factor=0.07
(for ../../mebp/mebp-09.dat)
