New best solution in iteration 0: 2.968937829988871E9
New best solution in iteration 1: 2.5379399300099993E9
New best solution in iteration 4: 2.4603345049615216E9
New best solution in iteration 13: 1.5118816383259351E9
AVG (iterations 0 to 20): 3.2285488413968186E9
New best solution in iteration 23: 1.4279223885197961E9
AVG (iterations 20 to 40): 2.964877140929358E9
New best solution in iteration 60: 1.3487862939304302E9
AVG (iterations 40 to 60): 3.0694978771628532E9
AVG (iterations 60 to 80): 3.53623387417144E9
AVG (iterations 80 to 100): 3.03310349009566E9
AVG (iterations 100 to 120): 3.2073566109563274E9
AVG (iterations 120 to 140): 3.30365527162663E9
AVG (iterations 140 to 160): 2.6175297939522424E9
New best solution in iteration 166: 1.1946725745674846E9
New best solution in iteration 169: 5.008174669239539E8
New best solution in iteration 171: 3.648107767059811E8
New best solution in iteration 177: 1.2557509007380053E8
AVG (iterations 160 to 180): 1.1568612392075856E9
New best solution in iteration 182: 1.2303878991455612E8
New best solution in iteration 185: 7.403614851637295E7
New best solution in iteration 187: 5.3402945030389816E7
New best solution in iteration 191: 5.169180062485286E7
New best solution in iteration 193: 3.313634622956752E7
New best solution in iteration 196: 2.9321771162398297E7
New best solution in iteration 199: 2.796969403858668E7
AVG (iterations 180 to 200): 1.4749154377056623E8
New best solution in iteration 201: 2.7529832920200225E7
New best solution in iteration 207: 2.5750351102728497E7
New best solution in iteration 214: 2.511576152073284E7
AVG (iterations 200 to 220): 3.1822379563152768E7
AVG (iterations 220 to 240): 2.7107935444867224E7
New best solution in iteration 243: 2.498641291865812E7
AVG (iterations 240 to 260): 2.62141125944967E7
New best solution in iteration 273: 2.497868602347461E7
New best solution in iteration 274: 2.4830978045973122E7
New best solution in iteration 277: 2.4466989844266266E7
AVG (iterations 260 to 280): 2.5785800378864706E7
New best solution in iteration 281: 2.4172964633322977E7
AVG (iterations 280 to 300): 2.5520359878553856E7
New best solution in iteration 309: 2.390097233565161E7
AVG (iterations 300 to 320): 2.526937365268732E7
New best solution in iteration 334: 2.3674810808482893E7
AVG (iterations 320 to 340): 2.512310861918337E7
AVG (iterations 340 to 360): 2.526561249212109E7
New best solution in iteration 371: 2.332381203613726E7
AVG (iterations 360 to 380): 2.463871990031732E7
New best solution in iteration 396: 2.328406357801495E7
AVG (iterations 380 to 400): 2.4574552769290216E7
New best solution in iteration 406: 2.2880331675192453E7
AVG (iterations 400 to 420): 2.4393611753825635E7
AVG (iterations 420 to 440): 2.495211183384611E7
AVG (iterations 440 to 460): 2.4275419973371435E7
AVG (iterations 460 to 480): 2.4297296266264506E7
AVG (iterations 480 to 500): 2.4299724926805068E7
AVG (iterations 500 to 520): 2.431554834914163E7
AVG (iterations 520 to 540): 2.4245933902454868E7
AVG (iterations 540 to 560): 2.4366164972006354E7
AVG (iterations 560 to 580): 2.4239140745595764E7
AVG (iterations 580 to 600): 2.4346578374188695E7
AVG (iterations 600 to 620): 2.451235451563222E7
AVG (iterations 620 to 640): 2.447785285567249E7
AVG (iterations 640 to 660): 2.412894888542133E7
AVG (iterations 660 to 680): 2.4160631382077474E7
AVG (iterations 680 to 700): 2.4152221704961482E7
AVG (iterations 700 to 720): 2.4211619411643103E7
New best solution in iteration 737: 2.21658884779833E7
AVG (iterations 720 to 740): 2.3918928709643513E7
AVG (iterations 740 to 760): 2.3890611769543268E7
AVG (iterations 760 to 780): 2.3843751160528824E7
AVG (iterations 780 to 800): 2.382547775167131E7
AVG (iterations 800 to 820): 2.388214748676414E7
AVG (iterations 820 to 840): 2.3909447472633168E7
AVG (iterations 840 to 860): 2.3865591148917373E7
AVG (iterations 860 to 880): 2.3926066292409893E7
AVG (iterations 880 to 900): 2.3707601252067134E7
AVG (iterations 900 to 920): 2.383376385839315E7
AVG (iterations 920 to 940): 2.3860592556121815E7
AVG (iterations 940 to 960): 2.377030325189019E7
AVG (iterations 960 to 980): 2.388087830891869E7
Solution from ACO:
0 (24.5011) --> [72]
1 (24.7447) --> [319]
2 (22.5312) --> [427]
3 (38.9570) --> [24, 185]
4 --> []
5 (53.2731) --> [90, 433, 121, 483]
6 (43.1278) --> [444, 149, 193]
7 (33.7214) --> [429]
8 --> []
9 --> []
10 --> []
11 --> []
12 (14.8063) --> [415]
13 (5.6851) --> [489]
14 (73.4450) --> [91]
15 (23.2511) --> [349, 350]
16 (29.0061) --> [375]
17 (21.4803) --> [364]
18 (20.7382) --> [110]
19 (29.7741) --> [384, 177]
20 (47.6789) --> [336, 204]
21 --> []
22 (23.5447) --> [197]
23 (38.6642) --> [189]
24 --> []
25 (20.2885) --> [107]
26 (39.9192) --> [206, 393]
27 (31.8810) --> [141]
28 --> []
29 (55.4756) --> [170, 391]
30 (14.9374) --> [279]
31 --> []
32 (20.5905) --> [435]
33 (17.9040) --> [236]
34 (9.4210) --> [147]
35 (22.7847) --> [132]
36 (16.6840) --> [430]
37 (35.8726) --> [354]
38 --> []
39 (20.8416) --> [46, 494]
40 (15.3423) --> [484]
41 (27.9797) --> [342, 284]
42 (32.0748) --> [261]
43 --> []
44 (22.6477) --> [396, 171]
45 (25.6017) --> [425]
46 --> []
47 --> []
48 (20.5775) --> [229]
49 (47.5881) --> [249]
50 (26.7218) --> [211]
51 (17.3837) --> [158]
52 (33.9988) --> [264]
53 --> []
54 --> []
55 --> []
56 --> []
57 --> []
58 (37.1648) --> [122, 271]
59 (47.2745) --> [238]
60 (13.8910) --> [70]
61 (26.4630) --> [137]
62 --> []
63 --> []
64 (11.0833) --> [74]
65 (43.4868) --> [117]
66 (5.1945) --> [357]
67 (53.6812) --> [66, 488]
68 (15.0659) --> [231]
69 (1.9562) --> [120]
70 (16.8687) --> [78, 163]
71 (20.8113) --> [151]
72 (17.7025) --> [33, 305, 86]
73 (17.2493) --> [253]
74 (54.0505) --> [267]
75 (64.5473) --> [368]
76 (60.0011) --> [455]
77 (17.5146) --> [486]
78 --> []
79 --> []
80 (28.3839) --> [162]
81 (22.2247) --> [155]
82 (52.2705) --> [133]
83 (11.7807) --> [146]
84 --> []
85 (23.4381) --> [255]
86 --> []
87 (17.8442) --> [373]
88 (39.2981) --> [417]
89 (39.4924) --> [176]
90 --> []
91 (28.3670) --> [346]
92 --> []
93 (20.1812) --> [347]
94 (46.6260) --> [426]
95 (47.1536) --> [87]
96 (37.1531) --> [73]
97 (51.7228) --> [458, 85]
98 --> []
99 (57.6006) --> [401]
100 (49.4773) --> [98, 397]
101 --> []
102 (45.6514) --> [228]
103 (8.7476) --> [309]
104 (43.2264) --> [370, 328]
105 (38.3408) --> [412]
106 (50.8889) --> [366, 52]
107 (14.7228) --> [89]
108 (54.3834) --> [127, 343, 478]
109 (54.7307) --> [226, 188]
110 --> []
111 (36.1860) --> [434]
112 (30.4741) --> [7]
113 (58.1406) --> [130]
114 (33.5268) --> [100, 102]
115 (39.0790) --> [496, 154]
116 --> []
117 (47.6724) --> [126]
118 (11.4760) --> [275]
119 (38.9336) --> [361]
120 (25.5545) --> [5]
121 --> []
122 (46.9616) --> [212]
123 --> []
124 (6.6663) --> [167]
125 (46.0671) --> [413, 299]
126 (27.6489) --> [454, 200]
127 --> []
128 (39.5600) --> [449]
129 (31.9351) --> [111]
130 (39.4779) --> [456, 93, 469]
131 (10.8396) --> [272, 371]
132 --> []
133 (49.1422) --> [95, 184]
134 (28.3831) --> [262]
135 (41.8466) --> [416]
136 --> []
137 (46.6815) --> [326]
138 (15.7647) --> [156]
139 (16.0824) --> [4]
140 --> []
141 (35.6279) --> [84]
142 (51.2315) --> [270]
143 (42.6405) --> [15]
144 (21.3937) --> [381]
145 (5.1712) --> [159]
146 --> []
147 (36.5457) --> [450, 26]
148 --> []
149 (38.6053) --> [88]
150 --> []
151 (15.6599) --> [44]
152 (33.8625) --> [330, 440]
153 (42.5219) --> [213]
154 --> []
155 (54.7574) --> [82]
156 (22.0088) --> [38]
157 (12.4058) --> [329]
158 (7.6794) --> [409]
159 (38.3659) --> [390, 241]
160 --> []
161 --> []
162 (34.0954) --> [53, 465]
163 (29.2237) --> [116]
164 --> []
165 (7.9000) --> [298]
166 --> []
167 (57.4438) --> [372, 362, 186]
168 (34.7143) --> [152]
169 (50.5689) --> [214, 321]
170 --> []
171 (39.3421) --> [400, 493, 199]
172 (56.2492) --> [332, 216]
173 --> []
174 --> []
175 (47.1112) --> [140, 259]
176 (57.4159) --> [181, 23]
177 (22.1976) --> [129]
178 (52.5908) --> [209]
179 (44.3463) --> [315, 54]
180 (29.3370) --> [471]
181 --> []
182 (34.8917) --> [300]
183 --> []
184 (8.8641) --> [408]
185 (27.6758) --> [457, 499]
186 (45.2594) --> [225, 333]
187 (80.1947) --> [348, 76]
188 --> []
189 (47.2953) --> [398]
190 --> []
191 (37.6403) --> [468, 75]
192 (24.4518) --> [108]
193 (23.4837) --> [178, 467]
194 (39.8430) --> [487, 310]
195 (17.0793) --> [128]
196 --> []
197 (18.1831) --> [318]
198 (45.7242) --> [113, 418]
199 (39.5275) --> [96]
200 (39.5205) --> [307]
201 --> []
202 (11.3675) --> [68]
203 (45.0116) --> [447, 288]
204 (25.7327) --> [303, 495]
205 (28.7141) --> [22]
206 --> []
207 --> []
208 --> []
209 --> []
210 (36.8877) --> [383]
211 (17.8626) --> [175]
212 (53.9488) --> [258, 71]
213 (18.1921) --> [387]
214 (3.3700) --> [320]
215 --> []
216 (17.2305) --> [104]
217 (37.0157) --> [301]
218 (24.7335) --> [421, 376]
219 (18.1389) --> [240, 345]
220 --> []
221 --> []
222 (56.8012) --> [242]
223 (45.9451) --> [490, 61]
224 --> []
225 --> []
226 (34.7365) --> [65]
227 (21.3960) --> [353]
228 (49.3515) --> [243]
229 (39.3626) --> [316]
230 (33.3445) --> [135]
231 (45.9766) --> [322]
232 (21.7437) --> [150]
233 --> []
234 (32.1675) --> [109]
235 (24.6752) --> [169]
236 (68.5248) --> [180, 142]
237 (7.7234) --> [287]
238 (52.5876) --> [56, 105]
239 --> []
240 --> []
241 --> []
242 (27.0700) --> [3]
243 (9.1519) --> [334]
244 (13.5490) --> [339, 423]
245 --> []
246 (72.2928) --> [101, 30]
247 (49.2033) --> [2]
248 --> []
249 --> []
250 (29.7454) --> [289]
251 --> []
252 (54.9793) --> [461, 436]
253 (68.2197) --> [394]
254 (27.6992) --> [131]
255 (9.7846) --> [27]
256 (30.0422) --> [292]
257 (35.2264) --> [17]
258 (49.8943) --> [20]
259 --> []
260 (47.2715) --> [9, 244, 311]
261 (11.4913) --> [94, 139]
262 --> []
263 (67.9397) --> [161, 62, 218]
264 --> []
265 (61.2169) --> [112]
266 (20.9036) --> [475]
267 (24.9063) --> [498, 19]
268 (43.3436) --> [223]
269 (19.0588) --> [263]
270 (18.6568) --> [252]
271 (34.4940) --> [379]
272 --> []
273 (27.8989) --> [179]
274 (31.6148) --> [103]
275 (41.7586) --> [485]
276 (25.2023) --> [148, 115]
277 (3.2810) --> [432]
278 (49.0648) --> [37]
279 (0.1513) --> [410]
280 (33.7729) --> [118, 340]
281 --> []
282 (23.7477) --> [395]
283 (26.5662) --> [32]
284 --> []
285 (35.9154) --> [385]
286 --> []
287 (30.5796) --> [477]
288 (3.5396) --> [265]
289 (34.1726) --> [217]
290 (34.1815) --> [221]
291 (53.8974) --> [296, 382]
292 (31.1820) --> [257]
293 --> []
294 (15.2750) --> [119]
295 --> []
296 (28.0427) --> [441, 269]
297 (39.8491) --> [247]
298 --> []
299 (31.5504) --> [21]
300 (24.6286) --> [286]
301 (34.7521) --> [359]
302 (59.6738) --> [377]
303 (20.7475) --> [123]
304 (30.0352) --> [232, 10]
305 (34.1806) --> [344]
306 (17.1605) --> [157]
307 (49.5849) --> [183, 369]
308 --> []
309 (31.9136) --> [208, 285]
310 (28.5265) --> [293, 437]
311 --> []
312 (11.9136) --> [367]
313 --> []
314 (7.1412) --> [124]
315 (35.8076) --> [6]
316 (60.6719) --> [190, 463]
317 (30.2662) --> [473, 341]
318 (39.4248) --> [302]
319 (26.9823) --> [439]
320 --> []
321 --> []
322 (36.9214) --> [256, 380]
323 (28.6012) --> [222]
324 --> []
325 (35.0333) --> [77, 196]
326 (48.0920) --> [323, 45]
327 (15.5829) --> [210]
328 (17.6096) --> [57]
329 (17.0193) --> [314]
330 (69.4596) --> [173]
331 --> []
332 --> []
333 (43.7448) --> [365, 215]
334 (13.7579) --> [1, 363]
335 (23.6364) --> [41]
336 --> []
337 --> []
338 (11.3266) --> [58]
339 (21.6941) --> [337]
340 (10.4760) --> [335]
341 --> []
342 --> []
343 (35.2822) --> [29]
344 (60.4494) --> [472]
345 (22.2289) --> [459]
346 (62.5286) --> [64, 492]
347 (11.8083) --> [297]
348 (10.4453) --> [25]
349 (39.9718) --> [446, 203]
350 (44.0036) --> [445, 99]
351 --> []
352 (45.3087) --> [419]
353 (37.2991) --> [49, 281]
354 (62.3751) --> [414]
355 --> []
356 --> []
357 (49.8247) --> [246]
358 (37.6938) --> [331, 14, 462]
359 --> []
360 (44.4684) --> [235]
361 (15.5394) --> [63]
362 (57.1081) --> [39]
363 (12.0726) --> [306]
364 --> []
365 (28.1973) --> [67]
366 (47.5227) --> [291]
367 (13.8428) --> [174]
368 (42.4761) --> [431]
369 --> []
370 (29.5895) --> [153]
371 --> []
372 --> []
373 --> []
374 (46.8984) --> [280]
375 (18.3562) --> [40]
376 (17.8505) --> [35]
377 (52.1873) --> [358, 219, 97]
378 --> []
379 --> []
380 --> []
381 (16.0323) --> [424]
382 (22.9503) --> [69]
383 (28.8965) --> [43, 194]
384 (49.4473) --> [442]
385 (40.4269) --> [464]
386 (48.6913) --> [438, 182, 187]
387 (38.7750) --> [266, 48]
388 (53.1331) --> [166]
389 (18.9938) --> [392]
390 (12.2201) --> [405]
391 --> []
392 (39.0626) --> [60]
393 --> []
394 (40.3013) --> [31, 245]
395 (42.1189) --> [195, 422]
396 (41.8571) --> [254]
397 (22.0194) --> [227]
398 (37.4729) --> [327]
399 (58.5649) --> [308, 239, 125]
400 (20.7662) --> [283]
401 (8.7132) --> [274]
402 (45.2572) --> [59, 198]
403 --> []
404 (24.1125) --> [164, 51]
405 (26.2971) --> [11]
406 --> []
407 (30.3419) --> [428]
408 (19.2944) --> [250]
409 (33.7891) --> [50]
410 (40.1958) --> [474]
411 (44.2553) --> [448]
412 (47.1302) --> [317, 278]
413 (11.3833) --> [268]
414 --> []
415 --> []
416 --> []
417 (52.2946) --> [79]
418 --> []
419 --> []
420 (10.4726) --> [251]
421 (25.5382) --> [476]
422 --> []
423 (37.9761) --> [207]
424 (5.1591) --> [294]
425 (40.4471) --> [55]
426 (37.6213) --> [324, 136]
427 (73.7394) --> [452]
428 (33.1041) --> [453]
429 (61.0507) --> [460, 47]
430 (12.6659) --> [191]
431 --> []
432 (26.4017) --> [172]
433 (45.9707) --> [18, 205]
434 (28.1467) --> [404]
435 (42.0449) --> [42]
436 (20.1199) --> [312, 411]
437 (42.3128) --> [220, 134]
438 (59.1283) --> [168]
439 (22.6187) --> [234]
440 (16.6791) --> [420]
441 (30.4531) --> [248, 83]
442 --> []
443 (22.7041) --> [36]
444 (19.1829) --> [491, 233]
445 (29.8178) --> [466]
446 (30.0892) --> [80]
447 (17.2572) --> [403]
448 --> []
449 --> []
450 (34.3647) --> [356, 374]
451 (12.7344) --> [388]
452 --> []
453 (51.7986) --> [360, 351]
454 (46.7163) --> [92, 277]
455 --> []
456 (25.3556) --> [480, 192]
457 --> []
458 (37.1394) --> [260]
459 (17.7199) --> [138]
460 (61.3666) --> [406, 144, 479]
461 (65.3979) --> [407]
462 (27.2153) --> [482]
463 (64.0652) --> [165, 224, 399]
464 (12.4377) --> [114]
465 --> []
466 (34.8995) --> [402]
467 --> []
468 (16.6095) --> [28]
469 --> []
470 (30.9235) --> [8, 451]
471 (27.3276) --> [143]
472 (28.2455) --> [481]
473 (38.3111) --> [202, 34]
474 (28.7170) --> [230]
475 --> []
476 (20.1454) --> [81]
477 (36.3142) --> [386]
478 --> []
479 (39.6346) --> [470, 160]
480 (41.0106) --> [201, 497]
481 (59.6496) --> [106, 237]
482 --> []
483 (11.4745) --> [389]
484 --> []
485 (4.5078) --> [352]
486 (44.0024) --> [443]
487 (21.1512) --> [325, 355]
488 (9.4982) --> [12]
489 (13.7185) --> [282]
490 (7.4340) --> [145]
491 (32.0026) --> [304]
492 --> []
493 (21.9204) --> [13]
494 (26.5114) --> [276]
495 (20.8803) --> [290]
496 (33.1393) --> [338, 295]
497 (32.2235) --> [16, 273]
498 --> []
499 (36.6474) --> [313, 378]

Solution energy from ACO: 2.21658884779833E7
trying to improve with local search...
final Solution:
0 (24.5011) --> [72]
1 (24.7447) --> [319]
2 (22.5312) --> [427]
3 (38.9570) --> [24, 185]
4 --> []
5 (53.2731) --> [90, 433, 121, 483]
6 (43.1278) --> [444, 149, 193]
7 (33.7214) --> [429]
8 --> []
9 --> []
10 --> []
11 --> []
12 (14.8063) --> [415]
13 (5.6851) --> [489]
14 (73.4450) --> [91]
15 (23.2511) --> [349, 350]
16 (29.0061) --> [375]
17 (21.4803) --> [364]
18 (20.7382) --> [110]
19 (29.7741) --> [384, 177]
20 (47.6789) --> [336, 204]
21 --> []
22 (23.5447) --> [197]
23 (38.6642) --> [189]
24 --> []
25 (20.2885) --> [107]
26 (39.9192) --> [206, 393]
27 (31.8810) --> [141]
28 --> []
29 (55.4756) --> [170, 391]
30 (14.9374) --> [279]
31 --> []
32 (20.5905) --> [435]
33 (17.9040) --> [236]
34 (9.4210) --> [147]
35 (22.7847) --> [132]
36 (16.6840) --> [430]
37 (35.8726) --> [354]
38 --> []
39 (20.8416) --> [46, 494]
40 (15.3423) --> [484]
41 (27.9797) --> [342, 284]
42 (32.0748) --> [261]
43 --> []
44 (22.6477) --> [396, 171]
45 (25.6017) --> [425]
46 --> []
47 --> []
48 (20.5775) --> [229]
49 (47.5881) --> [249]
50 (26.7218) --> [211]
51 (17.3837) --> [158]
52 (33.9988) --> [264]
53 --> []
54 --> []
55 --> []
56 --> []
57 --> []
58 (37.1648) --> [122, 271]
59 (47.2745) --> [238]
60 (13.8910) --> [70]
61 (26.4630) --> [137]
62 --> []
63 --> []
64 (11.0833) --> [74]
65 (43.4868) --> [117]
66 (5.1945) --> [357]
67 (53.6812) --> [66, 488]
68 (15.0659) --> [231]
69 (1.9562) --> [120]
70 (16.8687) --> [78, 163]
71 (20.8113) --> [151]
72 (17.7025) --> [33, 305, 86]
73 (17.2493) --> [253]
74 (54.0505) --> [267]
75 (64.5473) --> [368]
76 (60.0011) --> [455]
77 (17.5146) --> [486]
78 --> []
79 --> []
80 (28.3839) --> [162]
81 (22.2247) --> [155]
82 (52.2705) --> [133]
83 (11.7807) --> [146]
84 --> []
85 (23.4381) --> [255]
86 --> []
87 (17.8442) --> [373]
88 (39.2981) --> [417]
89 (39.4924) --> [176]
90 --> []
91 (28.3670) --> [346]
92 --> []
93 (20.1812) --> [347]
94 (46.6260) --> [426]
95 (47.1536) --> [87]
96 (37.1531) --> [73]
97 (51.7228) --> [458, 85]
98 --> []
99 (57.6006) --> [401]
100 (49.4773) --> [98, 397]
101 --> []
102 (45.6514) --> [228]
103 (8.7476) --> [309]
104 (43.2264) --> [370, 328]
105 (38.3408) --> [412]
106 (50.8889) --> [366, 52]
107 (14.7228) --> [89]
108 (54.3834) --> [127, 343, 478]
109 (54.7307) --> [226, 188]
110 --> []
111 (36.1860) --> [434]
112 (30.4741) --> [7]
113 (58.1406) --> [130]
114 (33.5268) --> [100, 102]
115 (39.0790) --> [496, 154]
116 --> []
117 (47.6724) --> [126]
118 (11.4760) --> [275]
119 (38.9336) --> [361]
120 (25.5545) --> [5]
121 --> []
122 (46.9616) --> [212]
123 --> []
124 (6.6663) --> [167]
125 (46.0671) --> [413, 299]
126 (27.6489) --> [454, 200]
127 --> []
128 (39.5600) --> [449]
129 (31.9351) --> [111]
130 (39.4779) --> [456, 93, 469]
131 (10.8396) --> [272, 371]
132 --> []
133 (49.1422) --> [95, 184]
134 (28.3831) --> [262]
135 (41.8466) --> [416]
136 --> []
137 (46.6815) --> [326]
138 (15.7647) --> [156]
139 (16.0824) --> [4]
140 --> []
141 (35.6279) --> [84]
142 (51.2315) --> [270]
143 (42.6405) --> [15]
144 (21.3937) --> [381]
145 (5.1712) --> [159]
146 --> []
147 (36.5457) --> [450, 26]
148 --> []
149 (38.6053) --> [88]
150 --> []
151 (15.6599) --> [44]
152 (33.8625) --> [330, 440]
153 (42.5219) --> [213]
154 --> []
155 (54.7574) --> [82]
156 (22.0088) --> [38]
157 (12.4058) --> [329]
158 (7.6794) --> [409]
159 (38.3659) --> [390, 241]
160 --> []
161 --> []
162 (34.0954) --> [53, 465]
163 (29.2237) --> [116]
164 --> []
165 (3.3328) --> [463]
166 --> []
167 (57.4438) --> [372, 362, 186]
168 (34.7143) --> [152]
169 (50.5689) --> [214, 321]
170 --> []
171 (39.3421) --> [400, 493, 199]
172 (56.2492) --> [332, 216]
173 --> []
174 --> []
175 (47.1112) --> [140, 259]
176 (57.4159) --> [181, 23]
177 (22.1976) --> [129]
178 (52.5908) --> [209]
179 (44.3463) --> [315, 54]
180 (29.3370) --> [471]
181 --> []
182 (34.8917) --> [300]
183 --> []
184 (8.8641) --> [408]
185 (27.6758) --> [457, 499]
186 (45.2594) --> [225, 333]
187 (80.1947) --> [348, 76]
188 --> []
189 (47.2953) --> [398]
190 --> []
191 (37.6403) --> [468, 75]
192 (24.4518) --> [108]
193 (23.4837) --> [178, 467]
194 (39.8430) --> [487, 310]
195 (17.0793) --> [128]
196 --> []
197 (18.1831) --> [318]
198 (45.7242) --> [113, 418]
199 (39.5275) --> [96]
200 (39.5205) --> [307]
201 --> []
202 (11.3675) --> [68]
203 (45.0116) --> [447, 288]
204 (25.7327) --> [303, 495]
205 (28.7141) --> [22]
206 --> []
207 --> []
208 --> []
209 --> []
210 (36.8877) --> [383]
211 (17.8626) --> [175]
212 (53.9488) --> [258, 71]
213 (18.1921) --> [387]
214 (3.3700) --> [320]
215 --> []
216 (17.2305) --> [104]
217 (37.0157) --> [301]
218 (24.7335) --> [421, 376]
219 (18.1389) --> [240, 345]
220 --> []
221 --> []
222 (56.8012) --> [242]
223 (45.9451) --> [490, 61]
224 --> []
225 --> []
226 (34.7365) --> [65]
227 (21.3960) --> [353]
228 (49.3515) --> [243]
229 (39.3626) --> [316]
230 (33.3445) --> [135]
231 (45.9766) --> [322]
232 (21.7437) --> [150]
233 --> []
234 (32.1675) --> [109]
235 (24.6752) --> [169]
236 (68.5248) --> [180, 142]
237 (7.7234) --> [287]
238 (52.5876) --> [56, 105]
239 --> []
240 --> []
241 --> []
242 (27.0700) --> [3]
243 (9.1519) --> [334]
244 (13.5490) --> [339, 423]
245 --> []
246 (72.2928) --> [101, 30]
247 (49.2033) --> [2]
248 --> []
249 --> []
250 (29.7454) --> [289]
251 --> []
252 (54.9793) --> [461, 436]
253 (68.2197) --> [394]
254 (27.6992) --> [131]
255 (9.7846) --> [27]
256 (30.0422) --> [292]
257 (35.2264) --> [17]
258 (49.8943) --> [20]
259 --> []
260 (47.2715) --> [9, 244, 311]
261 (11.4913) --> [94, 139]
262 --> []
263 (67.9397) --> [161, 62, 218]
264 --> []
265 (61.2169) --> [112]
266 (20.9036) --> [475]
267 (24.9063) --> [498, 19]
268 (43.3436) --> [223]
269 (19.0588) --> [263]
270 (18.6568) --> [252]
271 (34.4940) --> [379]
272 --> []
273 (27.8989) --> [179]
274 (31.6148) --> [103]
275 (41.7586) --> [485]
276 (25.2023) --> [148, 115]
277 (3.2810) --> [432]
278 (49.0648) --> [37]
279 (0.1513) --> [410]
280 (33.7729) --> [118, 340]
281 --> []
282 (23.7477) --> [395]
283 (26.5662) --> [32]
284 --> []
285 (35.9154) --> [385]
286 --> []
287 (30.5796) --> [477]
288 (3.5396) --> [265]
289 (34.1726) --> [217]
290 (34.1815) --> [221]
291 (53.8974) --> [296, 382]
292 (31.1820) --> [257]
293 --> []
294 (15.2750) --> [119]
295 --> []
296 (28.0427) --> [441, 269]
297 (39.8491) --> [247]
298 --> []
299 (31.5504) --> [21]
300 (24.6286) --> [286]
301 (34.7521) --> [359]
302 (59.6738) --> [377]
303 (20.7475) --> [123]
304 (30.0352) --> [232, 10]
305 (34.1806) --> [344]
306 (17.1605) --> [157]
307 (49.5849) --> [183, 369]
308 --> []
309 (31.9136) --> [208, 285]
310 (28.5265) --> [293, 437]
311 --> []
312 (11.9136) --> [367]
313 --> []
314 (7.1412) --> [124]
315 (35.8076) --> [6]
316 (51.4100) --> [190, 298]
317 (30.2662) --> [473, 341]
318 (39.4248) --> [302]
319 (26.9823) --> [439]
320 --> []
321 --> []
322 (36.9214) --> [256, 380]
323 (28.6012) --> [222]
324 --> []
325 (35.0333) --> [77, 196]
326 (48.0920) --> [323, 45]
327 (15.5829) --> [210]
328 (17.6096) --> [57]
329 (17.0193) --> [314]
330 (69.4596) --> [173]
331 --> []
332 --> []
333 (43.7448) --> [365, 215]
334 (13.7579) --> [1, 363]
335 (23.6364) --> [41]
336 --> []
337 --> []
338 (11.3266) --> [58]
339 (21.6941) --> [337]
340 (10.4760) --> [335]
341 --> []
342 --> []
343 (35.2822) --> [29]
344 (60.4494) --> [472]
345 (22.2289) --> [459]
346 (62.5286) --> [64, 492]
347 (11.8083) --> [297]
348 (10.4453) --> [25]
349 (39.9718) --> [446, 203]
350 (44.0036) --> [445, 99]
351 --> []
352 (45.3087) --> [419]
353 (37.2991) --> [49, 281]
354 (62.3751) --> [414]
355 --> []
356 --> []
357 (49.8247) --> [246]
358 (37.6938) --> [331, 14, 462]
359 --> []
360 (44.4684) --> [235]
361 (15.5394) --> [63]
362 (57.1081) --> [39]
363 (12.0726) --> [306]
364 --> []
365 (28.1973) --> [67]
366 (47.5227) --> [291]
367 (13.8428) --> [174]
368 (42.4761) --> [431]
369 --> []
370 (29.5895) --> [153]
371 --> []
372 --> []
373 --> []
374 (46.8984) --> [280]
375 (18.3562) --> [40]
376 (17.8505) --> [35]
377 (52.1873) --> [358, 219, 97]
378 --> []
379 --> []
380 --> []
381 (16.0323) --> [424]
382 (22.9503) --> [69]
383 (28.8965) --> [43, 194]
384 (49.4473) --> [442]
385 (40.4269) --> [464]
386 (48.6913) --> [438, 182, 187]
387 (38.7750) --> [266, 48]
388 (53.1331) --> [166]
389 (18.9938) --> [392]
390 (12.2201) --> [405]
391 --> []
392 (39.0626) --> [60]
393 --> []
394 (40.3013) --> [31, 245]
395 (42.1189) --> [195, 422]
396 (41.8571) --> [254]
397 (22.0194) --> [227]
398 (37.4729) --> [327]
399 (58.5649) --> [308, 239, 125]
400 (20.7662) --> [283]
401 (8.7132) --> [274]
402 (45.2572) --> [59, 198]
403 --> []
404 (24.1125) --> [164, 51]
405 (26.2971) --> [11]
406 --> []
407 (30.3419) --> [428]
408 (19.2944) --> [250]
409 (33.7891) --> [50]
410 (40.1958) --> [474]
411 (44.2553) --> [448]
412 (47.1302) --> [317, 278]
413 (11.3833) --> [268]
414 --> []
415 --> []
416 --> []
417 (52.2946) --> [79]
418 --> []
419 --> []
420 (10.4726) --> [251]
421 (25.5382) --> [476]
422 --> []
423 (37.9761) --> [207]
424 (5.1591) --> [294]
425 (40.4471) --> [55]
426 (37.6213) --> [324, 136]
427 (73.7394) --> [452]
428 (33.1041) --> [453]
429 (61.0507) --> [460, 47]
430 (12.6659) --> [191]
431 --> []
432 (26.4017) --> [172]
433 (45.9707) --> [18, 205]
434 (28.1467) --> [404]
435 (42.0449) --> [42]
436 (20.1199) --> [312, 411]
437 (42.3128) --> [220, 134]
438 (59.1283) --> [168]
439 (22.6187) --> [234]
440 (16.6791) --> [420]
441 (30.4531) --> [248, 83]
442 --> []
443 (22.7041) --> [36]
444 (19.1829) --> [491, 233]
445 (29.8178) --> [466]
446 (30.0892) --> [80]
447 (17.2572) --> [403]
448 --> []
449 --> []
450 (34.3647) --> [356, 374]
451 (12.7344) --> [388]
452 --> []
453 (51.7986) --> [360, 351]
454 (46.7163) --> [92, 277]
455 --> []
456 (25.3556) --> [480, 192]
457 --> []
458 (37.1394) --> [260]
459 (17.7199) --> [138]
460 (61.3666) --> [406, 144, 479]
461 (65.3979) --> [407]
462 (27.2153) --> [482]
463 (64.0652) --> [165, 224, 399]
464 (12.4377) --> [114]
465 --> []
466 (34.8995) --> [402]
467 --> []
468 (16.6095) --> [28]
469 --> []
470 (30.9235) --> [8, 451]
471 (27.3276) --> [143]
472 (28.2455) --> [481]
473 (38.3111) --> [202, 34]
474 (28.7170) --> [230]
475 --> []
476 (20.1454) --> [81]
477 (36.3142) --> [386]
478 --> []
479 (39.6346) --> [470, 160]
480 (41.0106) --> [201, 497]
481 (59.6496) --> [106, 237]
482 --> []
483 (11.4745) --> [389]
484 --> []
485 (4.5078) --> [352]
486 (44.0024) --> [443]
487 (21.1512) --> [325, 355]
488 (9.4982) --> [12]
489 (13.7185) --> [282]
490 (7.4340) --> [145]
491 (32.0026) --> [304]
492 --> []
493 (21.9204) --> [13]
494 (26.5114) --> [276]
495 (20.8803) --> [290]
496 (33.1393) --> [338, 295]
497 (32.2235) --> [16, 273]
498 --> []
499 (36.6474) --> [313, 378]

final Solution energy: 2.2077970055502024E7
Calculated in 360878ms
Ants=1000, alpha=0.6, beta=3.0, evaporate factor=0.07
(for ../../mebp/mebp-11.dat)
