New best solution in iteration 0: 6.542006679343182E8
New best solution in iteration 1: 6.075428649189032E8
New best solution in iteration 7: 3.788403776778922E8
AVG (iterations 0 to 20): 1.1412444530527637E9
AVG (iterations 20 to 40): 1.2716773649737566E9
New best solution in iteration 44: 3.4261246096533614E8
AVG (iterations 40 to 60): 1.208708604119524E9
AVG (iterations 60 to 80): 1.0019555499862427E9
AVG (iterations 80 to 100): 1.2255604567853076E9
New best solution in iteration 102: 2.933253646834125E8
AVG (iterations 100 to 120): 1.0310072237616733E9
AVG (iterations 120 to 140): 1.2495339903228624E9
New best solution in iteration 144: 2.8273766776225275E8
New best solution in iteration 160: 1.8955334351997083E8
AVG (iterations 140 to 160): 7.193013382755027E8
New best solution in iteration 164: 1.373915988213139E8
New best solution in iteration 169: 1.3184471134467958E8
New best solution in iteration 171: 1.1834666099174489E8
New best solution in iteration 172: 9.374366005951959E7
New best solution in iteration 180: 9.110156175148226E7
AVG (iterations 160 to 180): 2.0042911885967913E8
New best solution in iteration 182: 8.347760977347991E7
AVG (iterations 180 to 200): 1.5581505409903657E8
AVG (iterations 200 to 220): 1.1959830013083716E8
New best solution in iteration 232: 8.225366522588605E7
AVG (iterations 220 to 240): 9.913122401888797E7
New best solution in iteration 252: 7.806841691970487E7
AVG (iterations 240 to 260): 1.0989152994981878E8
AVG (iterations 260 to 280): 9.517071467481413E7
AVG (iterations 280 to 300): 8.807618824494644E7
AVG (iterations 300 to 320): 8.998654889368519E7
AVG (iterations 320 to 340): 9.177016710751486E7
AVG (iterations 340 to 360): 9.285778031355743E7
AVG (iterations 360 to 380): 8.988923967532706E7
AVG (iterations 380 to 400): 8.743625481238659E7
AVG (iterations 400 to 420): 9.318316737647267E7
AVG (iterations 420 to 440): 8.914475099093881E7
New best solution in iteration 447: 7.80254842951428E7
AVG (iterations 440 to 460): 9.012247051611844E7
AVG (iterations 460 to 480): 8.728423152651067E7
AVG (iterations 480 to 500): 8.893323494564255E7
New best solution in iteration 512: 7.792694823923974E7
AVG (iterations 500 to 520): 8.805525498189987E7
AVG (iterations 520 to 540): 9.287069430713406E7
New best solution in iteration 548: 7.73101360333165E7
AVG (iterations 540 to 560): 9.12234245541916E7
AVG (iterations 560 to 580): 9.305971393848145E7
AVG (iterations 580 to 600): 8.957690266732869E7
AVG (iterations 600 to 620): 9.22736762336893E7
AVG (iterations 620 to 640): 8.83667759123192E7
AVG (iterations 640 to 660): 8.36797283505564E7
AVG (iterations 660 to 680): 8.672894174486828E7
AVG (iterations 680 to 700): 8.357173052628586E7
AVG (iterations 700 to 720): 8.193122108525248E7
AVG (iterations 720 to 740): 8.339467885734141E7
AVG (iterations 740 to 760): 8.591427483383211E7
AVG (iterations 760 to 780): 8.63518740978403E7
AVG (iterations 780 to 800): 8.593166061772E7
AVG (iterations 800 to 820): 8.320956978912959E7
AVG (iterations 820 to 840): 8.453133552528575E7
AVG (iterations 840 to 860): 8.649271836092152E7
AVG (iterations 860 to 880): 8.552183806737807E7
AVG (iterations 880 to 900): 8.450304959546068E7
AVG (iterations 900 to 920): 8.263733341146818E7
AVG (iterations 920 to 940): 8.181471730933201E7
AVG (iterations 940 to 960): 8.416869182671018E7
AVG (iterations 960 to 980): 8.362511444987352E7
Solution from ACO:
0 (181.8040) --> [14, 3]
1 --> []
2 --> []
3 (77.7078) --> [49]
4 --> []
5 (66.6012) --> [26, 19]
6 (96.5555) --> [21, 47]
7 (141.3560) --> [38, 41]
8 (142.6103) --> [34]
9 (121.9949) --> [44]
10 (170.5493) --> [45, 20]
11 --> []
12 (70.6803) --> [36]
13 (156.3484) --> [31]
14 (156.6540) --> [18, 42]
15 (134.2153) --> [7]
16 (197.9815) --> [11]
17 (78.7153) --> [23]
18 (106.4422) --> [27]
19 (25.5548) --> [6]
20 --> []
21 (36.7212) --> [28]
22 (109.2235) --> [4]
23 (92.4554) --> [13]
24 --> []
25 (123.4820) --> [48, 9]
26 (12.8565) --> [22]
27 (96.6412) --> [12, 30]
28 (53.1161) --> [37]
29 (64.6994) --> [39]
30 (146.3334) --> [24, 10]
31 (113.3180) --> [35, 5]
32 (119.3596) --> [17]
33 --> []
34 (149.3246) --> [32]
35 --> []
36 --> []
37 --> []
38 --> []
39 --> []
40 --> []
41 (151.7103) --> [8]
42 --> []
43 (117.4312) --> [33, 1]
44 --> []
45 (169.6529) --> [25, 16]
46 (97.0348) --> [43]
47 (202.7207) --> [29, 40]
48 (142.6162) --> [15, 2]
49 (49.0433) --> [46]

Solution energy from ACO: 7.73101360333165E7
trying to improve with local search...
final Solution:
0 (181.8040) --> [14, 3]
1 --> []
2 --> []
3 (77.7078) --> [49]
4 --> []
5 (66.6012) --> [26, 19]
6 (96.5555) --> [47, 37]
7 (141.3560) --> [38, 41]
8 (142.6103) --> [34]
9 (121.9949) --> [44]
10 (170.5493) --> [45, 20]
11 --> []
12 (70.6803) --> [36]
13 (156.3484) --> [31]
14 (156.6540) --> [18, 42]
15 (134.2153) --> [7]
16 (197.9815) --> [11]
17 (78.7153) --> [23]
18 (106.4422) --> [27]
19 (25.5548) --> [6]
20 --> []
21 (36.7212) --> [28]
22 (109.2235) --> [4]
23 (92.4554) --> [13]
24 --> []
25 (123.4820) --> [48, 9]
26 (12.8565) --> [22]
27 (96.6412) --> [12, 30]
28 (36.7212) --> [21]
29 (64.6994) --> [39]
30 (146.3334) --> [24, 10]
31 (113.3180) --> [35, 5]
32 (119.3596) --> [17]
33 --> []
34 (149.3246) --> [32]
35 --> []
36 --> []
37 --> []
38 --> []
39 --> []
40 --> []
41 (151.7103) --> [8]
42 --> []
43 (117.4312) --> [33, 1]
44 --> []
45 (169.6529) --> [25, 16]
46 (97.0348) --> [43]
47 (202.7207) --> [29, 40]
48 (142.6162) --> [15, 2]
49 (49.0433) --> [46]

final Solution energy: 7.720979528602985E7
Calculated in 2031ms
Ants=1000, alpha=0.6, beta=3.0, evaporate factor=0.07
(for ../../mebp/mebp-06.dat)
