New best solution in iteration 0: 1.5443821613986483E9
New best solution in iteration 15: 1.5266991232167785E9
New best solution in iteration 18: 1.4697232079075482E9
New best solution in iteration 19: 1.387624773501285E9
AVG (iterations 0 to 20): 2.1601176838465014E9
New best solution in iteration 35: 1.2815245458193502E9
AVG (iterations 20 to 40): 2.0066461758918831E9
New best solution in iteration 42: 5.229138328197607E8
AVG (iterations 40 to 60): 1.8148497291314473E9
AVG (iterations 60 to 80): 2.230927274249396E9
AVG (iterations 80 to 100): 2.281499517731904E9
AVG (iterations 100 to 120): 2.1422510108031592E9
AVG (iterations 120 to 140): 1.8091483285574355E9
New best solution in iteration 160: 5.191271857100134E8
AVG (iterations 140 to 160): 1.8092745738235908E9
New best solution in iteration 166: 4.660925053812734E8
New best solution in iteration 169: 3.708022532431608E8
New best solution in iteration 170: 3.246453840965325E8
New best solution in iteration 171: 2.723861582787377E8
New best solution in iteration 176: 1.7098865475170767E8
New best solution in iteration 177: 6.5352144838838495E7
AVG (iterations 160 to 180): 4.86644635419971E8
New best solution in iteration 183: 5.56884345500282E7
New best solution in iteration 190: 5.5433210455751486E7
New best solution in iteration 191: 4.935765684036579E7
New best solution in iteration 194: 4.8597541825401284E7
New best solution in iteration 195: 4.699472208916971E7
New best solution in iteration 197: 4.287942181165563E7
New best solution in iteration 200: 4.155378834875604E7
AVG (iterations 180 to 200): 1.0870938560364473E8
New best solution in iteration 201: 4.03900150073588E7
AVG (iterations 200 to 220): 4.473044264013636E7
New best solution in iteration 232: 4.036692388398705E7
New best solution in iteration 235: 4.00863727089283E7
New best solution in iteration 236: 3.8897899767888896E7
New best solution in iteration 238: 3.830042884483417E7
New best solution in iteration 239: 3.7121296612179294E7
AVG (iterations 220 to 240): 4.194967987347246E7
AVG (iterations 240 to 260): 4.042811121693507E7
New best solution in iteration 268: 3.651386076418479E7
AVG (iterations 260 to 280): 4.0266234766038015E7
AVG (iterations 280 to 300): 3.9645722587893605E7
AVG (iterations 300 to 320): 3.957357111442019E7
New best solution in iteration 339: 3.636857916197292E7
AVG (iterations 320 to 340): 3.886552841905719E7
AVG (iterations 340 to 360): 3.905031950218139E7
AVG (iterations 360 to 380): 3.8526343047055565E7
AVG (iterations 380 to 400): 3.879903469293325E7
New best solution in iteration 409: 3.624865499475541E7
AVG (iterations 400 to 420): 3.8390953977844425E7
New best solution in iteration 429: 3.5494348987109594E7
AVG (iterations 420 to 440): 3.838242005853283E7
AVG (iterations 440 to 460): 3.91403857623179E7
AVG (iterations 460 to 480): 3.924285096808968E7
AVG (iterations 480 to 500): 3.847494840767935E7
AVG (iterations 500 to 520): 3.808011117010882E7
AVG (iterations 520 to 540): 3.808169471688546E7
AVG (iterations 540 to 560): 3.829383459206449E7
AVG (iterations 560 to 580): 3.805675730715629E7
AVG (iterations 580 to 600): 3.781708462743352E7
AVG (iterations 600 to 620): 3.8118538551400535E7
AVG (iterations 620 to 640): 3.9212298616621725E7
AVG (iterations 640 to 660): 3.843219290613332E7
AVG (iterations 660 to 680): 3.824771153426265E7
AVG (iterations 680 to 700): 3.775180088879684E7
AVG (iterations 700 to 720): 3.8020667439445436E7
AVG (iterations 720 to 740): 3.77350849673478E7
AVG (iterations 740 to 760): 3.8336381188846275E7
AVG (iterations 760 to 780): 3.805679970488919E7
AVG (iterations 780 to 800): 3.7439372004274406E7
AVG (iterations 800 to 820): 3.693563976531176E7
AVG (iterations 820 to 840): 3.7430030058535986E7
New best solution in iteration 846: 3.534416492880778E7
AVG (iterations 840 to 860): 3.710057154001258E7
AVG (iterations 860 to 880): 3.7602893065068044E7
AVG (iterations 880 to 900): 3.7808126990448944E7
AVG (iterations 900 to 920): 3.742385349751262E7
AVG (iterations 920 to 940): 3.725433247474566E7
AVG (iterations 940 to 960): 3.729005161442959E7
AVG (iterations 960 to 980): 3.771852807481073E7
Solution from ACO:
0 (79.8935) --> [60, 88, 56]
1 (108.1560) --> [98, 47]
2 (74.1257) --> [63, 149]
3 --> []
4 (100.7868) --> [126, 71]
5 --> []
6 (35.8099) --> [184, 40]
7 (3.1793) --> [59]
8 --> []
9 (66.1330) --> [188]
10 (44.5012) --> [61]
11 (48.8867) --> [31, 161]
12 (75.5855) --> [27, 54, 124]
13 (24.5868) --> [83]
14 (50.4661) --> [125]
15 (39.1291) --> [158]
16 --> []
17 (77.9776) --> [153, 23]
18 (73.5893) --> [128]
19 (45.8330) --> [80, 28]
20 (72.0951) --> [122, 29]
21 (103.7746) --> [12, 67]
22 --> []
23 (48.2812) --> [4]
24 (50.5707) --> [35, 101]
25 (62.2530) --> [38]
26 --> []
27 (24.3551) --> [160, 155]
28 (90.7262) --> [76]
29 --> []
30 (16.6702) --> [78, 144]
31 --> []
32 (24.2387) --> [94]
33 (79.4878) --> [57]
34 (47.3489) --> [189]
35 (48.5605) --> [183]
36 --> []
37 (61.4861) --> [39]
38 --> []
39 (42.5508) --> [198, 165]
40 (20.4670) --> [115]
41 (37.4534) --> [82]
42 (64.0796) --> [148]
43 (71.3434) --> [41, 16]
44 (68.8528) --> [123]
45 (89.9774) --> [30, 146]
46 (33.7098) --> [177]
47 (69.2774) --> [176]
48 --> []
49 (33.0435) --> [42]
50 (47.9093) --> [191]
51 --> []
52 --> []
53 (38.5809) --> [58]
54 (50.2577) --> [108]
55 (63.4301) --> [103]
56 (90.1731) --> [143]
57 (83.0220) --> [119]
58 (97.4076) --> [81, 141]
59 (137.6454) --> [8, 134]
60 (50.7539) --> [135]
61 (22.3227) --> [195]
62 (21.0803) --> [48]
63 (64.6070) --> [90, 131]
64 (50.3146) --> [77, 73]
65 --> []
66 (65.3760) --> [111]
67 --> []
68 (106.5386) --> [154, 65]
69 (58.8866) --> [91, 159]
70 (25.9903) --> [75]
71 (68.3174) --> [196]
72 --> []
73 (18.4900) --> [173]
74 (65.3835) --> [107]
75 (17.7046) --> [186]
76 --> []
77 (51.1638) --> [181]
78 (93.8780) --> [182, 140]
79 --> []
80 (76.2024) --> [93]
81 (70.3255) --> [178, 9]
82 --> []
83 --> []
84 (6.3597) --> [127]
85 --> []
86 (66.0961) --> [104, 151]
87 (69.7121) --> [190]
88 (44.2907) --> [33]
89 --> []
90 --> []
91 (58.2183) --> [166, 121]
92 (26.2529) --> [138]
93 --> []
94 (46.8948) --> [157, 3]
95 (69.7924) --> [62, 32]
96 (20.6043) --> [14]
97 (98.7416) --> [197]
98 (47.4935) --> [7]
99 (40.2091) --> [169, 199]
100 --> []
101 (50.1557) --> [187, 100]
102 --> []
103 (77.2884) --> [13, 118]
104 (39.5994) --> [145]
105 --> []
106 --> []
107 (64.9524) --> [11]
108 --> []
109 (55.9466) --> [53]
110 (60.2494) --> [89]
111 (67.0775) --> [92, 43, 51]
112 --> []
113 (40.5663) --> [156]
114 (66.0287) --> [49]
115 (70.4361) --> [44, 17]
116 (24.3799) --> [74]
117 (50.1890) --> [22]
118 (51.3034) --> [15]
119 (43.1406) --> [129]
120 (81.9689) --> [10]
121 (9.7939) --> [170]
122 (86.7286) --> [64]
123 (16.6104) --> [5]
124 (19.7954) --> [52]
125 (57.1592) --> [55, 152]
126 --> []
127 --> []
128 (14.1887) --> [136]
129 (35.2396) --> [69]
130 (53.8422) --> [167]
131 --> []
132 (24.9399) --> [79]
133 (20.8680) --> [185]
134 --> []
135 (54.3552) --> [68]
136 (21.6463) --> [87, 34]
137 (10.9882) --> [179]
138 --> []
139 (62.2339) --> [66, 147]
140 (84.3818) --> [172, 113]
141 --> []
142 (46.1760) --> [99]
143 --> []
144 --> []
145 (30.5363) --> [19]
146 (83.4053) --> [84, 25]
147 --> []
148 --> []
149 (9.5867) --> [1]
150 (71.1385) --> [130, 192]
151 (70.9014) --> [95]
152 --> []
153 (53.4510) --> [72]
154 (58.0984) --> [194]
155 --> []
156 (50.9969) --> [132]
157 (47.5557) --> [142]
158 (72.6992) --> [120]
159 (62.4364) --> [109, 162]
160 (57.7324) --> [168]
161 --> []
162 (51.1143) --> [114]
163 (32.0778) --> [105]
164 (43.7316) --> [37, 117]
165 (31.7030) --> [133, 70]
166 --> []
167 (62.5631) --> [97]
168 --> []
169 --> []
170 --> []
171 (57.1881) --> [36, 85]
172 (63.8684) --> [18]
173 (52.3414) --> [96, 46]
174 (43.4024) --> [2]
175 (34.8910) --> [50]
176 (46.8118) --> [110]
177 --> []
178 --> []
179 (44.4657) --> [171]
180 (15.7677) --> [175]
181 --> []
182 --> []
183 (19.6471) --> [6]
184 --> []
185 --> []
186 (77.1496) --> [150]
187 (39.6079) --> [139]
188 (44.1699) --> [20]
189 (36.9040) --> [102, 164]
190 (29.0837) --> [86]
191 (51.0900) --> [24]
192 (31.9595) --> [106]
193 (73.5749) --> [116, 180]
194 (59.7647) --> [45, 137]
195 (68.4925) --> [112, 174]
196 (27.9495) --> [21]
197 (40.9359) --> [163, 26]
198 --> []
199 (38.8271) --> [193]

Solution energy from ACO: 3.534416492880778E7
trying to improve with local search...
final Solution:
0 (79.8935) --> [60, 88, 56]
1 (108.1560) --> [98, 47]
2 (74.1257) --> [63, 149]
3 --> []
4 (100.7868) --> [126, 71]
5 --> []
6 (35.8099) --> [184, 40]
7 (3.1793) --> [59]
8 --> []
9 (66.1330) --> [188]
10 (44.5012) --> [61]
11 (48.8867) --> [31, 161]
12 (75.5855) --> [27, 54, 124]
13 (24.5868) --> [83]
14 (50.4661) --> [125]
15 (39.1291) --> [158]
16 --> []
17 (77.9776) --> [153, 23]
18 (73.5893) --> [128]
19 (45.8330) --> [80, 28]
20 (72.0951) --> [122, 29]
21 (103.7746) --> [12, 67]
22 --> []
23 (48.2812) --> [4]
24 (50.5707) --> [35, 101]
25 (62.2530) --> [38]
26 --> []
27 (24.3551) --> [160, 155]
28 (90.7262) --> [76]
29 --> []
30 (16.6702) --> [78, 144]
31 --> []
32 (24.2387) --> [94]
33 (79.4878) --> [57]
34 (47.3489) --> [189]
35 (48.5605) --> [183]
36 --> []
37 (61.4861) --> [39]
38 --> []
39 (42.5508) --> [198, 165]
40 (20.4670) --> [115]
41 (37.4534) --> [82]
42 (64.0796) --> [148]
43 (71.3434) --> [41, 16]
44 (68.8528) --> [123]
45 (89.9774) --> [30, 146]
46 (33.7098) --> [177]
47 (69.2774) --> [176]
48 --> []
49 (33.0435) --> [42]
50 (47.9093) --> [191]
51 --> []
52 --> []
53 (38.5809) --> [58]
54 (50.2577) --> [108]
55 (63.4301) --> [103]
56 (90.1731) --> [143]
57 (83.0220) --> [119]
58 (97.4076) --> [81, 141]
59 (137.6454) --> [8, 134]
60 (50.7539) --> [135]
61 (22.3227) --> [195]
62 (21.0803) --> [48]
63 (64.6070) --> [90, 131]
64 (57.5150) --> [77, 46]
65 --> []
66 (65.3760) --> [111]
67 --> []
68 (106.5386) --> [154, 65]
69 (58.8866) --> [91, 159]
70 (25.9903) --> [75]
71 (68.3174) --> [196]
72 --> []
73 (18.4900) --> [173]
74 (65.3835) --> [107]
75 (17.7046) --> [186]
76 --> []
77 (51.1638) --> [181]
78 (93.8780) --> [182, 140]
79 --> []
80 (76.2024) --> [93]
81 (70.3255) --> [178, 9]
82 --> []
83 --> []
84 (6.3597) --> [127]
85 --> []
86 (66.0961) --> [104, 151]
87 (69.7121) --> [190]
88 (44.2907) --> [33]
89 --> []
90 --> []
91 (58.2183) --> [166, 121]
92 (26.2529) --> [138]
93 --> []
94 (46.8948) --> [157, 3]
95 (69.7924) --> [62, 32]
96 (20.6043) --> [14]
97 (98.7416) --> [197]
98 (47.4935) --> [7]
99 (40.2091) --> [169, 199]
100 --> []
101 (50.1557) --> [187, 100]
102 --> []
103 (77.2884) --> [13, 118]
104 (39.5994) --> [145]
105 --> []
106 --> []
107 (64.9524) --> [11]
108 --> []
109 (55.9466) --> [53]
110 (60.2494) --> [89]
111 (67.0775) --> [92, 43, 51]
112 --> []
113 (40.5663) --> [156]
114 (66.0287) --> [49]
115 (70.4361) --> [44, 17]
116 (24.3799) --> [74]
117 (50.1890) --> [22]
118 (51.3034) --> [15]
119 (43.1406) --> [129]
120 (81.9689) --> [10]
121 (9.7939) --> [170]
122 (86.7286) --> [64]
123 (16.6104) --> [5]
124 (19.7954) --> [52]
125 (57.1592) --> [55, 152]
126 --> []
127 --> []
128 (14.1887) --> [136]
129 (35.2396) --> [69]
130 (53.8422) --> [167]
131 --> []
132 (24.9399) --> [79]
133 (20.8680) --> [185]
134 --> []
135 (54.3552) --> [68]
136 (21.6463) --> [87, 34]
137 (10.9882) --> [179]
138 --> []
139 (62.2339) --> [66, 147]
140 (84.3818) --> [172, 113]
141 --> []
142 (46.1760) --> [99]
143 --> []
144 --> []
145 (30.5363) --> [19]
146 (83.4053) --> [84, 25]
147 --> []
148 --> []
149 (9.5867) --> [1]
150 (71.1385) --> [130, 192]
151 (70.9014) --> [95]
152 --> []
153 (53.4510) --> [72]
154 (58.0984) --> [194]
155 --> []
156 (50.9969) --> [132]
157 (47.5557) --> [142]
158 (72.6992) --> [120]
159 (62.4364) --> [109, 162]
160 (57.7324) --> [168]
161 --> []
162 (51.1143) --> [114]
163 (32.0778) --> [105]
164 (43.7316) --> [37, 117]
165 (31.7030) --> [133, 70]
166 --> []
167 (62.5631) --> [97]
168 --> []
169 --> []
170 --> []
171 (57.1881) --> [36, 85]
172 (63.8684) --> [18]
173 (18.4900) --> [96, 73]
174 (43.4024) --> [2]
175 (34.8910) --> [50]
176 (46.8118) --> [110]
177 --> []
178 --> []
179 (44.4657) --> [171]
180 (15.7677) --> [175]
181 --> []
182 --> []
183 (19.6471) --> [6]
184 --> []
185 --> []
186 (77.1496) --> [150]
187 (39.6079) --> [139]
188 (44.1699) --> [20]
189 (36.9040) --> [102, 164]
190 (29.0837) --> [86]
191 (51.0900) --> [24]
192 (31.9595) --> [106]
193 (73.5749) --> [116, 180]
194 (59.7647) --> [45, 137]
195 (68.4925) --> [112, 174]
196 (27.9495) --> [21]
197 (40.9359) --> [163, 26]
198 --> []
199 (38.8271) --> [193]

final Solution energy: 3.526997473075053E7
Calculated in 29241ms
Ants=1000, alpha=0.6, beta=3.0, evaporate factor=0.07
(for ../../mebp/mebp-08.dat)
