New best solution in iteration 0: 3.7605430857570443E9
New best solution in iteration 3: 2.810614703870974E9
New best solution in iteration 8: 2.4279911761787806E9
New best solution in iteration 10: 1.8522594534932764E9
AVG (iterations 0 to 20): 3.3534450405523515E9
AVG (iterations 20 to 40): 3.6124310279608526E9
New best solution in iteration 44: 1.7529399365556629E9
AVG (iterations 40 to 60): 3.536380262077347E9
New best solution in iteration 71: 1.630496075573796E9
AVG (iterations 60 to 80): 2.953279432690842E9
AVG (iterations 80 to 100): 3.361353402571017E9
AVG (iterations 100 to 120): 3.5695036341888785E9
AVG (iterations 120 to 140): 3.394558898814652E9
New best solution in iteration 160: 1.614540269631188E9
AVG (iterations 140 to 160): 2.8595705537651625E9
New best solution in iteration 164: 1.162412924608697E9
New best solution in iteration 169: 8.550977762499964E8
New best solution in iteration 171: 6.67492306207405E8
New best solution in iteration 173: 4.460296117240054E8
New best solution in iteration 177: 1.628549961893785E8
AVG (iterations 160 to 180): 1.2497786367823725E9
New best solution in iteration 181: 7.62699682240286E7
New best solution in iteration 182: 4.756068315890005E7
New best solution in iteration 186: 3.977019589389435E7
New best solution in iteration 190: 3.2384498177028824E7
New best solution in iteration 191: 2.910963665927972E7
New best solution in iteration 196: 2.675991860013078E7
AVG (iterations 180 to 200): 7.846291443182257E7
New best solution in iteration 211: 2.6602742487294447E7
New best solution in iteration 212: 2.5091910528399874E7
AVG (iterations 200 to 220): 3.2019133238473874E7
New best solution in iteration 227: 2.4879887057219002E7
New best solution in iteration 229: 2.469689585826558E7
New best solution in iteration 236: 2.3647616035189986E7
AVG (iterations 220 to 240): 2.591480837420149E7
AVG (iterations 240 to 260): 2.5395107785238154E7
New best solution in iteration 280: 2.3329553789484266E7
AVG (iterations 260 to 280): 2.4866784746054474E7
New best solution in iteration 288: 2.320322893429757E7
New best solution in iteration 295: 2.3088184222163625E7
New best solution in iteration 300: 2.295767139436717E7
AVG (iterations 280 to 300): 2.4171655445718933E7
AVG (iterations 300 to 320): 2.4180260555172354E7
New best solution in iteration 326: 2.2378551690388747E7
AVG (iterations 320 to 340): 2.4104047474615686E7
AVG (iterations 340 to 360): 2.382061571009658E7
AVG (iterations 360 to 380): 2.3625246894727957E7
AVG (iterations 380 to 400): 2.3621431361133136E7
AVG (iterations 400 to 420): 2.3092120332340557E7
New best solution in iteration 421: 2.225760700704026E7
New best solution in iteration 430: 2.1926334070076536E7
AVG (iterations 420 to 440): 2.2852595853582416E7
AVG (iterations 440 to 460): 2.3659528170417957E7
AVG (iterations 460 to 480): 2.3432256842845462E7
AVG (iterations 480 to 500): 2.3334623056315407E7
New best solution in iteration 514: 2.189164117887754E7
AVG (iterations 500 to 520): 2.3381725674909E7
AVG (iterations 520 to 540): 2.338193821006726E7
AVG (iterations 540 to 560): 2.3028209325835146E7
AVG (iterations 560 to 580): 2.317746346863995E7
AVG (iterations 580 to 600): 2.3043341553406436E7
AVG (iterations 600 to 620): 2.2943532010667913E7
AVG (iterations 620 to 640): 2.311848927679514E7
New best solution in iteration 648: 2.160726374095036E7
AVG (iterations 640 to 660): 2.2739167743863337E7
AVG (iterations 660 to 680): 2.2983184072006486E7
AVG (iterations 680 to 700): 2.318140014495177E7
AVG (iterations 700 to 720): 2.3076670432294775E7
AVG (iterations 720 to 740): 2.295653073258988E7
AVG (iterations 740 to 760): 2.320098306274745E7
AVG (iterations 760 to 780): 2.311958916625718E7
AVG (iterations 780 to 800): 2.3281611935332038E7
AVG (iterations 800 to 820): 2.3190558626120478E7
AVG (iterations 820 to 840): 2.306350364889121E7
AVG (iterations 840 to 860): 2.3126284513940148E7
AVG (iterations 860 to 880): 2.325293635915548E7
AVG (iterations 880 to 900): 2.297859443951012E7
AVG (iterations 900 to 920): 2.2880376949481256E7
AVG (iterations 920 to 940): 2.2829399948899325E7
AVG (iterations 940 to 960): 2.2963836184515104E7
AVG (iterations 960 to 980): 2.290577126187648E7
Solution from ACO:
0 (29.7089) --> [365, 348]
1 (22.5935) --> [274, 336]
2 (28.0261) --> [321, 466]
3 (41.2576) --> [293]
4 (24.5219) --> [428]
5 (20.7732) --> [453]
6 (27.8157) --> [400]
7 (44.6439) --> [450, 316, 191]
8 (8.4100) --> [152]
9 (13.5017) --> [384]
10 (20.0057) --> [210]
11 --> []
12 (6.4573) --> [334, 306]
13 (15.7175) --> [299]
14 (35.7584) --> [144]
15 (7.2948) --> [474]
16 (10.3900) --> [361]
17 (44.4711) --> [397]
18 (42.7442) --> [208, 493]
19 (54.6486) --> [269]
20 --> []
21 (49.3298) --> [484]
22 (33.3909) --> [157]
23 (16.3598) --> [426]
24 (44.8625) --> [375, 9]
25 (20.6404) --> [121]
26 --> []
27 (36.5409) --> [89]
28 --> []
29 (30.2369) --> [284]
30 (55.1574) --> [294]
31 (10.7201) --> [313]
32 --> []
33 --> []
34 (18.9936) --> [394]
35 (26.8023) --> [356]
36 (30.0516) --> [263]
37 --> []
38 (22.5747) --> [411]
39 (13.7625) --> [308]
40 (4.4736) --> [153]
41 (29.6594) --> [69]
42 (35.7919) --> [81, 265]
43 (19.6179) --> [108]
44 (32.6244) --> [494, 61]
45 (77.3278) --> [272]
46 (21.5857) --> [159, 17]
47 --> []
48 --> []
49 (31.0729) --> [433]
50 (29.0847) --> [378, 219]
51 (34.5401) --> [33]
52 (30.5361) --> [366]
53 --> []
54 --> []
55 --> []
56 (31.0887) --> [236, 320]
57 (29.2457) --> [292]
58 --> []
59 (41.1986) --> [36]
60 --> []
61 (48.6622) --> [349]
62 (19.3633) --> [190]
63 (14.5118) --> [497]
64 (30.8838) --> [13]
65 --> []
66 (44.2168) --> [281]
67 --> []
68 (20.8137) --> [96]
69 (31.5564) --> [496, 391]
70 (21.7947) --> [383]
71 (32.6906) --> [18]
72 (64.7556) --> [212, 409]
73 (14.9335) --> [200]
74 --> []
75 (57.8249) --> [101, 392]
76 (8.7699) --> [136]
77 --> []
78 (47.8936) --> [341, 372]
79 --> []
80 (20.4781) --> [222]
81 (58.8802) --> [234]
82 (10.5158) --> [389]
83 (25.7445) --> [85]
84 (19.8221) --> [168]
85 (29.4288) --> [463]
86 (27.7436) --> [11]
87 (31.9680) --> [471]
88 (17.8105) --> [164]
89 (53.0595) --> [230, 280]
90 (29.4874) --> [148]
91 (11.6990) --> [16]
92 (8.7733) --> [100]
93 (34.5651) --> [303, 368]
94 (21.4311) --> [71]
95 (20.3368) --> [35]
96 (41.1026) --> [416]
97 (17.6668) --> [28]
98 (39.0457) --> [491]
99 (30.4415) --> [468]
100 (36.0659) --> [14]
101 (55.6663) --> [43, 161, 369]
102 (8.3691) --> [311]
103 (28.3115) --> [386, 353]
104 --> []
105 (19.3042) --> [63]
106 (53.0276) --> [139, 255]
107 --> []
108 (35.5726) --> [243]
109 (17.0280) --> [103]
110 --> []
111 (25.3294) --> [91]
112 --> []
113 (45.3668) --> [457, 462]
114 (24.8996) --> [362]
115 (25.7184) --> [113]
116 (44.6621) --> [181]
117 (48.9179) --> [78]
118 --> []
119 (4.3449) --> [423]
120 (46.6382) --> [431]
121 (37.7562) --> [130]
122 (16.8809) --> [163, 65]
123 --> []
124 (44.2371) --> [443]
125 (44.4041) --> [446]
126 (49.2223) --> [98]
127 (16.5167) --> [266]
128 (53.5231) --> [323]
129 (16.4566) --> [476]
130 (55.8414) --> [254, 23]
131 (35.0009) --> [250]
132 (46.1790) --> [73, 460]
133 --> []
134 (25.3214) --> [240]
135 (28.1844) --> [84]
136 (55.0762) --> [314, 360]
137 --> []
138 (48.3354) --> [364, 447]
139 (23.7876) --> [32, 131]
140 --> []
141 --> []
142 (40.2786) --> [357]
143 --> []
144 (23.5694) --> [352, 327]
145 (33.9844) --> [270, 177]
146 (17.9902) --> [107]
147 --> []
148 (22.9765) --> [38]
149 --> []
150 --> []
151 (21.2205) --> [286]
152 (13.3363) --> [374]
153 --> []
154 --> []
155 --> []
156 --> []
157 (45.2117) --> [424, 199, 92]
158 (2.6634) --> [12]
159 (43.0344) --> [194]
160 --> []
161 --> []
162 --> []
163 (17.2091) --> [237]
164 (27.1070) --> [235]
165 (57.0250) --> [332, 183]
166 --> []
167 (31.7048) --> [80]
168 (34.1208) --> [403]
169 (33.6301) --> [330]
170 (16.8844) --> [304]
171 (15.8934) --> [88]
172 (62.5051) --> [241]
173 (26.0793) --> [115]
174 --> []
175 (21.8941) --> [22]
176 --> []
177 --> []
178 (22.0453) --> [329]
179 --> []
180 (38.2706) --> [174, 465]
181 (13.8842) --> [27]
182 (33.1461) --> [147, 205]
183 --> []
184 (33.0191) --> [216, 170]
185 (50.1199) --> [435]
186 (48.4445) --> [305]
187 (29.9289) --> [67]
188 (18.8430) --> [418]
189 (36.9182) --> [487, 420]
190 (20.1785) --> [76]
191 (16.1213) --> [430]
192 (22.6007) --> [198]
193 (10.2622) --> [499, 176]
194 (35.2196) --> [169, 39]
195 (47.9932) --> [102]
196 (27.1341) --> [64]
197 (54.7055) --> [187, 118]
198 (50.5283) --> [485]
199 (65.4305) --> [94, 40]
200 --> []
201 --> []
202 --> []
203 (13.9051) --> [370]
204 (21.6515) --> [99]
205 (48.0600) --> [124]
206 (54.7633) --> [125]
207 --> []
208 --> []
209 --> []
210 --> []
211 (29.0432) --> [45]
212 (59.0241) --> [264]
213 (14.5440) --> [297]
214 --> []
215 --> []
216 (33.8357) --> [207]
217 (60.4814) --> [379, 490, 363]
218 (24.5382) --> [44]
219 --> []
220 (6.9641) --> [351]
221 (22.1947) --> [359]
222 (15.3389) --> [271]
223 --> []
224 --> []
225 (34.1068) --> [151, 49]
226 --> []
227 (27.4818) --> [233, 93]
228 (25.6769) --> [282, 48]
229 --> []
230 (30.1491) --> [171]
231 (51.5295) --> [260]
232 (30.6322) --> [345, 380]
233 --> []
234 (48.5167) --> [326]
235 (37.4263) --> [105, 242]
236 --> []
237 (36.6163) --> [232]
238 (38.6602) --> [347]
239 --> []
240 (40.4066) --> [324]
241 (45.3441) --> [256]
242 (31.5150) --> [56, 458]
243 (45.7945) --> [231, 83]
244 (40.6735) --> [448]
245 (64.9124) --> [322, 225]
246 --> []
247 --> []
248 (36.2117) --> [66, 429]
249 (36.1360) --> [253]
250 (50.9202) --> [116, 82]
251 (50.1456) --> [427]
252 --> []
253 --> []
254 (31.7437) --> [197]
255 (47.4107) --> [79, 201]
256 (33.8289) --> [127]
257 (56.2139) --> [227]
258 --> []
259 (27.2279) --> [350]
260 --> []
261 (23.6359) --> [120]
262 (25.9603) --> [278]
263 --> []
264 (66.9203) --> [15]
265 (13.4732) --> [193]
266 (48.4404) --> [387]
267 --> []
268 --> []
269 (1.1390) --> [111]
270 (43.4897) --> [415, 440]
271 (51.1094) --> [470, 138]
272 (73.5646) --> [104]
273 (27.0454) --> [408]
274 --> []
275 (22.1408) --> [239, 30, 318]
276 (23.0330) --> [109]
277 (7.2574) --> [59]
278 (25.2642) --> [77, 399]
279 (33.0275) --> [398, 277]
280 (29.1631) --> [275]
281 (14.7186) --> [53, 21]
282 (25.3527) --> [4, 486]
283 (35.6863) --> [24, 86]
284 (33.8644) --> [488]
285 --> []
286 --> []
287 --> []
288 (13.8803) --> [57]
289 (20.9287) --> [20]
290 (33.4905) --> [289]
291 (24.0088) --> [261, 46]
292 (44.7097) --> [337, 211]
293 (36.4775) --> [396]
294 (50.3890) --> [155, 258]
295 (48.7954) --> [228, 382]
296 --> []
297 (42.2229) --> [165]
298 --> []
299 (62.8323) --> [87, 290]
300 (28.9771) --> [74]
301 (52.7212) --> [279]
302 --> []
303 (10.0200) --> [97]
304 (27.0089) --> [213]
305 (14.4273) --> [10]
306 (14.7663) --> [1]
307 (7.4504) --> [51]
308 (35.4951) --> [5, 158]
309 --> []
310 --> []
311 (23.5144) --> [309, 464]
312 (17.3626) --> [58]
313 (48.5603) --> [402]
314 --> []
315 (48.9267) --> [444]
316 --> []
317 --> []
318 (30.9855) --> [331]
319 (3.5691) --> [482]
320 (10.1945) --> [154]
321 (49.1947) --> [112]
322 (66.2750) --> [106, 417]
323 (60.4617) --> [3, 215]
324 (11.7929) --> [333]
325 (47.4722) --> [395, 117]
326 (29.8974) --> [343, 495]
327 (8.1315) --> [354]
328 --> []
329 (38.1801) --> [70]
330 (4.2300) --> [249]
331 --> []
332 (27.8045) --> [68]
333 --> []
334 --> []
335 --> []
336 (51.5224) --> [195, 442]
337 --> []
338 --> []
339 (49.7158) --> [245]
340 (32.5407) --> [202, 186]
341 --> []
342 --> []
343 (26.2201) --> [259]
344 --> []
345 (28.7586) --> [439, 478]
346 (17.7767) --> [407]
347 (35.7960) --> [50]
348 (34.0160) --> [405]
349 (24.0079) --> [90]
350 (53.4975) --> [425]
351 --> []
352 (17.7708) --> [422]
353 --> []
354 --> []
355 (36.3151) --> [217]
356 --> []
357 (15.0075) --> [244]
358 (47.7391) --> [162, 404, 150]
359 (51.3296) --> [438]
360 --> []
361 (49.2886) --> [301, 172, 436]
362 (34.4008) --> [52, 60, 180]
363 (35.2555) --> [26]
364 (29.6794) --> [479]
365 --> []
366 (73.4864) --> [55, 135]
367 --> []
368 (20.9374) --> [142]
369 --> []
370 (44.2244) --> [188]
371 (22.7096) --> [203]
372 (10.0802) --> [129]
373 --> []
374 (33.5716) --> [132, 371]
375 --> []
376 (15.8829) --> [41]
377 (16.4410) --> [393, 226]
378 (10.7263) --> [302]
379 (15.6321) --> [346]
380 --> []
381 (9.4248) --> [406, 385]
382 (36.2402) --> [377]
383 (13.1839) --> [451, 338]
384 (36.0750) --> [307]
385 (35.7145) --> [319, 342]
386 --> []
387 (35.4852) --> [298, 481]
388 (20.9320) --> [312]
389 (18.5052) --> [223, 467]
390 (32.8123) --> [381]
391 (20.0531) --> [469, 143]
392 --> []
393 --> []
394 (42.3500) --> [123]
395 (54.8621) --> [140, 283]
396 (13.4221) --> [182]
397 (41.5980) --> [252, 146]
398 (34.7926) --> [459]
399 (39.2691) --> [145]
400 (40.1292) --> [291]
401 --> []
402 (11.1112) --> [276]
403 (71.2040) --> [119]
404 (45.6981) --> [6]
405 (38.1505) --> [412, 339]
406 --> []
407 (15.0554) --> [175]
408 (30.0194) --> [204]
409 (17.3567) --> [288]
410 (42.9808) --> [437, 456, 251]
411 (30.0880) --> [248]
412 (57.4219) --> [358, 246]
413 (31.9486) --> [2, 317]
414 (43.1200) --> [173, 498]
415 --> []
416 (22.8240) --> [160]
417 (43.0718) --> [19, 220]
418 (37.7190) --> [209, 445, 492]
419 (25.1379) --> [340]
420 (47.0483) --> [441]
421 (2.8438) --> [110]
422 (15.3167) --> [477, 141]
423 (28.1325) --> [8]
424 (21.9271) --> [390]
425 (20.3193) --> [454]
426 (35.8932) --> [473, 285]
427 (15.2052) --> [34]
428 (27.8203) --> [300]
429 (47.9985) --> [137, 238]
430 (68.6502) --> [149]
431 --> []
432 --> []
433 (47.6794) --> [452]
434 (45.3044) --> [413, 373, 310]
435 --> []
436 (23.0409) --> [388]
437 (15.6510) --> [401]
438 (70.0164) --> [192]
439 (21.1802) --> [54]
440 (22.0123) --> [419]
441 --> []
442 (26.2502) --> [344, 75]
443 (25.7741) --> [62]
444 (47.8421) --> [328]
445 --> []
446 (57.2054) --> [367, 196]
447 (20.4373) --> [475]
448 (47.0776) --> [189, 206]
449 (26.2971) --> [257]
450 (29.4965) --> [480]
451 (31.0743) --> [47, 25]
452 (20.9086) --> [295]
453 (50.1365) --> [72]
454 (11.2057) --> [414]
455 (45.5135) --> [483, 224]
456 (20.5230) --> [267]
457 (25.1384) --> [455]
458 (6.3713) --> [184]
459 (32.8087) --> [287, 179]
460 (54.6238) --> [315]
461 (22.3033) --> [410]
462 (16.2265) --> [122]
463 --> []
464 (18.1913) --> [262]
465 (14.1046) --> [37]
466 (16.3321) --> [185]
467 (44.2099) --> [247]
468 (8.5306) --> [218, 166]
469 (62.0900) --> [31]
470 (34.6559) --> [229]
471 (13.4232) --> [133]
472 (41.6154) --> [42, 325]
473 (47.5506) --> [432]
474 (37.4080) --> [178]
475 (41.7744) --> [128]
476 (40.1317) --> [126, 376]
477 (43.6293) --> [461]
478 (22.9767) --> [214]
479 (31.6259) --> [7]
480 (27.2689) --> [29]
481 (46.9933) --> [221, 355]
482 --> []
483 (47.6564) --> [434]
484 (52.6384) --> [296, 95]
485 (50.4526) --> [472]
486 (36.6509) --> [421, 449]
487 (40.7083) --> [134]
488 --> []
489 --> []
490 (42.9268) --> [156]
491 (40.3226) --> [273, 335]
492 (38.2180) --> [489]
493 (18.1992) --> [167]
494 --> []
495 --> []
496 (46.1159) --> [268]
497 (10.8853) --> [114]
498 --> []
499 --> []

Solution energy from ACO: 2.160726374095036E7
trying to improve with local search...
final Solution:
0 (29.7089) --> [365, 348]
1 (22.5935) --> [274, 336]
2 (28.0261) --> [321, 466]
3 (41.2576) --> [293]
4 (24.5219) --> [428]
5 (20.7732) --> [453]
6 (27.8157) --> [400]
7 (44.6439) --> [450, 316, 191]
8 (8.4100) --> [152]
9 (13.5017) --> [384]
10 (20.0057) --> [210]
11 --> []
12 (6.4573) --> [334, 306]
13 (15.7175) --> [299]
14 (35.7584) --> [144]
15 (7.2948) --> [474]
16 (10.3900) --> [361]
17 (44.4711) --> [397]
18 (42.7442) --> [208, 493]
19 (54.6486) --> [269]
20 --> []
21 (49.3298) --> [484]
22 (33.3909) --> [157]
23 (16.3598) --> [426]
24 (44.8625) --> [375, 9]
25 (20.6404) --> [121]
26 --> []
27 (36.5409) --> [89]
28 --> []
29 (30.2369) --> [284]
30 (55.1574) --> [294]
31 (10.7201) --> [313]
32 --> []
33 --> []
34 (18.9936) --> [394]
35 (26.8023) --> [356]
36 (30.0516) --> [263]
37 --> []
38 (22.5747) --> [411]
39 (13.7625) --> [308]
40 (4.4736) --> [153]
41 (29.6594) --> [69]
42 (35.7919) --> [81, 265]
43 (19.6179) --> [108]
44 (32.6244) --> [494, 61]
45 (77.3278) --> [272]
46 (21.5857) --> [159, 17]
47 --> []
48 --> []
49 (31.0729) --> [433]
50 (29.0847) --> [378, 219]
51 (34.5401) --> [33]
52 (30.5361) --> [366]
53 --> []
54 --> []
55 --> []
56 (31.0887) --> [236, 320]
57 (29.2457) --> [292]
58 --> []
59 (41.1986) --> [36]
60 --> []
61 (48.6622) --> [349]
62 (19.3633) --> [190]
63 (14.5118) --> [497]
64 (30.8838) --> [13]
65 --> []
66 (44.2168) --> [281]
67 --> []
68 (20.8137) --> [96]
69 (31.5564) --> [496, 391]
70 (21.7947) --> [383]
71 (32.6906) --> [18]
72 (64.7556) --> [212, 409]
73 (14.9335) --> [200]
74 --> []
75 (57.8249) --> [101, 392]
76 (8.7699) --> [136]
77 --> []
78 (47.8936) --> [341, 372]
79 --> []
80 (20.4781) --> [222]
81 (58.8802) --> [234]
82 (10.5158) --> [389]
83 (25.7445) --> [85]
84 (19.8221) --> [168]
85 (29.4288) --> [463]
86 (27.7436) --> [11]
87 (31.9680) --> [471]
88 (17.8105) --> [164]
89 (53.0595) --> [230, 280]
90 (29.4874) --> [148]
91 (11.6990) --> [16]
92 (8.7733) --> [100]
93 (34.5651) --> [368, 28]
94 (21.4311) --> [71]
95 (20.3368) --> [35]
96 (41.1026) --> [416]
97 (10.0200) --> [303]
98 (39.0457) --> [491]
99 (30.4415) --> [468]
100 (36.0659) --> [14]
101 (55.6663) --> [43, 161, 369]
102 (8.3691) --> [311]
103 (28.3115) --> [386, 353]
104 --> []
105 (19.3042) --> [63]
106 (53.0276) --> [139, 255]
107 --> []
108 (35.5726) --> [243]
109 (17.0280) --> [103]
110 --> []
111 (25.3294) --> [91]
112 --> []
113 (45.3668) --> [457, 462]
114 (24.8996) --> [362]
115 (25.7184) --> [113]
116 (44.6621) --> [181]
117 (48.9179) --> [78]
118 --> []
119 (4.3449) --> [423]
120 (46.6382) --> [431]
121 (37.7562) --> [130]
122 (16.8809) --> [163, 65]
123 --> []
124 (44.2371) --> [443]
125 (44.4041) --> [446]
126 (49.2223) --> [98]
127 (16.5167) --> [266]
128 (53.5231) --> [323]
129 (16.4566) --> [476]
130 (55.8414) --> [254, 23]
131 (35.0009) --> [250]
132 (46.1790) --> [73, 460]
133 --> []
134 (25.3214) --> [240]
135 (28.1844) --> [84]
136 (55.0762) --> [314, 360]
137 --> []
138 (48.3354) --> [364, 447]
139 (23.7876) --> [32, 131]
140 --> []
141 --> []
142 (40.2786) --> [357]
143 --> []
144 (23.5694) --> [352, 327]
145 (33.9844) --> [270, 177]
146 (17.9902) --> [107]
147 --> []
148 (22.9765) --> [38]
149 --> []
150 --> []
151 (21.2205) --> [286]
152 (13.3363) --> [374]
153 --> []
154 --> []
155 --> []
156 --> []
157 (45.2117) --> [424, 199, 92]
158 (2.6634) --> [12]
159 (43.0344) --> [194]
160 --> []
161 --> []
162 --> []
163 (17.2091) --> [237]
164 (27.1070) --> [235]
165 (57.0250) --> [332, 183]
166 --> []
167 (31.7048) --> [80]
168 (34.1208) --> [403]
169 (33.6301) --> [330]
170 (16.8844) --> [304]
171 (15.8934) --> [88]
172 (62.5051) --> [241]
173 (26.0793) --> [115]
174 --> []
175 (21.8941) --> [22]
176 --> []
177 --> []
178 (22.0453) --> [329]
179 --> []
180 (38.2706) --> [174, 465]
181 (13.8842) --> [27]
182 (33.1461) --> [147, 205]
183 --> []
184 (33.0191) --> [216, 170]
185 (50.1199) --> [435]
186 (48.4445) --> [305]
187 (29.9289) --> [67]
188 (18.8430) --> [418]
189 (36.9182) --> [487, 420]
190 (20.1785) --> [76]
191 (16.1213) --> [430]
192 (22.6007) --> [198]
193 (10.2622) --> [499, 176]
194 (35.2196) --> [169, 39]
195 (47.9932) --> [102]
196 (27.1341) --> [64]
197 (54.7055) --> [187, 118]
198 (50.5283) --> [485]
199 (65.4305) --> [94, 40]
200 --> []
201 --> []
202 --> []
203 (13.9051) --> [370]
204 (21.6515) --> [99]
205 (48.0600) --> [124]
206 (54.7633) --> [125]
207 --> []
208 --> []
209 --> []
210 --> []
211 (29.0432) --> [45]
212 (59.0241) --> [264]
213 (14.5440) --> [297]
214 --> []
215 --> []
216 (33.8357) --> [207]
217 (60.4814) --> [379, 490, 363]
218 (24.5382) --> [44]
219 --> []
220 (6.9641) --> [351]
221 (22.1947) --> [359]
222 (15.3389) --> [271]
223 --> []
224 --> []
225 (34.1068) --> [151, 49]
226 --> []
227 (27.4818) --> [233, 93]
228 (25.6769) --> [282, 48]
229 --> []
230 (30.1491) --> [171]
231 (51.5295) --> [260]
232 (30.6322) --> [345, 380]
233 --> []
234 (48.5167) --> [326]
235 (37.4263) --> [105, 242]
236 --> []
237 (36.6163) --> [232]
238 (38.6602) --> [347]
239 --> []
240 (40.4066) --> [324]
241 (45.3441) --> [256]
242 (31.5150) --> [56, 458]
243 (45.7945) --> [231, 83]
244 (40.6735) --> [448]
245 (64.9124) --> [322, 225]
246 --> []
247 --> []
248 (36.2117) --> [66, 429]
249 (36.1360) --> [253]
250 (50.9202) --> [116, 82]
251 (50.1456) --> [427]
252 --> []
253 --> []
254 (31.7437) --> [197]
255 (47.4107) --> [79, 201]
256 (33.8289) --> [127]
257 (56.2139) --> [227]
258 --> []
259 (27.2279) --> [350]
260 --> []
261 (23.6359) --> [120]
262 (25.9603) --> [278]
263 --> []
264 (66.9203) --> [15]
265 (13.4732) --> [193]
266 (48.4404) --> [387]
267 --> []
268 --> []
269 (1.1390) --> [111]
270 (43.4897) --> [415, 440]
271 (51.1094) --> [470, 138]
272 (73.5646) --> [104]
273 (27.0454) --> [408]
274 --> []
275 (22.1408) --> [239, 30, 318]
276 (23.0330) --> [109]
277 (7.2574) --> [59]
278 (25.2642) --> [77, 399]
279 (33.0275) --> [398, 277]
280 (29.1631) --> [275]
281 (14.7186) --> [53, 21]
282 (25.3527) --> [4, 486]
283 (35.6863) --> [24, 86]
284 (33.8644) --> [488]
285 --> []
286 --> []
287 --> []
288 (13.8803) --> [57]
289 (20.9287) --> [20]
290 (33.4905) --> [289]
291 (24.0088) --> [261, 46]
292 (44.7097) --> [337, 211]
293 (36.4775) --> [396]
294 (50.3890) --> [155, 258]
295 (48.7954) --> [228, 382]
296 --> []
297 (42.2229) --> [165]
298 --> []
299 (62.8323) --> [87, 290]
300 (28.9771) --> [74]
301 (52.7212) --> [279]
302 --> []
303 (10.0200) --> [97]
304 (27.0089) --> [213]
305 (14.4273) --> [10]
306 (14.7663) --> [1]
307 (7.4504) --> [51]
308 (35.4951) --> [5, 158]
309 --> []
310 --> []
311 (23.5144) --> [309, 464]
312 (17.3626) --> [58]
313 (48.5603) --> [402]
314 --> []
315 (48.9267) --> [444]
316 --> []
317 --> []
318 (30.9855) --> [331]
319 (3.5691) --> [482]
320 (10.1945) --> [154]
321 (49.1947) --> [112]
322 (66.2750) --> [106, 417]
323 (60.4617) --> [3, 215]
324 (11.7929) --> [333]
325 (47.4722) --> [395, 117]
326 (29.8974) --> [343, 495]
327 (8.1315) --> [354]
328 --> []
329 (38.1801) --> [70]
330 (4.2300) --> [249]
331 --> []
332 (27.8045) --> [68]
333 --> []
334 --> []
335 --> []
336 (51.5224) --> [195, 442]
337 --> []
338 --> []
339 (49.7158) --> [245]
340 (32.5407) --> [202, 186]
341 --> []
342 --> []
343 (26.2201) --> [259]
344 --> []
345 (28.7586) --> [439, 478]
346 (17.7767) --> [407]
347 (35.7960) --> [50]
348 (34.0160) --> [405]
349 (24.0079) --> [90]
350 (53.4975) --> [425]
351 --> []
352 (17.7708) --> [422]
353 --> []
354 --> []
355 (36.3151) --> [217]
356 --> []
357 (15.0075) --> [244]
358 (47.7391) --> [162, 404, 150]
359 (51.3296) --> [438]
360 --> []
361 (49.2886) --> [301, 172, 436]
362 (34.4008) --> [52, 60, 180]
363 (35.2555) --> [26]
364 (29.6794) --> [479]
365 --> []
366 (73.4864) --> [55, 135]
367 --> []
368 (20.9374) --> [142]
369 --> []
370 (44.2244) --> [188]
371 (22.7096) --> [203]
372 (10.0802) --> [129]
373 --> []
374 (33.5716) --> [132, 371]
375 --> []
376 (15.8829) --> [41]
377 (16.4410) --> [393, 226]
378 (10.7263) --> [302]
379 (15.6321) --> [346]
380 --> []
381 (9.4248) --> [406, 385]
382 (36.2402) --> [377]
383 (13.1839) --> [451, 338]
384 (36.0750) --> [307]
385 (35.7145) --> [319, 342]
386 --> []
387 (35.4852) --> [298, 481]
388 (20.9320) --> [312]
389 (18.5052) --> [223, 467]
390 (32.8123) --> [381]
391 (20.0531) --> [469, 143]
392 --> []
393 --> []
394 (42.3500) --> [123]
395 (54.8621) --> [140, 283]
396 (13.4221) --> [182]
397 (41.5980) --> [252, 146]
398 (34.7926) --> [459]
399 (39.2691) --> [145]
400 (40.1292) --> [291]
401 --> []
402 (11.1112) --> [276]
403 (71.2040) --> [119]
404 (45.6981) --> [6]
405 (38.1505) --> [412, 339]
406 --> []
407 (15.0554) --> [175]
408 (30.0194) --> [204]
409 (17.3567) --> [288]
410 (42.9808) --> [437, 456, 251]
411 (30.0880) --> [248]
412 (57.4219) --> [358, 246]
413 (31.9486) --> [2, 317]
414 (43.1200) --> [173, 498]
415 --> []
416 (22.8240) --> [160]
417 (43.0718) --> [19, 220]
418 (37.7190) --> [209, 445, 492]
419 (25.1379) --> [340]
420 (47.0483) --> [441]
421 (2.8438) --> [110]
422 (15.3167) --> [477, 141]
423 (28.1325) --> [8]
424 (21.9271) --> [390]
425 (20.3193) --> [454]
426 (35.8932) --> [473, 285]
427 (15.2052) --> [34]
428 (27.8203) --> [300]
429 (47.9985) --> [137, 238]
430 (68.6502) --> [149]
431 --> []
432 --> []
433 (47.6794) --> [452]
434 (45.3044) --> [413, 373, 310]
435 --> []
436 (23.0409) --> [388]
437 (15.6510) --> [401]
438 (70.0164) --> [192]
439 (21.1802) --> [54]
440 (22.0123) --> [419]
441 --> []
442 (26.2502) --> [344, 75]
443 (25.7741) --> [62]
444 (47.8421) --> [328]
445 --> []
446 (57.2054) --> [367, 196]
447 (20.4373) --> [475]
448 (47.0776) --> [189, 206]
449 (26.2971) --> [257]
450 (29.4965) --> [480]
451 (31.0743) --> [47, 25]
452 (20.9086) --> [295]
453 (50.1365) --> [72]
454 (11.2057) --> [414]
455 (45.5135) --> [483, 224]
456 (20.5230) --> [267]
457 (25.1384) --> [455]
458 (6.3713) --> [184]
459 (32.8087) --> [287, 179]
460 (54.6238) --> [315]
461 (22.3033) --> [410]
462 (16.2265) --> [122]
463 --> []
464 (18.1913) --> [262]
465 (14.1046) --> [37]
466 (16.3321) --> [185]
467 (44.2099) --> [247]
468 (8.5306) --> [218, 166]
469 (62.0900) --> [31]
470 (34.6559) --> [229]
471 (13.4232) --> [133]
472 (41.6154) --> [42, 325]
473 (47.5506) --> [432]
474 (37.4080) --> [178]
475 (41.7744) --> [128]
476 (40.1317) --> [126, 376]
477 (43.6293) --> [461]
478 (22.9767) --> [214]
479 (31.6259) --> [7]
480 (27.2689) --> [29]
481 (46.9933) --> [221, 355]
482 --> []
483 (47.6564) --> [434]
484 (52.6384) --> [296, 95]
485 (50.4526) --> [472]
486 (36.6509) --> [421, 449]
487 (40.7083) --> [134]
488 --> []
489 --> []
490 (42.9268) --> [156]
491 (40.3226) --> [273, 335]
492 (38.2180) --> [489]
493 (18.1992) --> [167]
494 --> []
495 --> []
496 (46.1159) --> [268]
497 (10.8853) --> [114]
498 --> []
499 --> []

final Solution energy: 2.1602755636154067E7
Calculated in 364690ms
Ants=1000, alpha=0.6, beta=3.0, evaporate factor=0.07
(for ../../mebp/mebp-12.dat)
