New best solution in iteration 0: 1.3153468189043798E9
New best solution in iteration 1: 1.0125442459717361E9
New best solution in iteration 3: 3.084564275606146E8
AVG (iterations 0 to 20): 1.0888403614210389E9
AVG (iterations 20 to 40): 1.3028195032640452E9
AVG (iterations 40 to 60): 1.2007744494903216E9
AVG (iterations 60 to 80): 1.129478551462292E9
AVG (iterations 80 to 100): 1.0220552525938551E9
AVG (iterations 100 to 120): 1.0452305202204578E9
AVG (iterations 120 to 140): 1.1271177579892204E9
New best solution in iteration 147: 2.121216950178799E8
AVG (iterations 140 to 160): 5.450958193016782E8
New best solution in iteration 161: 1.4928613381341547E8
New best solution in iteration 168: 1.01824183594468E8
New best solution in iteration 176: 9.739797805968674E7
AVG (iterations 160 to 180): 2.4476568883943287E8
New best solution in iteration 200: 8.625929603317226E7
AVG (iterations 180 to 200): 1.3905217363425335E8
AVG (iterations 200 to 220): 1.2456975926906946E8
New best solution in iteration 226: 7.870868534500976E7
AVG (iterations 220 to 240): 1.064513733969848E8
AVG (iterations 240 to 260): 9.85801571253395E7
AVG (iterations 260 to 280): 9.658202148458827E7
AVG (iterations 280 to 300): 9.179552638578537E7
AVG (iterations 300 to 320): 8.960187909668222E7
AVG (iterations 320 to 340): 9.167569891913871E7
AVG (iterations 340 to 360): 9.014759744339077E7
AVG (iterations 360 to 380): 8.854838165238202E7
AVG (iterations 380 to 400): 8.897005569449778E7
AVG (iterations 400 to 420): 9.125523098224476E7
AVG (iterations 420 to 440): 8.905831446789992E7
AVG (iterations 440 to 460): 9.04221619104859E7
AVG (iterations 460 to 480): 8.582639188432622E7
New best solution in iteration 496: 7.783961930646788E7
AVG (iterations 480 to 500): 8.81100112742239E7
AVG (iterations 500 to 520): 8.727884678437282E7
AVG (iterations 520 to 540): 8.857470527219583E7
AVG (iterations 540 to 560): 8.855285370393176E7
AVG (iterations 560 to 580): 8.922153366926762E7
AVG (iterations 580 to 600): 8.54167317829716E7
AVG (iterations 600 to 620): 8.683073235076407E7
AVG (iterations 620 to 640): 8.676460377914211E7
AVG (iterations 640 to 660): 8.559934153368679E7
AVG (iterations 660 to 680): 8.673950625204207E7
AVG (iterations 680 to 700): 8.56677565457987E7
AVG (iterations 700 to 720): 8.618550780499856E7
AVG (iterations 720 to 740): 8.551733414461812E7
AVG (iterations 740 to 760): 8.47400669650062E7
AVG (iterations 760 to 780): 8.396825405264111E7
AVG (iterations 780 to 800): 8.796479581533524E7
AVG (iterations 800 to 820): 8.68628192105318E7
AVG (iterations 820 to 840): 8.469084391938356E7
AVG (iterations 840 to 860): 8.755124122232607E7
AVG (iterations 860 to 880): 8.66677892919523E7
AVG (iterations 880 to 900): 8.598783356886284E7
AVG (iterations 900 to 920): 8.559854314838801E7
AVG (iterations 920 to 940): 8.59326424578112E7
AVG (iterations 940 to 960): 8.578255021406731E7
AVG (iterations 960 to 980): 8.510554602232768E7
Solution from ACO:
0 (77.7183) --> [3]
1 --> []
2 --> []
3 (77.7078) --> [49]
4 --> []
5 (97.5443) --> [19, 31]
6 --> []
7 (141.3560) --> [38, 41]
8 (142.6103) --> [34]
9 (148.3433) --> [48, 44, 2]
10 (170.5493) --> [45, 20]
11 --> []
12 --> []
13 (154.9756) --> [26]
14 (156.6540) --> [42]
15 (134.2153) --> [7]
16 (197.9815) --> [11]
17 (78.7153) --> [23]
18 (111.2619) --> [14]
19 (79.9673) --> [6, 21]
20 --> []
21 (36.7212) --> [28]
22 (109.2235) --> [5, 4]
23 (92.4554) --> [13]
24 (23.6237) --> [30]
25 (123.4820) --> [9]
26 (12.8565) --> [22]
27 (106.4422) --> [18]
28 (53.1161) --> [37]
29 (64.6994) --> [39]
30 (146.3334) --> [10, 36, 27]
31 (113.3180) --> [35]
32 (119.3596) --> [17]
33 (181.8098) --> [1, 24]
34 (149.3246) --> [32]
35 --> []
36 (70.6803) --> [12]
37 (87.1579) --> [47]
38 --> []
39 --> []
40 --> []
41 (151.7103) --> [8]
42 --> []
43 (89.0600) --> [33]
44 --> []
45 (169.6529) --> [25, 16]
46 (97.0348) --> [43]
47 (202.7207) --> [29, 40]
48 (104.6767) --> [15]
49 (49.0433) --> [46]

Solution energy from ACO: 7.783961930646788E7
trying to improve with local search...
final Solution:
0 (77.7183) --> [3]
1 --> []
2 --> []
3 (77.7078) --> [49]
4 --> []
5 (66.6012) --> [19, 26]
6 --> []
7 (141.3560) --> [38, 41]
8 (142.6103) --> [34]
9 (148.3433) --> [48, 44, 2]
10 (170.5493) --> [45, 20]
11 --> []
12 --> []
13 (156.3484) --> [31]
14 (156.6540) --> [42]
15 (134.2153) --> [7]
16 (197.9815) --> [11]
17 (78.7153) --> [23]
18 (111.2619) --> [14]
19 (79.9673) --> [6, 21]
20 --> []
21 (36.7212) --> [28]
22 (109.2235) --> [5, 4]
23 (92.4554) --> [13]
24 (23.6237) --> [30]
25 (123.4820) --> [9]
26 (12.8565) --> [22]
27 (106.4422) --> [18]
28 (53.1161) --> [37]
29 (64.6994) --> [39]
30 (146.3334) --> [10, 36, 27]
31 (113.3180) --> [35]
32 (119.3596) --> [17]
33 (181.8098) --> [1, 24]
34 (149.3246) --> [32]
35 --> []
36 (70.6803) --> [12]
37 (87.1579) --> [47]
38 --> []
39 --> []
40 --> []
41 (151.7103) --> [8]
42 --> []
43 (89.0600) --> [33]
44 --> []
45 (169.6529) --> [25, 16]
46 (97.0348) --> [43]
47 (202.7207) --> [29, 40]
48 (104.6767) --> [15]
49 (49.0433) --> [46]

final Solution energy: 7.730670507790278E7
Calculated in 2021ms
Ants=1000, alpha=0.6, beta=3.0, evaporate factor=0.07
(for ../../mebp/mebp-06.dat)
