New best solution in iteration 0: 1.5666897762517633E9
New best solution in iteration 5: 1.3984825909842417E9
AVG (iterations 0 to 20): 2.4073953964569144E9
New best solution in iteration 23: 1.1902091088147004E9
AVG (iterations 20 to 40): 2.393581224150331E9
New best solution in iteration 49: 1.0396832405926807E9
AVG (iterations 40 to 60): 2.314323760302884E9
AVG (iterations 60 to 80): 2.3092251842226777E9
AVG (iterations 80 to 100): 2.332932148638372E9
New best solution in iteration 120: 8.434536386705036E8
AVG (iterations 100 to 120): 2.2177698130210395E9
AVG (iterations 120 to 140): 2.3662487822892323E9
New best solution in iteration 160: 7.599274168304377E8
AVG (iterations 140 to 160): 1.9025473580103188E9
New best solution in iteration 172: 3.6876667209414804E8
New best solution in iteration 173: 3.0263845732990074E8
New best solution in iteration 175: 1.0237596799814245E8
AVG (iterations 160 to 180): 9.54347854022358E8
New best solution in iteration 186: 5.561026545417236E7
New best solution in iteration 189: 5.25147057986279E7
New best solution in iteration 191: 4.635596802042682E7
New best solution in iteration 192: 4.0567113435378574E7
AVG (iterations 180 to 200): 1.1161709937668157E8
AVG (iterations 200 to 220): 4.8360783002555534E7
New best solution in iteration 226: 3.7338369281309575E7
AVG (iterations 220 to 240): 4.4785351743951626E7
AVG (iterations 240 to 260): 4.290003673256272E7
New best solution in iteration 275: 3.702479278571037E7
New best solution in iteration 276: 3.629657413913782E7
AVG (iterations 260 to 280): 4.121965884655123E7
New best solution in iteration 284: 3.599751478420945E7
AVG (iterations 280 to 300): 4.06155735432945E7
AVG (iterations 300 to 320): 3.972959445841736E7
New best solution in iteration 323: 3.531232392973885E7
AVG (iterations 320 to 340): 3.895240739316088E7
AVG (iterations 340 to 360): 3.968322365423155E7
AVG (iterations 360 to 380): 3.991879980834024E7
New best solution in iteration 394: 3.454766422660263E7
AVG (iterations 380 to 400): 3.86673077115577E7
AVG (iterations 400 to 420): 3.82820579879372E7
AVG (iterations 420 to 440): 3.873534138147269E7
AVG (iterations 440 to 460): 3.818936656604229E7
AVG (iterations 460 to 480): 3.7912875885420226E7
AVG (iterations 480 to 500): 3.865471837244514E7
AVG (iterations 500 to 520): 3.889951636367768E7
AVG (iterations 520 to 540): 3.810989261744936E7
AVG (iterations 540 to 560): 3.820408963378496E7
AVG (iterations 560 to 580): 3.877319134495062E7
AVG (iterations 580 to 600): 3.885873311119723E7
AVG (iterations 600 to 620): 3.810324553128535E7
AVG (iterations 620 to 640): 3.830162515963264E7
AVG (iterations 640 to 660): 3.883274211882658E7
AVG (iterations 660 to 680): 3.945924156360282E7
AVG (iterations 680 to 700): 3.8453744676111065E7
AVG (iterations 700 to 720): 3.821887082991297E7
AVG (iterations 720 to 740): 3.817032394390514E7
AVG (iterations 740 to 760): 3.835690766241884E7
AVG (iterations 760 to 780): 3.8020523227925465E7
AVG (iterations 780 to 800): 3.832427459339217E7
AVG (iterations 800 to 820): 3.798017539897504E7
AVG (iterations 820 to 840): 3.849966737060809E7
AVG (iterations 840 to 860): 3.843609516494312E7
AVG (iterations 860 to 880): 3.7792965131821334E7
AVG (iterations 880 to 900): 3.810611867395979E7
AVG (iterations 900 to 920): 3.744797730750981E7
AVG (iterations 920 to 940): 3.8213862360228345E7
New best solution in iteration 958: 3.435608606146287E7
AVG (iterations 940 to 960): 3.760548228156966E7
AVG (iterations 960 to 980): 3.7917428290596746E7
Solution from ACO:
0 (63.4380) --> [3, 83, 49, 185]
1 (68.3521) --> [169, 181]
2 (77.0372) --> [4]
3 --> []
4 (26.6805) --> [199]
5 (83.5297) --> [131]
6 --> []
7 (14.9736) --> [98]
8 --> []
9 (30.1402) --> [59, 43]
10 --> []
11 (65.2901) --> [122, 50]
12 (54.5192) --> [26]
13 (26.4194) --> [178, 108]
14 (80.7568) --> [123]
15 (49.6096) --> [183]
16 (32.6103) --> [45, 44]
17 (66.2602) --> [136]
18 --> []
19 (53.4079) --> [172, 100]
20 (48.1023) --> [117]
21 (33.5808) --> [197]
22 (80.4276) --> [160, 28]
23 (20.6238) --> [180]
24 --> []
25 (86.1299) --> [75]
26 (78.6980) --> [99, 65]
27 (27.8342) --> [116]
28 (40.0808) --> [166]
29 --> []
30 (24.5645) --> [76]
31 (43.5924) --> [81]
32 --> []
33 (39.9518) --> [16]
34 (20.9457) --> [132]
35 --> []
36 (16.9226) --> [192]
37 (31.9127) --> [31]
38 --> []
39 --> []
40 --> []
41 (75.0929) --> [159, 52]
42 (55.8543) --> [153, 18]
43 (76.9432) --> [70, 187]
44 (25.2678) --> [113]
45 --> []
46 (35.4028) --> [94]
47 (60.7587) --> [110]
48 (59.9521) --> [12, 189]
49 (57.4027) --> [104]
50 (69.0268) --> [143]
51 (44.6293) --> [128]
52 (54.3099) --> [33]
53 --> []
54 (32.4217) --> [154]
55 (69.6264) --> [85]
56 --> []
57 (62.0123) --> [101]
58 --> []
59 (37.0027) --> [121]
60 (47.2470) --> [54]
61 --> []
62 (24.4448) --> [32]
63 (35.7406) --> [71]
64 (54.0959) --> [77]
65 (23.9829) --> [140]
66 (95.4418) --> [144, 72]
67 (76.6152) --> [53, 114]
68 (51.6449) --> [156]
69 (73.9477) --> [74]
70 --> []
71 (46.3836) --> [68]
72 --> []
73 (16.1811) --> [39]
74 (36.0538) --> [78]
75 (110.5025) --> [35, 29]
76 (31.7485) --> [73]
77 --> []
78 (70.7475) --> [60]
79 (38.5973) --> [184]
80 (24.7345) --> [133]
81 (86.5759) --> [95]
82 --> []
83 (64.9849) --> [130]
84 (29.6354) --> [48]
85 (26.4004) --> [62]
86 (38.5806) --> [150]
87 (43.3600) --> [142]
88 (68.5425) --> [80, 20]
89 (30.2027) --> [190]
90 --> []
91 (3.7620) --> [193]
92 (76.7380) --> [21]
93 --> []
94 (93.5303) --> [147, 157]
95 (60.6747) --> [19]
96 (73.4327) --> [118]
97 (16.3565) --> [139]
98 --> []
99 (33.6610) --> [112]
100 (21.1606) --> [188]
101 (48.3496) --> [23, 164]
102 (45.5428) --> [170, 105]
103 (62.5719) --> [175, 37]
104 (41.4763) --> [1]
105 (40.9782) --> [125, 163]
106 (92.4070) --> [96]
107 (31.7567) --> [56]
108 (26.8486) --> [126]
109 (31.2195) --> [152]
110 (38.7727) --> [79]
111 (83.7386) --> [27, 106]
112 --> []
113 (67.0276) --> [93]
114 (53.3229) --> [25]
115 (24.2208) --> [107]
116 (69.0839) --> [161]
117 --> []
118 (72.4755) --> [7, 146]
119 (78.4437) --> [174, 51]
120 (84.8203) --> [82, 86]
121 (24.2936) --> [137]
122 (60.7313) --> [162]
123 (58.7170) --> [55, 90]
124 (72.0200) --> [67]
125 (56.4451) --> [129, 10, 88]
126 (11.3241) --> [115]
127 (39.6311) --> [198]
128 (67.6509) --> [91]
129 --> []
130 (113.0407) --> [155]
131 (11.1609) --> [173]
132 (96.0723) --> [11]
133 --> []
134 (91.1919) --> [57, 148]
135 --> []
136 (46.1352) --> [135, 30]
137 --> []
138 (18.8362) --> [145]
139 (99.6691) --> [84]
140 (42.9862) --> [168, 151]
141 (58.2641) --> [58]
142 (26.1135) --> [6]
143 --> []
144 (64.7644) --> [167]
145 (78.0523) --> [111, 176]
146 --> []
147 (34.5598) --> [24]
148 (55.6577) --> [149]
149 (52.7059) --> [182, 171]
150 (59.2291) --> [63]
151 --> []
152 (41.8593) --> [64]
153 (67.6998) --> [196]
154 (48.1583) --> [92]
155 (103.6425) --> [97]
156 (52.3184) --> [69, 34]
157 (37.0131) --> [124]
158 (19.7268) --> [141]
159 (15.9291) --> [127]
160 --> []
161 (10.9966) --> [17]
162 (47.3471) --> [15]
163 --> []
164 (43.2679) --> [102]
165 (61.0175) --> [42, 134]
166 (16.3659) --> [186]
167 --> []
168 --> []
169 (47.5302) --> [195]
170 (59.7545) --> [179, 109]
171 (38.2644) --> [8]
172 (50.7679) --> [120]
173 --> []
174 (9.4817) --> [40]
175 (40.4707) --> [13]
176 --> []
177 --> []
178 (49.3628) --> [191]
179 (36.1528) --> [2]
180 --> []
181 (50.2694) --> [103, 66]
182 (71.7808) --> [41]
183 (81.7474) --> [14, 5]
184 (74.5244) --> [138, 119]
185 --> []
186 (95.7997) --> [158]
187 (48.2443) --> [194]
188 --> []
189 (94.2260) --> [89, 177, 47]
190 --> []
191 (31.3214) --> [22]
192 (36.1101) --> [87]
193 (12.1663) --> [9]
194 (10.4776) --> [38]
195 --> []
196 --> []
197 (74.0263) --> [165]
198 (17.1868) --> [36]
199 (55.8941) --> [46, 61]

Solution energy from ACO: 3.435608606146287E7
trying to improve with local search...
final Solution:
0 (63.4380) --> [3, 83, 49, 185]
1 (68.3521) --> [169, 181]
2 (77.0372) --> [4]
3 --> []
4 (26.6805) --> [199]
5 (83.5297) --> [131]
6 --> []
7 (14.9736) --> [98]
8 --> []
9 (30.1402) --> [59, 43]
10 --> []
11 (78.3070) --> [50, 162]
12 (54.5192) --> [26]
13 (26.4194) --> [178, 108]
14 (80.7568) --> [123]
15 (49.6096) --> [183]
16 (32.6103) --> [45, 44]
17 (66.2602) --> [136]
18 --> []
19 (53.4079) --> [172, 100]
20 (48.1023) --> [117]
21 (33.5808) --> [197]
22 (80.4276) --> [160, 28]
23 (20.6238) --> [180]
24 --> []
25 (86.1299) --> [75]
26 (78.6980) --> [99, 65]
27 (27.8342) --> [116]
28 (40.0808) --> [166]
29 --> []
30 (24.5645) --> [76]
31 (43.5924) --> [81]
32 --> []
33 (39.9518) --> [16]
34 (20.9457) --> [132]
35 --> []
36 (16.9226) --> [192]
37 (31.9127) --> [31]
38 --> []
39 --> []
40 --> []
41 (75.0929) --> [159, 52]
42 (55.8543) --> [153, 18]
43 (76.9432) --> [70, 187]
44 (25.2678) --> [113]
45 --> []
46 (35.4028) --> [94]
47 (60.7587) --> [110]
48 (59.9521) --> [12, 189]
49 (57.4027) --> [104]
50 (69.0268) --> [143]
51 (44.6293) --> [128]
52 (54.3099) --> [33]
53 --> []
54 (32.4217) --> [154]
55 (69.6264) --> [85]
56 --> []
57 (62.0123) --> [101]
58 --> []
59 (37.0027) --> [121]
60 (47.2470) --> [54]
61 --> []
62 (24.4448) --> [32]
63 (35.7406) --> [71]
64 (54.0959) --> [77]
65 (23.9829) --> [140]
66 (95.4418) --> [144, 72]
67 (76.6152) --> [53, 114]
68 (51.6449) --> [156]
69 (73.9477) --> [74]
70 --> []
71 (46.3836) --> [68]
72 --> []
73 (16.1811) --> [39]
74 (36.0538) --> [78]
75 (110.5025) --> [35, 29]
76 (31.7485) --> [73]
77 --> []
78 (70.7475) --> [60]
79 (38.5973) --> [184]
80 (24.7345) --> [133]
81 (86.5759) --> [95]
82 --> []
83 (64.9849) --> [130]
84 (29.6354) --> [48]
85 (26.4004) --> [62]
86 (38.5806) --> [150]
87 (43.3600) --> [142]
88 (68.5425) --> [80, 20]
89 (30.2027) --> [190]
90 --> []
91 (3.7620) --> [193]
92 (76.7380) --> [21]
93 --> []
94 (93.5303) --> [147, 157]
95 (60.6747) --> [19]
96 (73.4327) --> [118]
97 (16.3565) --> [139]
98 --> []
99 (33.6610) --> [112]
100 (21.1606) --> [188]
101 (48.3496) --> [23, 164]
102 (45.5428) --> [170, 105]
103 (62.5719) --> [175, 37]
104 (41.4763) --> [1]
105 (40.9782) --> [125, 163]
106 (92.4070) --> [96]
107 (31.7567) --> [56]
108 (26.8486) --> [126]
109 (31.2195) --> [152]
110 (38.7727) --> [79]
111 (83.7386) --> [27, 106]
112 --> []
113 (67.0276) --> [93]
114 (53.3229) --> [25]
115 (24.2208) --> [107]
116 (69.0839) --> [161]
117 --> []
118 (72.4755) --> [7, 146]
119 (78.4437) --> [174, 51]
120 (84.8203) --> [82, 86]
121 (24.2936) --> [137]
122 (27.7570) --> [11]
123 (58.7170) --> [55, 90]
124 (72.0200) --> [67]
125 (56.4451) --> [129, 10, 88]
126 (11.3241) --> [115]
127 (39.6311) --> [198]
128 (67.6509) --> [91]
129 --> []
130 (113.0407) --> [155]
131 (11.1609) --> [173]
132 (72.2928) --> [122]
133 --> []
134 (91.1919) --> [57, 148]
135 --> []
136 (46.1352) --> [135, 30]
137 --> []
138 (18.8362) --> [145]
139 (99.6691) --> [84]
140 (42.9862) --> [168, 151]
141 (58.2641) --> [58]
142 (26.1135) --> [6]
143 --> []
144 (64.7644) --> [167]
145 (78.0523) --> [111, 176]
146 --> []
147 (34.5598) --> [24]
148 (55.6577) --> [149]
149 (52.7059) --> [182, 171]
150 (59.2291) --> [63]
151 --> []
152 (41.8593) --> [64]
153 (67.6998) --> [196]
154 (48.1583) --> [92]
155 (103.6425) --> [97]
156 (52.3184) --> [69, 34]
157 (37.0131) --> [124]
158 (19.7268) --> [141]
159 (15.9291) --> [127]
160 --> []
161 (10.9966) --> [17]
162 (47.3471) --> [15]
163 --> []
164 (43.2679) --> [102]
165 (61.0175) --> [42, 134]
166 (16.3659) --> [186]
167 --> []
168 --> []
169 (47.5302) --> [195]
170 (59.7545) --> [179, 109]
171 (38.2644) --> [8]
172 (50.7679) --> [120]
173 --> []
174 (9.4817) --> [40]
175 (40.4707) --> [13]
176 --> []
177 --> []
178 (49.3628) --> [191]
179 (36.1528) --> [2]
180 --> []
181 (50.2694) --> [103, 66]
182 (71.7808) --> [41]
183 (81.7474) --> [14, 5]
184 (74.5244) --> [138, 119]
185 --> []
186 (95.7997) --> [158]
187 (48.2443) --> [194]
188 --> []
189 (94.2260) --> [89, 177, 47]
190 --> []
191 (31.3214) --> [22]
192 (36.1101) --> [87]
193 (12.1663) --> [9]
194 (10.4776) --> [38]
195 --> []
196 --> []
197 (74.0263) --> [165]
198 (17.1868) --> [36]
199 (55.8941) --> [46, 61]

final Solution energy: 3.3846420947349414E7
Calculated in 29656ms
Ants=1000, alpha=0.6, beta=3.0, evaporate factor=0.07
(for ../../mebp/mebp-07.dat)
