New best solution in iteration 0: 1.8439759955560946E9
New best solution in iteration 2: 6.384721511936361E8
New best solution in iteration 9: 5.345550495231112E8
AVG (iterations 0 to 20): 1.2655670971216824E9
AVG (iterations 20 to 40): 1.1679118662047772E9
New best solution in iteration 45: 5.179374694865909E8
New best solution in iteration 47: 3.099706073476081E8
AVG (iterations 40 to 60): 1.158765420778487E9
New best solution in iteration 65: 2.913602345018459E8
AVG (iterations 60 to 80): 9.204751973927017E8
AVG (iterations 80 to 100): 1.2146427808755066E9
AVG (iterations 100 to 120): 1.3103847000159407E9
AVG (iterations 120 to 140): 1.1528025434250236E9
New best solution in iteration 144: 2.292356950253639E8
New best solution in iteration 147: 1.9895783798326993E8
AVG (iterations 140 to 160): 6.401089000911801E8
New best solution in iteration 166: 1.7851775616889307E8
New best solution in iteration 167: 1.7129133406349522E8
New best solution in iteration 169: 1.1806042552251028E8
AVG (iterations 160 to 180): 3.5680932280682576E8
New best solution in iteration 190: 1.1399437107661214E8
New best solution in iteration 200: 1.1003878690033183E8
AVG (iterations 180 to 200): 1.7301488932414982E8
New best solution in iteration 202: 9.799959067970812E7
New best solution in iteration 218: 9.32858576834159E7
AVG (iterations 200 to 220): 1.1720284010232961E8
AVG (iterations 220 to 240): 1.1483670292657557E8
AVG (iterations 240 to 260): 1.156440479880983E8
AVG (iterations 260 to 280): 1.1304468176481095E8
New best solution in iteration 291: 9.25752915496763E7
AVG (iterations 280 to 300): 1.1759673951602507E8
AVG (iterations 300 to 320): 1.138740058238039E8
New best solution in iteration 324: 9.123166304207833E7
AVG (iterations 320 to 340): 1.1301284463355839E8
New best solution in iteration 352: 9.068493045517848E7
AVG (iterations 340 to 360): 1.0614395668086796E8
AVG (iterations 360 to 380): 1.0326482795190144E8
New best solution in iteration 387: 8.842332072480972E7
AVG (iterations 380 to 400): 1.018125234886754E8
AVG (iterations 400 to 420): 9.93246265335643E7
AVG (iterations 420 to 440): 1.002357886062615E8
AVG (iterations 440 to 460): 1.0193233613790749E8
New best solution in iteration 466: 8.792965524252196E7
AVG (iterations 460 to 480): 9.689010258491844E7
AVG (iterations 480 to 500): 9.820910957515924E7
New best solution in iteration 511: 8.689675523949751E7
AVG (iterations 500 to 520): 9.707917114714052E7
AVG (iterations 520 to 540): 9.46257122168279E7
AVG (iterations 540 to 560): 9.772438392104337E7
AVG (iterations 560 to 580): 9.470912245620027E7
AVG (iterations 580 to 600): 9.479578761100067E7
AVG (iterations 600 to 620): 9.519700319406044E7
AVG (iterations 620 to 640): 9.648095474522111E7
AVG (iterations 640 to 660): 9.390457407393524E7
AVG (iterations 660 to 680): 9.694910591619584E7
AVG (iterations 680 to 700): 9.805164764835347E7
AVG (iterations 700 to 720): 9.767254838970268E7
AVG (iterations 720 to 740): 9.596349803317076E7
New best solution in iteration 742: 8.669525514990236E7
AVG (iterations 740 to 760): 9.414759333362283E7
AVG (iterations 760 to 780): 9.647658397127144E7
AVG (iterations 780 to 800): 9.770164091069725E7
New best solution in iteration 810: 8.587272628205767E7
AVG (iterations 800 to 820): 9.31097736341802E7
AVG (iterations 820 to 840): 9.311861864286768E7
AVG (iterations 840 to 860): 9.570598908507384E7
AVG (iterations 860 to 880): 9.718188882207525E7
AVG (iterations 880 to 900): 9.616130266099788E7
AVG (iterations 900 to 920): 9.506208821563521E7
AVG (iterations 920 to 940): 9.431629427102132E7
AVG (iterations 940 to 960): 9.69072264399977E7
AVG (iterations 960 to 980): 9.83099023251383E7
Solution from ACO:
0 (248.6799) --> [42, 28, 39]
1 (37.5800) --> [11]
2 (100.5944) --> [17, 19]
3 (65.0481) --> [40]
4 (120.9275) --> [12]
5 --> []
6 (138.7124) --> [15]
7 (37.8272) --> [21]
8 --> []
9 (33.7654) --> [2]
10 --> []
11 --> []
12 (66.9881) --> [13, 3]
13 (71.1047) --> [5]
14 (152.9257) --> [6]
15 (64.6866) --> [36, 4]
16 (233.0027) --> [46, 20]
17 (61.9074) --> [18]
18 (17.4897) --> [16]
19 (75.3066) --> [35]
20 (170.6059) --> [37]
21 (118.2575) --> [27, 14]
22 (123.9481) --> [48, 45]
23 --> []
24 (160.5861) --> [22]
25 (13.0969) --> [10]
26 --> []
27 (50.2355) --> [30]
28 (233.3167) --> [44, 43]
29 (66.3268) --> [24]
30 (47.4865) --> [25]
31 --> []
32 (135.3124) --> [31, 33]
33 --> []
34 (56.6612) --> [32]
35 --> []
36 (126.0021) --> [41, 26]
37 (118.0492) --> [7]
38 (107.1049) --> [1, 49]
39 --> []
40 (42.8043) --> [8]
41 (185.1240) --> [34]
42 (42.5340) --> [29]
43 (159.4906) --> [9]
44 (120.0008) --> [23]
45 --> []
46 --> []
47 --> []
48 (102.5640) --> [38, 47]
49 --> []

Solution energy from ACO: 8.587272628205767E7
trying to improve with local search...
final Solution:
0 (248.6799) --> [28, 39, 24]
1 (37.5800) --> [11]
2 (100.5944) --> [17, 19]
3 (65.0481) --> [40]
4 (120.9275) --> [12]
5 --> []
6 (138.7124) --> [15]
7 (37.8272) --> [21]
8 --> []
9 (33.7654) --> [2]
10 --> []
11 --> []
12 (66.9881) --> [13, 3]
13 (71.1047) --> [5]
14 (152.9257) --> [6]
15 (64.6866) --> [36, 4]
16 (233.0027) --> [46, 20]
17 (61.9074) --> [18]
18 (17.4897) --> [16]
19 (75.3066) --> [35]
20 (170.6059) --> [37]
21 (118.2575) --> [27, 14]
22 (123.9481) --> [48, 45]
23 --> []
24 (160.5861) --> [22]
25 (13.0969) --> [10]
26 --> []
27 (50.2355) --> [30]
28 (233.3167) --> [44, 43]
29 (42.5340) --> [42]
30 (47.4865) --> [25]
31 --> []
32 (135.3124) --> [31, 33]
33 --> []
34 (56.6612) --> [32]
35 --> []
36 (126.0021) --> [41, 26]
37 (118.0492) --> [7]
38 (107.1049) --> [1, 49]
39 --> []
40 (42.8043) --> [8]
41 (185.1240) --> [34]
42 (42.5340) --> [29]
43 (159.4906) --> [9]
44 (120.0008) --> [23]
45 --> []
46 --> []
47 --> []
48 (102.5640) --> [38, 47]
49 --> []

final Solution energy: 8.565788785755944E7
Calculated in 1856ms
Ants=1000, alpha=0.6, beta=3.0, evaporate factor=0.07
(for ../../mebp/mebp-05.dat)
