New best solution in iteration 0: 5.85032662346014E9
New best solution in iteration 1: 3.5659320384811535E9
New best solution in iteration 6: 3.385452288714567E9
New best solution in iteration 7: 3.362245297160938E9
New best solution in iteration 8: 2.8553534852531357E9
New best solution in iteration 11: 2.7918597991372614E9
New best solution in iteration 12: 2.3570216585104876E9
New best solution in iteration 13: 2.1115007548563955E9
AVG (iterations 0 to 20): 3.611799923378225E9
New best solution in iteration 30: 2.087664895105116E9
AVG (iterations 20 to 40): 3.377658917958691E9
AVG (iterations 40 to 60): 3.718656958539357E9
AVG (iterations 60 to 80): 3.7619808831879377E9
AVG (iterations 80 to 100): 3.468052433111628E9
AVG (iterations 100 to 120): 3.4224274035747685E9
New best solution in iteration 137: 2.0514417108014219E9
AVG (iterations 120 to 140): 3.3286102839183817E9
New best solution in iteration 148: 1.2849522147947896E9
New best solution in iteration 156: 1.1249334481918137E9
AVG (iterations 140 to 160): 2.5548082451057243E9
New best solution in iteration 162: 1.1141175070807672E9
New best solution in iteration 168: 8.092039641891966E8
New best solution in iteration 172: 6.945053215595118E8
New best solution in iteration 174: 6.716296883228809E8
New best solution in iteration 175: 5.917985828267548E8
New best solution in iteration 177: 3.786585354122219E8
New best solution in iteration 179: 2.636181531783947E8
AVG (iterations 160 to 180): 1.1286695602271333E9
New best solution in iteration 185: 2.015846254800728E8
New best solution in iteration 187: 6.605964970041046E7
New best solution in iteration 189: 4.8001058667276286E7
New best solution in iteration 193: 3.871811990244808E7
New best solution in iteration 194: 2.9855946209996466E7
AVG (iterations 180 to 200): 2.2044040187721413E8
New best solution in iteration 202: 2.9299149083891038E7
New best solution in iteration 203: 2.9117495473702665E7
New best solution in iteration 204: 2.7652692897903204E7
New best solution in iteration 212: 2.6615347459687136E7
New best solution in iteration 218: 2.6329894345634326E7
AVG (iterations 200 to 220): 2.964425242878156E7
New best solution in iteration 237: 2.5666111063022885E7
AVG (iterations 220 to 240): 2.935213584848433E7
New best solution in iteration 255: 2.5506474368855957E7
AVG (iterations 240 to 260): 2.8237598798870772E7
New best solution in iteration 271: 2.5067084685108807E7
AVG (iterations 260 to 280): 2.670703797604346E7
AVG (iterations 280 to 300): 2.6511286475745905E7
AVG (iterations 300 to 320): 2.6487518621151865E7
New best solution in iteration 324: 2.5034509840264425E7
New best solution in iteration 337: 2.5030363638285607E7
New best solution in iteration 340: 2.4464103549297497E7
AVG (iterations 320 to 340): 2.603372295464358E7
New best solution in iteration 348: 2.3706149228114516E7
AVG (iterations 340 to 360): 2.5741136433958534E7
AVG (iterations 360 to 380): 2.5537803434193272E7
AVG (iterations 380 to 400): 2.5619717419858627E7
AVG (iterations 400 to 420): 2.5368632162134957E7
AVG (iterations 420 to 440): 2.5556940865058392E7
AVG (iterations 440 to 460): 2.5467529544065323E7
AVG (iterations 460 to 480): 2.5315006220504258E7
New best solution in iteration 489: 2.319103162302597E7
AVG (iterations 480 to 500): 2.520539345459353E7
AVG (iterations 500 to 520): 2.5633057682988167E7
AVG (iterations 520 to 540): 2.5130950108717524E7
AVG (iterations 540 to 560): 2.488257211044414E7
AVG (iterations 560 to 580): 2.5164416095520787E7
AVG (iterations 580 to 600): 2.5325711257509105E7
AVG (iterations 600 to 620): 2.558286119444455E7
AVG (iterations 620 to 640): 2.5131907996533513E7
AVG (iterations 640 to 660): 2.4947363110874772E7
AVG (iterations 660 to 680): 2.4903829816615816E7
AVG (iterations 680 to 700): 2.5249708099340703E7
AVG (iterations 700 to 720): 2.556139773245574E7
AVG (iterations 720 to 740): 2.5425315305558894E7
AVG (iterations 740 to 760): 2.5538351675372332E7
AVG (iterations 760 to 780): 2.5110918157751787E7
AVG (iterations 780 to 800): 2.5010172607375115E7
AVG (iterations 800 to 820): 2.5034565071536954E7
AVG (iterations 820 to 840): 2.4725467845231183E7
AVG (iterations 840 to 860): 2.488698050079593E7
AVG (iterations 860 to 880): 2.510319314258652E7
AVG (iterations 880 to 900): 2.542514078163813E7
AVG (iterations 900 to 920): 2.5020569835314903E7
AVG (iterations 920 to 940): 2.50274672764735E7
AVG (iterations 940 to 960): 2.4779136167312864E7
AVG (iterations 960 to 980): 2.4938648050275035E7
New best solution in iteration 987: 2.3070263882797986E7
Solution from ACO:
0 (17.8077) --> [279]
1 (42.1234) --> [49]
2 (26.5090) --> [282]
3 (37.4796) --> [98, 466]
4 --> []
5 (27.9633) --> [449]
6 (20.3847) --> [68]
7 (22.6022) --> [423]
8 (44.5198) --> [202]
9 --> []
10 (53.5635) --> [87, 96]
11 --> []
12 (51.5530) --> [47]
13 --> []
14 (68.7547) --> [23, 13, 123]
15 --> []
16 --> []
17 (34.7839) --> [137]
18 (33.7618) --> [286, 100]
19 (29.5574) --> [357]
20 --> []
21 (17.7615) --> [142]
22 (38.2720) --> [487]
23 --> []
24 (31.1814) --> [207]
25 (42.0786) --> [246, 474]
26 --> []
27 (19.8117) --> [66, 167]
28 --> []
29 (23.3376) --> [481]
30 (61.9892) --> [498]
31 (25.5536) --> [448]
32 (51.3402) --> [347, 126]
33 (42.9633) --> [422, 394]
34 --> []
35 --> []
36 (41.8928) --> [377, 174, 141]
37 (16.9001) --> [473]
38 (41.4123) --> [304]
39 (44.5904) --> [208]
40 (18.3260) --> [436]
41 (44.0476) --> [193]
42 --> []
43 (23.4394) --> [177]
44 (18.0590) --> [212]
45 (49.8350) --> [156]
46 (41.4637) --> [379, 352]
47 (47.7449) --> [336, 285, 338]
48 (18.7255) --> [480]
49 (28.1599) --> [249, 425]
50 (17.2642) --> [220]
51 (52.1560) --> [388, 41]
52 --> []
53 (88.3253) --> [63]
54 (33.9513) --> [315]
55 (41.3990) --> [319, 376]
56 (20.5802) --> [196]
57 (11.4422) --> [299]
58 (15.5512) --> [125]
59 --> []
60 (49.1180) --> [438, 113]
61 (26.4968) --> [172]
62 (68.2175) --> [132, 435]
63 --> []
64 (39.5870) --> [442, 420]
65 (43.1411) --> [278]
66 (35.8904) --> [492]
67 (60.5034) --> [151]
68 --> []
69 (12.0030) --> [431]
70 (19.5701) --> [16]
71 --> []
72 (57.9090) --> [296, 303]
73 (30.4790) --> [35]
74 (24.7473) --> [114, 84]
75 (38.2462) --> [104, 366]
76 --> []
77 (41.5556) --> [254, 4]
78 --> []
79 --> []
80 (48.6305) --> [268, 70, 456]
81 (11.6615) --> [383, 178]
82 --> []
83 --> []
84 --> []
85 (25.0236) --> [61, 204]
86 (12.2390) --> [385]
87 (55.2764) --> [270]
88 (19.5462) --> [396, 102]
89 (13.8609) --> [365]
90 (37.1164) --> [221]
91 (60.5837) --> [129]
92 (24.7539) --> [312]
93 (34.8390) --> [169]
94 (31.9053) --> [155]
95 (30.0268) --> [267, 322]
96 (7.0654) --> [67]
97 (65.5946) --> [387]
98 (48.6328) --> [162, 395]
99 --> []
100 --> []
101 --> []
102 (40.3197) --> [381, 491]
103 (41.0520) --> [184, 14]
104 (24.6065) --> [372]
105 (27.7047) --> [404]
106 --> []
107 (2.4377) --> [497]
108 (22.9921) --> [382, 91]
109 (47.3347) --> [175, 380]
110 (26.6047) --> [82, 198]
111 (10.4282) --> [2]
112 (42.2776) --> [122, 116]
113 (23.4853) --> [340, 146]
114 (39.0500) --> [28]
115 --> []
116 --> []
117 (35.4868) --> [275]
118 (30.8362) --> [346]
119 (51.3955) --> [140]
120 (42.3800) --> [472, 253]
121 --> []
122 (45.2671) --> [124]
123 (71.1265) --> [469, 424]
124 (8.9846) --> [227]
125 --> []
126 --> []
127 (37.4191) --> [37]
128 --> []
129 (62.4579) --> [144]
130 (56.8073) --> [150, 371]
131 (23.6890) --> [302]
132 --> []
133 (56.2307) --> [232, 496, 226]
134 (22.0112) --> [163]
135 (41.5253) --> [57]
136 (46.1502) --> [320, 164, 264]
137 (36.0694) --> [247]
138 (36.0360) --> [443]
139 (6.8373) --> [215]
140 --> []
141 (26.9298) --> [418, 419]
142 (28.4423) --> [168, 331]
143 (19.9626) --> [118]
144 (54.6290) --> [391, 62]
145 (22.8842) --> [10]
146 (35.1518) --> [370, 490]
147 (34.4372) --> [33]
148 --> []
149 (59.0583) --> [458]
150 --> []
151 (37.7579) --> [133]
152 (17.3676) --> [276]
153 --> []
154 (16.0577) --> [211]
155 --> []
156 (22.2595) --> [149]
157 (2.0180) --> [85]
158 --> []
159 (34.0871) --> [43, 21]
160 (38.1582) --> [323]
161 (31.2311) --> [439]
162 --> []
163 (26.9217) --> [213, 234]
164 --> []
165 (25.9575) --> [327]
166 (27.2402) --> [180]
167 (23.4340) --> [269]
168 (11.9593) --> [411, 236]
169 (20.8254) --> [454]
170 (27.9104) --> [367]
171 --> []
172 (25.6479) --> [293, 115, 64]
173 (39.3262) --> [203]
174 (40.6183) --> [44]
175 (50.1423) --> [350, 410, 248]
176 (21.8066) --> [173]
177 --> []
178 (37.4846) --> [8, 166]
179 --> []
180 (27.1781) --> [429]
181 --> []
182 (41.9466) --> [330]
183 --> []
184 --> []
185 --> []
186 (31.5568) --> [486]
187 (31.9739) --> [225]
188 (58.4971) --> [339]
189 (14.3563) --> [134]
190 --> []
191 (34.1332) --> [97, 295]
192 (12.1790) --> [77]
193 --> []
194 (14.9267) --> [467]
195 (39.6215) --> [235]
196 (36.4672) --> [288, 199]
197 (16.0126) --> [182]
198 --> []
199 (19.3435) --> [29]
200 (43.3646) --> [88]
201 --> []
202 (17.5477) --> [27]
203 (48.6273) --> [120, 369]
204 --> []
205 (33.4214) --> [397]
206 (31.2873) --> [222]
207 --> []
208 (41.4841) --> [160, 349, 83]
209 (40.8909) --> [214]
210 (30.5501) --> [335]
211 (26.2746) --> [378]
212 --> []
213 (60.1044) --> [345]
214 --> []
215 (34.3776) --> [414]
216 (22.7215) --> [103]
217 (6.6914) --> [245]
218 (14.3542) --> [94]
219 (24.8441) --> [65]
220 (28.4939) --> [130]
221 (32.7010) --> [152]
222 --> []
223 (43.2285) --> [31, 258]
224 --> []
225 (33.9930) --> [48, 55]
226 (44.4926) --> [190]
227 (22.4707) --> [460]
228 (4.2679) --> [40]
229 (34.6716) --> [359]
230 (18.9764) --> [256]
231 (28.6462) --> [461]
232 --> []
233 (18.1669) --> [243]
234 --> []
235 (46.4539) --> [485, 42]
236 --> []
237 --> []
238 (55.4856) --> [201]
239 (25.9446) --> [209, 237]
240 (39.7643) --> [108]
241 --> []
242 (21.9549) --> [318]
243 (36.2577) --> [484]
244 (51.1655) --> [216, 305]
245 (19.7404) --> [147]
246 (18.5623) --> [46]
247 (48.0579) --> [450]
248 (23.6232) --> [58]
249 (18.4502) --> [402]
250 (32.3985) --> [470, 477]
251 (40.1898) --> [76, 188]
252 --> []
253 (47.5346) --> [399, 121]
254 (45.7049) --> [74, 462]
255 --> []
256 (23.1515) --> [415]
257 (18.4872) --> [53]
258 (36.3956) --> [445]
259 (19.3791) --> [157]
260 --> []
261 --> []
262 (5.9469) --> [92]
263 (37.4654) --> [291, 298]
264 (52.1683) --> [413, 342]
265 (71.7116) --> [136]
266 (41.4858) --> [356, 272]
267 (38.9529) --> [181]
268 --> []
269 (36.0455) --> [400, 111]
270 (11.0674) --> [475, 392]
271 (25.2369) --> [255]
272 (22.6170) --> [239]
273 --> []
274 (55.1796) --> [284]
275 --> []
276 (16.6030) --> [408]
277 (53.0511) --> [251]
278 (18.3676) --> [326]
279 (26.6340) --> [3, 483]
280 --> []
281 --> []
282 --> []
283 (6.3742) --> [355]
284 (13.7975) --> [159]
285 (9.2146) --> [283]
286 --> []
287 (9.4960) --> [233]
288 (45.1992) --> [427, 351]
289 --> []
290 --> []
291 --> []
292 (54.3721) --> [112]
293 (21.8066) --> [95]
294 --> []
295 (49.4754) --> [224]
296 --> []
297 (52.2838) --> [440]
298 (46.9846) --> [341, 360]
299 (45.2886) --> [373]
300 (48.0680) --> [223, 265]
301 (26.3853) --> [51]
302 --> []
303 (31.6896) --> [464, 139]
304 --> []
305 (46.8765) --> [494, 287]
306 (19.0598) --> [403]
307 (12.5542) --> [50]
308 --> []
309 (41.7440) --> [428]
310 (14.2395) --> [15]
311 (36.8712) --> [250]
312 (55.5518) --> [261, 358]
313 (41.1666) --> [495]
314 (55.1486) --> [281, 56]
315 (20.1839) --> [417]
316 --> []
317 (20.7799) --> [45]
318 (66.1019) --> [17, 153]
319 (32.0788) --> [109]
320 (24.5649) --> [434, 252]
321 (41.8348) --> [229]
322 (39.3250) --> [451]
323 --> []
324 (22.3223) --> [117]
325 (35.0917) --> [128]
326 (33.7732) --> [210]
327 (32.0481) --> [197, 405]
328 (52.6300) --> [447]
329 (36.2814) --> [36]
330 (6.3450) --> [26, 195]
331 --> []
332 (23.6726) --> [479]
333 (28.3982) --> [489, 463]
334 (16.8393) --> [179]
335 --> []
336 (25.2333) --> [337]
337 --> []
338 (43.2089) --> [328]
339 --> []
340 --> []
341 --> []
342 (69.2612) --> [390]
343 --> []
344 (30.5963) --> [432]
345 (42.2191) --> [183, 271]
346 --> []
347 (55.6405) --> [230, 307]
348 (45.0423) --> [206, 22]
349 --> []
350 --> []
351 (34.9225) --> [324]
352 (31.6437) --> [186, 176]
353 (66.6847) --> [260]
354 (47.6923) --> [452, 200]
355 (37.5254) --> [468]
356 (43.0650) --> [145]
357 --> []
358 (34.9365) --> [39]
359 --> []
360 (37.3724) --> [426, 25]
361 (24.5866) --> [313]
362 (6.2326) --> [384]
363 (28.3236) --> [393]
364 (31.1093) --> [19, 453]
365 (30.1914) --> [301]
366 (35.7184) --> [311, 407]
367 (23.6120) --> [308]
368 (51.8551) --> [266, 99]
369 (15.3047) --> [317, 241]
370 (31.9044) --> [105, 12]
371 (9.7915) --> [368]
372 (40.6506) --> [406]
373 (58.3473) --> [273, 314]
374 (58.2786) --> [81, 309]
375 (23.4090) --> [52, 488]
376 (14.2717) --> [78, 228]
377 --> []
378 (33.0129) --> [20]
379 --> []
380 (59.4082) --> [54, 217]
381 (35.7300) --> [499]
382 (58.3920) --> [412]
383 --> []
384 (42.2916) --> [192]
385 --> []
386 --> []
387 (44.0217) --> [244, 143]
388 (24.7533) --> [9]
389 --> []
390 (46.0338) --> [354]
391 (56.6811) --> [242]
392 (30.4340) --> [165]
393 (58.4409) --> [482, 219]
394 (9.9617) --> [34]
395 (21.2524) --> [430]
396 --> []
397 --> []
398 (35.2420) --> [158]
399 (53.9112) --> [6]
400 (32.4341) --> [329]
401 (62.0606) --> [18]
402 (12.6383) --> [89]
403 (21.6630) --> [344]
404 (19.3648) --> [187]
405 (11.0208) --> [1]
406 (34.2023) --> [416]
407 --> []
408 --> []
409 (32.3485) --> [290]
410 (16.0330) --> [297]
411 --> []
412 --> []
413 (23.9405) --> [106]
414 (51.6819) --> [110, 79]
415 --> []
416 --> []
417 (29.1342) --> [375]
418 --> []
419 (11.8780) --> [364]
420 (14.6975) --> [154]
421 (33.2540) --> [107]
422 (31.7364) --> [259]
423 (14.8749) --> [476]
424 (49.6472) --> [101]
425 (46.5035) --> [306, 386]
426 --> []
427 (17.7943) --> [459]
428 (40.6538) --> [478]
429 (43.2692) --> [409, 257]
430 (40.3944) --> [238, 191]
431 (49.2631) --> [362, 231]
432 (38.3854) --> [446, 437]
433 (23.4615) --> [148, 69]
434 (21.5707) --> [205, 433]
435 (11.8826) --> [86]
436 --> []
437 (30.9020) --> [218]
438 (39.5845) --> [310]
439 --> []
440 --> []
441 --> []
442 (24.1916) --> [333]
443 (6.7737) --> [292]
444 (34.9783) --> [465, 59]
445 --> []
446 (33.8706) --> [11, 5]
447 --> []
448 (3.9373) --> [277]
449 --> []
450 (45.1485) --> [321, 493]
451 (56.4380) --> [30, 138]
452 --> []
453 (51.4707) --> [194, 119]
454 (36.9258) --> [401, 262]
455 (19.2941) --> [421]
456 --> []
457 (23.9363) --> [343]
458 (50.1707) --> [325]
459 --> []
460 --> []
461 (51.0331) --> [263, 455, 38]
462 (31.5344) --> [363, 316]
463 (6.7902) --> [131]
464 (43.2298) --> [90, 189]
465 (23.1952) --> [398]
466 (23.7577) --> [60]
467 (14.2987) --> [294]
468 (18.6032) --> [135, 332]
469 (43.3977) --> [80]
470 (66.7355) --> [280]
471 (35.2694) --> [348, 444]
472 (23.2754) --> [441]
473 --> []
474 (21.0910) --> [334, 161]
475 --> []
476 (29.0732) --> [170]
477 --> []
478 (71.9715) --> [361]
479 (42.7187) --> [71, 389]
480 --> []
481 (28.0274) --> [289, 240]
482 (51.9801) --> [374]
483 (54.7696) --> [353, 93, 127]
484 --> []
485 --> []
486 --> []
487 (25.8799) --> [457]
488 (16.7009) --> [73]
489 (32.5606) --> [300]
490 --> []
491 (45.1717) --> [171]
492 (17.6538) --> [274]
493 (22.9172) --> [185]
494 (47.0178) --> [32]
495 (19.5491) --> [75]
496 (29.7562) --> [471]
497 (69.3955) --> [24, 72]
498 --> []
499 (24.3208) --> [7]

Solution energy from ACO: 2.3070263882797986E7
trying to improve with local search...
final Solution:
0 (17.8077) --> [279]
1 (42.1234) --> [49]
2 (26.5090) --> [282]
3 (37.4796) --> [98, 466]
4 --> []
5 (27.9633) --> [449]
6 (20.3847) --> [68]
7 (22.6022) --> [423]
8 (44.5198) --> [202]
9 --> []
10 (53.5635) --> [87, 96]
11 --> []
12 (51.5530) --> [47]
13 --> []
14 (68.7547) --> [23, 13, 123]
15 --> []
16 --> []
17 (34.7839) --> [137]
18 (33.7618) --> [286, 100]
19 (29.5574) --> [357]
20 --> []
21 (17.7615) --> [142]
22 (38.2720) --> [487]
23 --> []
24 (31.1814) --> [207]
25 (42.0786) --> [246, 474]
26 --> []
27 (19.8117) --> [66, 167]
28 --> []
29 (23.3376) --> [481]
30 (61.9892) --> [498]
31 (25.5536) --> [448]
32 (51.3402) --> [347, 126]
33 (42.9633) --> [422, 394]
34 --> []
35 --> []
36 (41.8928) --> [377, 174, 141]
37 (16.9001) --> [473]
38 (41.4123) --> [304]
39 (44.5904) --> [208]
40 (18.3260) --> [436]
41 (44.0476) --> [193]
42 --> []
43 (23.4394) --> [177]
44 (18.0590) --> [212]
45 (49.8350) --> [156]
46 (41.4637) --> [379, 352]
47 (47.7449) --> [336, 285, 338]
48 (18.7255) --> [480]
49 (28.1599) --> [249, 425]
50 (17.2642) --> [220]
51 (52.1560) --> [388, 41]
52 --> []
53 (88.3253) --> [63]
54 (33.9513) --> [315]
55 (41.3990) --> [319, 376]
56 (20.5802) --> [196]
57 (11.4422) --> [299]
58 (15.5512) --> [125]
59 --> []
60 (49.1180) --> [438, 113]
61 (26.4968) --> [172]
62 (68.2175) --> [132, 435]
63 --> []
64 (39.5870) --> [442, 420]
65 (43.1411) --> [278]
66 (35.8904) --> [492]
67 (60.5034) --> [151]
68 --> []
69 (12.0030) --> [431]
70 (19.5701) --> [16]
71 --> []
72 (57.9090) --> [296, 303]
73 (30.4790) --> [35]
74 (24.7473) --> [114, 84]
75 (38.2462) --> [104, 366]
76 --> []
77 (41.5556) --> [254, 4]
78 --> []
79 --> []
80 (48.6305) --> [268, 70, 456]
81 (11.6615) --> [383, 178]
82 --> []
83 --> []
84 --> []
85 (25.0236) --> [61, 204]
86 (12.2390) --> [385]
87 (55.2764) --> [270]
88 (19.5462) --> [396, 102]
89 (13.8609) --> [365]
90 (37.1164) --> [221]
91 (60.5837) --> [129]
92 (24.7539) --> [312]
93 (34.8390) --> [169]
94 (31.9053) --> [155]
95 (30.0268) --> [267, 322]
96 (7.0654) --> [67]
97 (65.5946) --> [387]
98 (48.6328) --> [162, 395]
99 --> []
100 --> []
101 --> []
102 (40.3197) --> [381, 491]
103 (41.0520) --> [184, 14]
104 (24.6065) --> [372]
105 (27.7047) --> [404]
106 --> []
107 (2.4377) --> [497]
108 (22.9921) --> [382, 91]
109 (47.3347) --> [175, 380]
110 (26.6047) --> [82, 198]
111 (10.4282) --> [2]
112 (42.2776) --> [122, 116]
113 (23.4853) --> [340, 146]
114 (39.0500) --> [28]
115 --> []
116 --> []
117 (35.4868) --> [275]
118 (30.8362) --> [346]
119 (51.3955) --> [140]
120 (42.3800) --> [472, 253]
121 --> []
122 (45.2671) --> [124]
123 (71.1265) --> [469, 424]
124 (8.9846) --> [227]
125 --> []
126 --> []
127 (37.4191) --> [37]
128 --> []
129 (62.4579) --> [144]
130 (56.8073) --> [150, 371]
131 (23.6890) --> [302]
132 --> []
133 (56.2307) --> [496, 226, 471]
134 (22.0112) --> [163]
135 (41.5253) --> [57]
136 (46.1502) --> [320, 164, 264]
137 (36.0694) --> [247]
138 (36.0360) --> [443]
139 (6.8373) --> [215]
140 --> []
141 (26.9298) --> [418, 419]
142 (28.4423) --> [168, 331]
143 (19.9626) --> [118]
144 (54.6290) --> [391, 62]
145 (22.8842) --> [10]
146 (35.1518) --> [370, 490]
147 (34.4372) --> [33]
148 --> []
149 (59.0583) --> [458]
150 --> []
151 (37.7579) --> [133]
152 (17.3676) --> [276]
153 --> []
154 (16.0577) --> [211]
155 --> []
156 (22.2595) --> [149]
157 (2.0180) --> [85]
158 --> []
159 (34.0871) --> [43, 21]
160 (38.1582) --> [323]
161 (31.2311) --> [439]
162 --> []
163 (26.9217) --> [213, 234]
164 --> []
165 (25.9575) --> [327]
166 (27.2402) --> [180]
167 (23.4340) --> [269]
168 (11.9593) --> [411, 236]
169 (20.8254) --> [454]
170 (27.9104) --> [367]
171 --> []
172 (25.6479) --> [293, 115, 64]
173 (39.3262) --> [203]
174 (40.6183) --> [44]
175 (50.1423) --> [350, 410, 248]
176 (21.8066) --> [173]
177 --> []
178 (37.4846) --> [8, 166]
179 --> []
180 (27.1781) --> [429]
181 --> []
182 (41.9466) --> [330]
183 --> []
184 --> []
185 --> []
186 (31.5568) --> [486]
187 (31.9739) --> [225]
188 (58.4971) --> [339]
189 (14.3563) --> [134]
190 --> []
191 (34.1332) --> [97, 295]
192 (12.1790) --> [77]
193 --> []
194 (14.9267) --> [467]
195 (39.6215) --> [235]
196 (36.4672) --> [288, 199]
197 (16.0126) --> [182]
198 --> []
199 (19.3435) --> [29]
200 (43.3646) --> [88]
201 --> []
202 (17.5477) --> [27]
203 (48.6273) --> [120, 369]
204 --> []
205 (33.4214) --> [397]
206 (31.2873) --> [222]
207 --> []
208 (41.4841) --> [160, 349, 83]
209 (40.8909) --> [214]
210 (30.5501) --> [335]
211 (26.2746) --> [378]
212 --> []
213 (60.1044) --> [345]
214 --> []
215 (34.3776) --> [414]
216 (22.7215) --> [103]
217 (6.6914) --> [245]
218 (14.3542) --> [94]
219 (24.8441) --> [65]
220 (28.4939) --> [130]
221 (32.7010) --> [152]
222 --> []
223 (43.2285) --> [31, 258]
224 --> []
225 (33.9930) --> [48, 55]
226 (44.4926) --> [190]
227 (22.4707) --> [460]
228 (4.2679) --> [40]
229 (34.6716) --> [359]
230 (18.9764) --> [256]
231 (28.6462) --> [461]
232 --> []
233 (18.1669) --> [243]
234 --> []
235 (46.4539) --> [485, 42]
236 --> []
237 --> []
238 (55.4856) --> [201]
239 (25.9446) --> [209, 237]
240 (39.7643) --> [108]
241 --> []
242 (21.9549) --> [318]
243 (36.2577) --> [484]
244 (51.1655) --> [216, 305]
245 (19.7404) --> [147]
246 (18.5623) --> [46]
247 (48.0579) --> [450]
248 (23.6232) --> [58]
249 (18.4502) --> [402]
250 (32.3985) --> [470, 477]
251 (40.1898) --> [76, 188]
252 --> []
253 (47.5346) --> [399, 121]
254 (45.7049) --> [74, 462]
255 --> []
256 (23.1515) --> [415]
257 (18.4872) --> [53]
258 (36.3956) --> [445]
259 (19.3791) --> [157]
260 --> []
261 --> []
262 (5.9469) --> [92]
263 (37.4654) --> [291, 298]
264 (52.1683) --> [413, 342]
265 (71.7116) --> [136]
266 (41.4858) --> [356, 272]
267 (38.9529) --> [181]
268 --> []
269 (36.0455) --> [400, 111]
270 (11.0674) --> [475, 392]
271 (25.2369) --> [255]
272 (22.6170) --> [239]
273 --> []
274 (55.1796) --> [284]
275 --> []
276 (16.6030) --> [408]
277 (53.0511) --> [251]
278 (18.3676) --> [326]
279 (26.6340) --> [3, 483]
280 --> []
281 --> []
282 --> []
283 (6.3742) --> [355]
284 (13.7975) --> [159]
285 (9.2146) --> [283]
286 --> []
287 (9.4960) --> [233]
288 (45.1992) --> [427, 351]
289 --> []
290 --> []
291 --> []
292 (54.3721) --> [112]
293 (21.8066) --> [95]
294 --> []
295 (49.4754) --> [224]
296 --> []
297 (52.2838) --> [440]
298 (46.9846) --> [341, 360]
299 (45.2886) --> [373]
300 (48.0680) --> [223, 265]
301 (26.3853) --> [51]
302 --> []
303 (31.6896) --> [464, 139]
304 --> []
305 (46.8765) --> [494, 287]
306 (19.0598) --> [403]
307 (12.5542) --> [50]
308 --> []
309 (41.7440) --> [428]
310 (14.2395) --> [15]
311 (36.8712) --> [250]
312 (55.5518) --> [261, 358]
313 (41.1666) --> [495]
314 (55.1486) --> [281, 56]
315 (20.1839) --> [417]
316 --> []
317 (20.7799) --> [45]
318 (66.1019) --> [17, 153]
319 (32.0788) --> [109]
320 (24.5649) --> [434, 252]
321 (41.8348) --> [229]
322 (39.3250) --> [451]
323 --> []
324 (22.3223) --> [117]
325 (35.0917) --> [128]
326 (33.7732) --> [210]
327 (32.0481) --> [197, 405]
328 (52.6300) --> [447]
329 (36.2814) --> [36]
330 (6.3450) --> [26, 195]
331 --> []
332 (23.6726) --> [479]
333 (28.3982) --> [489, 463]
334 (16.8393) --> [179]
335 --> []
336 (25.2333) --> [337]
337 --> []
338 (43.2089) --> [328]
339 --> []
340 --> []
341 --> []
342 (69.2612) --> [390]
343 --> []
344 (30.5963) --> [432]
345 (42.2191) --> [183, 271]
346 --> []
347 (55.6405) --> [230, 307]
348 (45.0423) --> [206, 22]
349 --> []
350 --> []
351 (34.9225) --> [324]
352 (31.6437) --> [186, 176]
353 (66.6847) --> [260]
354 (47.6923) --> [452, 200]
355 (37.5254) --> [468]
356 (43.0650) --> [145]
357 --> []
358 (34.9365) --> [39]
359 --> []
360 (37.3724) --> [426, 25]
361 (24.5866) --> [313]
362 (6.2326) --> [384]
363 (28.3236) --> [393]
364 (31.1093) --> [19, 453]
365 (30.1914) --> [301]
366 (35.7184) --> [311, 407]
367 (23.6120) --> [308]
368 (51.8551) --> [266, 99]
369 (15.3047) --> [317, 241]
370 (31.9044) --> [105, 12]
371 (9.7915) --> [368]
372 (40.6506) --> [406]
373 (58.3473) --> [273, 314]
374 (58.2786) --> [81, 309]
375 (23.4090) --> [52, 488]
376 (14.2717) --> [78, 228]
377 --> []
378 (33.0129) --> [20]
379 --> []
380 (59.4082) --> [54, 217]
381 (35.7300) --> [499]
382 (58.3920) --> [412]
383 --> []
384 (42.2916) --> [192]
385 --> []
386 --> []
387 (44.0217) --> [244, 143]
388 (24.7533) --> [9]
389 --> []
390 (46.0338) --> [354]
391 (56.6811) --> [242]
392 (30.4340) --> [165]
393 (58.4409) --> [482, 219]
394 (9.9617) --> [34]
395 (21.2524) --> [430]
396 --> []
397 --> []
398 (35.2420) --> [158]
399 (53.9112) --> [6]
400 (32.4341) --> [329]
401 (62.0606) --> [18]
402 (12.6383) --> [89]
403 (21.6630) --> [344]
404 (19.3648) --> [187]
405 (11.0208) --> [1]
406 (34.2023) --> [416]
407 --> []
408 --> []
409 (32.3485) --> [290]
410 (16.0330) --> [297]
411 --> []
412 --> []
413 (23.9405) --> [106]
414 (51.6819) --> [110, 79]
415 --> []
416 --> []
417 (29.1342) --> [375]
418 --> []
419 (11.8780) --> [364]
420 (14.6975) --> [154]
421 (33.2540) --> [107]
422 (31.7364) --> [259]
423 (14.8749) --> [476]
424 (49.6472) --> [101]
425 (46.5035) --> [306, 386]
426 --> []
427 (17.7943) --> [459]
428 (40.6538) --> [478]
429 (43.2692) --> [409, 257]
430 (40.3944) --> [238, 191]
431 (49.2631) --> [362, 231]
432 (38.3854) --> [446, 437]
433 (23.4615) --> [148, 69]
434 (21.5707) --> [205, 433]
435 (11.8826) --> [86]
436 --> []
437 (30.9020) --> [218]
438 (39.5845) --> [310]
439 --> []
440 --> []
441 --> []
442 (24.1916) --> [333]
443 (6.7737) --> [292]
444 (34.9783) --> [465, 59]
445 --> []
446 (33.8706) --> [11, 5]
447 --> []
448 (3.9373) --> [277]
449 --> []
450 (45.1485) --> [321, 493]
451 (56.4380) --> [30, 138]
452 --> []
453 (51.4707) --> [194, 119]
454 (36.9258) --> [401, 262]
455 (19.2941) --> [421]
456 --> []
457 (23.9363) --> [343]
458 (50.1707) --> [325]
459 --> []
460 --> []
461 (51.0331) --> [263, 455, 38]
462 (31.5344) --> [363, 316]
463 (6.7902) --> [131]
464 (43.2298) --> [90, 189]
465 (23.1952) --> [398]
466 (23.7577) --> [60]
467 (14.2987) --> [294]
468 (18.6032) --> [135, 332]
469 (43.3977) --> [80]
470 (66.7355) --> [280]
471 (35.2694) --> [348, 444]
472 (23.2754) --> [441]
473 --> []
474 (21.0910) --> [334, 161]
475 --> []
476 (29.0732) --> [170]
477 --> []
478 (71.9715) --> [361]
479 (42.7187) --> [71, 389]
480 --> []
481 (28.0274) --> [289, 240]
482 (51.9801) --> [374]
483 (54.7696) --> [353, 93, 127]
484 --> []
485 --> []
486 --> []
487 (25.8799) --> [457]
488 (16.7009) --> [73]
489 (32.5606) --> [300]
490 --> []
491 (45.1717) --> [171]
492 (17.6538) --> [274]
493 (22.9172) --> [185]
494 (47.0178) --> [32]
495 (19.5491) --> [75]
496 (26.3387) --> [232]
497 (69.3955) --> [24, 72]
498 --> []
499 (24.3208) --> [7]

final Solution energy: 2.306218886644465E7
Calculated in 371048ms
Ants=1000, alpha=0.6, beta=3.0, evaporate factor=0.07
(for ../../mebp/mebp-10.dat)
