New best solution in iteration 0: 3.74200805621168E9
New best solution in iteration 1: 3.5130535801829605E9
New best solution in iteration 3: 3.0233386653366303E9
New best solution in iteration 16: 2.9290299699734616E9
New best solution in iteration 17: 2.211037296411858E9
AVG (iterations 0 to 20): 3.736552579048261E9
AVG (iterations 20 to 40): 3.1947147467559648E9
New best solution in iteration 46: 1.6985920177839558E9
AVG (iterations 40 to 60): 3.453349738872412E9
AVG (iterations 60 to 80): 3.757673310407861E9
AVG (iterations 80 to 100): 3.656791357939228E9
AVG (iterations 100 to 120): 3.411173219580783E9
AVG (iterations 120 to 140): 3.34597412941953E9
New best solution in iteration 153: 1.4708683116444883E9
AVG (iterations 140 to 160): 2.7662422280259147E9
New best solution in iteration 164: 6.877015529778285E8
New best solution in iteration 172: 6.843721693023862E8
New best solution in iteration 174: 3.2862444323498595E8
New best solution in iteration 175: 2.029548830093365E8
AVG (iterations 160 to 180): 1.201679876361442E9
New best solution in iteration 181: 1.8262714396348208E8
New best solution in iteration 184: 7.9788827787328E7
New best solution in iteration 189: 4.902221719811732E7
New best solution in iteration 194: 3.50669458639061E7
New best solution in iteration 197: 3.284240538110508E7
New best solution in iteration 199: 3.2675066806905992E7
AVG (iterations 180 to 200): 2.3121574154198235E8
New best solution in iteration 201: 2.778664637084064E7
AVG (iterations 200 to 220): 3.189556834714965E7
New best solution in iteration 225: 2.7320713156135663E7
New best solution in iteration 229: 2.5536883442730974E7
AVG (iterations 220 to 240): 2.989756213351504E7
New best solution in iteration 259: 2.526631178489561E7
AVG (iterations 240 to 260): 2.7433374578930207E7
New best solution in iteration 278: 2.507598472394454E7
AVG (iterations 260 to 280): 2.6579787227046084E7
New best solution in iteration 281: 2.499047923140165E7
New best solution in iteration 288: 2.4965703818332724E7
AVG (iterations 280 to 300): 2.6096743562249653E7
AVG (iterations 300 to 320): 2.664509405059809E7
AVG (iterations 320 to 340): 2.6146429750412587E7
New best solution in iteration 353: 2.4198464749901608E7
AVG (iterations 340 to 360): 2.5861659714494802E7
New best solution in iteration 361: 2.39944990396064E7
AVG (iterations 360 to 380): 2.5535895568688117E7
AVG (iterations 380 to 400): 2.539482518646971E7
New best solution in iteration 415: 2.3935969267964885E7
AVG (iterations 400 to 420): 2.525552600653655E7
AVG (iterations 420 to 440): 2.4976312041685406E7
New best solution in iteration 441: 2.3805212927807305E7
New best solution in iteration 442: 2.36716064044433E7
AVG (iterations 440 to 460): 2.4877691652428396E7
New best solution in iteration 477: 2.326306125564777E7
AVG (iterations 460 to 480): 2.517974159672553E7
AVG (iterations 480 to 500): 2.4784393197148908E7
AVG (iterations 500 to 520): 2.4854540610572826E7
AVG (iterations 520 to 540): 2.4680770433553256E7
AVG (iterations 540 to 560): 2.4691839150181625E7
AVG (iterations 560 to 580): 2.4881542227151643E7
AVG (iterations 580 to 600): 2.4946436708201118E7
AVG (iterations 600 to 620): 2.4767415268081266E7
AVG (iterations 620 to 640): 2.481356639465792E7
AVG (iterations 640 to 660): 2.497003616938627E7
AVG (iterations 660 to 680): 2.490114809304436E7
AVG (iterations 680 to 700): 2.493549410706652E7
AVG (iterations 700 to 720): 2.5032409510531694E7
AVG (iterations 720 to 740): 2.5247619950689312E7
AVG (iterations 740 to 760): 2.4882324533734534E7
AVG (iterations 760 to 780): 2.49842319452653E7
AVG (iterations 780 to 800): 2.4898125658261128E7
AVG (iterations 800 to 820): 2.493097255222947E7
AVG (iterations 820 to 840): 2.4733110622528728E7
New best solution in iteration 842: 2.3094708282809094E7
AVG (iterations 840 to 860): 2.4412930820142068E7
AVG (iterations 860 to 880): 2.4533945883186445E7
AVG (iterations 880 to 900): 2.478154247457763E7
AVG (iterations 900 to 920): 2.4847319836083546E7
AVG (iterations 920 to 940): 2.4670248130605284E7
AVG (iterations 940 to 960): 2.458508339976328E7
AVG (iterations 960 to 980): 2.4597695399848614E7
Solution from ACO:
0 (38.8185) --> [279, 98]
1 (42.1234) --> [49]
2 (26.5090) --> [111, 282]
3 (28.3563) --> [466]
4 --> []
5 (27.9633) --> [449]
6 (20.3847) --> [68]
7 (39.5221) --> [499, 491]
8 (44.5198) --> [202]
9 (58.9411) --> [140]
10 (53.5635) --> [87, 96]
11 --> []
12 --> []
13 --> []
14 (68.7547) --> [23, 13, 123]
15 (44.8793) --> [323]
16 (24.6583) --> [456]
17 (34.7839) --> [137]
18 (33.7618) --> [100, 286]
19 (30.1789) --> [364, 453]
20 --> []
21 (17.7615) --> [142]
22 --> []
23 (70.2501) --> [101]
24 (51.2651) --> [304, 207]
25 (42.0786) --> [474, 360]
26 (58.8537) --> [330, 195, 170]
27 (19.8117) --> [167, 66]
28 --> []
29 (23.3376) --> [481]
30 (7.7806) --> [451]
31 (25.5536) --> [448]
32 (51.3402) --> [347, 126]
33 (2.1060) --> [422]
34 (9.9617) --> [394]
35 --> []
36 --> []
37 (16.9001) --> [473]
38 --> []
39 (34.9365) --> [358]
40 (18.3260) --> [436]
41 (44.0476) --> [193]
42 --> []
43 (23.4394) --> [177]
44 (33.1113) --> [212, 377]
45 --> []
46 (41.4637) --> [246, 352]
47 (30.9065) --> [285]
48 (18.7255) --> [480]
49 (28.1599) --> [249, 425]
50 (17.2642) --> [220]
51 (52.1560) --> [388, 41]
52 --> []
53 --> []
54 (33.9513) --> [315]
55 (41.3990) --> [319, 376]
56 (59.6487) --> [196, 412]
57 --> []
58 (23.6232) --> [125, 248]
59 --> []
60 (49.1180) --> [340, 438]
61 (26.4968) --> [172]
62 (68.2175) --> [132, 435]
63 --> []
64 (19.0539) --> [293]
65 (43.1411) --> [278]
66 (35.8904) --> [492]
67 (60.5034) --> [151]
68 --> []
69 (12.0030) --> [431]
70 (19.5701) --> [16]
71 (46.3763) --> [83]
72 --> []
73 (30.4790) --> [488, 35]
74 (24.7473) --> [114, 84]
75 (38.2462) --> [104, 366]
76 --> []
77 (21.3920) --> [254]
78 --> []
79 (48.3951) --> [90]
80 --> []
81 (65.4050) --> [374, 309]
82 --> []
83 (39.3446) --> [208]
84 --> []
85 (25.0236) --> [61, 204]
86 (12.2390) --> [385]
87 (55.1797) --> [392]
88 (54.1813) --> [396, 284]
89 --> []
90 (37.1164) --> [221]
91 (60.5837) --> [129]
92 (24.7539) --> [312]
93 (34.8390) --> [169]
94 (31.9053) --> [218, 155]
95 (30.0268) --> [267, 322]
96 (7.0654) --> [67]
97 --> []
98 (48.6328) --> [162, 395]
99 (60.3234) --> [485]
100 --> []
101 (49.6472) --> [424]
102 (15.8893) --> [88]
103 (22.7215) --> [216]
104 (24.6065) --> [372]
105 (27.7047) --> [404]
106 (23.9405) --> [413]
107 (54.1890) --> [497, 379, 24]
108 (22.9921) --> [382, 91]
109 (47.3347) --> [175, 380]
110 (51.6819) --> [82, 414]
111 --> []
112 (42.2776) --> [116, 122]
113 (23.4853) --> [146]
114 (39.0500) --> [28]
115 (22.9790) --> [442]
116 --> []
117 (35.4868) --> [275]
118 (30.8362) --> [346, 184]
119 --> []
120 (42.3800) --> [472, 253]
121 --> []
122 (45.2671) --> [124]
123 (13.3839) --> [469]
124 (8.9846) --> [227]
125 (59.5966) --> [494]
126 (14.3129) --> [233]
127 (37.4191) --> [37]
128 --> []
129 (62.4579) --> [144]
130 (56.8073) --> [371]
131 (23.6890) --> [302]
132 --> []
133 --> []
134 (22.0112) --> [163]
135 (39.8860) --> [299]
136 (35.1625) --> [320, 164]
137 (36.0694) --> [247]
138 (36.0360) --> [443]
139 (23.6783) --> [303]
140 --> []
141 (24.3912) --> [418]
142 (11.5748) --> [168]
143 (19.9626) --> [118]
144 (54.6290) --> [62, 391]
145 (22.8842) --> [10]
146 (35.1518) --> [370, 490]
147 (34.4372) --> [33]
148 --> []
149 (22.2595) --> [156]
150 (48.7665) --> [339]
151 (57.9784) --> [232, 190]
152 (17.3676) --> [276]
153 --> []
154 (16.0577) --> [211]
155 (30.9356) --> [343]
156 --> []
157 (2.0180) --> [85]
158 --> []
159 (34.0871) --> [43]
160 --> []
161 --> []
162 --> []
163 (26.1649) --> [213]
164 --> []
165 (25.9575) --> [327]
166 (27.2402) --> [180]
167 (38.7845) --> [269, 2]
168 (26.6761) --> [411, 331]
169 (20.8254) --> [454]
170 (29.0732) --> [367, 476]
171 --> []
172 (25.6479) --> [64, 115]
173 (39.3262) --> [203]
174 (40.6183) --> [44]
175 (33.5498) --> [410, 350]
176 (21.8066) --> [173]
177 --> []
178 (37.4846) --> [81, 8, 166]
179 (34.6075) --> [439]
180 (27.1781) --> [429]
181 --> []
182 (41.7218) --> [26]
183 --> []
184 (42.3136) --> [103, 14]
185 --> []
186 (31.5568) --> [486]
187 (31.9739) --> [225]
188 --> []
189 (14.3563) --> [134]
190 (44.4926) --> [226]
191 (34.1332) --> [97, 295]
192 (12.1790) --> [77]
193 --> []
194 (14.9267) --> [467]
195 --> []
196 (36.4672) --> [288, 199]
197 (16.0126) --> [182]
198 (26.6047) --> [110]
199 (19.3435) --> [29]
200 (47.6923) --> [390, 354]
201 (62.8341) --> [58, 244]
202 (17.5477) --> [27]
203 (44.2845) --> [120, 241]
204 --> []
205 (33.4214) --> [397]
206 (31.2873) --> [222]
207 --> []
208 (44.5904) --> [349, 39]
209 (40.8909) --> [214]
210 --> []
211 (26.2746) --> [378]
212 --> []
213 (20.3760) --> [234]
214 (41.7320) --> [70]
215 (6.8373) --> [139]
216 --> []
217 (6.6914) --> [245]
218 --> []
219 (24.8441) --> [65]
220 (31.3600) --> [130, 150]
221 (32.7010) --> [152]
222 --> []
223 (43.2285) --> [31, 258]
224 --> []
225 (33.9930) --> [48, 55]
226 --> []
227 (22.4707) --> [460]
228 (4.2679) --> [40]
229 (34.6716) --> [359]
230 (18.9764) --> [256]
231 (40.1186) --> [461, 38]
232 (36.8987) --> [133, 496, 465]
233 (18.1669) --> [287, 243]
234 --> []
235 (46.4539) --> [42]
236 --> []
237 --> []
238 --> []
239 (25.9446) --> [237]
240 (39.7643) --> [108]
241 (15.3047) --> [369]
242 (21.9549) --> [318]
243 (36.2577) --> [484]
244 (51.1655) --> [305, 387]
245 (19.7404) --> [147]
246 (38.8238) --> [25]
247 (48.0579) --> [450]
248 --> []
249 (18.4502) --> [402]
250 (32.3985) --> [470, 477]
251 (40.1898) --> [76, 188]
252 --> []
253 (36.5684) --> [399]
254 (47.1259) --> [4, 74, 363]
255 (25.2369) --> [271]
256 (23.1515) --> [415]
257 (86.6927) --> [53, 63]
258 (36.3956) --> [445]
259 (19.3791) --> [157]
260 --> []
261 --> []
262 (5.9469) --> [92]
263 (37.4654) --> [298, 291]
264 (52.1683) --> [136, 342]
265 --> []
266 (21.9003) --> [356]
267 (38.9529) --> [181, 420]
268 (46.2285) --> [80, 209]
269 (29.0604) --> [400]
270 (44.3857) --> [475, 386]
271 (42.2191) --> [345]
272 (22.6170) --> [239]
273 --> []
274 --> []
275 (47.5817) --> [138]
276 (16.6030) --> [408]
277 (53.0511) --> [251]
278 (18.3676) --> [326]
279 (26.6340) --> [3, 483]
280 --> []
281 --> []
282 --> []
283 (6.3742) --> [355]
284 (19.7917) --> [159, 21]
285 (9.2146) --> [283]
286 --> []
287 --> []
288 (40.1630) --> [459, 351]
289 --> []
290 --> []
291 --> []
292 --> []
293 (21.8066) --> [95]
294 --> []
295 (49.4754) --> [224]
296 (29.1928) --> [72]
297 (52.2838) --> [440]
298 (7.9428) --> [341]
299 (45.2886) --> [57, 373]
300 (48.0680) --> [265, 223]
301 (26.3853) --> [51]
302 --> []
303 (31.6896) --> [464]
304 --> []
305 --> []
306 (19.0598) --> [403]
307 (12.5542) --> [50]
308 --> []
309 (41.7440) --> [428]
310 (14.2395) --> [15]
311 (36.8712) --> [250]
312 (39.3626) --> [261]
313 (52.4679) --> [255, 495]
314 (55.1486) --> [281, 56]
315 (20.1839) --> [417]
316 --> []
317 (20.7799) --> [45]
318 (66.1019) --> [17, 153]
319 (32.0788) --> [109]
320 (22.9115) --> [434]
321 (41.8348) --> [229]
322 (37.3818) --> [30]
323 (38.1582) --> [160]
324 (22.3223) --> [117]
325 (35.0917) --> [128]
326 (40.1853) --> [335, 210]
327 (32.0481) --> [197, 405]
328 (52.6300) --> [447]
329 (36.7893) --> [36, 174]
330 --> []
331 --> []
332 (23.6726) --> [479]
333 (28.3982) --> [489, 463]
334 (16.8393) --> [179]
335 (65.8235) --> [361]
336 (48.8163) --> [47, 338]
337 (26.0381) --> [105, 336]
338 (43.2089) --> [328]
339 --> []
340 (10.6461) --> [113]
341 --> []
342 --> []
343 (23.9363) --> [457]
344 (30.5963) --> [432]
345 (21.0647) --> [183]
346 --> []
347 (55.6405) --> [307, 230]
348 (45.0423) --> [206, 22]
349 --> []
350 --> []
351 (34.9225) --> [324]
352 (31.6437) --> [186, 176]
353 (66.6847) --> [260]
354 (33.3615) --> [452]
355 (37.5254) --> [468]
356 (44.8036) --> [272, 145]
357 (29.5574) --> [19]
358 --> []
359 (56.8247) --> [458]
360 (26.6094) --> [426]
361 (24.5866) --> [313]
362 (6.2326) --> [384]
363 (28.3236) --> [462, 393]
364 (11.8780) --> [419]
365 (30.1914) --> [301]
366 (35.7184) --> [311, 407]
367 (23.6120) --> [308]
368 (51.8551) --> [266, 99]
369 (14.2557) --> [317]
370 (31.9044) --> [337, 12]
371 (9.7915) --> [368]
372 (40.6506) --> [406]
373 (58.3473) --> [273, 314]
374 --> []
375 (13.5246) --> [52]
376 (14.2717) --> [78, 228]
377 (32.6841) --> [357]
378 (33.0129) --> [20]
379 (16.8037) --> [46]
380 (59.4082) --> [54, 217]
381 (47.5033) --> [102, 200]
382 --> []
383 (13.1490) --> [178]
384 (42.2916) --> [192]
385 --> []
386 --> []
387 (40.2885) --> [143]
388 (24.7533) --> [9]
389 --> []
390 --> []
391 (56.6811) --> [242]
392 (30.4340) --> [270, 165]
393 (58.4409) --> [219, 482]
394 --> []
395 (21.2524) --> [430]
396 --> []
397 --> []
398 (35.2420) --> [158]
399 (53.9112) --> [149, 6]
400 (32.4341) --> [329]
401 (62.0606) --> [18]
402 (17.0226) --> [89, 365]
403 (21.6630) --> [344]
404 (19.3648) --> [187]
405 (11.0208) --> [1]
406 (79.7867) --> [280, 416]
407 --> []
408 --> []
409 (32.3485) --> [290]
410 (16.0330) --> [297]
411 (12.9153) --> [236]
412 --> []
413 (37.4932) --> [264]
414 (43.5765) --> [215, 79]
415 --> []
416 --> []
417 (34.4936) --> [375, 73]
418 --> []
419 (26.9298) --> [141]
420 (14.6975) --> [154]
421 (33.2540) --> [107]
422 (46.9055) --> [259, 34]
423 (22.6022) --> [7]
424 --> []
425 (32.6336) --> [306]
426 --> []
427 --> []
428 (40.6538) --> [478]
429 (43.2692) --> [409, 257]
430 (76.5546) --> [238, 191, 201]
431 (49.2631) --> [362, 231]
432 (38.3854) --> [437, 446]
433 (20.1963) --> [69]
434 (25.9633) --> [205, 148, 433, 252]
435 (11.8826) --> [86]
436 --> []
437 (29.8014) --> [94]
438 (48.2607) --> [310, 93]
439 --> []
440 --> []
441 (52.3949) --> [198, 121]
442 (24.1916) --> [333]
443 (6.7737) --> [292]
444 (32.6759) --> [59]
445 --> []
446 (33.8706) --> [5, 11]
447 --> []
448 (56.2608) --> [277, 106]
449 --> []
450 (45.1485) --> [321, 493]
451 (63.0804) --> [498]
452 --> []
453 (34.8479) --> [194]
454 (36.9258) --> [262, 401]
455 (19.2941) --> [421]
456 --> []
457 (25.8799) --> [487]
458 (50.1707) --> [325]
459 (17.7943) --> [427]
460 --> []
461 (36.5863) --> [455, 263]
462 (31.5344) --> [316]
463 (6.7902) --> [131]
464 (40.6730) --> [189]
465 (23.1952) --> [398]
466 (23.7577) --> [60]
467 (60.3613) --> [294, 119]
468 (18.6032) --> [135, 332]
469 --> []
470 --> []
471 (35.2694) --> [348, 444]
472 (23.2754) --> [441]
473 --> []
474 (21.0910) --> [334, 161]
475 --> []
476 (52.3799) --> [423, 171]
477 --> []
478 --> []
479 (42.7187) --> [71, 389]
480 --> []
481 (28.0274) --> [289, 240]
482 (49.8669) --> [383]
483 (45.4316) --> [353, 127]
484 (52.9694) --> [268]
485 (24.7565) --> [235]
486 --> []
487 --> []
488 --> []
489 (32.5606) --> [300]
490 --> []
491 --> []
492 (17.6538) --> [274]
493 (22.9172) --> [185]
494 (47.0178) --> [32]
495 (19.5491) --> [75]
496 (29.7562) --> [471]
497 (69.5091) --> [296]
498 (62.4735) --> [112]
499 (35.7300) --> [381]

Solution energy from ACO: 2.3094708282809094E7
trying to improve with local search...
final Solution:
0 (38.8185) --> [279, 98]
1 (42.1234) --> [49]
2 (26.5090) --> [111, 282]
3 (28.3563) --> [466]
4 --> []
5 (27.9633) --> [449]
6 (20.3847) --> [68]
7 (39.5221) --> [499, 491]
8 (44.5198) --> [202]
9 (58.9411) --> [140]
10 (53.5635) --> [87, 96]
11 --> []
12 --> []
13 --> []
14 (68.7547) --> [23, 13, 123]
15 (44.8793) --> [323]
16 (24.6583) --> [456]
17 (34.7839) --> [137]
18 (33.7618) --> [100, 286]
19 (30.1789) --> [364, 453]
20 --> []
21 (17.7615) --> [142]
22 --> []
23 (70.2501) --> [101]
24 (51.2651) --> [304, 207]
25 (42.0786) --> [474, 360]
26 (58.8537) --> [330, 195, 170]
27 (19.8117) --> [167, 66]
28 --> []
29 (23.3376) --> [481]
30 (7.7806) --> [451]
31 (25.5536) --> [448]
32 (51.3402) --> [347, 126]
33 (2.1060) --> [422]
34 (9.9617) --> [394]
35 --> []
36 --> []
37 (16.9001) --> [473]
38 --> []
39 (34.9365) --> [358]
40 (18.3260) --> [436]
41 (44.0476) --> [193]
42 --> []
43 (23.4394) --> [177]
44 (33.1113) --> [212, 377]
45 --> []
46 (41.4637) --> [246, 352]
47 (30.9065) --> [285]
48 (18.7255) --> [480]
49 (28.1599) --> [249, 425]
50 (17.2642) --> [220]
51 (52.1560) --> [388, 41]
52 --> []
53 --> []
54 (33.9513) --> [315]
55 (41.3990) --> [319, 376]
56 (59.6487) --> [196, 412]
57 --> []
58 (23.6232) --> [125, 248]
59 --> []
60 (49.1180) --> [340, 438]
61 (26.4968) --> [172]
62 (68.2175) --> [132, 435]
63 --> []
64 (19.0539) --> [293]
65 (43.1411) --> [278]
66 (35.8904) --> [492]
67 (60.5034) --> [151]
68 --> []
69 (12.0030) --> [431]
70 (19.5701) --> [16]
71 (46.3763) --> [83]
72 --> []
73 (30.4790) --> [488, 35]
74 (24.7473) --> [114, 84]
75 (38.2462) --> [104, 366]
76 --> []
77 (21.3920) --> [254]
78 --> []
79 (48.3951) --> [90]
80 --> []
81 (65.4050) --> [374, 309]
82 --> []
83 (39.3446) --> [208]
84 --> []
85 (25.0236) --> [61, 204]
86 (12.2390) --> [385]
87 (55.1797) --> [392]
88 (54.1813) --> [396, 284]
89 --> []
90 (37.1164) --> [221]
91 (60.5837) --> [129]
92 (24.7539) --> [312]
93 (34.8390) --> [169]
94 (31.9053) --> [218, 155]
95 (30.0268) --> [267, 322]
96 (7.0654) --> [67]
97 --> []
98 (48.6328) --> [162, 395]
99 (60.3234) --> [485]
100 --> []
101 (49.6472) --> [424]
102 (15.8893) --> [88]
103 (22.7215) --> [216]
104 (24.6065) --> [372]
105 (27.7047) --> [404]
106 (23.9405) --> [413]
107 (54.1890) --> [497, 379, 24]
108 (22.9921) --> [382, 91]
109 (47.3347) --> [175, 380]
110 (51.6819) --> [82, 414]
111 --> []
112 (42.2776) --> [116, 122]
113 (23.4853) --> [146]
114 (39.0500) --> [28]
115 (22.9790) --> [442]
116 --> []
117 (35.4868) --> [275]
118 (30.8362) --> [346, 184]
119 --> []
120 (42.3800) --> [472, 253]
121 --> []
122 (45.2671) --> [124]
123 (13.3839) --> [469]
124 (8.9846) --> [227]
125 (59.5966) --> [494]
126 (14.3129) --> [233]
127 (37.4191) --> [37]
128 --> []
129 (62.4579) --> [144]
130 (56.8073) --> [371]
131 (23.6890) --> [302]
132 --> []
133 --> []
134 (22.0112) --> [163]
135 (39.8860) --> [299]
136 (35.1625) --> [320, 164]
137 (36.0694) --> [247]
138 (36.0360) --> [443]
139 (23.6783) --> [303]
140 --> []
141 (24.3912) --> [418]
142 (11.5748) --> [168]
143 (19.9626) --> [118]
144 (54.6290) --> [62, 391]
145 (22.8842) --> [10]
146 (35.1518) --> [370, 490]
147 (34.4372) --> [33]
148 --> []
149 (22.2595) --> [156]
150 (48.7665) --> [339]
151 (57.9784) --> [232, 190]
152 (17.3676) --> [276]
153 --> []
154 (16.0577) --> [211]
155 (30.9356) --> [343]
156 --> []
157 (2.0180) --> [85]
158 --> []
159 (34.0871) --> [43]
160 --> []
161 --> []
162 --> []
163 (26.1649) --> [213]
164 --> []
165 (25.9575) --> [327]
166 (27.2402) --> [180]
167 (38.7845) --> [269, 2]
168 (26.6761) --> [411, 331]
169 (20.8254) --> [454]
170 (29.0732) --> [367, 476]
171 --> []
172 (25.6479) --> [64, 115]
173 (39.3262) --> [203]
174 (40.6183) --> [44]
175 (33.5498) --> [410, 350]
176 (21.8066) --> [173]
177 --> []
178 (37.4846) --> [81, 8, 166]
179 (34.6075) --> [439]
180 (27.1781) --> [429]
181 --> []
182 (41.7218) --> [26]
183 --> []
184 (42.3136) --> [103, 14]
185 --> []
186 (31.5568) --> [486]
187 (31.9739) --> [225]
188 --> []
189 (14.3563) --> [134]
190 (44.4926) --> [226]
191 (34.1332) --> [97, 295]
192 (12.1790) --> [77]
193 --> []
194 (14.9267) --> [467]
195 --> []
196 (36.4672) --> [288, 199]
197 (16.0126) --> [182]
198 (26.6047) --> [110]
199 (19.3435) --> [29]
200 (47.6923) --> [390, 354]
201 (62.8341) --> [58, 244]
202 (17.5477) --> [27]
203 (44.2845) --> [120, 241]
204 --> []
205 (33.4214) --> [397]
206 (31.2873) --> [222]
207 --> []
208 (44.5904) --> [349, 39]
209 (40.8909) --> [214]
210 --> []
211 (26.2746) --> [378]
212 --> []
213 (20.3760) --> [234]
214 (41.7320) --> [70]
215 (6.8373) --> [139]
216 --> []
217 (6.6914) --> [245]
218 --> []
219 (24.8441) --> [65]
220 (31.3600) --> [130, 150]
221 (32.7010) --> [152]
222 --> []
223 (43.2285) --> [31, 258]
224 --> []
225 (33.9930) --> [48, 55]
226 --> []
227 (22.4707) --> [460]
228 (4.2679) --> [40]
229 (34.6716) --> [359]
230 (18.9764) --> [256]
231 (40.1186) --> [461, 38]
232 (36.8987) --> [133, 496, 465]
233 (18.1669) --> [287, 243]
234 --> []
235 (46.4539) --> [42]
236 --> []
237 --> []
238 --> []
239 (25.9446) --> [237]
240 (39.7643) --> [108]
241 (15.3047) --> [369]
242 (21.9549) --> [318]
243 (36.2577) --> [484]
244 (51.1655) --> [305, 387]
245 (19.7404) --> [147]
246 (38.8238) --> [25]
247 (48.0579) --> [450]
248 --> []
249 (18.4502) --> [402]
250 (32.3985) --> [470, 477]
251 (40.1898) --> [76, 188]
252 --> []
253 (36.5684) --> [399]
254 (47.1259) --> [4, 74, 363]
255 (25.2369) --> [271]
256 (23.1515) --> [415]
257 (86.6927) --> [53, 63]
258 (36.3956) --> [445]
259 (19.3791) --> [157]
260 --> []
261 --> []
262 (5.9469) --> [92]
263 (37.4654) --> [298, 291]
264 (52.1683) --> [136, 342]
265 --> []
266 (21.9003) --> [356]
267 (38.9529) --> [181, 420]
268 (46.2285) --> [80, 209]
269 (29.0604) --> [400]
270 (44.3857) --> [475, 386]
271 (42.2191) --> [345]
272 (22.6170) --> [239]
273 --> []
274 --> []
275 (47.5817) --> [138]
276 (16.6030) --> [408]
277 (53.0511) --> [251]
278 (18.3676) --> [326]
279 (26.6340) --> [3, 483]
280 --> []
281 --> []
282 --> []
283 (6.3742) --> [355]
284 (19.7917) --> [159, 21]
285 (9.2146) --> [283]
286 --> []
287 --> []
288 (40.1630) --> [459, 351]
289 --> []
290 --> []
291 --> []
292 --> []
293 (21.8066) --> [95]
294 --> []
295 (49.4754) --> [224]
296 (29.1928) --> [72]
297 (52.2838) --> [440]
298 (7.9428) --> [341]
299 (45.2886) --> [57, 373]
300 (48.0680) --> [265, 223]
301 (26.3853) --> [51]
302 --> []
303 (31.6896) --> [464]
304 --> []
305 --> []
306 (19.0598) --> [403]
307 (12.5542) --> [50]
308 --> []
309 (41.7440) --> [428]
310 (14.2395) --> [15]
311 (36.8712) --> [250]
312 (39.3626) --> [261]
313 (52.4679) --> [255, 495]
314 (55.1486) --> [281, 56]
315 (20.1839) --> [417]
316 --> []
317 (20.7799) --> [45]
318 (66.1019) --> [17, 153]
319 (32.0788) --> [109]
320 (22.9115) --> [434]
321 (41.8348) --> [229]
322 (37.3818) --> [30]
323 (38.1582) --> [160]
324 (22.3223) --> [117]
325 (35.0917) --> [128]
326 (40.1853) --> [335, 210]
327 (32.0481) --> [197, 405]
328 (52.6300) --> [447]
329 (36.7893) --> [36, 174]
330 --> []
331 --> []
332 (23.6726) --> [479]
333 (28.3982) --> [489, 463]
334 (16.8393) --> [179]
335 (65.8235) --> [361]
336 (48.8163) --> [47, 338]
337 (26.0381) --> [105, 336]
338 (43.2089) --> [328]
339 --> []
340 (10.6461) --> [113]
341 --> []
342 --> []
343 (23.9363) --> [457]
344 (30.5963) --> [432]
345 (21.0647) --> [183]
346 --> []
347 (55.6405) --> [307, 230]
348 (45.0423) --> [206, 22]
349 --> []
350 --> []
351 (34.9225) --> [324]
352 (31.6437) --> [186, 176]
353 (66.6847) --> [260]
354 (33.3615) --> [452]
355 (37.5254) --> [468]
356 (44.8036) --> [272, 145]
357 (29.5574) --> [19]
358 --> []
359 (56.8247) --> [458]
360 (26.6094) --> [426]
361 (24.5866) --> [313]
362 (6.2326) --> [384]
363 (28.3236) --> [462, 393]
364 (11.8780) --> [419]
365 (30.1914) --> [301]
366 (35.7184) --> [311, 407]
367 (23.6120) --> [308]
368 (51.8551) --> [266, 99]
369 (14.2557) --> [317]
370 (31.9044) --> [337, 12]
371 (9.7915) --> [368]
372 (40.6506) --> [406]
373 (58.3473) --> [273, 314]
374 --> []
375 (13.5246) --> [52]
376 (14.2717) --> [78, 228]
377 (32.6841) --> [357]
378 (33.0129) --> [20]
379 (16.8037) --> [46]
380 (59.4082) --> [54, 217]
381 (47.5033) --> [102, 200]
382 --> []
383 (13.1490) --> [178]
384 (42.2916) --> [192]
385 --> []
386 --> []
387 (40.2885) --> [143]
388 (24.7533) --> [9]
389 --> []
390 --> []
391 (56.6811) --> [242]
392 (30.4340) --> [270, 165]
393 (58.4409) --> [219, 482]
394 --> []
395 (21.2524) --> [430]
396 --> []
397 --> []
398 (35.2420) --> [158]
399 (53.9112) --> [149, 6]
400 (32.4341) --> [329]
401 (62.0606) --> [18]
402 (17.0226) --> [89, 365]
403 (21.6630) --> [344]
404 (19.3648) --> [187]
405 (11.0208) --> [1]
406 (79.7867) --> [280, 416]
407 --> []
408 --> []
409 (32.3485) --> [290]
410 (16.0330) --> [297]
411 (12.9153) --> [236]
412 --> []
413 (37.4932) --> [264]
414 (43.5765) --> [215, 79]
415 --> []
416 --> []
417 (34.4936) --> [375, 73]
418 --> []
419 (26.9298) --> [141]
420 (14.6975) --> [154]
421 (33.2540) --> [107]
422 (46.9055) --> [259, 34]
423 (22.6022) --> [7]
424 --> []
425 (32.6336) --> [306]
426 --> []
427 --> []
428 (40.6538) --> [478]
429 (43.2692) --> [409, 257]
430 (76.5546) --> [238, 191, 201]
431 (49.2631) --> [362, 231]
432 (38.3854) --> [437, 446]
433 (20.1963) --> [69]
434 (25.9633) --> [205, 148, 433, 252]
435 (11.8826) --> [86]
436 --> []
437 (29.8014) --> [94]
438 (48.2607) --> [310, 93]
439 --> []
440 --> []
441 (52.3949) --> [198, 121]
442 (24.1916) --> [333]
443 (6.7737) --> [292]
444 (32.6759) --> [59]
445 --> []
446 (33.8706) --> [5, 11]
447 --> []
448 (56.2608) --> [277, 106]
449 --> []
450 (45.1485) --> [321, 493]
451 (63.0804) --> [498]
452 --> []
453 (34.8479) --> [194]
454 (36.9258) --> [262, 401]
455 (19.2941) --> [421]
456 --> []
457 (25.8799) --> [487]
458 (50.1707) --> [325]
459 (17.7943) --> [427]
460 --> []
461 (36.5863) --> [455, 263]
462 (31.5344) --> [316]
463 (6.7902) --> [131]
464 (40.6730) --> [189]
465 (23.1952) --> [398]
466 (23.7577) --> [60]
467 (60.3613) --> [294, 119]
468 (18.6032) --> [135, 332]
469 --> []
470 --> []
471 (35.2694) --> [348, 444]
472 (23.2754) --> [441]
473 --> []
474 (21.0910) --> [334, 161]
475 --> []
476 (52.3799) --> [423, 171]
477 --> []
478 --> []
479 (42.7187) --> [71, 389]
480 --> []
481 (28.0274) --> [289, 240]
482 (49.8669) --> [383]
483 (45.4316) --> [353, 127]
484 (52.9694) --> [268]
485 (24.7565) --> [235]
486 --> []
487 --> []
488 --> []
489 (32.5606) --> [300]
490 --> []
491 --> []
492 (17.6538) --> [274]
493 (22.9172) --> [185]
494 (47.0178) --> [32]
495 (19.5491) --> [75]
496 (29.7562) --> [471]
497 (69.5091) --> [296]
498 (62.4735) --> [112]
499 (35.7300) --> [381]

final Solution energy: 2.3094708282809094E7
Calculated in 371576ms
Ants=1000, alpha=0.6, beta=3.0, evaporate factor=0.07
(for ../../mebp/mebp-10.dat)
