New best solution in iteration 0: 3.5936702512242165E9
New best solution in iteration 2: 3.3692008082837873E9
New best solution in iteration 5: 2.2654125059797416E9
New best solution in iteration 16: 2.0526164116851635E9
AVG (iterations 0 to 20): 3.299235741642563E9
New best solution in iteration 34: 2.0054648859481523E9
AVG (iterations 20 to 40): 3.258504070138693E9
New best solution in iteration 55: 1.8303781227619693E9
AVG (iterations 40 to 60): 2.94850838202921E9
New best solution in iteration 66: 1.4836238079988775E9
AVG (iterations 60 to 80): 3.2390507266436667E9
AVG (iterations 80 to 100): 2.982895561064828E9
AVG (iterations 100 to 120): 2.9928733888341556E9
New best solution in iteration 127: 1.2677323231804447E9
AVG (iterations 120 to 140): 2.868977588179801E9
AVG (iterations 140 to 160): 2.909505431862336E9
New best solution in iteration 168: 1.2173253341911678E9
New best solution in iteration 169: 5.616810894918894E8
New best solution in iteration 178: 1.8955788491691726E8
AVG (iterations 160 to 180): 1.1318305728048975E9
New best solution in iteration 184: 1.026900384984422E8
New best solution in iteration 187: 5.726786903429211E7
New best solution in iteration 193: 2.7648587138285596E7
AVG (iterations 180 to 200): 1.6882444577703744E8
New best solution in iteration 201: 2.7454641960892364E7
New best solution in iteration 207: 2.6548685936722808E7
New best solution in iteration 211: 2.5348013542730495E7
New best solution in iteration 214: 2.4862959052706886E7
AVG (iterations 200 to 220): 3.0200105058484755E7
New best solution in iteration 230: 2.4652907854196474E7
New best solution in iteration 239: 2.450082303189064E7
AVG (iterations 220 to 240): 2.80949199565187E7
New best solution in iteration 255: 2.449873453795467E7
New best solution in iteration 257: 2.4220491853691828E7
AVG (iterations 240 to 260): 2.6462304896908667E7
AVG (iterations 260 to 280): 2.65104061503248E7
AVG (iterations 280 to 300): 2.5963933363426376E7
AVG (iterations 300 to 320): 2.577378614033177E7
New best solution in iteration 326: 2.39853127934699E7
New best solution in iteration 333: 2.3140752821332112E7
AVG (iterations 320 to 340): 2.489176711463345E7
AVG (iterations 340 to 360): 2.5106843385400057E7
AVG (iterations 360 to 380): 2.4867382681918517E7
AVG (iterations 380 to 400): 2.4239573165819768E7
New best solution in iteration 407: 2.2934171130649183E7
New best solution in iteration 416: 2.222615668602565E7
AVG (iterations 400 to 420): 2.412050044547895E7
AVG (iterations 420 to 440): 2.4210445884576835E7
AVG (iterations 440 to 460): 2.4048134450809896E7
AVG (iterations 460 to 480): 2.432326134561583E7
AVG (iterations 480 to 500): 2.3940568544020012E7
AVG (iterations 500 to 520): 2.4207902030705325E7
AVG (iterations 520 to 540): 2.434135783043264E7
AVG (iterations 540 to 560): 2.387987794001819E7
AVG (iterations 560 to 580): 2.4571267416270547E7
AVG (iterations 580 to 600): 2.453193019518853E7
AVG (iterations 600 to 620): 2.4110083980317064E7
AVG (iterations 620 to 640): 2.3743658922744434E7
AVG (iterations 640 to 660): 2.4031028675000705E7
AVG (iterations 660 to 680): 2.3904174228222E7
AVG (iterations 680 to 700): 2.3729818579042234E7
AVG (iterations 700 to 720): 2.4311000289735034E7
AVG (iterations 720 to 740): 2.3985278096942015E7
AVG (iterations 740 to 760): 2.4026071247410156E7
AVG (iterations 760 to 780): 2.4069949655699685E7
AVG (iterations 780 to 800): 2.4290571378876712E7
New best solution in iteration 818: 2.218709526846485E7
AVG (iterations 800 to 820): 2.3759882615539707E7
AVG (iterations 820 to 840): 2.363854249124685E7
AVG (iterations 840 to 860): 2.3955016157279808E7
New best solution in iteration 867: 2.216803925444603E7
AVG (iterations 860 to 880): 2.3680669304967348E7
New best solution in iteration 897: 2.2100052773310527E7
AVG (iterations 880 to 900): 2.358887312514881E7
AVG (iterations 900 to 920): 2.3751618133726813E7
AVG (iterations 920 to 940): 2.3827110171260424E7
AVG (iterations 940 to 960): 2.3642141969071906E7
AVG (iterations 960 to 980): 2.3870705485800214E7
Solution from ACO:
0 (49.4754) --> [72, 403]
1 (24.7447) --> [319]
2 (55.2769) --> [452, 427]
3 (38.9570) --> [24, 185]
4 (51.9321) --> [324]
5 (20.8450) --> [90, 433]
6 (43.1278) --> [193, 444]
7 (33.7214) --> [429]
8 --> []
9 (50.4405) --> [97, 141]
10 --> []
11 --> []
12 (14.8063) --> [415]
13 (15.1268) --> [489, 282]
14 (22.8928) --> [482]
15 (42.6405) --> [143]
16 (29.0061) --> [375]
17 (21.4803) --> [364]
18 (40.4239) --> [110, 205]
19 (49.5346) --> [442]
20 (49.8943) --> [204, 258]
21 --> []
22 (23.5447) --> [197]
23 (38.6642) --> [189]
24 --> []
25 (58.6990) --> [107, 23]
26 (8.6174) --> [206]
27 (9.7846) --> [255]
28 --> []
29 (55.4756) --> [391]
30 --> []
31 (21.7947) --> [394]
32 (20.5905) --> [435]
33 (66.6353) --> [236, 142]
34 (9.4210) --> [147]
35 (22.7847) --> [132]
36 (16.6840) --> [430]
37 (35.8726) --> [354]
38 (34.5532) --> [331]
39 (20.8416) --> [494]
40 (15.3423) --> [484]
41 (27.9797) --> [342, 284]
42 (40.1842) --> [139]
43 (68.8312) --> [455]
44 (40.5757) --> [171, 199]
45 (25.6017) --> [425]
46 (11.5983) --> [39]
47 --> []
48 (20.5775) --> [229]
49 (47.5881) --> [249]
50 (33.7891) --> [409]
51 (24.1125) --> [404]
52 (33.9988) --> [264]
53 (33.1892) --> [465]
54 --> []
55 --> []
56 --> []
57 --> []
58 (44.4903) --> [212]
59 (64.3849) --> [105]
60 --> []
61 (26.4630) --> [137]
62 --> []
63 --> []
64 (30.9094) --> [346]
65 (34.7365) --> [226]
66 (52.6709) --> [357, 246, 488]
67 (16.2287) --> [66]
68 (37.1111) --> [231, 34]
69 (1.9562) --> [120]
70 (16.8687) --> [163, 60]
71 (20.8113) --> [151]
72 (17.7025) --> [86, 33, 305]
73 (17.2493) --> [253]
74 (11.0833) --> [64]
75 --> []
76 --> []
77 (17.5146) --> [486]
78 (10.8624) --> [70]
79 --> []
80 (30.0892) --> [162, 446]
81 (22.2247) --> [476, 155]
82 (55.6446) --> [133, 321]
83 (11.7807) --> [146]
84 --> []
85 --> []
86 (42.3963) --> [344]
87 --> []
88 (60.2471) --> [209, 79]
89 (39.4924) --> [176]
90 --> []
91 --> []
92 --> []
93 (22.5923) --> [130]
94 (9.3612) --> [261]
95 --> []
96 (37.1531) --> [73]
97 (52.7043) --> [219]
98 --> []
99 --> []
100 (49.4773) --> [98, 397]
101 --> []
102 (45.6514) --> [228]
103 (31.6148) --> [274]
104 (43.2264) --> [370, 328]
105 (61.4897) --> [238, 56, 412]
106 (50.8889) --> [52, 366]
107 (14.7228) --> [89]
108 (20.6960) --> [127]
109 --> []
110 (42.4547) --> [22]
111 (31.9351) --> [129]
112 (30.4741) --> [7]
113 (55.4719) --> [297]
114 (33.5268) --> [100, 102]
115 (25.2023) --> [496, 276]
116 --> []
117 (47.9996) --> [92, 65]
118 (11.4760) --> [275]
119 (53.4608) --> [361, 166]
120 (25.5545) --> [5]
121 --> []
122 (35.8591) --> [58, 271]
123 --> []
124 (6.6663) --> [167]
125 (54.0186) --> [268]
126 (27.6489) --> [200]
127 (58.2594) --> [343, 478]
128 (39.5600) --> [449]
129 (22.1976) --> [177]
130 (39.4779) --> [456, 469]
131 (10.8396) --> [371]
132 (53.8254) --> [428]
133 (54.7532) --> [95, 184, 373]
134 (28.3831) --> [262]
135 (33.3445) --> [230]
136 --> []
137 (47.6607) --> [323]
138 (15.7647) --> [156]
139 (16.0824) --> [94, 4]
140 (60.2788) --> [405]
141 (35.6279) --> [27, 84]
142 (51.2315) --> [270]
143 (27.3276) --> [471]
144 (21.3937) --> [381]
145 (7.4340) --> [490]
146 --> []
147 (36.5457) --> [450, 26]
148 --> []
149 (38.6053) --> [88]
150 --> []
151 (16.8583) --> [396, 44]
152 (33.8625) --> [440, 330]
153 --> []
154 --> []
155 (54.7574) --> [82]
156 (22.0088) --> [38]
157 (12.4058) --> [329]
158 (17.3837) --> [51]
159 (38.3659) --> [145, 241]
160 --> []
161 --> []
162 (9.7676) --> [53]
163 (54.7821) --> [116, 81]
164 --> []
165 (51.6040) --> [463, 239]
166 --> []
167 (57.4438) --> [372, 362, 186]
168 (34.7143) --> [152]
169 (10.1926) --> [214]
170 --> []
171 (27.5913) --> [400, 493]
172 (56.2492) --> [332, 216]
173 --> []
174 --> []
175 (24.6231) --> [211, 140]
176 (35.0863) --> [181]
177 (27.0372) --> [267]
178 (33.7578) --> [149]
179 (44.3463) --> [315]
180 --> []
181 (61.9192) --> [431]
182 (34.8917) --> [300]
183 --> []
184 (8.8641) --> [408]
185 (27.6758) --> [457, 499]
186 (45.2594) --> [225, 333]
187 (44.7786) --> [348]
188 --> []
189 (47.2953) --> [398]
190 --> []
191 (37.6403) --> [468, 75]
192 (24.4518) --> [201, 108]
193 (23.4837) --> [467, 178]
194 (39.8430) --> [310, 487, 383]
195 (17.0793) --> [128]
196 --> []
197 (18.1831) --> [318]
198 (45.7242) --> [113, 418]
199 --> []
200 (39.5205) --> [307]
201 --> []
202 (11.3675) --> [68]
203 (48.5284) --> [80, 265]
204 (9.3792) --> [303]
205 (38.8808) --> [483]
206 (37.7541) --> [393]
207 --> []
208 (11.6259) --> [309]
209 --> []
210 (34.4609) --> [194]
211 (26.7218) --> [50]
212 (45.3609) --> [71]
213 (18.1921) --> [387]
214 (3.3700) --> [320]
215 (57.5274) --> [101]
216 (17.2305) --> [104]
217 (37.0157) --> [301]
218 (13.2054) --> [376]
219 (30.5179) --> [240, 345, 377]
220 --> []
221 --> []
222 (56.8012) --> [242]
223 --> []
224 --> []
225 --> []
226 (52.2312) --> [188]
227 (21.3960) --> [353]
228 (49.3515) --> [243]
229 (39.3626) --> [316]
230 (28.7170) --> [474]
231 (45.9766) --> [322]
232 (21.7437) --> [150]
233 --> []
234 (32.1675) --> [109]
235 (24.6752) --> [169]
236 --> []
237 (7.7234) --> [287]
238 --> []
239 (55.3313) --> [399, 299]
240 --> []
241 --> []
242 (27.0700) --> [3]
243 (9.1519) --> [334]
244 (11.2673) --> [423]
245 --> []
246 --> []
247 (49.2033) --> [2]
248 (27.0650) --> [441]
249 --> []
250 (29.7454) --> [289]
251 --> []
252 (54.9793) --> [461, 436]
253 (63.6432) --> [31]
254 (28.4703) --> [272]
255 (23.4381) --> [85]
256 (30.0422) --> [292]
257 (35.2264) --> [17]
258 --> []
259 (47.1112) --> [175]
260 (37.0270) --> [9, 311]
261 --> []
262 --> []
263 (41.4704) --> [161, 62]
264 --> []
265 (61.2169) --> [288, 112]
266 (20.9036) --> [475]
267 (22.7703) --> [498, 384]
268 (65.0805) --> [413, 61]
269 (19.0588) --> [263]
270 (18.6568) --> [252]
271 (34.4940) --> [379]
272 (47.9939) --> [131, 96]
273 (49.2014) --> [497, 179, 54]
274 (8.7132) --> [401]
275 (41.7586) --> [485]
276 (7.5911) --> [148]
277 (46.7163) --> [454]
278 (50.4243) --> [341]
279 (14.9374) --> [410, 30]
280 (33.7729) --> [340, 118]
281 --> []
282 (23.7477) --> [395]
283 (26.5662) --> [32]
284 --> []
285 (35.9154) --> [385]
286 --> []
287 (30.5796) --> [477]
288 --> []
289 (34.1726) --> [217]
290 (34.1815) --> [221]
291 (53.8974) --> [382]
292 (31.1820) --> [257]
293 --> []
294 (15.2750) --> [424, 119]
295 (28.1974) --> [338]
296 (28.0427) --> [269]
297 (39.8491) --> [347, 247]
298 (7.9000) --> [165]
299 (31.5504) --> [125, 21]
300 (24.6286) --> [286]
301 (81.1603) --> [359, 259]
302 (51.7453) --> [458]
303 (29.7312) --> [495, 123]
304 (37.9043) --> [417, 10, 232]
305 --> []
306 (17.1605) --> [157]
307 (49.5849) --> [183, 369]
308 --> []
309 (31.9136) --> [103, 285]
310 (28.5265) --> [437, 293]
311 --> []
312 (11.9136) --> [367]
313 --> []
314 (7.1412) --> [124]
315 (35.8076) --> [6]
316 (51.4100) --> [190, 298]
317 (18.6937) --> [473]
318 (39.4248) --> [302]
319 (26.9823) --> [439]
320 --> []
321 --> []
322 (36.9214) --> [380, 256]
323 (46.7230) --> [222, 326]
324 (37.6213) --> [426]
325 (35.0333) --> [355, 77, 196]
326 (48.0920) --> [45]
327 (15.5829) --> [210]
328 (37.9787) --> [57, 213]
329 (17.0193) --> [314]
330 (69.4596) --> [173]
331 (26.0848) --> [358]
332 (53.9755) --> [416]
333 (43.7448) --> [365, 215]
334 (13.7579) --> [363, 1]
335 (23.6364) --> [41]
336 (47.6789) --> [20]
337 --> []
338 (10.8607) --> [122]
339 (21.6941) --> [244, 337]
340 (10.4760) --> [335]
341 (49.9431) --> [317, 37]
342 --> []
343 (35.2822) --> [29]
344 (60.4494) --> [472]
345 (22.2289) --> [459]
346 (62.5286) --> [91, 492]
347 (20.1812) --> [93]
348 (10.4453) --> [25]
349 --> []
350 (44.0036) --> [15, 99]
351 --> []
352 (45.3087) --> [419]
353 (37.2991) --> [49, 281]
354 (62.3751) --> [414]
355 --> []
356 --> []
357 --> []
358 (37.6938) --> [14, 462]
359 (45.6971) --> [432]
360 (44.4684) --> [235]
361 (15.5394) --> [63]
362 (46.2540) --> [46]
363 (12.0726) --> [306]
364 --> []
365 (28.1973) --> [67]
366 (49.6514) --> [248, 291]
367 (13.8428) --> [174]
368 --> []
369 --> []
370 (29.5895) --> [153]
371 --> []
372 --> []
373 (17.8442) --> [87]
374 (46.8984) --> [280]
375 (18.3562) --> [40]
376 (17.8505) --> [35]
377 --> []
378 --> []
379 (63.5043) --> [336]
380 --> []
381 (17.2400) --> [294]
382 (22.9503) --> [69]
383 (25.6871) --> [43]
384 (2.9816) --> [19]
385 (40.4269) --> [464]
386 (26.8634) --> [182, 438]
387 (38.7750) --> [48, 266]
388 --> []
389 (42.9990) --> [392, 78]
390 (27.0230) --> [159]
391 --> []
392 --> []
393 --> []
394 (40.3013) --> [245]
395 (42.1189) --> [195, 422]
396 (41.8571) --> [254]
397 (22.0194) --> [227]
398 (37.4729) --> [327]
399 (26.6812) --> [308]
400 (20.7662) --> [283]
401 --> []
402 (45.2572) --> [198, 59]
403 (17.2572) --> [447]
404 (28.1467) --> [164, 434]
405 (26.2971) --> [390, 11]
406 (30.4247) --> [144]
407 --> []
408 (19.2944) --> [250]
409 (7.6794) --> [158]
410 --> []
411 (44.2553) --> [448]
412 (15.6819) --> [278]
413 --> []
414 --> []
415 --> []
416 (41.8466) --> [135]
417 --> []
418 --> []
419 --> []
420 (10.4726) --> [251]
421 (24.7335) --> [218]
422 --> []
423 (37.9761) --> [207]
424 --> []
425 (40.4471) --> [55]
426 (23.4328) --> [136]
427 --> []
428 (33.1041) --> [453, 407]
429 (63.8132) --> [460, 406, 479, 47]
430 (12.6659) --> [191]
431 (42.4761) --> [368]
432 (26.4017) --> [277, 172]
433 (26.8646) --> [18]
434 (36.1860) --> [111]
435 (42.0449) --> [42]
436 (20.1199) --> [411, 312]
437 (42.3128) --> [220, 134]
438 (59.1283) --> [168]
439 (22.6187) --> [234]
440 (16.6791) --> [420]
441 (30.4531) --> [296, 83]
442 --> []
443 (22.7041) --> [36]
444 (19.1829) --> [491, 233]
445 (29.8178) --> [350, 466]
446 (26.5308) --> [445, 349]
447 (20.5685) --> [203]
448 (50.1895) --> [208]
449 --> []
450 (34.3647) --> [374, 356]
451 (12.7344) --> [388]
452 --> []
453 (51.7986) --> [351, 360]
454 (46.8047) --> [126, 117]
455 (60.0011) --> [76]
456 (25.3556) --> [480, 192]
457 --> []
458 (50.0816) --> [260, 339]
459 (17.7199) --> [138]
460 --> []
461 --> []
462 --> []
463 (44.5506) --> [224]
464 (12.4377) --> [114]
465 --> []
466 (34.8995) --> [402]
467 --> []
468 (16.6095) --> [28]
469 --> []
470 (30.9235) --> [8, 451]
471 (29.3370) --> [180]
472 (28.2455) --> [481]
473 (21.1687) --> [202]
474 (40.3300) --> [279]
475 --> []
476 (25.5382) --> [421]
477 (54.8576) --> [386, 187]
478 --> []
479 (39.6346) --> [470, 160]
480 (43.0969) --> [273]
481 (59.6496) --> [106, 237]
482 --> []
483 (42.4216) --> [389, 121]
484 (40.2085) --> [170]
485 (4.5078) --> [352]
486 (44.0024) --> [443]
487 (20.2396) --> [325]
488 (9.4982) --> [12]
489 --> []
490 (42.4796) --> [223]
491 (32.0026) --> [304]
492 --> []
493 (21.9204) --> [13]
494 (30.1238) --> [115]
495 (20.8803) --> [290]
496 (35.9918) --> [154, 295]
497 (13.7184) --> [16]
498 (47.7243) --> [74]
499 (36.6474) --> [378, 313]

Solution energy from ACO: 2.2100052773310527E7
trying to improve with local search...
final Solution:
0 (49.4754) --> [72, 403]
1 (24.7447) --> [319]
2 (55.2769) --> [452, 427]
3 (38.9570) --> [24, 185]
4 (51.9321) --> [324]
5 (20.8450) --> [90, 433]
6 (43.1278) --> [193, 444]
7 (33.7214) --> [429]
8 --> []
9 (50.4405) --> [97, 141]
10 --> []
11 --> []
12 (14.8063) --> [415]
13 (15.1268) --> [489, 282]
14 (22.8928) --> [482]
15 (42.6405) --> [143]
16 (29.0061) --> [375]
17 (21.4803) --> [364]
18 (40.4239) --> [110, 205]
19 (49.5346) --> [442]
20 (49.8943) --> [204, 258]
21 --> []
22 (23.5447) --> [197]
23 (38.6642) --> [189]
24 --> []
25 (58.6990) --> [107, 23]
26 (8.6174) --> [206]
27 (9.7846) --> [255]
28 --> []
29 (55.4756) --> [391]
30 --> []
31 (21.7947) --> [394]
32 (20.5905) --> [435]
33 (66.6353) --> [236, 142]
34 (9.4210) --> [147]
35 (22.7847) --> [132]
36 (16.6840) --> [430]
37 (35.8726) --> [354]
38 (34.5532) --> [331]
39 (20.8416) --> [494]
40 (15.3423) --> [484]
41 (27.9797) --> [342, 284]
42 (40.1842) --> [139]
43 (68.8312) --> [455]
44 (40.5757) --> [171, 199]
45 (25.6017) --> [425]
46 (11.5983) --> [39]
47 --> []
48 (20.5775) --> [229]
49 (47.5881) --> [249]
50 (33.7891) --> [409]
51 (24.1125) --> [404]
52 (33.9988) --> [264]
53 (33.1892) --> [465]
54 --> []
55 --> []
56 --> []
57 --> []
58 (44.4903) --> [212]
59 (64.3849) --> [105]
60 --> []
61 (26.4630) --> [137]
62 --> []
63 --> []
64 (30.9094) --> [346]
65 (34.7365) --> [226]
66 (52.6709) --> [357, 246, 488]
67 (16.2287) --> [66]
68 (37.1111) --> [231, 34]
69 (1.9562) --> [120]
70 (16.8687) --> [163, 60]
71 (20.8113) --> [151]
72 (17.7025) --> [86, 33, 305]
73 (17.2493) --> [253]
74 (11.0833) --> [64]
75 --> []
76 --> []
77 (17.5146) --> [486]
78 (10.8624) --> [70]
79 --> []
80 (30.0892) --> [162, 446]
81 (22.2247) --> [476, 155]
82 (55.6446) --> [133, 321]
83 (11.7807) --> [146]
84 --> []
85 --> []
86 (42.3963) --> [344]
87 --> []
88 (60.2471) --> [209, 79]
89 (39.4924) --> [176]
90 --> []
91 --> []
92 --> []
93 (20.5606) --> [480]
94 (9.3612) --> [261]
95 --> []
96 (37.1531) --> [73]
97 (52.7043) --> [219]
98 --> []
99 --> []
100 (49.4773) --> [98, 397]
101 --> []
102 (45.6514) --> [228]
103 (31.6148) --> [274]
104 (43.2264) --> [370, 328]
105 (61.4897) --> [238, 56, 412]
106 (50.8889) --> [52, 366]
107 (14.7228) --> [89]
108 (20.6960) --> [127]
109 --> []
110 (42.4547) --> [22]
111 (31.9351) --> [129]
112 (30.4741) --> [7]
113 (55.4719) --> [297]
114 (33.5268) --> [100, 102]
115 (25.2023) --> [496, 276]
116 --> []
117 (47.9996) --> [92, 65]
118 (11.4760) --> [275]
119 (53.4608) --> [361, 166]
120 (25.5545) --> [5]
121 --> []
122 (35.8591) --> [58, 271]
123 --> []
124 (6.6663) --> [167]
125 (54.0186) --> [268]
126 (27.6489) --> [200]
127 (58.2594) --> [343, 478]
128 (39.5600) --> [449]
129 (22.1976) --> [177]
130 (39.4779) --> [456, 469]
131 (1.7210) --> [272]
132 (53.8254) --> [428]
133 (54.7532) --> [95, 184, 373]
134 (28.3831) --> [262]
135 (33.3445) --> [230]
136 --> []
137 (47.6607) --> [323]
138 (15.7647) --> [156]
139 (16.0824) --> [94, 4]
140 (60.2788) --> [405]
141 (35.6279) --> [27, 84]
142 (51.2315) --> [270]
143 (27.3276) --> [471]
144 (21.3937) --> [381]
145 (7.4340) --> [490]
146 --> []
147 (36.5457) --> [450, 26]
148 --> []
149 (38.6053) --> [88]
150 --> []
151 (16.8583) --> [396, 44]
152 (33.8625) --> [440, 330]
153 --> []
154 --> []
155 (54.7574) --> [82]
156 (22.0088) --> [38]
157 (12.4058) --> [329]
158 (17.3837) --> [51]
159 (38.3659) --> [145, 241]
160 --> []
161 --> []
162 (9.7676) --> [53]
163 (54.7821) --> [116, 81]
164 --> []
165 (51.6040) --> [463, 239]
166 --> []
167 (57.4438) --> [372, 362, 186]
168 (34.7143) --> [152]
169 (10.1926) --> [214]
170 --> []
171 (27.5913) --> [400, 493]
172 (56.2492) --> [332, 216]
173 --> []
174 --> []
175 (24.6231) --> [211, 140]
176 (35.0863) --> [181]
177 (27.0372) --> [267]
178 (33.7578) --> [149]
179 (44.3463) --> [315]
180 --> []
181 (61.9192) --> [431]
182 (34.8917) --> [300]
183 --> []
184 (8.8641) --> [408]
185 (27.6758) --> [457, 499]
186 (45.2594) --> [225, 333]
187 (44.7786) --> [348]
188 --> []
189 (47.2953) --> [398]
190 --> []
191 (37.6403) --> [468, 75]
192 (24.4518) --> [201, 108]
193 (23.4837) --> [467, 178]
194 (39.8430) --> [310, 487, 383]
195 (17.0793) --> [128]
196 --> []
197 (18.1831) --> [318]
198 (45.7242) --> [113, 418]
199 --> []
200 (39.5205) --> [307]
201 --> []
202 (11.3675) --> [68]
203 (48.5284) --> [80, 265]
204 (9.3792) --> [303]
205 (38.8808) --> [483]
206 (37.7541) --> [393]
207 --> []
208 (11.6259) --> [309]
209 --> []
210 (34.4609) --> [194]
211 (26.7218) --> [50]
212 (45.3609) --> [71]
213 (18.1921) --> [387]
214 (3.3700) --> [320]
215 (57.5274) --> [101]
216 (17.2305) --> [104]
217 (37.0157) --> [301]
218 (13.2054) --> [376]
219 (30.5179) --> [240, 345, 377]
220 --> []
221 --> []
222 (56.8012) --> [242]
223 --> []
224 --> []
225 --> []
226 (52.2312) --> [188]
227 (21.3960) --> [353]
228 (49.3515) --> [243]
229 (39.3626) --> [316]
230 (28.7170) --> [474]
231 (45.9766) --> [322]
232 (21.7437) --> [150]
233 --> []
234 (32.1675) --> [109]
235 (24.6752) --> [169]
236 --> []
237 (7.7234) --> [287]
238 --> []
239 (55.3313) --> [399, 299]
240 --> []
241 --> []
242 (27.0700) --> [3]
243 (9.1519) --> [334]
244 (11.2673) --> [423]
245 --> []
246 --> []
247 (49.2033) --> [2]
248 (27.0650) --> [441]
249 --> []
250 (29.7454) --> [289]
251 --> []
252 (54.9793) --> [461, 436]
253 (63.6432) --> [31]
254 (27.4005) --> [371]
255 (23.4381) --> [85]
256 (30.0422) --> [292]
257 (35.2264) --> [17]
258 --> []
259 (47.1112) --> [175]
260 (37.0270) --> [9, 311]
261 --> []
262 --> []
263 (41.4704) --> [161, 62]
264 --> []
265 (61.2169) --> [288, 112]
266 (20.9036) --> [475]
267 (22.7703) --> [498, 384]
268 (65.0805) --> [413, 61]
269 (19.0588) --> [263]
270 (18.6568) --> [252]
271 (34.4940) --> [379]
272 (47.9939) --> [131, 96]
273 (49.2014) --> [497, 179, 54]
274 (8.7132) --> [401]
275 (41.7586) --> [485]
276 (7.5911) --> [148]
277 (46.7163) --> [454]
278 (50.4243) --> [341]
279 (14.9374) --> [410, 30]
280 (33.7729) --> [340, 118]
281 --> []
282 (23.7477) --> [395]
283 (26.5662) --> [32]
284 --> []
285 (35.9154) --> [385]
286 --> []
287 (30.5796) --> [477]
288 --> []
289 (34.1726) --> [217]
290 (34.1815) --> [221]
291 (53.8974) --> [382]
292 (31.1820) --> [257]
293 --> []
294 (15.2750) --> [424, 119]
295 (28.1974) --> [338]
296 (28.0427) --> [269]
297 (39.8491) --> [347, 247]
298 (7.9000) --> [165]
299 (31.5504) --> [125, 21]
300 (24.6286) --> [286]
301 (81.1603) --> [359, 259]
302 (51.7453) --> [458]
303 (29.7312) --> [495, 123]
304 (37.9043) --> [417, 10, 232]
305 --> []
306 (17.1605) --> [157]
307 (49.5849) --> [183, 369]
308 --> []
309 (31.9136) --> [103, 285]
310 (28.5265) --> [437, 293]
311 --> []
312 (11.9136) --> [367]
313 --> []
314 (7.1412) --> [124]
315 (35.8076) --> [6]
316 (51.4100) --> [190, 298]
317 (18.6937) --> [473]
318 (39.4248) --> [302]
319 (26.9823) --> [439]
320 --> []
321 --> []
322 (36.9214) --> [380, 256]
323 (46.7230) --> [222, 326]
324 (37.6213) --> [426]
325 (35.0333) --> [355, 77, 196]
326 (48.0920) --> [45]
327 (15.5829) --> [210]
328 (37.9787) --> [57, 213]
329 (17.0193) --> [314]
330 (69.4596) --> [173]
331 (26.0848) --> [358]
332 (53.9755) --> [416]
333 (43.7448) --> [365, 215]
334 (13.7579) --> [363, 1]
335 (23.6364) --> [41]
336 (47.6789) --> [20]
337 --> []
338 (10.8607) --> [122]
339 (21.6941) --> [244, 337]
340 (10.4760) --> [335]
341 (49.9431) --> [317, 37]
342 --> []
343 (35.2822) --> [29]
344 (60.4494) --> [472]
345 (22.2289) --> [459]
346 (62.5286) --> [91, 492]
347 (20.1812) --> [93]
348 (10.4453) --> [25]
349 --> []
350 (44.0036) --> [15, 99]
351 --> []
352 (45.3087) --> [419]
353 (37.2991) --> [49, 281]
354 (62.3751) --> [414]
355 --> []
356 --> []
357 --> []
358 (37.6938) --> [14, 462]
359 (45.6971) --> [432]
360 (44.4684) --> [235]
361 (15.5394) --> [63]
362 (46.2540) --> [46]
363 (12.0726) --> [306]
364 --> []
365 (28.1973) --> [67]
366 (49.6514) --> [248, 291]
367 (13.8428) --> [174]
368 --> []
369 --> []
370 (29.5895) --> [153]
371 --> []
372 --> []
373 (17.8442) --> [87]
374 (46.8984) --> [280]
375 (18.3562) --> [40]
376 (17.8505) --> [35]
377 --> []
378 --> []
379 (63.5043) --> [336]
380 --> []
381 (17.2400) --> [294]
382 (22.9503) --> [69]
383 (25.6871) --> [43]
384 (2.9816) --> [19]
385 (40.4269) --> [464]
386 (26.8634) --> [182, 438]
387 (38.7750) --> [48, 266]
388 --> []
389 (42.9990) --> [392, 78]
390 (27.0230) --> [159]
391 --> []
392 --> []
393 --> []
394 (40.3013) --> [245]
395 (42.1189) --> [195, 422]
396 (41.8571) --> [254]
397 (22.0194) --> [227]
398 (37.4729) --> [327]
399 (26.6812) --> [308]
400 (20.7662) --> [283]
401 --> []
402 (45.2572) --> [198, 59]
403 (17.2572) --> [447]
404 (28.1467) --> [164, 434]
405 (26.2971) --> [390, 11]
406 (30.4247) --> [144]
407 --> []
408 (19.2944) --> [250]
409 (7.6794) --> [158]
410 --> []
411 (44.2553) --> [448]
412 (15.6819) --> [278]
413 --> []
414 --> []
415 --> []
416 (41.8466) --> [135]
417 --> []
418 --> []
419 --> []
420 (10.4726) --> [251]
421 (24.7335) --> [218]
422 --> []
423 (37.9761) --> [207]
424 --> []
425 (40.4471) --> [55]
426 (23.4328) --> [136]
427 --> []
428 (33.1041) --> [453, 407]
429 (63.8132) --> [460, 406, 479, 47]
430 (12.6659) --> [191]
431 (42.4761) --> [368]
432 (26.4017) --> [277, 172]
433 (26.8646) --> [18]
434 (36.1860) --> [111]
435 (42.0449) --> [42]
436 (20.1199) --> [411, 312]
437 (42.3128) --> [220, 134]
438 (59.1283) --> [168]
439 (22.6187) --> [234]
440 (16.6791) --> [420]
441 (30.4531) --> [296, 83]
442 --> []
443 (22.7041) --> [36]
444 (19.1829) --> [491, 233]
445 (29.8178) --> [350, 466]
446 (26.5308) --> [445, 349]
447 (20.5685) --> [203]
448 (50.1895) --> [208]
449 --> []
450 (34.3647) --> [374, 356]
451 (12.7344) --> [388]
452 --> []
453 (51.7986) --> [351, 360]
454 (46.8047) --> [126, 117]
455 (60.0011) --> [76]
456 (25.3556) --> [192, 130]
457 --> []
458 (50.0816) --> [260, 339]
459 (17.7199) --> [138]
460 --> []
461 --> []
462 --> []
463 (44.5506) --> [224]
464 (12.4377) --> [114]
465 --> []
466 (34.8995) --> [402]
467 --> []
468 (16.6095) --> [28]
469 --> []
470 (30.9235) --> [8, 451]
471 (29.3370) --> [180]
472 (28.2455) --> [481]
473 (21.1687) --> [202]
474 (40.3300) --> [279]
475 --> []
476 (25.5382) --> [421]
477 (54.8576) --> [386, 187]
478 --> []
479 (39.6346) --> [470, 160]
480 (43.0969) --> [273]
481 (59.6496) --> [106, 237]
482 --> []
483 (42.4216) --> [389, 121]
484 (40.2085) --> [170]
485 (4.5078) --> [352]
486 (44.0024) --> [443]
487 (20.2396) --> [325]
488 (9.4982) --> [12]
489 --> []
490 (42.4796) --> [223]
491 (32.0026) --> [304]
492 --> []
493 (21.9204) --> [13]
494 (30.1238) --> [115]
495 (20.8803) --> [290]
496 (35.9918) --> [154, 295]
497 (13.7184) --> [16]
498 (47.7243) --> [74]
499 (36.6474) --> [378, 313]

final Solution energy: 2.20934398502866E7
Calculated in 362221ms
Ants=1000, alpha=0.6, beta=3.0, evaporate factor=0.07
(for ../../mebp/mebp-11.dat)
