New best solution in iteration 0: 1.8466096676725118E9
New best solution in iteration 1: 1.2020062787210643E9
New best solution in iteration 2: 4.7087360564320904E8
New best solution in iteration 12: 3.5178735528154343E8
AVG (iterations 0 to 20): 1.0457290434451501E9
AVG (iterations 20 to 40): 1.0493831391277626E9
New best solution in iteration 49: 1.950400551719776E8
AVG (iterations 40 to 60): 1.3487435894789343E9
AVG (iterations 60 to 80): 1.1732242341413586E9
AVG (iterations 80 to 100): 1.170382355233198E9
AVG (iterations 100 to 120): 1.2125519841141772E9
AVG (iterations 120 to 140): 1.1318992310701103E9
AVG (iterations 140 to 160): 7.410862336683378E8
New best solution in iteration 165: 1.9471938282373953E8
New best solution in iteration 172: 1.6051033549175718E8
New best solution in iteration 173: 1.3337202969116998E8
New best solution in iteration 177: 1.2526428602610666E8
AVG (iterations 160 to 180): 3.17248595827647E8
New best solution in iteration 185: 1.1118075469435327E8
New best solution in iteration 196: 1.0289388867591748E8
New best solution in iteration 198: 9.908648531100072E7
AVG (iterations 180 to 200): 1.4369955058000034E8
AVG (iterations 200 to 220): 1.3715277150102556E8
AVG (iterations 220 to 240): 1.2033458569919634E8
New best solution in iteration 253: 9.836834425414197E7
AVG (iterations 240 to 260): 1.18104594737904E8
New best solution in iteration 266: 9.28385511102731E7
AVG (iterations 260 to 280): 1.1250549342274146E8
New best solution in iteration 297: 8.999454988197944E7
AVG (iterations 280 to 300): 1.0765203776296663E8
New best solution in iteration 311: 8.793094341439807E7
AVG (iterations 300 to 320): 1.0496219165238754E8
AVG (iterations 320 to 340): 1.0289403389847422E8
New best solution in iteration 350: 8.714574321166863E7
AVG (iterations 340 to 360): 1.0471258969874558E8
AVG (iterations 360 to 380): 1.0400660319068123E8
AVG (iterations 380 to 400): 1.072168257276722E8
AVG (iterations 400 to 420): 1.0802206046060042E8
New best solution in iteration 426: 8.567796980107528E7
AVG (iterations 420 to 440): 1.0061438963112856E8
AVG (iterations 440 to 460): 1.0048034427067795E8
AVG (iterations 460 to 480): 9.787333673941386E7
AVG (iterations 480 to 500): 1.0014047928943917E8
AVG (iterations 500 to 520): 1.0234157095172977E8
AVG (iterations 520 to 540): 1.010823362849842E8
AVG (iterations 540 to 560): 9.871262053235869E7
AVG (iterations 560 to 580): 9.712351923666075E7
AVG (iterations 580 to 600): 9.65345605350739E7
AVG (iterations 600 to 620): 9.647924159099331E7
AVG (iterations 620 to 640): 9.901069395432277E7
AVG (iterations 640 to 660): 9.923457641360047E7
AVG (iterations 660 to 680): 9.813808121241775E7
AVG (iterations 680 to 700): 9.689188032537368E7
AVG (iterations 700 to 720): 9.433317817721465E7
AVG (iterations 720 to 740): 9.669276227305472E7
AVG (iterations 740 to 760): 9.43901033893698E7
AVG (iterations 760 to 780): 9.518771023611337E7
AVG (iterations 780 to 800): 9.658722080581854E7
AVG (iterations 800 to 820): 9.934522180693758E7
AVG (iterations 820 to 840): 9.8110557303184E7
AVG (iterations 840 to 860): 9.513120748620738E7
AVG (iterations 860 to 880): 9.670777130241632E7
AVG (iterations 880 to 900): 9.7851642002624E7
AVG (iterations 900 to 920): 9.703162025283791E7
AVG (iterations 920 to 940): 9.683449467587757E7
AVG (iterations 940 to 960): 9.67035888786144E7
AVG (iterations 960 to 980): 9.718224356767252E7
Solution from ACO:
0 (68.2689) --> [42, 28]
1 (37.5800) --> [11]
2 (100.5944) --> [17, 19]
3 (65.2406) --> [40, 12]
4 (50.7829) --> [15]
5 --> []
6 (152.9257) --> [14]
7 (118.0492) --> [37]
8 (239.6316) --> [4, 39]
9 (33.7654) --> [2]
10 --> []
11 --> []
12 (66.9881) --> [13]
13 (71.1047) --> [5]
14 (118.2575) --> [21]
15 (138.7124) --> [36, 6]
16 --> []
17 (101.0272) --> [18, 46]
18 (17.4897) --> [16]
19 (75.3066) --> [35]
20 --> []
21 (112.0395) --> [7, 27]
22 (123.9481) --> [48]
23 --> []
24 (169.8162) --> [45]
25 (13.0969) --> [10]
26 --> []
27 (50.2355) --> [30]
28 (233.3167) --> [43]
29 (122.0561) --> [24, 44]
30 (47.4865) --> [25]
31 --> []
32 (135.3124) --> [33, 31]
33 --> []
34 (56.6612) --> [32]
35 --> []
36 (126.0021) --> [41, 26]
37 (170.6059) --> [20]
38 (107.1049) --> [49, 1]
39 --> []
40 (42.8043) --> [8]
41 (185.1240) --> [34]
42 (42.5340) --> [29]
43 (159.4906) --> [9]
44 (120.0008) --> [23]
45 (223.9520) --> [22, 3]
46 --> []
47 --> []
48 (102.5640) --> [38, 47]
49 --> []

Solution energy from ACO: 8.567796980107528E7
trying to improve with local search...
final Solution:
0 (68.2689) --> [42, 28]
1 (37.5800) --> [11]
2 (100.5944) --> [17, 19]
3 (65.2406) --> [40, 12]
4 (50.7829) --> [15]
5 --> []
6 (152.9257) --> [14]
7 (118.0492) --> [37]
8 (239.6316) --> [39, 6]
9 (33.7654) --> [2]
10 --> []
11 --> []
12 (66.9881) --> [13]
13 (71.1047) --> [5]
14 (118.2575) --> [21]
15 (64.6866) --> [36, 4]
16 --> []
17 (101.0272) --> [18, 46]
18 (17.4897) --> [16]
19 (75.3066) --> [35]
20 --> []
21 (112.0395) --> [7, 27]
22 (123.9481) --> [48]
23 --> []
24 (169.8162) --> [45]
25 (13.0969) --> [10]
26 --> []
27 (50.2355) --> [30]
28 (233.3167) --> [43]
29 (122.0561) --> [24, 44]
30 (47.4865) --> [25]
31 --> []
32 (135.3124) --> [33, 31]
33 --> []
34 (56.6612) --> [32]
35 --> []
36 (126.0021) --> [41, 26]
37 (170.6059) --> [20]
38 (107.1049) --> [49, 1]
39 --> []
40 (42.8043) --> [8]
41 (185.1240) --> [34]
42 (42.5340) --> [29]
43 (159.4906) --> [9]
44 (120.0008) --> [23]
45 (223.9520) --> [22, 3]
46 --> []
47 --> []
48 (102.5640) --> [38, 47]
49 --> []

final Solution energy: 8.327965653724372E7
Calculated in 1953ms
Ants=1000, alpha=0.6, beta=3.0, evaporate factor=0.07
(for ../../mebp/mebp-05.dat)
