New best solution in iteration 0: 1.858200766059221E9
New best solution in iteration 1: 7.341399717762338E8
New best solution in iteration 6: 5.091961470806886E8
New best solution in iteration 10: 5.010813350895821E8
New best solution in iteration 14: 3.6999342866635877E8
AVG (iterations 0 to 20): 1.1361470944187486E9
AVG (iterations 20 to 40): 1.3652296682859015E9
AVG (iterations 40 to 60): 1.3080682040477571E9
AVG (iterations 60 to 80): 1.4579697877244525E9
AVG (iterations 80 to 100): 1.2511379573513799E9
AVG (iterations 100 to 120): 1.1654259680398564E9
New best solution in iteration 135: 3.6281113917972296E8
AVG (iterations 120 to 140): 1.0648898528261999E9
New best solution in iteration 150: 2.7948791337995696E8
New best solution in iteration 155: 2.189372260767436E8
AVG (iterations 140 to 160): 8.690797432916199E8
New best solution in iteration 162: 2.0143381620966157E8
New best solution in iteration 166: 1.655303634542108E8
New best solution in iteration 170: 1.454518034544484E8
New best solution in iteration 171: 1.0554024456620705E8
New best solution in iteration 176: 9.728880438595892E7
AVG (iterations 160 to 180): 3.457369419046214E8
New best solution in iteration 196: 9.326589602856155E7
AVG (iterations 180 to 200): 1.977793780182614E8
AVG (iterations 200 to 220): 1.2456992917125328E8
AVG (iterations 220 to 240): 1.0868643145821407E8
AVG (iterations 240 to 260): 1.0661018266339871E8
New best solution in iteration 271: 9.324033257709312E7
AVG (iterations 260 to 280): 1.0800002195589916E8
AVG (iterations 280 to 300): 1.071926559677472E8
AVG (iterations 300 to 320): 1.0949861882472248E8
AVG (iterations 320 to 340): 1.0603289015851384E8
New best solution in iteration 358: 9.256186494177179E7
AVG (iterations 340 to 360): 1.04001917750615E8
AVG (iterations 360 to 380): 1.0295649834184486E8
New best solution in iteration 392: 9.251944246197957E7
AVG (iterations 380 to 400): 1.0358961545038179E8
AVG (iterations 400 to 420): 1.0321887522198366E8
New best solution in iteration 440: 9.228621719223316E7
AVG (iterations 420 to 440): 1.049124700449047E8
AVG (iterations 440 to 460): 1.0391595834965783E8
AVG (iterations 460 to 480): 1.0187449609443763E8
AVG (iterations 480 to 500): 1.0248937016846237E8
New best solution in iteration 509: 9.149740345117044E7
AVG (iterations 500 to 520): 1.0495144118953477E8
AVG (iterations 520 to 540): 1.0213787725845547E8
AVG (iterations 540 to 560): 1.0517030529861547E8
AVG (iterations 560 to 580): 1.0195137073154634E8
AVG (iterations 580 to 600): 1.045716859149681E8
New best solution in iteration 608: 9.096089636245042E7
AVG (iterations 600 to 620): 1.0143477368825117E8
AVG (iterations 620 to 640): 1.0446975475132129E8
New best solution in iteration 651: 9.038677839596717E7
AVG (iterations 640 to 660): 1.004243333775591E8
AVG (iterations 660 to 680): 1.0355680235438636E8
AVG (iterations 680 to 700): 1.0599967199575183E8
AVG (iterations 700 to 720): 1.0332265333911492E8
AVG (iterations 720 to 740): 1.016168950823489E8
AVG (iterations 740 to 760): 1.0761174828311236E8
AVG (iterations 760 to 780): 1.0288451267865792E8
AVG (iterations 780 to 800): 1.0501548384933424E8
AVG (iterations 800 to 820): 1.0603193017874722E8
AVG (iterations 820 to 840): 1.0436181843130252E8
AVG (iterations 840 to 860): 1.0221150099357726E8
AVG (iterations 860 to 880): 1.0371674637787826E8
AVG (iterations 880 to 900): 1.0361697139420274E8
AVG (iterations 900 to 920): 1.052579980415739E8
AVG (iterations 920 to 940): 1.0561821986750503E8
AVG (iterations 940 to 960): 1.0580669188795179E8
AVG (iterations 960 to 980): 1.0251205075133395E8
New best solution in iteration 992: 8.972649626983082E7
Solution from ACO:
0 (68.2689) --> [42, 28]
1 (37.5800) --> [11]
2 (100.5944) --> [17, 19]
3 (65.0481) --> [40]
4 (120.9275) --> [12]
5 --> []
6 (138.7124) --> [15]
7 (37.8272) --> [21]
8 --> []
9 (33.7654) --> [2]
10 --> []
11 --> []
12 (66.9881) --> [3, 13]
13 (71.1047) --> [5]
14 (152.9257) --> [6]
15 (64.6866) --> [4, 36]
16 (233.0027) --> [20]
17 (101.0272) --> [18, 46]
18 (17.4897) --> [16]
19 (75.3066) --> [35]
20 (170.6059) --> [37]
21 (118.2575) --> [27, 14]
22 (123.9481) --> [48, 45]
23 --> []
24 (160.5861) --> [22]
25 (13.0969) --> [10]
26 --> []
27 (50.2355) --> [30]
28 (233.3167) --> [43]
29 (122.0561) --> [24, 44]
30 (47.4865) --> [25]
31 --> []
32 (135.3124) --> [31]
33 --> []
34 (128.5944) --> [32, 33]
35 --> []
36 (126.0021) --> [26, 41]
37 (253.5205) --> [7, 39]
38 (107.1049) --> [49, 1]
39 --> []
40 (42.8043) --> [8]
41 (185.1240) --> [34]
42 (42.5340) --> [29]
43 (159.4906) --> [9]
44 (120.0008) --> [23]
45 --> []
46 --> []
47 --> []
48 (102.5640) --> [38, 47]
49 --> []

Solution energy from ACO: 8.972649626983082E7
trying to improve with local search...
final Solution:
0 (68.2689) --> [42, 28]
1 (37.5800) --> [11]
2 (100.5944) --> [17, 19]
3 (65.0481) --> [40]
4 (120.9275) --> [12]
5 --> []
6 (138.7124) --> [15]
7 (37.8272) --> [21]
8 --> []
9 (33.7654) --> [2]
10 --> []
11 --> []
12 (66.9881) --> [3, 13]
13 (71.1047) --> [5]
14 (152.9257) --> [6]
15 (64.6866) --> [4, 36]
16 (273.8267) --> [39]
17 (101.0272) --> [18, 46]
18 (17.4897) --> [16]
19 (75.3066) --> [35]
20 (170.6059) --> [37]
21 (118.2575) --> [27, 14]
22 (123.9481) --> [48, 45]
23 --> []
24 (160.5861) --> [22]
25 (13.0969) --> [10]
26 --> []
27 (50.2355) --> [30]
28 (233.3167) --> [43]
29 (122.0561) --> [24, 44]
30 (47.4865) --> [25]
31 --> []
32 (135.3124) --> [31]
33 --> []
34 (128.5944) --> [32, 33]
35 --> []
36 (126.0021) --> [26, 41]
37 (170.6059) --> [7, 20]
38 (107.1049) --> [49, 1]
39 --> []
40 (42.8043) --> [8]
41 (185.1240) --> [34]
42 (42.5340) --> [29]
43 (159.4906) --> [9]
44 (120.0008) --> [23]
45 --> []
46 --> []
47 --> []
48 (102.5640) --> [38, 47]
49 --> []

final Solution energy: 8.627981764030531E7
Calculated in 2239ms
Ants=1000, alpha=0.6, beta=3.0, evaporate factor=0.07
(for ../../mebp/mebp-05.dat)
