New best solution in iteration 0: 4.618062271094896E9
New best solution in iteration 1: 3.8574299860694113E9
New best solution in iteration 2: 2.8442790367217E9
New best solution in iteration 4: 2.621768445227907E9
New best solution in iteration 6: 1.9838801622693827E9
AVG (iterations 0 to 20): 3.50359093794674E9
New best solution in iteration 31: 1.4885904477976475E9
AVG (iterations 20 to 40): 2.886768821242578E9
New best solution in iteration 48: 1.4287591091666746E9
AVG (iterations 40 to 60): 3.053198803864558E9
AVG (iterations 60 to 80): 3.3387277749836493E9
AVG (iterations 80 to 100): 3.1455601158812933E9
AVG (iterations 100 to 120): 3.1937984536095095E9
AVG (iterations 120 to 140): 3.393109786345221E9
New best solution in iteration 152: 1.4028920575200424E9
New best solution in iteration 157: 1.2401445867854402E9
AVG (iterations 140 to 160): 2.4463733015914397E9
New best solution in iteration 162: 5.72222040123686E8
New best solution in iteration 177: 4.6870815791698796E8
AVG (iterations 160 to 180): 1.1179935395730364E9
New best solution in iteration 182: 4.550315181168028E8
New best solution in iteration 183: 3.565904728554041E8
New best solution in iteration 185: 8.939140279883243E7
New best solution in iteration 190: 8.027650502174841E7
New best solution in iteration 194: 5.101643145084966E7
New best solution in iteration 195: 5.035213204932897E7
New best solution in iteration 196: 3.633059057867466E7
New best solution in iteration 197: 3.1654707138464622E7
New best solution in iteration 199: 2.941636131749886E7
AVG (iterations 180 to 200): 2.890119162660297E8
New best solution in iteration 202: 2.740492818441705E7
New best solution in iteration 210: 2.5781321425340474E7
AVG (iterations 200 to 220): 2.984277506903367E7
New best solution in iteration 222: 2.5594890562965874E7
New best solution in iteration 228: 2.4348476078783903E7
AVG (iterations 220 to 240): 2.736909492282296E7
AVG (iterations 240 to 260): 2.625895453106443E7
New best solution in iteration 265: 2.3426189305942092E7
AVG (iterations 260 to 280): 2.545723610623513E7
AVG (iterations 280 to 300): 2.5684730587545097E7
AVG (iterations 300 to 320): 2.59616511502738E7
AVG (iterations 320 to 340): 2.5532654810590286E7
AVG (iterations 340 to 360): 2.5625345422019977E7
AVG (iterations 360 to 380): 2.5344971187866617E7
New best solution in iteration 390: 2.3186794671666373E7
AVG (iterations 380 to 400): 2.5059593608827572E7
AVG (iterations 400 to 420): 2.5148933136037104E7
AVG (iterations 420 to 440): 2.518118434972308E7
AVG (iterations 440 to 460): 2.462760786086033E7
AVG (iterations 460 to 480): 2.49081509615188E7
AVG (iterations 480 to 500): 2.4896431819924243E7
AVG (iterations 500 to 520): 2.4694400526136544E7
AVG (iterations 520 to 540): 2.4730828684887256E7
New best solution in iteration 551: 2.2839624455350224E7
AVG (iterations 540 to 560): 2.4507854709601097E7
AVG (iterations 560 to 580): 2.464565122757597E7
AVG (iterations 580 to 600): 2.4609389394414064E7
AVG (iterations 600 to 620): 2.4635577874838382E7
AVG (iterations 620 to 640): 2.4412959401049126E7
AVG (iterations 640 to 660): 2.4643586748336945E7
New best solution in iteration 672: 2.2822580359854437E7
AVG (iterations 660 to 680): 2.4559644645864546E7
AVG (iterations 680 to 700): 2.447236275058978E7
AVG (iterations 700 to 720): 2.43255977811435E7
AVG (iterations 720 to 740): 2.441392591214011E7
AVG (iterations 740 to 760): 2.4338226800143436E7
AVG (iterations 760 to 780): 2.4278033351553895E7
AVG (iterations 780 to 800): 2.4232277519146044E7
AVG (iterations 800 to 820): 2.383793031179758E7
AVG (iterations 820 to 840): 2.423687846700051E7
AVG (iterations 840 to 860): 2.4149393544044368E7
AVG (iterations 860 to 880): 2.405599326840574E7
New best solution in iteration 882: 2.280914366912708E7
AVG (iterations 880 to 900): 2.4340248132300578E7
AVG (iterations 900 to 920): 2.446620849528501E7
New best solution in iteration 922: 2.2308097061939113E7
AVG (iterations 920 to 940): 2.424923331610744E7
AVG (iterations 940 to 960): 2.3994412737452663E7
AVG (iterations 960 to 980): 2.412064177724354E7
Solution from ACO:
0 (49.4754) --> [236, 72, 403]
1 (24.7447) --> [319]
2 (55.2769) --> [452]
3 (38.9570) --> [24, 242, 185]
4 --> []
5 (25.5545) --> [120, 433]
6 (48.0434) --> [444, 149, 178]
7 (33.7214) --> [429]
8 --> []
9 (50.4405) --> [97, 141]
10 --> []
11 --> []
12 (9.4982) --> [488]
13 (5.6851) --> [489]
14 (31.1315) --> [358]
15 (42.6405) --> [143]
16 (29.0061) --> [375]
17 (21.4803) --> [364]
18 (20.7382) --> [110]
19 (24.9063) --> [384, 267]
20 --> []
21 --> []
22 (23.5447) --> [197]
23 (38.6642) --> [189]
24 --> []
25 (10.4453) --> [348]
26 (8.6174) --> [206]
27 (9.7846) --> [255]
28 --> []
29 (55.4756) --> [391]
30 --> []
31 (21.7947) --> [394]
32 (20.5905) --> [435]
33 --> []
34 (9.4210) --> [147]
35 (22.7847) --> [132]
36 (22.7041) --> [443]
37 (35.8726) --> [354]
38 --> []
39 (20.8416) --> [494]
40 (15.3423) --> [484]
41 (27.9797) --> [342, 284]
42 (32.0748) --> [261]
43 (68.8312) --> [455]
44 (22.6477) --> [171]
45 --> []
46 (11.5983) --> [39]
47 --> []
48 (20.5775) --> [229]
49 (47.5881) --> [249]
50 (26.7218) --> [211]
51 (17.3837) --> [158]
52 (33.9988) --> [264]
53 (33.1892) --> [465]
54 --> []
55 --> []
56 --> []
57 --> []
58 (44.4903) --> [271, 212]
59 (47.2745) --> [238]
60 --> []
61 (26.4630) --> [137]
62 (64.4217) --> [218]
63 (26.1205) --> [361, 419]
64 (30.9094) --> [346]
65 (43.4868) --> [117]
66 (5.1945) --> [357]
67 (48.6934) --> [66, 246]
68 (37.1111) --> [231, 34]
69 (22.9503) --> [382]
70 (13.8910) --> [60]
71 (20.8113) --> [151]
72 (16.9356) --> [86, 305]
73 (17.2493) --> [253]
74 (63.3685) --> [64, 492]
75 (37.6403) --> [191]
76 --> []
77 (17.5146) --> [486]
78 (17.9995) --> [70, 163]
79 (69.6138) --> [123]
80 (40.3635) --> [288, 162, 446]
81 (54.7192) --> [78, 155]
82 (55.6446) --> [321, 133]
83 (61.2568) --> [142]
84 --> []
85 --> []
86 (17.2799) --> [33]
87 --> []
88 --> []
89 (61.8375) --> [107, 176, 23]
90 (44.0861) --> [5, 121]
91 --> []
92 (60.8347) --> [332, 415]
93 (20.1812) --> [347]
94 (56.3134) --> [139, 324]
95 --> []
96 (37.1531) --> [73]
97 --> []
98 --> []
99 --> []
100 (49.4773) --> [98, 397]
101 --> []
102 (45.6514) --> [228]
103 (61.4052) --> [274, 448]
104 (43.2264) --> [216, 370, 328]
105 (38.3408) --> [412]
106 (50.8889) --> [366, 52]
107 (20.2885) --> [25]
108 (19.8484) --> [343]
109 (54.7307) --> [226]
110 --> []
111 (31.9351) --> [129]
112 (30.4741) --> [7]
113 (58.1406) --> [130]
114 (33.5268) --> [100, 102]
115 (11.8114) --> [496]
116 --> []
117 --> []
118 (39.6867) --> [275, 485]
119 --> []
120 (1.9562) --> [69]
121 --> []
122 (2.5110) --> [58]
123 (20.7475) --> [303]
124 (6.6663) --> [167]
125 (46.0671) --> [413]
126 (27.6489) --> [200]
127 --> []
128 (39.5600) --> [449]
129 (22.1976) --> [177]
130 (39.4779) --> [456, 469]
131 (1.7210) --> [272]
132 (53.8254) --> [428]
133 (54.7532) --> [184, 95, 373]
134 (28.3831) --> [262]
135 (33.3445) --> [230]
136 (23.4328) --> [426]
137 (47.6607) --> [326, 323]
138 (15.7647) --> [156]
139 (58.4469) --> [4, 136]
140 --> []
141 (35.6279) --> [84, 27]
142 (51.2315) --> [270]
143 (27.3276) --> [471]
144 (21.3937) --> [381]
145 (5.1712) --> [159]
146 (11.7807) --> [83]
147 (36.5457) --> [450, 26]
148 --> []
149 (38.6053) --> [88]
150 --> []
151 (16.8583) --> [396, 44]
152 (22.9602) --> [440]
153 --> []
154 (52.8653) --> [254]
155 (54.7574) --> [82]
156 (22.0088) --> [38]
157 (12.4058) --> [329]
158 (7.6794) --> [409]
159 (38.3659) --> [241, 390]
160 --> []
161 (43.4445) --> [62]
162 (9.7676) --> [53]
163 (29.2237) --> [116]
164 (11.3262) --> [404]
165 (7.9000) --> [463, 298]
166 --> []
167 (57.4438) --> [372, 186]
168 (34.7143) --> [152]
169 (10.1926) --> [214]
170 --> []
171 (27.5913) --> [400, 493]
172 (60.1788) --> [104]
173 --> []
174 --> []
175 (47.1112) --> [140, 259]
176 (35.0863) --> [181]
177 (29.7741) --> [19]
178 (52.5908) --> [467, 193, 209]
179 (44.3463) --> [315, 54]
180 --> []
181 (61.9192) --> [207, 431]
182 (34.8917) --> [438, 300]
183 --> []
184 (8.8641) --> [408]
185 (27.6758) --> [457, 499]
186 (45.2594) --> [225, 333]
187 --> []
188 --> []
189 (47.2953) --> [398]
190 --> []
191 (9.9039) --> [468]
192 (24.4518) --> [201, 108]
193 --> []
194 (39.8430) --> [487, 310]
195 (17.0793) --> [128]
196 (44.2375) --> [75]
197 (18.1831) --> [318]
198 (45.7242) --> [113, 418]
199 (39.5275) --> [96]
200 (39.5205) --> [307]
201 (39.0282) --> [497]
202 (11.3675) --> [68]
203 (37.6260) --> [80]
204 (44.9605) --> [495, 20]
205 (38.8808) --> [483, 22]
206 (37.7541) --> [393]
207 --> []
208 --> []
209 --> []
210 (36.8877) --> [383]
211 (17.8626) --> [175]
212 (53.9488) --> [71, 258]
213 (18.1921) --> [387]
214 (3.3700) --> [320]
215 (57.5274) --> [101]
216 --> []
217 (37.0157) --> [301]
218 (24.7335) --> [376, 421]
219 (18.1389) --> [240, 345]
220 --> []
221 --> []
222 (82.6999) --> [3]
223 (45.9451) --> [490, 61]
224 --> []
225 --> []
226 (52.2312) --> [188, 65]
227 (21.3960) --> [353]
228 (49.3515) --> [243]
229 (59.2915) --> [316, 165]
230 (28.7170) --> [474]
231 (45.9766) --> [322]
232 (21.7437) --> [150]
233 --> []
234 (32.1675) --> [439, 109]
235 (24.6752) --> [169]
236 --> []
237 (7.7234) --> [287]
238 (52.5876) --> [105, 56]
239 (55.3313) --> [399, 299]
240 --> []
241 --> []
242 --> []
243 (9.1519) --> [334]
244 (13.5490) --> [339, 423]
245 --> []
246 --> []
247 --> []
248 (29.1166) --> [146, 441]
249 --> []
250 (29.7454) --> [289]
251 (33.9320) --> [330]
252 (54.9793) --> [461, 436]
253 (63.6432) --> [31]
254 (27.4005) --> [371]
255 (23.4381) --> [85]
256 (30.0422) --> [292]
257 (35.2264) --> [17]
258 --> []
259 --> []
260 (37.0270) --> [9, 311]
261 (9.3612) --> [94]
262 --> []
263 (4.8676) --> [161]
264 (55.3142) --> [89]
265 --> []
266 (20.9036) --> [475]
267 (6.3427) --> [498]
268 --> []
269 (19.0588) --> [263]
270 (18.6568) --> [252]
271 (34.4940) --> [379]
272 --> []
273 (27.8989) --> [179]
274 (8.7132) --> [401]
275 --> []
276 (25.2023) --> [148, 115]
277 (55.1098) --> [432, 454, 92]
278 (50.4243) --> [478, 341]
279 (0.1513) --> [410]
280 (33.7729) --> [340, 118]
281 (51.0624) --> [46]
282 (23.7477) --> [395]
283 (26.5662) --> [32]
284 --> []
285 (35.9154) --> [385, 309]
286 --> []
287 (30.5796) --> [477]
288 (61.8117) --> [265, 112]
289 (34.1726) --> [217]
290 (34.1815) --> [221]
291 (67.8302) --> [90]
292 (31.1820) --> [257]
293 --> []
294 (15.2750) --> [119]
295 (28.1974) --> [338]
296 (40.1091) --> [269, 291]
297 (39.8491) --> [247]
298 --> []
299 (31.5504) --> [125, 21]
300 (24.6286) --> [286]
301 (34.7521) --> [359]
302 (56.9125) --> [462, 458]
303 (53.3116) --> [204, 336]
304 (37.9043) --> [417, 232, 10]
305 (34.1806) --> [344]
306 (17.1605) --> [157]
307 (49.5849) --> [183, 369]
308 --> []
309 (11.6259) --> [103, 208]
310 (28.5265) --> [293, 437]
311 --> []
312 (11.9136) --> [367]
313 --> []
314 (7.1412) --> [124]
315 (35.8076) --> [6]
316 (26.5375) --> [190]
317 (18.6937) --> [473]
318 (39.4248) --> [302]
319 (30.7061) --> [234]
320 --> []
321 --> []
322 (36.9214) --> [380, 256]
323 (28.6012) --> [222]
324 --> []
325 (35.0333) --> [355, 196, 77]
326 (50.3335) --> [425]
327 (15.5829) --> [210]
328 (37.9787) --> [213, 57]
329 (17.0193) --> [314]
330 (69.4596) --> [173]
331 --> []
332 (53.9755) --> [416]
333 (43.7448) --> [365, 215]
334 (13.7579) --> [363, 1]
335 (23.6364) --> [41]
336 --> []
337 --> []
338 (10.8607) --> [122]
339 (21.6941) --> [337]
340 (10.4760) --> [335]
341 (49.9431) --> [317, 37]
342 --> []
343 (35.2822) --> [127, 29]
344 (60.4494) --> [472]
345 (22.2289) --> [459]
346 (28.3670) --> [91]
347 (11.8083) --> [297]
348 (44.7786) --> [187]
349 (23.2511) --> [15]
350 (44.0036) --> [99]
351 --> []
352 --> []
353 (37.2991) --> [281, 49]
354 (62.3751) --> [414]
355 --> []
356 --> []
357 --> []
358 (43.1813) --> [331, 377]
359 (46.3574) --> [277]
360 (44.4684) --> [235]
361 --> []
362 --> []
363 (12.0726) --> [306]
364 --> []
365 (28.1973) --> [67]
366 (49.6514) --> [248]
367 (13.8428) --> [174]
368 --> []
369 --> []
370 (29.5895) --> [153]
371 (10.8396) --> [131]
372 (23.1621) --> [362]
373 (17.8442) --> [87]
374 (46.8984) --> [280]
375 (18.3562) --> [40]
376 (17.8505) --> [35]
377 (30.5179) --> [219]
378 --> []
379 --> []
380 --> []
381 (16.0323) --> [424]
382 --> []
383 (28.8965) --> [194, 43]
384 (49.4473) --> [442]
385 (40.4269) --> [464]
386 (23.0855) --> [182]
387 (38.7750) --> [266, 48]
388 --> []
389 (18.9938) --> [392]
390 (55.1557) --> [405, 164]
391 --> []
392 --> []
393 --> []
394 (40.3013) --> [245]
395 (42.1189) --> [195, 422]
396 (39.4637) --> [199]
397 (22.0194) --> [227]
398 (37.4729) --> [327]
399 (26.6812) --> [308]
400 (20.7662) --> [283]
401 --> []
402 (45.2572) --> [198, 59]
403 (17.2572) --> [447]
404 (28.1467) --> [434, 51]
405 (26.2971) --> [11]
406 (45.0506) --> [144, 63]
407 --> []
408 (19.2944) --> [250]
409 (33.7891) --> [50]
410 (15.0802) --> [30]
411 --> []
412 (15.6819) --> [278]
413 (51.0399) --> [268, 223]
414 --> []
415 (14.8063) --> [12]
416 (41.8466) --> [135]
417 (52.2946) --> [79]
418 (53.9039) --> [427]
419 --> []
420 (10.4726) --> [251]
421 (25.5382) --> [476]
422 --> []
423 --> []
424 (57.5520) --> [294, 166]
425 (40.4471) --> [45, 55]
426 --> []
427 (53.6030) --> [2, 285]
428 (33.1041) --> [453, 407]
429 (63.8132) --> [460, 47, 479]
430 (16.6840) --> [36]
431 (42.4761) --> [368]
432 (26.4017) --> [172]
433 (45.9707) --> [205, 18]
434 (36.1860) --> [111]
435 (42.0449) --> [42]
436 (20.1199) --> [312, 411]
437 (42.3128) --> [220, 134]
438 (59.1283) --> [168]
439 --> []
440 (16.6791) --> [420]
441 (18.0258) --> [296]
442 --> []
443 --> []
444 (19.1829) --> [233, 491]
445 (29.8178) --> [350, 466]
446 (26.5308) --> [349, 445]
447 (20.5685) --> [203]
448 --> []
449 --> []
450 (34.3647) --> [374, 356]
451 (12.7344) --> [388]
452 --> []
453 (51.7986) --> [360, 351]
454 (27.6119) --> [126]
455 (60.0011) --> [76]
456 (25.3556) --> [480, 93, 192]
457 --> []
458 (50.5801) --> [260, 244]
459 (17.7199) --> [138]
460 (51.0630) --> [406]
461 --> []
462 (27.2153) --> [482]
463 (50.8618) --> [239, 224]
464 (12.4377) --> [114]
465 --> []
466 (34.8995) --> [402]
467 --> []
468 (16.6095) --> [430, 28]
469 --> []
470 (30.9235) --> [8, 451]
471 (29.3370) --> [180]
472 (28.2455) --> [481]
473 (21.1687) --> [202]
474 (40.3300) --> [279]
475 --> []
476 (20.1454) --> [81]
477 (36.3142) --> [386]
478 --> []
479 (39.6346) --> [470, 160]
480 (43.0969) --> [273]
481 (59.6496) --> [106, 237]
482 (22.8928) --> [14]
483 (11.4745) --> [389]
484 (40.2085) --> [170]
485 (4.5078) --> [352]
486 --> []
487 (20.2396) --> [325]
488 --> []
489 (13.7185) --> [282]
490 (7.4340) --> [145]
491 (32.0026) --> [304]
492 --> []
493 (21.9204) --> [13]
494 (26.5114) --> [276]
495 (20.8803) --> [290]
496 (35.9918) --> [295, 154]
497 (13.7184) --> [16]
498 (47.7243) --> [74]
499 (36.6474) --> [378, 313]

Solution energy from ACO: 2.2308097061939113E7
trying to improve with local search...
final Solution:
0 (49.4754) --> [236, 72, 403]
1 (24.7447) --> [319]
2 (55.2769) --> [452]
3 (38.9570) --> [24, 242, 185]
4 --> []
5 (25.5545) --> [120, 433]
6 (48.0434) --> [444, 149, 178]
7 (33.7214) --> [429]
8 --> []
9 (50.4405) --> [97, 141]
10 --> []
11 --> []
12 (9.4982) --> [488]
13 (5.6851) --> [489]
14 (31.1315) --> [358]
15 (42.6405) --> [143]
16 (29.0061) --> [375]
17 (21.4803) --> [364]
18 (20.7382) --> [110]
19 (24.9063) --> [384, 267]
20 --> []
21 --> []
22 (23.5447) --> [197]
23 (38.6642) --> [189]
24 --> []
25 (10.4453) --> [348]
26 (8.6174) --> [206]
27 (9.7846) --> [255]
28 --> []
29 (55.4756) --> [391]
30 --> []
31 (21.7947) --> [394]
32 (20.5905) --> [435]
33 --> []
34 (9.4210) --> [147]
35 (22.7847) --> [132]
36 (22.7041) --> [443]
37 (35.8726) --> [354]
38 --> []
39 (20.8416) --> [494]
40 (15.3423) --> [484]
41 (27.9797) --> [342, 284]
42 (32.0748) --> [261]
43 (68.8312) --> [455]
44 (22.6477) --> [171]
45 --> []
46 (11.5983) --> [39]
47 --> []
48 (20.5775) --> [229]
49 (47.5881) --> [249]
50 (26.7218) --> [211]
51 (17.3837) --> [158]
52 (33.9988) --> [264]
53 (33.1892) --> [465]
54 --> []
55 --> []
56 --> []
57 --> []
58 (44.4903) --> [271, 212]
59 (47.2745) --> [238]
60 --> []
61 (26.4630) --> [137]
62 (64.4217) --> [218]
63 (26.1205) --> [361, 419]
64 (30.9094) --> [346]
65 (43.4868) --> [117]
66 (5.1945) --> [357]
67 (48.6934) --> [66, 246]
68 (37.1111) --> [231, 34]
69 (22.9503) --> [382]
70 (13.8910) --> [60]
71 (20.8113) --> [151]
72 (16.9356) --> [86, 305]
73 (17.2493) --> [253]
74 (63.3685) --> [64, 492]
75 (37.6403) --> [191]
76 --> []
77 (17.5146) --> [486]
78 (17.9995) --> [70, 163]
79 (69.6138) --> [123]
80 (40.3635) --> [288, 162, 446]
81 (54.7192) --> [78, 155]
82 (55.6446) --> [321, 133]
83 (61.2568) --> [142]
84 --> []
85 --> []
86 (17.2799) --> [33]
87 --> []
88 --> []
89 (61.8375) --> [107, 176, 23]
90 (44.0861) --> [5, 121]
91 --> []
92 (60.8347) --> [332, 415]
93 (20.1812) --> [347]
94 (56.3134) --> [139, 324]
95 --> []
96 (37.1531) --> [73]
97 --> []
98 --> []
99 --> []
100 (49.4773) --> [98, 397]
101 --> []
102 (45.6514) --> [228]
103 (61.4052) --> [274, 448]
104 (43.2264) --> [216, 370, 328]
105 (38.3408) --> [412]
106 (50.8889) --> [366, 52]
107 (20.2885) --> [25]
108 (19.8484) --> [343]
109 (54.7307) --> [226]
110 --> []
111 (31.9351) --> [129]
112 (30.4741) --> [7]
113 (58.1406) --> [130]
114 (33.5268) --> [100, 102]
115 (11.8114) --> [496]
116 --> []
117 --> []
118 (39.6867) --> [275, 485]
119 --> []
120 (1.9562) --> [69]
121 --> []
122 (2.5110) --> [58]
123 (20.7475) --> [303]
124 (6.6663) --> [167]
125 (46.0671) --> [413]
126 (27.6489) --> [200]
127 --> []
128 (39.5600) --> [449]
129 (22.1976) --> [177]
130 (39.4779) --> [456, 469]
131 (1.7210) --> [272]
132 (53.8254) --> [428]
133 (54.7532) --> [184, 95, 373]
134 (28.3831) --> [262]
135 (33.3445) --> [230]
136 (23.4328) --> [426]
137 (47.6607) --> [326, 323]
138 (15.7647) --> [156]
139 (58.4469) --> [4, 136]
140 --> []
141 (35.6279) --> [84, 27]
142 (51.2315) --> [270]
143 (27.3276) --> [471]
144 (21.3937) --> [381]
145 (5.1712) --> [159]
146 (11.7807) --> [83]
147 (36.5457) --> [450, 26]
148 --> []
149 (38.6053) --> [88]
150 --> []
151 (16.8583) --> [396, 44]
152 (22.9602) --> [440]
153 --> []
154 (52.8653) --> [254]
155 (54.7574) --> [82]
156 (22.0088) --> [38]
157 (12.4058) --> [329]
158 (7.6794) --> [409]
159 (29.3704) --> [390, 405]
160 --> []
161 (43.4445) --> [62]
162 (9.7676) --> [53]
163 (29.2237) --> [116]
164 (11.3262) --> [404]
165 (7.9000) --> [463, 298]
166 --> []
167 (57.4438) --> [372, 186]
168 (34.7143) --> [152]
169 (10.1926) --> [214]
170 --> []
171 (27.5913) --> [400, 493]
172 (60.1788) --> [104]
173 --> []
174 --> []
175 (47.1112) --> [140, 259]
176 (35.0863) --> [181]
177 (29.7741) --> [19]
178 (52.5908) --> [467, 193, 209]
179 (44.3463) --> [315, 54]
180 --> []
181 (61.9192) --> [207, 431]
182 (34.8917) --> [438, 300]
183 --> []
184 (8.8641) --> [408]
185 (27.6758) --> [457, 499]
186 (45.2594) --> [225, 333]
187 --> []
188 --> []
189 (47.2953) --> [398]
190 --> []
191 (9.9039) --> [468]
192 (24.4518) --> [201, 108]
193 --> []
194 (39.8430) --> [487, 310]
195 (17.0793) --> [128]
196 (44.2375) --> [75]
197 (18.1831) --> [318]
198 (45.7242) --> [113, 418]
199 (39.5275) --> [96]
200 (39.5205) --> [307]
201 (39.0282) --> [497]
202 (11.3675) --> [68]
203 (37.6260) --> [80]
204 (44.9605) --> [495, 20]
205 (38.8808) --> [483, 22]
206 (37.7541) --> [393]
207 --> []
208 --> []
209 --> []
210 (36.8877) --> [383]
211 (17.8626) --> [175]
212 (53.9488) --> [71, 258]
213 (18.1921) --> [387]
214 (3.3700) --> [320]
215 (57.5274) --> [101]
216 --> []
217 (37.0157) --> [301]
218 (24.7335) --> [376, 421]
219 (18.1389) --> [240, 345]
220 --> []
221 --> []
222 (82.6999) --> [3]
223 (45.9451) --> [490, 61]
224 --> []
225 --> []
226 (52.2312) --> [188, 65]
227 (21.3960) --> [353]
228 (49.3515) --> [243]
229 (59.2915) --> [316, 165]
230 (28.7170) --> [474]
231 (45.9766) --> [322]
232 (21.7437) --> [150]
233 --> []
234 (32.1675) --> [439, 109]
235 (24.6752) --> [169]
236 --> []
237 (7.7234) --> [287]
238 (52.5876) --> [105, 56]
239 (55.3313) --> [399, 299]
240 --> []
241 --> []
242 --> []
243 (9.1519) --> [334]
244 (13.5490) --> [339, 423]
245 --> []
246 --> []
247 --> []
248 (29.1166) --> [146, 441]
249 --> []
250 (29.7454) --> [289]
251 (33.9320) --> [330]
252 (54.9793) --> [461, 436]
253 (63.6432) --> [31]
254 (27.4005) --> [371]
255 (23.4381) --> [85]
256 (30.0422) --> [292]
257 (35.2264) --> [17]
258 --> []
259 --> []
260 (47.2715) --> [311, 244]
261 (9.3612) --> [94]
262 --> []
263 (4.8676) --> [161]
264 (55.3142) --> [89]
265 --> []
266 (20.9036) --> [475]
267 (6.3427) --> [498]
268 --> []
269 (19.0588) --> [263]
270 (18.6568) --> [252]
271 (34.4940) --> [379]
272 --> []
273 (27.8989) --> [179]
274 (8.7132) --> [401]
275 --> []
276 (25.2023) --> [148, 115]
277 (55.1098) --> [432, 454, 92]
278 (50.4243) --> [478, 341]
279 (0.1513) --> [410]
280 (33.7729) --> [340, 118]
281 (51.0624) --> [46]
282 (23.7477) --> [395]
283 (26.5662) --> [32]
284 --> []
285 (35.9154) --> [385, 309]
286 --> []
287 (30.5796) --> [477]
288 (61.8117) --> [265, 112]
289 (34.1726) --> [217]
290 (34.1815) --> [221]
291 (67.8302) --> [90]
292 (31.1820) --> [257]
293 --> []
294 (15.2750) --> [119]
295 (28.1974) --> [338]
296 (40.1091) --> [269, 291]
297 (39.8491) --> [247]
298 --> []
299 (31.5504) --> [125, 21]
300 (24.6286) --> [286]
301 (34.7521) --> [359]
302 (56.9125) --> [462, 458]
303 (53.3116) --> [204, 336]
304 (37.9043) --> [417, 232, 10]
305 (34.1806) --> [344]
306 (17.1605) --> [157]
307 (49.5849) --> [183, 369]
308 --> []
309 (11.6259) --> [103, 208]
310 (28.5265) --> [293, 437]
311 --> []
312 (11.9136) --> [367]
313 --> []
314 (7.1412) --> [124]
315 (35.8076) --> [6]
316 (26.5375) --> [190]
317 (18.6937) --> [473]
318 (39.4248) --> [302]
319 (30.7061) --> [234]
320 --> []
321 --> []
322 (36.9214) --> [380, 256]
323 (28.6012) --> [222]
324 --> []
325 (35.0333) --> [355, 196, 77]
326 (50.3335) --> [425]
327 (15.5829) --> [210]
328 (37.9787) --> [213, 57]
329 (17.0193) --> [314]
330 (69.4596) --> [173]
331 --> []
332 (53.9755) --> [416]
333 (43.7448) --> [365, 215]
334 (13.7579) --> [363, 1]
335 (23.6364) --> [41]
336 --> []
337 --> []
338 (10.8607) --> [122]
339 (21.6941) --> [337]
340 (10.4760) --> [335]
341 (49.9431) --> [317, 37]
342 --> []
343 (35.2822) --> [127, 29]
344 (60.4494) --> [472]
345 (22.2289) --> [459]
346 (28.3670) --> [91]
347 (11.8083) --> [297]
348 (44.7786) --> [187]
349 (23.2511) --> [15]
350 (44.0036) --> [99]
351 --> []
352 --> []
353 (37.2991) --> [281, 49]
354 (62.3751) --> [414]
355 --> []
356 --> []
357 --> []
358 (43.1813) --> [331, 377]
359 (46.3574) --> [277]
360 (44.4684) --> [235]
361 --> []
362 --> []
363 (12.0726) --> [306]
364 --> []
365 (28.1973) --> [67]
366 (49.6514) --> [248]
367 (13.8428) --> [174]
368 --> []
369 --> []
370 (29.5895) --> [153]
371 (10.8396) --> [131]
372 (23.1621) --> [362]
373 (17.8442) --> [87]
374 (46.8984) --> [280]
375 (18.3562) --> [40]
376 (17.8505) --> [35]
377 (30.5179) --> [219]
378 --> []
379 --> []
380 --> []
381 (16.0323) --> [424]
382 --> []
383 (28.8965) --> [194, 43]
384 (49.4473) --> [442]
385 (40.4269) --> [464]
386 (23.0855) --> [182]
387 (38.7750) --> [266, 48]
388 --> []
389 (18.9938) --> [392]
390 (55.1557) --> [164, 241]
391 --> []
392 --> []
393 --> []
394 (40.3013) --> [245]
395 (42.1189) --> [195, 422]
396 (39.4637) --> [199]
397 (22.0194) --> [227]
398 (37.4729) --> [327]
399 (26.6812) --> [308]
400 (20.7662) --> [283]
401 --> []
402 (45.2572) --> [198, 59]
403 (17.2572) --> [447]
404 (28.1467) --> [434, 51]
405 (26.2971) --> [11]
406 (45.0506) --> [144, 63]
407 --> []
408 (19.2944) --> [250]
409 (33.7891) --> [50]
410 (15.0802) --> [30]
411 --> []
412 (15.6819) --> [278]
413 (51.0399) --> [268, 223]
414 --> []
415 (14.8063) --> [12]
416 (41.8466) --> [135]
417 (52.2946) --> [79]
418 (53.9039) --> [427]
419 --> []
420 (10.4726) --> [251]
421 (25.5382) --> [476]
422 --> []
423 --> []
424 (57.5520) --> [294, 166]
425 (40.4471) --> [45, 55]
426 --> []
427 (53.6030) --> [2, 285]
428 (33.1041) --> [453, 407]
429 (63.8132) --> [460, 47, 479]
430 (16.6840) --> [36]
431 (42.4761) --> [368]
432 (26.4017) --> [172]
433 (45.9707) --> [205, 18]
434 (36.1860) --> [111]
435 (42.0449) --> [42]
436 (20.1199) --> [312, 411]
437 (42.3128) --> [220, 134]
438 (59.1283) --> [168]
439 --> []
440 (16.6791) --> [420]
441 (18.0258) --> [296]
442 --> []
443 --> []
444 (19.1829) --> [233, 491]
445 (29.8178) --> [350, 466]
446 (26.5308) --> [349, 445]
447 (20.5685) --> [203]
448 --> []
449 --> []
450 (34.3647) --> [374, 356]
451 (12.7344) --> [388]
452 --> []
453 (51.7986) --> [360, 351]
454 (27.6119) --> [126]
455 (60.0011) --> [76]
456 (25.3556) --> [480, 93, 192]
457 --> []
458 (40.3562) --> [260, 9]
459 (17.7199) --> [138]
460 (51.0630) --> [406]
461 --> []
462 (27.2153) --> [482]
463 (50.8618) --> [239, 224]
464 (12.4377) --> [114]
465 --> []
466 (34.8995) --> [402]
467 --> []
468 (16.6095) --> [430, 28]
469 --> []
470 (30.9235) --> [8, 451]
471 (29.3370) --> [180]
472 (28.2455) --> [481]
473 (21.1687) --> [202]
474 (40.3300) --> [279]
475 --> []
476 (20.1454) --> [81]
477 (36.3142) --> [386]
478 --> []
479 (39.6346) --> [470, 160]
480 (43.0969) --> [273]
481 (59.6496) --> [106, 237]
482 (22.8928) --> [14]
483 (11.4745) --> [389]
484 (40.2085) --> [170]
485 (4.5078) --> [352]
486 --> []
487 (20.2396) --> [325]
488 --> []
489 (13.7185) --> [282]
490 (7.4340) --> [145]
491 (32.0026) --> [304]
492 --> []
493 (21.9204) --> [13]
494 (26.5114) --> [276]
495 (20.8803) --> [290]
496 (35.9918) --> [295, 154]
497 (13.7184) --> [16]
498 (47.7243) --> [74]
499 (36.6474) --> [378, 313]

final Solution energy: 2.2268152164709635E7
Calculated in 361736ms
Ants=1000, alpha=0.6, beta=3.0, evaporate factor=0.07
(for ../../mebp/mebp-11.dat)
