New best solution in iteration 0: 2.3627642612484174E9
New best solution in iteration 2: 1.982974035607233E9
New best solution in iteration 6: 1.300022341471433E9
AVG (iterations 0 to 20): 2.401796584644349E9
AVG (iterations 20 to 40): 2.4378563982129154E9
AVG (iterations 40 to 60): 2.4077696395021877E9
AVG (iterations 60 to 80): 2.374380283693786E9
New best solution in iteration 83: 1.2243132011791797E9
AVG (iterations 80 to 100): 2.320477756393939E9
New best solution in iteration 104: 1.1101059781268132E9
AVG (iterations 100 to 120): 2.0479502663644683E9
New best solution in iteration 125: 1.0763420185658286E9
AVG (iterations 120 to 140): 2.3495544372143035E9
New best solution in iteration 144: 1.0655512522221328E9
New best solution in iteration 149: 1.0171914755997654E9
New best solution in iteration 157: 8.980653679417914E8
New best solution in iteration 159: 6.16498771896546E8
New best solution in iteration 160: 5.087958546874452E8
AVG (iterations 140 to 160): 1.6067924689335108E9
New best solution in iteration 163: 3.855947782775621E8
New best solution in iteration 164: 2.1236148801875716E8
New best solution in iteration 175: 1.6179911095145383E8
New best solution in iteration 180: 7.20924786871941E7
AVG (iterations 160 to 180): 4.874270169023064E8
New best solution in iteration 183: 6.0456305965487085E7
New best solution in iteration 185: 5.1151522568896495E7
New best solution in iteration 187: 4.772168626484438E7
New best solution in iteration 191: 4.712570030053313E7
New best solution in iteration 192: 4.683785436028E7
New best solution in iteration 193: 4.63619626469974E7
New best solution in iteration 196: 4.3021623295158036E7
New best solution in iteration 198: 4.2339570710866176E7
AVG (iterations 180 to 200): 1.6627488325639948E8
New best solution in iteration 204: 4.014906480957663E7
New best solution in iteration 205: 3.7971367000762306E7
AVG (iterations 200 to 220): 4.798374164234335E7
New best solution in iteration 234: 3.696679874736294E7
AVG (iterations 220 to 240): 4.1554999331232116E7
New best solution in iteration 260: 3.682250816055726E7
AVG (iterations 240 to 260): 4.03031326052334E7
AVG (iterations 260 to 280): 4.0624732247390226E7
New best solution in iteration 285: 3.66978756974207E7
AVG (iterations 280 to 300): 3.979343699771434E7
New best solution in iteration 305: 3.5678866494709104E7
AVG (iterations 300 to 320): 4.06818816761549E7
New best solution in iteration 322: 3.495243810160653E7
AVG (iterations 320 to 340): 3.9236567090034254E7
AVG (iterations 340 to 360): 3.8889669416626275E7
New best solution in iteration 371: 3.436544236214112E7
AVG (iterations 360 to 380): 3.8796415366840586E7
AVG (iterations 380 to 400): 3.78714170459428E7
AVG (iterations 400 to 420): 3.8329276154639706E7
New best solution in iteration 434: 3.4284856488315634E7
AVG (iterations 420 to 440): 3.764081466721775E7
AVG (iterations 440 to 460): 3.846214062482152E7
AVG (iterations 460 to 480): 3.788647186551837E7
AVG (iterations 480 to 500): 3.794235968232552E7
AVG (iterations 500 to 520): 3.8179696418072924E7
AVG (iterations 520 to 540): 3.749007815005623E7
AVG (iterations 540 to 560): 3.747652756495249E7
AVG (iterations 560 to 580): 3.755789261071382E7
AVG (iterations 580 to 600): 3.7482277172149375E7
AVG (iterations 600 to 620): 3.660877981120455E7
AVG (iterations 620 to 640): 3.7891954355391964E7
AVG (iterations 640 to 660): 3.747019767058417E7
New best solution in iteration 680: 3.415878500629901E7
AVG (iterations 660 to 680): 3.695970712592457E7
AVG (iterations 680 to 700): 3.795325940489231E7
AVG (iterations 700 to 720): 3.8286369898425825E7
AVG (iterations 720 to 740): 3.761305321994074E7
AVG (iterations 740 to 760): 3.76794656502905E7
AVG (iterations 760 to 780): 3.727110938345812E7
AVG (iterations 780 to 800): 3.726162587475305E7
AVG (iterations 800 to 820): 3.765493486107147E7
AVG (iterations 820 to 840): 3.719857154394049E7
AVG (iterations 840 to 860): 3.773072312978158E7
AVG (iterations 860 to 880): 3.7304557569818795E7
New best solution in iteration 896: 3.405746266913906E7
AVG (iterations 880 to 900): 3.6565331468398295E7
AVG (iterations 900 to 920): 3.7363058376618646E7
AVG (iterations 920 to 940): 3.739264277363565E7
AVG (iterations 940 to 960): 3.726895132589324E7
AVG (iterations 960 to 980): 3.713525447026728E7
Solution from ACO:
0 (40.7285) --> [69, 171]
1 (21.3588) --> [130]
2 (39.8201) --> [185]
3 (30.9161) --> [198]
4 (35.7073) --> [109, 68]
5 (55.3400) --> [43, 73]
6 (29.5525) --> [111, 86]
7 (81.5201) --> [87]
8 (17.4676) --> [59]
9 (47.6466) --> [164, 157]
10 (25.9548) --> [184]
11 --> []
12 (38.1589) --> [55]
13 (53.9854) --> [173]
14 (40.7840) --> [161]
15 (67.5815) --> [179, 122]
16 (66.5082) --> [138, 186]
17 (46.5378) --> [110]
18 (2.5724) --> [162]
19 (53.4736) --> [10]
20 (4.2715) --> [67]
21 --> []
22 --> []
23 (20.6407) --> [190]
24 (60.5539) --> [154, 83]
25 --> []
26 --> []
27 (50.3562) --> [63]
28 (46.3819) --> [81]
29 (73.1099) --> [123]
30 --> []
31 (39.7530) --> [131]
32 (51.0494) --> [27]
33 --> []
34 (76.0014) --> [98, 100]
35 --> []
36 (35.1801) --> [84]
37 (43.5310) --> [127, 47]
38 --> []
39 --> []
40 --> []
41 (63.7999) --> [169]
42 --> []
43 --> []
44 (65.8546) --> [104, 151]
45 (30.9283) --> [118]
46 --> []
47 (46.9167) --> [12, 178]
48 (52.6862) --> [77, 80]
49 (8.4353) --> [13]
50 --> []
51 (49.0231) --> [5]
52 (68.1860) --> [175]
53 (82.3160) --> [31, 180]
54 (30.1803) --> [62, 132]
55 (74.8431) --> [147]
56 (46.4091) --> [34]
57 (51.6092) --> [126]
58 (24.9277) --> [36]
59 (23.6109) --> [26]
60 (30.1852) --> [37]
61 (36.4333) --> [140]
62 (46.2369) --> [103]
63 (31.0617) --> [121]
64 (18.0722) --> [112]
65 (72.8015) --> [54]
66 (86.4453) --> [144]
67 (73.1284) --> [58]
68 --> []
69 (29.4563) --> [93, 52]
70 --> []
71 --> []
72 (72.1616) --> [168, 44]
73 (60.3101) --> [188]
74 --> []
75 (48.9242) --> [23]
76 (37.5614) --> [35, 57]
77 (62.5016) --> [193]
78 (36.7000) --> [16]
79 --> []
80 (36.9411) --> [92, 101]
81 (84.9778) --> [79]
82 (16.9528) --> [114]
83 (24.0050) --> [195]
84 (84.1688) --> [24, 96]
85 (44.6462) --> [177]
86 --> []
87 (74.2967) --> [75, 32, 117]
88 (98.5318) --> [82, 146]
89 --> []
90 (98.5800) --> [106, 6]
91 (64.9405) --> [88, 14]
92 (30.8374) --> [135, 124]
93 (51.6437) --> [166, 18]
94 (15.2533) --> [91]
95 (47.3616) --> [134]
96 (21.7721) --> [2]
97 --> []
98 --> []
99 (32.5190) --> [72]
100 (126.5536) --> [115, 189]
101 --> []
102 (27.1809) --> [51, 149]
103 (28.4072) --> [128]
104 (56.9492) --> [183]
105 (18.3288) --> [22]
106 (72.5503) --> [95, 89]
107 (64.9879) --> [113, 21]
108 (45.0928) --> [94]
109 --> []
110 (51.0235) --> [20]
111 --> []
112 (91.0167) --> [129]
113 --> []
114 --> []
115 (62.3650) --> [155]
116 (71.8802) --> [4, 7]
117 (55.9142) --> [40]
118 --> []
119 (21.1872) --> [160]
120 --> []
121 (31.9546) --> [170, 29]
122 (52.7879) --> [1]
123 (69.7416) --> [108]
124 (46.3759) --> [17]
125 (57.9326) --> [38]
126 (37.8438) --> [39]
127 --> []
128 (60.6949) --> [192]
129 (82.8387) --> [78]
130 --> []
131 (102.6542) --> [99]
132 (28.8107) --> [74]
133 (57.4306) --> [156, 158]
134 (44.1641) --> [196]
135 --> []
136 (80.2992) --> [102]
137 --> []
138 (44.2008) --> [153]
139 (52.4356) --> [64, 143]
140 (76.9992) --> [145, 150]
141 (52.6515) --> [41, 182]
142 --> []
143 (79.8324) --> [152]
144 (47.1746) --> [56]
145 (70.4235) --> [181]
146 --> []
147 (59.3458) --> [48, 197]
148 --> []
149 (49.4825) --> [9]
150 --> []
151 (68.6943) --> [33]
152 (113.7207) --> [199]
153 (71.0701) --> [119, 136]
154 (65.1601) --> [125, 187]
155 --> []
156 (62.4667) --> [107]
157 (67.0019) --> [142, 19]
158 (104.0591) --> [176, 65]
159 --> []
160 (63.5724) --> [120]
161 (61.7670) --> [70]
162 (72.3754) --> [148]
163 --> []
164 --> []
165 (64.4980) --> [76, 50]
166 --> []
167 (57.0983) --> [49]
168 (31.6985) --> [139]
169 --> []
170 --> []
171 (38.1331) --> [167, 8]
172 (33.7777) --> [46, 15]
173 (78.9549) --> [116, 3]
174 (56.7737) --> [25]
175 (91.0139) --> [165]
176 --> []
177 (57.6737) --> [90]
178 (62.4655) --> [194, 45]
179 (78.7821) --> [174]
180 (59.2428) --> [85]
181 --> []
182 (48.0390) --> [42]
183 (68.6177) --> [61]
184 --> []
185 (37.1011) --> [71]
186 (53.2967) --> [163, 66]
187 (50.9612) --> [11]
188 (26.4315) --> [133]
189 --> []
190 (52.6760) --> [97]
191 --> []
192 --> []
193 --> []
194 (73.3116) --> [28]
195 (42.4112) --> [191, 141]
196 (44.2278) --> [159, 60]
197 (47.6472) --> [172, 30]
198 (8.7938) --> [53]
199 (84.2159) --> [137, 105]

Solution energy from ACO: 3.405746266913906E7
trying to improve with local search...
final Solution:
0 (40.7285) --> [69, 171]
1 (21.3588) --> [130]
2 (39.8201) --> [185]
3 (30.9161) --> [198]
4 (35.7073) --> [109, 68]
5 (55.3400) --> [43, 73]
6 (29.5525) --> [111, 86]
7 (81.5201) --> [87]
8 (17.4676) --> [59]
9 (47.6466) --> [164, 157]
10 (25.9548) --> [184]
11 --> []
12 (38.1589) --> [55]
13 (53.9854) --> [173]
14 (40.7840) --> [161]
15 (67.5815) --> [179, 122]
16 (66.5082) --> [138, 186]
17 (46.5378) --> [110]
18 (2.5724) --> [162]
19 (53.4736) --> [10]
20 (4.2715) --> [67]
21 --> []
22 --> []
23 (20.6407) --> [190]
24 (60.5539) --> [154, 83]
25 --> []
26 --> []
27 (50.3562) --> [63]
28 (46.3819) --> [81]
29 (73.1099) --> [123]
30 --> []
31 (39.7530) --> [131]
32 (51.0494) --> [27]
33 --> []
34 (76.0014) --> [98, 100]
35 --> []
36 (35.1801) --> [84]
37 (43.5310) --> [127, 47]
38 --> []
39 --> []
40 --> []
41 (63.7999) --> [169]
42 --> []
43 --> []
44 (65.8546) --> [104, 151]
45 (30.9283) --> [118]
46 --> []
47 (46.9167) --> [12, 178]
48 (52.6862) --> [77, 80]
49 (8.4353) --> [13]
50 --> []
51 (49.0231) --> [5]
52 (68.1860) --> [175]
53 (82.3160) --> [31, 180]
54 (30.1803) --> [62, 132]
55 (74.8431) --> [147]
56 (47.1746) --> [144]
57 (51.6092) --> [126]
58 (24.9277) --> [36]
59 (23.6109) --> [26]
60 (30.1852) --> [37]
61 (36.4333) --> [140]
62 (46.2369) --> [103]
63 (31.0617) --> [121]
64 (18.0722) --> [112]
65 (72.8015) --> [54]
66 (70.5424) --> [34]
67 (4.2715) --> [20]
68 --> []
69 (29.4563) --> [93, 52]
70 --> []
71 --> []
72 (72.1616) --> [168, 44]
73 (60.3101) --> [188]
74 --> []
75 (48.9242) --> [23]
76 (37.5614) --> [35, 57]
77 (62.5016) --> [193]
78 (36.7000) --> [16]
79 --> []
80 (36.9411) --> [92, 101]
81 (84.9778) --> [79]
82 (16.9528) --> [114]
83 (24.0050) --> [195]
84 (84.1688) --> [24, 96]
85 (44.6462) --> [177]
86 --> []
87 (74.2967) --> [75, 32, 117]
88 (98.5318) --> [82, 146]
89 --> []
90 (98.5800) --> [106, 6]
91 (64.9405) --> [88, 14]
92 (30.8374) --> [135, 124]
93 (51.6437) --> [166, 18]
94 (15.2533) --> [91]
95 (47.3616) --> [134]
96 (21.7721) --> [2]
97 --> []
98 --> []
99 (32.5190) --> [72]
100 (126.5536) --> [115, 189]
101 --> []
102 (27.1809) --> [51, 149]
103 (28.4072) --> [128]
104 (56.9492) --> [183]
105 (18.3288) --> [22]
106 (72.5503) --> [95, 89]
107 (64.9879) --> [113, 21]
108 (45.0928) --> [94]
109 --> []
110 (71.5950) --> [58]
111 --> []
112 (91.0167) --> [129]
113 --> []
114 --> []
115 (62.3650) --> [155]
116 (71.8802) --> [4, 7]
117 (55.9142) --> [40]
118 --> []
119 (21.1872) --> [160]
120 --> []
121 (31.9546) --> [170, 29]
122 (52.7879) --> [1]
123 (69.7416) --> [108]
124 (46.3759) --> [17]
125 (57.9326) --> [38]
126 (37.8438) --> [39]
127 --> []
128 (60.6949) --> [192]
129 (82.8387) --> [78]
130 --> []
131 (102.6542) --> [99]
132 (28.8107) --> [74]
133 (57.4306) --> [156, 158]
134 (44.1641) --> [196]
135 --> []
136 (80.2992) --> [102]
137 --> []
138 (44.2008) --> [153]
139 (52.4356) --> [64, 143]
140 (76.9992) --> [145, 150]
141 (52.6515) --> [41, 182]
142 --> []
143 (79.8324) --> [152]
144 (47.1746) --> [56]
145 (70.4235) --> [181]
146 --> []
147 (59.3458) --> [48, 197]
148 --> []
149 (49.4825) --> [9]
150 --> []
151 (68.6943) --> [33]
152 (113.7207) --> [199]
153 (71.0701) --> [119, 136]
154 (65.1601) --> [125, 187]
155 --> []
156 (62.4667) --> [107]
157 (67.0019) --> [142, 19]
158 (104.0591) --> [176, 65]
159 --> []
160 (63.5724) --> [120]
161 (61.7670) --> [70]
162 (72.3754) --> [148]
163 --> []
164 --> []
165 (64.4980) --> [76, 50]
166 --> []
167 (57.0983) --> [49]
168 (31.6985) --> [139]
169 --> []
170 --> []
171 (38.1331) --> [167, 8]
172 (33.7777) --> [46, 15]
173 (78.9549) --> [116, 3]
174 (56.7737) --> [25]
175 (91.0139) --> [165]
176 --> []
177 (57.6737) --> [90]
178 (62.4655) --> [194, 45]
179 (78.7821) --> [174]
180 (59.2428) --> [85]
181 --> []
182 (48.0390) --> [42]
183 (68.6177) --> [61]
184 --> []
185 (37.1011) --> [71]
186 (53.2967) --> [163, 66]
187 (50.9612) --> [11]
188 (26.4315) --> [133]
189 --> []
190 (52.6760) --> [97]
191 --> []
192 --> []
193 --> []
194 (73.3116) --> [28]
195 (42.4112) --> [191, 141]
196 (44.2278) --> [159, 60]
197 (47.6472) --> [172, 30]
198 (8.7938) --> [53]
199 (84.2159) --> [137, 105]

final Solution energy: 3.361069535015661E7
Calculated in 28823ms
Ants=1000, alpha=0.6, beta=3.0, evaporate factor=0.07
(for ../../mebp/mebp-09.dat)
