New best solution in iteration 0: 9.06811850690661E8
New best solution in iteration 12: 7.260063610514209E8
New best solution in iteration 14: 5.3624034966562694E8
AVG (iterations 0 to 20): 1.4516502323629794E9
New best solution in iteration 35: 3.7956129464227486E8
AVG (iterations 20 to 40): 1.074572060822839E9
AVG (iterations 40 to 60): 1.0391575949936415E9
AVG (iterations 60 to 80): 1.079176657559178E9
AVG (iterations 80 to 100): 9.215753232568882E8
New best solution in iteration 116: 3.615242586438025E8
AVG (iterations 100 to 120): 1.2143325474208078E9
AVG (iterations 120 to 140): 1.0151093472646601E9
New best solution in iteration 143: 3.2507071739176315E8
New best solution in iteration 160: 3.1543954260755515E8
AVG (iterations 140 to 160): 8.961473983348789E8
New best solution in iteration 162: 2.1412714754176083E8
New best solution in iteration 169: 1.359132891907202E8
AVG (iterations 160 to 180): 3.1040675707291067E8
New best solution in iteration 182: 1.1305649746539317E8
New best solution in iteration 191: 1.0145033235102065E8
New best solution in iteration 197: 9.55586145178473E7
AVG (iterations 180 to 200): 1.3985499670797172E8
AVG (iterations 200 to 220): 1.3276492829184394E8
AVG (iterations 220 to 240): 1.094633393596085E8
AVG (iterations 240 to 260): 1.1252522996981964E8
New best solution in iteration 264: 9.439506820824452E7
AVG (iterations 260 to 280): 1.0915703542693265E8
AVG (iterations 280 to 300): 1.0724851379787967E8
New best solution in iteration 310: 9.235187846793522E7
AVG (iterations 300 to 320): 1.113221826359754E8
New best solution in iteration 335: 9.207312492052016E7
New best solution in iteration 338: 9.1724775177825E7
AVG (iterations 320 to 340): 1.1181306576059005E8
AVG (iterations 340 to 360): 1.0606658223039277E8
AVG (iterations 360 to 380): 1.1021120648492527E8
New best solution in iteration 396: 9.096887265591991E7
AVG (iterations 380 to 400): 1.0667447277271335E8
AVG (iterations 400 to 420): 1.0608194236949621E8
AVG (iterations 420 to 440): 1.1036613006611733E8
AVG (iterations 440 to 460): 1.0518840821274766E8
AVG (iterations 460 to 480): 1.0427930196531543E8
AVG (iterations 480 to 500): 1.0450461917807746E8
AVG (iterations 500 to 520): 1.068720942037119E8
New best solution in iteration 531: 8.991794219640899E7
AVG (iterations 520 to 540): 1.0491291834134944E8
AVG (iterations 540 to 560): 1.0577620563872565E8
New best solution in iteration 571: 8.981111995487021E7
AVG (iterations 560 to 580): 1.0732672698991933E8
AVG (iterations 580 to 600): 1.064557169550271E8
AVG (iterations 600 to 620): 1.0571047272201326E8
AVG (iterations 620 to 640): 1.0652234403735103E8
AVG (iterations 640 to 660): 1.0383771433769186E8
AVG (iterations 660 to 680): 1.0227488851696748E8
AVG (iterations 680 to 700): 1.0401754189826548E8
AVG (iterations 700 to 720): 1.0536839067604223E8
AVG (iterations 720 to 740): 1.0420438433944038E8
AVG (iterations 740 to 760): 1.028005916034101E8
AVG (iterations 760 to 780): 1.0447926259578606E8
AVG (iterations 780 to 800): 1.0578833930033961E8
AVG (iterations 800 to 820): 1.0508857620213452E8
AVG (iterations 820 to 840): 1.0473690645109706E8
New best solution in iteration 858: 8.797334655251749E7
AVG (iterations 840 to 860): 1.0137854920693514E8
AVG (iterations 860 to 880): 1.0369980057753958E8
AVG (iterations 880 to 900): 1.0449377830281544E8
AVG (iterations 900 to 920): 1.0492107982048959E8
AVG (iterations 920 to 940): 1.0706265865823346E8
AVG (iterations 940 to 960): 1.03147736838051E8
AVG (iterations 960 to 980): 1.0116981087031199E8
Solution from ACO:
0 (68.2689) --> [42, 28]
1 (37.5800) --> [11]
2 (90.3692) --> [17]
3 (65.0481) --> [40]
4 (120.9275) --> [12]
5 --> []
6 (138.7124) --> [15]
7 (115.3781) --> [21, 14]
8 (239.6316) --> [39]
9 (104.4935) --> [2, 19]
10 --> []
11 --> []
12 (66.9881) --> [3, 13]
13 (71.1047) --> [5]
14 (152.9257) --> [6]
15 (64.6866) --> [4, 36]
16 --> []
17 (101.0272) --> [46, 18]
18 (17.4897) --> [16]
19 (75.3066) --> [35]
20 (170.6059) --> [37]
21 (112.0395) --> [27]
22 (123.9481) --> [45, 48]
23 --> []
24 (160.5861) --> [22]
25 (13.0969) --> [10]
26 --> []
27 (50.2355) --> [30]
28 (233.3167) --> [43]
29 (122.0561) --> [24, 44]
30 (47.4865) --> [25]
31 --> []
32 (135.3124) --> [31, 33]
33 --> []
34 (56.6612) --> [32]
35 --> []
36 (126.0021) --> [41, 26]
37 (118.0492) --> [7]
38 (107.1049) --> [49, 1]
39 --> []
40 (42.8043) --> [8]
41 (185.1240) --> [34]
42 (42.5340) --> [29]
43 (159.4906) --> [9]
44 (120.0008) --> [23]
45 --> []
46 (226.8454) --> [20]
47 --> []
48 (102.5640) --> [38, 47]
49 --> []

Solution energy from ACO: 8.797334655251749E7
trying to improve with local search...
final Solution:
0 (68.2689) --> [42, 28]
1 (37.5800) --> [11]
2 (90.3692) --> [17]
3 (65.0481) --> [40]
4 (120.9275) --> [12]
5 --> []
6 (138.7124) --> [15]
7 (115.3781) --> [21, 14]
8 (239.6316) --> [39]
9 (104.4935) --> [2, 19]
10 --> []
11 --> []
12 (66.9881) --> [3, 13]
13 (71.1047) --> [5]
14 (152.9257) --> [6]
15 (64.6866) --> [4, 36]
16 --> []
17 (101.0272) --> [46, 18]
18 (17.4897) --> [16]
19 (75.3066) --> [35]
20 (170.6059) --> [37]
21 (112.0395) --> [27]
22 (123.9481) --> [45, 48]
23 --> []
24 (160.5861) --> [22]
25 (13.0969) --> [10]
26 --> []
27 (50.2355) --> [30]
28 (233.3167) --> [43]
29 (122.0561) --> [24, 44]
30 (47.4865) --> [25]
31 --> []
32 (135.3124) --> [31, 33]
33 --> []
34 (56.6612) --> [32]
35 --> []
36 (126.0021) --> [41, 26]
37 (118.0492) --> [7]
38 (107.1049) --> [49, 1]
39 --> []
40 (42.8043) --> [8]
41 (185.1240) --> [34]
42 (42.5340) --> [29]
43 (159.4906) --> [9]
44 (120.0008) --> [23]
45 --> []
46 (226.8454) --> [20]
47 --> []
48 (102.5640) --> [38, 47]
49 --> []

final Solution energy: 8.797334655251749E7
Calculated in 1945ms
Ants=1000, alpha=0.6, beta=3.0, evaporate factor=0.07
(for ../../mebp/mebp-05.dat)
