New best solution in iteration 0: 1.799363049020634E9
New best solution in iteration 1: 1.1836127724772317E9
New best solution in iteration 5: 1.0437240322930937E9
New best solution in iteration 6: 9.585106569483066E8
New best solution in iteration 7: 2.978845640663307E8
AVG (iterations 0 to 20): 1.3250348382153282E9
AVG (iterations 20 to 40): 1.2901380327984314E9
AVG (iterations 40 to 60): 1.3385338089085124E9
AVG (iterations 60 to 80): 1.2833499651047559E9
New best solution in iteration 83: 2.718893671777409E8
AVG (iterations 80 to 100): 1.244285666261665E9
AVG (iterations 100 to 120): 1.0821871788780973E9
AVG (iterations 120 to 140): 1.2730991178722959E9
AVG (iterations 140 to 160): 8.949681400163444E8
New best solution in iteration 163: 2.3803029037037718E8
New best solution in iteration 165: 1.5626138143668458E8
New best solution in iteration 166: 1.4436254267837027E8
New best solution in iteration 168: 1.2762803955371171E8
New best solution in iteration 170: 1.1950920665655114E8
New best solution in iteration 173: 1.0806579061577174E8
AVG (iterations 160 to 180): 2.608375436294659E8
New best solution in iteration 183: 9.893050366428483E7
AVG (iterations 180 to 200): 1.6019214186460212E8
New best solution in iteration 211: 9.548291520572698E7
AVG (iterations 200 to 220): 1.1489450395387563E8
AVG (iterations 220 to 240): 1.1454414231984818E8
AVG (iterations 240 to 260): 1.096555805266573E8
New best solution in iteration 262: 9.490919736743315E7
AVG (iterations 260 to 280): 1.1746996600832744E8
AVG (iterations 280 to 300): 1.1226442675727355E8
New best solution in iteration 315: 9.214790701483595E7
AVG (iterations 300 to 320): 1.106486595369881E8
AVG (iterations 320 to 340): 1.1051181752053006E8
AVG (iterations 340 to 360): 1.0951145954287562E8
AVG (iterations 360 to 380): 1.0563165273449728E8
AVG (iterations 380 to 400): 1.0346850738242161E8
AVG (iterations 400 to 420): 1.0532115113960807E8
AVG (iterations 420 to 440): 1.081490264777921E8
AVG (iterations 440 to 460): 1.0661438575035635E8
AVG (iterations 460 to 480): 1.0894857121536894E8
AVG (iterations 480 to 500): 1.0690724998921898E8
AVG (iterations 500 to 520): 1.08701116322674E8
AVG (iterations 520 to 540): 1.073595276839036E8
AVG (iterations 540 to 560): 1.051949503044797E8
AVG (iterations 560 to 580): 1.0477405502693225E8
AVG (iterations 580 to 600): 1.0759583251485296E8
AVG (iterations 600 to 620): 1.0520171620061985E8
New best solution in iteration 624: 9.127946188664179E7
AVG (iterations 620 to 640): 1.0295035038764064E8
AVG (iterations 640 to 660): 1.0398883888640006E8
AVG (iterations 660 to 680): 1.0543927729164109E8
AVG (iterations 680 to 700): 1.0698383298615865E8
AVG (iterations 700 to 720): 1.0817518229307874E8
AVG (iterations 720 to 740): 1.089514205315961E8
AVG (iterations 740 to 760): 1.1013508396961549E8
AVG (iterations 760 to 780): 1.0316020789579049E8
AVG (iterations 780 to 800): 1.0636656069016391E8
AVG (iterations 800 to 820): 1.0474882060630384E8
AVG (iterations 820 to 840): 1.0563529762234041E8
New best solution in iteration 860: 9.105623907112269E7
AVG (iterations 840 to 860): 1.0289400060275689E8
AVG (iterations 860 to 880): 1.0752274172289649E8
AVG (iterations 880 to 900): 1.0389707458648285E8
AVG (iterations 900 to 920): 1.0531961550766037E8
New best solution in iteration 924: 9.06654168667466E7
AVG (iterations 920 to 940): 1.0219320676036337E8
AVG (iterations 940 to 960): 1.0709057667905357E8
AVG (iterations 960 to 980): 1.0589790225849259E8
Solution from ACO:
0 (169.9639) --> [13, 3, 11]
1 (206.7748) --> [23, 7]
2 (116.0373) --> [42]
3 (165.7705) --> [41, 30]
4 (126.3377) --> [38, 12]
5 (103.1818) --> [18, 33]
6 --> []
7 (162.1235) --> [27]
8 (114.5849) --> [25]
9 (166.9317) --> [10]
10 --> []
11 --> []
12 (143.9814) --> [9, 24]
13 (83.7100) --> [28]
14 --> []
15 (146.9264) --> [17]
16 (80.4861) --> [8]
17 (76.7730) --> [40]
18 --> []
19 --> []
20 --> []
21 (112.7181) --> [34]
22 (81.8189) --> [32, 19]
23 (309.7533) --> [14]
24 --> []
25 (57.9581) --> [49]
26 --> []
27 (70.3416) --> [44]
28 --> []
29 --> []
30 (51.5190) --> [26]
31 (48.2017) --> [37]
32 (83.4416) --> [4]
33 (89.7049) --> [6]
34 (94.4514) --> [20, 35]
35 (148.5170) --> [45, 5]
36 (27.8657) --> [29]
37 --> []
38 --> []
39 --> []
40 (103.4176) --> [1]
41 (126.7247) --> [36, 15]
42 (159.0254) --> [31, 48]
43 (67.1269) --> [22]
44 (120.3865) --> [2]
45 --> []
46 (97.1483) --> [21]
47 (56.9242) --> [43]
48 (88.1778) --> [39, 16]
49 (85.0988) --> [46, 47]

Solution energy from ACO: 9.06654168667466E7
trying to improve with local search...
final Solution:
0 (169.9639) --> [13, 3, 11]
1 (206.7748) --> [23, 7]
2 (116.0373) --> [42]
3 (165.7705) --> [41, 30]
4 (126.3377) --> [38, 12]
5 (103.1818) --> [18, 33]
6 --> []
7 (162.1235) --> [27]
8 (114.5849) --> [25]
9 (166.9317) --> [10]
10 --> []
11 --> []
12 (143.9814) --> [9, 24]
13 (83.7100) --> [28]
14 --> []
15 (146.9264) --> [17]
16 (80.4861) --> [8]
17 (76.7730) --> [40]
18 --> []
19 --> []
20 --> []
21 (112.7181) --> [34]
22 (81.8189) --> [32, 19]
23 (309.7533) --> [14]
24 --> []
25 (57.9581) --> [49]
26 --> []
27 (70.3416) --> [44]
28 --> []
29 --> []
30 (51.5190) --> [26]
31 (48.2017) --> [37]
32 (83.4416) --> [4]
33 (89.7049) --> [6]
34 (94.4514) --> [20, 35]
35 (148.5170) --> [45, 5]
36 (27.8657) --> [29]
37 --> []
38 --> []
39 --> []
40 (103.4176) --> [1]
41 (126.7247) --> [36, 15]
42 (159.0254) --> [31, 48]
43 (67.1269) --> [22]
44 (120.3865) --> [2]
45 --> []
46 (97.1483) --> [21]
47 (56.9242) --> [43]
48 (88.1778) --> [39, 16]
49 (85.0988) --> [46, 47]

final Solution energy: 9.06654168667466E7
Calculated in 1953ms
Ants=1000, alpha=0.6, beta=3.0, evaporate factor=0.07
(for ../../mebp/mebp-04.dat)
