New best solution in iteration 0: 3.3008572514121437E9
New best solution in iteration 1: 1.561666012409678E9
New best solution in iteration 5: 1.3173132712975867E9
AVG (iterations 0 to 20): 2.2248790905229297E9
New best solution in iteration 37: 9.408577369230412E8
AVG (iterations 20 to 40): 2.4644933236620584E9
AVG (iterations 40 to 60): 2.8273100823160925E9
AVG (iterations 60 to 80): 2.4534429052856126E9
AVG (iterations 80 to 100): 2.3178887265788474E9
AVG (iterations 100 to 120): 2.2793865503588295E9
AVG (iterations 120 to 140): 2.669219088370153E9
New best solution in iteration 155: 9.254534713002795E8
New best solution in iteration 158: 6.179885495464771E8
AVG (iterations 140 to 160): 2.1241497318210683E9
New best solution in iteration 161: 6.013193056737337E8
New best solution in iteration 164: 5.860479714600537E8
New best solution in iteration 165: 3.179255014071877E8
New best solution in iteration 170: 2.6510169968024683E8
New best solution in iteration 179: 1.9071661484327716E8
AVG (iterations 160 to 180): 7.695249526829011E8
New best solution in iteration 182: 9.040439368696032E7
New best solution in iteration 186: 6.433716859301795E7
New best solution in iteration 188: 5.5439819439581305E7
New best solution in iteration 196: 4.386591677103115E7
AVG (iterations 180 to 200): 1.2241673325323217E8
New best solution in iteration 212: 4.353405443811958E7
New best solution in iteration 214: 4.3322220996484764E7
AVG (iterations 200 to 220): 5.223588154578887E7
New best solution in iteration 223: 4.2216922901227474E7
New best solution in iteration 230: 4.124981971242133E7
New best solution in iteration 234: 3.896548387362209E7
AVG (iterations 220 to 240): 4.611978232283009E7
New best solution in iteration 251: 3.730311138869473E7
AVG (iterations 240 to 260): 4.2003378951461315E7
AVG (iterations 260 to 280): 4.076234484290807E7
AVG (iterations 280 to 300): 4.0687632858062014E7
AVG (iterations 300 to 320): 4.1483221250350825E7
AVG (iterations 320 to 340): 4.0743944128142744E7
AVG (iterations 340 to 360): 4.082960232187636E7
AVG (iterations 360 to 380): 4.06303430847694E7
AVG (iterations 380 to 400): 4.013683998148302E7
AVG (iterations 400 to 420): 4.196975796165602E7
AVG (iterations 420 to 440): 4.136440962338306E7
AVG (iterations 440 to 460): 4.052984188796343E7
New best solution in iteration 468: 3.623732670263751E7
AVG (iterations 460 to 480): 3.981926785714439E7
AVG (iterations 480 to 500): 4.0075563999964274E7
AVG (iterations 500 to 520): 4.032781442121662E7
AVG (iterations 520 to 540): 4.010315236393341E7
AVG (iterations 540 to 560): 4.050749681683489E7
AVG (iterations 560 to 580): 4.0582037658455744E7
AVG (iterations 580 to 600): 4.029964504559545E7
AVG (iterations 600 to 620): 4.0282197078391984E7
AVG (iterations 620 to 640): 3.9507565526944384E7
AVG (iterations 640 to 660): 4.0139880856114544E7
AVG (iterations 660 to 680): 4.0161905025694154E7
AVG (iterations 680 to 700): 4.001686009786339E7
AVG (iterations 700 to 720): 4.012952546693068E7
AVG (iterations 720 to 740): 4.0548437174546964E7
AVG (iterations 740 to 760): 3.9956260766221344E7
AVG (iterations 760 to 780): 3.995739055956778E7
AVG (iterations 780 to 800): 4.007481411738952E7
AVG (iterations 800 to 820): 4.026861966144951E7
New best solution in iteration 835: 3.617568492964134E7
AVG (iterations 820 to 840): 4.0211169787869625E7
New best solution in iteration 846: 3.5840433062995054E7
AVG (iterations 840 to 860): 3.982388068806481E7
AVG (iterations 860 to 880): 4.029430365350145E7
AVG (iterations 880 to 900): 4.01910630629274E7
AVG (iterations 900 to 920): 4.028304161662981E7
New best solution in iteration 932: 3.575822490791157E7
AVG (iterations 920 to 940): 3.992840262709932E7
AVG (iterations 940 to 960): 4.1065701236968696E7
AVG (iterations 960 to 980): 3.987611010302657E7
Solution from ACO:
0 (65.3744) --> [3, 83, 185, 49, 104]
1 (68.3521) --> [169, 181]
2 --> []
3 --> []
4 (26.6805) --> [199]
5 --> []
6 (87.8758) --> [124]
7 --> []
8 --> []
9 (30.1402) --> [59, 43]
10 --> []
11 (110.0235) --> [50, 123]
12 (58.1199) --> [99, 26]
13 (40.4707) --> [178, 175]
14 (83.6962) --> [131]
15 (70.2932) --> [183, 21]
16 (32.6103) --> [44]
17 (66.2602) --> [136]
18 --> []
19 (53.4079) --> [172, 100]
20 (68.5425) --> [117, 88]
21 (33.5808) --> [197]
22 (57.9432) --> [28]
23 (20.6238) --> [180]
24 (93.3240) --> [96]
25 (86.1299) --> [75, 35]
26 (78.6980) --> [65]
27 (27.8342) --> [116]
28 (40.0808) --> [166]
29 --> []
30 (24.5645) --> [76]
31 (43.5924) --> [81]
32 --> []
33 (39.9518) --> [45, 16]
34 (80.6281) --> [132, 74]
35 --> []
36 (16.9226) --> [192]
37 (31.9127) --> [31]
38 --> []
39 --> []
40 (9.4817) --> [174]
41 (75.0929) --> [159, 52]
42 (55.8543) --> [153, 18]
43 (41.8053) --> [70]
44 (81.1891) --> [113, 93]
45 --> []
46 (35.4028) --> [94]
47 (71.8133) --> [189]
48 (29.6354) --> [12, 84]
49 --> []
50 (69.0268) --> [143]
51 (83.3394) --> [119, 40]
52 (54.3099) --> [33]
53 --> []
54 (47.2470) --> [154, 60]
55 (69.6264) --> [85]
56 (31.7567) --> [107]
57 --> []
58 --> []
59 (37.0027) --> [121]
60 --> []
61 --> []
62 (24.4448) --> [32]
63 (35.7406) --> [71]
64 (54.0959) --> [77]
65 (23.9829) --> [140]
66 (74.0178) --> [144]
67 (75.7365) --> [114]
68 (51.6449) --> [156]
69 --> []
70 --> []
71 (46.3836) --> [68]
72 --> []
73 (16.1811) --> [39]
74 (36.0538) --> [78]
75 (110.5025) --> [29]
76 (31.7485) --> [73]
77 (107.2380) --> [128, 4]
78 (106.4557) --> [20, 54]
79 (38.7727) --> [110]
80 (24.7345) --> [133]
81 (86.5759) --> [95]
82 (79.2333) --> [150]
83 (64.9849) --> [130]
84 --> []
85 (26.4004) --> [62]
86 --> []
87 (43.3600) --> [142]
88 (56.4451) --> [80, 125]
89 (30.2027) --> [190]
90 --> []
91 (3.7620) --> [193]
92 --> []
93 --> []
94 (49.4191) --> [147]
95 (60.6747) --> [19]
96 (92.4070) --> [118, 106]
97 (16.3565) --> [139]
98 (14.9736) --> [7]
99 (33.6610) --> [112]
100 (81.4615) --> [188, 160]
101 (62.0123) --> [23, 57]
102 (43.2679) --> [164, 170]
103 (51.4655) --> [37, 66]
104 (41.4763) --> [1]
105 (45.5428) --> [102]
106 --> []
107 (24.2208) --> [115]
108 (23.3414) --> [13]
109 (31.2195) --> [152]
110 (60.7587) --> [47]
111 (80.0978) --> [27]
112 --> []
113 --> []
114 (53.3229) --> [25]
115 (11.3241) --> [126]
116 (69.0839) --> [161]
117 --> []
118 (72.4755) --> [98, 146]
119 (74.5244) --> [184]
120 (50.9036) --> [82]
121 (24.2936) --> [137]
122 (60.7313) --> [11, 162]
123 (58.7170) --> [55, 90]
124 (72.0200) --> [157, 53, 67]
125 (51.5697) --> [105, 129, 10]
126 (26.8486) --> [108]
127 (39.6311) --> [198]
128 (67.6509) --> [51, 91]
129 --> []
130 (113.0407) --> [155]
131 (83.5297) --> [173, 5]
132 (72.2928) --> [122]
133 --> []
134 --> []
135 (86.7849) --> [177]
136 (46.1352) --> [30, 135]
137 (90.9202) --> [187]
138 (32.2916) --> [145, 111]
139 --> []
140 (42.9862) --> [168, 151]
141 (58.2641) --> [58]
142 (26.1135) --> [6]
143 --> []
144 (80.8573) --> [167, 72]
145 (78.0523) --> [176]
146 --> []
147 (34.5598) --> [24]
148 (55.6577) --> [149]
149 (52.7059) --> [171, 182]
150 (59.2291) --> [86, 63]
151 --> []
152 (41.8593) --> [64]
153 (67.6998) --> [196]
154 (48.1583) --> [92]
155 (103.6425) --> [97]
156 (52.3184) --> [69, 34]
157 --> []
158 (19.7268) --> [141]
159 (15.9291) --> [127]
160 --> []
161 (10.9966) --> [17]
162 (47.3471) --> [15]
163 --> []
164 (48.3496) --> [101]
165 (74.5605) --> [148, 134]
166 (16.3659) --> [186]
167 --> []
168 --> []
169 (47.5302) --> [195]
170 (59.7545) --> [163, 179, 109]
171 (38.2644) --> [8]
172 (50.7679) --> [120]
173 --> []
174 --> []
175 --> []
176 --> []
177 --> []
178 (49.3628) --> [191]
179 (36.1528) --> [2]
180 --> []
181 (35.0811) --> [103]
182 (71.7808) --> [41]
183 (59.9984) --> [14]
184 (38.5973) --> [138, 79]
185 --> []
186 (95.7997) --> [158]
187 (48.2443) --> [194]
188 --> []
189 (59.9521) --> [89, 48]
190 --> []
191 (31.3214) --> [22]
192 (36.1101) --> [87]
193 (12.1663) --> [9]
194 (10.4776) --> [38]
195 (82.2812) --> [56]
196 --> []
197 (74.0263) --> [165, 42]
198 (17.1868) --> [36]
199 (55.8941) --> [46, 61]

Solution energy from ACO: 3.575822490791157E7
trying to improve with local search...
final Solution:
0 (65.3744) --> [3, 83, 185, 49, 104]
1 (68.3521) --> [169, 181]
2 --> []
3 --> []
4 (26.6805) --> [199]
5 --> []
6 (87.8758) --> [124]
7 --> []
8 --> []
9 (30.1402) --> [59, 43]
10 --> []
11 (110.0235) --> [50, 123]
12 (58.1199) --> [99, 26]
13 (40.4707) --> [178, 175]
14 (83.6962) --> [131]
15 (70.2932) --> [183, 21]
16 (32.6103) --> [44]
17 (66.2602) --> [136]
18 --> []
19 (53.4079) --> [172, 100]
20 (68.5425) --> [117, 88]
21 (33.5808) --> [197]
22 (57.9432) --> [28]
23 (20.6238) --> [180]
24 (93.3240) --> [96]
25 (86.1299) --> [75, 35]
26 (78.6980) --> [65]
27 (27.8342) --> [116]
28 (40.0808) --> [166]
29 --> []
30 (24.5645) --> [76]
31 (43.5924) --> [81]
32 --> []
33 (39.9518) --> [45, 16]
34 (80.6281) --> [132, 74]
35 --> []
36 (16.9226) --> [192]
37 (31.9127) --> [31]
38 --> []
39 --> []
40 (9.4817) --> [174]
41 (75.0929) --> [159, 52]
42 (55.8543) --> [153, 18]
43 (41.8053) --> [70]
44 (81.1891) --> [113, 93]
45 --> []
46 (35.4028) --> [94]
47 (71.8133) --> [189]
48 (29.6354) --> [12, 84]
49 --> []
50 (69.0268) --> [143]
51 (83.3394) --> [119, 40]
52 (54.3099) --> [33]
53 --> []
54 (47.2470) --> [154, 60]
55 (69.6264) --> [85]
56 (31.7567) --> [107]
57 --> []
58 --> []
59 (37.0027) --> [121]
60 --> []
61 --> []
62 (24.4448) --> [32]
63 (35.7406) --> [71]
64 (54.0959) --> [77]
65 (23.9829) --> [140]
66 (74.0178) --> [144]
67 (75.7365) --> [114]
68 (51.6449) --> [156]
69 --> []
70 --> []
71 (46.3836) --> [68]
72 --> []
73 (16.1811) --> [39]
74 (36.0538) --> [78]
75 (110.5025) --> [29]
76 (31.7485) --> [73]
77 (107.2380) --> [128, 4]
78 (106.4557) --> [20, 54]
79 (38.7727) --> [110]
80 (24.7345) --> [133]
81 (86.5759) --> [95]
82 (79.2333) --> [150]
83 (64.9849) --> [130]
84 --> []
85 (26.4004) --> [62]
86 --> []
87 (43.3600) --> [142]
88 (56.4451) --> [80, 125]
89 (30.2027) --> [190]
90 --> []
91 (3.7620) --> [193]
92 --> []
93 --> []
94 (49.4191) --> [147]
95 (60.6747) --> [19]
96 (92.4070) --> [118, 106]
97 (16.3565) --> [139]
98 (14.9736) --> [7]
99 (33.6610) --> [112]
100 (81.4615) --> [188, 160]
101 (62.0123) --> [23, 57]
102 (43.2679) --> [164, 170]
103 (51.4655) --> [37, 66]
104 (41.4763) --> [1]
105 (45.5428) --> [102]
106 --> []
107 (24.2208) --> [115]
108 (23.3414) --> [13]
109 (31.2195) --> [152]
110 (60.7587) --> [47]
111 (80.0978) --> [27]
112 --> []
113 --> []
114 (53.3229) --> [25]
115 (11.3241) --> [126]
116 (69.0839) --> [161]
117 --> []
118 (72.4755) --> [98, 146]
119 (74.5244) --> [184]
120 (50.9036) --> [82]
121 (24.2936) --> [137]
122 (60.7313) --> [11, 162]
123 (58.7170) --> [55, 90]
124 (72.0200) --> [157, 53, 67]
125 (51.5697) --> [105, 129, 10]
126 (26.8486) --> [108]
127 (39.6311) --> [198]
128 (67.6509) --> [51, 91]
129 --> []
130 (113.0407) --> [155]
131 (83.5297) --> [173, 5]
132 (72.2928) --> [122]
133 --> []
134 --> []
135 (86.7849) --> [177]
136 (46.1352) --> [30, 135]
137 (90.9202) --> [187]
138 (32.2916) --> [145, 111]
139 --> []
140 (42.9862) --> [168, 151]
141 (58.2641) --> [58]
142 (26.1135) --> [6]
143 --> []
144 (80.8573) --> [167, 72]
145 (78.0523) --> [176]
146 --> []
147 (34.5598) --> [24]
148 (55.6577) --> [149]
149 (52.7059) --> [171, 182]
150 (59.2291) --> [86, 63]
151 --> []
152 (41.8593) --> [64]
153 (67.6998) --> [196]
154 (48.1583) --> [92]
155 (103.6425) --> [97]
156 (52.3184) --> [69, 34]
157 --> []
158 (19.7268) --> [141]
159 (15.9291) --> [127]
160 --> []
161 (10.9966) --> [17]
162 (47.3471) --> [15]
163 --> []
164 (48.3496) --> [101]
165 (74.5605) --> [148, 134]
166 (16.3659) --> [186]
167 --> []
168 --> []
169 (47.5302) --> [195]
170 (59.7545) --> [163, 179, 109]
171 (38.2644) --> [8]
172 (50.7679) --> [120]
173 --> []
174 --> []
175 --> []
176 --> []
177 --> []
178 (49.3628) --> [191]
179 (36.1528) --> [2]
180 --> []
181 (35.0811) --> [103]
182 (71.7808) --> [41]
183 (59.9984) --> [14]
184 (38.5973) --> [138, 79]
185 --> []
186 (95.7997) --> [158]
187 (48.2443) --> [194]
188 --> []
189 (59.9521) --> [89, 48]
190 --> []
191 (31.3214) --> [22]
192 (36.1101) --> [87]
193 (12.1663) --> [9]
194 (10.4776) --> [38]
195 (82.2812) --> [56]
196 --> []
197 (74.0263) --> [165, 42]
198 (17.1868) --> [36]
199 (55.8941) --> [46, 61]

final Solution energy: 3.575822490791157E7
Calculated in 29966ms
Ants=1000, alpha=0.6, beta=3.0, evaporate factor=0.07
(for ../../mebp/mebp-07.dat)
