New best solution in iteration 0: 1.116769949291494E9
New best solution in iteration 1: 7.604673775593537E8
New best solution in iteration 8: 4.037080841691818E8
AVG (iterations 0 to 20): 1.1420948548177297E9
AVG (iterations 20 to 40): 1.2320525863526514E9
AVG (iterations 40 to 60): 1.2037517220629685E9
New best solution in iteration 70: 3.849607114839089E8
AVG (iterations 60 to 80): 1.0125703399483715E9
AVG (iterations 80 to 100): 1.248615281474926E9
New best solution in iteration 107: 3.420408945773468E8
AVG (iterations 100 to 120): 1.1548320505265222E9
AVG (iterations 120 to 140): 1.3467568771789925E9
New best solution in iteration 142: 2.4916951020416403E8
New best solution in iteration 157: 1.5478070552076113E8
AVG (iterations 140 to 160): 6.44075374052105E8
New best solution in iteration 169: 1.110439653498174E8
New best solution in iteration 180: 1.0390014567653446E8
AVG (iterations 160 to 180): 2.435949628735713E8
New best solution in iteration 181: 9.601571351255363E7
New best solution in iteration 186: 8.425068417468292E7
AVG (iterations 180 to 200): 1.000864308820781E8
New best solution in iteration 213: 8.161257076173358E7
AVG (iterations 200 to 220): 1.0093255479785615E8
AVG (iterations 220 to 240): 9.385093409053917E7
AVG (iterations 240 to 260): 9.91586875127259E7
AVG (iterations 260 to 280): 9.340550260159442E7
New best solution in iteration 288: 8.016328256834596E7
AVG (iterations 280 to 300): 9.465083706565982E7
New best solution in iteration 310: 7.639727770683071E7
AVG (iterations 300 to 320): 9.369705002944103E7
AVG (iterations 320 to 340): 9.396877828078954E7
AVG (iterations 340 to 360): 9.32476339604946E7
AVG (iterations 360 to 380): 8.968805508884436E7
AVG (iterations 380 to 400): 9.127594011739008E7
AVG (iterations 400 to 420): 9.078429416583641E7
AVG (iterations 420 to 440): 9.222229348553605E7
AVG (iterations 440 to 460): 8.979688354862785E7
AVG (iterations 460 to 480): 8.932567086372E7
AVG (iterations 480 to 500): 9.139948138946797E7
AVG (iterations 500 to 520): 8.857772388682646E7
AVG (iterations 520 to 540): 9.067125471200562E7
AVG (iterations 540 to 560): 9.565538325897259E7
AVG (iterations 560 to 580): 9.071169903728959E7
AVG (iterations 580 to 600): 9.203445191075575E7
AVG (iterations 600 to 620): 8.53757912759879E7
AVG (iterations 620 to 640): 8.478808743204556E7
AVG (iterations 640 to 660): 8.497955100633156E7
AVG (iterations 660 to 680): 8.472042311034647E7
AVG (iterations 680 to 700): 8.345848504595667E7
AVG (iterations 700 to 720): 8.216130785509312E7
AVG (iterations 720 to 740): 8.668123682858646E7
AVG (iterations 740 to 760): 8.497066104827328E7
AVG (iterations 760 to 780): 8.481341083879568E7
AVG (iterations 780 to 800): 8.353234197942415E7
AVG (iterations 800 to 820): 8.699489476970427E7
AVG (iterations 820 to 840): 8.366128322680554E7
AVG (iterations 840 to 860): 8.630526076091489E7
AVG (iterations 860 to 880): 8.732233991356671E7
AVG (iterations 880 to 900): 8.595230178162979E7
AVG (iterations 900 to 920): 8.594798949812056E7
AVG (iterations 920 to 940): 8.275409911750984E7
AVG (iterations 940 to 960): 8.403925702233401E7
AVG (iterations 960 to 980): 8.499407406938939E7
Solution from ACO:
0 (181.8040) --> [3, 14]
1 --> []
2 --> []
3 (77.7078) --> [49]
4 --> []
5 (66.6012) --> [26, 19]
6 (76.7663) --> [21]
7 (141.3560) --> [38, 41]
8 (142.6103) --> [34]
9 (148.3433) --> [2, 44]
10 (210.8507) --> [20, 45, 16]
11 --> []
12 --> []
13 --> []
14 (156.6540) --> [42, 18]
15 (134.2153) --> [7]
16 (197.9815) --> [11]
17 (78.7153) --> [23]
18 (106.4422) --> [27]
19 (25.5548) --> [6]
20 (154.0292) --> [15, 35]
21 (36.7212) --> [28]
22 (109.2235) --> [4]
23 (92.4554) --> [13]
24 (23.6237) --> [30]
25 (123.4820) --> [48, 9]
26 (12.8565) --> [22]
27 (89.2170) --> [24, 12, 36]
28 (53.1161) --> [37]
29 (64.6994) --> [39]
30 (146.3334) --> [10]
31 (97.5443) --> [5]
32 (119.3596) --> [17]
33 (107.9216) --> [1]
34 (149.3246) --> [32]
35 (113.3180) --> [31]
36 --> []
37 (87.1579) --> [47]
38 --> []
39 --> []
40 --> []
41 (151.7103) --> [8]
42 --> []
43 (89.0600) --> [33]
44 --> []
45 (60.5816) --> [25]
46 (97.0348) --> [43]
47 (202.7207) --> [29, 40]
48 --> []
49 (49.0433) --> [46]

Solution energy from ACO: 7.639727770683071E7
trying to improve with local search...
final Solution:
0 (181.8040) --> [3, 14]
1 --> []
2 --> []
3 (77.7078) --> [49]
4 --> []
5 (66.6012) --> [26, 19]
6 (76.7663) --> [21]
7 (141.3560) --> [38, 41]
8 (142.6103) --> [34]
9 (148.3433) --> [2, 44]
10 (210.8507) --> [20, 45, 16]
11 --> []
12 --> []
13 --> []
14 (156.6540) --> [42, 18]
15 (134.2153) --> [7]
16 (197.9815) --> [11]
17 (78.7153) --> [23]
18 (106.4422) --> [27]
19 (25.5548) --> [6]
20 (154.0292) --> [15, 35]
21 (36.7212) --> [28]
22 (109.2235) --> [4]
23 (92.4554) --> [13]
24 (23.6237) --> [30]
25 (123.4820) --> [48, 9]
26 (12.8565) --> [22]
27 (89.2170) --> [24, 12, 36]
28 (53.1161) --> [37]
29 (64.6994) --> [39]
30 (146.3334) --> [10]
31 (97.5443) --> [5]
32 (119.3596) --> [17]
33 (107.9216) --> [1]
34 (149.3246) --> [32]
35 (113.3180) --> [31]
36 --> []
37 (87.1579) --> [47]
38 --> []
39 --> []
40 --> []
41 (151.7103) --> [8]
42 --> []
43 (89.0600) --> [33]
44 --> []
45 (60.5816) --> [25]
46 (97.0348) --> [43]
47 (202.7207) --> [29, 40]
48 --> []
49 (49.0433) --> [46]

final Solution energy: 7.639727770683071E7
Calculated in 2193ms
Ants=1000, alpha=0.6, beta=3.0, evaporate factor=0.07
(for ../../mebp/mebp-06.dat)
