New best solution in iteration 0: 9.455992997334106E8
New best solution in iteration 3: 7.587645010994968E8
New best solution in iteration 4: 7.438476353008586E8
New best solution in iteration 8: 5.423224137858307E8
AVG (iterations 0 to 20): 1.167514530175391E9
New best solution in iteration 40: 3.6981015706763476E8
AVG (iterations 20 to 40): 1.2685016274761434E9
AVG (iterations 40 to 60): 1.2419240332639477E9
AVG (iterations 60 to 80): 1.1103862694999099E9
New best solution in iteration 93: 3.388299584609387E8
AVG (iterations 80 to 100): 1.1718455053033836E9
AVG (iterations 100 to 120): 1.2008835277618146E9
AVG (iterations 120 to 140): 1.1701261293434827E9
New best solution in iteration 150: 2.3897923180427024E8
New best solution in iteration 158: 1.6199023889851028E8
AVG (iterations 140 to 160): 7.833423836903275E8
New best solution in iteration 165: 1.5234675400677356E8
New best solution in iteration 166: 1.3285024362174651E8
New best solution in iteration 173: 1.0247808156344882E8
New best solution in iteration 177: 1.0194069547430407E8
AVG (iterations 160 to 180): 1.7399895011724105E8
New best solution in iteration 187: 9.35848089061921E7
New best solution in iteration 188: 9.33480280874755E7
AVG (iterations 180 to 200): 1.3844423163437942E8
AVG (iterations 200 to 220): 1.0474716817525204E8
New best solution in iteration 222: 8.327084608381641E7
AVG (iterations 220 to 240): 1.0408087469464329E8
AVG (iterations 240 to 260): 9.44535911730301E7
New best solution in iteration 277: 8.177452316531157E7
AVG (iterations 260 to 280): 9.57350466604971E7
AVG (iterations 280 to 300): 9.9292221921898E7
AVG (iterations 300 to 320): 9.49800631098906E7
AVG (iterations 320 to 340): 9.990386284596974E7
AVG (iterations 340 to 360): 1.0106617293265161E8
AVG (iterations 360 to 380): 9.897172029438378E7
AVG (iterations 380 to 400): 9.455277955128476E7
New best solution in iteration 418: 8.139458917773719E7
AVG (iterations 400 to 420): 9.334485330807158E7
AVG (iterations 420 to 440): 9.556989707157141E7
AVG (iterations 440 to 460): 9.823410891777919E7
AVG (iterations 460 to 480): 9.748547676741207E7
AVG (iterations 480 to 500): 9.762814116085978E7
AVG (iterations 500 to 520): 9.592798225035295E7
AVG (iterations 520 to 540): 1.0423967804342091E8
AVG (iterations 540 to 560): 9.702697447108343E7
AVG (iterations 560 to 580): 9.687730175325172E7
AVG (iterations 580 to 600): 9.808520615833469E7
AVG (iterations 600 to 620): 9.572354868414435E7
AVG (iterations 620 to 640): 9.408464139456077E7
AVG (iterations 640 to 660): 9.646077097154318E7
AVG (iterations 660 to 680): 9.782392659190129E7
AVG (iterations 680 to 700): 9.413135841164002E7
AVG (iterations 700 to 720): 9.592671153707656E7
AVG (iterations 720 to 740): 1.0166646473740697E8
AVG (iterations 740 to 760): 9.763685465162762E7
AVG (iterations 760 to 780): 9.529747785309578E7
AVG (iterations 780 to 800): 9.630327427237737E7
AVG (iterations 800 to 820): 9.504689288550577E7
AVG (iterations 820 to 840): 9.546178029990123E7
AVG (iterations 840 to 860): 9.620477379720356E7
AVG (iterations 860 to 880): 9.407883946874651E7
AVG (iterations 880 to 900): 9.200036171712527E7
AVG (iterations 900 to 920): 9.433600511111584E7
AVG (iterations 920 to 940): 9.601942823730096E7
AVG (iterations 940 to 960): 9.420744351730946E7
AVG (iterations 960 to 980): 9.07226813983105E7
Solution from ACO:
0 (181.8040) --> [14, 3]
1 --> []
2 --> []
3 (77.7078) --> [49]
4 --> []
5 (66.6012) --> [19, 26]
6 (76.7663) --> [21]
7 (141.3560) --> [38, 41]
8 (142.6103) --> [34]
9 (121.9949) --> [44]
10 (131.5587) --> [45]
11 --> []
12 --> []
13 (92.4554) --> [23]
14 (156.6540) --> [18, 42]
15 (148.9989) --> [7, 20]
16 (197.9815) --> [11]
17 (119.3596) --> [32]
18 (125.3753) --> [12, 27]
19 (25.5548) --> [6]
20 (154.0292) --> [35]
21 (36.7212) --> [28]
22 --> []
23 (78.7153) --> [17]
24 (23.6237) --> [30]
25 (227.5539) --> [48, 9, 16]
26 (154.9756) --> [22, 4, 13]
27 (89.2170) --> [24, 36]
28 (53.1161) --> [37]
29 (64.6994) --> [39]
30 (146.3334) --> [10]
31 (97.5443) --> [5]
32 --> []
33 (107.9216) --> [1]
34 --> []
35 (113.3180) --> [31]
36 --> []
37 (87.1579) --> [47]
38 --> []
39 --> []
40 --> []
41 (151.7103) --> [8]
42 --> []
43 (89.0600) --> [33]
44 --> []
45 (60.5816) --> [25]
46 (97.0348) --> [43]
47 (202.7207) --> [29, 40]
48 (142.6162) --> [15, 2]
49 (49.0433) --> [46]

Solution energy from ACO: 8.139458917773719E7
trying to improve with local search...
final Solution:
0 (181.8040) --> [14, 3]
1 --> []
2 --> []
3 (77.7078) --> [49]
4 --> []
5 (66.6012) --> [19, 26]
6 (76.7663) --> [21]
7 (141.3560) --> [38, 41]
8 (142.6103) --> [34]
9 (121.9949) --> [44]
10 (131.5587) --> [45]
11 --> []
12 --> []
13 (92.4554) --> [23]
14 (156.6540) --> [18, 42]
15 (134.2153) --> [7, 48]
16 (197.9815) --> [11]
17 (119.3596) --> [32]
18 (125.3753) --> [12, 27]
19 (25.5548) --> [6]
20 (154.0292) --> [35]
21 (36.7212) --> [28]
22 --> []
23 (78.7153) --> [17]
24 (23.6237) --> [30]
25 (230.6723) --> [16, 20, 2]
26 (154.9756) --> [22, 4, 13]
27 (89.2170) --> [24, 36]
28 (53.1161) --> [37]
29 (64.6994) --> [39]
30 (146.3334) --> [10]
31 (97.5443) --> [5]
32 --> []
33 (107.9216) --> [1]
34 --> []
35 (113.3180) --> [31]
36 --> []
37 (87.1579) --> [47]
38 --> []
39 --> []
40 --> []
41 (151.7103) --> [8]
42 --> []
43 (89.0600) --> [33]
44 --> []
45 (60.5816) --> [25]
46 (97.0348) --> [43]
47 (202.7207) --> [29, 40]
48 (112.5121) --> [15, 9]
49 (49.0433) --> [46]

final Solution energy: 7.951908877186283E7
Calculated in 2005ms
Ants=1000, alpha=0.6, beta=3.0, evaporate factor=0.07
(for ../../mebp/mebp-06.dat)
