New best solution in iteration 0: 6.861224695081134E8
New best solution in iteration 7: 5.083704303812348E8
New best solution in iteration 16: 4.6895716052324176E8
AVG (iterations 0 to 20): 1.3471988435309136E9
AVG (iterations 20 to 40): 1.201796640497967E9
AVG (iterations 40 to 60): 1.3470254309512582E9
AVG (iterations 60 to 80): 1.1828008065140963E9
New best solution in iteration 94: 4.3289754602632123E8
AVG (iterations 80 to 100): 1.2397402536387615E9
AVG (iterations 100 to 120): 1.1258378342333004E9
New best solution in iteration 126: 4.317678678497616E8
New best solution in iteration 138: 4.0566888429372096E8
AVG (iterations 120 to 140): 1.3378526431319366E9
New best solution in iteration 148: 3.152531993541949E8
New best solution in iteration 160: 2.2671246425405902E8
AVG (iterations 140 to 160): 7.19671972450113E8
New best solution in iteration 164: 1.6668116774508643E8
New best solution in iteration 166: 1.5638948605571315E8
New best solution in iteration 167: 1.4028988541381165E8
New best solution in iteration 170: 1.2476013130014223E8
New best solution in iteration 172: 1.1061576704144137E8
AVG (iterations 160 to 180): 2.5895956430012664E8
New best solution in iteration 181: 1.0099730352182418E8
AVG (iterations 180 to 200): 1.2336650386200507E8
New best solution in iteration 218: 9.780918580119546E7
AVG (iterations 200 to 220): 1.1909771375079393E8
New best solution in iteration 236: 9.484301765681718E7
AVG (iterations 220 to 240): 1.131688450043911E8
AVG (iterations 240 to 260): 1.1112730963577564E8
AVG (iterations 260 to 280): 1.0760444177218406E8
AVG (iterations 280 to 300): 1.1372008778487329E8
New best solution in iteration 306: 9.413283028099056E7
New best solution in iteration 314: 9.168210013991715E7
AVG (iterations 300 to 320): 1.1437182175657117E8
AVG (iterations 320 to 340): 1.1149614057708919E8
AVG (iterations 340 to 360): 1.09934934441151E8
AVG (iterations 360 to 380): 1.1065523667087226E8
AVG (iterations 380 to 400): 1.128695798651109E8
AVG (iterations 400 to 420): 1.0868721588465934E8
AVG (iterations 420 to 440): 1.0712120692319602E8
New best solution in iteration 460: 9.092577491719411E7
AVG (iterations 440 to 460): 1.0783228439269269E8
AVG (iterations 460 to 480): 1.0735596000423552E8
AVG (iterations 480 to 500): 1.072193955783289E8
AVG (iterations 500 to 520): 1.0774493105825837E8
AVG (iterations 520 to 540): 1.1150775038955036E8
AVG (iterations 540 to 560): 1.0447821339231123E8
AVG (iterations 560 to 580): 1.0841191293810622E8
AVG (iterations 580 to 600): 1.0939994351382625E8
AVG (iterations 600 to 620): 1.0696871706424367E8
AVG (iterations 620 to 640): 1.0937438245038691E8
AVG (iterations 640 to 660): 1.0839966008475962E8
AVG (iterations 660 to 680): 1.0764066535289554E8
AVG (iterations 680 to 700): 1.0378931862383917E8
AVG (iterations 700 to 720): 1.0648166021645065E8
AVG (iterations 720 to 740): 1.0583774393846938E8
AVG (iterations 740 to 760): 1.0850558975019732E8
AVG (iterations 760 to 780): 1.0570371247254992E8
AVG (iterations 780 to 800): 1.0567027979687396E8
New best solution in iteration 809: 8.940865927204266E7
AVG (iterations 800 to 820): 1.0224506858222589E8
AVG (iterations 820 to 840): 1.0304343559648587E8
AVG (iterations 840 to 860): 1.0734784738374034E8
AVG (iterations 860 to 880): 1.1259331384312944E8
AVG (iterations 880 to 900): 1.058617986461935E8
AVG (iterations 900 to 920): 1.0747474146648362E8
AVG (iterations 920 to 940): 1.0496380344434701E8
AVG (iterations 940 to 960): 1.059068800543204E8
AVG (iterations 960 to 980): 1.0599407748664229E8
Solution from ACO:
0 (169.9639) --> [11, 13, 3]
1 (206.7748) --> [23, 7]
2 (116.0373) --> [42]
3 (165.7705) --> [41, 30]
4 (47.6455) --> [38]
5 (103.1818) --> [18, 33]
6 --> []
7 (162.1235) --> [27]
8 (114.5849) --> [25]
9 (166.9317) --> [10]
10 --> []
11 --> []
12 (143.9814) --> [9, 24]
13 (83.7100) --> [28]
14 --> []
15 (146.9264) --> [17]
16 (109.3714) --> [8, 20]
17 (76.7730) --> [40]
18 --> []
19 --> []
20 (18.0854) --> [34]
21 --> []
22 (81.8189) --> [32, 19]
23 (309.7533) --> [14]
24 --> []
25 (57.9581) --> [49]
26 --> []
27 (136.8832) --> [44, 2]
28 --> []
29 --> []
30 (51.5190) --> [26]
31 --> []
32 (119.5027) --> [4, 12]
33 (89.7049) --> [6]
34 (94.4514) --> [35]
35 (148.5170) --> [5, 45]
36 (27.8657) --> [29]
37 (48.2017) --> [31]
38 --> []
39 --> []
40 (103.4176) --> [1]
41 (126.7247) --> [36, 15]
42 (159.0254) --> [48, 37]
43 (67.1269) --> [22]
44 --> []
45 --> []
46 (97.1483) --> [47, 21]
47 (56.9242) --> [43]
48 (88.1778) --> [16, 39]
49 (67.6439) --> [46]

Solution energy from ACO: 8.940865927204266E7
trying to improve with local search...
final Solution:
0 (169.9639) --> [11, 13, 3]
1 (206.7748) --> [23, 7]
2 (116.0373) --> [42]
3 (165.7705) --> [41, 30]
4 (47.6455) --> [38]
5 (103.1818) --> [18, 33]
6 --> []
7 (162.1235) --> [27]
8 (114.5849) --> [25]
9 (166.9317) --> [10]
10 --> []
11 --> []
12 (143.9814) --> [9, 24]
13 (83.7100) --> [28]
14 --> []
15 (146.9264) --> [17]
16 (109.3714) --> [8, 20]
17 (76.7730) --> [40]
18 --> []
19 --> []
20 (18.0854) --> [34]
21 --> []
22 (81.8189) --> [32, 19]
23 (309.7533) --> [14]
24 --> []
25 (57.9581) --> [49]
26 --> []
27 (136.8832) --> [44, 2]
28 --> []
29 --> []
30 (51.5190) --> [26]
31 --> []
32 (119.5027) --> [4, 12]
33 (89.7049) --> [6]
34 (94.4514) --> [35]
35 (148.5170) --> [5, 45]
36 (27.8657) --> [29]
37 (48.2017) --> [31]
38 --> []
39 --> []
40 (103.4176) --> [1]
41 (126.7247) --> [36, 15]
42 (159.0254) --> [48, 37]
43 (67.1269) --> [22]
44 --> []
45 --> []
46 (97.1483) --> [47, 21]
47 (56.9242) --> [43]
48 (88.1778) --> [16, 39]
49 (67.6439) --> [46]

final Solution energy: 8.940865927204266E7
Calculated in 1864ms
Ants=1000, alpha=0.6, beta=3.0, evaporate factor=0.07
(for ../../mebp/mebp-04.dat)
