New best solution in iteration 0: 1291266.5203938133
New best solution in iteration 1: 490725.16865503846
New best solution in iteration 3: 449780.7376734671
New best solution in iteration 4: 267612.68466820795
New best solution in iteration 6: 216100.16865503852
New best solution in iteration 12: 160885.81363752516
AVG (iterations 0 to 20): 501713.17921133793
AVG (iterations 20 to 40): 609030.610705159
AVG (iterations 40 to 60): 772227.4846665132
AVG (iterations 60 to 80): 575876.664149775
AVG (iterations 80 to 100): 383495.70820357755
AVG (iterations 100 to 120): 239079.6221845202
AVG (iterations 120 to 140): 263743.6024840687
AVG (iterations 140 to 160): 183607.1878018494
AVG (iterations 160 to 180): 190720.5458875991
AVG (iterations 180 to 200): 178691.47191295997
AVG (iterations 200 to 220): 188457.0273939393
AVG (iterations 220 to 240): 206303.2670677827
AVG (iterations 240 to 260): 203087.1198622382
AVG (iterations 260 to 280): 176305.58213118496
AVG (iterations 280 to 300): 186665.90610582405
AVG (iterations 300 to 320): 182688.86911850452
AVG (iterations 320 to 340): 186284.65610582408
AVG (iterations 340 to 360): 206304.23372658386
AVG (iterations 360 to 380): 193265.28846382955
AVG (iterations 380 to 400): 196875.2115868034
AVG (iterations 400 to 420): 191655.44309314358
AVG (iterations 420 to 440): 175309.2034193002
AVG (iterations 440 to 460): 174084.2034193002
AVG (iterations 460 to 480): 200426.23008046317
AVG (iterations 480 to 500): 197944.9541630339
AVG (iterations 500 to 520): 190001.7958875991
AVG (iterations 520 to 540): 188734.65610582408
AVG (iterations 540 to 560): 188503.40610582408
AVG (iterations 560 to 580): 208080.25222024365
AVG (iterations 580 to 600): 193589.29588759906
AVG (iterations 600 to 620): 211773.03556144252
AVG (iterations 620 to 640): 179449.33213118496
AVG (iterations 640 to 660): 172817.0636375252
AVG (iterations 660 to 680): 172204.5636375252
AVG (iterations 680 to 700): 175329.56363752522
AVG (iterations 700 to 720): 174104.5636375252
AVG (iterations 720 to 740): 172692.0636375252
AVG (iterations 740 to 760): 172248.3136375252
AVG (iterations 760 to 780): 172142.0636375252
AVG (iterations 780 to 800): 172523.3136375252
AVG (iterations 800 to 820): 172923.3136375252
AVG (iterations 820 to 840): 173979.5636375252
AVG (iterations 840 to 860): 169798.3136375252
AVG (iterations 860 to 880): 174210.8136375252
AVG (iterations 880 to 900): 172817.0636375252
AVG (iterations 900 to 920): 172754.5636375252
AVG (iterations 920 to 940): 171360.8136375252
AVG (iterations 940 to 960): 173092.0636375252
AVG (iterations 960 to 980): 173873.3136375252
Solution from ACO:
0 (46.0977) --> [3, 1, 4]
1 (15.0000) --> [2]
2 --> []
3 --> []
4 (39.0512) --> [5, 6]
5 --> []
6 --> []

Solution energy from ACO: 160885.81363752516
trying to improve with local search...
final Solution:
0 (46.0977) --> [3, 1, 4]
1 (15.0000) --> [2]
2 --> []
3 --> []
4 (39.0512) --> [5, 6]
5 --> []
6 --> []

final Solution energy: 160885.81363752516
Calculated in 550ms
Ants=1000, alpha=0.6, beta=3.0, evaporate factor=0.07
(for ../../mebp/mebp-00.dat)
