New best solution in iteration 0: 7.230288768871566E8
New best solution in iteration 5: 6.561207179408269E8
New best solution in iteration 15: 5.491781168980602E8
New best solution in iteration 20: 5.0534500445996267E8
AVG (iterations 0 to 20): 1.0401642005512279E9
New best solution in iteration 22: 4.682094522705397E8
New best solution in iteration 25: 3.707305313272325E8
AVG (iterations 20 to 40): 1.1701574271150017E9
New best solution in iteration 45: 2.788133106585829E8
AVG (iterations 40 to 60): 8.271359033153304E8
AVG (iterations 60 to 80): 1.0514630773649976E9
AVG (iterations 80 to 100): 1.0060338240045782E9
AVG (iterations 100 to 120): 1.028790296137413E9
AVG (iterations 120 to 140): 8.499145383963702E8
New best solution in iteration 147: 2.609450635439476E8
New best solution in iteration 158: 2.5111932336348596E8
AVG (iterations 140 to 160): 5.06096229530892E8
New best solution in iteration 162: 1.9892535141697967E8
New best solution in iteration 163: 1.768686903168496E8
New best solution in iteration 164: 1.687678463660395E8
AVG (iterations 160 to 180): 2.61813474500878E8
New best solution in iteration 183: 1.6782220642975742E8
AVG (iterations 180 to 200): 2.1512352353592792E8
New best solution in iteration 206: 1.6591018259779078E8
New best solution in iteration 209: 1.6294011195451808E8
AVG (iterations 200 to 220): 2.7911035084623E8
AVG (iterations 220 to 240): 1.9025920069824153E8
AVG (iterations 240 to 260): 1.817870508032032E8
New best solution in iteration 266: 1.613323944877261E8
AVG (iterations 260 to 280): 1.9270748710679775E8
New best solution in iteration 296: 1.5705521491125977E8
AVG (iterations 280 to 300): 1.8479466435979787E8
AVG (iterations 300 to 320): 1.9581644980928642E8
AVG (iterations 320 to 340): 1.7313858153124532E8
AVG (iterations 340 to 360): 1.8937356280231005E8
AVG (iterations 360 to 380): 1.883273399481483E8
AVG (iterations 380 to 400): 1.8400462466276163E8
AVG (iterations 400 to 420): 1.9173488486712435E8
AVG (iterations 420 to 440): 1.8688773856849316E8
AVG (iterations 440 to 460): 1.9349553814899248E8
AVG (iterations 460 to 480): 1.7594818228807253E8
AVG (iterations 480 to 500): 1.8335505329336697E8
AVG (iterations 500 to 520): 1.900498881259635E8
AVG (iterations 520 to 540): 1.9292495540629783E8
AVG (iterations 540 to 560): 1.852305824797075E8
AVG (iterations 560 to 580): 1.672365017992514E8
AVG (iterations 580 to 600): 1.727356298326009E8
AVG (iterations 600 to 620): 1.8968967066182953E8
AVG (iterations 620 to 640): 1.758030328980578E8
AVG (iterations 640 to 660): 1.9212178405421418E8
AVG (iterations 660 to 680): 1.8155412734560308E8
AVG (iterations 680 to 700): 1.9679674570819795E8
AVG (iterations 700 to 720): 1.837746529330358E8
AVG (iterations 720 to 740): 1.6906565639188197E8
AVG (iterations 740 to 760): 1.6732055412071896E8
AVG (iterations 760 to 780): 1.6851598686519402E8
AVG (iterations 780 to 800): 1.687453298374277E8
AVG (iterations 800 to 820): 1.69119260321284E8
AVG (iterations 820 to 840): 1.6777753638369232E8
AVG (iterations 840 to 860): 1.6911260476792115E8
AVG (iterations 860 to 880): 1.6874750050185978E8
AVG (iterations 880 to 900): 1.670452132043417E8
AVG (iterations 900 to 920): 1.6742625387747282E8
AVG (iterations 920 to 940): 1.6897909905585322E8
AVG (iterations 940 to 960): 1.690434508185594E8
AVG (iterations 960 to 980): 1.6831200471380353E8
Solution from ACO:
0 (370.3213) --> [1, 10, 3]
1 (133.6589) --> [13]
2 (398.1973) --> [18, 5, 8]
3 (116.4812) --> [11]
4 --> []
5 (72.0686) --> [15, 9]
6 (144.1451) --> [12]
7 --> []
8 --> []
9 --> []
10 (169.8409) --> [4]
11 (133.0112) --> [16]
12 (188.0342) --> [2]
13 (165.5522) --> [17, 14]
14 --> []
15 --> []
16 --> []
17 (118.9643) --> [6]
18 (250.2520) --> [7, 19]
19 --> []

Solution energy from ACO: 1.5705521491125977E8
trying to improve with local search...
final Solution:
0 (370.3213) --> [10, 3, 14]
1 (133.6589) --> [13]
2 (398.1973) --> [18, 5, 8]
3 (116.4812) --> [11]
4 --> []
5 (72.0686) --> [15, 9]
6 (144.1451) --> [12]
7 --> []
8 --> []
9 --> []
10 (169.8409) --> [4]
11 (133.0112) --> [16]
12 (188.0342) --> [2]
13 (133.6589) --> [17, 1]
14 --> []
15 --> []
16 --> []
17 (118.9643) --> [6]
18 (250.2520) --> [7, 19]
19 --> []

final Solution energy: 1.5490560965887925E8
Calculated in 807ms
Ants=1000, alpha=0.6, beta=3.0, evaporate factor=0.07
(for ../../mebp/mebp-02.dat)
