New best solution in iteration 0: 3.921352584679372E9
New best solution in iteration 1: 1.8693890957978358E9
AVG (iterations 0 to 20): 3.190405545095252E9
AVG (iterations 20 to 40): 3.6947133899866843E9
AVG (iterations 40 to 60): 3.9574519918920107E9
AVG (iterations 60 to 80): 3.4862445062225356E9
New best solution in iteration 82: 1.756097755167621E9
New best solution in iteration 98: 1.456979302221624E9
AVG (iterations 80 to 100): 3.314882138189315E9
AVG (iterations 100 to 120): 3.7524694361208816E9
AVG (iterations 120 to 140): 3.2656729307288938E9
New best solution in iteration 157: 1.384668744371712E9
AVG (iterations 140 to 160): 2.9080991388851194E9
New best solution in iteration 161: 1.3722543051977394E9
New best solution in iteration 163: 1.224445436774336E9
New best solution in iteration 168: 7.338034434774565E8
New best solution in iteration 175: 5.436733350807472E8
New best solution in iteration 179: 5.006786661074854E8
AVG (iterations 160 to 180): 1.3144758126200879E9
New best solution in iteration 182: 4.811157112187276E8
New best solution in iteration 183: 3.6307504871534973E8
New best solution in iteration 187: 1.3226413262273599E8
New best solution in iteration 189: 7.845218636301701E7
New best solution in iteration 190: 4.9030130079890184E7
New best solution in iteration 192: 3.9291654542616636E7
New best solution in iteration 199: 3.696803859884698E7
New best solution in iteration 200: 2.8814708639580205E7
AVG (iterations 180 to 200): 2.844781786478405E8
New best solution in iteration 202: 2.7929978474177647E7
New best solution in iteration 206: 2.701645600778241E7
New best solution in iteration 213: 2.6678991694041327E7
AVG (iterations 200 to 220): 2.9085425746893365E7
New best solution in iteration 231: 2.6566594658574544E7
New best solution in iteration 233: 2.6210294196294256E7
New best solution in iteration 234: 2.59370946999002E7
AVG (iterations 220 to 240): 2.773901132166023E7
New best solution in iteration 255: 2.588796752445653E7
New best solution in iteration 256: 2.5520803405982196E7
AVG (iterations 240 to 260): 2.672379946791373E7
New best solution in iteration 275: 2.530269655471207E7
New best solution in iteration 277: 2.4447016468454957E7
AVG (iterations 260 to 280): 2.6115982003354013E7
AVG (iterations 280 to 300): 2.5973645499699123E7
AVG (iterations 300 to 320): 2.6637975296466924E7
AVG (iterations 320 to 340): 2.657288687362293E7
AVG (iterations 340 to 360): 2.641571109817079E7
AVG (iterations 360 to 380): 2.5643082798582844E7
AVG (iterations 380 to 400): 2.5973060751254242E7
AVG (iterations 400 to 420): 2.593314993257041E7
New best solution in iteration 439: 2.421347363300253E7
AVG (iterations 420 to 440): 2.5685823102907326E7
AVG (iterations 440 to 460): 2.57153216024408E7
New best solution in iteration 464: 2.4121697979056355E7
AVG (iterations 460 to 480): 2.5018715189323366E7
AVG (iterations 480 to 500): 2.5424985070419457E7
AVG (iterations 500 to 520): 2.5163977798744615E7
New best solution in iteration 526: 2.3992684122088984E7
AVG (iterations 520 to 540): 2.521262127571029E7
New best solution in iteration 555: 2.38351237820287E7
AVG (iterations 540 to 560): 2.5273670449299E7
AVG (iterations 560 to 580): 2.502648719360267E7
AVG (iterations 580 to 600): 2.541823293551362E7
AVG (iterations 600 to 620): 2.5466149811526623E7
AVG (iterations 620 to 640): 2.512325524092715E7
AVG (iterations 640 to 660): 2.533483427758739E7
AVG (iterations 660 to 680): 2.524182877925943E7
AVG (iterations 680 to 700): 2.5460478135865632E7
AVG (iterations 700 to 720): 2.5345115233320817E7
AVG (iterations 720 to 740): 2.5487481671627708E7
AVG (iterations 740 to 760): 2.5227824693080567E7
AVG (iterations 760 to 780): 2.5339237609715946E7
AVG (iterations 780 to 800): 2.5512166934073783E7
AVG (iterations 800 to 820): 2.5502597941664536E7
AVG (iterations 820 to 840): 2.538324734852191E7
AVG (iterations 840 to 860): 2.5444334749701172E7
AVG (iterations 860 to 880): 2.5247102104764722E7
New best solution in iteration 888: 2.3400321930748668E7
AVG (iterations 880 to 900): 2.4989361616916865E7
AVG (iterations 900 to 920): 2.510532321240601E7
AVG (iterations 920 to 940): 2.5064514190094464E7
AVG (iterations 940 to 960): 2.4954326654651996E7
AVG (iterations 960 to 980): 2.5115525402897708E7
Solution from ACO:
0 (57.6697) --> [279, 395]
1 (42.1234) --> [49]
2 (26.5090) --> [282]
3 (28.3563) --> [466]
4 --> []
5 (27.9633) --> [449]
6 (20.3847) --> [68]
7 (24.3208) --> [499]
8 (20.7335) --> [178]
9 (58.9411) --> [140]
10 (53.5635) --> [96]
11 --> []
12 --> []
13 --> []
14 (17.5338) --> [23]
15 (44.8793) --> [323]
16 (19.5701) --> [70]
17 (46.0498) --> [137, 247]
18 (33.7618) --> [286, 100]
19 (30.1789) --> [357, 453]
20 --> []
21 (19.7917) --> [284]
22 --> []
23 --> []
24 (31.1814) --> [207]
25 (42.0786) --> [474, 246]
26 (58.8537) --> [330, 195, 170]
27 (19.8117) --> [202, 66]
28 --> []
29 (23.3376) --> [481]
30 --> []
31 (52.1061) --> [448, 258]
32 (51.3402) --> [126, 347]
33 (34.4372) --> [147]
34 (9.9617) --> [394]
35 --> []
36 (34.2640) --> [141]
37 (16.9001) --> [473]
38 (41.4123) --> [304]
39 (34.9365) --> [358]
40 (18.3260) --> [436]
41 (44.0476) --> [193]
42 --> []
43 (23.4394) --> [177]
44 (18.0590) --> [212]
45 --> []
46 (41.4637) --> [379, 352]
47 (30.9065) --> [285]
48 (18.7255) --> [480]
49 (28.1599) --> [249, 425]
50 (32.2746) --> [130, 220]
51 (52.1560) --> [388, 41]
52 (63.5206) --> [204]
53 --> []
54 (33.9513) --> [315]
55 (41.3990) --> [319, 376]
56 (59.6487) --> [196, 412]
57 --> []
58 (15.5512) --> [125]
59 (32.6759) --> [444]
60 (49.1180) --> [340, 438]
61 (26.4968) --> [172]
62 (42.9024) --> [132]
63 --> []
64 (39.5870) --> [293, 442, 420]
65 (43.1411) --> [278]
66 (35.8904) --> [492]
67 --> []
68 --> []
69 (12.0030) --> [431]
70 --> []
71 (27.9437) --> [479]
72 --> []
73 (30.4790) --> [35]
74 (24.7473) --> [114, 84]
75 (38.2462) --> [104, 366]
76 (4.7831) --> [251]
77 (41.5556) --> [254, 4]
78 --> []
79 --> []
80 (48.6045) --> [456, 469]
81 (65.4050) --> [374, 383, 309]
82 --> []
83 (46.3763) --> [71]
84 --> []
85 (2.0180) --> [157]
86 (12.2390) --> [385]
87 --> []
88 (19.5462) --> [396]
89 (13.8609) --> [365]
90 --> []
91 (60.5837) --> [129]
92 (5.9469) --> [262]
93 --> []
94 (31.9053) --> [155]
95 (30.0268) --> [267, 322]
96 (7.0654) --> [67]
97 (65.5946) --> [387]
98 (39.1358) --> [162]
99 (60.3234) --> [485]
100 --> []
101 --> []
102 (15.8893) --> [88]
103 (41.0520) --> [216, 14, 13]
104 (24.6065) --> [372]
105 (27.7047) --> [337, 404]
106 (23.9405) --> [413]
107 (2.4377) --> [497]
108 (22.9921) --> [382, 91]
109 (47.3347) --> [380]
110 (13.2636) --> [82]
111 (10.4282) --> [2]
112 (42.2776) --> [116, 122]
113 (23.4853) --> [146]
114 (39.0500) --> [28]
115 --> []
116 (46.9861) --> [498]
117 (35.4868) --> [275]
118 (30.8362) --> [184, 346]
119 --> []
120 (30.1345) --> [472]
121 --> []
122 (45.2671) --> [124]
123 (71.1265) --> [424]
124 (58.9898) --> [227, 435]
125 --> []
126 (14.3129) --> [233]
127 (37.4191) --> [37]
128 --> []
129 (76.9683) --> [391]
130 (27.6814) --> [150]
131 (66.6138) --> [302, 265]
132 --> []
133 (11.4316) --> [232]
134 (22.0112) --> [163]
135 (39.8860) --> [299]
136 (35.1625) --> [320, 164]
137 --> []
138 (36.0360) --> [443]
139 (6.8373) --> [215]
140 --> []
141 (26.9298) --> [419, 418]
142 (17.7615) --> [21]
143 (19.9626) --> [118]
144 (48.6452) --> [62]
145 (48.2001) --> [10, 87]
146 (35.1518) --> [370, 490]
147 (19.7404) --> [245]
148 --> []
149 (48.1231) --> [156, 399]
150 (48.7665) --> [339]
151 (57.9784) --> [190]
152 (32.7010) --> [221]
153 --> []
154 (16.0577) --> [211]
155 (30.9356) --> [343]
156 --> []
157 (19.3791) --> [259]
158 --> []
159 --> []
160 (40.0392) --> [83]
161 (31.2311) --> [439]
162 --> []
163 (26.9217) --> [234]
164 --> []
165 (30.4340) --> [392]
166 (27.2402) --> [180]
167 (8.6415) --> [27]
168 (11.9593) --> [411, 142, 236]
169 (34.8390) --> [93]
170 (29.0732) --> [476, 367]
171 (64.9263) --> [491, 329]
172 (25.6479) --> [64, 115]
173 (39.3262) --> [203]
174 --> []
175 (33.5498) --> [410]
176 (21.8066) --> [173]
177 --> []
178 (37.4846) --> [81, 166]
179 --> []
180 (27.5271) --> [429, 409]
181 --> []
182 (41.7218) --> [26]
183 --> []
184 (14.3945) --> [103]
185 --> []
186 (31.5568) --> [486]
187 (31.9739) --> [225]
188 --> []
189 (14.3563) --> [134]
190 (44.4926) --> [226]
191 (34.1332) --> [97, 295]
192 (12.1790) --> [77]
193 --> []
194 (14.9267) --> [467]
195 --> []
196 (36.4672) --> [288, 199]
197 (22.0106) --> [327, 182]
198 (26.6047) --> [110]
199 (19.3435) --> [29]
200 (37.6345) --> [390]
201 (75.2320) --> [305]
202 (44.5198) --> [8]
203 (44.2845) --> [120, 241]
204 (25.7138) --> [85, 61]
205 (33.4214) --> [397]
206 (31.2873) --> [222]
207 (54.9944) --> [303]
208 (44.5904) --> [39, 349]
209 (25.3180) --> [239]
210 (30.5501) --> [335]
211 (26.2746) --> [378]
212 (95.1243) --> [63]
213 --> []
214 (40.8909) --> [209]
215 (34.3776) --> [414]
216 --> []
217 --> []
218 (14.3542) --> [94]
219 (24.8441) --> [65]
220 --> []
221 (37.1164) --> [90]
222 --> []
223 (11.9921) --> [31]
224 (62.3843) --> [260]
225 (33.9930) --> [48, 55]
226 --> []
227 (22.4707) --> [460]
228 (4.2679) --> [40]
229 (60.7534) --> [359, 458]
230 (18.9764) --> [256]
231 (40.1186) --> [291, 38]
232 (38.5876) --> [151]
233 (18.1669) --> [287, 243]
234 (32.0154) --> [213, 408]
235 (46.4539) --> [42]
236 --> []
237 --> []
238 (55.4856) --> [201]
239 (25.9446) --> [272, 237]
240 (39.7643) --> [108]
241 (15.3047) --> [369]
242 --> []
243 (36.2577) --> [484]
244 --> []
245 (6.6914) --> [217]
246 (18.5623) --> [46]
247 (51.4054) --> [321]
248 (23.6232) --> [58]
249 (18.4502) --> [402]
250 (32.3985) --> [470, 477]
251 (40.1898) --> [188]
252 --> []
253 (47.5346) --> [121]
254 (45.7049) --> [74, 462]
255 (25.2369) --> [271]
256 (23.1515) --> [415]
257 (18.4872) --> [53]
258 (36.3956) --> [445]
259 (31.7364) --> [422]
260 --> []
261 --> []
262 (32.2918) --> [454]
263 (37.4654) --> [298, 461]
264 (52.1683) --> [136, 342]
265 --> []
266 (21.9003) --> [356]
267 (38.9529) --> [181]
268 (39.2751) --> [214, 80]
269 (36.0455) --> [167, 111]
270 --> []
271 (42.2191) --> [345]
272 (45.1750) --> [371]
273 --> []
274 --> []
275 (47.5817) --> [138]
276 (17.3676) --> [152]
277 (60.0196) --> [106]
278 (18.3676) --> [326]
279 (33.5821) --> [3, 483, 353]
280 --> []
281 --> []
282 --> []
283 (6.3742) --> [355]
284 (13.7975) --> [159]
285 (9.2146) --> [283]
286 --> []
287 --> []
288 (40.1630) --> [459, 351]
289 --> []
290 --> []
291 (18.7424) --> [263]
292 (54.3721) --> [112]
293 (21.8066) --> [95]
294 --> []
295 (49.4754) --> [224]
296 (29.1928) --> [72]
297 (52.2838) --> [440]
298 (46.9846) --> [341, 360]
299 (67.5392) --> [57, 314]
300 (48.0680) --> [223]
301 (26.3853) --> [51]
302 --> []
303 (31.6896) --> [139, 464]
304 --> []
305 (51.1655) --> [494, 244]
306 (19.0598) --> [403]
307 (12.5542) --> [50]
308 --> []
309 (41.7440) --> [428]
310 (14.2395) --> [15]
311 (36.8712) --> [250]
312 (39.3626) --> [92, 261]
313 (52.4679) --> [495, 255]
314 (58.3473) --> [56, 373, 281]
315 (20.1839) --> [417]
316 --> []
317 (20.7799) --> [45]
318 (66.1019) --> [242, 153, 17]
319 (40.6727) --> [109, 350]
320 (24.5649) --> [434, 252]
321 (41.8348) --> [229, 450]
322 (39.3250) --> [451]
323 (47.3375) --> [160, 208]
324 (22.3223) --> [117]
325 (35.0917) --> [128]
326 (33.7732) --> [210]
327 (32.0481) --> [165, 405]
328 (52.6300) --> [447]
329 (36.7893) --> [400, 36, 174]
330 --> []
331 (26.6761) --> [168]
332 (18.6032) --> [468]
333 (28.3982) --> [463, 489]
334 (16.8393) --> [179]
335 (65.8235) --> [361]
336 (48.8163) --> [338, 47]
337 (25.2333) --> [336]
338 (43.2089) --> [328]
339 --> []
340 (10.6461) --> [113]
341 --> []
342 --> []
343 (30.0464) --> [457, 487]
344 (30.5963) --> [432]
345 (21.0647) --> [183]
346 --> []
347 (55.6405) --> [307, 230]
348 (45.0423) --> [206, 22]
349 --> []
350 (48.0927) --> [175, 248]
351 (34.9225) --> [324]
352 (31.6437) --> [176, 186]
353 --> []
354 (33.3615) --> [452]
355 --> []
356 (43.0650) --> [145]
357 (32.6841) --> [377]
358 (55.5518) --> [312]
359 --> []
360 (37.3724) --> [426, 25]
361 (24.5866) --> [313]
362 (44.3511) --> [384, 192]
363 (28.3236) --> [393]
364 (6.6324) --> [19]
365 (30.1914) --> [301]
366 (35.7184) --> [407, 311]
367 (23.6120) --> [308]
368 (51.8551) --> [266, 99]
369 (14.2557) --> [317]
370 (31.9044) --> [12, 105]
371 (9.7915) --> [368]
372 (40.6506) --> [406]
373 (21.7464) --> [273]
374 --> []
375 (23.4090) --> [52, 488]
376 (14.2717) --> [78, 228]
377 (33.1113) --> [44]
378 (33.0129) --> [20]
379 --> []
380 (21.9066) --> [54]
381 (47.5033) --> [102, 200]
382 --> []
383 (49.8669) --> [482]
384 --> []
385 --> []
386 --> []
387 (40.2885) --> [143]
388 (24.7533) --> [9]
389 --> []
390 (50.4373) --> [43, 354]
391 (57.0689) --> [318, 144]
392 (10.6374) --> [475]
393 (44.5422) --> [219]
394 --> []
395 (21.2524) --> [430]
396 --> []
397 --> []
398 (35.2420) --> [158]
399 (53.9112) --> [253, 6]
400 (29.0604) --> [269]
401 (62.0606) --> [18]
402 (12.6383) --> [89]
403 (21.6630) --> [344]
404 (19.3648) --> [187]
405 (11.0208) --> [1]
406 (34.2023) --> [416]
407 --> []
408 (16.6030) --> [276]
409 (32.3485) --> [290]
410 (16.0330) --> [297]
411 --> []
412 --> []
413 (37.4932) --> [264]
414 (43.5765) --> [79]
415 --> []
416 --> []
417 (29.1342) --> [375]
418 --> []
419 (11.8780) --> [364]
420 (14.6975) --> [154]
421 (33.2540) --> [107]
422 (46.9055) --> [33, 34]
423 (48.1713) --> [7, 171]
424 (49.6472) --> [101]
425 (32.6336) --> [306]
426 --> []
427 --> []
428 (40.6538) --> [478]
429 (43.2692) --> [257]
430 (40.3944) --> [238, 191]
431 (49.2631) --> [362, 231]
432 (38.3854) --> [437, 446]
433 (20.1963) --> [69]
434 (23.5891) --> [205, 148, 433]
435 (11.8826) --> [86]
436 --> []
437 (41.0580) --> [59, 218]
438 (39.5845) --> [310]
439 --> []
440 --> []
441 (52.3949) --> [198]
442 (24.1916) --> [333]
443 (6.7737) --> [292]
444 (34.9783) --> [465, 471]
445 --> []
446 (33.8706) --> [5, 11]
447 --> []
448 (54.7362) --> [277, 76]
449 --> []
450 (45.1485) --> [493]
451 (7.7806) --> [30]
452 --> []
453 (51.4707) --> [194, 119]
454 (36.9258) --> [169, 401]
455 (19.2941) --> [421]
456 (24.6583) --> [16]
457 --> []
458 (59.0583) --> [325, 149]
459 (17.7943) --> [427]
460 --> []
461 (36.5863) --> [455]
462 (31.5344) --> [363, 316]
463 (6.7902) --> [131]
464 (40.6730) --> [189]
465 (23.1952) --> [398]
466 (29.6202) --> [60, 98]
467 (14.2987) --> [294]
468 (12.9710) --> [135]
469 (13.3839) --> [123]
470 (66.7355) --> [280]
471 (35.2694) --> [348, 496]
472 (23.2754) --> [441]
473 --> []
474 (21.0910) --> [161, 334]
475 (42.1143) --> [270, 386]
476 (14.8749) --> [423]
477 --> []
478 --> []
479 (42.7187) --> [332, 389]
480 --> []
481 (28.0274) --> [289, 240]
482 --> []
483 (45.4316) --> [127]
484 (52.9694) --> [268]
485 (38.3668) --> [197, 235]
486 --> []
487 --> []
488 (16.7009) --> [73]
489 (32.5606) --> [300]
490 --> []
491 --> []
492 (50.2653) --> [274, 331]
493 (22.9172) --> [185]
494 (47.0178) --> [32]
495 (19.5491) --> [75]
496 (22.6341) --> [133]
497 (69.5091) --> [24, 296]
498 --> []
499 (35.7300) --> [381]

Solution energy from ACO: 2.3400321930748668E7
trying to improve with local search...
final Solution:
0 (57.6697) --> [279, 395]
1 (42.1234) --> [49]
2 (26.5090) --> [282]
3 (28.3563) --> [466]
4 --> []
5 (27.9633) --> [449]
6 (20.3847) --> [68]
7 (24.3208) --> [499]
8 (20.7335) --> [178]
9 (58.9411) --> [140]
10 (53.5635) --> [96]
11 --> []
12 --> []
13 --> []
14 (17.5338) --> [23]
15 (44.8793) --> [323]
16 (19.5701) --> [70]
17 (46.0498) --> [137, 247]
18 (33.7618) --> [286, 100]
19 (30.1789) --> [357, 453]
20 --> []
21 (19.7917) --> [284]
22 --> []
23 --> []
24 (31.1814) --> [207]
25 (42.0786) --> [474, 246]
26 (58.8537) --> [330, 195, 170]
27 (19.8117) --> [202, 66]
28 --> []
29 (23.3376) --> [481]
30 --> []
31 (52.1061) --> [448, 258]
32 (51.3402) --> [126, 347]
33 (34.4372) --> [147]
34 (9.9617) --> [394]
35 --> []
36 (34.2640) --> [141]
37 (16.9001) --> [473]
38 (41.4123) --> [304]
39 (34.9365) --> [358]
40 (18.3260) --> [436]
41 (44.0476) --> [193]
42 --> []
43 (23.4394) --> [177]
44 (18.0590) --> [212]
45 --> []
46 (41.4637) --> [379, 352]
47 (30.9065) --> [285]
48 (18.7255) --> [480]
49 (28.1599) --> [249, 425]
50 (32.2746) --> [130, 220]
51 (52.1560) --> [388, 41]
52 (63.5206) --> [204]
53 --> []
54 (33.9513) --> [315]
55 (41.3990) --> [319, 376]
56 (59.6487) --> [196, 412]
57 --> []
58 (15.5512) --> [125]
59 (32.6759) --> [444]
60 (49.1180) --> [340, 438]
61 (26.4968) --> [172]
62 (42.9024) --> [132]
63 --> []
64 (39.5870) --> [293, 442, 420]
65 (43.1411) --> [278]
66 (35.8904) --> [492]
67 --> []
68 --> []
69 (12.0030) --> [431]
70 --> []
71 (27.9437) --> [479]
72 --> []
73 (30.4790) --> [35]
74 (24.7473) --> [114, 84]
75 (38.2462) --> [104, 366]
76 (4.7831) --> [251]
77 (41.5556) --> [254, 4]
78 --> []
79 --> []
80 (48.6045) --> [456, 469]
81 (65.4050) --> [374, 383, 309]
82 --> []
83 (46.3763) --> [71]
84 --> []
85 (2.0180) --> [157]
86 (12.2390) --> [385]
87 --> []
88 (19.5462) --> [396]
89 (13.8609) --> [365]
90 --> []
91 (60.5837) --> [129]
92 (5.9469) --> [262]
93 --> []
94 (31.9053) --> [155]
95 (30.0268) --> [267, 322]
96 (7.0654) --> [67]
97 (65.5946) --> [387]
98 (39.1358) --> [162]
99 (60.3234) --> [485]
100 --> []
101 --> []
102 (15.8893) --> [88]
103 (41.0520) --> [216, 14, 13]
104 (24.6065) --> [372]
105 (27.7047) --> [337, 404]
106 (23.9405) --> [413]
107 (2.4377) --> [497]
108 (22.9921) --> [382, 91]
109 (47.3347) --> [380]
110 (13.2636) --> [82]
111 (10.4282) --> [2]
112 (42.2776) --> [116, 122]
113 (23.4853) --> [146]
114 (39.0500) --> [28]
115 --> []
116 (46.9861) --> [498]
117 (35.4868) --> [275]
118 (30.8362) --> [184, 346]
119 --> []
120 (30.1345) --> [472]
121 --> []
122 (45.2671) --> [124]
123 (71.1265) --> [424]
124 (58.9898) --> [227, 435]
125 --> []
126 (14.3129) --> [233]
127 (37.4191) --> [37]
128 --> []
129 (76.9683) --> [391]
130 (27.6814) --> [150]
131 (66.6138) --> [302, 265]
132 --> []
133 (11.4316) --> [232]
134 (22.0112) --> [163]
135 (39.8860) --> [299]
136 (35.1625) --> [320, 164]
137 --> []
138 (36.0360) --> [443]
139 (6.8373) --> [215]
140 --> []
141 (26.9298) --> [419, 418]
142 (17.7615) --> [21]
143 (19.9626) --> [118]
144 (48.6452) --> [62]
145 (48.2001) --> [10, 87]
146 (35.1518) --> [370, 490]
147 (19.7404) --> [245]
148 --> []
149 (48.1231) --> [156, 399]
150 (48.7665) --> [339]
151 (57.9784) --> [190]
152 (32.7010) --> [221]
153 --> []
154 (16.0577) --> [211]
155 (30.9356) --> [343]
156 --> []
157 (19.3791) --> [259]
158 --> []
159 --> []
160 (40.0392) --> [83]
161 (31.2311) --> [439]
162 --> []
163 (26.9217) --> [234]
164 --> []
165 (30.4340) --> [392]
166 (27.2402) --> [180]
167 (8.6415) --> [27]
168 (11.9593) --> [411, 142, 236]
169 (34.8390) --> [93]
170 (29.0732) --> [476, 367]
171 (64.9263) --> [491, 329]
172 (25.6479) --> [64, 115]
173 (39.3262) --> [203]
174 --> []
175 (33.5498) --> [410]
176 (21.8066) --> [173]
177 --> []
178 (37.4846) --> [81, 166]
179 --> []
180 (27.5271) --> [429, 409]
181 --> []
182 (41.7218) --> [26]
183 --> []
184 (14.3945) --> [103]
185 --> []
186 (31.5568) --> [486]
187 (31.9739) --> [225]
188 --> []
189 (14.3563) --> [134]
190 (44.4926) --> [226]
191 (34.1332) --> [97, 295]
192 (12.1790) --> [77]
193 --> []
194 (14.9267) --> [467]
195 --> []
196 (36.4672) --> [288, 199]
197 (22.0106) --> [327, 182]
198 (26.6047) --> [110]
199 (19.3435) --> [29]
200 (37.6345) --> [390]
201 (75.2320) --> [305]
202 (44.5198) --> [8]
203 (44.2845) --> [120, 241]
204 (25.7138) --> [85, 61]
205 (33.4214) --> [397]
206 (31.2873) --> [222]
207 (54.9944) --> [303]
208 (44.5904) --> [39, 349]
209 (25.3180) --> [239]
210 (30.5501) --> [335]
211 (26.2746) --> [378]
212 (95.1243) --> [63]
213 --> []
214 (40.8909) --> [209]
215 (34.3776) --> [414]
216 --> []
217 --> []
218 (14.3542) --> [94]
219 (24.8441) --> [65]
220 --> []
221 (37.1164) --> [90]
222 --> []
223 (11.9921) --> [31]
224 (62.3843) --> [260]
225 (33.9930) --> [48, 55]
226 --> []
227 (22.4707) --> [460]
228 (4.2679) --> [40]
229 (60.7534) --> [359, 458]
230 (18.9764) --> [256]
231 (40.1186) --> [291, 38]
232 (38.5876) --> [151]
233 (18.1669) --> [287, 243]
234 (32.0154) --> [213, 408]
235 (46.4539) --> [42]
236 --> []
237 --> []
238 (55.4856) --> [201]
239 (25.9446) --> [272, 237]
240 (39.7643) --> [108]
241 (15.3047) --> [369]
242 --> []
243 (36.2577) --> [484]
244 --> []
245 (6.6914) --> [217]
246 (18.5623) --> [46]
247 (51.4054) --> [321]
248 (23.6232) --> [58]
249 (18.4502) --> [402]
250 (32.3985) --> [470, 477]
251 (40.1898) --> [188]
252 --> []
253 (47.5346) --> [121]
254 (45.7049) --> [74, 462]
255 (25.2369) --> [271]
256 (23.1515) --> [415]
257 (18.4872) --> [53]
258 (36.3956) --> [445]
259 (31.7364) --> [422]
260 --> []
261 --> []
262 (32.2918) --> [454]
263 (37.4654) --> [298, 461]
264 (52.1683) --> [136, 342]
265 --> []
266 (21.9003) --> [356]
267 (38.9529) --> [181]
268 (39.2751) --> [214, 80]
269 (36.0455) --> [167, 111]
270 --> []
271 (42.2191) --> [345]
272 (45.1750) --> [371]
273 --> []
274 --> []
275 (47.5817) --> [138]
276 (17.3676) --> [152]
277 (60.0196) --> [106]
278 (18.3676) --> [326]
279 (33.5821) --> [3, 483, 353]
280 --> []
281 --> []
282 --> []
283 (6.3742) --> [355]
284 (13.7975) --> [159]
285 (9.2146) --> [283]
286 --> []
287 --> []
288 (40.1630) --> [459, 351]
289 --> []
290 --> []
291 (18.7424) --> [263]
292 (54.3721) --> [112]
293 (21.8066) --> [95]
294 --> []
295 (49.4754) --> [224]
296 (29.1928) --> [72]
297 (52.2838) --> [440]
298 (46.9846) --> [341, 360]
299 (67.5392) --> [57, 314]
300 (48.0680) --> [223]
301 (26.3853) --> [51]
302 --> []
303 (31.6896) --> [139, 464]
304 --> []
305 (51.1655) --> [494, 244]
306 (19.0598) --> [403]
307 (12.5542) --> [50]
308 --> []
309 (41.7440) --> [428]
310 (14.2395) --> [15]
311 (36.8712) --> [250]
312 (39.3626) --> [92, 261]
313 (52.4679) --> [495, 255]
314 (58.3473) --> [56, 373, 281]
315 (20.1839) --> [417]
316 --> []
317 (20.7799) --> [45]
318 (66.1019) --> [242, 153, 17]
319 (40.6727) --> [109, 350]
320 (24.5649) --> [434, 252]
321 (41.8348) --> [229, 450]
322 (39.3250) --> [451]
323 (47.3375) --> [160, 208]
324 (22.3223) --> [117]
325 (35.0917) --> [128]
326 (33.7732) --> [210]
327 (32.0481) --> [165, 405]
328 (52.6300) --> [447]
329 (36.7893) --> [400, 36, 174]
330 --> []
331 (26.6761) --> [168]
332 (18.6032) --> [468]
333 (28.3982) --> [463, 489]
334 (16.8393) --> [179]
335 (65.8235) --> [361]
336 (48.8163) --> [338, 47]
337 (25.2333) --> [336]
338 (43.2089) --> [328]
339 --> []
340 (10.6461) --> [113]
341 --> []
342 --> []
343 (30.0464) --> [457, 487]
344 (30.5963) --> [432]
345 (21.0647) --> [183]
346 --> []
347 (55.6405) --> [307, 230]
348 (45.0423) --> [206, 22]
349 --> []
350 (48.0927) --> [175, 248]
351 (34.9225) --> [324]
352 (31.6437) --> [176, 186]
353 --> []
354 (33.3615) --> [452]
355 --> []
356 (43.0650) --> [145]
357 (32.6841) --> [377]
358 (55.5518) --> [312]
359 --> []
360 (37.3724) --> [426, 25]
361 (24.5866) --> [313]
362 (44.3511) --> [384, 192]
363 (28.3236) --> [393]
364 (6.6324) --> [19]
365 (30.1914) --> [301]
366 (35.7184) --> [407, 311]
367 (23.6120) --> [308]
368 (51.8551) --> [266, 99]
369 (14.2557) --> [317]
370 (31.9044) --> [12, 105]
371 (9.7915) --> [368]
372 (40.6506) --> [406]
373 (21.7464) --> [273]
374 --> []
375 (23.4090) --> [52, 488]
376 (14.2717) --> [78, 228]
377 (33.1113) --> [44]
378 (33.0129) --> [20]
379 --> []
380 (21.9066) --> [54]
381 (47.5033) --> [102, 200]
382 --> []
383 (49.8669) --> [482]
384 --> []
385 --> []
386 --> []
387 (40.2885) --> [143]
388 (24.7533) --> [9]
389 --> []
390 (50.4373) --> [43, 354]
391 (57.0689) --> [318, 144]
392 (10.6374) --> [475]
393 (44.5422) --> [219]
394 --> []
395 (21.2524) --> [430]
396 --> []
397 --> []
398 (35.2420) --> [158]
399 (53.9112) --> [253, 6]
400 (29.0604) --> [269]
401 (62.0606) --> [18]
402 (12.6383) --> [89]
403 (21.6630) --> [344]
404 (19.3648) --> [187]
405 (11.0208) --> [1]
406 (34.2023) --> [416]
407 --> []
408 (16.6030) --> [276]
409 (32.3485) --> [290]
410 (16.0330) --> [297]
411 --> []
412 --> []
413 (37.4932) --> [264]
414 (43.5765) --> [79]
415 --> []
416 --> []
417 (29.1342) --> [375]
418 --> []
419 (11.8780) --> [364]
420 (14.6975) --> [154]
421 (33.2540) --> [107]
422 (46.9055) --> [33, 34]
423 (48.1713) --> [7, 171]
424 (49.6472) --> [101]
425 (32.6336) --> [306]
426 --> []
427 --> []
428 (40.6538) --> [478]
429 (43.2692) --> [257]
430 (40.3944) --> [238, 191]
431 (49.2631) --> [362, 231]
432 (38.3854) --> [437, 446]
433 (20.1963) --> [69]
434 (23.5891) --> [205, 148, 433]
435 (11.8826) --> [86]
436 --> []
437 (41.0580) --> [59, 218]
438 (39.5845) --> [310]
439 --> []
440 --> []
441 (52.3949) --> [198]
442 (24.1916) --> [333]
443 (6.7737) --> [292]
444 (34.9783) --> [465, 471]
445 --> []
446 (33.8706) --> [5, 11]
447 --> []
448 (54.7362) --> [277, 76]
449 --> []
450 (45.1485) --> [493]
451 (7.7806) --> [30]
452 --> []
453 (51.4707) --> [194, 119]
454 (36.9258) --> [169, 401]
455 (19.2941) --> [421]
456 (24.6583) --> [16]
457 --> []
458 (59.0583) --> [325, 149]
459 (17.7943) --> [427]
460 --> []
461 (36.5863) --> [455]
462 (31.5344) --> [363, 316]
463 (6.7902) --> [131]
464 (40.6730) --> [189]
465 (23.1952) --> [398]
466 (29.6202) --> [60, 98]
467 (14.2987) --> [294]
468 (12.9710) --> [135]
469 (13.3839) --> [123]
470 (66.7355) --> [280]
471 (35.2694) --> [348, 496]
472 (23.2754) --> [441]
473 --> []
474 (21.0910) --> [161, 334]
475 (42.1143) --> [270, 386]
476 (14.8749) --> [423]
477 --> []
478 --> []
479 (42.7187) --> [332, 389]
480 --> []
481 (28.0274) --> [289, 240]
482 --> []
483 (45.4316) --> [127]
484 (52.9694) --> [268]
485 (38.3668) --> [197, 235]
486 --> []
487 --> []
488 (16.7009) --> [73]
489 (32.5606) --> [300]
490 --> []
491 --> []
492 (50.2653) --> [274, 331]
493 (22.9172) --> [185]
494 (47.0178) --> [32]
495 (19.5491) --> [75]
496 (22.6341) --> [133]
497 (69.5091) --> [24, 296]
498 --> []
499 (35.7300) --> [381]

final Solution energy: 2.3400321930748668E7
Calculated in 366687ms
Ants=1000, alpha=0.6, beta=3.0, evaporate factor=0.07
(for ../../mebp/mebp-10.dat)
