New best solution in iteration 0: 1.0591439397528816E9
New best solution in iteration 2: 9.41587785929531E8
New best solution in iteration 3: 6.648155207502815E8
AVG (iterations 0 to 20): 1.186083871075539E9
New best solution in iteration 22: 6.334256718369038E8
AVG (iterations 20 to 40): 1.1070114432264504E9
New best solution in iteration 58: 4.757180567980382E8
AVG (iterations 40 to 60): 1.2373942651411862E9
AVG (iterations 60 to 80): 1.132411498821884E9
AVG (iterations 80 to 100): 9.316382998531479E8
New best solution in iteration 119: 3.336623718088023E8
AVG (iterations 100 to 120): 1.0113607184133482E9
AVG (iterations 120 to 140): 1.1031852762908018E9
New best solution in iteration 152: 3.3239388281885517E8
New best solution in iteration 153: 2.726998420280305E8
New best solution in iteration 158: 2.5340502833110705E8
AVG (iterations 140 to 160): 7.42423357943945E8
New best solution in iteration 161: 2.4593302456610826E8
New best solution in iteration 162: 2.2170273188522044E8
New best solution in iteration 167: 2.0668164625286534E8
New best solution in iteration 168: 1.0089850235319564E8
New best solution in iteration 178: 9.337461484900984E7
AVG (iterations 160 to 180): 2.5571486170404106E8
New best solution in iteration 185: 9.29803478536529E7
New best solution in iteration 191: 7.833459545984729E7
AVG (iterations 180 to 200): 1.3377562340868506E8
New best solution in iteration 211: 7.78078107180491E7
New best solution in iteration 220: 7.65273166107394E7
AVG (iterations 200 to 220): 9.432522926788045E7
AVG (iterations 220 to 240): 9.840444179076385E7
AVG (iterations 240 to 260): 9.289104256979837E7
AVG (iterations 260 to 280): 9.263959165477371E7
AVG (iterations 280 to 300): 8.985897384735142E7
AVG (iterations 300 to 320): 8.839321466706462E7
AVG (iterations 320 to 340): 8.876316773546728E7
AVG (iterations 340 to 360): 9.12434633497808E7
AVG (iterations 360 to 380): 8.771371256202595E7
AVG (iterations 380 to 400): 8.826513067058532E7
AVG (iterations 400 to 420): 8.881175591311151E7
AVG (iterations 420 to 440): 8.877084196582343E7
AVG (iterations 440 to 460): 8.725995113423823E7
AVG (iterations 460 to 480): 8.909240594240442E7
AVG (iterations 480 to 500): 8.839017986173734E7
AVG (iterations 500 to 520): 8.703078491666952E7
AVG (iterations 520 to 540): 8.699676241456613E7
AVG (iterations 540 to 560): 8.530449176980673E7
New best solution in iteration 570: 7.573811095913114E7
AVG (iterations 560 to 580): 8.426166895347391E7
AVG (iterations 580 to 600): 8.442695527774762E7
AVG (iterations 600 to 620): 8.640336424576162E7
AVG (iterations 620 to 640): 8.556974584108394E7
AVG (iterations 640 to 660): 8.6542820746396E7
AVG (iterations 660 to 680): 8.822699801007228E7
New best solution in iteration 684: 7.556693150638959E7
AVG (iterations 680 to 700): 8.172497843148349E7
AVG (iterations 700 to 720): 8.399526187105486E7
AVG (iterations 720 to 740): 8.853674472115944E7
AVG (iterations 740 to 760): 8.716618045792165E7
AVG (iterations 760 to 780): 8.465599355278483E7
AVG (iterations 780 to 800): 8.515416737345305E7
AVG (iterations 800 to 820): 8.850239165967159E7
AVG (iterations 820 to 840): 8.631854947581615E7
AVG (iterations 840 to 860): 8.799599177227166E7
AVG (iterations 860 to 880): 8.697377783782858E7
AVG (iterations 880 to 900): 8.873841023236476E7
AVG (iterations 900 to 920): 8.619484024835119E7
AVG (iterations 920 to 940): 9.03403704835341E7
New best solution in iteration 957: 7.542438477232042E7
AVG (iterations 940 to 960): 8.743475026685512E7
AVG (iterations 960 to 980): 8.774712492028895E7
Solution from ACO:
0 (77.7183) --> [3]
1 --> []
2 --> []
3 (77.7078) --> [49]
4 --> []
5 (66.6012) --> [26, 19]
6 (96.5555) --> [21, 47]
7 (141.3560) --> [38, 41]
8 (142.6103) --> [34]
9 (121.9949) --> [44]
10 (131.5587) --> [45]
11 --> []
12 --> []
13 (92.4554) --> [23]
14 (156.6540) --> [42]
15 (148.9989) --> [7, 20]
16 (197.9815) --> [11]
17 (119.3596) --> [32]
18 (111.2619) --> [14]
19 (25.5548) --> [6]
20 (154.0292) --> [35]
21 (36.7212) --> [28]
22 (109.2235) --> [4]
23 (78.7153) --> [17]
24 (89.2170) --> [30, 27]
25 (102.5095) --> [48]
26 (12.8565) --> [22]
27 (106.4422) --> [18, 36, 12]
28 (53.1161) --> [37]
29 (64.6994) --> [39]
30 (146.3334) --> [10]
31 (156.3484) --> [5, 13]
32 --> []
33 (181.8098) --> [1, 24]
34 --> []
35 (113.3180) --> [31]
36 --> []
37 --> []
38 --> []
39 --> []
40 --> []
41 (151.7103) --> [8]
42 --> []
43 (89.0600) --> [33]
44 --> []
45 (169.6529) --> [25, 16]
46 (97.0348) --> [43]
47 (202.7207) --> [29, 40]
48 (142.6162) --> [15, 9, 2]
49 (49.0433) --> [46]

Solution energy from ACO: 7.542438477232042E7
trying to improve with local search...
final Solution:
0 (77.7183) --> [3]
1 --> []
2 --> []
3 (77.7078) --> [49]
4 --> []
5 (66.6012) --> [26, 19]
6 (96.5555) --> [47, 37]
7 (141.3560) --> [38, 41]
8 (142.6103) --> [34]
9 (121.9949) --> [44]
10 (131.5587) --> [45]
11 --> []
12 --> []
13 (92.4554) --> [23]
14 (156.6540) --> [42]
15 (148.9989) --> [7, 20]
16 (197.9815) --> [11]
17 (119.3596) --> [32]
18 (111.2619) --> [14]
19 (25.5548) --> [6]
20 (154.0292) --> [35]
21 (36.7212) --> [28]
22 (109.2235) --> [4]
23 (78.7153) --> [17]
24 (89.2170) --> [30, 27]
25 (102.5095) --> [48]
26 (12.8565) --> [22]
27 (106.4422) --> [18, 36, 12]
28 (36.7212) --> [21]
29 (64.6994) --> [39]
30 (146.3334) --> [10]
31 (156.3484) --> [5, 13]
32 --> []
33 (181.8098) --> [1, 24]
34 --> []
35 (113.3180) --> [31]
36 --> []
37 --> []
38 --> []
39 --> []
40 --> []
41 (151.7103) --> [8]
42 --> []
43 (89.0600) --> [33]
44 --> []
45 (169.6529) --> [25, 16]
46 (97.0348) --> [43]
47 (202.7207) --> [29, 40]
48 (142.6162) --> [15, 9, 2]
49 (49.0433) --> [46]

final Solution energy: 7.532404402503377E7
Calculated in 1889ms
Ants=1000, alpha=0.6, beta=3.0, evaporate factor=0.07
(for ../../mebp/mebp-06.dat)
