New best solution in iteration 0: 2.537564610234179E9
New best solution in iteration 2: 2.177364530695187E9
New best solution in iteration 4: 2.0268935520881944E9
New best solution in iteration 10: 1.9531563568305619E9
New best solution in iteration 15: 1.0823153379329984E9
AVG (iterations 0 to 20): 2.557475254939855E9
AVG (iterations 20 to 40): 2.369755919245486E9
AVG (iterations 40 to 60): 2.272212002736547E9
AVG (iterations 60 to 80): 2.2910208904095488E9
AVG (iterations 80 to 100): 2.5359642406121893E9
AVG (iterations 100 to 120): 2.591784168920834E9
AVG (iterations 120 to 140): 2.8211031967278757E9
New best solution in iteration 149: 7.431854046767483E8
New best solution in iteration 160: 7.192341946014864E8
AVG (iterations 140 to 160): 1.6100562170588706E9
New best solution in iteration 164: 3.7811129507240444E8
New best solution in iteration 166: 3.6892437958079356E8
New best solution in iteration 168: 2.993918891500221E8
New best solution in iteration 171: 2.375686080018281E8
New best solution in iteration 174: 1.905888993224615E8
New best solution in iteration 179: 6.082598208973342E7
AVG (iterations 160 to 180): 5.368892588778847E8
New best solution in iteration 181: 5.967686447846804E7
New best solution in iteration 183: 5.1666462700640894E7
New best solution in iteration 191: 4.904010199153344E7
New best solution in iteration 195: 4.4562855384210594E7
New best solution in iteration 197: 4.069764015784399E7
AVG (iterations 180 to 200): 8.736831687733974E7
New best solution in iteration 207: 4.006734805655887E7
New best solution in iteration 208: 3.964916186364862E7
AVG (iterations 200 to 220): 4.782136563780847E7
New best solution in iteration 229: 3.8704586411215484E7
New best solution in iteration 230: 3.7792781718910106E7
AVG (iterations 220 to 240): 4.167269021211109E7
AVG (iterations 240 to 260): 4.167078911890365E7
AVG (iterations 260 to 280): 4.158943875712701E7
New best solution in iteration 281: 3.764094972854089E7
New best solution in iteration 284: 3.602241219684007E7
AVG (iterations 280 to 300): 3.982785467720725E7
AVG (iterations 300 to 320): 4.075593923317336E7
AVG (iterations 320 to 340): 3.982718383419621E7
AVG (iterations 340 to 360): 3.9187486961597614E7
New best solution in iteration 368: 3.543126570740974E7
AVG (iterations 360 to 380): 3.913243866860612E7
AVG (iterations 380 to 400): 4.0269263215942144E7
AVG (iterations 400 to 420): 3.953505864402549E7
AVG (iterations 420 to 440): 4.006060998292355E7
New best solution in iteration 455: 3.509836055693314E7
AVG (iterations 440 to 460): 3.832240735310618E7
AVG (iterations 460 to 480): 3.931991821424363E7
AVG (iterations 480 to 500): 3.858046219152966E7
New best solution in iteration 517: 3.464785043025029E7
AVG (iterations 500 to 520): 3.7476773039689995E7
AVG (iterations 520 to 540): 3.7821545401813224E7
AVG (iterations 540 to 560): 3.803893166273728E7
AVG (iterations 560 to 580): 3.861459612010767E7
AVG (iterations 580 to 600): 3.7827844126336455E7
AVG (iterations 600 to 620): 3.7852082087027565E7
New best solution in iteration 622: 3.4453398550879106E7
AVG (iterations 620 to 640): 3.7306436350200854E7
AVG (iterations 640 to 660): 3.796069494639601E7
AVG (iterations 660 to 680): 3.831170709788487E7
AVG (iterations 680 to 700): 3.801714896798755E7
AVG (iterations 700 to 720): 3.800309165281697E7
AVG (iterations 720 to 740): 3.8599776383793175E7
AVG (iterations 740 to 760): 3.8458855941354886E7
AVG (iterations 760 to 780): 3.830683680876571E7
New best solution in iteration 792: 3.391172144176425E7
AVG (iterations 780 to 800): 3.7784361328903124E7
AVG (iterations 800 to 820): 3.80044242608398E7
AVG (iterations 820 to 840): 3.81097750315629E7
AVG (iterations 840 to 860): 3.83212620444773E7
AVG (iterations 860 to 880): 3.739953927704396E7
AVG (iterations 880 to 900): 3.697441070425541E7
AVG (iterations 900 to 920): 3.784328963344125E7
AVG (iterations 920 to 940): 3.784681043187746E7
AVG (iterations 940 to 960): 3.8108342658021994E7
AVG (iterations 960 to 980): 3.731462032035802E7
Solution from ACO:
0 (57.4104) --> [3, 49]
1 (68.3521) --> [169, 181]
2 (77.0372) --> [4]
3 (65.4979) --> [185, 83]
4 (26.6805) --> [199]
5 (83.5297) --> [131]
6 --> []
7 --> []
8 --> []
9 (30.1402) --> [59, 43]
10 --> []
11 (65.2901) --> [50]
12 (19.7259) --> [48]
13 (26.4194) --> [108, 178]
14 (80.7568) --> [123]
15 (70.2932) --> [183, 21]
16 (32.6103) --> [45, 44]
17 (66.2602) --> [136]
18 --> []
19 (53.4079) --> [172, 100]
20 (48.1023) --> [117]
21 (33.5808) --> [197]
22 (80.4276) --> [160, 28]
23 (20.6238) --> [101, 180]
24 (93.3240) --> [96]
25 (86.1299) --> [35, 75]
26 (78.6980) --> [65]
27 (27.8342) --> [116]
28 (40.0808) --> [166]
29 --> []
30 (24.5645) --> [76]
31 (43.5924) --> [81]
32 --> []
33 --> []
34 (20.9457) --> [132]
35 --> []
36 (16.9226) --> [192]
37 (31.9127) --> [31]
38 --> []
39 --> []
40 (9.4817) --> [174]
41 (75.0929) --> [159, 52]
42 (55.8543) --> [153, 18, 165]
43 (76.9432) --> [70, 187]
44 (25.2678) --> [113]
45 (37.1910) --> [33]
46 (35.4028) --> [94]
47 (60.7587) --> [110]
48 (59.9521) --> [84, 189]
49 --> []
50 (69.0268) --> [143]
51 (73.3506) --> [77]
52 (57.5499) --> [16]
53 (59.2817) --> [93]
54 (32.4217) --> [154]
55 (69.6264) --> [85, 90]
56 --> []
57 --> []
58 --> []
59 (37.0027) --> [121]
60 --> []
61 --> []
62 (24.4448) --> [32]
63 (35.7406) --> [71]
64 (41.8593) --> [152]
65 (23.9829) --> [140]
66 (95.4418) --> [72, 144]
67 (75.7365) --> [114]
68 (51.6449) --> [156]
69 --> []
70 --> []
71 (46.3836) --> [68]
72 --> []
73 (16.1811) --> [39]
74 (36.0538) --> [78]
75 (110.5025) --> [29]
76 (31.7485) --> [73]
77 (54.0959) --> [64]
78 (78.1419) --> [60, 54]
79 (83.5959) --> [184, 119]
80 (24.7345) --> [133]
81 (86.5759) --> [95]
82 (79.2333) --> [150]
83 (64.9849) --> [130]
84 --> []
85 (26.4004) --> [62]
86 --> []
87 (43.3600) --> [142]
88 (68.5425) --> [80, 20]
89 (30.2027) --> [190]
90 --> []
91 (3.7620) --> [193]
92 --> []
93 --> []
94 (93.5303) --> [147, 157]
95 (60.6747) --> [19]
96 (73.4327) --> [118]
97 --> []
98 (14.9736) --> [7]
99 (58.1199) --> [26, 12]
100 (21.1606) --> [188]
101 (62.0123) --> [57]
102 (45.5428) --> [105, 164]
103 (62.5719) --> [175, 37]
104 (41.4763) --> [1]
105 (41.1877) --> [125, 129]
106 --> []
107 (120.3075) --> [56, 158]
108 (26.8486) --> [126]
109 (49.8789) --> [170]
110 (38.7727) --> [79]
111 (83.7386) --> [27, 106]
112 (33.6610) --> [99]
113 --> []
114 (53.3229) --> [25]
115 (24.2208) --> [107]
116 (69.0839) --> [161]
117 --> []
118 (72.4755) --> [146, 98]
119 (68.8368) --> [128, 40]
120 (50.9036) --> [82]
121 (24.2936) --> [137]
122 (60.7313) --> [162, 11]
123 (44.1889) --> [55]
124 (72.0200) --> [53, 67]
125 (56.4451) --> [10, 88]
126 (11.3241) --> [115]
127 (39.6311) --> [198]
128 (67.6509) --> [51, 91]
129 --> []
130 (113.0407) --> [155]
131 (11.1609) --> [173]
132 (72.2928) --> [122]
133 --> []
134 (60.4072) --> [148]
135 --> []
136 (46.1352) --> [135, 30]
137 --> []
138 (32.2916) --> [145, 111]
139 (90.4909) --> [97, 112]
140 (42.9862) --> [151, 168]
141 (58.2641) --> [58]
142 (26.1135) --> [6]
143 --> []
144 (64.7644) --> [167]
145 (78.0523) --> [176]
146 --> []
147 (34.5598) --> [24]
148 (55.6577) --> [149]
149 (52.7059) --> [171, 182]
150 (59.2291) --> [86, 63]
151 --> []
152 (31.2195) --> [109]
153 (67.6998) --> [196]
154 (48.1583) --> [92]
155 (102.3819) --> [139]
156 (76.6428) --> [69, 34, 74]
157 (37.0131) --> [124]
158 (19.7268) --> [141]
159 (15.9291) --> [127]
160 --> []
161 (10.9966) --> [17]
162 (47.3471) --> [15]
163 --> []
164 (49.3235) --> [23]
165 (61.0175) --> [134]
166 (16.3659) --> [186]
167 --> []
168 --> []
169 (47.5302) --> [195]
170 (59.7545) --> [102, 163, 179]
171 (38.2644) --> [8]
172 (50.7679) --> [120]
173 --> []
174 --> []
175 (40.4707) --> [13]
176 --> []
177 --> []
178 (49.3628) --> [191]
179 (36.1528) --> [2]
180 --> []
181 (50.2694) --> [103, 66]
182 (71.7808) --> [41]
183 (81.7474) --> [14, 5]
184 (24.1206) --> [138]
185 (60.7455) --> [104]
186 --> []
187 (48.2443) --> [194]
188 --> []
189 (94.2260) --> [47, 89, 177]
190 --> []
191 (31.3214) --> [22]
192 (36.1101) --> [87]
193 (12.1663) --> [9]
194 (10.4776) --> [38]
195 --> []
196 --> []
197 (72.3605) --> [42]
198 (17.1868) --> [36]
199 (55.8941) --> [46, 61]

Solution energy from ACO: 3.391172144176425E7
trying to improve with local search...
final Solution:
0 (57.4104) --> [3, 49]
1 (68.3521) --> [169, 181]
2 (77.0372) --> [4]
3 (65.4979) --> [185, 83]
4 (26.6805) --> [199]
5 (83.5297) --> [131]
6 --> []
7 --> []
8 --> []
9 (30.1402) --> [59, 43]
10 --> []
11 (65.2901) --> [50]
12 (19.7259) --> [48]
13 (26.4194) --> [108, 178]
14 (80.7568) --> [123]
15 (70.2932) --> [183, 21]
16 (32.6103) --> [45, 44]
17 (66.2602) --> [136]
18 --> []
19 (53.4079) --> [172, 100]
20 (48.1023) --> [117]
21 (33.5808) --> [197]
22 (80.4276) --> [160, 28]
23 (20.6238) --> [101, 180]
24 (93.3240) --> [96]
25 (86.1299) --> [35, 75]
26 (78.6980) --> [65]
27 (27.8342) --> [116]
28 (40.0808) --> [166]
29 --> []
30 (24.5645) --> [76]
31 (43.5924) --> [81]
32 --> []
33 --> []
34 (20.9457) --> [132]
35 --> []
36 (16.9226) --> [192]
37 (31.9127) --> [31]
38 --> []
39 --> []
40 (9.4817) --> [174]
41 (75.0929) --> [159, 52]
42 (55.8543) --> [153, 18, 165]
43 (76.9432) --> [70, 187]
44 (25.2678) --> [113]
45 (29.9677) --> [16]
46 (35.4028) --> [94]
47 (60.7587) --> [110]
48 (59.9521) --> [84, 189]
49 --> []
50 (69.0268) --> [143]
51 (73.3506) --> [77]
52 (54.3099) --> [33]
53 (59.2817) --> [93]
54 (32.4217) --> [154]
55 (69.6264) --> [85, 90]
56 --> []
57 --> []
58 --> []
59 (37.0027) --> [121]
60 --> []
61 --> []
62 (24.4448) --> [32]
63 (35.7406) --> [71]
64 (41.8593) --> [152]
65 (23.9829) --> [140]
66 (95.4418) --> [72, 144]
67 (75.7365) --> [114]
68 (51.6449) --> [156]
69 --> []
70 --> []
71 (46.3836) --> [68]
72 --> []
73 (16.1811) --> [39]
74 (36.0538) --> [78]
75 (110.5025) --> [29]
76 (31.7485) --> [73]
77 (54.0959) --> [64]
78 (78.1419) --> [60, 54]
79 (55.9274) --> [184, 138]
80 (24.7345) --> [133]
81 (86.5759) --> [95]
82 (79.2333) --> [150]
83 (64.9849) --> [130]
84 --> []
85 (26.4004) --> [62]
86 --> []
87 (43.3600) --> [142]
88 (68.5425) --> [80, 20]
89 (30.2027) --> [190]
90 --> []
91 (3.7620) --> [193]
92 --> []
93 --> []
94 (93.5303) --> [147, 157]
95 (60.6747) --> [19]
96 (73.4327) --> [118]
97 --> []
98 (14.9736) --> [7]
99 (58.1199) --> [26, 12]
100 (21.1606) --> [188]
101 (62.0123) --> [57]
102 (45.5428) --> [105, 164]
103 (62.5719) --> [175, 37]
104 (41.4763) --> [1]
105 (41.1877) --> [125, 129]
106 --> []
107 (120.3075) --> [56, 158]
108 (26.8486) --> [126]
109 (49.8789) --> [170]
110 (38.7727) --> [79]
111 (83.7386) --> [27, 106]
112 (33.6610) --> [99]
113 --> []
114 (53.3229) --> [25]
115 (24.2208) --> [107]
116 (69.0839) --> [161]
117 --> []
118 (72.4755) --> [146, 98]
119 (68.8368) --> [128, 40]
120 (50.9036) --> [82]
121 (24.2936) --> [137]
122 (60.7313) --> [162, 11]
123 (44.1889) --> [55]
124 (72.0200) --> [53, 67]
125 (56.4451) --> [10, 88]
126 (11.3241) --> [115]
127 (39.6311) --> [198]
128 (67.6509) --> [51, 91]
129 --> []
130 (113.0407) --> [155]
131 (11.1609) --> [173]
132 (72.2928) --> [122]
133 --> []
134 (60.4072) --> [148]
135 --> []
136 (46.1352) --> [135, 30]
137 --> []
138 (32.2916) --> [145, 111]
139 (90.4909) --> [97, 112]
140 (42.9862) --> [151, 168]
141 (58.2641) --> [58]
142 (26.1135) --> [6]
143 --> []
144 (64.7644) --> [167]
145 (78.0523) --> [176]
146 --> []
147 (34.5598) --> [24]
148 (55.6577) --> [149]
149 (52.7059) --> [171, 182]
150 (59.2291) --> [86, 63]
151 --> []
152 (31.2195) --> [109]
153 (67.6998) --> [196]
154 (48.1583) --> [92]
155 (102.3819) --> [139]
156 (76.6428) --> [69, 34, 74]
157 (37.0131) --> [124]
158 (19.7268) --> [141]
159 (15.9291) --> [127]
160 --> []
161 (10.9966) --> [17]
162 (47.3471) --> [15]
163 --> []
164 (49.3235) --> [23]
165 (61.0175) --> [134]
166 (16.3659) --> [186]
167 --> []
168 --> []
169 (47.5302) --> [195]
170 (59.7545) --> [102, 163, 179]
171 (38.2644) --> [8]
172 (50.7679) --> [120]
173 --> []
174 --> []
175 (40.4707) --> [13]
176 --> []
177 --> []
178 (49.3628) --> [191]
179 (36.1528) --> [2]
180 --> []
181 (50.2694) --> [103, 66]
182 (71.7808) --> [41]
183 (81.7474) --> [14, 5]
184 (74.5244) --> [119]
185 (60.7455) --> [104]
186 --> []
187 (48.2443) --> [194]
188 --> []
189 (94.2260) --> [47, 89, 177]
190 --> []
191 (31.3214) --> [22]
192 (36.1101) --> [87]
193 (12.1663) --> [9]
194 (10.4776) --> [38]
195 --> []
196 --> []
197 (72.3605) --> [42]
198 (17.1868) --> [36]
199 (55.8941) --> [46, 61]

final Solution energy: 3.3847387326232076E7
Calculated in 30904ms
Ants=1000, alpha=0.6, beta=3.0, evaporate factor=0.07
(for ../../mebp/mebp-07.dat)
