New best solution in iteration 0: 6.188405916218323E8
New best solution in iteration 1: 5.775723559351659E8
New best solution in iteration 8: 3.108653823206009E8
AVG (iterations 0 to 20): 1.0515979438964598E9
New best solution in iteration 26: 3.0283732363318497E8
AVG (iterations 20 to 40): 8.727429400809557E8
New best solution in iteration 54: 2.900731449114605E8
New best solution in iteration 58: 2.3705717448405266E8
AVG (iterations 40 to 60): 9.121575787797674E8
AVG (iterations 60 to 80): 7.85643201729673E8
AVG (iterations 80 to 100): 9.496656214789736E8
AVG (iterations 100 to 120): 9.921886617601519E8
AVG (iterations 120 to 140): 8.588859090373713E8
New best solution in iteration 155: 2.1689175420253253E8
New best solution in iteration 159: 1.9616640148123226E8
AVG (iterations 140 to 160): 4.082216677898388E8
New best solution in iteration 161: 1.9239160666470027E8
New best solution in iteration 164: 1.7879168752869138E8
New best solution in iteration 179: 1.7450832199705598E8
AVG (iterations 160 to 180): 2.836869739530016E8
New best solution in iteration 189: 1.6294011195451808E8
AVG (iterations 180 to 200): 2.0357886287320107E8
AVG (iterations 200 to 220): 2.1278167448082304E8
AVG (iterations 220 to 240): 2.0877247672223455E8
AVG (iterations 240 to 260): 2.1330146692380005E8
AVG (iterations 260 to 280): 1.9059677346081725E8
AVG (iterations 280 to 300): 1.9330221427045074E8
AVG (iterations 300 to 320): 1.850398534567687E8
AVG (iterations 320 to 340): 1.877794603145032E8
AVG (iterations 340 to 360): 1.8914848576006815E8
AVG (iterations 360 to 380): 1.7769237984322494E8
AVG (iterations 380 to 400): 1.857137447488241E8
AVG (iterations 400 to 420): 1.9450041296015367E8
AVG (iterations 420 to 440): 1.90710700066619E8
AVG (iterations 440 to 460): 1.889091384513808E8
AVG (iterations 460 to 480): 1.8945516723507926E8
AVG (iterations 480 to 500): 1.8304100094463962E8
AVG (iterations 500 to 520): 1.8739917959132773E8
AVG (iterations 520 to 540): 1.8383769483461007E8
AVG (iterations 540 to 560): 1.95577824240142E8
AVG (iterations 560 to 580): 1.826858789353941E8
AVG (iterations 580 to 600): 1.949562061704781E8
AVG (iterations 600 to 620): 1.9008708493196702E8
AVG (iterations 620 to 640): 1.959898201353097E8
AVG (iterations 640 to 660): 1.873569269214916E8
AVG (iterations 660 to 680): 1.9336570029343858E8
AVG (iterations 680 to 700): 1.8689351317523298E8
AVG (iterations 700 to 720): 1.8992174394859165E8
AVG (iterations 720 to 740): 1.880848614635067E8
AVG (iterations 740 to 760): 1.9427665672310564E8
AVG (iterations 760 to 780): 1.9147011212178645E8
AVG (iterations 780 to 800): 1.8649316511914882E8
AVG (iterations 800 to 820): 1.8893919407708353E8
AVG (iterations 820 to 840): 1.8192076708315557E8
AVG (iterations 840 to 860): 1.9420669776148129E8
AVG (iterations 860 to 880): 1.9555487632336292E8
AVG (iterations 880 to 900): 1.9830236335477117E8
AVG (iterations 900 to 920): 1.9489056049293822E8
AVG (iterations 920 to 940): 1.8580896523222142E8
AVG (iterations 940 to 960): 1.914480762284578E8
AVG (iterations 960 to 980): 1.9927330174613115E8
Solution from ACO:
0 (370.3213) --> [1, 10, 3]
1 (133.6589) --> [13]
2 (398.1973) --> [18, 8]
3 (116.4812) --> [11]
4 --> []
5 (72.0686) --> [9, 15]
6 (144.1451) --> [12]
7 --> []
8 --> []
9 --> []
10 (169.8409) --> [4]
11 (133.0112) --> [16]
12 (188.0342) --> [2]
13 (165.5522) --> [17, 14]
14 --> []
15 --> []
16 --> []
17 (118.9643) --> [6]
18 (250.2520) --> [19, 7]
19 (180.5426) --> [5]

Solution energy from ACO: 1.6294011195451808E8
trying to improve with local search...
final Solution:
0 (370.3213) --> [10, 3, 14]
1 (133.6589) --> [13]
2 (398.1973) --> [18, 8]
3 (116.4812) --> [11]
4 --> []
5 (72.0686) --> [9, 15]
6 (144.1451) --> [12]
7 --> []
8 --> []
9 --> []
10 (169.8409) --> [4]
11 (133.0112) --> [16]
12 (188.0342) --> [2]
13 (133.6589) --> [17, 1]
14 --> []
15 --> []
16 --> []
17 (118.9643) --> [6]
18 (250.2520) --> [19, 7]
19 (180.5426) --> [5]

final Solution energy: 1.6079050670213756E8
Calculated in 800ms
Ants=1000, alpha=0.6, beta=3.0, evaporate factor=0.07
(for ../../mebp/mebp-02.dat)
