New best solution in iteration 0: 2.5702221875611553E9
New best solution in iteration 1: 7.873283681934595E8
New best solution in iteration 4: 5.2061101448191714E8
AVG (iterations 0 to 20): 1.0829824161009638E9
New best solution in iteration 34: 3.9493204463158983E8
AVG (iterations 20 to 40): 1.1821292056568947E9
New best solution in iteration 44: 2.259333509847886E8
AVG (iterations 40 to 60): 8.705742858860754E8
AVG (iterations 60 to 80): 9.860986794858717E8
AVG (iterations 80 to 100): 1.0682578107407681E9
AVG (iterations 100 to 120): 1.157330383017819E9
AVG (iterations 120 to 140): 9.122567819830055E8
New best solution in iteration 152: 2.0018567015045816E8
AVG (iterations 140 to 160): 5.629719401565977E8
New best solution in iteration 167: 1.9640554122612056E8
New best solution in iteration 172: 1.7641503688229033E8
New best solution in iteration 178: 1.7640398202713504E8
AVG (iterations 160 to 180): 3.015225185627173E8
AVG (iterations 180 to 200): 2.1213435983640987E8
AVG (iterations 200 to 220): 2.2481784955486122E8
AVG (iterations 220 to 240): 2.0884298980900323E8
AVG (iterations 240 to 260): 1.9552416065639657E8
AVG (iterations 260 to 280): 1.959667818614798E8
AVG (iterations 280 to 300): 1.822005667548629E8
AVG (iterations 300 to 320): 1.8905889709574765E8
AVG (iterations 320 to 340): 1.8755295849750465E8
AVG (iterations 340 to 360): 2.029852912826589E8
AVG (iterations 360 to 380): 1.9406961103752464E8
AVG (iterations 380 to 400): 1.9164394133425462E8
AVG (iterations 400 to 420): 1.906950534012838E8
AVG (iterations 420 to 440): 2.0759379150827354E8
AVG (iterations 440 to 460): 1.834468365247844E8
AVG (iterations 460 to 480): 1.7783145949727458E8
AVG (iterations 480 to 500): 1.7856142672139817E8
AVG (iterations 500 to 520): 1.7877924194472986E8
AVG (iterations 520 to 540): 1.7739527630785337E8
AVG (iterations 540 to 560): 1.785790370673465E8
AVG (iterations 560 to 580): 1.7856419043518704E8
AVG (iterations 580 to 600): 1.780707542658589E8
AVG (iterations 600 to 620): 1.7713837119332078E8
AVG (iterations 620 to 640): 1.7642546157238764E8
AVG (iterations 640 to 660): 1.7713892393607855E8
AVG (iterations 660 to 680): 1.7785349178528497E8
AVG (iterations 680 to 700): 1.7713781845056298E8
AVG (iterations 700 to 720): 1.7830065240756118E8
AVG (iterations 720 to 740): 1.7853828894787222E8
AVG (iterations 740 to 760): 1.797231551928808E8
AVG (iterations 760 to 780): 1.790124565429788E8
AVG (iterations 780 to 800): 1.7759382295696348E8
AVG (iterations 800 to 820): 1.7880016874722478E8
AVG (iterations 820 to 840): 1.7783477595382115E8
AVG (iterations 840 to 860): 1.7927544182784685E8
AVG (iterations 860 to 880): 1.7783422321106339E8
AVG (iterations 880 to 900): 1.7925562051086754E8
AVG (iterations 900 to 920): 1.7998558773499113E8
AVG (iterations 920 to 940): 1.790152202567676E8
AVG (iterations 940 to 960): 1.77119655361857E8
AVG (iterations 960 to 980): 1.7877924194472986E8
Solution from ACO:
0 (54.9805) --> [1]
1 (180.1900) --> [10, 13]
2 (398.1973) --> [8, 18]
3 (116.4812) --> [11]
4 --> []
5 --> []
6 (144.1451) --> [12]
7 --> []
8 --> []
9 --> []
10 (169.8409) --> [4]
11 (133.0112) --> [16]
12 (188.0342) --> [2]
13 (165.5522) --> [17, 14]
14 (387.6786) --> [3]
15 (77.6379) --> [9, 5]
16 --> []
17 (118.9643) --> [6]
18 (250.2520) --> [19, 7]
19 (201.2028) --> [15]

Solution energy from ACO: 1.7640398202713504E8
trying to improve with local search...
final Solution:
0 (54.9805) --> [1]
1 (180.1900) --> [10, 13]
2 (399.6838) --> [8, 15]
3 (116.4812) --> [11]
4 --> []
5 --> []
6 (144.1451) --> [12]
7 --> []
8 --> []
9 --> []
10 (169.8409) --> [4]
11 (133.0112) --> [16]
12 (188.0342) --> [2]
13 (165.5522) --> [17, 14]
14 (387.6786) --> [3]
15 (77.6379) --> [9, 5]
16 --> []
17 (118.9643) --> [6]
18 (250.2520) --> [19, 7]
19 (194.0062) --> [18]

final Solution energy: 1.762706154700485E8
Calculated in 862ms
Ants=1000, alpha=0.6, beta=3.0, evaporate factor=0.07
(for ../../mebp/mebp-02.dat)
