New best solution in iteration 0: 1.8079246019386833E9
New best solution in iteration 6: 1.5723866519233606E9
New best solution in iteration 13: 9.705983260097754E8
AVG (iterations 0 to 20): 2.4459036173023186E9
AVG (iterations 20 to 40): 2.61729124133379E9
AVG (iterations 40 to 60): 2.5733553259523787E9
AVG (iterations 60 to 80): 2.4426617773588114E9
AVG (iterations 80 to 100): 2.4237666476885505E9
AVG (iterations 100 to 120): 2.6043361938540263E9
AVG (iterations 120 to 140): 2.314947870494963E9
New best solution in iteration 153: 6.926256201594996E8
AVG (iterations 140 to 160): 1.822966979692987E9
New best solution in iteration 161: 6.880885468269395E8
New best solution in iteration 162: 5.412254484670053E8
New best solution in iteration 167: 4.879212125260987E8
New best solution in iteration 168: 4.7061094286329645E8
New best solution in iteration 169: 3.745327055731905E8
New best solution in iteration 170: 1.6337742754678372E8
New best solution in iteration 177: 6.001976187372841E7
AVG (iterations 160 to 180): 5.764166998184721E8
New best solution in iteration 184: 4.864451097044979E7
New best solution in iteration 191: 4.849295082687446E7
New best solution in iteration 193: 4.582069850420356E7
New best solution in iteration 196: 4.336878398367441E7
New best solution in iteration 197: 4.0377797271905154E7
AVG (iterations 180 to 200): 1.407635485033813E8
New best solution in iteration 220: 4.030637400915535E7
AVG (iterations 200 to 220): 4.562869431727792E7
New best solution in iteration 225: 3.579793064644622E7
AVG (iterations 220 to 240): 4.2335033142754994E7
AVG (iterations 240 to 260): 4.115651400845204E7
New best solution in iteration 274: 3.4479057967947006E7
AVG (iterations 260 to 280): 4.04607694475894E7
New best solution in iteration 299: 3.430950441545291E7
AVG (iterations 280 to 300): 4.027765896397575E7
AVG (iterations 300 to 320): 3.928113897302326E7
AVG (iterations 320 to 340): 3.924902595206072E7
AVG (iterations 340 to 360): 3.867653570339215E7
AVG (iterations 360 to 380): 3.9086021191475466E7
New best solution in iteration 392: 3.4127644942912325E7
AVG (iterations 380 to 400): 3.897973764747176E7
AVG (iterations 400 to 420): 3.818710446336703E7
AVG (iterations 420 to 440): 3.821681280988189E7
AVG (iterations 440 to 460): 3.855173841842491E7
AVG (iterations 460 to 480): 3.81724091536134E7
AVG (iterations 480 to 500): 3.9294205934278846E7
AVG (iterations 500 to 520): 3.899403397545512E7
AVG (iterations 520 to 540): 3.894027179400928E7
AVG (iterations 540 to 560): 3.874807084746952E7
AVG (iterations 560 to 580): 3.89235280839067E7
AVG (iterations 580 to 600): 3.827956915783262E7
AVG (iterations 600 to 620): 3.782494054989985E7
New best solution in iteration 637: 3.340167475740408E7
AVG (iterations 620 to 640): 3.7358097503321745E7
AVG (iterations 640 to 660): 3.84425391143763E7
AVG (iterations 660 to 680): 3.768814178698233E7
AVG (iterations 680 to 700): 3.75302131245897E7
New best solution in iteration 704: 3.3314589784192413E7
AVG (iterations 700 to 720): 3.713313744426844E7
AVG (iterations 720 to 740): 3.840843844533746E7
AVG (iterations 740 to 760): 3.7876717377539925E7
AVG (iterations 760 to 780): 3.787498383093014E7
AVG (iterations 780 to 800): 3.767338329750293E7
AVG (iterations 800 to 820): 3.756357261835688E7
AVG (iterations 820 to 840): 3.737151916668318E7
AVG (iterations 840 to 860): 3.731670308900033E7
AVG (iterations 860 to 880): 3.794430732723959E7
AVG (iterations 880 to 900): 3.7756885742231496E7
AVG (iterations 900 to 920): 3.7457981700562045E7
AVG (iterations 920 to 940): 3.736867144497472E7
AVG (iterations 940 to 960): 3.77005484275599E7
AVG (iterations 960 to 980): 3.806304002910938E7
Solution from ACO:
0 (65.3744) --> [3, 83, 104, 49]
1 (68.3521) --> [169, 181]
2 --> []
3 (65.4979) --> [185]
4 --> []
5 --> []
6 --> []
7 --> []
8 --> []
9 (30.1402) --> [59, 43]
10 --> []
11 (65.2901) --> [50]
12 (19.7259) --> [48]
13 (26.4194) --> [178, 108]
14 (87.5278) --> [5, 131, 123]
15 (49.6096) --> [183]
16 (32.6103) --> [45, 44]
17 (10.9966) --> [161]
18 --> []
19 (56.6149) --> [172, 188]
20 --> []
21 (33.5808) --> [197]
22 (80.4276) --> [28, 160]
23 (20.6238) --> [180]
24 (34.5598) --> [147]
25 (86.1299) --> [35, 75]
26 (95.9713) --> [177, 12, 65]
27 (27.8342) --> [116]
28 (40.0808) --> [166]
29 --> []
30 (24.5645) --> [76]
31 (43.5924) --> [81]
32 --> []
33 --> []
34 (80.6281) --> [132, 74]
35 --> []
36 (16.9226) --> [192]
37 (31.9127) --> [31]
38 --> []
39 --> []
40 --> []
41 (75.0929) --> [52, 159]
42 (55.8543) --> [153, 18]
43 (76.9432) --> [70, 187]
44 (25.2678) --> [113]
45 --> []
46 (41.7113) --> [199]
47 (60.7587) --> [110]
48 (59.9521) --> [84, 189]
49 --> []
50 (69.0268) --> [143]
51 (73.3506) --> [77]
52 (57.5499) --> [16, 33]
53 --> []
54 (32.4217) --> [154]
55 (69.6264) --> [90, 85]
56 --> []
57 --> []
58 --> []
59 (37.0027) --> [121]
60 (76.9503) --> [54, 162]
61 --> []
62 (24.4448) --> [32]
63 (35.7406) --> [71]
64 (41.8593) --> [152]
65 (23.9829) --> [140]
66 (74.0178) --> [144]
67 (75.7365) --> [114]
68 (51.6449) --> [156]
69 --> []
70 --> []
71 (46.3836) --> [68]
72 --> []
73 (16.1811) --> [39]
74 (36.0538) --> [78]
75 (110.5025) --> [29]
76 (31.7485) --> [73]
77 (54.0959) --> [64]
78 (70.7475) --> [60]
79 (38.5973) --> [184]
80 (24.7345) --> [133]
81 (86.5759) --> [95]
82 (79.2333) --> [150]
83 (64.9849) --> [130]
84 --> []
85 (26.4004) --> [62]
86 --> []
87 (43.3600) --> [142]
88 (68.5425) --> [80, 20]
89 (30.2027) --> [190]
90 --> []
91 (3.7620) --> [193]
92 (76.7380) --> [21]
93 (59.2817) --> [53]
94 (93.5303) --> [46, 157]
95 (60.6747) --> [19]
96 (93.3240) --> [118, 24]
97 (84.3798) --> [112]
98 (14.9736) --> [7]
99 (50.5581) --> [26]
100 --> []
101 (62.0123) --> [23, 57]
102 (45.5428) --> [105, 164]
103 (62.5719) --> [37, 175]
104 (41.4763) --> [1]
105 (41.1877) --> [125, 163, 129]
106 (92.4070) --> [96]
107 (31.7567) --> [56]
108 (26.8486) --> [126]
109 (49.8789) --> [170]
110 (38.7727) --> [79]
111 (83.7386) --> [106, 27]
112 (33.6610) --> [99]
113 (67.0276) --> [93]
114 (53.3229) --> [25]
115 (54.2184) --> [191]
116 --> []
117 --> []
118 (72.4755) --> [98, 146]
119 (70.8719) --> [128, 174]
120 (84.8203) --> [82, 86]
121 (24.2936) --> [137]
122 (27.7570) --> [11]
123 (44.1889) --> [55]
124 (72.0200) --> [67]
125 (56.4451) --> [10, 88]
126 (25.5583) --> [115, 107]
127 (39.6311) --> [198]
128 (67.6509) --> [51, 91]
129 --> []
130 (113.0407) --> [155]
131 (11.1609) --> [173]
132 --> []
133 (71.3982) --> [117]
134 --> []
135 (38.8939) --> [136]
136 (66.2602) --> [30, 17]
137 --> []
138 (18.8362) --> [145]
139 (16.3565) --> [97]
140 (42.9862) --> [151, 168]
141 (58.2641) --> [58]
142 (26.1135) --> [6]
143 --> []
144 (80.8573) --> [167, 72]
145 (78.0523) --> [176, 111]
146 --> []
147 (49.4191) --> [94]
148 (60.4072) --> [149, 134]
149 (52.7059) --> [171, 182]
150 (59.2291) --> [63]
151 --> []
152 (31.2195) --> [109]
153 (67.6998) --> [196]
154 (48.1583) --> [92]
155 (102.3819) --> [139]
156 (52.3184) --> [34, 69]
157 (37.0131) --> [124]
158 (19.7268) --> [141]
159 (15.9291) --> [127]
160 --> []
161 --> []
162 (60.7313) --> [15, 122]
163 --> []
164 (48.3496) --> [101]
165 (74.5605) --> [42, 148]
166 (16.3659) --> [186]
167 --> []
168 --> []
169 (47.5302) --> [195]
170 (59.7545) --> [102, 179]
171 (38.2644) --> [8]
172 (50.7679) --> [120]
173 --> []
174 (9.4817) --> [40]
175 (40.4707) --> [13]
176 --> []
177 (86.7849) --> [135]
178 --> []
179 (36.1528) --> [2]
180 --> []
181 (50.2694) --> [66, 103]
182 (71.7808) --> [41]
183 (59.9984) --> [14]
184 (74.5244) --> [138, 119]
185 --> []
186 (95.7997) --> [158]
187 (48.2443) --> [194]
188 (21.1606) --> [100]
189 (71.8133) --> [89, 47]
190 --> []
191 (31.3214) --> [22]
192 (36.1101) --> [87]
193 (12.1663) --> [9]
194 (10.4776) --> [38]
195 --> []
196 --> []
197 (74.0263) --> [165]
198 (17.1868) --> [36]
199 (55.8941) --> [4, 61]

Solution energy from ACO: 3.3314589784192413E7
trying to improve with local search...
final Solution:
0 (65.3744) --> [3, 83, 104, 49]
1 (68.3521) --> [169, 181]
2 --> []
3 (65.4979) --> [185]
4 --> []
5 --> []
6 --> []
7 --> []
8 --> []
9 (30.1402) --> [59, 43]
10 --> []
11 (65.2901) --> [50]
12 (19.7259) --> [48]
13 (26.4194) --> [178, 108]
14 (87.5278) --> [5, 131, 123]
15 (49.6096) --> [183]
16 (32.6103) --> [45, 44]
17 (10.9966) --> [161]
18 --> []
19 (56.6149) --> [172, 188]
20 --> []
21 (33.5808) --> [197]
22 (80.4276) --> [28, 160]
23 (20.6238) --> [180]
24 (34.5598) --> [147]
25 (86.1299) --> [35, 75]
26 (95.9713) --> [177, 12, 65]
27 (27.8342) --> [116]
28 (40.0808) --> [166]
29 --> []
30 (24.5645) --> [76]
31 (43.5924) --> [81]
32 --> []
33 --> []
34 (80.6281) --> [132, 74]
35 --> []
36 (16.9226) --> [192]
37 (31.9127) --> [31]
38 --> []
39 --> []
40 --> []
41 (75.0929) --> [52, 159]
42 (55.8543) --> [153, 18]
43 (76.9432) --> [70, 187]
44 (25.2678) --> [113]
45 --> []
46 (41.7113) --> [199]
47 (60.7587) --> [110]
48 (59.9521) --> [84, 189]
49 --> []
50 (69.0268) --> [143]
51 (73.3506) --> [77]
52 (57.5499) --> [16, 33]
53 --> []
54 (32.4217) --> [154]
55 (69.6264) --> [90, 85]
56 --> []
57 --> []
58 --> []
59 (37.0027) --> [121]
60 (80.8412) --> [162, 92]
61 --> []
62 (24.4448) --> [32]
63 (35.7406) --> [71]
64 (41.8593) --> [152]
65 (23.9829) --> [140]
66 (74.0178) --> [144]
67 (75.7365) --> [114]
68 (51.6449) --> [156]
69 --> []
70 --> []
71 (46.3836) --> [68]
72 --> []
73 (16.1811) --> [39]
74 (36.0538) --> [78]
75 (110.5025) --> [29]
76 (31.7485) --> [73]
77 (54.0959) --> [64]
78 (70.7475) --> [60]
79 (38.5973) --> [184]
80 (24.7345) --> [133]
81 (86.5759) --> [95]
82 (79.2333) --> [150]
83 (64.9849) --> [130]
84 --> []
85 (26.4004) --> [62]
86 --> []
87 (43.3600) --> [142]
88 (68.5425) --> [80, 20]
89 (30.2027) --> [190]
90 --> []
91 (3.7620) --> [193]
92 (76.7380) --> [21]
93 (59.2817) --> [53]
94 (93.5303) --> [46, 157]
95 (60.6747) --> [19]
96 (93.3240) --> [118, 24]
97 (84.3798) --> [112]
98 (14.9736) --> [7]
99 (50.5581) --> [26]
100 --> []
101 (62.0123) --> [23, 57]
102 (45.5428) --> [105, 164]
103 (62.5719) --> [37, 175]
104 (41.4763) --> [1]
105 (41.1877) --> [125, 163, 129]
106 (92.4070) --> [96]
107 (31.7567) --> [56]
108 (26.8486) --> [126]
109 (49.8789) --> [170]
110 (38.7727) --> [79]
111 (83.7386) --> [106, 27]
112 (33.6610) --> [99]
113 (67.0276) --> [93]
114 (53.3229) --> [25]
115 (54.2184) --> [191]
116 --> []
117 --> []
118 (72.4755) --> [98, 146]
119 (70.8719) --> [128, 174]
120 (84.8203) --> [82, 86]
121 (24.2936) --> [137]
122 (27.7570) --> [11]
123 (44.1889) --> [55]
124 (72.0200) --> [67]
125 (56.4451) --> [10, 88]
126 (25.5583) --> [115, 107]
127 (39.6311) --> [198]
128 (67.6509) --> [51, 91]
129 --> []
130 (113.0407) --> [155]
131 (11.1609) --> [173]
132 --> []
133 (71.3982) --> [117]
134 --> []
135 (38.8939) --> [136]
136 (66.2602) --> [30, 17]
137 --> []
138 (18.8362) --> [145]
139 (16.3565) --> [97]
140 (42.9862) --> [151, 168]
141 (58.2641) --> [58]
142 (26.1135) --> [6]
143 --> []
144 (80.8573) --> [167, 72]
145 (78.0523) --> [176, 111]
146 --> []
147 (49.4191) --> [94]
148 (60.4072) --> [149, 134]
149 (52.7059) --> [171, 182]
150 (59.2291) --> [63]
151 --> []
152 (31.2195) --> [109]
153 (67.6998) --> [196]
154 (32.4217) --> [54]
155 (102.3819) --> [139]
156 (52.3184) --> [34, 69]
157 (37.0131) --> [124]
158 (19.7268) --> [141]
159 (15.9291) --> [127]
160 --> []
161 --> []
162 (60.7313) --> [15, 122]
163 --> []
164 (48.3496) --> [101]
165 (74.5605) --> [42, 148]
166 (16.3659) --> [186]
167 --> []
168 --> []
169 (47.5302) --> [195]
170 (59.7545) --> [102, 179]
171 (38.2644) --> [8]
172 (50.7679) --> [120]
173 --> []
174 (9.4817) --> [40]
175 (40.4707) --> [13]
176 --> []
177 (86.7849) --> [135]
178 --> []
179 (36.1528) --> [2]
180 --> []
181 (50.2694) --> [66, 103]
182 (71.7808) --> [41]
183 (59.9984) --> [14]
184 (74.5244) --> [138, 119]
185 --> []
186 (95.7997) --> [158]
187 (48.2443) --> [194]
188 (21.1606) --> [100]
189 (71.8133) --> [89, 47]
190 --> []
191 (31.3214) --> [22]
192 (36.1101) --> [87]
193 (12.1663) --> [9]
194 (10.4776) --> [38]
195 --> []
196 --> []
197 (74.0263) --> [165]
198 (17.1868) --> [36]
199 (55.8941) --> [4, 61]

final Solution energy: 3.330965396563206E7
Calculated in 32645ms
Ants=1000, alpha=0.6, beta=3.0, evaporate factor=0.07
(for ../../mebp/mebp-07.dat)
