New best solution in iteration 0: 2.5476442058652167E9
New best solution in iteration 3: 2.5055892875329223E9
New best solution in iteration 10: 2.4288516509299192E9
New best solution in iteration 15: 1.7947613793901775E9
AVG (iterations 0 to 20): 3.2416309017838492E9
New best solution in iteration 34: 1.5478718671826916E9
AVG (iterations 20 to 40): 3.466173000899129E9
New best solution in iteration 47: 1.3127244472237701E9
AVG (iterations 40 to 60): 3.533782206093081E9
AVG (iterations 60 to 80): 3.566204353901595E9
AVG (iterations 80 to 100): 3.832876168381116E9
AVG (iterations 100 to 120): 3.3857451324577017E9
AVG (iterations 120 to 140): 3.4898444635637193E9
AVG (iterations 140 to 160): 2.850086502914927E9
New best solution in iteration 165: 1.2656942359514947E9
New best solution in iteration 169: 9.919124351446899E8
New best solution in iteration 171: 7.488126724290203E8
New best solution in iteration 173: 7.299045465057744E8
New best solution in iteration 176: 4.414461039821452E8
New best solution in iteration 177: 3.544351300825977E8
AVG (iterations 160 to 180): 1.4390815211188931E9
New best solution in iteration 184: 3.388476338658464E8
New best solution in iteration 186: 1.5341202156521264E8
New best solution in iteration 188: 1.2358882930085373E8
New best solution in iteration 189: 6.937693720045656E7
New best solution in iteration 191: 3.665769419440103E7
New best solution in iteration 196: 3.1967951295472067E7
New best solution in iteration 199: 3.040021981674609E7
AVG (iterations 180 to 200): 2.3028863323334414E8
New best solution in iteration 203: 2.8228497870166667E7
New best solution in iteration 208: 2.719614405673221E7
New best solution in iteration 214: 2.6788316198056486E7
New best solution in iteration 220: 2.5768107182007436E7
AVG (iterations 200 to 220): 6.027999242429227E7
AVG (iterations 220 to 240): 2.79140957854243E7
New best solution in iteration 245: 2.540211567871485E7
AVG (iterations 240 to 260): 2.6726740840808976E7
New best solution in iteration 263: 2.5268293009541336E7
New best solution in iteration 269: 2.43325089227683E7
AVG (iterations 260 to 280): 2.61221893248177E7
AVG (iterations 280 to 300): 2.5951777968539827E7
AVG (iterations 300 to 320): 2.5877344973499216E7
AVG (iterations 320 to 340): 2.5720574081097927E7
New best solution in iteration 341: 2.40103440017608E7
AVG (iterations 340 to 360): 2.5610065731389668E7
AVG (iterations 360 to 380): 2.521455939623668E7
AVG (iterations 380 to 400): 2.5620442949837003E7
AVG (iterations 400 to 420): 2.526268196763599E7
AVG (iterations 420 to 440): 2.5343251328195307E7
AVG (iterations 440 to 460): 2.5217791706092443E7
AVG (iterations 460 to 480): 2.5332623689695437E7
AVG (iterations 480 to 500): 2.5182577833310727E7
AVG (iterations 500 to 520): 2.5387910720562853E7
AVG (iterations 520 to 540): 2.5119166415191285E7
AVG (iterations 540 to 560): 2.5088154355674006E7
AVG (iterations 560 to 580): 2.5065091110412113E7
AVG (iterations 580 to 600): 2.514432184219266E7
AVG (iterations 600 to 620): 2.5029792046775784E7
AVG (iterations 620 to 640): 2.517326513363541E7
AVG (iterations 640 to 660): 2.55108105251497E7
AVG (iterations 660 to 680): 2.4957135491944246E7
AVG (iterations 680 to 700): 2.529319054119613E7
AVG (iterations 700 to 720): 2.508498107867234E7
AVG (iterations 720 to 740): 2.527880788204167E7
AVG (iterations 740 to 760): 2.5301310877368778E7
AVG (iterations 760 to 780): 2.522779462170532E7
AVG (iterations 780 to 800): 2.5077336619778223E7
AVG (iterations 800 to 820): 2.4992054488595657E7
AVG (iterations 820 to 840): 2.5078852934543878E7
AVG (iterations 840 to 860): 2.4745265417490087E7
New best solution in iteration 873: 2.3510575948454015E7
AVG (iterations 860 to 880): 2.4777602379215226E7
AVG (iterations 880 to 900): 2.4722404369144075E7
AVG (iterations 900 to 920): 2.4795819100747105E7
New best solution in iteration 935: 2.3457477024779283E7
AVG (iterations 920 to 940): 2.490237790804761E7
AVG (iterations 940 to 960): 2.4641090211517677E7
AVG (iterations 960 to 980): 2.4724102564945206E7
Solution from ACO:
0 (38.8185) --> [279, 98]
1 (42.1234) --> [49]
2 (26.5090) --> [282]
3 (28.3563) --> [466]
4 (55.0576) --> [236]
5 (27.9633) --> [449]
6 (20.3847) --> [68]
7 (22.6022) --> [423]
8 (20.7335) --> [178]
9 (24.7533) --> [388]
10 (22.8842) --> [145]
11 --> []
12 --> []
13 (22.4788) --> [14]
14 (17.5338) --> [23]
15 (44.8793) --> [323]
16 (61.6500) --> [456, 67]
17 (34.7839) --> [137]
18 --> []
19 (29.5574) --> [357]
20 --> []
21 (48.3580) --> [159, 274]
22 --> []
23 (70.2501) --> [101]
24 (31.1814) --> [207]
25 (42.0786) --> [246, 474]
26 (6.1353) --> [195]
27 (17.5477) --> [167, 202]
28 --> []
29 (23.3376) --> [481]
30 (61.9892) --> [451, 498]
31 (25.5536) --> [448]
32 (51.3402) --> [347]
33 (2.1060) --> [422]
34 (58.7168) --> [258]
35 --> []
36 (41.8928) --> [141, 377]
37 (16.9001) --> [473]
38 (41.4123) --> [304]
39 --> []
40 (18.3260) --> [436]
41 (44.0476) --> [193]
42 --> []
43 (50.4373) --> [390]
44 (18.0590) --> [212]
45 (49.8350) --> [156]
46 (41.4637) --> [379, 352]
47 (47.7449) --> [338, 285]
48 (18.7255) --> [480]
49 (28.1599) --> [249, 425]
50 (12.5542) --> [307]
51 (52.1560) --> [41]
52 --> []
53 (88.3253) --> [63]
54 (66.5930) --> [245, 315]
55 (41.3990) --> [319, 376]
56 --> []
57 (11.4422) --> [299]
58 (15.5512) --> [125]
59 (41.0580) --> [437]
60 (36.9759) --> [113]
61 (26.4968) --> [172]
62 --> []
63 --> []
64 (22.6269) --> [442]
65 (43.1411) --> [278]
66 (19.8117) --> [27]
67 (60.5034) --> [96, 151, 10]
68 --> []
69 (12.0030) --> [431]
70 (19.5701) --> [16]
71 (27.9437) --> [479]
72 (29.1928) --> [296]
73 (55.5663) --> [35, 447]
74 (24.7473) --> [114, 84]
75 (38.2462) --> [366, 104]
76 (4.7831) --> [251]
77 (41.5556) --> [254, 4]
78 --> []
79 --> []
80 (43.3977) --> [469]
81 (9.0574) --> [374]
82 --> []
83 (46.3763) --> [71]
84 --> []
85 (25.0236) --> [204, 61]
86 (12.2390) --> [385]
87 --> []
88 (43.3646) --> [396, 102, 200]
89 --> []
90 --> []
91 (60.5837) --> [129]
92 (24.7539) --> [312]
93 (48.2607) --> [438, 169]
94 (31.9053) --> [155]
95 (30.0268) --> [267, 322]
96 --> []
97 --> []
98 (39.1358) --> [162]
99 --> []
100 --> []
101 (49.6472) --> [424]
102 (40.3197) --> [491, 381]
103 (39.2305) --> [216, 13]
104 (24.6065) --> [372]
105 (27.7047) --> [404]
106 (23.9405) --> [413]
107 (71.4965) --> [497, 72, 426, 24]
108 (22.9921) --> [382, 91]
109 (32.4542) --> [175]
110 (51.6819) --> [82, 414]
111 (10.4282) --> [2]
112 (42.2776) --> [122]
113 (23.4853) --> [340, 146]
114 (39.0500) --> [28]
115 --> []
116 (17.8175) --> [112]
117 (35.4868) --> [275]
118 (30.8362) --> [346, 184]
119 (51.3955) --> [140]
120 (42.3800) --> [472, 253]
121 (61.7299) --> [6]
122 (45.2671) --> [124]
123 --> []
124 (58.9898) --> [227, 435]
125 (59.5966) --> [494]
126 --> []
127 (37.4191) --> [37]
128 --> []
129 --> []
130 --> []
131 --> []
132 (57.9797) --> [62, 144]
133 (22.6341) --> [496]
134 (22.0112) --> [163]
135 (41.5253) --> [57]
136 (35.1625) --> [164, 320]
137 (36.0694) --> [247]
138 (36.0360) --> [443]
139 (23.6783) --> [303]
140 (58.9411) --> [9]
141 (26.9298) --> [418, 419]
142 (17.7615) --> [21]
143 (19.9626) --> [118]
144 (54.6290) --> [391]
145 (48.2001) --> [87]
146 (35.1518) --> [370, 490]
147 (34.4372) --> [33]
148 --> []
149 (59.0583) --> [458]
150 (31.3600) --> [220, 130]
151 (57.9784) --> [190, 232]
152 --> []
153 --> []
154 (16.0577) --> [211]
155 (30.9356) --> [343]
156 (22.2595) --> [149]
157 (2.0180) --> [85]
158 --> []
159 (13.7975) --> [284]
160 (40.0392) --> [83]
161 (31.2311) --> [439]
162 --> []
163 (26.9217) --> [234]
164 --> []
165 (30.4340) --> [392]
166 (27.2402) --> [180]
167 (23.4340) --> [269]
168 (26.6761) --> [411, 142, 331]
169 (20.8254) --> [454]
170 (58.6761) --> [367, 330]
171 --> []
172 (25.6479) --> [293, 115]
173 (39.3262) --> [203]
174 --> []
175 (50.1423) --> [350, 248, 410]
176 (21.8066) --> [173]
177 (23.4394) --> [43]
178 (37.4846) --> [383, 81, 166]
179 --> []
180 (27.1781) --> [429]
181 --> []
182 (16.0126) --> [197]
183 --> []
184 (14.3945) --> [103]
185 --> []
186 (31.5568) --> [486]
187 (31.9739) --> [225]
188 (58.4971) --> [339]
189 (14.3563) --> [134]
190 (44.4926) --> [226]
191 (40.3944) --> [430, 97]
192 (12.1790) --> [77]
193 --> []
194 --> []
195 (47.8486) --> [42, 182]
196 (36.4672) --> [56, 199]
197 (38.3668) --> [327, 485]
198 (26.6047) --> [110]
199 (19.3435) --> [29]
200 --> []
201 --> []
202 (44.5198) --> [8]
203 (44.2845) --> [120, 241]
204 --> []
205 (33.4214) --> [397]
206 (31.2873) --> [222]
207 --> []
208 (44.5904) --> [349, 39]
209 (25.3180) --> [239]
210 (30.5501) --> [335]
211 (26.2746) --> [378]
212 --> []
213 (60.1044) --> [345]
214 (41.7320) --> [70]
215 (6.8373) --> [139]
216 --> []
217 --> []
218 (14.3542) --> [94]
219 (24.8441) --> [65]
220 (17.2642) --> [50]
221 --> []
222 --> []
223 (11.9921) --> [31]
224 (49.4754) --> [295]
225 (33.9930) --> [48, 55]
226 --> []
227 (22.4707) --> [460]
228 (4.2679) --> [40]
229 (41.8348) --> [359, 321]
230 (18.9764) --> [256]
231 (28.6462) --> [461]
232 (36.8987) --> [133, 465]
233 (18.1669) --> [243, 126]
234 (32.0154) --> [213, 408]
235 --> []
236 (11.9593) --> [168]
237 --> []
238 --> []
239 (25.9446) --> [272, 237]
240 (39.7643) --> [108]
241 (15.3047) --> [369]
242 (21.9549) --> [318]
243 (36.2577) --> [484]
244 (62.8341) --> [201, 387]
245 (19.7404) --> [217, 147]
246 (18.5623) --> [46]
247 (48.0579) --> [450]
248 (23.6232) --> [58]
249 (18.4502) --> [402]
250 (32.3985) --> [477, 470]
251 (40.1898) --> [188]
252 --> []
253 (36.5684) --> [399]
254 (47.1259) --> [74, 363]
255 (52.4679) --> [313]
256 (23.1515) --> [415]
257 (18.4872) --> [53]
258 (43.2285) --> [445, 223]
259 (19.3791) --> [157]
260 (62.3843) --> [224]
261 (60.9237) --> [286]
262 (5.9469) --> [92]
263 (37.4654) --> [291, 298]
264 (46.1502) --> [136]
265 --> []
266 (26.0428) --> [368, 356]
267 (38.9529) --> [420, 181]
268 (46.2285) --> [214, 209, 80]
269 (36.0455) --> [400, 111]
270 --> []
271 (25.2369) --> [255]
272 (41.4858) --> [266]
273 (60.7034) --> [459]
274 (17.6538) --> [492]
275 (78.3801) --> [138, 132]
276 --> []
277 (52.5875) --> [76]
278 (18.3676) --> [326]
279 (26.6340) --> [3, 483]
280 --> []
281 --> []
282 --> []
283 (6.3742) --> [355]
284 (54.1813) --> [88]
285 (9.2146) --> [283]
286 (31.2010) --> [18, 100]
287 (9.4960) --> [233]
288 (34.6957) --> [196]
289 --> []
290 --> []
291 --> []
292 --> []
293 (21.8066) --> [95, 64]
294 (14.2987) --> [467]
295 (23.5716) --> [191]
296 --> []
297 (52.2838) --> [440]
298 (7.9428) --> [341]
299 (45.2886) --> [373]
300 (46.9776) --> [265]
301 --> []
302 --> []
303 (31.6896) --> [464]
304 --> []
305 (51.1655) --> [244, 287]
306 --> []
307 --> []
308 --> []
309 (46.2610) --> [478]
310 (14.2395) --> [15]
311 (36.8712) --> [250]
312 (39.3626) --> [261]
313 (41.1666) --> [361, 495]
314 (53.5034) --> [281]
315 (20.1839) --> [417]
316 --> []
317 (20.7799) --> [45]
318 (66.1019) --> [17, 153]
319 (54.5126) --> [109, 380]
320 (24.5649) --> [434, 252]
321 --> []
322 (37.3818) --> [30]
323 (52.5859) --> [208, 160, 358]
324 (22.3223) --> [117]
325 (35.0917) --> [128]
326 (33.7732) --> [210]
327 (32.0481) --> [165, 405]
328 --> []
329 (36.7893) --> [174, 36]
330 (0.3041) --> [26]
331 --> []
332 (18.6032) --> [468]
333 (28.3982) --> [463, 489]
334 (16.8393) --> [179]
335 --> []
336 (47.1024) --> [47]
337 (26.0381) --> [105, 336]
338 --> []
339 (48.7665) --> [150]
340 --> []
341 --> []
342 --> []
343 (23.9363) --> [457]
344 (42.0344) --> [403, 446]
345 (42.2191) --> [183, 271]
346 --> []
347 (48.2557) --> [230]
348 (11.8615) --> [206]
349 --> []
350 --> []
351 (35.4329) --> [324, 288]
352 (31.6437) --> [186, 176]
353 (66.6847) --> [260]
354 (33.3615) --> [452]
355 --> []
356 --> []
357 --> []
358 --> []
359 --> []
360 (37.3724) --> [25]
361 --> []
362 (6.2326) --> [384]
363 (28.3236) --> [462, 393]
364 (31.1093) --> [19, 453]
365 (30.1914) --> [301]
366 (35.7184) --> [407, 311]
367 (23.6120) --> [308]
368 (51.8551) --> [371, 99]
369 (14.2557) --> [317]
370 (31.9044) --> [12, 337]
371 --> []
372 (40.6506) --> [406]
373 (58.3473) --> [273, 314]
374 (58.2786) --> [309]
375 (23.4090) --> [52, 488]
376 (14.2717) --> [228, 78]
377 (33.1113) --> [44]
378 (33.0129) --> [20]
379 --> []
380 (21.9066) --> [54]
381 (35.7300) --> [499]
382 (58.3920) --> [412]
383 (49.8669) --> [482]
384 (42.2916) --> [192]
385 --> []
386 --> []
387 (40.2885) --> [143]
388 (19.5887) --> [51]
389 --> []
390 (46.0338) --> [354]
391 (56.6811) --> [242]
392 (10.6374) --> [475]
393 (44.5422) --> [219]
394 (9.9617) --> [34]
395 --> []
396 --> []
397 --> []
398 (35.2420) --> [158]
399 --> []
400 (32.4341) --> [329]
401 --> []
402 (17.0226) --> [89, 365]
403 (19.0598) --> [306]
404 (19.3648) --> [187]
405 (11.0208) --> [1]
406 (34.2023) --> [416]
407 --> []
408 (36.6394) --> [221, 276, 152]
409 (32.3485) --> [290]
410 (16.0330) --> [297]
411 (33.3613) --> [177]
412 --> []
413 (61.8411) --> [264, 342]
414 (43.5765) --> [79, 215]
415 --> []
416 --> []
417 (29.1342) --> [375]
418 (33.2571) --> [294]
419 (11.8780) --> [364]
420 (14.6975) --> [154]
421 (33.2540) --> [107]
422 (43.2400) --> [259, 394]
423 (48.1713) --> [476, 171]
424 --> []
425 --> []
426 (26.6094) --> [360]
427 (38.0268) --> [351]
428 --> []
429 (43.2692) --> [409, 257]
430 (21.5342) --> [238, 395]
431 (49.2631) --> [362, 231]
432 (30.5963) --> [344]
433 (20.1963) --> [69]
434 (23.5891) --> [433, 205, 148]
435 (11.8826) --> [86]
436 (53.1493) --> [328]
437 (36.2032) --> [218, 432]
438 (39.5845) --> [310]
439 --> []
440 --> []
441 (52.3949) --> [198]
442 (24.1916) --> [333]
443 (6.7737) --> [292]
444 (32.6759) --> [59]
445 --> []
446 (33.8706) --> [5, 11]
447 --> []
448 (56.2608) --> [277, 106]
449 --> []
450 (45.1485) --> [493]
451 --> []
452 --> []
453 (51.4707) --> [119]
454 (36.9258) --> [262, 401]
455 (19.2941) --> [421]
456 --> []
457 (25.8799) --> [487]
458 (60.7534) --> [325, 229]
459 (17.7943) --> [427]
460 --> []
461 (51.0331) --> [263, 455, 38]
462 (31.5344) --> [316]
463 (30.0640) --> [131, 302]
464 (43.2298) --> [189, 90]
465 (34.9783) --> [398, 444]
466 (23.7577) --> [60]
467 (14.9267) --> [194]
468 (12.9710) --> [135]
469 (13.3839) --> [123]
470 (66.7355) --> [280]
471 (35.2694) --> [348]
472 (48.8788) --> [121, 441]
473 --> []
474 (21.0910) --> [334, 161]
475 (42.1143) --> [270, 386]
476 (29.0732) --> [170]
477 --> []
478 (40.6538) --> [428]
479 (42.7187) --> [332, 389]
480 --> []
481 (28.0274) --> [289, 240]
482 --> []
483 (54.7696) --> [353, 127, 93]
484 (52.9694) --> [268]
485 (24.7565) --> [235]
486 --> []
487 (38.2720) --> [22]
488 (16.7009) --> [73]
489 (32.5606) --> [300]
490 --> []
491 --> []
492 (35.8904) --> [66]
493 (22.9172) --> [185]
494 (47.0178) --> [305, 32]
495 (19.5491) --> [75]
496 (29.7562) --> [471]
497 --> []
498 (46.9861) --> [116]
499 (24.3208) --> [7]

Solution energy from ACO: 2.3457477024779283E7
trying to improve with local search...
final Solution:
0 (38.8185) --> [279, 98]
1 (42.1234) --> [49]
2 (26.5090) --> [282]
3 (28.3563) --> [466]
4 (55.0576) --> [236]
5 (27.9633) --> [449]
6 (20.3847) --> [68]
7 (22.6022) --> [423]
8 (20.7335) --> [178]
9 (24.7533) --> [388]
10 (22.8842) --> [145]
11 --> []
12 --> []
13 (22.4788) --> [14]
14 (17.5338) --> [23]
15 (44.8793) --> [323]
16 (61.6500) --> [456, 67]
17 (34.7839) --> [137]
18 --> []
19 (29.5574) --> [357]
20 --> []
21 (48.3580) --> [159, 274]
22 --> []
23 (70.2501) --> [101]
24 (31.1814) --> [207]
25 (42.0786) --> [246, 474]
26 (6.1353) --> [195]
27 (17.5477) --> [167, 202]
28 --> []
29 (23.3376) --> [481]
30 (61.9892) --> [451, 498]
31 (25.5536) --> [448]
32 (51.3402) --> [347]
33 (2.1060) --> [422]
34 (58.7168) --> [258]
35 --> []
36 (41.8928) --> [141, 377]
37 (16.9001) --> [473]
38 (41.4123) --> [304]
39 --> []
40 (18.3260) --> [436]
41 (44.0476) --> [193]
42 --> []
43 (50.4373) --> [390]
44 (18.0590) --> [212]
45 (49.8350) --> [156]
46 (41.4637) --> [379, 352]
47 (47.7449) --> [338, 285]
48 (18.7255) --> [480]
49 (28.1599) --> [249, 425]
50 (12.5542) --> [307]
51 (52.1560) --> [41]
52 --> []
53 (88.3253) --> [63]
54 (66.5930) --> [245, 315]
55 (41.3990) --> [319, 376]
56 --> []
57 (11.4422) --> [299]
58 (15.5512) --> [125]
59 (41.0580) --> [437]
60 (36.9759) --> [113]
61 (26.4968) --> [172]
62 --> []
63 --> []
64 (22.6269) --> [442]
65 (43.1411) --> [278]
66 (19.8117) --> [27]
67 (60.5034) --> [96, 151, 10]
68 --> []
69 (12.0030) --> [431]
70 (19.5701) --> [16]
71 (27.9437) --> [479]
72 (29.1928) --> [296]
73 (55.5663) --> [35, 447]
74 (24.7473) --> [114, 84]
75 (38.2462) --> [366, 104]
76 (4.7831) --> [251]
77 (41.5556) --> [254, 4]
78 --> []
79 --> []
80 (43.3977) --> [469]
81 (9.0574) --> [374]
82 --> []
83 (46.3763) --> [71]
84 --> []
85 (25.0236) --> [204, 61]
86 (12.2390) --> [385]
87 --> []
88 (43.3646) --> [396, 102, 200]
89 --> []
90 --> []
91 (60.5837) --> [129]
92 (24.7539) --> [312]
93 (48.2607) --> [438, 169]
94 (31.9053) --> [155]
95 (30.0268) --> [267, 322]
96 --> []
97 --> []
98 (39.1358) --> [162]
99 --> []
100 --> []
101 (49.6472) --> [424]
102 (40.3197) --> [491, 381]
103 (39.2305) --> [216, 13]
104 (24.6065) --> [372]
105 (27.7047) --> [404]
106 (23.9405) --> [413]
107 (71.4965) --> [497, 72, 426, 24]
108 (22.9921) --> [382, 91]
109 (32.4542) --> [175]
110 (51.6819) --> [82, 414]
111 (10.4282) --> [2]
112 (42.2776) --> [122]
113 (23.4853) --> [340, 146]
114 (39.0500) --> [28]
115 --> []
116 (17.8175) --> [112]
117 (35.4868) --> [275]
118 (30.8362) --> [346, 184]
119 (51.3955) --> [140]
120 (42.3800) --> [472, 253]
121 (61.7299) --> [6]
122 (45.2671) --> [124]
123 --> []
124 (58.9898) --> [227, 435]
125 (59.5966) --> [494]
126 --> []
127 (37.4191) --> [37]
128 --> []
129 --> []
130 --> []
131 --> []
132 (57.9797) --> [62, 144]
133 (22.6341) --> [496]
134 (22.0112) --> [163]
135 (41.5253) --> [57]
136 (35.1625) --> [164, 320]
137 (36.0694) --> [247]
138 (36.0360) --> [443]
139 (23.6783) --> [303]
140 (58.9411) --> [9]
141 (26.9298) --> [418, 419]
142 (17.7615) --> [21]
143 (19.9626) --> [118]
144 (54.6290) --> [391]
145 (48.2001) --> [87]
146 (35.1518) --> [370, 490]
147 (34.4372) --> [33]
148 --> []
149 (59.0583) --> [458]
150 (31.3600) --> [220, 130]
151 (57.9784) --> [190, 232]
152 --> []
153 --> []
154 (16.0577) --> [211]
155 (30.9356) --> [343]
156 (22.2595) --> [149]
157 (2.0180) --> [85]
158 --> []
159 (13.7975) --> [284]
160 (40.0392) --> [83]
161 (31.2311) --> [439]
162 --> []
163 (26.9217) --> [234]
164 --> []
165 (30.4340) --> [392]
166 (27.2402) --> [180]
167 (23.4340) --> [269]
168 (26.6761) --> [411, 142, 331]
169 (20.8254) --> [454]
170 (58.6761) --> [367, 330]
171 --> []
172 (25.6479) --> [293, 115]
173 (39.3262) --> [203]
174 --> []
175 (50.1423) --> [350, 248, 410]
176 (21.8066) --> [173]
177 (23.4394) --> [43]
178 (37.4846) --> [383, 81, 166]
179 --> []
180 (27.1781) --> [429]
181 --> []
182 (16.0126) --> [197]
183 --> []
184 (14.3945) --> [103]
185 --> []
186 (31.5568) --> [486]
187 (31.9739) --> [225]
188 (58.4971) --> [339]
189 (14.3563) --> [134]
190 (44.4926) --> [226]
191 (40.3944) --> [430, 97]
192 (12.1790) --> [77]
193 --> []
194 --> []
195 (47.8486) --> [42, 182]
196 (36.4672) --> [56, 199]
197 (38.3668) --> [327, 485]
198 (26.6047) --> [110]
199 (19.3435) --> [29]
200 --> []
201 --> []
202 (44.5198) --> [8]
203 (44.2845) --> [120, 241]
204 --> []
205 (33.4214) --> [397]
206 (31.2873) --> [222]
207 --> []
208 (44.5904) --> [349, 39]
209 (25.3180) --> [239]
210 (30.5501) --> [335]
211 (26.2746) --> [378]
212 --> []
213 (60.1044) --> [345]
214 (41.7320) --> [70]
215 (6.8373) --> [139]
216 --> []
217 --> []
218 (14.3542) --> [94]
219 (24.8441) --> [65]
220 (17.2642) --> [50]
221 --> []
222 --> []
223 (11.9921) --> [31]
224 (49.4754) --> [295]
225 (33.9930) --> [48, 55]
226 --> []
227 (22.4707) --> [460]
228 (4.2679) --> [40]
229 (41.8348) --> [359, 321]
230 (18.9764) --> [256]
231 (28.6462) --> [461]
232 (36.8987) --> [133, 465]
233 (18.1669) --> [243, 126]
234 (32.0154) --> [213, 408]
235 --> []
236 (11.9593) --> [168]
237 --> []
238 --> []
239 (25.9446) --> [272, 237]
240 (39.7643) --> [108]
241 (15.3047) --> [369]
242 (21.9549) --> [318]
243 (36.2577) --> [484]
244 (62.8341) --> [201, 387]
245 (19.7404) --> [217, 147]
246 (18.5623) --> [46]
247 (48.0579) --> [450]
248 (23.6232) --> [58]
249 (18.4502) --> [402]
250 (32.3985) --> [477, 470]
251 (40.1898) --> [188]
252 --> []
253 (36.5684) --> [399]
254 (47.1259) --> [74, 363]
255 (52.4679) --> [313]
256 (23.1515) --> [415]
257 (18.4872) --> [53]
258 (43.2285) --> [445, 223]
259 (19.3791) --> [157]
260 (62.3843) --> [224]
261 (60.9237) --> [286]
262 (5.9469) --> [92]
263 (37.4654) --> [291, 298]
264 (46.1502) --> [136]
265 --> []
266 (26.0428) --> [368, 356]
267 (38.9529) --> [420, 181]
268 (46.2285) --> [214, 209, 80]
269 (36.0455) --> [400, 111]
270 --> []
271 (25.2369) --> [255]
272 (41.4858) --> [266]
273 (60.7034) --> [459]
274 (17.6538) --> [492]
275 (78.3801) --> [138, 132]
276 --> []
277 (52.5875) --> [76]
278 (18.3676) --> [326]
279 (26.6340) --> [3, 483]
280 --> []
281 --> []
282 --> []
283 (6.3742) --> [355]
284 (54.1813) --> [88]
285 (9.2146) --> [283]
286 (31.2010) --> [18, 100]
287 (9.4960) --> [233]
288 (34.6957) --> [196]
289 --> []
290 --> []
291 --> []
292 --> []
293 (21.8066) --> [95, 64]
294 (14.2987) --> [467]
295 (23.5716) --> [191]
296 --> []
297 (52.2838) --> [440]
298 (7.9428) --> [341]
299 (45.2886) --> [373]
300 (46.9776) --> [265]
301 --> []
302 --> []
303 (31.6896) --> [464]
304 --> []
305 (51.1655) --> [244, 287]
306 --> []
307 --> []
308 --> []
309 (46.2610) --> [478]
310 (14.2395) --> [15]
311 (36.8712) --> [250]
312 (39.3626) --> [261]
313 (41.1666) --> [361, 495]
314 (53.5034) --> [281]
315 (20.1839) --> [417]
316 --> []
317 (20.7799) --> [45]
318 (66.1019) --> [17, 153]
319 (54.5126) --> [109, 380]
320 (24.5649) --> [434, 252]
321 --> []
322 (37.3818) --> [30]
323 (52.5859) --> [208, 160, 358]
324 (22.3223) --> [117]
325 (35.0917) --> [128]
326 (33.7732) --> [210]
327 (32.0481) --> [165, 405]
328 --> []
329 (36.7893) --> [174, 36]
330 (0.3041) --> [26]
331 --> []
332 (18.6032) --> [468]
333 (28.3982) --> [463, 489]
334 (16.8393) --> [179]
335 --> []
336 (47.1024) --> [47]
337 (26.0381) --> [105, 336]
338 --> []
339 (48.7665) --> [150]
340 --> []
341 --> []
342 --> []
343 (23.9363) --> [457]
344 (42.0344) --> [403, 446]
345 (42.2191) --> [183, 271]
346 --> []
347 (48.2557) --> [230]
348 (11.8615) --> [206]
349 --> []
350 --> []
351 (35.4329) --> [324, 288]
352 (31.6437) --> [186, 176]
353 (66.6847) --> [260]
354 (33.3615) --> [452]
355 --> []
356 --> []
357 --> []
358 --> []
359 --> []
360 (37.3724) --> [25]
361 --> []
362 (6.2326) --> [384]
363 (28.3236) --> [462, 393]
364 (31.1093) --> [19, 453]
365 (30.1914) --> [301]
366 (35.7184) --> [407, 311]
367 (23.6120) --> [308]
368 (51.8551) --> [371, 99]
369 (14.2557) --> [317]
370 (31.9044) --> [12, 337]
371 --> []
372 (40.6506) --> [406]
373 (58.3473) --> [273, 314]
374 (58.2786) --> [309]
375 (23.4090) --> [52, 488]
376 (14.2717) --> [228, 78]
377 (33.1113) --> [44]
378 (33.0129) --> [20]
379 --> []
380 (21.9066) --> [54]
381 (35.7300) --> [499]
382 (58.3920) --> [412]
383 (49.8669) --> [482]
384 (42.2916) --> [192]
385 --> []
386 --> []
387 (40.2885) --> [143]
388 (19.5887) --> [51]
389 --> []
390 (46.0338) --> [354]
391 (56.6811) --> [242]
392 (10.6374) --> [475]
393 (44.5422) --> [219]
394 (9.9617) --> [34]
395 --> []
396 --> []
397 --> []
398 (35.2420) --> [158]
399 --> []
400 (32.4341) --> [329]
401 --> []
402 (17.0226) --> [89, 365]
403 (19.0598) --> [306]
404 (19.3648) --> [187]
405 (11.0208) --> [1]
406 (34.2023) --> [416]
407 --> []
408 (36.6394) --> [221, 276, 152]
409 (32.3485) --> [290]
410 (16.0330) --> [297]
411 (33.3613) --> [177]
412 --> []
413 (61.8411) --> [264, 342]
414 (43.5765) --> [79, 215]
415 --> []
416 --> []
417 (29.1342) --> [375]
418 (33.2571) --> [294]
419 (11.8780) --> [364]
420 (14.6975) --> [154]
421 (33.2540) --> [107]
422 (43.2400) --> [259, 394]
423 (48.1713) --> [476, 171]
424 --> []
425 --> []
426 (26.6094) --> [360]
427 (38.0268) --> [351]
428 --> []
429 (43.2692) --> [409, 257]
430 (21.5342) --> [238, 395]
431 (49.2631) --> [362, 231]
432 (30.5963) --> [344]
433 (20.1963) --> [69]
434 (23.5891) --> [433, 205, 148]
435 (11.8826) --> [86]
436 (53.1493) --> [328]
437 (36.2032) --> [218, 432]
438 (39.5845) --> [310]
439 --> []
440 --> []
441 (52.3949) --> [198]
442 (24.1916) --> [333]
443 (6.7737) --> [292]
444 (32.6759) --> [59]
445 --> []
446 (33.8706) --> [5, 11]
447 --> []
448 (56.2608) --> [277, 106]
449 --> []
450 (45.1485) --> [493]
451 --> []
452 --> []
453 (51.4707) --> [119]
454 (36.9258) --> [262, 401]
455 (19.2941) --> [421]
456 --> []
457 (25.8799) --> [487]
458 (60.7534) --> [325, 229]
459 (17.7943) --> [427]
460 --> []
461 (51.0331) --> [263, 455, 38]
462 (31.5344) --> [316]
463 (30.0640) --> [131, 302]
464 (43.2298) --> [189, 90]
465 (34.9783) --> [398, 444]
466 (23.7577) --> [60]
467 (14.9267) --> [194]
468 (12.9710) --> [135]
469 (13.3839) --> [123]
470 (66.7355) --> [280]
471 (35.2694) --> [348]
472 (48.8788) --> [121, 441]
473 --> []
474 (21.0910) --> [334, 161]
475 (42.1143) --> [270, 386]
476 (29.0732) --> [170]
477 --> []
478 (40.6538) --> [428]
479 (42.7187) --> [332, 389]
480 --> []
481 (28.0274) --> [289, 240]
482 --> []
483 (54.7696) --> [353, 127, 93]
484 (52.9694) --> [268]
485 (24.7565) --> [235]
486 --> []
487 (38.2720) --> [22]
488 (16.7009) --> [73]
489 (32.5606) --> [300]
490 --> []
491 --> []
492 (35.8904) --> [66]
493 (22.9172) --> [185]
494 (47.0178) --> [305, 32]
495 (19.5491) --> [75]
496 (29.7562) --> [471]
497 --> []
498 (46.9861) --> [116]
499 (24.3208) --> [7]

final Solution energy: 2.3457477024779283E7
Calculated in 371949ms
Ants=1000, alpha=0.6, beta=3.0, evaporate factor=0.07
(for ../../mebp/mebp-10.dat)
