New best solution in iteration 0: 777313.4957579621
New best solution in iteration 1: 160885.81363752516
AVG (iterations 0 to 20): 681310.5981314859
AVG (iterations 20 to 40): 831687.2994537583
AVG (iterations 40 to 60): 532764.00448722
AVG (iterations 60 to 80): 652656.056676735
AVG (iterations 80 to 100): 617445.8750543275
AVG (iterations 100 to 120): 320220.75219255325
AVG (iterations 120 to 140): 197258.07828874217
AVG (iterations 140 to 160): 175935.10875513748
AVG (iterations 160 to 180): 176272.60875513748
AVG (iterations 180 to 200): 174885.8136375252
AVG (iterations 200 to 220): 175329.5636375252
AVG (iterations 220 to 240): 173704.5636375252
AVG (iterations 240 to 260): 173304.5636375252
AVG (iterations 260 to 280): 172079.5636375252
AVG (iterations 280 to 300): 173810.8136375252
AVG (iterations 300 to 320): 172248.3136375252
AVG (iterations 320 to 340): 173935.8136375252
AVG (iterations 340 to 360): 174042.0636375252
AVG (iterations 360 to 380): 173198.3136375252
AVG (iterations 380 to 400): 170917.0636375252
AVG (iterations 400 to 420): 171698.3136375252
AVG (iterations 420 to 440): 169017.0636375252
AVG (iterations 440 to 460): 172860.8136375252
AVG (iterations 460 to 480): 173704.5636375252
AVG (iterations 480 to 500): 172585.8136375252
AVG (iterations 500 to 520): 172523.3136375252
AVG (iterations 520 to 540): 173135.8136375252
AVG (iterations 540 to 560): 173135.8136375252
AVG (iterations 560 to 580): 173135.8136375252
AVG (iterations 580 to 600): 173135.8136375252
AVG (iterations 600 to 620): 173135.8136375252
AVG (iterations 620 to 640): 173135.8136375252
AVG (iterations 640 to 660): 173135.8136375252
AVG (iterations 660 to 680): 173135.8136375252
AVG (iterations 680 to 700): 173135.8136375252
AVG (iterations 700 to 720): 173135.8136375252
AVG (iterations 720 to 740): 173135.8136375252
AVG (iterations 740 to 760): 173135.8136375252
AVG (iterations 760 to 780): 173135.8136375252
AVG (iterations 780 to 800): 173135.8136375252
AVG (iterations 800 to 820): 173135.8136375252
AVG (iterations 820 to 840): 173135.8136375252
AVG (iterations 840 to 860): 173135.8136375252
AVG (iterations 860 to 880): 173135.8136375252
AVG (iterations 880 to 900): 173135.8136375252
AVG (iterations 900 to 920): 173135.8136375252
AVG (iterations 920 to 940): 173135.8136375252
AVG (iterations 940 to 960): 173135.8136375252
AVG (iterations 960 to 980): 173135.8136375252
Solution from ACO:
0 (46.0977) --> [4, 1, 3]
1 (15.0000) --> [2]
2 --> []
3 --> []
4 (39.0512) --> [6, 5]
5 --> []
6 --> []

Solution energy from ACO: 160885.81363752516
trying to improve with local search...
final Solution:
0 (46.0977) --> [4, 1, 3]
1 (15.0000) --> [2]
2 --> []
3 --> []
4 (39.0512) --> [6, 5]
5 --> []
6 --> []

final Solution energy: 160885.81363752516
Calculated in 632ms
Ants=1000, alpha=0.6, beta=3.0, evaporate factor=0.07
(for ../../mebp/mebp-00.dat)
