New best solution in iteration 0: 2.3088259896372313E9
New best solution in iteration 14: 2.248373456627041E9
AVG (iterations 0 to 20): 3.3763913856617346E9
New best solution in iteration 22: 1.8034579615310624E9
AVG (iterations 20 to 40): 3.194423547063107E9
AVG (iterations 40 to 60): 3.094458245387319E9
AVG (iterations 60 to 80): 2.9991649968659406E9
AVG (iterations 80 to 100): 3.145320832622529E9
AVG (iterations 100 to 120): 3.4182066877519746E9
AVG (iterations 120 to 140): 3.207253668364437E9
New best solution in iteration 142: 1.7437709946102812E9
New best solution in iteration 149: 1.4172170596589148E9
New best solution in iteration 157: 1.377251380593802E9
New best solution in iteration 158: 1.319113424761411E9
AVG (iterations 140 to 160): 2.370929069900932E9
New best solution in iteration 161: 1.201829452145299E9
New best solution in iteration 168: 1.0241507178629719E9
New best solution in iteration 172: 6.304650276396097E8
New best solution in iteration 177: 3.521225147275695E8
AVG (iterations 160 to 180): 1.2602024107670362E9
New best solution in iteration 185: 1.1233455766538401E8
New best solution in iteration 187: 6.4252738126824215E7
New best solution in iteration 188: 5.721778680160267E7
New best solution in iteration 191: 4.215181169208592E7
New best solution in iteration 195: 3.130036697899148E7
AVG (iterations 180 to 200): 2.330865551036523E8
New best solution in iteration 201: 2.9692446000564598E7
New best solution in iteration 210: 2.8088957458361894E7
New best solution in iteration 212: 2.7758252551494926E7
New best solution in iteration 220: 2.654699470163709E7
AVG (iterations 200 to 220): 8.257498323404278E7
AVG (iterations 220 to 240): 3.1204813066180628E7
New best solution in iteration 243: 2.645452038246584E7
New best solution in iteration 248: 2.622486493376556E7
New best solution in iteration 250: 2.5857478219653927E7
New best solution in iteration 260: 2.5730793275926962E7
AVG (iterations 240 to 260): 2.720987014125536E7
New best solution in iteration 261: 2.5496875369979225E7
New best solution in iteration 262: 2.476572873088689E7
AVG (iterations 260 to 280): 2.6260835270499818E7
AVG (iterations 280 to 300): 2.60998575671517E7
New best solution in iteration 318: 2.432137142079666E7
New best solution in iteration 319: 2.4110901503288057E7
AVG (iterations 300 to 320): 2.570446220214108E7
AVG (iterations 320 to 340): 2.6138809422857378E7
AVG (iterations 340 to 360): 2.593843626613734E7
AVG (iterations 360 to 380): 2.5472946445322752E7
AVG (iterations 380 to 400): 2.5817401905247755E7
AVG (iterations 400 to 420): 2.5631689570863426E7
AVG (iterations 420 to 440): 2.5399715611814316E7
New best solution in iteration 441: 2.392471436569826E7
AVG (iterations 440 to 460): 2.5047714756595872E7
AVG (iterations 460 to 480): 2.5153310257472906E7
AVG (iterations 480 to 500): 2.508461657346088E7
AVG (iterations 500 to 520): 2.465809342671444E7
New best solution in iteration 533: 2.328177004334688E7
AVG (iterations 520 to 540): 2.493436688886218E7
AVG (iterations 540 to 560): 2.5182755766592227E7
AVG (iterations 560 to 580): 2.4968482789300803E7
AVG (iterations 580 to 600): 2.513789492796295E7
AVG (iterations 600 to 620): 2.501757519230868E7
AVG (iterations 620 to 640): 2.532738677785162E7
AVG (iterations 640 to 660): 2.4989462545232918E7
AVG (iterations 660 to 680): 2.4692244408669814E7
AVG (iterations 680 to 700): 2.5162676331983246E7
AVG (iterations 700 to 720): 2.4847404651970986E7
AVG (iterations 720 to 740): 2.505534994681163E7
AVG (iterations 740 to 760): 2.5414303584681906E7
AVG (iterations 760 to 780): 2.5158019225428842E7
AVG (iterations 780 to 800): 2.5232511319341604E7
AVG (iterations 800 to 820): 2.4760602258421056E7
AVG (iterations 820 to 840): 2.485984078528935E7
New best solution in iteration 859: 2.327065828240036E7
AVG (iterations 840 to 860): 2.5134428738792438E7
New best solution in iteration 876: 2.308620180395575E7
AVG (iterations 860 to 880): 2.440515251120572E7
AVG (iterations 880 to 900): 2.4819229874114834E7
AVG (iterations 900 to 920): 2.500868184695685E7
New best solution in iteration 932: 2.2975177196942925E7
AVG (iterations 920 to 940): 2.463190466203023E7
AVG (iterations 940 to 960): 2.4875087802954663E7
AVG (iterations 960 to 980): 2.5022028247556683E7
Solution from ACO:
0 (49.4754) --> [236, 72, 403]
1 (13.7579) --> [334]
2 (22.5312) --> [427]
3 (38.5554) --> [24, 457]
4 (51.9321) --> [324]
5 (20.8450) --> [90, 433]
6 (39.7859) --> [149, 444]
7 (33.7214) --> [429]
8 --> []
9 (50.4405) --> [97, 141]
10 --> []
11 --> []
12 (9.4982) --> [488]
13 (5.6851) --> [489]
14 (31.1315) --> [358]
15 (42.6405) --> [143, 350]
16 (29.0061) --> [375]
17 (35.2264) --> [257, 364]
18 (20.7382) --> [110]
19 --> []
20 (47.6789) --> [336, 204]
21 --> []
22 (28.7141) --> [197, 205]
23 (38.6642) --> [189]
24 --> []
25 --> []
26 (39.9192) --> [206, 393]
27 (9.7846) --> [255]
28 --> []
29 --> []
30 --> []
31 (21.7947) --> [394]
32 (20.5905) --> [435]
33 --> []
34 (9.4210) --> [147]
35 (17.8505) --> [376]
36 (16.6840) --> [430]
37 (35.8726) --> [354]
38 (22.0088) --> [156]
39 (11.5983) --> [46]
40 (15.3423) --> [484]
41 (27.9797) --> [342, 284]
42 (32.0748) --> [261]
43 (68.8312) --> [455]
44 (22.6477) --> [151, 171]
45 (25.6017) --> [425]
46 --> []
47 --> []
48 (42.3961) --> [229, 316]
49 (47.5881) --> [249]
50 (26.7218) --> [211]
51 (17.3837) --> [158]
52 (64.1137) --> [264, 287]
53 (33.1892) --> [465]
54 --> []
55 --> []
56 --> []
57 --> []
58 (2.5110) --> [122]
59 (47.2745) --> [238]
60 --> []
61 (71.9809) --> [137, 242]
62 --> []
63 (26.1205) --> [419]
64 (30.9094) --> [346]
65 (34.7365) --> [226]
66 (16.2287) --> [357, 67]
67 (48.6934) --> [365, 246]
68 (15.0659) --> [231]
69 (27.2084) --> [120, 382, 5]
70 (13.8910) --> [78, 60]
71 (45.3609) --> [212]
72 (16.9356) --> [305, 86]
73 (17.2493) --> [253]
74 (63.3685) --> [64, 492]
75 --> []
76 --> []
77 (17.5146) --> [486]
78 (17.9995) --> [163]
79 --> []
80 (40.3635) --> [349, 162, 288]
81 (22.2247) --> [155]
82 (52.2705) --> [133]
83 (11.7807) --> [146]
84 --> []
85 --> []
86 --> []
87 (17.8442) --> [373]
88 (46.2035) --> [417, 209]
89 (61.8375) --> [107, 176, 23]
90 --> []
91 --> []
92 --> []
93 (20.1812) --> [347]
94 (10.0920) --> [139]
95 (47.1536) --> [87]
96 (37.1531) --> [73]
97 --> []
98 (49.6971) --> [397]
99 --> []
100 (25.5911) --> [98]
101 (58.4621) --> [272]
102 (33.5268) --> [114]
103 (31.6148) --> [274]
104 (18.1290) --> [370]
105 (61.4897) --> [412, 56, 478]
106 (50.8889) --> [366, 52]
107 --> []
108 (24.4518) --> [343, 192]
109 (32.1675) --> [234]
110 (42.4547) --> [22]
111 (31.9351) --> [129]
112 (30.4741) --> [7]
113 --> []
114 (21.8430) --> [464, 100]
115 (25.2023) --> [276]
116 --> []
117 (54.5374) --> [65, 415]
118 (33.7729) --> [280, 275]
119 --> []
120 --> []
121 --> []
122 (10.8607) --> [338]
123 --> []
124 (6.6663) --> [167]
125 (46.0671) --> [413]
126 (47.6724) --> [454, 117]
127 (62.0578) --> [391]
128 (39.5600) --> [449]
129 (22.1976) --> [177]
130 --> []
131 (10.8396) --> [371]
132 (22.7847) --> [35]
133 (49.1422) --> [184, 95]
134 (28.3831) --> [262]
135 (33.3445) --> [230]
136 --> []
137 (47.6607) --> [323, 326]
138 (17.7199) --> [459]
139 (16.0824) --> [4]
140 --> []
141 (35.6279) --> [27, 84]
142 (51.2315) --> [270]
143 (27.3276) --> [471]
144 (30.4247) --> [381, 406]
145 (5.1712) --> [159]
146 --> []
147 (36.5457) --> [450, 26]
148 --> []
149 (38.6053) --> [88, 178]
150 --> []
151 (20.8113) --> [71]
152 (33.8625) --> [330, 440]
153 (42.5219) --> [213]
154 --> []
155 --> []
156 (15.7647) --> [138]
157 (12.4058) --> [329]
158 (7.6794) --> [409]
159 (27.0230) --> [390]
160 --> []
161 --> []
162 (9.7676) --> [53]
163 (29.2237) --> [116]
164 (11.3262) --> [404]
165 (51.6040) --> [463, 239, 224]
166 --> []
167 (1.7401) --> [372]
168 (34.7143) --> [152]
169 (50.5689) --> [214, 321]
170 --> []
171 (27.5913) --> [493, 400]
172 (56.2492) --> [216, 332]
173 --> []
174 (60.2609) --> [448]
175 (47.1112) --> [259, 140]
176 (35.0863) --> [181]
177 (27.0372) --> [267]
178 (15.6633) --> [193]
179 (44.3463) --> [315]
180 --> []
181 (61.9192) --> [431]
182 (34.8917) --> [300]
183 (19.6692) --> [307]
184 (8.8641) --> [408]
185 (27.6758) --> [499]
186 (10.1362) --> [225]
187 (80.1947) --> [348, 76]
188 (49.8087) --> [109]
189 (47.2953) --> [398]
190 --> []
191 (37.6403) --> [75]
192 (38.2171) --> [456, 469]
193 (23.4837) --> [467]
194 (39.8430) --> [383, 310]
195 (17.0793) --> [128]
196 --> []
197 (18.1831) --> [318]
198 (45.7242) --> [113, 418]
199 (39.5275) --> [96]
200 (27.6489) --> [126]
201 (39.0282) --> [497]
202 (11.3675) --> [68]
203 (37.6260) --> [80]
204 (25.7327) --> [303, 495]
205 (38.8808) --> [483]
206 --> []
207 --> []
208 (33.4695) --> [309, 285]
209 --> []
210 (43.5116) --> [487, 194]
211 (17.8626) --> [175]
212 (53.9488) --> [58, 258]
213 (37.9787) --> [328, 387]
214 (3.3700) --> [320]
215 (57.5274) --> [101]
216 (17.2305) --> [104]
217 (37.0157) --> [301]
218 (24.7335) --> [421]
219 --> []
220 --> []
221 --> []
222 --> []
223 (45.9451) --> [61, 490]
224 --> []
225 --> []
226 (52.2312) --> [188]
227 (21.3960) --> [353]
228 (45.6514) --> [102]
229 (56.9956) --> [298]
230 (28.7170) --> [474]
231 (45.9766) --> [322]
232 (21.7437) --> [150]
233 --> []
234 (22.6187) --> [439]
235 (24.6752) --> [169]
236 (68.5248) --> [33, 142]
237 --> []
238 (23.1659) --> [105]
239 (17.9253) --> [399]
240 --> []
241 --> []
242 (27.0700) --> [3]
243 (49.3515) --> [228]
244 (11.2673) --> [423]
245 --> []
246 --> []
247 (49.2033) --> [2]
248 --> []
249 --> []
250 (29.7454) --> [289]
251 --> []
252 (54.9793) --> [461, 436]
253 (63.6432) --> [31]
254 (41.8571) --> [396]
255 (23.4381) --> [85]
256 --> []
257 (31.1820) --> [292]
258 (49.8943) --> [20]
259 --> []
260 (37.0270) --> [9, 311]
261 (54.5640) --> [94, 426]
262 --> []
263 (41.4704) --> [161, 62]
264 (55.3142) --> [89]
265 (61.2169) --> [112]
266 (20.9036) --> [475]
267 (22.7703) --> [498, 384]
268 --> []
269 (19.0588) --> [263]
270 (18.6568) --> [252]
271 (34.4940) --> [379]
272 (1.7210) --> [131]
273 (49.2014) --> [179, 54]
274 (8.7132) --> [401]
275 --> []
276 (26.5114) --> [148, 494]
277 (3.2810) --> [432]
278 (50.4243) --> [37, 341]
279 (14.9374) --> [30]
280 (18.9298) --> [340]
281 --> []
282 (23.7477) --> [395]
283 (26.5662) --> [32]
284 --> []
285 (35.9154) --> [385]
286 --> []
287 (30.5796) --> [237, 477]
288 (3.5396) --> [265]
289 (34.1726) --> [217]
290 (34.1815) --> [221]
291 (64.7957) --> [296, 69]
292 --> []
293 --> []
294 (42.9387) --> [424, 119, 361]
295 (43.9402) --> [496, 39, 271]
296 (28.0427) --> [441, 269]
297 (39.8491) --> [247]
298 (7.9000) --> [165]
299 (31.5504) --> [125, 21]
300 (24.6286) --> [286]
301 (34.7521) --> [359]
302 (56.9125) --> [458, 462]
303 (20.7475) --> [123]
304 (30.0352) --> [10, 232]
305 (34.1806) --> [344]
306 (17.1605) --> [157]
307 (49.5849) --> [200, 369]
308 --> []
309 (8.7476) --> [103]
310 (28.5265) --> [437, 293]
311 --> []
312 (11.9136) --> [367]
313 --> []
314 (7.1412) --> [124]
315 (35.8076) --> [6]
316 (26.5375) --> [190]
317 (18.6937) --> [473]
318 (39.4248) --> [302]
319 (24.7447) --> [1]
320 --> []
321 (55.6446) --> [82]
322 (36.9214) --> [256, 380]
323 (28.6012) --> [222]
324 --> []
325 (35.0333) --> [355, 77, 196]
326 (48.0920) --> [45]
327 (15.5829) --> [210]
328 (17.6096) --> [57]
329 (17.0193) --> [314]
330 (69.4596) --> [173]
331 (34.5532) --> [38]
332 (53.9755) --> [416]
333 (45.2594) --> [215, 186]
334 (9.1519) --> [243, 363]
335 (23.6364) --> [41]
336 --> []
337 --> []
338 (28.1974) --> [295]
339 (21.6941) --> [337, 244]
340 (10.4760) --> [335]
341 (30.2662) --> [317]
342 --> []
343 (35.2822) --> [127, 29]
344 (60.4494) --> [472]
345 (18.6050) --> [219, 240]
346 (28.3670) --> [91]
347 (11.8083) --> [297]
348 (10.4453) --> [25]
349 (23.2511) --> [446, 15]
350 (44.0036) --> [445, 99]
351 --> []
352 --> []
353 (37.2991) --> [281, 49]
354 (62.3751) --> [414]
355 --> []
356 --> []
357 --> []
358 (43.1813) --> [331, 377]
359 --> []
360 (58.8633) --> [235, 183]
361 (15.5394) --> [63]
362 --> []
363 (12.0726) --> [306]
364 --> []
365 (33.1238) --> [333]
366 (49.6514) --> [291, 248]
367 (84.3537) --> [174, 351]
368 --> []
369 --> []
370 (29.5895) --> [153]
371 (58.0708) --> [254, 154]
372 (23.1621) --> [362]
373 --> []
374 --> []
375 (18.3562) --> [40]
376 (13.2054) --> [218]
377 --> []
378 --> []
379 --> []
380 (42.8216) --> [17]
381 (17.2400) --> [294]
382 --> []
383 (25.6871) --> [43]
384 (49.4473) --> [19, 442]
385 --> []
386 (48.6913) --> [182, 438, 187]
387 (38.7750) --> [266, 48]
388 --> []
389 (43.6443) --> [392, 121]
390 (55.1557) --> [405, 241, 164]
391 --> []
392 (41.4461) --> [70]
393 --> []
394 (40.3013) --> [245]
395 (42.1189) --> [195, 422]
396 (39.4637) --> [199, 44]
397 (22.0194) --> [227]
398 (37.4729) --> [327]
399 (58.5203) --> [308, 299]
400 (20.7662) --> [283]
401 --> []
402 (45.2572) --> [198, 59]
403 (17.2572) --> [447]
404 (28.1467) --> [434, 51]
405 (26.2971) --> [11]
406 --> []
407 (52.5057) --> [428, 132]
408 (19.2944) --> [250]
409 (33.7891) --> [50]
410 (0.1513) --> [279]
411 --> []
412 (15.6819) --> [278]
413 (51.0399) --> [268, 223]
414 --> []
415 (14.8063) --> [12]
416 (41.8466) --> [135]
417 (52.2946) --> [79]
418 --> []
419 (48.7525) --> [485]
420 (10.4726) --> [251]
421 (25.5382) --> [476]
422 --> []
423 (37.9761) --> [207]
424 (57.5520) --> [166]
425 (40.4471) --> [55]
426 (23.4328) --> [136]
427 (73.7394) --> [452]
428 (33.1041) --> [453]
429 (61.0507) --> [460, 47]
430 (12.6659) --> [191, 468]
431 (42.4761) --> [368]
432 (26.4017) --> [172]
433 (26.8646) --> [18]
434 (36.1860) --> [111]
435 (42.0449) --> [42]
436 (20.1199) --> [312, 411]
437 (42.3128) --> [220, 134]
438 (59.1283) --> [168]
439 (26.9823) --> [319]
440 (16.6791) --> [420]
441 (30.4531) --> [83]
442 --> []
443 (22.7041) --> [36]
444 (19.1829) --> [233, 491]
445 (29.8178) --> [466]
446 --> []
447 (20.5685) --> [203]
448 (50.1895) --> [208]
449 --> []
450 (34.3647) --> [356, 374]
451 (12.7344) --> [388]
452 --> []
453 (51.7986) --> [360]
454 (46.7163) --> [277, 92]
455 --> []
456 (23.0540) --> [480, 93, 130]
457 (5.6754) --> [185]
458 (50.0816) --> [339, 260]
459 (22.2289) --> [345]
460 (61.3666) --> [144, 479]
461 (65.3979) --> [407]
462 (27.2153) --> [482]
463 --> []
464 --> []
465 --> []
466 (34.8995) --> [402]
467 --> []
468 (16.6095) --> [28]
469 --> []
470 (30.9235) --> [8, 451]
471 (29.3370) --> [180]
472 (28.2455) --> [481]
473 (38.3111) --> [202, 34]
474 (40.1958) --> [410]
475 --> []
476 (20.1454) --> [81]
477 (36.3142) --> [386]
478 (54.3834) --> [108]
479 (39.6346) --> [470, 160]
480 (25.8960) --> [201]
481 (34.3914) --> [106]
482 (22.8928) --> [14]
483 (11.4745) --> [389]
484 (40.2085) --> [170]
485 (39.6867) --> [352, 118]
486 (44.0024) --> [443]
487 (20.2396) --> [325]
488 (52.6709) --> [66]
489 (13.7185) --> [282]
490 (7.4340) --> [145]
491 (32.0026) --> [304]
492 --> []
493 (21.9204) --> [13]
494 --> []
495 (20.8803) --> [290]
496 (11.8114) --> [115]
497 (32.2235) --> [16, 273]
498 (47.7243) --> [74]
499 (36.6474) --> [378, 313]

Solution energy from ACO: 2.2975177196942925E7
trying to improve with local search...
final Solution:
0 (49.4754) --> [236, 72, 403]
1 (13.7579) --> [334]
2 (22.5312) --> [427]
3 (38.5554) --> [24, 457]
4 (51.9321) --> [324]
5 (20.8450) --> [90, 433]
6 (39.7859) --> [149, 444]
7 (33.7214) --> [429]
8 --> []
9 (50.4405) --> [97, 141]
10 --> []
11 --> []
12 (9.4982) --> [488]
13 (5.6851) --> [489]
14 (31.1315) --> [358]
15 (42.6405) --> [143, 350]
16 (29.0061) --> [375]
17 (35.2264) --> [257, 364]
18 (20.7382) --> [110]
19 --> []
20 (47.6789) --> [336, 204]
21 --> []
22 (28.7141) --> [197, 205]
23 (38.6642) --> [189]
24 --> []
25 --> []
26 (39.9192) --> [206, 393]
27 (9.7846) --> [255]
28 --> []
29 --> []
30 --> []
31 (21.7947) --> [394]
32 (20.5905) --> [435]
33 --> []
34 (9.4210) --> [147]
35 (17.8505) --> [376]
36 (16.6840) --> [430]
37 (35.8726) --> [354]
38 (22.0088) --> [156]
39 (11.5983) --> [46]
40 (15.3423) --> [484]
41 (27.9797) --> [342, 284]
42 (32.0748) --> [261]
43 (68.8312) --> [455]
44 (22.6477) --> [151, 171]
45 (25.6017) --> [425]
46 --> []
47 --> []
48 (42.3961) --> [229, 316]
49 (47.5881) --> [249]
50 (26.7218) --> [211]
51 (17.3837) --> [158]
52 (64.1137) --> [264, 287]
53 (33.1892) --> [465]
54 --> []
55 --> []
56 --> []
57 --> []
58 (2.5110) --> [122]
59 (47.2745) --> [238]
60 --> []
61 (71.9809) --> [137, 242]
62 --> []
63 (26.1205) --> [419]
64 (30.9094) --> [346]
65 (34.7365) --> [226]
66 (16.2287) --> [357, 67]
67 (48.6934) --> [365, 246]
68 (15.0659) --> [231]
69 (27.2084) --> [120, 382, 5]
70 (13.8910) --> [78, 60]
71 (45.3609) --> [212]
72 (16.9356) --> [305, 86]
73 (17.2493) --> [253]
74 (63.3685) --> [64, 492]
75 --> []
76 --> []
77 (17.5146) --> [486]
78 (17.9995) --> [163]
79 --> []
80 (40.3635) --> [349, 162, 288]
81 (22.2247) --> [155]
82 (52.2705) --> [133]
83 (11.7807) --> [146]
84 --> []
85 --> []
86 --> []
87 (17.8442) --> [373]
88 (46.2035) --> [417, 209]
89 (61.8375) --> [107, 176, 23]
90 --> []
91 --> []
92 --> []
93 (20.1812) --> [347]
94 (10.0920) --> [139]
95 (47.1536) --> [87]
96 (37.1531) --> [73]
97 --> []
98 (49.6971) --> [397]
99 --> []
100 (25.5911) --> [98]
101 (58.4621) --> [272]
102 (33.5268) --> [114]
103 (31.6148) --> [274]
104 (18.1290) --> [370]
105 (61.4897) --> [412, 56, 478]
106 (50.8889) --> [366, 52]
107 --> []
108 (24.4518) --> [343, 192]
109 (32.1675) --> [234]
110 (42.4547) --> [22]
111 (31.9351) --> [129]
112 (30.4741) --> [7]
113 --> []
114 (21.8430) --> [464, 100]
115 (25.2023) --> [276]
116 --> []
117 (54.5374) --> [65, 415]
118 (33.7729) --> [280, 275]
119 --> []
120 --> []
121 --> []
122 (10.8607) --> [338]
123 --> []
124 (6.6663) --> [167]
125 (46.0671) --> [413]
126 (47.6724) --> [454, 117]
127 (62.0578) --> [391]
128 (39.5600) --> [449]
129 (22.1976) --> [177]
130 --> []
131 (10.8396) --> [371]
132 (22.7847) --> [35]
133 (49.1422) --> [184, 95]
134 (28.3831) --> [262]
135 (33.3445) --> [230]
136 --> []
137 (47.6607) --> [323, 326]
138 (17.7199) --> [459]
139 (16.0824) --> [4]
140 --> []
141 (35.6279) --> [27, 84]
142 (51.2315) --> [270]
143 (27.3276) --> [471]
144 (30.4247) --> [381, 406]
145 (5.1712) --> [159]
146 --> []
147 (36.5457) --> [450, 26]
148 --> []
149 (38.6053) --> [88, 178]
150 --> []
151 (15.6599) --> [44]
152 (33.8625) --> [330, 440]
153 (42.5219) --> [213]
154 --> []
155 --> []
156 (15.7647) --> [138]
157 (12.4058) --> [329]
158 (7.6794) --> [409]
159 (27.0230) --> [390]
160 --> []
161 --> []
162 (9.7676) --> [53]
163 (29.2237) --> [116]
164 (11.3262) --> [404]
165 (51.6040) --> [463, 239, 224]
166 --> []
167 (1.7401) --> [372]
168 (34.7143) --> [152]
169 (50.5689) --> [214, 321]
170 --> []
171 (27.5913) --> [493, 400]
172 (56.2492) --> [216, 332]
173 --> []
174 (60.2609) --> [448]
175 (47.1112) --> [259, 140]
176 (35.0863) --> [181]
177 (27.0372) --> [267]
178 (15.6633) --> [193]
179 (44.3463) --> [315]
180 --> []
181 (61.9192) --> [431]
182 (34.8917) --> [300]
183 (19.6692) --> [307]
184 (8.8641) --> [408]
185 (27.6758) --> [499]
186 (10.1362) --> [225]
187 (80.1947) --> [348, 76]
188 (49.8087) --> [109]
189 (47.2953) --> [398]
190 --> []
191 (37.6403) --> [75]
192 (38.2171) --> [456, 469]
193 (23.4837) --> [467]
194 (39.8430) --> [383, 310]
195 (17.0793) --> [128]
196 --> []
197 (18.1831) --> [318]
198 (45.7242) --> [113, 418]
199 (39.5275) --> [96]
200 (27.6489) --> [126]
201 (39.0282) --> [497]
202 (11.3675) --> [68]
203 (37.6260) --> [80]
204 (25.7327) --> [303, 495]
205 (38.8808) --> [483]
206 --> []
207 --> []
208 (33.4695) --> [309, 285]
209 --> []
210 (43.5116) --> [487, 194]
211 (17.8626) --> [175]
212 (53.9488) --> [58, 258]
213 (37.9787) --> [328, 387]
214 (3.3700) --> [320]
215 (57.5274) --> [101]
216 (17.2305) --> [104]
217 (37.0157) --> [301]
218 (24.7335) --> [421]
219 --> []
220 --> []
221 --> []
222 --> []
223 (45.9451) --> [61, 490]
224 --> []
225 --> []
226 (52.2312) --> [188]
227 (21.3960) --> [353]
228 (45.6514) --> [102]
229 (56.9956) --> [298]
230 (28.7170) --> [474]
231 (45.9766) --> [322]
232 (21.7437) --> [150]
233 --> []
234 (22.6187) --> [439]
235 (24.6752) --> [169]
236 (68.5248) --> [33, 142]
237 --> []
238 (23.1659) --> [105]
239 (17.9253) --> [399]
240 --> []
241 --> []
242 (27.0700) --> [3]
243 (49.3515) --> [228]
244 (11.2673) --> [423]
245 --> []
246 --> []
247 (49.2033) --> [2]
248 --> []
249 --> []
250 (29.7454) --> [289]
251 --> []
252 (54.9793) --> [461, 436]
253 (63.6432) --> [31]
254 (41.8571) --> [396]
255 (23.4381) --> [85]
256 --> []
257 (31.1820) --> [292]
258 (49.8943) --> [20]
259 --> []
260 (37.0270) --> [9, 311]
261 (54.5640) --> [94, 426]
262 --> []
263 (41.4704) --> [161, 62]
264 (55.3142) --> [89]
265 (61.2169) --> [112]
266 (20.9036) --> [475]
267 (22.7703) --> [498, 384]
268 --> []
269 (19.0588) --> [263]
270 (18.6568) --> [252]
271 (34.4940) --> [379]
272 (1.7210) --> [131]
273 (49.2014) --> [179, 54]
274 (8.7132) --> [401]
275 --> []
276 (26.5114) --> [148, 494]
277 (3.2810) --> [432]
278 (50.4243) --> [37, 341]
279 (14.9374) --> [30]
280 (18.9298) --> [340]
281 --> []
282 (23.7477) --> [395]
283 (26.5662) --> [32]
284 --> []
285 (35.9154) --> [385]
286 --> []
287 (30.5796) --> [237, 477]
288 (3.5396) --> [265]
289 (34.1726) --> [217]
290 (34.1815) --> [221]
291 (64.7957) --> [296, 69]
292 --> []
293 --> []
294 (42.9387) --> [424, 119, 361]
295 (43.9402) --> [496, 39, 271]
296 (28.0427) --> [441, 269]
297 (39.8491) --> [247]
298 (7.9000) --> [165]
299 (31.5504) --> [125, 21]
300 (24.6286) --> [286]
301 (34.7521) --> [359]
302 (56.9125) --> [458, 462]
303 (20.7475) --> [123]
304 (30.0352) --> [10, 232]
305 (34.1806) --> [344]
306 (17.1605) --> [157]
307 (49.5849) --> [200, 369]
308 --> []
309 (8.7476) --> [103]
310 (28.5265) --> [437, 293]
311 --> []
312 (11.9136) --> [367]
313 --> []
314 (7.1412) --> [124]
315 (35.8076) --> [6]
316 (26.5375) --> [190]
317 (18.6937) --> [473]
318 (39.4248) --> [302]
319 (24.7447) --> [1]
320 --> []
321 (55.6446) --> [82]
322 (36.9214) --> [256, 380]
323 (28.6012) --> [222]
324 --> []
325 (35.0333) --> [355, 77, 196]
326 (48.0920) --> [45]
327 (15.5829) --> [210]
328 (17.6096) --> [57]
329 (17.0193) --> [314]
330 (69.4596) --> [173]
331 (34.5532) --> [38]
332 (53.9755) --> [416]
333 (45.2594) --> [215, 186]
334 (9.1519) --> [243, 363]
335 (23.6364) --> [41]
336 --> []
337 --> []
338 (28.1974) --> [295]
339 (21.6941) --> [337, 244]
340 (10.4760) --> [335]
341 (30.2662) --> [317]
342 --> []
343 (35.2822) --> [127, 29]
344 (60.4494) --> [472]
345 (18.6050) --> [219, 240]
346 (28.3670) --> [91]
347 (11.8083) --> [297]
348 (10.4453) --> [25]
349 (23.2511) --> [446, 15]
350 (44.0036) --> [445, 99]
351 --> []
352 --> []
353 (37.2991) --> [281, 49]
354 (62.3751) --> [414]
355 --> []
356 --> []
357 --> []
358 (43.1813) --> [331, 377]
359 --> []
360 (58.8633) --> [235, 183]
361 (15.5394) --> [63]
362 --> []
363 (12.0726) --> [306]
364 --> []
365 (33.1238) --> [333]
366 (49.6514) --> [291, 248]
367 (84.3537) --> [174, 351]
368 --> []
369 --> []
370 (29.5895) --> [153]
371 (58.0708) --> [254, 154]
372 (23.1621) --> [362]
373 --> []
374 --> []
375 (18.3562) --> [40]
376 (13.2054) --> [218]
377 --> []
378 --> []
379 --> []
380 (42.8216) --> [17]
381 (17.2400) --> [294]
382 --> []
383 (25.6871) --> [43]
384 (49.4473) --> [19, 442]
385 --> []
386 (48.6913) --> [182, 438, 187]
387 (38.7750) --> [266, 48]
388 --> []
389 (43.6443) --> [392, 121]
390 (55.1557) --> [405, 241, 164]
391 --> []
392 (41.4461) --> [70]
393 --> []
394 (40.3013) --> [245]
395 (42.1189) --> [195, 422]
396 (39.4637) --> [199, 71]
397 (22.0194) --> [227]
398 (37.4729) --> [327]
399 (58.5203) --> [308, 299]
400 (20.7662) --> [283]
401 --> []
402 (45.2572) --> [198, 59]
403 (17.2572) --> [447]
404 (28.1467) --> [434, 51]
405 (26.2971) --> [11]
406 --> []
407 (52.5057) --> [428, 132]
408 (19.2944) --> [250]
409 (33.7891) --> [50]
410 (0.1513) --> [279]
411 --> []
412 (15.6819) --> [278]
413 (51.0399) --> [268, 223]
414 --> []
415 (14.8063) --> [12]
416 (41.8466) --> [135]
417 (52.2946) --> [79]
418 --> []
419 (48.7525) --> [485]
420 (10.4726) --> [251]
421 (25.5382) --> [476]
422 --> []
423 (37.9761) --> [207]
424 (57.5520) --> [166]
425 (40.4471) --> [55]
426 (23.4328) --> [136]
427 (73.7394) --> [452]
428 (33.1041) --> [453]
429 (61.0507) --> [460, 47]
430 (12.6659) --> [191, 468]
431 (42.4761) --> [368]
432 (26.4017) --> [172]
433 (26.8646) --> [18]
434 (36.1860) --> [111]
435 (42.0449) --> [42]
436 (20.1199) --> [312, 411]
437 (42.3128) --> [220, 134]
438 (59.1283) --> [168]
439 (26.9823) --> [319]
440 (16.6791) --> [420]
441 (30.4531) --> [83]
442 --> []
443 (22.7041) --> [36]
444 (19.1829) --> [233, 491]
445 (29.8178) --> [466]
446 --> []
447 (20.5685) --> [203]
448 (50.1895) --> [208]
449 --> []
450 (34.3647) --> [356, 374]
451 (12.7344) --> [388]
452 --> []
453 (51.7986) --> [360]
454 (46.7163) --> [277, 92]
455 --> []
456 (23.0540) --> [480, 93, 130]
457 (5.6754) --> [185]
458 (50.0816) --> [339, 260]
459 (22.2289) --> [345]
460 (61.3666) --> [144, 479]
461 (65.3979) --> [407]
462 (27.2153) --> [482]
463 --> []
464 --> []
465 --> []
466 (34.8995) --> [402]
467 --> []
468 (16.6095) --> [28]
469 --> []
470 (30.9235) --> [8, 451]
471 (29.3370) --> [180]
472 (28.2455) --> [481]
473 (38.3111) --> [202, 34]
474 (40.1958) --> [410]
475 --> []
476 (20.1454) --> [81]
477 (36.3142) --> [386]
478 (54.3834) --> [108]
479 (39.6346) --> [470, 160]
480 (25.8960) --> [201]
481 (34.3914) --> [106]
482 (22.8928) --> [14]
483 (11.4745) --> [389]
484 (40.2085) --> [170]
485 (39.6867) --> [352, 118]
486 (44.0024) --> [443]
487 (20.2396) --> [325]
488 (52.6709) --> [66]
489 (13.7185) --> [282]
490 (7.4340) --> [145]
491 (32.0026) --> [304]
492 --> []
493 (21.9204) --> [13]
494 --> []
495 (20.8803) --> [290]
496 (11.8114) --> [115]
497 (32.2235) --> [16, 273]
498 (47.7243) --> [74]
499 (36.6474) --> [378, 313]

final Solution energy: 2.2970003889934555E7
Calculated in 448799ms
Ants=1000, alpha=0.6, beta=3.0, evaporate factor=0.07
(for ../../mebp/mebp-11.dat)
