New best solution in iteration 0: 1.0415650197028654E9
New best solution in iteration 3: 8.206802927623367E8
New best solution in iteration 5: 6.71093242689597E8
New best solution in iteration 8: 5.52056755033162E8
New best solution in iteration 12: 5.291046395089541E8
AVG (iterations 0 to 20): 9.334710091622182E8
New best solution in iteration 23: 5.102272218975933E8
AVG (iterations 20 to 40): 9.338456274647936E8
New best solution in iteration 43: 1.9679753785531232E8
AVG (iterations 40 to 60): 9.875257374825875E8
AVG (iterations 60 to 80): 1.0112332328169196E9
AVG (iterations 80 to 100): 9.32508755047815E8
AVG (iterations 100 to 120): 8.493395157985951E8
AVG (iterations 120 to 140): 9.556804482670119E8
AVG (iterations 140 to 160): 5.0744501921487606E8
New best solution in iteration 173: 1.7044056755159062E8
New best solution in iteration 176: 1.6842546427572814E8
AVG (iterations 160 to 180): 3.2302796598116857E8
New best solution in iteration 189: 1.60611581728462E8
New best solution in iteration 190: 1.5725358518710548E8
AVG (iterations 180 to 200): 2.3237331713875264E8
New best solution in iteration 215: 1.5715992747676027E8
AVG (iterations 200 to 220): 1.8970969188720804E8
AVG (iterations 220 to 240): 1.9683070926961187E8
AVG (iterations 240 to 260): 1.8716422067657202E8
AVG (iterations 260 to 280): 1.6788317108181152E8
AVG (iterations 280 to 300): 1.8512034989583918E8
AVG (iterations 300 to 320): 1.693510287632083E8
AVG (iterations 320 to 340): 1.7075951053312597E8
AVG (iterations 340 to 360): 1.6942540007383105E8
AVG (iterations 360 to 380): 1.690930264227542E8
AVG (iterations 380 to 400): 1.6885947859190154E8
AVG (iterations 400 to 420): 1.6932030928369388E8
New best solution in iteration 440: 1.5714887262160498E8
AVG (iterations 420 to 440): 1.6807889290285584E8
AVG (iterations 440 to 460): 1.6721044760318932E8
AVG (iterations 460 to 480): 1.67902089016926E8
AVG (iterations 480 to 500): 1.682667734033145E8
AVG (iterations 500 to 520): 1.7098800985065275E8
AVG (iterations 520 to 540): 1.711583718580547E8
AVG (iterations 540 to 560): 1.694134971726707E8
AVG (iterations 560 to 580): 1.6937897541690856E8
AVG (iterations 580 to 600): 1.6670671722796506E8
AVG (iterations 600 to 620): 1.6808214862661502E8
AVG (iterations 620 to 640): 1.674661691820995E8
AVG (iterations 640 to 660): 1.7051354281121844E8
AVG (iterations 660 to 680): 1.6977455174901366E8
AVG (iterations 680 to 700): 1.698330008256356E8
AVG (iterations 700 to 720): 1.6978743352783442E8
AVG (iterations 720 to 740): 1.6644064689349806E8
AVG (iterations 740 to 760): 1.6824941790425915E8
AVG (iterations 760 to 780): 1.6835653406028977E8
AVG (iterations 780 to 800): 1.6769197560193998E8
AVG (iterations 800 to 820): 1.6858383524991044E8
AVG (iterations 820 to 840): 1.7102512627384374E8
AVG (iterations 840 to 860): 1.7117801744169068E8
AVG (iterations 860 to 880): 1.732194560338261E8
AVG (iterations 880 to 900): 1.660399848988165E8
AVG (iterations 900 to 920): 1.6724391771013135E8
AVG (iterations 920 to 940): 1.7041609435175866E8
AVG (iterations 940 to 960): 1.6687957506474084E8
AVG (iterations 960 to 980): 1.6895643890818423E8
Solution from ACO:
0 (370.3213) --> [1, 10, 3]
1 (133.6589) --> [13]
2 (398.1973) --> [18, 9, 8]
3 (116.4812) --> [11]
4 --> []
5 --> []
6 (144.1451) --> [12]
7 --> []
8 --> []
9 (77.6379) --> [15, 5]
10 (169.8409) --> [4]
11 (133.0112) --> [16]
12 (188.0342) --> [2]
13 (165.5522) --> [14, 17]
14 --> []
15 --> []
16 --> []
17 (118.9643) --> [6]
18 (250.2520) --> [19, 7]
19 --> []

Solution energy from ACO: 1.5714887262160498E8
trying to improve with local search...
final Solution:
0 (370.3213) --> [10, 3, 14]
1 (133.6589) --> [13]
2 (398.1973) --> [18, 9, 8]
3 (116.4812) --> [11]
4 --> []
5 --> []
6 (144.1451) --> [12]
7 --> []
8 --> []
9 (77.6379) --> [15, 5]
10 (169.8409) --> [4]
11 (133.0112) --> [16]
12 (188.0342) --> [2]
13 (133.6589) --> [17, 1]
14 --> []
15 --> []
16 --> []
17 (118.9643) --> [6]
18 (250.2520) --> [19, 7]
19 --> []

final Solution energy: 1.5499926736922446E8
Calculated in 812ms
Ants=1000, alpha=0.6, beta=3.0, evaporate factor=0.07
(for ../../mebp/mebp-02.dat)
