New best solution in iteration 0: 1.8343784066103058E9
New best solution in iteration 12: 8.947744564627249E8
AVG (iterations 0 to 20): 2.486535425906115E9
AVG (iterations 20 to 40): 2.3639190413067594E9
New best solution in iteration 48: 8.869088629527256E8
AVG (iterations 40 to 60): 2.0339799204210021E9
AVG (iterations 60 to 80): 2.2925959090826893E9
New best solution in iteration 96: 7.466818142106334E8
AVG (iterations 80 to 100): 1.811731340873035E9
AVG (iterations 100 to 120): 2.1743252030017447E9
AVG (iterations 120 to 140): 1.9278628240409622E9
New best solution in iteration 149: 5.728035461775992E8
New best solution in iteration 157: 5.44786644751316E8
AVG (iterations 140 to 160): 1.5460715924853694E9
New best solution in iteration 164: 1.3203692889365806E8
New best solution in iteration 174: 1.0800801261623822E8
AVG (iterations 160 to 180): 5.205936529304954E8
New best solution in iteration 183: 6.1561198972552486E7
New best solution in iteration 186: 5.9661204027272835E7
New best solution in iteration 189: 5.313858074707884E7
New best solution in iteration 191: 4.3185049433315E7
AVG (iterations 180 to 200): 9.069965587206855E7
New best solution in iteration 204: 4.20467719409695E7
AVG (iterations 200 to 220): 4.744473098401886E7
New best solution in iteration 222: 4.182476686301301E7
AVG (iterations 220 to 240): 4.590634332641692E7
New best solution in iteration 242: 4.119038054934271E7
New best solution in iteration 249: 4.1040804100597754E7
New best solution in iteration 252: 3.87628126410983E7
New best solution in iteration 260: 3.796648235123191E7
AVG (iterations 240 to 260): 4.253671047582104E7
AVG (iterations 260 to 280): 4.242128623578043E7
New best solution in iteration 292: 3.712875517914873E7
AVG (iterations 280 to 300): 4.080453069192839E7
AVG (iterations 300 to 320): 4.0201757487847246E7
AVG (iterations 320 to 340): 4.0880739985188976E7
New best solution in iteration 343: 3.615507325735674E7
AVG (iterations 340 to 360): 3.899317210356785E7
AVG (iterations 360 to 380): 4.025770461384038E7
AVG (iterations 380 to 400): 4.009518241858247E7
AVG (iterations 400 to 420): 3.933686683715555E7
New best solution in iteration 435: 3.581573044499694E7
AVG (iterations 420 to 440): 3.884060552242086E7
AVG (iterations 440 to 460): 3.99266157799022E7
AVG (iterations 460 to 480): 4.024796511464198E7
AVG (iterations 480 to 500): 3.96512662556311E7
New best solution in iteration 514: 3.520928645246922E7
AVG (iterations 500 to 520): 3.861846240468703E7
AVG (iterations 520 to 540): 3.9814764915846795E7
AVG (iterations 540 to 560): 4.0134322220799856E7
AVG (iterations 560 to 580): 3.9517761786887825E7
AVG (iterations 580 to 600): 3.871666916733096E7
AVG (iterations 600 to 620): 3.971986835568596E7
AVG (iterations 620 to 640): 3.8670674473440595E7
AVG (iterations 640 to 660): 3.946098273744563E7
AVG (iterations 660 to 680): 3.911252703891451E7
AVG (iterations 680 to 700): 3.882955143489923E7
AVG (iterations 700 to 720): 3.915991180281681E7
AVG (iterations 720 to 740): 3.843034822866822E7
AVG (iterations 740 to 760): 3.859456407506559E7
AVG (iterations 760 to 780): 3.8148259092848584E7
AVG (iterations 780 to 800): 3.894941602264047E7
AVG (iterations 800 to 820): 3.923119845363028E7
AVG (iterations 820 to 840): 3.963280678757674E7
AVG (iterations 840 to 860): 3.898654531419426E7
AVG (iterations 860 to 880): 3.909441084175665E7
AVG (iterations 880 to 900): 3.840338407329765E7
AVG (iterations 900 to 920): 3.857528070849742E7
AVG (iterations 920 to 940): 3.940290611536784E7
AVG (iterations 940 to 960): 3.9176978154640436E7
AVG (iterations 960 to 980): 3.8947672996001095E7
Solution from ACO:
0 (92.4224) --> [60, 33]
1 --> []
2 (74.1257) --> [63, 149]
3 (46.8948) --> [94, 106]
4 (48.2812) --> [23]
5 --> []
6 (35.8099) --> [183, 184, 40]
7 --> []
8 (134.9275) --> [89, 134]
9 (66.1330) --> [188]
10 (55.4588) --> [61, 82]
11 (48.8867) --> [161, 31]
12 (86.9096) --> [54, 21, 52]
13 (43.4920) --> [83, 103]
14 (20.6043) --> [96]
15 (77.3147) --> [158, 120]
16 --> []
17 --> []
18 --> []
19 (15.8589) --> [80]
20 (54.2274) --> [29]
21 (27.9495) --> [196]
22 (46.4393) --> [198]
23 (69.4470) --> [17, 72]
24 (33.4853) --> [35]
25 (62.2530) --> [38]
26 --> []
27 (23.9513) --> [160]
28 (90.7262) --> [76]
29 (57.0992) --> [122]
30 (14.4783) --> [78]
31 --> []
32 (68.4825) --> [48]
33 (79.4878) --> [88, 57]
34 (22.8446) --> [87]
35 (47.2239) --> [6]
36 --> []
37 --> []
38 --> []
39 (42.5508) --> [165]
40 (20.4670) --> [115]
41 --> []
42 (64.0796) --> [148]
43 (66.0053) --> [16]
44 (68.8528) --> [123]
45 (89.9774) --> [30, 146]
46 (49.6252) --> [181, 177]
47 --> []
48 (21.0803) --> [62]
49 (33.0435) --> [42]
50 (47.9093) --> [191]
51 (54.0073) --> [43]
52 (19.7954) --> [124]
53 (38.5809) --> [58]
54 (63.5472) --> [168, 108]
55 --> []
56 (90.1731) --> [143]
57 (83.0220) --> [119]
58 (125.5843) --> [81, 152, 141]
59 (44.3164) --> [7, 8]
60 (50.7539) --> [56, 135]
61 (22.3227) --> [195]
62 (44.0440) --> [95]
63 (72.0424) --> [138, 131]
64 (57.5150) --> [77, 46]
65 --> []
66 (65.3439) --> [139, 147]
67 --> []
68 (106.5386) --> [154, 65]
69 (58.8866) --> [159]
70 (28.1902) --> [186, 75]
71 --> []
72 (53.4510) --> [153]
73 (38.8995) --> [64]
74 (65.3835) --> [107]
75 (65.5632) --> [150]
76 --> []
77 --> []
78 (93.8780) --> [144, 182, 140]
79 (88.6071) --> [117]
80 (76.2024) --> [93]
81 (70.3255) --> [9, 178]
82 (37.4534) --> [41]
83 --> []
84 --> []
85 --> []
86 (63.3932) --> [104]
87 (12.5483) --> [136]
88 --> []
89 (60.2494) --> [110]
90 --> []
91 (44.2302) --> [166]
92 (43.0623) --> [111, 51]
93 --> []
94 (31.8831) --> [157, 32]
95 --> []
96 (72.4909) --> [173, 13]
97 --> []
98 (50.4339) --> [59]
99 (40.2091) --> [199]
100 --> []
101 (50.5707) --> [100, 24]
102 --> []
103 (77.2884) --> [118]
104 (47.5087) --> [145, 28]
105 (32.0778) --> [163]
106 (56.5677) --> [192, 169]
107 (64.9524) --> [11]
108 --> []
109 (55.9466) --> [53]
110 (46.8118) --> [176]
111 (65.3760) --> [66]
112 --> []
113 (40.5663) --> [156]
114 (66.0287) --> [49]
115 (47.2802) --> [44]
116 (24.3799) --> [74]
117 (50.1890) --> [164, 22]
118 (51.3034) --> [15]
119 (43.1406) --> [129]
120 --> []
121 --> []
122 --> []
123 (16.6104) --> [5]
124 --> []
125 (50.4661) --> [55, 14]
126 (53.5081) --> [4]
127 (6.3597) --> [84]
128 (101.7989) --> [190, 151]
129 (39.7410) --> [91, 69]
130 (100.7948) --> [167, 105]
131 (60.1896) --> [126]
132 (47.7478) --> [79, 18]
133 (20.8680) --> [185]
134 --> []
135 (54.3552) --> [68]
136 (14.1887) --> [128]
137 (10.9882) --> [179]
138 (69.2897) --> [92, 90]
139 (39.6079) --> [187]
140 (84.3818) --> [113, 172]
141 --> []
142 --> []
143 --> []
144 --> []
145 (30.5363) --> [19]
146 (83.4053) --> [127, 25]
147 --> []
148 --> []
149 (110.3514) --> [1, 98]
150 (25.9810) --> [130]
151 --> []
152 (57.1592) --> [125]
153 --> []
154 (58.0984) --> [194]
155 (45.9111) --> [12, 27]
156 (50.9969) --> [132]
157 (47.5557) --> [142]
158 (87.3771) --> [10]
159 (62.4364) --> [109, 170, 162]
160 --> []
161 --> []
162 (51.1143) --> [114]
163 (26.2115) --> [197]
164 (36.0075) --> [37, 189]
165 (31.7030) --> [133, 70]
166 --> []
167 (62.5631) --> [97]
168 --> []
169 (22.0641) --> [99]
170 (9.7939) --> [121]
171 (57.1881) --> [36, 85]
172 --> []
173 (18.4900) --> [73]
174 (43.4024) --> [2]
175 (34.8910) --> [50]
176 (69.2774) --> [155, 47]
177 --> []
178 --> []
179 (44.4657) --> [171]
180 (15.7677) --> [175]
181 --> []
182 --> []
183 --> []
184 (67.9929) --> [180]
185 (80.4002) --> [3]
186 --> []
187 (13.6428) --> [101]
188 (44.1699) --> [20]
189 (47.3489) --> [102, 34]
190 (29.0837) --> [86]
191 --> []
192 --> []
193 --> []
194 (59.7647) --> [45, 137]
195 (68.4925) --> [112, 174]
196 (97.0617) --> [67, 71]
197 (40.9359) --> [26]
198 (38.2585) --> [39]
199 (39.7958) --> [193, 116]

Solution energy from ACO: 3.520928645246922E7
trying to improve with local search...
final Solution:
0 (109.0526) --> [33, 143]
1 --> []
2 (74.1257) --> [63, 149]
3 (46.8948) --> [94, 106]
4 (48.2812) --> [23]
5 --> []
6 (35.8099) --> [183, 184, 40]
7 --> []
8 (134.9275) --> [89, 134]
9 (66.1330) --> [188]
10 (55.4588) --> [61, 82]
11 (48.8867) --> [161, 31]
12 (86.9096) --> [54, 21, 52]
13 (43.4920) --> [83, 103]
14 (20.6043) --> [96]
15 (77.3147) --> [158, 120]
16 --> []
17 --> []
18 --> []
19 (15.8589) --> [80]
20 (54.2274) --> [29]
21 (27.9495) --> [196]
22 (46.4393) --> [198]
23 (69.4470) --> [17, 72]
24 (33.4853) --> [35]
25 (62.2530) --> [38]
26 --> []
27 (39.5143) --> [12]
28 (90.7262) --> [76]
29 (57.0992) --> [122]
30 (14.4783) --> [78]
31 --> []
32 (69.7924) --> [95]
33 (79.4878) --> [88, 57]
34 (22.8446) --> [87]
35 (47.2239) --> [6]
36 --> []
37 --> []
38 --> []
39 (42.5508) --> [165]
40 (20.4670) --> [115]
41 --> []
42 (64.0796) --> [148]
43 (66.0053) --> [16]
44 (68.8528) --> [123]
45 (89.9774) --> [30, 146]
46 (49.6252) --> [181, 177]
47 --> []
48 (21.0803) --> [62]
49 (33.0435) --> [42]
50 (47.9093) --> [191]
51 (54.0073) --> [43]
52 (19.7954) --> [124]
53 (38.5809) --> [58]
54 (63.5472) --> [168, 108]
55 --> []
56 (42.6093) --> [60]
57 (83.0220) --> [119]
58 (125.5843) --> [81, 152, 141]
59 (44.3164) --> [7, 8]
60 (50.7539) --> [56, 135]
61 (22.3227) --> [195]
62 (21.0803) --> [48]
63 (72.0424) --> [138, 131]
64 (50.3146) --> [77, 173]
65 --> []
66 (65.3439) --> [139, 147]
67 --> []
68 (106.5386) --> [154, 65]
69 (58.8866) --> [159]
70 (28.1902) --> [186, 75]
71 --> []
72 (53.4510) --> [153]
73 (38.8995) --> [64]
74 (65.3835) --> [107]
75 (65.5632) --> [150]
76 --> []
77 --> []
78 (93.8780) --> [144, 182, 140]
79 (88.6071) --> [117]
80 (76.2024) --> [93]
81 (70.3255) --> [9, 178]
82 (37.4534) --> [41]
83 --> []
84 --> []
85 --> []
86 (63.3932) --> [104]
87 (12.5483) --> [136]
88 --> []
89 (60.2494) --> [110]
90 --> []
91 (44.2302) --> [166]
92 (43.0623) --> [111, 51]
93 --> []
94 (31.8831) --> [157, 32]
95 --> []
96 (72.4909) --> [13, 46]
97 --> []
98 (50.4339) --> [59]
99 (40.2091) --> [199]
100 --> []
101 (50.5707) --> [100, 24]
102 --> []
103 (77.2884) --> [118]
104 (47.5087) --> [145, 28]
105 (32.0778) --> [163]
106 (56.5677) --> [192, 169]
107 (64.9524) --> [11]
108 --> []
109 (55.9466) --> [53]
110 (46.8118) --> [176]
111 (65.3760) --> [66]
112 --> []
113 (40.5663) --> [156]
114 (66.0287) --> [49]
115 (47.2802) --> [44]
116 (24.3799) --> [74]
117 (50.1890) --> [164, 22]
118 (51.3034) --> [15]
119 (43.1406) --> [129]
120 --> []
121 --> []
122 --> []
123 (16.6104) --> [5]
124 --> []
125 (50.4661) --> [55, 14]
126 (53.5081) --> [4]
127 (6.3597) --> [84]
128 (101.7989) --> [190, 151]
129 (39.7410) --> [91, 69]
130 (100.7948) --> [167, 105]
131 (60.1896) --> [126]
132 (47.7478) --> [79, 18]
133 (20.8680) --> [185]
134 --> []
135 (54.3552) --> [68]
136 (14.1887) --> [128]
137 (10.9882) --> [179]
138 (69.2897) --> [92, 90]
139 (39.6079) --> [187]
140 (84.3818) --> [113, 172]
141 --> []
142 --> []
143 --> []
144 --> []
145 (30.5363) --> [19]
146 (83.4053) --> [127, 25]
147 --> []
148 --> []
149 (110.3514) --> [1, 98]
150 (25.9810) --> [130]
151 --> []
152 (57.1592) --> [125]
153 --> []
154 (58.0984) --> [194]
155 (29.5805) --> [27, 160]
156 (50.9969) --> [132]
157 (47.5557) --> [142]
158 (87.3771) --> [10]
159 (62.4364) --> [109, 170, 162]
160 --> []
161 --> []
162 (51.1143) --> [114]
163 (26.2115) --> [197]
164 (36.0075) --> [37, 189]
165 (31.7030) --> [133, 70]
166 --> []
167 (62.5631) --> [97]
168 --> []
169 (22.0641) --> [99]
170 (9.7939) --> [121]
171 (57.1881) --> [36, 85]
172 --> []
173 (18.4900) --> [73]
174 (43.4024) --> [2]
175 (34.8910) --> [50]
176 (69.2774) --> [155, 47]
177 --> []
178 --> []
179 (44.4657) --> [171]
180 (15.7677) --> [175]
181 --> []
182 --> []
183 --> []
184 (67.9929) --> [180]
185 (80.4002) --> [3]
186 --> []
187 (13.6428) --> [101]
188 (44.1699) --> [20]
189 (47.3489) --> [102, 34]
190 (29.0837) --> [86]
191 --> []
192 --> []
193 --> []
194 (59.7647) --> [45, 137]
195 (68.4925) --> [112, 174]
196 (97.0617) --> [67, 71]
197 (40.9359) --> [26]
198 (38.2585) --> [39]
199 (39.7958) --> [193, 116]

final Solution energy: 3.4917770328156196E7
Calculated in 29517ms
Ants=1000, alpha=0.6, beta=3.0, evaporate factor=0.07
(for ../../mebp/mebp-08.dat)
